[2025-05-28T02:33:49.931+0000] {local_task_job_runner.py:123} INFO - ::group::Pre task execution logs
[2025-05-28T02:33:50.106+0000] {taskinstance.py:2612} INFO - Dependencies all met for dep_context=non-requeueable deps ti=<TaskInstance: bash_dag.print_hello scheduled__2025-05-21T00:00:00+00:00 [queued]>
[2025-05-28T02:33:50.139+0000] {taskinstance.py:2612} INFO - Dependencies all met for dep_context=requeueable deps ti=<TaskInstance: bash_dag.print_hello scheduled__2025-05-21T00:00:00+00:00 [queued]>
[2025-05-28T02:33:50.139+0000] {taskinstance.py:2865} INFO - Starting attempt 1 of 2
[2025-05-28T02:33:50.234+0000] {taskinstance.py:2888} INFO - Executing <Task(BashOperator): print_hello> on 2025-05-21 00:00:00+00:00
[2025-05-28T02:33:50.327+0000] {logging_mixin.py:190} WARNING - /home/***/.local/lib/python3.12/site-packages/***/task/task_runner/standard_task_runner.py:70 DeprecationWarning: This process (pid=1535) is multi-threaded, use of fork() may lead to deadlocks in the child.
[2025-05-28T02:33:50.339+0000] {standard_task_runner.py:72} INFO - Started process 1544 to run task
[2025-05-28T02:33:50.325+0000] {standard_task_runner.py:104} INFO - Running: ['***', 'tasks', 'run', 'bash_dag', 'print_hello', 'scheduled__2025-05-21T00:00:00+00:00', '--job-id', '20', '--raw', '--subdir', 'DAGS_FOLDER/Sesion2/Ejemplo3.py', '--cfg-path', '/tmp/tmpqdpnfgq_']
[2025-05-28T02:33:50.349+0000] {standard_task_runner.py:105} INFO - Job 20: Subtask print_hello
[2025-05-28T02:33:50.498+0000] {logging_mixin.py:190} WARNING - /home/***/.local/lib/python3.12/site-packages/***/settings.py:209 DeprecationWarning: The sql_alchemy_conn option in [core] has been moved to the sql_alchemy_conn option in [database] - the old setting has been used, but please update your config.
[2025-05-28T02:33:50.783+0000] {task_command.py:467} INFO - Running <TaskInstance: bash_dag.print_hello scheduled__2025-05-21T00:00:00+00:00 [running]> on host 31d54648d280
[2025-05-28T02:33:50.820+0000] {logging_mixin.py:190} WARNING - /home/***/.local/lib/python3.12/site-packages/***/settings.py:470 DeprecationWarning: The sql_alchemy_conn option in [core] has been moved to the sql_alchemy_conn option in [database] - the old setting has been used, but please update your config.
[2025-05-28T02:33:51.992+0000] {taskinstance.py:3131} INFO - Exporting env vars: AIRFLOW_CTX_DAG_OWNER='***' AIRFLOW_CTX_DAG_ID='bash_dag' AIRFLOW_CTX_TASK_ID='print_hello' AIRFLOW_CTX_EXECUTION_DATE='2025-05-21T00:00:00+00:00' AIRFLOW_CTX_TRY_NUMBER='1' AIRFLOW_CTX_DAG_RUN_ID='scheduled__2025-05-21T00:00:00+00:00'
[2025-05-28T02:33:51.998+0000] {taskinstance.py:731} INFO - ::endgroup::
[2025-05-28T02:33:52.409+0000] {subprocess.py:63} INFO - Tmp dir root location: /tmp
[2025-05-28T02:33:52.438+0000] {subprocess.py:75} INFO - Running command: ['/usr/bin/bash', '-c', 'echo "Hello World!"']
[2025-05-28T02:33:52.694+0000] {subprocess.py:86} INFO - Output:
[2025-05-28T02:33:52.719+0000] {subprocess.py:93} INFO - Hello World!
[2025-05-28T02:33:52.720+0000] {subprocess.py:97} INFO - Command exited with return code 0
[2025-05-28T02:33:53.024+0000] {taskinstance.py:340} INFO - ::group::Post task execution logs
[2025-05-28T02:33:53.036+0000] {taskinstance.py:352} INFO - Marking task as SUCCESS. dag_id=bash_dag, task_id=print_hello, run_id=scheduled__2025-05-21T00:00:00+00:00, execution_date=20250521T000000, start_date=20250528T023350, end_date=20250528T023353
[2025-05-28T02:33:53.555+0000] {local_task_job_runner.py:266} INFO - Task exited with return code 0
[2025-05-28T02:33:53.698+0000] {taskinstance.py:3900} INFO - 0 downstream tasks scheduled from follow-on schedule check
[2025-05-28T02:33:53.713+0000] {local_task_job_runner.py:245} INFO - ::endgroup::
