[2025-06-04T02:40:07.971+0000] {local_task_job_runner.py:123} INFO - ::group::Pre task execution logs
[2025-06-04T02:40:07.984+0000] {taskinstance.py:2612} INFO - Dependencies all met for dep_context=non-requeueable deps ti=<TaskInstance: etl_with_variables_1.run_etl_process manual__2025-06-04T02:40:06.884359+00:00 [queued]>
[2025-06-04T02:40:07.990+0000] {taskinstance.py:2612} INFO - Dependencies all met for dep_context=requeueable deps ti=<TaskInstance: etl_with_variables_1.run_etl_process manual__2025-06-04T02:40:06.884359+00:00 [queued]>
[2025-06-04T02:40:07.991+0000] {taskinstance.py:2865} INFO - Starting attempt 1 of 1
[2025-06-04T02:40:08.001+0000] {taskinstance.py:2888} INFO - Executing <Task(PythonOperator): run_etl_process> on 2025-06-04 02:40:06.884359+00:00
[2025-06-04T02:40:08.010+0000] {logging_mixin.py:190} WARNING - /home/***/.local/lib/python3.12/site-packages/***/task/task_runner/standard_task_runner.py:70 DeprecationWarning: This process (pid=22288) is multi-threaded, use of fork() may lead to deadlocks in the child.
[2025-06-04T02:40:08.011+0000] {standard_task_runner.py:72} INFO - Started process 22290 to run task
[2025-06-04T02:40:08.011+0000] {standard_task_runner.py:104} INFO - Running: ['***', 'tasks', 'run', 'etl_with_variables_1', 'run_etl_process', 'manual__2025-06-04T02:40:06.884359+00:00', '--job-id', '303', '--raw', '--subdir', 'DAGS_FOLDER/Sesion5/DAG_variables_1.py', '--cfg-path', '/tmp/tmp3o3s5cjp']
[2025-06-04T02:40:08.013+0000] {standard_task_runner.py:105} INFO - Job 303: Subtask run_etl_process
[2025-06-04T02:40:08.024+0000] {logging_mixin.py:190} WARNING - /home/***/.local/lib/python3.12/site-packages/***/settings.py:209 DeprecationWarning: The sql_alchemy_conn option in [core] has been moved to the sql_alchemy_conn option in [database] - the old setting has been used, but please update your config.
[2025-06-04T02:40:08.050+0000] {task_command.py:467} INFO - Running <TaskInstance: etl_with_variables_1.run_etl_process manual__2025-06-04T02:40:06.884359+00:00 [running]> on host 31d54648d280
[2025-06-04T02:40:08.123+0000] {taskinstance.py:3131} INFO - Exporting env vars: AIRFLOW_CTX_DAG_OWNER='***' AIRFLOW_CTX_DAG_ID='etl_with_variables_1' AIRFLOW_CTX_TASK_ID='run_etl_process' AIRFLOW_CTX_EXECUTION_DATE='2025-06-04T02:40:06.884359+00:00' AIRFLOW_CTX_TRY_NUMBER='1' AIRFLOW_CTX_DAG_RUN_ID='manual__2025-06-04T02:40:06.884359+00:00'
[2025-06-04T02:40:08.124+0000] {taskinstance.py:731} INFO - ::endgroup::
[2025-06-04T02:40:08.170+0000] {logging_mixin.py:190} INFO - Archivo cargado correctamente: /opt/***/dags/Sesion5/data//file_input.csv
[2025-06-04T02:40:08.171+0000] {logging_mixin.py:190} INFO - Procesando 20 filas
[2025-06-04T02:40:08.173+0000] {logging_mixin.py:190} INFO - Datos transformados: 20 filas
[2025-06-04T02:40:08.177+0000] {logging_mixin.py:190} INFO - Archivo de salida guardado en: /opt/***/dags/Sesion5/data/output.csv
[2025-06-04T02:40:08.179+0000] {logging_mixin.py:190} INFO - 2024-03-12_10:00:00    2024-03-12 10:05:00
sensor1                            sensor2
20.5                                  18.3
Name: 0, dtype: object
[2025-06-04T02:40:08.180+0000] {python.py:240} INFO - Done. Returned value was: None
[2025-06-04T02:40:08.191+0000] {taskinstance.py:340} INFO - ::group::Post task execution logs
[2025-06-04T02:40:08.191+0000] {taskinstance.py:352} INFO - Marking task as SUCCESS. dag_id=etl_with_variables_1, task_id=run_etl_process, run_id=manual__2025-06-04T02:40:06.884359+00:00, execution_date=20250604T024006, start_date=20250604T024007, end_date=20250604T024008
[2025-06-04T02:40:08.226+0000] {local_task_job_runner.py:266} INFO - Task exited with return code 0
[2025-06-04T02:40:08.240+0000] {taskinstance.py:3900} INFO - 0 downstream tasks scheduled from follow-on schedule check
[2025-06-04T02:40:08.241+0000] {local_task_job_runner.py:245} INFO - ::endgroup::
