[2025-06-04T01:45:44.959+0000] {local_task_job_runner.py:123} INFO - ::group::Pre task execution logs
[2025-06-04T01:45:44.976+0000] {taskinstance.py:2612} INFO - Dependencies all met for dep_context=non-requeueable deps ti=<TaskInstance: ejemplo_bash_dag_s5.write_to_file manual__2025-06-04T01:45:40.882131+00:00 [queued]>
[2025-06-04T01:45:44.985+0000] {taskinstance.py:2612} INFO - Dependencies all met for dep_context=requeueable deps ti=<TaskInstance: ejemplo_bash_dag_s5.write_to_file manual__2025-06-04T01:45:40.882131+00:00 [queued]>
[2025-06-04T01:45:44.985+0000] {taskinstance.py:2865} INFO - Starting attempt 1 of 3
[2025-06-04T01:45:44.997+0000] {taskinstance.py:2888} INFO - Executing <Task(BashOperator): write_to_file> on 2025-06-04 01:45:40.882131+00:00
[2025-06-04T01:45:45.006+0000] {standard_task_runner.py:104} INFO - Running: ['***', 'tasks', 'run', 'ejemplo_bash_dag_s5', 'write_to_file', 'manual__2025-06-04T01:45:40.882131+00:00', '--job-id', '297', '--raw', '--subdir', 'DAGS_FOLDER/Sesion5/DAG_bash_s5.py', '--cfg-path', '/tmp/tmpw3p915jp']
[2025-06-04T01:45:45.008+0000] {standard_task_runner.py:105} INFO - Job 297: Subtask write_to_file
[2025-06-04T01:45:45.006+0000] {logging_mixin.py:190} WARNING - /home/***/.local/lib/python3.12/site-packages/***/task/task_runner/standard_task_runner.py:70 DeprecationWarning: This process (pid=12901) is multi-threaded, use of fork() may lead to deadlocks in the child.
[2025-06-04T01:45:45.010+0000] {standard_task_runner.py:72} INFO - Started process 12902 to run task
[2025-06-04T01:45:45.023+0000] {logging_mixin.py:190} WARNING - /home/***/.local/lib/python3.12/site-packages/***/settings.py:209 DeprecationWarning: The sql_alchemy_conn option in [core] has been moved to the sql_alchemy_conn option in [database] - the old setting has been used, but please update your config.
[2025-06-04T01:45:45.052+0000] {task_command.py:467} INFO - Running <TaskInstance: ejemplo_bash_dag_s5.write_to_file manual__2025-06-04T01:45:40.882131+00:00 [running]> on host 31d54648d280
[2025-06-04T01:45:45.136+0000] {taskinstance.py:3131} INFO - Exporting env vars: AIRFLOW_CTX_DAG_OWNER='***' AIRFLOW_CTX_DAG_ID='ejemplo_bash_dag_s5' AIRFLOW_CTX_TASK_ID='write_to_file' AIRFLOW_CTX_EXECUTION_DATE='2025-06-04T01:45:40.882131+00:00' AIRFLOW_CTX_TRY_NUMBER='1' AIRFLOW_CTX_DAG_RUN_ID='manual__2025-06-04T01:45:40.882131+00:00'
[2025-06-04T01:45:45.136+0000] {taskinstance.py:731} INFO - ::endgroup::
[2025-06-04T01:45:45.152+0000] {subprocess.py:63} INFO - Tmp dir root location: /tmp
[2025-06-04T01:45:45.152+0000] {subprocess.py:75} INFO - Running command: ['/usr/bin/bash', '-c', 'echo "Contenido del archivo" > /tmp/my_dir_datapath_s5/archivo.txt']
[2025-06-04T01:45:45.164+0000] {subprocess.py:86} INFO - Output:
[2025-06-04T01:45:45.167+0000] {subprocess.py:97} INFO - Command exited with return code 0
[2025-06-04T01:45:45.191+0000] {taskinstance.py:340} INFO - ::group::Post task execution logs
[2025-06-04T01:45:45.191+0000] {taskinstance.py:352} INFO - Marking task as SUCCESS. dag_id=ejemplo_bash_dag_s5, task_id=write_to_file, run_id=manual__2025-06-04T01:45:40.882131+00:00, execution_date=20250604T014540, start_date=20250604T014544, end_date=20250604T014545
[2025-06-04T01:45:45.226+0000] {local_task_job_runner.py:266} INFO - Task exited with return code 0
[2025-06-04T01:45:45.249+0000] {taskinstance.py:3900} INFO - 1 downstream tasks scheduled from follow-on schedule check
[2025-06-04T01:45:45.251+0000] {local_task_job_runner.py:245} INFO - ::endgroup::
