[2025-05-28T02:33:51.113+0000] {local_task_job_runner.py:123} INFO - ::group::Pre task execution logs
[2025-05-28T02:33:51.214+0000] {taskinstance.py:2612} INFO - Dependencies all met for dep_context=non-requeueable deps ti=<TaskInstance: bash_dag.print_hello scheduled__2025-05-24T00:00:00+00:00 [queued]>
[2025-05-28T02:33:51.372+0000] {taskinstance.py:2612} INFO - Dependencies all met for dep_context=requeueable deps ti=<TaskInstance: bash_dag.print_hello scheduled__2025-05-24T00:00:00+00:00 [queued]>
[2025-05-28T02:33:51.373+0000] {taskinstance.py:2865} INFO - Starting attempt 1 of 2
[2025-05-28T02:33:51.672+0000] {taskinstance.py:2888} INFO - Executing <Task(BashOperator): print_hello> on 2025-05-24 00:00:00+00:00
[2025-05-28T02:33:51.794+0000] {logging_mixin.py:190} WARNING - /home/***/.local/lib/python3.12/site-packages/***/task/task_runner/standard_task_runner.py:70 DeprecationWarning: This process (pid=1542) is multi-threaded, use of fork() may lead to deadlocks in the child.
[2025-05-28T02:33:51.808+0000] {standard_task_runner.py:72} INFO - Started process 1568 to run task
[2025-05-28T02:33:51.790+0000] {standard_task_runner.py:104} INFO - Running: ['***', 'tasks', 'run', 'bash_dag', 'print_hello', 'scheduled__2025-05-24T00:00:00+00:00', '--job-id', '24', '--raw', '--subdir', 'DAGS_FOLDER/Sesion2/Ejemplo3.py', '--cfg-path', '/tmp/tmpn4v92geo']
[2025-05-28T02:33:51.831+0000] {standard_task_runner.py:105} INFO - Job 24: Subtask print_hello
[2025-05-28T02:33:51.971+0000] {logging_mixin.py:190} WARNING - /home/***/.local/lib/python3.12/site-packages/***/settings.py:209 DeprecationWarning: The sql_alchemy_conn option in [core] has been moved to the sql_alchemy_conn option in [database] - the old setting has been used, but please update your config.
[2025-05-28T02:33:52.258+0000] {task_command.py:467} INFO - Running <TaskInstance: bash_dag.print_hello scheduled__2025-05-24T00:00:00+00:00 [running]> on host 31d54648d280
[2025-05-28T02:33:52.273+0000] {logging_mixin.py:190} WARNING - /home/***/.local/lib/python3.12/site-packages/***/settings.py:470 DeprecationWarning: The sql_alchemy_conn option in [core] has been moved to the sql_alchemy_conn option in [database] - the old setting has been used, but please update your config.
[2025-05-28T02:33:52.499+0000] {taskinstance.py:3131} INFO - Exporting env vars: AIRFLOW_CTX_DAG_OWNER='***' AIRFLOW_CTX_DAG_ID='bash_dag' AIRFLOW_CTX_TASK_ID='print_hello' AIRFLOW_CTX_EXECUTION_DATE='2025-05-24T00:00:00+00:00' AIRFLOW_CTX_TRY_NUMBER='1' AIRFLOW_CTX_DAG_RUN_ID='scheduled__2025-05-24T00:00:00+00:00'
[2025-05-28T02:33:52.500+0000] {taskinstance.py:731} INFO - ::endgroup::
[2025-05-28T02:33:52.521+0000] {subprocess.py:63} INFO - Tmp dir root location: /tmp
[2025-05-28T02:33:52.522+0000] {subprocess.py:75} INFO - Running command: ['/usr/bin/bash', '-c', 'echo "Hello World!"']
[2025-05-28T02:33:52.655+0000] {subprocess.py:86} INFO - Output:
[2025-05-28T02:33:52.667+0000] {subprocess.py:93} INFO - Hello World!
[2025-05-28T02:33:52.669+0000] {subprocess.py:97} INFO - Command exited with return code 0
[2025-05-28T02:33:52.835+0000] {taskinstance.py:340} INFO - ::group::Post task execution logs
[2025-05-28T02:33:52.837+0000] {taskinstance.py:352} INFO - Marking task as SUCCESS. dag_id=bash_dag, task_id=print_hello, run_id=scheduled__2025-05-24T00:00:00+00:00, execution_date=20250524T000000, start_date=20250528T023351, end_date=20250528T023352
[2025-05-28T02:33:53.088+0000] {local_task_job_runner.py:266} INFO - Task exited with return code 0
[2025-05-28T02:33:53.143+0000] {local_task_job_runner.py:245} INFO - ::endgroup::
