[2025-05-30T00:15:59.861+0000] {local_task_job_runner.py:123} INFO - ::group::Pre task execution logs
[2025-05-30T00:16:00.114+0000] {taskinstance.py:2612} INFO - Dependencies all met for dep_context=non-requeueable deps ti=<TaskInstance: dag_2.wait_for_dag1 scheduled__2025-05-28T00:00:00+00:00 [queued]>
[2025-05-30T00:16:00.286+0000] {taskinstance.py:2612} INFO - Dependencies all met for dep_context=requeueable deps ti=<TaskInstance: dag_2.wait_for_dag1 scheduled__2025-05-28T00:00:00+00:00 [queued]>
[2025-05-30T00:16:00.294+0000] {taskinstance.py:2865} INFO - Starting attempt 1 of 2
[2025-05-30T00:16:00.528+0000] {taskinstance.py:2888} INFO - Executing <Task(ExternalTaskSensor): wait_for_dag1> on 2025-05-28 00:00:00+00:00
[2025-05-30T00:16:00.700+0000] {standard_task_runner.py:104} INFO - Running: ['***', 'tasks', 'run', 'dag_2', 'wait_for_dag1', 'scheduled__2025-05-28T00:00:00+00:00', '--job-id', '38', '--raw', '--subdir', 'DAGS_FOLDER/Sesion2/Ejemplo5.py', '--cfg-path', '/tmp/tmpn_w8lbq2']
[2025-05-30T00:16:00.657+0000] {logging_mixin.py:190} WARNING - /home/***/.local/lib/python3.12/site-packages/***/task/task_runner/standard_task_runner.py:70 DeprecationWarning: This process (pid=167) is multi-threaded, use of fork() may lead to deadlocks in the child.
[2025-05-30T00:16:00.728+0000] {standard_task_runner.py:72} INFO - Started process 184 to run task
[2025-05-30T00:16:00.712+0000] {standard_task_runner.py:105} INFO - Job 38: Subtask wait_for_dag1
[2025-05-30T00:16:00.841+0000] {logging_mixin.py:190} WARNING - /home/***/.local/lib/python3.12/site-packages/***/settings.py:209 DeprecationWarning: The sql_alchemy_conn option in [core] has been moved to the sql_alchemy_conn option in [database] - the old setting has been used, but please update your config.
[2025-05-30T00:16:01.174+0000] {task_command.py:467} INFO - Running <TaskInstance: dag_2.wait_for_dag1 scheduled__2025-05-28T00:00:00+00:00 [running]> on host 31d54648d280
[2025-05-30T00:16:01.188+0000] {logging_mixin.py:190} WARNING - /home/***/.local/lib/python3.12/site-packages/***/settings.py:470 DeprecationWarning: The sql_alchemy_conn option in [core] has been moved to the sql_alchemy_conn option in [database] - the old setting has been used, but please update your config.
[2025-05-30T00:16:02.027+0000] {taskinstance.py:3131} INFO - Exporting env vars: AIRFLOW_CTX_DAG_OWNER='***' AIRFLOW_CTX_DAG_ID='dag_2' AIRFLOW_CTX_TASK_ID='wait_for_dag1' AIRFLOW_CTX_EXECUTION_DATE='2025-05-28T00:00:00+00:00' AIRFLOW_CTX_TRY_NUMBER='1' AIRFLOW_CTX_DAG_RUN_ID='scheduled__2025-05-28T00:00:00+00:00'
[2025-05-30T00:16:02.028+0000] {taskinstance.py:731} INFO - ::endgroup::
[2025-05-30T00:16:02.249+0000] {baseoperator.py:405} WARNING - ExternalTaskSensor.execute cannot be called outside TaskInstance!
[2025-05-30T00:16:02.250+0000] {external_task.py:258} INFO - Poking for tasks ['end'] in dag dag_1 on 2025-05-28T00:00:00+00:00 ... 
[2025-05-30T00:16:02.252+0000] {logging_mixin.py:190} WARNING - /home/***/.local/lib/python3.12/site-packages/***/utils/session.py:97 DeprecationWarning: This method is deprecated and will be removed in future.
[2025-05-30T00:16:02.302+0000] {base.py:336} INFO - Success criteria met. Exiting.
[2025-05-30T00:16:02.385+0000] {taskinstance.py:340} INFO - ::group::Post task execution logs
[2025-05-30T00:16:02.386+0000] {taskinstance.py:352} INFO - Marking task as SUCCESS. dag_id=dag_2, task_id=wait_for_dag1, run_id=scheduled__2025-05-28T00:00:00+00:00, execution_date=20250528T000000, start_date=20250530T001600, end_date=20250530T001602
[2025-05-30T00:16:02.465+0000] {local_task_job_runner.py:266} INFO - Task exited with return code 0
[2025-05-30T00:16:02.558+0000] {taskinstance.py:3900} INFO - 0 downstream tasks scheduled from follow-on schedule check
[2025-05-30T00:16:02.578+0000] {local_task_job_runner.py:245} INFO - ::endgroup::
