[2025-06-04T00:56:06.195+0000] {local_task_job_runner.py:123} INFO - ::group::Pre task execution logs
[2025-06-04T00:56:06.246+0000] {taskinstance.py:2612} INFO - Dependencies all met for dep_context=non-requeueable deps ti=<TaskInstance: consumer_dag_S5_ej2_1.consume_data_dag_S5_ej2_1 dataset_triggered__2025-06-04T00:56:05.127035+00:00 [queued]>
[2025-06-04T00:56:06.261+0000] {taskinstance.py:2612} INFO - Dependencies all met for dep_context=requeueable deps ti=<TaskInstance: consumer_dag_S5_ej2_1.consume_data_dag_S5_ej2_1 dataset_triggered__2025-06-04T00:56:05.127035+00:00 [queued]>
[2025-06-04T00:56:06.261+0000] {taskinstance.py:2865} INFO - Starting attempt 1 of 1
[2025-06-04T00:56:06.290+0000] {taskinstance.py:2888} INFO - Executing <Task(PythonOperator): consume_data_dag_S5_ej2_1> on 2025-06-04 00:56:05.127035+00:00
[2025-06-04T00:56:06.309+0000] {logging_mixin.py:190} WARNING - /home/***/.local/lib/python3.12/site-packages/***/task/task_runner/standard_task_runner.py:70 DeprecationWarning: This process (pid=5174) is multi-threaded, use of fork() may lead to deadlocks in the child.
[2025-06-04T00:56:06.311+0000] {standard_task_runner.py:72} INFO - Started process 5175 to run task
[2025-06-04T00:56:06.308+0000] {standard_task_runner.py:104} INFO - Running: ['***', 'tasks', 'run', 'consumer_dag_S5_ej2_1', 'consume_data_dag_S5_ej2_1', 'dataset_triggered__2025-06-04T00:56:05.127035+00:00', '--job-id', '246', '--raw', '--subdir', 'DAGS_FOLDER/Sesion5/Dataset_S5_2.py', '--cfg-path', '/tmp/tmpkvjslwbb']
[2025-06-04T00:56:06.313+0000] {standard_task_runner.py:105} INFO - Job 246: Subtask consume_data_dag_S5_ej2_1
[2025-06-04T00:56:06.355+0000] {logging_mixin.py:190} WARNING - /home/***/.local/lib/python3.12/site-packages/***/settings.py:209 DeprecationWarning: The sql_alchemy_conn option in [core] has been moved to the sql_alchemy_conn option in [database] - the old setting has been used, but please update your config.
[2025-06-04T00:56:06.435+0000] {task_command.py:467} INFO - Running <TaskInstance: consumer_dag_S5_ej2_1.consume_data_dag_S5_ej2_1 dataset_triggered__2025-06-04T00:56:05.127035+00:00 [running]> on host 31d54648d280
[2025-06-04T00:56:06.439+0000] {logging_mixin.py:190} WARNING - /home/***/.local/lib/python3.12/site-packages/***/settings.py:470 DeprecationWarning: The sql_alchemy_conn option in [core] has been moved to the sql_alchemy_conn option in [database] - the old setting has been used, but please update your config.
[2025-06-04T00:56:06.660+0000] {taskinstance.py:3131} INFO - Exporting env vars: AIRFLOW_CTX_DAG_OWNER='***' AIRFLOW_CTX_DAG_ID='consumer_dag_S5_ej2_1' AIRFLOW_CTX_TASK_ID='consume_data_dag_S5_ej2_1' AIRFLOW_CTX_EXECUTION_DATE='2025-06-04T00:56:05.127035+00:00' AIRFLOW_CTX_TRY_NUMBER='1' AIRFLOW_CTX_DAG_RUN_ID='dataset_triggered__2025-06-04T00:56:05.127035+00:00'
[2025-06-04T00:56:06.661+0000] {taskinstance.py:731} INFO - ::endgroup::
[2025-06-04T00:56:06.681+0000] {logging_mixin.py:190} INFO - consumer_dag_S5_ej2_1 consumió el dataset producer_dag_S5_ej2
[2025-06-04T00:56:06.681+0000] {python.py:240} INFO - Done. Returned value was: None
[2025-06-04T00:56:06.692+0000] {taskinstance.py:340} INFO - ::group::Post task execution logs
[2025-06-04T00:56:06.693+0000] {taskinstance.py:352} INFO - Marking task as SUCCESS. dag_id=consumer_dag_S5_ej2_1, task_id=consume_data_dag_S5_ej2_1, run_id=dataset_triggered__2025-06-04T00:56:05.127035+00:00, execution_date=20250604T005605, start_date=20250604T005606, end_date=20250604T005606
[2025-06-04T00:56:06.736+0000] {local_task_job_runner.py:266} INFO - Task exited with return code 0
[2025-06-04T00:56:06.760+0000] {taskinstance.py:3900} INFO - 0 downstream tasks scheduled from follow-on schedule check
[2025-06-04T00:56:06.761+0000] {local_task_job_runner.py:245} INFO - ::endgroup::
