[2025-06-04T00:33:06.715+0000] {local_task_job_runner.py:123} INFO - ::group::Pre task execution logs
[2025-06-04T00:33:06.734+0000] {taskinstance.py:2612} INFO - Dependencies all met for dep_context=non-requeueable deps ti=<TaskInstance: consumer_dag_s5.consume_data_s5 dataset_triggered__2025-06-04T00:33:05.799657+00:00 [queued]>
[2025-06-04T00:33:06.741+0000] {taskinstance.py:2612} INFO - Dependencies all met for dep_context=requeueable deps ti=<TaskInstance: consumer_dag_s5.consume_data_s5 dataset_triggered__2025-06-04T00:33:05.799657+00:00 [queued]>
[2025-06-04T00:33:06.741+0000] {taskinstance.py:2865} INFO - Starting attempt 1 of 1
[2025-06-04T00:33:06.751+0000] {taskinstance.py:2888} INFO - Executing <Task(PythonOperator): consume_data_s5> on 2025-06-04 00:33:05.799657+00:00
[2025-06-04T00:33:06.760+0000] {logging_mixin.py:190} WARNING - /home/***/.local/lib/python3.12/site-packages/***/task/task_runner/standard_task_runner.py:70 DeprecationWarning: This process (pid=2244) is multi-threaded, use of fork() may lead to deadlocks in the child.
[2025-06-04T00:33:06.761+0000] {standard_task_runner.py:72} INFO - Started process 2245 to run task
[2025-06-04T00:33:06.760+0000] {standard_task_runner.py:104} INFO - Running: ['***', 'tasks', 'run', 'consumer_dag_s5', 'consume_data_s5', 'dataset_triggered__2025-06-04T00:33:05.799657+00:00', '--job-id', '244', '--raw', '--subdir', 'DAGS_FOLDER/Sesion5/consumer_dag_dataset.py', '--cfg-path', '/tmp/tmpf8ewu9_7']
[2025-06-04T00:33:06.762+0000] {standard_task_runner.py:105} INFO - Job 244: Subtask consume_data_s5
[2025-06-04T00:33:06.774+0000] {logging_mixin.py:190} WARNING - /home/***/.local/lib/python3.12/site-packages/***/settings.py:209 DeprecationWarning: The sql_alchemy_conn option in [core] has been moved to the sql_alchemy_conn option in [database] - the old setting has been used, but please update your config.
[2025-06-04T00:33:06.800+0000] {task_command.py:467} INFO - Running <TaskInstance: consumer_dag_s5.consume_data_s5 dataset_triggered__2025-06-04T00:33:05.799657+00:00 [running]> on host 31d54648d280
[2025-06-04T00:33:06.802+0000] {logging_mixin.py:190} WARNING - /home/***/.local/lib/python3.12/site-packages/***/settings.py:470 DeprecationWarning: The sql_alchemy_conn option in [core] has been moved to the sql_alchemy_conn option in [database] - the old setting has been used, but please update your config.
[2025-06-04T00:33:06.879+0000] {taskinstance.py:3131} INFO - Exporting env vars: AIRFLOW_CTX_DAG_OWNER='***' AIRFLOW_CTX_DAG_ID='consumer_dag_s5' AIRFLOW_CTX_TASK_ID='consume_data_s5' AIRFLOW_CTX_EXECUTION_DATE='2025-06-04T00:33:05.799657+00:00' AIRFLOW_CTX_TRY_NUMBER='1' AIRFLOW_CTX_DAG_RUN_ID='dataset_triggered__2025-06-04T00:33:05.799657+00:00'
[2025-06-04T00:33:06.880+0000] {taskinstance.py:731} INFO - ::endgroup::
[2025-06-04T00:33:06.893+0000] {consumer_dag_dataset.py:12} INFO - Dataset consumido correctamente desde consumer_dag_s5.
[2025-06-04T00:33:06.893+0000] {python.py:240} INFO - Done. Returned value was: None
[2025-06-04T00:33:06.901+0000] {taskinstance.py:340} INFO - ::group::Post task execution logs
[2025-06-04T00:33:06.902+0000] {taskinstance.py:352} INFO - Marking task as SUCCESS. dag_id=consumer_dag_s5, task_id=consume_data_s5, run_id=dataset_triggered__2025-06-04T00:33:05.799657+00:00, execution_date=20250604T003305, start_date=20250604T003306, end_date=20250604T003306
[2025-06-04T00:33:06.937+0000] {local_task_job_runner.py:266} INFO - Task exited with return code 0
[2025-06-04T00:33:06.952+0000] {taskinstance.py:3900} INFO - 0 downstream tasks scheduled from follow-on schedule check
[2025-06-04T00:33:06.953+0000] {local_task_job_runner.py:245} INFO - ::endgroup::
