[2025-06-05T02:01:21.405+0000] {processor.py:186} INFO - Started process (PID=247) to work on /opt/airflow/dags/Sesion3/Ejemplo8.py
[2025-06-05T02:01:21.406+0000] {processor.py:914} INFO - Processing file /opt/airflow/dags/Sesion3/Ejemplo8.py for tasks to queue
[2025-06-05T02:01:21.409+0000] {logging_mixin.py:190} INFO - [2025-06-05T02:01:21.408+0000] {dagbag.py:588} INFO - Filling up the DagBag from /opt/airflow/dags/Sesion3/Ejemplo8.py
[2025-06-05T02:01:23.226+0000] {processor.py:925} INFO - DAG(s) 'etl_dag' retrieved from /opt/airflow/dags/Sesion3/Ejemplo8.py
[2025-06-05T02:01:23.259+0000] {logging_mixin.py:190} INFO - [2025-06-05T02:01:23.257+0000] {dag.py:3239} INFO - Sync 1 DAGs
[2025-06-05T02:01:23.289+0000] {logging_mixin.py:190} INFO - [2025-06-05T02:01:23.289+0000] {dag.py:4180} INFO - Setting next_dagrun for etl_dag to 2025-05-30 00:00:00+00:00, run_after=2025-05-31 00:00:00+00:00
[2025-06-05T02:01:23.313+0000] {processor.py:208} INFO - Processing /opt/airflow/dags/Sesion3/Ejemplo8.py took 1.916 seconds
[2025-06-05T02:01:54.898+0000] {processor.py:186} INFO - Started process (PID=362) to work on /opt/airflow/dags/Sesion3/Ejemplo8.py
[2025-06-05T02:01:54.905+0000] {processor.py:914} INFO - Processing file /opt/airflow/dags/Sesion3/Ejemplo8.py for tasks to queue
[2025-06-05T02:01:54.925+0000] {logging_mixin.py:190} INFO - [2025-06-05T02:01:54.925+0000] {dagbag.py:588} INFO - Filling up the DagBag from /opt/airflow/dags/Sesion3/Ejemplo8.py
[2025-06-05T02:01:56.782+0000] {processor.py:925} INFO - DAG(s) 'etl_dag' retrieved from /opt/airflow/dags/Sesion3/Ejemplo8.py
[2025-06-05T02:01:56.891+0000] {logging_mixin.py:190} INFO - [2025-06-05T02:01:56.889+0000] {dag.py:3239} INFO - Sync 1 DAGs
[2025-06-05T02:01:56.954+0000] {logging_mixin.py:190} INFO - [2025-06-05T02:01:56.953+0000] {dag.py:4180} INFO - Setting next_dagrun for etl_dag to 2025-05-30 00:00:00+00:00, run_after=2025-05-31 00:00:00+00:00
[2025-06-05T02:01:56.992+0000] {processor.py:208} INFO - Processing /opt/airflow/dags/Sesion3/Ejemplo8.py took 2.169 seconds
[2025-06-05T02:04:30.856+0000] {processor.py:186} INFO - Started process (PID=231) to work on /opt/airflow/dags/Sesion3/Ejemplo8.py
[2025-06-05T02:04:30.865+0000] {processor.py:914} INFO - Processing file /opt/airflow/dags/Sesion3/Ejemplo8.py for tasks to queue
[2025-06-05T02:04:30.876+0000] {logging_mixin.py:190} INFO - [2025-06-05T02:04:30.876+0000] {dagbag.py:588} INFO - Filling up the DagBag from /opt/airflow/dags/Sesion3/Ejemplo8.py
[2025-06-05T02:04:33.342+0000] {processor.py:925} INFO - DAG(s) 'etl_dag' retrieved from /opt/airflow/dags/Sesion3/Ejemplo8.py
[2025-06-05T02:04:33.428+0000] {logging_mixin.py:190} INFO - [2025-06-05T02:04:33.427+0000] {dag.py:3239} INFO - Sync 1 DAGs
[2025-06-05T02:04:33.521+0000] {logging_mixin.py:190} INFO - [2025-06-05T02:04:33.521+0000] {dag.py:4180} INFO - Setting next_dagrun for etl_dag to 2025-05-30 00:00:00+00:00, run_after=2025-05-31 00:00:00+00:00
[2025-06-05T02:04:33.589+0000] {processor.py:208} INFO - Processing /opt/airflow/dags/Sesion3/Ejemplo8.py took 2.768 seconds
[2025-06-05T02:05:03.768+0000] {processor.py:186} INFO - Started process (PID=356) to work on /opt/airflow/dags/Sesion3/Ejemplo8.py
[2025-06-05T02:05:03.768+0000] {processor.py:914} INFO - Processing file /opt/airflow/dags/Sesion3/Ejemplo8.py for tasks to queue
[2025-06-05T02:05:03.770+0000] {logging_mixin.py:190} INFO - [2025-06-05T02:05:03.770+0000] {dagbag.py:588} INFO - Filling up the DagBag from /opt/airflow/dags/Sesion3/Ejemplo8.py
[2025-06-05T02:05:04.200+0000] {processor.py:925} INFO - DAG(s) 'etl_dag' retrieved from /opt/airflow/dags/Sesion3/Ejemplo8.py
[2025-06-05T02:05:04.214+0000] {logging_mixin.py:190} INFO - [2025-06-05T02:05:04.214+0000] {dag.py:3239} INFO - Sync 1 DAGs
[2025-06-05T02:05:04.230+0000] {logging_mixin.py:190} INFO - [2025-06-05T02:05:04.230+0000] {dag.py:4180} INFO - Setting next_dagrun for etl_dag to 2025-05-30 00:00:00+00:00, run_after=2025-05-31 00:00:00+00:00
[2025-06-05T02:05:04.242+0000] {processor.py:208} INFO - Processing /opt/airflow/dags/Sesion3/Ejemplo8.py took 0.480 seconds
[2025-06-05T02:05:35.269+0000] {processor.py:186} INFO - Started process (PID=471) to work on /opt/airflow/dags/Sesion3/Ejemplo8.py
[2025-06-05T02:05:35.272+0000] {processor.py:914} INFO - Processing file /opt/airflow/dags/Sesion3/Ejemplo8.py for tasks to queue
[2025-06-05T02:05:35.278+0000] {logging_mixin.py:190} INFO - [2025-06-05T02:05:35.277+0000] {dagbag.py:588} INFO - Filling up the DagBag from /opt/airflow/dags/Sesion3/Ejemplo8.py
[2025-06-05T02:05:35.910+0000] {processor.py:925} INFO - DAG(s) 'etl_dag' retrieved from /opt/airflow/dags/Sesion3/Ejemplo8.py
[2025-06-05T02:05:35.928+0000] {logging_mixin.py:190} INFO - [2025-06-05T02:05:35.928+0000] {dag.py:3239} INFO - Sync 1 DAGs
[2025-06-05T02:05:35.950+0000] {logging_mixin.py:190} INFO - [2025-06-05T02:05:35.950+0000] {dag.py:4180} INFO - Setting next_dagrun for etl_dag to 2025-05-30 00:00:00+00:00, run_after=2025-05-31 00:00:00+00:00
[2025-06-05T02:05:35.965+0000] {processor.py:208} INFO - Processing /opt/airflow/dags/Sesion3/Ejemplo8.py took 0.703 seconds
[2025-06-05T02:06:06.473+0000] {processor.py:186} INFO - Started process (PID=586) to work on /opt/airflow/dags/Sesion3/Ejemplo8.py
[2025-06-05T02:06:06.474+0000] {processor.py:914} INFO - Processing file /opt/airflow/dags/Sesion3/Ejemplo8.py for tasks to queue
[2025-06-05T02:06:06.477+0000] {logging_mixin.py:190} INFO - [2025-06-05T02:06:06.476+0000] {dagbag.py:588} INFO - Filling up the DagBag from /opt/airflow/dags/Sesion3/Ejemplo8.py
[2025-06-05T02:06:07.207+0000] {processor.py:925} INFO - DAG(s) 'etl_dag' retrieved from /opt/airflow/dags/Sesion3/Ejemplo8.py
[2025-06-05T02:06:07.226+0000] {logging_mixin.py:190} INFO - [2025-06-05T02:06:07.226+0000] {dag.py:3239} INFO - Sync 1 DAGs
[2025-06-05T02:06:07.251+0000] {logging_mixin.py:190} INFO - [2025-06-05T02:06:07.250+0000] {dag.py:4180} INFO - Setting next_dagrun for etl_dag to 2025-05-30 00:00:00+00:00, run_after=2025-05-31 00:00:00+00:00
[2025-06-05T02:06:07.281+0000] {processor.py:208} INFO - Processing /opt/airflow/dags/Sesion3/Ejemplo8.py took 0.815 seconds
[2025-06-05T02:06:37.556+0000] {processor.py:186} INFO - Started process (PID=701) to work on /opt/airflow/dags/Sesion3/Ejemplo8.py
[2025-06-05T02:06:37.559+0000] {processor.py:914} INFO - Processing file /opt/airflow/dags/Sesion3/Ejemplo8.py for tasks to queue
[2025-06-05T02:06:37.562+0000] {logging_mixin.py:190} INFO - [2025-06-05T02:06:37.561+0000] {dagbag.py:588} INFO - Filling up the DagBag from /opt/airflow/dags/Sesion3/Ejemplo8.py
[2025-06-05T02:06:38.150+0000] {processor.py:925} INFO - DAG(s) 'etl_dag' retrieved from /opt/airflow/dags/Sesion3/Ejemplo8.py
[2025-06-05T02:06:38.170+0000] {logging_mixin.py:190} INFO - [2025-06-05T02:06:38.170+0000] {dag.py:3239} INFO - Sync 1 DAGs
[2025-06-05T02:06:38.195+0000] {logging_mixin.py:190} INFO - [2025-06-05T02:06:38.195+0000] {dag.py:4180} INFO - Setting next_dagrun for etl_dag to 2025-05-30 00:00:00+00:00, run_after=2025-05-31 00:00:00+00:00
[2025-06-05T02:06:38.214+0000] {processor.py:208} INFO - Processing /opt/airflow/dags/Sesion3/Ejemplo8.py took 0.663 seconds
[2025-06-05T02:07:08.573+0000] {processor.py:186} INFO - Started process (PID=816) to work on /opt/airflow/dags/Sesion3/Ejemplo8.py
[2025-06-05T02:07:08.574+0000] {processor.py:914} INFO - Processing file /opt/airflow/dags/Sesion3/Ejemplo8.py for tasks to queue
[2025-06-05T02:07:08.576+0000] {logging_mixin.py:190} INFO - [2025-06-05T02:07:08.575+0000] {dagbag.py:588} INFO - Filling up the DagBag from /opt/airflow/dags/Sesion3/Ejemplo8.py
[2025-06-05T02:07:09.333+0000] {processor.py:925} INFO - DAG(s) 'etl_dag' retrieved from /opt/airflow/dags/Sesion3/Ejemplo8.py
[2025-06-05T02:07:09.353+0000] {logging_mixin.py:190} INFO - [2025-06-05T02:07:09.353+0000] {dag.py:3239} INFO - Sync 1 DAGs
[2025-06-05T02:07:09.377+0000] {logging_mixin.py:190} INFO - [2025-06-05T02:07:09.377+0000] {dag.py:4180} INFO - Setting next_dagrun for etl_dag to 2025-05-30 00:00:00+00:00, run_after=2025-05-31 00:00:00+00:00
[2025-06-05T02:07:09.394+0000] {processor.py:208} INFO - Processing /opt/airflow/dags/Sesion3/Ejemplo8.py took 0.837 seconds
[2025-06-05T02:07:40.054+0000] {processor.py:186} INFO - Started process (PID=931) to work on /opt/airflow/dags/Sesion3/Ejemplo8.py
[2025-06-05T02:07:40.055+0000] {processor.py:914} INFO - Processing file /opt/airflow/dags/Sesion3/Ejemplo8.py for tasks to queue
[2025-06-05T02:07:40.057+0000] {logging_mixin.py:190} INFO - [2025-06-05T02:07:40.057+0000] {dagbag.py:588} INFO - Filling up the DagBag from /opt/airflow/dags/Sesion3/Ejemplo8.py
[2025-06-05T02:07:40.627+0000] {processor.py:925} INFO - DAG(s) 'etl_dag' retrieved from /opt/airflow/dags/Sesion3/Ejemplo8.py
[2025-06-05T02:07:40.657+0000] {logging_mixin.py:190} INFO - [2025-06-05T02:07:40.656+0000] {dag.py:3239} INFO - Sync 1 DAGs
[2025-06-05T02:07:40.681+0000] {logging_mixin.py:190} INFO - [2025-06-05T02:07:40.681+0000] {dag.py:4180} INFO - Setting next_dagrun for etl_dag to 2025-05-30 00:00:00+00:00, run_after=2025-05-31 00:00:00+00:00
[2025-06-05T02:07:40.698+0000] {processor.py:208} INFO - Processing /opt/airflow/dags/Sesion3/Ejemplo8.py took 0.651 seconds
[2025-06-05T02:08:11.329+0000] {processor.py:186} INFO - Started process (PID=1046) to work on /opt/airflow/dags/Sesion3/Ejemplo8.py
[2025-06-05T02:08:11.330+0000] {processor.py:914} INFO - Processing file /opt/airflow/dags/Sesion3/Ejemplo8.py for tasks to queue
[2025-06-05T02:08:11.332+0000] {logging_mixin.py:190} INFO - [2025-06-05T02:08:11.331+0000] {dagbag.py:588} INFO - Filling up the DagBag from /opt/airflow/dags/Sesion3/Ejemplo8.py
[2025-06-05T02:08:11.945+0000] {processor.py:925} INFO - DAG(s) 'etl_dag' retrieved from /opt/airflow/dags/Sesion3/Ejemplo8.py
[2025-06-05T02:08:11.964+0000] {logging_mixin.py:190} INFO - [2025-06-05T02:08:11.964+0000] {dag.py:3239} INFO - Sync 1 DAGs
[2025-06-05T02:08:11.988+0000] {logging_mixin.py:190} INFO - [2025-06-05T02:08:11.988+0000] {dag.py:4180} INFO - Setting next_dagrun for etl_dag to 2025-05-30 00:00:00+00:00, run_after=2025-05-31 00:00:00+00:00
[2025-06-05T02:08:12.005+0000] {processor.py:208} INFO - Processing /opt/airflow/dags/Sesion3/Ejemplo8.py took 0.683 seconds
[2025-06-05T02:08:42.385+0000] {processor.py:186} INFO - Started process (PID=1161) to work on /opt/airflow/dags/Sesion3/Ejemplo8.py
[2025-06-05T02:08:42.386+0000] {processor.py:914} INFO - Processing file /opt/airflow/dags/Sesion3/Ejemplo8.py for tasks to queue
[2025-06-05T02:08:42.388+0000] {logging_mixin.py:190} INFO - [2025-06-05T02:08:42.388+0000] {dagbag.py:588} INFO - Filling up the DagBag from /opt/airflow/dags/Sesion3/Ejemplo8.py
[2025-06-05T02:08:42.971+0000] {processor.py:925} INFO - DAG(s) 'etl_dag' retrieved from /opt/airflow/dags/Sesion3/Ejemplo8.py
[2025-06-05T02:08:42.990+0000] {logging_mixin.py:190} INFO - [2025-06-05T02:08:42.990+0000] {dag.py:3239} INFO - Sync 1 DAGs
[2025-06-05T02:08:43.015+0000] {logging_mixin.py:190} INFO - [2025-06-05T02:08:43.015+0000] {dag.py:4180} INFO - Setting next_dagrun for etl_dag to 2025-05-30 00:00:00+00:00, run_after=2025-05-31 00:00:00+00:00
[2025-06-05T02:08:43.031+0000] {processor.py:208} INFO - Processing /opt/airflow/dags/Sesion3/Ejemplo8.py took 0.653 seconds
[2025-06-05T02:09:13.368+0000] {processor.py:186} INFO - Started process (PID=1276) to work on /opt/airflow/dags/Sesion3/Ejemplo8.py
[2025-06-05T02:09:13.369+0000] {processor.py:914} INFO - Processing file /opt/airflow/dags/Sesion3/Ejemplo8.py for tasks to queue
[2025-06-05T02:09:13.372+0000] {logging_mixin.py:190} INFO - [2025-06-05T02:09:13.371+0000] {dagbag.py:588} INFO - Filling up the DagBag from /opt/airflow/dags/Sesion3/Ejemplo8.py
[2025-06-05T02:09:13.963+0000] {processor.py:925} INFO - DAG(s) 'etl_dag' retrieved from /opt/airflow/dags/Sesion3/Ejemplo8.py
[2025-06-05T02:09:13.983+0000] {logging_mixin.py:190} INFO - [2025-06-05T02:09:13.983+0000] {dag.py:3239} INFO - Sync 1 DAGs
[2025-06-05T02:09:14.008+0000] {logging_mixin.py:190} INFO - [2025-06-05T02:09:14.007+0000] {dag.py:4180} INFO - Setting next_dagrun for etl_dag to 2025-05-30 00:00:00+00:00, run_after=2025-05-31 00:00:00+00:00
[2025-06-05T02:09:14.024+0000] {processor.py:208} INFO - Processing /opt/airflow/dags/Sesion3/Ejemplo8.py took 0.662 seconds
[2025-06-05T02:09:44.600+0000] {processor.py:186} INFO - Started process (PID=1391) to work on /opt/airflow/dags/Sesion3/Ejemplo8.py
[2025-06-05T02:09:44.601+0000] {processor.py:914} INFO - Processing file /opt/airflow/dags/Sesion3/Ejemplo8.py for tasks to queue
[2025-06-05T02:09:44.604+0000] {logging_mixin.py:190} INFO - [2025-06-05T02:09:44.603+0000] {dagbag.py:588} INFO - Filling up the DagBag from /opt/airflow/dags/Sesion3/Ejemplo8.py
[2025-06-05T02:09:45.244+0000] {processor.py:925} INFO - DAG(s) 'etl_dag' retrieved from /opt/airflow/dags/Sesion3/Ejemplo8.py
[2025-06-05T02:09:45.286+0000] {logging_mixin.py:190} INFO - [2025-06-05T02:09:45.286+0000] {dag.py:3239} INFO - Sync 1 DAGs
[2025-06-05T02:09:45.332+0000] {logging_mixin.py:190} INFO - [2025-06-05T02:09:45.331+0000] {dag.py:4180} INFO - Setting next_dagrun for etl_dag to 2025-05-30 00:00:00+00:00, run_after=2025-05-31 00:00:00+00:00
[2025-06-05T02:09:45.351+0000] {processor.py:208} INFO - Processing /opt/airflow/dags/Sesion3/Ejemplo8.py took 0.758 seconds
[2025-06-05T02:10:15.677+0000] {processor.py:186} INFO - Started process (PID=1506) to work on /opt/airflow/dags/Sesion3/Ejemplo8.py
[2025-06-05T02:10:15.679+0000] {processor.py:914} INFO - Processing file /opt/airflow/dags/Sesion3/Ejemplo8.py for tasks to queue
[2025-06-05T02:10:15.683+0000] {logging_mixin.py:190} INFO - [2025-06-05T02:10:15.683+0000] {dagbag.py:588} INFO - Filling up the DagBag from /opt/airflow/dags/Sesion3/Ejemplo8.py
[2025-06-05T02:10:16.381+0000] {processor.py:925} INFO - DAG(s) 'etl_dag' retrieved from /opt/airflow/dags/Sesion3/Ejemplo8.py
[2025-06-05T02:10:16.408+0000] {logging_mixin.py:190} INFO - [2025-06-05T02:10:16.407+0000] {dag.py:3239} INFO - Sync 1 DAGs
[2025-06-05T02:10:16.430+0000] {logging_mixin.py:190} INFO - [2025-06-05T02:10:16.430+0000] {dag.py:4180} INFO - Setting next_dagrun for etl_dag to 2025-05-30 00:00:00+00:00, run_after=2025-05-31 00:00:00+00:00
[2025-06-05T02:10:16.445+0000] {processor.py:208} INFO - Processing /opt/airflow/dags/Sesion3/Ejemplo8.py took 0.774 seconds
[2025-06-05T02:10:46.817+0000] {processor.py:186} INFO - Started process (PID=1621) to work on /opt/airflow/dags/Sesion3/Ejemplo8.py
[2025-06-05T02:10:46.818+0000] {processor.py:914} INFO - Processing file /opt/airflow/dags/Sesion3/Ejemplo8.py for tasks to queue
[2025-06-05T02:10:46.820+0000] {logging_mixin.py:190} INFO - [2025-06-05T02:10:46.820+0000] {dagbag.py:588} INFO - Filling up the DagBag from /opt/airflow/dags/Sesion3/Ejemplo8.py
[2025-06-05T02:10:47.574+0000] {processor.py:925} INFO - DAG(s) 'etl_dag' retrieved from /opt/airflow/dags/Sesion3/Ejemplo8.py
[2025-06-05T02:10:47.593+0000] {logging_mixin.py:190} INFO - [2025-06-05T02:10:47.593+0000] {dag.py:3239} INFO - Sync 1 DAGs
[2025-06-05T02:10:47.620+0000] {logging_mixin.py:190} INFO - [2025-06-05T02:10:47.620+0000] {dag.py:4180} INFO - Setting next_dagrun for etl_dag to 2025-05-30 00:00:00+00:00, run_after=2025-05-31 00:00:00+00:00
[2025-06-05T02:10:47.637+0000] {processor.py:208} INFO - Processing /opt/airflow/dags/Sesion3/Ejemplo8.py took 0.826 seconds
[2025-06-05T02:11:18.176+0000] {processor.py:186} INFO - Started process (PID=1736) to work on /opt/airflow/dags/Sesion3/Ejemplo8.py
[2025-06-05T02:11:18.176+0000] {processor.py:914} INFO - Processing file /opt/airflow/dags/Sesion3/Ejemplo8.py for tasks to queue
[2025-06-05T02:11:18.179+0000] {logging_mixin.py:190} INFO - [2025-06-05T02:11:18.178+0000] {dagbag.py:588} INFO - Filling up the DagBag from /opt/airflow/dags/Sesion3/Ejemplo8.py
[2025-06-05T02:11:18.901+0000] {processor.py:925} INFO - DAG(s) 'etl_dag' retrieved from /opt/airflow/dags/Sesion3/Ejemplo8.py
[2025-06-05T02:11:18.921+0000] {logging_mixin.py:190} INFO - [2025-06-05T02:11:18.921+0000] {dag.py:3239} INFO - Sync 1 DAGs
[2025-06-05T02:11:18.945+0000] {logging_mixin.py:190} INFO - [2025-06-05T02:11:18.945+0000] {dag.py:4180} INFO - Setting next_dagrun for etl_dag to 2025-05-30 00:00:00+00:00, run_after=2025-05-31 00:00:00+00:00
[2025-06-05T02:11:18.961+0000] {processor.py:208} INFO - Processing /opt/airflow/dags/Sesion3/Ejemplo8.py took 0.792 seconds
[2025-06-05T02:11:49.267+0000] {processor.py:186} INFO - Started process (PID=1851) to work on /opt/airflow/dags/Sesion3/Ejemplo8.py
[2025-06-05T02:11:49.269+0000] {processor.py:914} INFO - Processing file /opt/airflow/dags/Sesion3/Ejemplo8.py for tasks to queue
[2025-06-05T02:11:49.271+0000] {logging_mixin.py:190} INFO - [2025-06-05T02:11:49.271+0000] {dagbag.py:588} INFO - Filling up the DagBag from /opt/airflow/dags/Sesion3/Ejemplo8.py
[2025-06-05T02:11:49.861+0000] {processor.py:925} INFO - DAG(s) 'etl_dag' retrieved from /opt/airflow/dags/Sesion3/Ejemplo8.py
[2025-06-05T02:11:49.881+0000] {logging_mixin.py:190} INFO - [2025-06-05T02:11:49.881+0000] {dag.py:3239} INFO - Sync 1 DAGs
[2025-06-05T02:11:49.905+0000] {logging_mixin.py:190} INFO - [2025-06-05T02:11:49.905+0000] {dag.py:4180} INFO - Setting next_dagrun for etl_dag to 2025-05-30 00:00:00+00:00, run_after=2025-05-31 00:00:00+00:00
[2025-06-05T02:11:49.921+0000] {processor.py:208} INFO - Processing /opt/airflow/dags/Sesion3/Ejemplo8.py took 0.660 seconds
[2025-06-05T02:12:20.155+0000] {processor.py:186} INFO - Started process (PID=1966) to work on /opt/airflow/dags/Sesion3/Ejemplo8.py
[2025-06-05T02:12:20.155+0000] {processor.py:914} INFO - Processing file /opt/airflow/dags/Sesion3/Ejemplo8.py for tasks to queue
[2025-06-05T02:12:20.158+0000] {logging_mixin.py:190} INFO - [2025-06-05T02:12:20.157+0000] {dagbag.py:588} INFO - Filling up the DagBag from /opt/airflow/dags/Sesion3/Ejemplo8.py
[2025-06-05T02:12:20.770+0000] {processor.py:925} INFO - DAG(s) 'etl_dag' retrieved from /opt/airflow/dags/Sesion3/Ejemplo8.py
[2025-06-05T02:12:20.793+0000] {logging_mixin.py:190} INFO - [2025-06-05T02:12:20.792+0000] {dag.py:3239} INFO - Sync 1 DAGs
[2025-06-05T02:12:20.816+0000] {logging_mixin.py:190} INFO - [2025-06-05T02:12:20.816+0000] {dag.py:4180} INFO - Setting next_dagrun for etl_dag to 2025-05-30 00:00:00+00:00, run_after=2025-05-31 00:00:00+00:00
[2025-06-05T02:12:20.836+0000] {processor.py:208} INFO - Processing /opt/airflow/dags/Sesion3/Ejemplo8.py took 0.688 seconds
[2025-06-05T02:12:51.501+0000] {processor.py:186} INFO - Started process (PID=2081) to work on /opt/airflow/dags/Sesion3/Ejemplo8.py
[2025-06-05T02:12:51.502+0000] {processor.py:914} INFO - Processing file /opt/airflow/dags/Sesion3/Ejemplo8.py for tasks to queue
[2025-06-05T02:12:51.504+0000] {logging_mixin.py:190} INFO - [2025-06-05T02:12:51.504+0000] {dagbag.py:588} INFO - Filling up the DagBag from /opt/airflow/dags/Sesion3/Ejemplo8.py
[2025-06-05T02:12:52.335+0000] {processor.py:925} INFO - DAG(s) 'etl_dag' retrieved from /opt/airflow/dags/Sesion3/Ejemplo8.py
[2025-06-05T02:12:52.355+0000] {logging_mixin.py:190} INFO - [2025-06-05T02:12:52.354+0000] {dag.py:3239} INFO - Sync 1 DAGs
[2025-06-05T02:12:52.381+0000] {logging_mixin.py:190} INFO - [2025-06-05T02:12:52.381+0000] {dag.py:4180} INFO - Setting next_dagrun for etl_dag to 2025-05-30 00:00:00+00:00, run_after=2025-05-31 00:00:00+00:00
[2025-06-05T02:12:52.397+0000] {processor.py:208} INFO - Processing /opt/airflow/dags/Sesion3/Ejemplo8.py took 0.903 seconds
[2025-06-05T02:13:22.754+0000] {processor.py:186} INFO - Started process (PID=2196) to work on /opt/airflow/dags/Sesion3/Ejemplo8.py
[2025-06-05T02:13:22.755+0000] {processor.py:914} INFO - Processing file /opt/airflow/dags/Sesion3/Ejemplo8.py for tasks to queue
[2025-06-05T02:13:22.757+0000] {logging_mixin.py:190} INFO - [2025-06-05T02:13:22.757+0000] {dagbag.py:588} INFO - Filling up the DagBag from /opt/airflow/dags/Sesion3/Ejemplo8.py
[2025-06-05T02:13:23.363+0000] {processor.py:925} INFO - DAG(s) 'etl_dag' retrieved from /opt/airflow/dags/Sesion3/Ejemplo8.py
[2025-06-05T02:13:23.384+0000] {logging_mixin.py:190} INFO - [2025-06-05T02:13:23.384+0000] {dag.py:3239} INFO - Sync 1 DAGs
[2025-06-05T02:13:23.408+0000] {logging_mixin.py:190} INFO - [2025-06-05T02:13:23.408+0000] {dag.py:4180} INFO - Setting next_dagrun for etl_dag to 2025-05-30 00:00:00+00:00, run_after=2025-05-31 00:00:00+00:00
[2025-06-05T02:13:23.426+0000] {processor.py:208} INFO - Processing /opt/airflow/dags/Sesion3/Ejemplo8.py took 0.679 seconds
[2025-06-05T02:13:53.895+0000] {processor.py:186} INFO - Started process (PID=2311) to work on /opt/airflow/dags/Sesion3/Ejemplo8.py
[2025-06-05T02:13:53.896+0000] {processor.py:914} INFO - Processing file /opt/airflow/dags/Sesion3/Ejemplo8.py for tasks to queue
[2025-06-05T02:13:53.898+0000] {logging_mixin.py:190} INFO - [2025-06-05T02:13:53.898+0000] {dagbag.py:588} INFO - Filling up the DagBag from /opt/airflow/dags/Sesion3/Ejemplo8.py
[2025-06-05T02:13:54.478+0000] {processor.py:925} INFO - DAG(s) 'etl_dag' retrieved from /opt/airflow/dags/Sesion3/Ejemplo8.py
[2025-06-05T02:13:54.497+0000] {logging_mixin.py:190} INFO - [2025-06-05T02:13:54.496+0000] {dag.py:3239} INFO - Sync 1 DAGs
[2025-06-05T02:13:54.522+0000] {logging_mixin.py:190} INFO - [2025-06-05T02:13:54.522+0000] {dag.py:4180} INFO - Setting next_dagrun for etl_dag to 2025-05-30 00:00:00+00:00, run_after=2025-05-31 00:00:00+00:00
[2025-06-05T02:13:54.542+0000] {processor.py:208} INFO - Processing /opt/airflow/dags/Sesion3/Ejemplo8.py took 0.654 seconds
[2025-06-05T02:14:25.042+0000] {processor.py:186} INFO - Started process (PID=2426) to work on /opt/airflow/dags/Sesion3/Ejemplo8.py
[2025-06-05T02:14:25.043+0000] {processor.py:914} INFO - Processing file /opt/airflow/dags/Sesion3/Ejemplo8.py for tasks to queue
[2025-06-05T02:14:25.046+0000] {logging_mixin.py:190} INFO - [2025-06-05T02:14:25.045+0000] {dagbag.py:588} INFO - Filling up the DagBag from /opt/airflow/dags/Sesion3/Ejemplo8.py
[2025-06-05T02:14:25.710+0000] {processor.py:925} INFO - DAG(s) 'etl_dag' retrieved from /opt/airflow/dags/Sesion3/Ejemplo8.py
[2025-06-05T02:14:25.731+0000] {logging_mixin.py:190} INFO - [2025-06-05T02:14:25.731+0000] {dag.py:3239} INFO - Sync 1 DAGs
[2025-06-05T02:14:25.755+0000] {logging_mixin.py:190} INFO - [2025-06-05T02:14:25.755+0000] {dag.py:4180} INFO - Setting next_dagrun for etl_dag to 2025-05-30 00:00:00+00:00, run_after=2025-05-31 00:00:00+00:00
[2025-06-05T02:14:25.772+0000] {processor.py:208} INFO - Processing /opt/airflow/dags/Sesion3/Ejemplo8.py took 0.736 seconds
[2025-06-05T02:14:56.412+0000] {processor.py:186} INFO - Started process (PID=2541) to work on /opt/airflow/dags/Sesion3/Ejemplo8.py
[2025-06-05T02:14:56.414+0000] {processor.py:914} INFO - Processing file /opt/airflow/dags/Sesion3/Ejemplo8.py for tasks to queue
[2025-06-05T02:14:56.417+0000] {logging_mixin.py:190} INFO - [2025-06-05T02:14:56.416+0000] {dagbag.py:588} INFO - Filling up the DagBag from /opt/airflow/dags/Sesion3/Ejemplo8.py
[2025-06-05T02:14:57.041+0000] {processor.py:925} INFO - DAG(s) 'etl_dag' retrieved from /opt/airflow/dags/Sesion3/Ejemplo8.py
[2025-06-05T02:14:57.079+0000] {logging_mixin.py:190} INFO - [2025-06-05T02:14:57.078+0000] {dag.py:3239} INFO - Sync 1 DAGs
[2025-06-05T02:14:57.108+0000] {logging_mixin.py:190} INFO - [2025-06-05T02:14:57.108+0000] {dag.py:4180} INFO - Setting next_dagrun for etl_dag to 2025-05-30 00:00:00+00:00, run_after=2025-05-31 00:00:00+00:00
[2025-06-05T02:14:57.127+0000] {processor.py:208} INFO - Processing /opt/airflow/dags/Sesion3/Ejemplo8.py took 0.733 seconds
[2025-06-05T02:15:27.593+0000] {processor.py:186} INFO - Started process (PID=2656) to work on /opt/airflow/dags/Sesion3/Ejemplo8.py
[2025-06-05T02:15:27.594+0000] {processor.py:914} INFO - Processing file /opt/airflow/dags/Sesion3/Ejemplo8.py for tasks to queue
[2025-06-05T02:15:27.596+0000] {logging_mixin.py:190} INFO - [2025-06-05T02:15:27.596+0000] {dagbag.py:588} INFO - Filling up the DagBag from /opt/airflow/dags/Sesion3/Ejemplo8.py
[2025-06-05T02:15:28.215+0000] {processor.py:925} INFO - DAG(s) 'etl_dag' retrieved from /opt/airflow/dags/Sesion3/Ejemplo8.py
[2025-06-05T02:15:28.249+0000] {logging_mixin.py:190} INFO - [2025-06-05T02:15:28.248+0000] {dag.py:3239} INFO - Sync 1 DAGs
[2025-06-05T02:15:28.287+0000] {logging_mixin.py:190} INFO - [2025-06-05T02:15:28.287+0000] {dag.py:4180} INFO - Setting next_dagrun for etl_dag to 2025-05-30 00:00:00+00:00, run_after=2025-05-31 00:00:00+00:00
[2025-06-05T02:15:28.309+0000] {processor.py:208} INFO - Processing /opt/airflow/dags/Sesion3/Ejemplo8.py took 0.723 seconds
[2025-06-05T02:15:58.619+0000] {processor.py:186} INFO - Started process (PID=2771) to work on /opt/airflow/dags/Sesion3/Ejemplo8.py
[2025-06-05T02:15:58.620+0000] {processor.py:914} INFO - Processing file /opt/airflow/dags/Sesion3/Ejemplo8.py for tasks to queue
[2025-06-05T02:15:58.622+0000] {logging_mixin.py:190} INFO - [2025-06-05T02:15:58.622+0000] {dagbag.py:588} INFO - Filling up the DagBag from /opt/airflow/dags/Sesion3/Ejemplo8.py
[2025-06-05T02:15:59.231+0000] {processor.py:925} INFO - DAG(s) 'etl_dag' retrieved from /opt/airflow/dags/Sesion3/Ejemplo8.py
[2025-06-05T02:15:59.252+0000] {logging_mixin.py:190} INFO - [2025-06-05T02:15:59.251+0000] {dag.py:3239} INFO - Sync 1 DAGs
[2025-06-05T02:15:59.276+0000] {logging_mixin.py:190} INFO - [2025-06-05T02:15:59.276+0000] {dag.py:4180} INFO - Setting next_dagrun for etl_dag to 2025-05-30 00:00:00+00:00, run_after=2025-05-31 00:00:00+00:00
[2025-06-05T02:15:59.292+0000] {processor.py:208} INFO - Processing /opt/airflow/dags/Sesion3/Ejemplo8.py took 0.680 seconds
[2025-06-05T02:16:30.013+0000] {processor.py:186} INFO - Started process (PID=2886) to work on /opt/airflow/dags/Sesion3/Ejemplo8.py
[2025-06-05T02:16:30.014+0000] {processor.py:914} INFO - Processing file /opt/airflow/dags/Sesion3/Ejemplo8.py for tasks to queue
[2025-06-05T02:16:30.020+0000] {logging_mixin.py:190} INFO - [2025-06-05T02:16:30.019+0000] {dagbag.py:588} INFO - Filling up the DagBag from /opt/airflow/dags/Sesion3/Ejemplo8.py
[2025-06-05T02:16:30.763+0000] {processor.py:925} INFO - DAG(s) 'etl_dag' retrieved from /opt/airflow/dags/Sesion3/Ejemplo8.py
[2025-06-05T02:16:30.782+0000] {logging_mixin.py:190} INFO - [2025-06-05T02:16:30.782+0000] {dag.py:3239} INFO - Sync 1 DAGs
[2025-06-05T02:16:30.809+0000] {logging_mixin.py:190} INFO - [2025-06-05T02:16:30.809+0000] {dag.py:4180} INFO - Setting next_dagrun for etl_dag to 2025-05-30 00:00:00+00:00, run_after=2025-05-31 00:00:00+00:00
[2025-06-05T02:16:30.825+0000] {processor.py:208} INFO - Processing /opt/airflow/dags/Sesion3/Ejemplo8.py took 0.827 seconds
[2025-06-05T02:17:01.449+0000] {processor.py:186} INFO - Started process (PID=3001) to work on /opt/airflow/dags/Sesion3/Ejemplo8.py
[2025-06-05T02:17:01.450+0000] {processor.py:914} INFO - Processing file /opt/airflow/dags/Sesion3/Ejemplo8.py for tasks to queue
[2025-06-05T02:17:01.452+0000] {logging_mixin.py:190} INFO - [2025-06-05T02:17:01.452+0000] {dagbag.py:588} INFO - Filling up the DagBag from /opt/airflow/dags/Sesion3/Ejemplo8.py
[2025-06-05T02:17:02.117+0000] {processor.py:925} INFO - DAG(s) 'etl_dag' retrieved from /opt/airflow/dags/Sesion3/Ejemplo8.py
[2025-06-05T02:17:02.142+0000] {logging_mixin.py:190} INFO - [2025-06-05T02:17:02.141+0000] {dag.py:3239} INFO - Sync 1 DAGs
[2025-06-05T02:17:02.168+0000] {logging_mixin.py:190} INFO - [2025-06-05T02:17:02.168+0000] {dag.py:4180} INFO - Setting next_dagrun for etl_dag to 2025-05-30 00:00:00+00:00, run_after=2025-05-31 00:00:00+00:00
[2025-06-05T02:17:02.184+0000] {processor.py:208} INFO - Processing /opt/airflow/dags/Sesion3/Ejemplo8.py took 0.742 seconds
[2025-06-05T02:17:32.820+0000] {processor.py:186} INFO - Started process (PID=3116) to work on /opt/airflow/dags/Sesion3/Ejemplo8.py
[2025-06-05T02:17:32.821+0000] {processor.py:914} INFO - Processing file /opt/airflow/dags/Sesion3/Ejemplo8.py for tasks to queue
[2025-06-05T02:17:32.823+0000] {logging_mixin.py:190} INFO - [2025-06-05T02:17:32.823+0000] {dagbag.py:588} INFO - Filling up the DagBag from /opt/airflow/dags/Sesion3/Ejemplo8.py
[2025-06-05T02:17:33.474+0000] {processor.py:925} INFO - DAG(s) 'etl_dag' retrieved from /opt/airflow/dags/Sesion3/Ejemplo8.py
[2025-06-05T02:17:33.495+0000] {logging_mixin.py:190} INFO - [2025-06-05T02:17:33.495+0000] {dag.py:3239} INFO - Sync 1 DAGs
[2025-06-05T02:17:33.519+0000] {logging_mixin.py:190} INFO - [2025-06-05T02:17:33.519+0000] {dag.py:4180} INFO - Setting next_dagrun for etl_dag to 2025-05-30 00:00:00+00:00, run_after=2025-05-31 00:00:00+00:00
[2025-06-05T02:17:33.536+0000] {processor.py:208} INFO - Processing /opt/airflow/dags/Sesion3/Ejemplo8.py took 0.722 seconds
[2025-06-05T02:18:03.869+0000] {processor.py:186} INFO - Started process (PID=3231) to work on /opt/airflow/dags/Sesion3/Ejemplo8.py
[2025-06-05T02:18:03.870+0000] {processor.py:914} INFO - Processing file /opt/airflow/dags/Sesion3/Ejemplo8.py for tasks to queue
[2025-06-05T02:18:03.872+0000] {logging_mixin.py:190} INFO - [2025-06-05T02:18:03.872+0000] {dagbag.py:588} INFO - Filling up the DagBag from /opt/airflow/dags/Sesion3/Ejemplo8.py
[2025-06-05T02:18:04.550+0000] {processor.py:925} INFO - DAG(s) 'etl_dag' retrieved from /opt/airflow/dags/Sesion3/Ejemplo8.py
[2025-06-05T02:18:04.571+0000] {logging_mixin.py:190} INFO - [2025-06-05T02:18:04.570+0000] {dag.py:3239} INFO - Sync 1 DAGs
[2025-06-05T02:18:04.596+0000] {logging_mixin.py:190} INFO - [2025-06-05T02:18:04.596+0000] {dag.py:4180} INFO - Setting next_dagrun for etl_dag to 2025-05-30 00:00:00+00:00, run_after=2025-05-31 00:00:00+00:00
[2025-06-05T02:18:04.613+0000] {processor.py:208} INFO - Processing /opt/airflow/dags/Sesion3/Ejemplo8.py took 0.750 seconds
[2025-06-05T02:18:35.128+0000] {processor.py:186} INFO - Started process (PID=3346) to work on /opt/airflow/dags/Sesion3/Ejemplo8.py
[2025-06-05T02:18:35.129+0000] {processor.py:914} INFO - Processing file /opt/airflow/dags/Sesion3/Ejemplo8.py for tasks to queue
[2025-06-05T02:18:35.131+0000] {logging_mixin.py:190} INFO - [2025-06-05T02:18:35.131+0000] {dagbag.py:588} INFO - Filling up the DagBag from /opt/airflow/dags/Sesion3/Ejemplo8.py
[2025-06-05T02:18:35.791+0000] {processor.py:925} INFO - DAG(s) 'etl_dag' retrieved from /opt/airflow/dags/Sesion3/Ejemplo8.py
[2025-06-05T02:18:35.822+0000] {logging_mixin.py:190} INFO - [2025-06-05T02:18:35.822+0000] {dag.py:3239} INFO - Sync 1 DAGs
[2025-06-05T02:18:35.849+0000] {logging_mixin.py:190} INFO - [2025-06-05T02:18:35.849+0000] {dag.py:4180} INFO - Setting next_dagrun for etl_dag to 2025-05-30 00:00:00+00:00, run_after=2025-05-31 00:00:00+00:00
[2025-06-05T02:18:35.867+0000] {processor.py:208} INFO - Processing /opt/airflow/dags/Sesion3/Ejemplo8.py took 0.745 seconds
[2025-06-05T02:19:06.478+0000] {processor.py:186} INFO - Started process (PID=3461) to work on /opt/airflow/dags/Sesion3/Ejemplo8.py
[2025-06-05T02:19:06.479+0000] {processor.py:914} INFO - Processing file /opt/airflow/dags/Sesion3/Ejemplo8.py for tasks to queue
[2025-06-05T02:19:06.481+0000] {logging_mixin.py:190} INFO - [2025-06-05T02:19:06.481+0000] {dagbag.py:588} INFO - Filling up the DagBag from /opt/airflow/dags/Sesion3/Ejemplo8.py
[2025-06-05T02:19:07.087+0000] {processor.py:925} INFO - DAG(s) 'etl_dag' retrieved from /opt/airflow/dags/Sesion3/Ejemplo8.py
[2025-06-05T02:19:07.107+0000] {logging_mixin.py:190} INFO - [2025-06-05T02:19:07.106+0000] {dag.py:3239} INFO - Sync 1 DAGs
[2025-06-05T02:19:07.132+0000] {logging_mixin.py:190} INFO - [2025-06-05T02:19:07.132+0000] {dag.py:4180} INFO - Setting next_dagrun for etl_dag to 2025-05-30 00:00:00+00:00, run_after=2025-05-31 00:00:00+00:00
[2025-06-05T02:19:07.148+0000] {processor.py:208} INFO - Processing /opt/airflow/dags/Sesion3/Ejemplo8.py took 0.677 seconds
[2025-06-05T02:19:37.200+0000] {processor.py:186} INFO - Started process (PID=3576) to work on /opt/airflow/dags/Sesion3/Ejemplo8.py
[2025-06-05T02:19:37.201+0000] {processor.py:914} INFO - Processing file /opt/airflow/dags/Sesion3/Ejemplo8.py for tasks to queue
[2025-06-05T02:19:37.204+0000] {logging_mixin.py:190} INFO - [2025-06-05T02:19:37.203+0000] {dagbag.py:588} INFO - Filling up the DagBag from /opt/airflow/dags/Sesion3/Ejemplo8.py
[2025-06-05T02:19:37.817+0000] {processor.py:925} INFO - DAG(s) 'etl_dag' retrieved from /opt/airflow/dags/Sesion3/Ejemplo8.py
[2025-06-05T02:19:37.836+0000] {logging_mixin.py:190} INFO - [2025-06-05T02:19:37.836+0000] {dag.py:3239} INFO - Sync 1 DAGs
[2025-06-05T02:19:37.860+0000] {logging_mixin.py:190} INFO - [2025-06-05T02:19:37.860+0000] {dag.py:4180} INFO - Setting next_dagrun for etl_dag to 2025-05-30 00:00:00+00:00, run_after=2025-05-31 00:00:00+00:00
[2025-06-05T02:19:37.876+0000] {processor.py:208} INFO - Processing /opt/airflow/dags/Sesion3/Ejemplo8.py took 0.682 seconds
[2025-06-05T02:20:08.586+0000] {processor.py:186} INFO - Started process (PID=3691) to work on /opt/airflow/dags/Sesion3/Ejemplo8.py
[2025-06-05T02:20:08.587+0000] {processor.py:914} INFO - Processing file /opt/airflow/dags/Sesion3/Ejemplo8.py for tasks to queue
[2025-06-05T02:20:08.589+0000] {logging_mixin.py:190} INFO - [2025-06-05T02:20:08.589+0000] {dagbag.py:588} INFO - Filling up the DagBag from /opt/airflow/dags/Sesion3/Ejemplo8.py
[2025-06-05T02:20:09.241+0000] {processor.py:925} INFO - DAG(s) 'etl_dag' retrieved from /opt/airflow/dags/Sesion3/Ejemplo8.py
[2025-06-05T02:20:09.268+0000] {logging_mixin.py:190} INFO - [2025-06-05T02:20:09.267+0000] {dag.py:3239} INFO - Sync 1 DAGs
[2025-06-05T02:20:09.312+0000] {logging_mixin.py:190} INFO - [2025-06-05T02:20:09.312+0000] {dag.py:4180} INFO - Setting next_dagrun for etl_dag to 2025-05-30 00:00:00+00:00, run_after=2025-05-31 00:00:00+00:00
[2025-06-05T02:20:09.334+0000] {processor.py:208} INFO - Processing /opt/airflow/dags/Sesion3/Ejemplo8.py took 0.754 seconds
[2025-06-05T02:20:39.694+0000] {processor.py:186} INFO - Started process (PID=3806) to work on /opt/airflow/dags/Sesion3/Ejemplo8.py
[2025-06-05T02:20:39.695+0000] {processor.py:914} INFO - Processing file /opt/airflow/dags/Sesion3/Ejemplo8.py for tasks to queue
[2025-06-05T02:20:39.697+0000] {logging_mixin.py:190} INFO - [2025-06-05T02:20:39.697+0000] {dagbag.py:588} INFO - Filling up the DagBag from /opt/airflow/dags/Sesion3/Ejemplo8.py
[2025-06-05T02:20:40.299+0000] {processor.py:925} INFO - DAG(s) 'etl_dag' retrieved from /opt/airflow/dags/Sesion3/Ejemplo8.py
[2025-06-05T02:20:40.319+0000] {logging_mixin.py:190} INFO - [2025-06-05T02:20:40.318+0000] {dag.py:3239} INFO - Sync 1 DAGs
[2025-06-05T02:20:40.352+0000] {logging_mixin.py:190} INFO - [2025-06-05T02:20:40.352+0000] {dag.py:4180} INFO - Setting next_dagrun for etl_dag to 2025-05-30 00:00:00+00:00, run_after=2025-05-31 00:00:00+00:00
[2025-06-05T02:20:40.381+0000] {processor.py:208} INFO - Processing /opt/airflow/dags/Sesion3/Ejemplo8.py took 0.693 seconds
[2025-06-05T02:21:11.017+0000] {processor.py:186} INFO - Started process (PID=3921) to work on /opt/airflow/dags/Sesion3/Ejemplo8.py
[2025-06-05T02:21:11.018+0000] {processor.py:914} INFO - Processing file /opt/airflow/dags/Sesion3/Ejemplo8.py for tasks to queue
[2025-06-05T02:21:11.020+0000] {logging_mixin.py:190} INFO - [2025-06-05T02:21:11.020+0000] {dagbag.py:588} INFO - Filling up the DagBag from /opt/airflow/dags/Sesion3/Ejemplo8.py
[2025-06-05T02:21:11.833+0000] {processor.py:925} INFO - DAG(s) 'etl_dag' retrieved from /opt/airflow/dags/Sesion3/Ejemplo8.py
[2025-06-05T02:21:11.854+0000] {logging_mixin.py:190} INFO - [2025-06-05T02:21:11.853+0000] {dag.py:3239} INFO - Sync 1 DAGs
[2025-06-05T02:21:11.880+0000] {logging_mixin.py:190} INFO - [2025-06-05T02:21:11.880+0000] {dag.py:4180} INFO - Setting next_dagrun for etl_dag to 2025-05-30 00:00:00+00:00, run_after=2025-05-31 00:00:00+00:00
[2025-06-05T02:21:11.899+0000] {processor.py:208} INFO - Processing /opt/airflow/dags/Sesion3/Ejemplo8.py took 0.889 seconds
[2025-06-05T02:21:42.134+0000] {processor.py:186} INFO - Started process (PID=4036) to work on /opt/airflow/dags/Sesion3/Ejemplo8.py
[2025-06-05T02:21:42.136+0000] {processor.py:914} INFO - Processing file /opt/airflow/dags/Sesion3/Ejemplo8.py for tasks to queue
[2025-06-05T02:21:42.138+0000] {logging_mixin.py:190} INFO - [2025-06-05T02:21:42.138+0000] {dagbag.py:588} INFO - Filling up the DagBag from /opt/airflow/dags/Sesion3/Ejemplo8.py
[2025-06-05T02:21:42.807+0000] {processor.py:925} INFO - DAG(s) 'etl_dag' retrieved from /opt/airflow/dags/Sesion3/Ejemplo8.py
[2025-06-05T02:21:42.826+0000] {logging_mixin.py:190} INFO - [2025-06-05T02:21:42.826+0000] {dag.py:3239} INFO - Sync 1 DAGs
[2025-06-05T02:21:42.860+0000] {logging_mixin.py:190} INFO - [2025-06-05T02:21:42.860+0000] {dag.py:4180} INFO - Setting next_dagrun for etl_dag to 2025-05-30 00:00:00+00:00, run_after=2025-05-31 00:00:00+00:00
[2025-06-05T02:21:42.888+0000] {processor.py:208} INFO - Processing /opt/airflow/dags/Sesion3/Ejemplo8.py took 0.760 seconds
[2025-06-05T02:22:13.517+0000] {processor.py:186} INFO - Started process (PID=4157) to work on /opt/airflow/dags/Sesion3/Ejemplo8.py
[2025-06-05T02:22:13.518+0000] {processor.py:914} INFO - Processing file /opt/airflow/dags/Sesion3/Ejemplo8.py for tasks to queue
[2025-06-05T02:22:13.524+0000] {logging_mixin.py:190} INFO - [2025-06-05T02:22:13.524+0000] {dagbag.py:588} INFO - Filling up the DagBag from /opt/airflow/dags/Sesion3/Ejemplo8.py
[2025-06-05T02:22:14.180+0000] {processor.py:925} INFO - DAG(s) 'etl_dag' retrieved from /opt/airflow/dags/Sesion3/Ejemplo8.py
[2025-06-05T02:22:14.199+0000] {logging_mixin.py:190} INFO - [2025-06-05T02:22:14.199+0000] {dag.py:3239} INFO - Sync 1 DAGs
[2025-06-05T02:22:14.239+0000] {logging_mixin.py:190} INFO - [2025-06-05T02:22:14.239+0000] {dag.py:4180} INFO - Setting next_dagrun for etl_dag to 2025-05-30 00:00:00+00:00, run_after=2025-05-31 00:00:00+00:00
[2025-06-05T02:22:14.255+0000] {processor.py:208} INFO - Processing /opt/airflow/dags/Sesion3/Ejemplo8.py took 0.778 seconds
[2025-06-05T02:22:44.758+0000] {processor.py:186} INFO - Started process (PID=4295) to work on /opt/airflow/dags/Sesion3/Ejemplo8.py
[2025-06-05T02:22:44.759+0000] {processor.py:914} INFO - Processing file /opt/airflow/dags/Sesion3/Ejemplo8.py for tasks to queue
[2025-06-05T02:22:44.761+0000] {logging_mixin.py:190} INFO - [2025-06-05T02:22:44.761+0000] {dagbag.py:588} INFO - Filling up the DagBag from /opt/airflow/dags/Sesion3/Ejemplo8.py
[2025-06-05T02:22:45.356+0000] {processor.py:925} INFO - DAG(s) 'etl_dag' retrieved from /opt/airflow/dags/Sesion3/Ejemplo8.py
[2025-06-05T02:22:45.377+0000] {logging_mixin.py:190} INFO - [2025-06-05T02:22:45.376+0000] {dag.py:3239} INFO - Sync 1 DAGs
[2025-06-05T02:22:45.404+0000] {logging_mixin.py:190} INFO - [2025-06-05T02:22:45.403+0000] {dag.py:4180} INFO - Setting next_dagrun for etl_dag to 2025-05-30 00:00:00+00:00, run_after=2025-05-31 00:00:00+00:00
[2025-06-05T02:22:45.419+0000] {processor.py:208} INFO - Processing /opt/airflow/dags/Sesion3/Ejemplo8.py took 0.667 seconds
[2025-06-05T02:23:15.807+0000] {processor.py:186} INFO - Started process (PID=4406) to work on /opt/airflow/dags/Sesion3/Ejemplo8.py
[2025-06-05T02:23:15.808+0000] {processor.py:914} INFO - Processing file /opt/airflow/dags/Sesion3/Ejemplo8.py for tasks to queue
[2025-06-05T02:23:15.811+0000] {logging_mixin.py:190} INFO - [2025-06-05T02:23:15.811+0000] {dagbag.py:588} INFO - Filling up the DagBag from /opt/airflow/dags/Sesion3/Ejemplo8.py
[2025-06-05T02:23:16.391+0000] {processor.py:925} INFO - DAG(s) 'etl_dag' retrieved from /opt/airflow/dags/Sesion3/Ejemplo8.py
[2025-06-05T02:23:16.411+0000] {logging_mixin.py:190} INFO - [2025-06-05T02:23:16.410+0000] {dag.py:3239} INFO - Sync 1 DAGs
[2025-06-05T02:23:16.436+0000] {logging_mixin.py:190} INFO - [2025-06-05T02:23:16.436+0000] {dag.py:4180} INFO - Setting next_dagrun for etl_dag to 2025-05-30 00:00:00+00:00, run_after=2025-05-31 00:00:00+00:00
[2025-06-05T02:23:16.453+0000] {processor.py:208} INFO - Processing /opt/airflow/dags/Sesion3/Ejemplo8.py took 0.652 seconds
[2025-06-05T02:23:46.989+0000] {processor.py:186} INFO - Started process (PID=4521) to work on /opt/airflow/dags/Sesion3/Ejemplo8.py
[2025-06-05T02:23:46.990+0000] {processor.py:914} INFO - Processing file /opt/airflow/dags/Sesion3/Ejemplo8.py for tasks to queue
[2025-06-05T02:23:46.992+0000] {logging_mixin.py:190} INFO - [2025-06-05T02:23:46.992+0000] {dagbag.py:588} INFO - Filling up the DagBag from /opt/airflow/dags/Sesion3/Ejemplo8.py
[2025-06-05T02:23:47.684+0000] {processor.py:925} INFO - DAG(s) 'etl_dag' retrieved from /opt/airflow/dags/Sesion3/Ejemplo8.py
[2025-06-05T02:23:47.703+0000] {logging_mixin.py:190} INFO - [2025-06-05T02:23:47.703+0000] {dag.py:3239} INFO - Sync 1 DAGs
[2025-06-05T02:23:47.751+0000] {logging_mixin.py:190} INFO - [2025-06-05T02:23:47.750+0000] {dag.py:4180} INFO - Setting next_dagrun for etl_dag to 2025-05-30 00:00:00+00:00, run_after=2025-05-31 00:00:00+00:00
[2025-06-05T02:23:47.778+0000] {processor.py:208} INFO - Processing /opt/airflow/dags/Sesion3/Ejemplo8.py took 0.796 seconds
[2025-06-05T02:24:18.599+0000] {processor.py:186} INFO - Started process (PID=4636) to work on /opt/airflow/dags/Sesion3/Ejemplo8.py
[2025-06-05T02:24:18.600+0000] {processor.py:914} INFO - Processing file /opt/airflow/dags/Sesion3/Ejemplo8.py for tasks to queue
[2025-06-05T02:24:18.603+0000] {logging_mixin.py:190} INFO - [2025-06-05T02:24:18.602+0000] {dagbag.py:588} INFO - Filling up the DagBag from /opt/airflow/dags/Sesion3/Ejemplo8.py
[2025-06-05T02:24:19.178+0000] {processor.py:925} INFO - DAG(s) 'etl_dag' retrieved from /opt/airflow/dags/Sesion3/Ejemplo8.py
[2025-06-05T02:24:19.197+0000] {logging_mixin.py:190} INFO - [2025-06-05T02:24:19.197+0000] {dag.py:3239} INFO - Sync 1 DAGs
[2025-06-05T02:24:19.222+0000] {logging_mixin.py:190} INFO - [2025-06-05T02:24:19.222+0000] {dag.py:4180} INFO - Setting next_dagrun for etl_dag to 2025-05-30 00:00:00+00:00, run_after=2025-05-31 00:00:00+00:00
[2025-06-05T02:24:19.238+0000] {processor.py:208} INFO - Processing /opt/airflow/dags/Sesion3/Ejemplo8.py took 0.645 seconds
[2025-06-05T02:24:49.745+0000] {processor.py:186} INFO - Started process (PID=4751) to work on /opt/airflow/dags/Sesion3/Ejemplo8.py
[2025-06-05T02:24:49.746+0000] {processor.py:914} INFO - Processing file /opt/airflow/dags/Sesion3/Ejemplo8.py for tasks to queue
[2025-06-05T02:24:49.748+0000] {logging_mixin.py:190} INFO - [2025-06-05T02:24:49.747+0000] {dagbag.py:588} INFO - Filling up the DagBag from /opt/airflow/dags/Sesion3/Ejemplo8.py
[2025-06-05T02:24:50.334+0000] {processor.py:925} INFO - DAG(s) 'etl_dag' retrieved from /opt/airflow/dags/Sesion3/Ejemplo8.py
[2025-06-05T02:24:50.354+0000] {logging_mixin.py:190} INFO - [2025-06-05T02:24:50.354+0000] {dag.py:3239} INFO - Sync 1 DAGs
[2025-06-05T02:24:50.379+0000] {logging_mixin.py:190} INFO - [2025-06-05T02:24:50.379+0000] {dag.py:4180} INFO - Setting next_dagrun for etl_dag to 2025-05-30 00:00:00+00:00, run_after=2025-05-31 00:00:00+00:00
[2025-06-05T02:24:50.394+0000] {processor.py:208} INFO - Processing /opt/airflow/dags/Sesion3/Ejemplo8.py took 0.656 seconds
[2025-06-05T02:25:21.011+0000] {processor.py:186} INFO - Started process (PID=4866) to work on /opt/airflow/dags/Sesion3/Ejemplo8.py
[2025-06-05T02:25:21.012+0000] {processor.py:914} INFO - Processing file /opt/airflow/dags/Sesion3/Ejemplo8.py for tasks to queue
[2025-06-05T02:25:21.015+0000] {logging_mixin.py:190} INFO - [2025-06-05T02:25:21.015+0000] {dagbag.py:588} INFO - Filling up the DagBag from /opt/airflow/dags/Sesion3/Ejemplo8.py
[2025-06-05T02:25:21.672+0000] {processor.py:925} INFO - DAG(s) 'etl_dag' retrieved from /opt/airflow/dags/Sesion3/Ejemplo8.py
[2025-06-05T02:25:21.712+0000] {logging_mixin.py:190} INFO - [2025-06-05T02:25:21.712+0000] {dag.py:3239} INFO - Sync 1 DAGs
[2025-06-05T02:25:21.756+0000] {logging_mixin.py:190} INFO - [2025-06-05T02:25:21.756+0000] {dag.py:4180} INFO - Setting next_dagrun for etl_dag to 2025-05-30 00:00:00+00:00, run_after=2025-05-31 00:00:00+00:00
[2025-06-05T02:25:21.791+0000] {processor.py:208} INFO - Processing /opt/airflow/dags/Sesion3/Ejemplo8.py took 0.786 seconds
[2025-06-05T02:25:52.115+0000] {processor.py:186} INFO - Started process (PID=4981) to work on /opt/airflow/dags/Sesion3/Ejemplo8.py
[2025-06-05T02:25:52.116+0000] {processor.py:914} INFO - Processing file /opt/airflow/dags/Sesion3/Ejemplo8.py for tasks to queue
[2025-06-05T02:25:52.118+0000] {logging_mixin.py:190} INFO - [2025-06-05T02:25:52.118+0000] {dagbag.py:588} INFO - Filling up the DagBag from /opt/airflow/dags/Sesion3/Ejemplo8.py
[2025-06-05T02:25:52.825+0000] {processor.py:925} INFO - DAG(s) 'etl_dag' retrieved from /opt/airflow/dags/Sesion3/Ejemplo8.py
[2025-06-05T02:25:52.845+0000] {logging_mixin.py:190} INFO - [2025-06-05T02:25:52.844+0000] {dag.py:3239} INFO - Sync 1 DAGs
[2025-06-05T02:25:52.869+0000] {logging_mixin.py:190} INFO - [2025-06-05T02:25:52.869+0000] {dag.py:4180} INFO - Setting next_dagrun for etl_dag to 2025-05-30 00:00:00+00:00, run_after=2025-05-31 00:00:00+00:00
[2025-06-05T02:25:52.885+0000] {processor.py:208} INFO - Processing /opt/airflow/dags/Sesion3/Ejemplo8.py took 0.776 seconds
[2025-06-05T02:26:23.761+0000] {processor.py:186} INFO - Started process (PID=5096) to work on /opt/airflow/dags/Sesion3/Ejemplo8.py
[2025-06-05T02:26:23.762+0000] {processor.py:914} INFO - Processing file /opt/airflow/dags/Sesion3/Ejemplo8.py for tasks to queue
[2025-06-05T02:26:23.765+0000] {logging_mixin.py:190} INFO - [2025-06-05T02:26:23.765+0000] {dagbag.py:588} INFO - Filling up the DagBag from /opt/airflow/dags/Sesion3/Ejemplo8.py
[2025-06-05T02:26:24.338+0000] {processor.py:925} INFO - DAG(s) 'etl_dag' retrieved from /opt/airflow/dags/Sesion3/Ejemplo8.py
[2025-06-05T02:26:24.359+0000] {logging_mixin.py:190} INFO - [2025-06-05T02:26:24.359+0000] {dag.py:3239} INFO - Sync 1 DAGs
[2025-06-05T02:26:24.383+0000] {logging_mixin.py:190} INFO - [2025-06-05T02:26:24.383+0000] {dag.py:4180} INFO - Setting next_dagrun for etl_dag to 2025-05-30 00:00:00+00:00, run_after=2025-05-31 00:00:00+00:00
[2025-06-05T02:26:24.400+0000] {processor.py:208} INFO - Processing /opt/airflow/dags/Sesion3/Ejemplo8.py took 0.645 seconds
[2025-06-05T02:26:54.885+0000] {processor.py:186} INFO - Started process (PID=5211) to work on /opt/airflow/dags/Sesion3/Ejemplo8.py
[2025-06-05T02:26:54.886+0000] {processor.py:914} INFO - Processing file /opt/airflow/dags/Sesion3/Ejemplo8.py for tasks to queue
[2025-06-05T02:26:54.889+0000] {logging_mixin.py:190} INFO - [2025-06-05T02:26:54.888+0000] {dagbag.py:588} INFO - Filling up the DagBag from /opt/airflow/dags/Sesion3/Ejemplo8.py
[2025-06-05T02:26:55.487+0000] {processor.py:925} INFO - DAG(s) 'etl_dag' retrieved from /opt/airflow/dags/Sesion3/Ejemplo8.py
[2025-06-05T02:26:55.507+0000] {logging_mixin.py:190} INFO - [2025-06-05T02:26:55.506+0000] {dag.py:3239} INFO - Sync 1 DAGs
[2025-06-05T02:26:55.532+0000] {logging_mixin.py:190} INFO - [2025-06-05T02:26:55.531+0000] {dag.py:4180} INFO - Setting next_dagrun for etl_dag to 2025-05-30 00:00:00+00:00, run_after=2025-05-31 00:00:00+00:00
[2025-06-05T02:26:55.547+0000] {processor.py:208} INFO - Processing /opt/airflow/dags/Sesion3/Ejemplo8.py took 0.669 seconds
[2025-06-05T02:27:26.015+0000] {processor.py:186} INFO - Started process (PID=5326) to work on /opt/airflow/dags/Sesion3/Ejemplo8.py
[2025-06-05T02:27:26.015+0000] {processor.py:914} INFO - Processing file /opt/airflow/dags/Sesion3/Ejemplo8.py for tasks to queue
[2025-06-05T02:27:26.018+0000] {logging_mixin.py:190} INFO - [2025-06-05T02:27:26.017+0000] {dagbag.py:588} INFO - Filling up the DagBag from /opt/airflow/dags/Sesion3/Ejemplo8.py
[2025-06-05T02:27:26.708+0000] {processor.py:925} INFO - DAG(s) 'etl_dag' retrieved from /opt/airflow/dags/Sesion3/Ejemplo8.py
[2025-06-05T02:27:26.729+0000] {logging_mixin.py:190} INFO - [2025-06-05T02:27:26.728+0000] {dag.py:3239} INFO - Sync 1 DAGs
[2025-06-05T02:27:26.755+0000] {logging_mixin.py:190} INFO - [2025-06-05T02:27:26.754+0000] {dag.py:4180} INFO - Setting next_dagrun for etl_dag to 2025-05-30 00:00:00+00:00, run_after=2025-05-31 00:00:00+00:00
[2025-06-05T02:27:26.804+0000] {processor.py:208} INFO - Processing /opt/airflow/dags/Sesion3/Ejemplo8.py took 0.796 seconds
[2025-06-05T02:27:57.365+0000] {processor.py:186} INFO - Started process (PID=5441) to work on /opt/airflow/dags/Sesion3/Ejemplo8.py
[2025-06-05T02:27:57.366+0000] {processor.py:914} INFO - Processing file /opt/airflow/dags/Sesion3/Ejemplo8.py for tasks to queue
[2025-06-05T02:27:57.368+0000] {logging_mixin.py:190} INFO - [2025-06-05T02:27:57.368+0000] {dagbag.py:588} INFO - Filling up the DagBag from /opt/airflow/dags/Sesion3/Ejemplo8.py
[2025-06-05T02:27:57.971+0000] {processor.py:925} INFO - DAG(s) 'etl_dag' retrieved from /opt/airflow/dags/Sesion3/Ejemplo8.py
[2025-06-05T02:27:57.990+0000] {logging_mixin.py:190} INFO - [2025-06-05T02:27:57.989+0000] {dag.py:3239} INFO - Sync 1 DAGs
[2025-06-05T02:27:58.013+0000] {logging_mixin.py:190} INFO - [2025-06-05T02:27:58.013+0000] {dag.py:4180} INFO - Setting next_dagrun for etl_dag to 2025-05-30 00:00:00+00:00, run_after=2025-05-31 00:00:00+00:00
[2025-06-05T02:27:58.029+0000] {processor.py:208} INFO - Processing /opt/airflow/dags/Sesion3/Ejemplo8.py took 0.671 seconds
[2025-06-05T02:28:28.127+0000] {processor.py:186} INFO - Started process (PID=5556) to work on /opt/airflow/dags/Sesion3/Ejemplo8.py
[2025-06-05T02:28:28.128+0000] {processor.py:914} INFO - Processing file /opt/airflow/dags/Sesion3/Ejemplo8.py for tasks to queue
[2025-06-05T02:28:28.130+0000] {logging_mixin.py:190} INFO - [2025-06-05T02:28:28.130+0000] {dagbag.py:588} INFO - Filling up the DagBag from /opt/airflow/dags/Sesion3/Ejemplo8.py
[2025-06-05T02:28:28.729+0000] {processor.py:925} INFO - DAG(s) 'etl_dag' retrieved from /opt/airflow/dags/Sesion3/Ejemplo8.py
[2025-06-05T02:28:28.749+0000] {logging_mixin.py:190} INFO - [2025-06-05T02:28:28.748+0000] {dag.py:3239} INFO - Sync 1 DAGs
[2025-06-05T02:28:28.773+0000] {logging_mixin.py:190} INFO - [2025-06-05T02:28:28.773+0000] {dag.py:4180} INFO - Setting next_dagrun for etl_dag to 2025-05-30 00:00:00+00:00, run_after=2025-05-31 00:00:00+00:00
[2025-06-05T02:28:28.789+0000] {processor.py:208} INFO - Processing /opt/airflow/dags/Sesion3/Ejemplo8.py took 0.669 seconds
[2025-06-05T02:28:59.443+0000] {processor.py:186} INFO - Started process (PID=5671) to work on /opt/airflow/dags/Sesion3/Ejemplo8.py
[2025-06-05T02:28:59.444+0000] {processor.py:914} INFO - Processing file /opt/airflow/dags/Sesion3/Ejemplo8.py for tasks to queue
[2025-06-05T02:28:59.446+0000] {logging_mixin.py:190} INFO - [2025-06-05T02:28:59.446+0000] {dagbag.py:588} INFO - Filling up the DagBag from /opt/airflow/dags/Sesion3/Ejemplo8.py
[2025-06-05T02:29:00.261+0000] {processor.py:925} INFO - DAG(s) 'etl_dag' retrieved from /opt/airflow/dags/Sesion3/Ejemplo8.py
[2025-06-05T02:29:00.283+0000] {logging_mixin.py:190} INFO - [2025-06-05T02:29:00.282+0000] {dag.py:3239} INFO - Sync 1 DAGs
[2025-06-05T02:29:00.307+0000] {logging_mixin.py:190} INFO - [2025-06-05T02:29:00.307+0000] {dag.py:4180} INFO - Setting next_dagrun for etl_dag to 2025-05-30 00:00:00+00:00, run_after=2025-05-31 00:00:00+00:00
[2025-06-05T02:29:00.324+0000] {processor.py:208} INFO - Processing /opt/airflow/dags/Sesion3/Ejemplo8.py took 0.887 seconds
[2025-06-05T02:29:30.889+0000] {processor.py:186} INFO - Started process (PID=5786) to work on /opt/airflow/dags/Sesion3/Ejemplo8.py
[2025-06-05T02:29:30.890+0000] {processor.py:914} INFO - Processing file /opt/airflow/dags/Sesion3/Ejemplo8.py for tasks to queue
[2025-06-05T02:29:30.892+0000] {logging_mixin.py:190} INFO - [2025-06-05T02:29:30.892+0000] {dagbag.py:588} INFO - Filling up the DagBag from /opt/airflow/dags/Sesion3/Ejemplo8.py
[2025-06-05T02:29:31.707+0000] {processor.py:925} INFO - DAG(s) 'etl_dag' retrieved from /opt/airflow/dags/Sesion3/Ejemplo8.py
[2025-06-05T02:29:31.751+0000] {logging_mixin.py:190} INFO - [2025-06-05T02:29:31.750+0000] {dag.py:3239} INFO - Sync 1 DAGs
[2025-06-05T02:29:31.777+0000] {logging_mixin.py:190} INFO - [2025-06-05T02:29:31.776+0000] {dag.py:4180} INFO - Setting next_dagrun for etl_dag to 2025-05-30 00:00:00+00:00, run_after=2025-05-31 00:00:00+00:00
[2025-06-05T02:29:31.796+0000] {processor.py:208} INFO - Processing /opt/airflow/dags/Sesion3/Ejemplo8.py took 0.913 seconds
[2025-06-05T02:30:02.328+0000] {processor.py:186} INFO - Started process (PID=5901) to work on /opt/airflow/dags/Sesion3/Ejemplo8.py
[2025-06-05T02:30:02.329+0000] {processor.py:914} INFO - Processing file /opt/airflow/dags/Sesion3/Ejemplo8.py for tasks to queue
[2025-06-05T02:30:02.331+0000] {logging_mixin.py:190} INFO - [2025-06-05T02:30:02.331+0000] {dagbag.py:588} INFO - Filling up the DagBag from /opt/airflow/dags/Sesion3/Ejemplo8.py
[2025-06-05T02:30:03.022+0000] {processor.py:925} INFO - DAG(s) 'etl_dag' retrieved from /opt/airflow/dags/Sesion3/Ejemplo8.py
[2025-06-05T02:30:03.041+0000] {logging_mixin.py:190} INFO - [2025-06-05T02:30:03.041+0000] {dag.py:3239} INFO - Sync 1 DAGs
[2025-06-05T02:30:03.064+0000] {logging_mixin.py:190} INFO - [2025-06-05T02:30:03.064+0000] {dag.py:4180} INFO - Setting next_dagrun for etl_dag to 2025-05-30 00:00:00+00:00, run_after=2025-05-31 00:00:00+00:00
[2025-06-05T02:30:03.082+0000] {processor.py:208} INFO - Processing /opt/airflow/dags/Sesion3/Ejemplo8.py took 0.761 seconds
[2025-06-05T02:30:33.193+0000] {processor.py:186} INFO - Started process (PID=6019) to work on /opt/airflow/dags/Sesion3/Ejemplo8.py
[2025-06-05T02:30:33.194+0000] {processor.py:914} INFO - Processing file /opt/airflow/dags/Sesion3/Ejemplo8.py for tasks to queue
[2025-06-05T02:30:33.197+0000] {logging_mixin.py:190} INFO - [2025-06-05T02:30:33.196+0000] {dagbag.py:588} INFO - Filling up the DagBag from /opt/airflow/dags/Sesion3/Ejemplo8.py
[2025-06-05T02:30:33.889+0000] {processor.py:925} INFO - DAG(s) 'etl_dag' retrieved from /opt/airflow/dags/Sesion3/Ejemplo8.py
[2025-06-05T02:30:33.910+0000] {logging_mixin.py:190} INFO - [2025-06-05T02:30:33.910+0000] {dag.py:3239} INFO - Sync 1 DAGs
[2025-06-05T02:30:33.944+0000] {logging_mixin.py:190} INFO - [2025-06-05T02:30:33.944+0000] {dag.py:4180} INFO - Setting next_dagrun for etl_dag to 2025-05-30 00:00:00+00:00, run_after=2025-05-31 00:00:00+00:00
[2025-06-05T02:30:33.979+0000] {processor.py:208} INFO - Processing /opt/airflow/dags/Sesion3/Ejemplo8.py took 0.805 seconds
[2025-06-05T02:31:04.156+0000] {processor.py:186} INFO - Started process (PID=6131) to work on /opt/airflow/dags/Sesion3/Ejemplo8.py
[2025-06-05T02:31:04.157+0000] {processor.py:914} INFO - Processing file /opt/airflow/dags/Sesion3/Ejemplo8.py for tasks to queue
[2025-06-05T02:31:04.160+0000] {logging_mixin.py:190} INFO - [2025-06-05T02:31:04.160+0000] {dagbag.py:588} INFO - Filling up the DagBag from /opt/airflow/dags/Sesion3/Ejemplo8.py
[2025-06-05T02:31:04.793+0000] {processor.py:925} INFO - DAG(s) 'etl_dag' retrieved from /opt/airflow/dags/Sesion3/Ejemplo8.py
[2025-06-05T02:31:04.813+0000] {logging_mixin.py:190} INFO - [2025-06-05T02:31:04.812+0000] {dag.py:3239} INFO - Sync 1 DAGs
[2025-06-05T02:31:04.841+0000] {logging_mixin.py:190} INFO - [2025-06-05T02:31:04.841+0000] {dag.py:4180} INFO - Setting next_dagrun for etl_dag to 2025-05-30 00:00:00+00:00, run_after=2025-05-31 00:00:00+00:00
[2025-06-05T02:31:04.857+0000] {processor.py:208} INFO - Processing /opt/airflow/dags/Sesion3/Ejemplo8.py took 0.713 seconds
[2025-06-05T02:31:35.195+0000] {processor.py:186} INFO - Started process (PID=6246) to work on /opt/airflow/dags/Sesion3/Ejemplo8.py
[2025-06-05T02:31:35.196+0000] {processor.py:914} INFO - Processing file /opt/airflow/dags/Sesion3/Ejemplo8.py for tasks to queue
[2025-06-05T02:31:35.198+0000] {logging_mixin.py:190} INFO - [2025-06-05T02:31:35.198+0000] {dagbag.py:588} INFO - Filling up the DagBag from /opt/airflow/dags/Sesion3/Ejemplo8.py
[2025-06-05T02:31:35.803+0000] {processor.py:925} INFO - DAG(s) 'etl_dag' retrieved from /opt/airflow/dags/Sesion3/Ejemplo8.py
[2025-06-05T02:31:35.822+0000] {logging_mixin.py:190} INFO - [2025-06-05T02:31:35.822+0000] {dag.py:3239} INFO - Sync 1 DAGs
[2025-06-05T02:31:35.863+0000] {logging_mixin.py:190} INFO - [2025-06-05T02:31:35.863+0000] {dag.py:4180} INFO - Setting next_dagrun for etl_dag to 2025-05-30 00:00:00+00:00, run_after=2025-05-31 00:00:00+00:00
[2025-06-05T02:31:35.895+0000] {processor.py:208} INFO - Processing /opt/airflow/dags/Sesion3/Ejemplo8.py took 0.707 seconds
[2025-06-05T02:32:06.465+0000] {processor.py:186} INFO - Started process (PID=6361) to work on /opt/airflow/dags/Sesion3/Ejemplo8.py
[2025-06-05T02:32:06.466+0000] {processor.py:914} INFO - Processing file /opt/airflow/dags/Sesion3/Ejemplo8.py for tasks to queue
[2025-06-05T02:32:06.468+0000] {logging_mixin.py:190} INFO - [2025-06-05T02:32:06.468+0000] {dagbag.py:588} INFO - Filling up the DagBag from /opt/airflow/dags/Sesion3/Ejemplo8.py
[2025-06-05T02:32:07.071+0000] {processor.py:925} INFO - DAG(s) 'etl_dag' retrieved from /opt/airflow/dags/Sesion3/Ejemplo8.py
[2025-06-05T02:32:07.094+0000] {logging_mixin.py:190} INFO - [2025-06-05T02:32:07.093+0000] {dag.py:3239} INFO - Sync 1 DAGs
[2025-06-05T02:32:07.123+0000] {logging_mixin.py:190} INFO - [2025-06-05T02:32:07.123+0000] {dag.py:4180} INFO - Setting next_dagrun for etl_dag to 2025-05-30 00:00:00+00:00, run_after=2025-05-31 00:00:00+00:00
[2025-06-05T02:32:07.153+0000] {processor.py:208} INFO - Processing /opt/airflow/dags/Sesion3/Ejemplo8.py took 0.694 seconds
[2025-06-05T02:32:37.514+0000] {processor.py:186} INFO - Started process (PID=6476) to work on /opt/airflow/dags/Sesion3/Ejemplo8.py
[2025-06-05T02:32:37.515+0000] {processor.py:914} INFO - Processing file /opt/airflow/dags/Sesion3/Ejemplo8.py for tasks to queue
[2025-06-05T02:32:37.517+0000] {logging_mixin.py:190} INFO - [2025-06-05T02:32:37.517+0000] {dagbag.py:588} INFO - Filling up the DagBag from /opt/airflow/dags/Sesion3/Ejemplo8.py
[2025-06-05T02:32:38.229+0000] {processor.py:925} INFO - DAG(s) 'etl_dag' retrieved from /opt/airflow/dags/Sesion3/Ejemplo8.py
[2025-06-05T02:32:38.248+0000] {logging_mixin.py:190} INFO - [2025-06-05T02:32:38.247+0000] {dag.py:3239} INFO - Sync 1 DAGs
[2025-06-05T02:32:38.271+0000] {logging_mixin.py:190} INFO - [2025-06-05T02:32:38.271+0000] {dag.py:4180} INFO - Setting next_dagrun for etl_dag to 2025-05-30 00:00:00+00:00, run_after=2025-05-31 00:00:00+00:00
[2025-06-05T02:32:38.288+0000] {processor.py:208} INFO - Processing /opt/airflow/dags/Sesion3/Ejemplo8.py took 0.781 seconds
[2025-06-05T02:33:08.352+0000] {processor.py:186} INFO - Started process (PID=6591) to work on /opt/airflow/dags/Sesion3/Ejemplo8.py
[2025-06-05T02:33:08.353+0000] {processor.py:914} INFO - Processing file /opt/airflow/dags/Sesion3/Ejemplo8.py for tasks to queue
[2025-06-05T02:33:08.356+0000] {logging_mixin.py:190} INFO - [2025-06-05T02:33:08.355+0000] {dagbag.py:588} INFO - Filling up the DagBag from /opt/airflow/dags/Sesion3/Ejemplo8.py
[2025-06-05T02:33:08.948+0000] {processor.py:925} INFO - DAG(s) 'etl_dag' retrieved from /opt/airflow/dags/Sesion3/Ejemplo8.py
[2025-06-05T02:33:08.967+0000] {logging_mixin.py:190} INFO - [2025-06-05T02:33:08.967+0000] {dag.py:3239} INFO - Sync 1 DAGs
[2025-06-05T02:33:08.992+0000] {logging_mixin.py:190} INFO - [2025-06-05T02:33:08.992+0000] {dag.py:4180} INFO - Setting next_dagrun for etl_dag to 2025-05-30 00:00:00+00:00, run_after=2025-05-31 00:00:00+00:00
[2025-06-05T02:33:09.009+0000] {processor.py:208} INFO - Processing /opt/airflow/dags/Sesion3/Ejemplo8.py took 0.664 seconds
[2025-06-05T02:33:39.492+0000] {processor.py:186} INFO - Started process (PID=6706) to work on /opt/airflow/dags/Sesion3/Ejemplo8.py
[2025-06-05T02:33:39.493+0000] {processor.py:914} INFO - Processing file /opt/airflow/dags/Sesion3/Ejemplo8.py for tasks to queue
[2025-06-05T02:33:39.496+0000] {logging_mixin.py:190} INFO - [2025-06-05T02:33:39.495+0000] {dagbag.py:588} INFO - Filling up the DagBag from /opt/airflow/dags/Sesion3/Ejemplo8.py
[2025-06-05T02:33:39.903+0000] {processor.py:925} INFO - DAG(s) 'etl_dag' retrieved from /opt/airflow/dags/Sesion3/Ejemplo8.py
[2025-06-05T02:33:39.926+0000] {logging_mixin.py:190} INFO - [2025-06-05T02:33:39.926+0000] {dag.py:3239} INFO - Sync 1 DAGs
[2025-06-05T02:33:39.953+0000] {logging_mixin.py:190} INFO - [2025-06-05T02:33:39.953+0000] {dag.py:4180} INFO - Setting next_dagrun for etl_dag to 2025-05-30 00:00:00+00:00, run_after=2025-05-31 00:00:00+00:00
[2025-06-05T02:33:39.972+0000] {processor.py:208} INFO - Processing /opt/airflow/dags/Sesion3/Ejemplo8.py took 0.487 seconds
[2025-06-05T02:34:10.354+0000] {processor.py:186} INFO - Started process (PID=6821) to work on /opt/airflow/dags/Sesion3/Ejemplo8.py
[2025-06-05T02:34:10.355+0000] {processor.py:914} INFO - Processing file /opt/airflow/dags/Sesion3/Ejemplo8.py for tasks to queue
[2025-06-05T02:34:10.358+0000] {logging_mixin.py:190} INFO - [2025-06-05T02:34:10.357+0000] {dagbag.py:588} INFO - Filling up the DagBag from /opt/airflow/dags/Sesion3/Ejemplo8.py
[2025-06-05T02:34:10.774+0000] {processor.py:925} INFO - DAG(s) 'etl_dag' retrieved from /opt/airflow/dags/Sesion3/Ejemplo8.py
[2025-06-05T02:34:10.797+0000] {logging_mixin.py:190} INFO - [2025-06-05T02:34:10.796+0000] {dag.py:3239} INFO - Sync 1 DAGs
[2025-06-05T02:34:10.822+0000] {logging_mixin.py:190} INFO - [2025-06-05T02:34:10.822+0000] {dag.py:4180} INFO - Setting next_dagrun for etl_dag to 2025-05-30 00:00:00+00:00, run_after=2025-05-31 00:00:00+00:00
[2025-06-05T02:34:10.839+0000] {processor.py:208} INFO - Processing /opt/airflow/dags/Sesion3/Ejemplo8.py took 0.492 seconds
[2025-06-05T05:21:09.393+0000] {processor.py:186} INFO - Started process (PID=249) to work on /opt/airflow/dags/Sesion3/Ejemplo8.py
[2025-06-05T05:21:09.398+0000] {processor.py:914} INFO - Processing file /opt/airflow/dags/Sesion3/Ejemplo8.py for tasks to queue
[2025-06-05T05:21:09.404+0000] {logging_mixin.py:190} INFO - [2025-06-05T05:21:09.403+0000] {dagbag.py:588} INFO - Filling up the DagBag from /opt/airflow/dags/Sesion3/Ejemplo8.py
[2025-06-05T05:21:11.576+0000] {processor.py:925} INFO - DAG(s) 'etl_dag' retrieved from /opt/airflow/dags/Sesion3/Ejemplo8.py
[2025-06-05T05:21:11.638+0000] {logging_mixin.py:190} INFO - [2025-06-05T05:21:11.637+0000] {dag.py:3239} INFO - Sync 1 DAGs
[2025-06-05T05:21:11.715+0000] {logging_mixin.py:190} INFO - [2025-06-05T05:21:11.715+0000] {dag.py:4180} INFO - Setting next_dagrun for etl_dag to 2025-05-30 00:00:00+00:00, run_after=2025-05-31 00:00:00+00:00
[2025-06-05T05:21:11.759+0000] {processor.py:208} INFO - Processing /opt/airflow/dags/Sesion3/Ejemplo8.py took 2.389 seconds
[2025-06-05T05:21:41.905+0000] {processor.py:186} INFO - Started process (PID=376) to work on /opt/airflow/dags/Sesion3/Ejemplo8.py
[2025-06-05T05:21:41.906+0000] {processor.py:914} INFO - Processing file /opt/airflow/dags/Sesion3/Ejemplo8.py for tasks to queue
[2025-06-05T05:21:41.908+0000] {logging_mixin.py:190} INFO - [2025-06-05T05:21:41.908+0000] {dagbag.py:588} INFO - Filling up the DagBag from /opt/airflow/dags/Sesion3/Ejemplo8.py
[2025-06-05T05:21:42.379+0000] {processor.py:925} INFO - DAG(s) 'etl_dag' retrieved from /opt/airflow/dags/Sesion3/Ejemplo8.py
[2025-06-05T05:21:42.401+0000] {logging_mixin.py:190} INFO - [2025-06-05T05:21:42.400+0000] {dag.py:3239} INFO - Sync 1 DAGs
[2025-06-05T05:21:42.421+0000] {logging_mixin.py:190} INFO - [2025-06-05T05:21:42.421+0000] {dag.py:4180} INFO - Setting next_dagrun for etl_dag to 2025-05-30 00:00:00+00:00, run_after=2025-05-31 00:00:00+00:00
[2025-06-05T05:21:42.445+0000] {processor.py:208} INFO - Processing /opt/airflow/dags/Sesion3/Ejemplo8.py took 0.546 seconds
