[2025-06-05T02:01:23.266+0000] {processor.py:186} INFO - Started process (PID=263) to work on /opt/airflow/dags/Sesion3/Ejemplo9.py
[2025-06-05T02:01:23.269+0000] {processor.py:914} INFO - Processing file /opt/airflow/dags/Sesion3/Ejemplo9.py for tasks to queue
[2025-06-05T02:01:23.274+0000] {logging_mixin.py:190} INFO - [2025-06-05T02:01:23.273+0000] {dagbag.py:588} INFO - Filling up the DagBag from /opt/airflow/dags/Sesion3/Ejemplo9.py
[2025-06-05T02:01:24.641+0000] {processor.py:925} INFO - DAG(s) 'parallel_etl_dag' retrieved from /opt/airflow/dags/Sesion3/Ejemplo9.py
[2025-06-05T02:01:24.675+0000] {logging_mixin.py:190} INFO - [2025-06-05T02:01:24.674+0000] {dag.py:3239} INFO - Sync 1 DAGs
[2025-06-05T02:01:24.705+0000] {logging_mixin.py:190} INFO - [2025-06-05T02:01:24.704+0000] {dag.py:4180} INFO - Setting next_dagrun for parallel_etl_dag to 2023-01-01 00:00:00+00:00, run_after=2023-01-02 00:00:00+00:00
[2025-06-05T02:01:24.781+0000] {processor.py:208} INFO - Processing /opt/airflow/dags/Sesion3/Ejemplo9.py took 1.535 seconds
[2025-06-05T02:01:57.020+0000] {processor.py:186} INFO - Started process (PID=393) to work on /opt/airflow/dags/Sesion3/Ejemplo9.py
[2025-06-05T02:01:57.023+0000] {processor.py:914} INFO - Processing file /opt/airflow/dags/Sesion3/Ejemplo9.py for tasks to queue
[2025-06-05T02:01:57.027+0000] {logging_mixin.py:190} INFO - [2025-06-05T02:01:57.026+0000] {dagbag.py:588} INFO - Filling up the DagBag from /opt/airflow/dags/Sesion3/Ejemplo9.py
[2025-06-05T02:01:58.847+0000] {processor.py:925} INFO - DAG(s) 'parallel_etl_dag' retrieved from /opt/airflow/dags/Sesion3/Ejemplo9.py
[2025-06-05T02:01:58.969+0000] {logging_mixin.py:190} INFO - [2025-06-05T02:01:58.969+0000] {dag.py:3239} INFO - Sync 1 DAGs
[2025-06-05T02:01:59.089+0000] {logging_mixin.py:190} INFO - [2025-06-05T02:01:59.089+0000] {dag.py:4180} INFO - Setting next_dagrun for parallel_etl_dag to 2023-01-01 00:00:00+00:00, run_after=2023-01-02 00:00:00+00:00
[2025-06-05T02:01:59.116+0000] {processor.py:208} INFO - Processing /opt/airflow/dags/Sesion3/Ejemplo9.py took 2.107 seconds
[2025-06-05T02:04:32.290+0000] {processor.py:186} INFO - Started process (PID=245) to work on /opt/airflow/dags/Sesion3/Ejemplo9.py
[2025-06-05T02:04:32.300+0000] {processor.py:914} INFO - Processing file /opt/airflow/dags/Sesion3/Ejemplo9.py for tasks to queue
[2025-06-05T02:04:32.313+0000] {logging_mixin.py:190} INFO - [2025-06-05T02:04:32.313+0000] {dagbag.py:588} INFO - Filling up the DagBag from /opt/airflow/dags/Sesion3/Ejemplo9.py
[2025-06-05T02:04:34.056+0000] {processor.py:925} INFO - DAG(s) 'parallel_etl_dag' retrieved from /opt/airflow/dags/Sesion3/Ejemplo9.py
[2025-06-05T02:04:34.119+0000] {logging_mixin.py:190} INFO - [2025-06-05T02:04:34.118+0000] {dag.py:3239} INFO - Sync 1 DAGs
[2025-06-05T02:04:34.220+0000] {logging_mixin.py:190} INFO - [2025-06-05T02:04:34.218+0000] {dag.py:4180} INFO - Setting next_dagrun for parallel_etl_dag to 2023-01-01 00:00:00+00:00, run_after=2023-01-02 00:00:00+00:00
[2025-06-05T02:04:34.262+0000] {processor.py:208} INFO - Processing /opt/airflow/dags/Sesion3/Ejemplo9.py took 2.005 seconds
[2025-06-05T02:05:04.364+0000] {processor.py:186} INFO - Started process (PID=367) to work on /opt/airflow/dags/Sesion3/Ejemplo9.py
[2025-06-05T02:05:04.365+0000] {processor.py:914} INFO - Processing file /opt/airflow/dags/Sesion3/Ejemplo9.py for tasks to queue
[2025-06-05T02:05:04.366+0000] {logging_mixin.py:190} INFO - [2025-06-05T02:05:04.366+0000] {dagbag.py:588} INFO - Filling up the DagBag from /opt/airflow/dags/Sesion3/Ejemplo9.py
[2025-06-05T02:05:04.792+0000] {processor.py:925} INFO - DAG(s) 'parallel_etl_dag' retrieved from /opt/airflow/dags/Sesion3/Ejemplo9.py
[2025-06-05T02:05:04.808+0000] {logging_mixin.py:190} INFO - [2025-06-05T02:05:04.807+0000] {dag.py:3239} INFO - Sync 1 DAGs
[2025-06-05T02:05:04.824+0000] {logging_mixin.py:190} INFO - [2025-06-05T02:05:04.824+0000] {dag.py:4180} INFO - Setting next_dagrun for parallel_etl_dag to 2023-01-01 00:00:00+00:00, run_after=2023-01-02 00:00:00+00:00
[2025-06-05T02:05:04.836+0000] {processor.py:208} INFO - Processing /opt/airflow/dags/Sesion3/Ejemplo9.py took 0.477 seconds
[2025-06-05T02:05:35.283+0000] {processor.py:186} INFO - Started process (PID=474) to work on /opt/airflow/dags/Sesion3/Ejemplo9.py
[2025-06-05T02:05:35.284+0000] {processor.py:914} INFO - Processing file /opt/airflow/dags/Sesion3/Ejemplo9.py for tasks to queue
[2025-06-05T02:05:35.286+0000] {logging_mixin.py:190} INFO - [2025-06-05T02:05:35.286+0000] {dagbag.py:588} INFO - Filling up the DagBag from /opt/airflow/dags/Sesion3/Ejemplo9.py
[2025-06-05T02:05:35.904+0000] {processor.py:925} INFO - DAG(s) 'parallel_etl_dag' retrieved from /opt/airflow/dags/Sesion3/Ejemplo9.py
[2025-06-05T02:05:35.928+0000] {logging_mixin.py:190} INFO - [2025-06-05T02:05:35.927+0000] {dag.py:3239} INFO - Sync 1 DAGs
[2025-06-05T02:05:35.950+0000] {logging_mixin.py:190} INFO - [2025-06-05T02:05:35.950+0000] {dag.py:4180} INFO - Setting next_dagrun for parallel_etl_dag to 2023-01-01 00:00:00+00:00, run_after=2023-01-02 00:00:00+00:00
[2025-06-05T02:05:35.965+0000] {processor.py:208} INFO - Processing /opt/airflow/dags/Sesion3/Ejemplo9.py took 0.689 seconds
[2025-06-05T02:06:06.480+0000] {processor.py:186} INFO - Started process (PID=589) to work on /opt/airflow/dags/Sesion3/Ejemplo9.py
[2025-06-05T02:06:06.481+0000] {processor.py:914} INFO - Processing file /opt/airflow/dags/Sesion3/Ejemplo9.py for tasks to queue
[2025-06-05T02:06:06.483+0000] {logging_mixin.py:190} INFO - [2025-06-05T02:06:06.483+0000] {dagbag.py:588} INFO - Filling up the DagBag from /opt/airflow/dags/Sesion3/Ejemplo9.py
[2025-06-05T02:06:07.171+0000] {processor.py:925} INFO - DAG(s) 'parallel_etl_dag' retrieved from /opt/airflow/dags/Sesion3/Ejemplo9.py
[2025-06-05T02:06:07.192+0000] {logging_mixin.py:190} INFO - [2025-06-05T02:06:07.192+0000] {dag.py:3239} INFO - Sync 1 DAGs
[2025-06-05T02:06:07.216+0000] {logging_mixin.py:190} INFO - [2025-06-05T02:06:07.215+0000] {dag.py:4180} INFO - Setting next_dagrun for parallel_etl_dag to 2023-01-01 00:00:00+00:00, run_after=2023-01-02 00:00:00+00:00
[2025-06-05T02:06:07.232+0000] {processor.py:208} INFO - Processing /opt/airflow/dags/Sesion3/Ejemplo9.py took 0.759 seconds
[2025-06-05T02:06:37.568+0000] {processor.py:186} INFO - Started process (PID=704) to work on /opt/airflow/dags/Sesion3/Ejemplo9.py
[2025-06-05T02:06:37.569+0000] {processor.py:914} INFO - Processing file /opt/airflow/dags/Sesion3/Ejemplo9.py for tasks to queue
[2025-06-05T02:06:37.572+0000] {logging_mixin.py:190} INFO - [2025-06-05T02:06:37.571+0000] {dagbag.py:588} INFO - Filling up the DagBag from /opt/airflow/dags/Sesion3/Ejemplo9.py
[2025-06-05T02:06:38.153+0000] {processor.py:925} INFO - DAG(s) 'parallel_etl_dag' retrieved from /opt/airflow/dags/Sesion3/Ejemplo9.py
[2025-06-05T02:06:38.174+0000] {logging_mixin.py:190} INFO - [2025-06-05T02:06:38.173+0000] {dag.py:3239} INFO - Sync 1 DAGs
[2025-06-05T02:06:38.209+0000] {logging_mixin.py:190} INFO - [2025-06-05T02:06:38.209+0000] {dag.py:4180} INFO - Setting next_dagrun for parallel_etl_dag to 2023-01-01 00:00:00+00:00, run_after=2023-01-02 00:00:00+00:00
[2025-06-05T02:06:38.225+0000] {processor.py:208} INFO - Processing /opt/airflow/dags/Sesion3/Ejemplo9.py took 0.663 seconds
[2025-06-05T02:07:08.599+0000] {processor.py:186} INFO - Started process (PID=819) to work on /opt/airflow/dags/Sesion3/Ejemplo9.py
[2025-06-05T02:07:08.601+0000] {processor.py:914} INFO - Processing file /opt/airflow/dags/Sesion3/Ejemplo9.py for tasks to queue
[2025-06-05T02:07:08.607+0000] {logging_mixin.py:190} INFO - [2025-06-05T02:07:08.606+0000] {dagbag.py:588} INFO - Filling up the DagBag from /opt/airflow/dags/Sesion3/Ejemplo9.py
[2025-06-05T02:07:09.368+0000] {processor.py:925} INFO - DAG(s) 'parallel_etl_dag' retrieved from /opt/airflow/dags/Sesion3/Ejemplo9.py
[2025-06-05T02:07:09.390+0000] {logging_mixin.py:190} INFO - [2025-06-05T02:07:09.390+0000] {dag.py:3239} INFO - Sync 1 DAGs
[2025-06-05T02:07:09.415+0000] {logging_mixin.py:190} INFO - [2025-06-05T02:07:09.415+0000] {dag.py:4180} INFO - Setting next_dagrun for parallel_etl_dag to 2023-01-01 00:00:00+00:00, run_after=2023-01-02 00:00:00+00:00
[2025-06-05T02:07:09.430+0000] {processor.py:208} INFO - Processing /opt/airflow/dags/Sesion3/Ejemplo9.py took 0.849 seconds
[2025-06-05T02:07:40.066+0000] {processor.py:186} INFO - Started process (PID=934) to work on /opt/airflow/dags/Sesion3/Ejemplo9.py
[2025-06-05T02:07:40.067+0000] {processor.py:914} INFO - Processing file /opt/airflow/dags/Sesion3/Ejemplo9.py for tasks to queue
[2025-06-05T02:07:40.069+0000] {logging_mixin.py:190} INFO - [2025-06-05T02:07:40.069+0000] {dagbag.py:588} INFO - Filling up the DagBag from /opt/airflow/dags/Sesion3/Ejemplo9.py
[2025-06-05T02:07:40.651+0000] {processor.py:925} INFO - DAG(s) 'parallel_etl_dag' retrieved from /opt/airflow/dags/Sesion3/Ejemplo9.py
[2025-06-05T02:07:40.674+0000] {logging_mixin.py:190} INFO - [2025-06-05T02:07:40.673+0000] {dag.py:3239} INFO - Sync 1 DAGs
[2025-06-05T02:07:40.699+0000] {logging_mixin.py:190} INFO - [2025-06-05T02:07:40.699+0000] {dag.py:4180} INFO - Setting next_dagrun for parallel_etl_dag to 2023-01-01 00:00:00+00:00, run_after=2023-01-02 00:00:00+00:00
[2025-06-05T02:07:40.715+0000] {processor.py:208} INFO - Processing /opt/airflow/dags/Sesion3/Ejemplo9.py took 0.656 seconds
[2025-06-05T02:08:11.346+0000] {processor.py:186} INFO - Started process (PID=1049) to work on /opt/airflow/dags/Sesion3/Ejemplo9.py
[2025-06-05T02:08:11.346+0000] {processor.py:914} INFO - Processing file /opt/airflow/dags/Sesion3/Ejemplo9.py for tasks to queue
[2025-06-05T02:08:11.349+0000] {logging_mixin.py:190} INFO - [2025-06-05T02:08:11.348+0000] {dagbag.py:588} INFO - Filling up the DagBag from /opt/airflow/dags/Sesion3/Ejemplo9.py
[2025-06-05T02:08:11.929+0000] {processor.py:925} INFO - DAG(s) 'parallel_etl_dag' retrieved from /opt/airflow/dags/Sesion3/Ejemplo9.py
[2025-06-05T02:08:11.952+0000] {logging_mixin.py:190} INFO - [2025-06-05T02:08:11.951+0000] {dag.py:3239} INFO - Sync 1 DAGs
[2025-06-05T02:08:11.995+0000] {logging_mixin.py:190} INFO - [2025-06-05T02:08:11.994+0000] {dag.py:4180} INFO - Setting next_dagrun for parallel_etl_dag to 2023-01-01 00:00:00+00:00, run_after=2023-01-02 00:00:00+00:00
[2025-06-05T02:08:12.016+0000] {processor.py:208} INFO - Processing /opt/airflow/dags/Sesion3/Ejemplo9.py took 0.681 seconds
[2025-06-05T02:08:42.397+0000] {processor.py:186} INFO - Started process (PID=1164) to work on /opt/airflow/dags/Sesion3/Ejemplo9.py
[2025-06-05T02:08:42.398+0000] {processor.py:914} INFO - Processing file /opt/airflow/dags/Sesion3/Ejemplo9.py for tasks to queue
[2025-06-05T02:08:42.401+0000] {logging_mixin.py:190} INFO - [2025-06-05T02:08:42.401+0000] {dagbag.py:588} INFO - Filling up the DagBag from /opt/airflow/dags/Sesion3/Ejemplo9.py
[2025-06-05T02:08:42.999+0000] {processor.py:925} INFO - DAG(s) 'parallel_etl_dag' retrieved from /opt/airflow/dags/Sesion3/Ejemplo9.py
[2025-06-05T02:08:43.021+0000] {logging_mixin.py:190} INFO - [2025-06-05T02:08:43.021+0000] {dag.py:3239} INFO - Sync 1 DAGs
[2025-06-05T02:08:43.048+0000] {logging_mixin.py:190} INFO - [2025-06-05T02:08:43.048+0000] {dag.py:4180} INFO - Setting next_dagrun for parallel_etl_dag to 2023-01-01 00:00:00+00:00, run_after=2023-01-02 00:00:00+00:00
[2025-06-05T02:08:43.066+0000] {processor.py:208} INFO - Processing /opt/airflow/dags/Sesion3/Ejemplo9.py took 0.676 seconds
[2025-06-05T02:09:13.390+0000] {processor.py:186} INFO - Started process (PID=1279) to work on /opt/airflow/dags/Sesion3/Ejemplo9.py
[2025-06-05T02:09:13.393+0000] {processor.py:914} INFO - Processing file /opt/airflow/dags/Sesion3/Ejemplo9.py for tasks to queue
[2025-06-05T02:09:13.398+0000] {logging_mixin.py:190} INFO - [2025-06-05T02:09:13.397+0000] {dagbag.py:588} INFO - Filling up the DagBag from /opt/airflow/dags/Sesion3/Ejemplo9.py
[2025-06-05T02:09:13.981+0000] {processor.py:925} INFO - DAG(s) 'parallel_etl_dag' retrieved from /opt/airflow/dags/Sesion3/Ejemplo9.py
[2025-06-05T02:09:14.004+0000] {logging_mixin.py:190} INFO - [2025-06-05T02:09:14.003+0000] {dag.py:3239} INFO - Sync 1 DAGs
[2025-06-05T02:09:14.029+0000] {logging_mixin.py:190} INFO - [2025-06-05T02:09:14.029+0000] {dag.py:4180} INFO - Setting next_dagrun for parallel_etl_dag to 2023-01-01 00:00:00+00:00, run_after=2023-01-02 00:00:00+00:00
[2025-06-05T02:09:14.045+0000] {processor.py:208} INFO - Processing /opt/airflow/dags/Sesion3/Ejemplo9.py took 0.668 seconds
[2025-06-05T02:09:44.617+0000] {processor.py:186} INFO - Started process (PID=1394) to work on /opt/airflow/dags/Sesion3/Ejemplo9.py
[2025-06-05T02:09:44.617+0000] {processor.py:914} INFO - Processing file /opt/airflow/dags/Sesion3/Ejemplo9.py for tasks to queue
[2025-06-05T02:09:44.620+0000] {logging_mixin.py:190} INFO - [2025-06-05T02:09:44.619+0000] {dagbag.py:588} INFO - Filling up the DagBag from /opt/airflow/dags/Sesion3/Ejemplo9.py
[2025-06-05T02:09:45.215+0000] {processor.py:925} INFO - DAG(s) 'parallel_etl_dag' retrieved from /opt/airflow/dags/Sesion3/Ejemplo9.py
[2025-06-05T02:09:45.261+0000] {logging_mixin.py:190} INFO - [2025-06-05T02:09:45.260+0000] {dag.py:3239} INFO - Sync 1 DAGs
[2025-06-05T02:09:45.300+0000] {logging_mixin.py:190} INFO - [2025-06-05T02:09:45.299+0000] {dag.py:4180} INFO - Setting next_dagrun for parallel_etl_dag to 2023-01-01 00:00:00+00:00, run_after=2023-01-02 00:00:00+00:00
[2025-06-05T02:09:45.320+0000] {processor.py:208} INFO - Processing /opt/airflow/dags/Sesion3/Ejemplo9.py took 0.712 seconds
[2025-06-05T02:10:15.688+0000] {processor.py:186} INFO - Started process (PID=1509) to work on /opt/airflow/dags/Sesion3/Ejemplo9.py
[2025-06-05T02:10:15.689+0000] {processor.py:914} INFO - Processing file /opt/airflow/dags/Sesion3/Ejemplo9.py for tasks to queue
[2025-06-05T02:10:15.691+0000] {logging_mixin.py:190} INFO - [2025-06-05T02:10:15.691+0000] {dagbag.py:588} INFO - Filling up the DagBag from /opt/airflow/dags/Sesion3/Ejemplo9.py
[2025-06-05T02:10:16.274+0000] {processor.py:925} INFO - DAG(s) 'parallel_etl_dag' retrieved from /opt/airflow/dags/Sesion3/Ejemplo9.py
[2025-06-05T02:10:16.323+0000] {logging_mixin.py:190} INFO - [2025-06-05T02:10:16.322+0000] {dag.py:3239} INFO - Sync 1 DAGs
[2025-06-05T02:10:16.377+0000] {logging_mixin.py:190} INFO - [2025-06-05T02:10:16.376+0000] {dag.py:4180} INFO - Setting next_dagrun for parallel_etl_dag to 2023-01-01 00:00:00+00:00, run_after=2023-01-02 00:00:00+00:00
[2025-06-05T02:10:16.409+0000] {processor.py:208} INFO - Processing /opt/airflow/dags/Sesion3/Ejemplo9.py took 0.728 seconds
[2025-06-05T02:10:46.828+0000] {processor.py:186} INFO - Started process (PID=1624) to work on /opt/airflow/dags/Sesion3/Ejemplo9.py
[2025-06-05T02:10:46.829+0000] {processor.py:914} INFO - Processing file /opt/airflow/dags/Sesion3/Ejemplo9.py for tasks to queue
[2025-06-05T02:10:46.833+0000] {logging_mixin.py:190} INFO - [2025-06-05T02:10:46.831+0000] {dagbag.py:588} INFO - Filling up the DagBag from /opt/airflow/dags/Sesion3/Ejemplo9.py
[2025-06-05T02:10:47.471+0000] {processor.py:925} INFO - DAG(s) 'parallel_etl_dag' retrieved from /opt/airflow/dags/Sesion3/Ejemplo9.py
[2025-06-05T02:10:47.502+0000] {logging_mixin.py:190} INFO - [2025-06-05T02:10:47.502+0000] {dag.py:3239} INFO - Sync 1 DAGs
[2025-06-05T02:10:47.527+0000] {logging_mixin.py:190} INFO - [2025-06-05T02:10:47.526+0000] {dag.py:4180} INFO - Setting next_dagrun for parallel_etl_dag to 2023-01-01 00:00:00+00:00, run_after=2023-01-02 00:00:00+00:00
[2025-06-05T02:10:47.545+0000] {processor.py:208} INFO - Processing /opt/airflow/dags/Sesion3/Ejemplo9.py took 0.723 seconds
[2025-06-05T02:11:18.188+0000] {processor.py:186} INFO - Started process (PID=1739) to work on /opt/airflow/dags/Sesion3/Ejemplo9.py
[2025-06-05T02:11:18.189+0000] {processor.py:914} INFO - Processing file /opt/airflow/dags/Sesion3/Ejemplo9.py for tasks to queue
[2025-06-05T02:11:18.191+0000] {logging_mixin.py:190} INFO - [2025-06-05T02:11:18.191+0000] {dagbag.py:588} INFO - Filling up the DagBag from /opt/airflow/dags/Sesion3/Ejemplo9.py
[2025-06-05T02:11:18.910+0000] {processor.py:925} INFO - DAG(s) 'parallel_etl_dag' retrieved from /opt/airflow/dags/Sesion3/Ejemplo9.py
[2025-06-05T02:11:18.931+0000] {logging_mixin.py:190} INFO - [2025-06-05T02:11:18.931+0000] {dag.py:3239} INFO - Sync 1 DAGs
[2025-06-05T02:11:18.956+0000] {logging_mixin.py:190} INFO - [2025-06-05T02:11:18.956+0000] {dag.py:4180} INFO - Setting next_dagrun for parallel_etl_dag to 2023-01-01 00:00:00+00:00, run_after=2023-01-02 00:00:00+00:00
[2025-06-05T02:11:18.972+0000] {processor.py:208} INFO - Processing /opt/airflow/dags/Sesion3/Ejemplo9.py took 0.791 seconds
[2025-06-05T02:11:49.279+0000] {processor.py:186} INFO - Started process (PID=1854) to work on /opt/airflow/dags/Sesion3/Ejemplo9.py
[2025-06-05T02:11:49.280+0000] {processor.py:914} INFO - Processing file /opt/airflow/dags/Sesion3/Ejemplo9.py for tasks to queue
[2025-06-05T02:11:49.282+0000] {logging_mixin.py:190} INFO - [2025-06-05T02:11:49.282+0000] {dagbag.py:588} INFO - Filling up the DagBag from /opt/airflow/dags/Sesion3/Ejemplo9.py
[2025-06-05T02:11:49.879+0000] {processor.py:925} INFO - DAG(s) 'parallel_etl_dag' retrieved from /opt/airflow/dags/Sesion3/Ejemplo9.py
[2025-06-05T02:11:49.902+0000] {logging_mixin.py:190} INFO - [2025-06-05T02:11:49.902+0000] {dag.py:3239} INFO - Sync 1 DAGs
[2025-06-05T02:11:49.927+0000] {logging_mixin.py:190} INFO - [2025-06-05T02:11:49.926+0000] {dag.py:4180} INFO - Setting next_dagrun for parallel_etl_dag to 2023-01-01 00:00:00+00:00, run_after=2023-01-02 00:00:00+00:00
[2025-06-05T02:11:49.944+0000] {processor.py:208} INFO - Processing /opt/airflow/dags/Sesion3/Ejemplo9.py took 0.671 seconds
[2025-06-05T02:12:20.167+0000] {processor.py:186} INFO - Started process (PID=1969) to work on /opt/airflow/dags/Sesion3/Ejemplo9.py
[2025-06-05T02:12:20.168+0000] {processor.py:914} INFO - Processing file /opt/airflow/dags/Sesion3/Ejemplo9.py for tasks to queue
[2025-06-05T02:12:20.170+0000] {logging_mixin.py:190} INFO - [2025-06-05T02:12:20.170+0000] {dagbag.py:588} INFO - Filling up the DagBag from /opt/airflow/dags/Sesion3/Ejemplo9.py
[2025-06-05T02:12:20.825+0000] {processor.py:925} INFO - DAG(s) 'parallel_etl_dag' retrieved from /opt/airflow/dags/Sesion3/Ejemplo9.py
[2025-06-05T02:12:20.862+0000] {logging_mixin.py:190} INFO - [2025-06-05T02:12:20.862+0000] {dag.py:3239} INFO - Sync 1 DAGs
[2025-06-05T02:12:20.884+0000] {logging_mixin.py:190} INFO - [2025-06-05T02:12:20.884+0000] {dag.py:4180} INFO - Setting next_dagrun for parallel_etl_dag to 2023-01-01 00:00:00+00:00, run_after=2023-01-02 00:00:00+00:00
[2025-06-05T02:12:20.901+0000] {processor.py:208} INFO - Processing /opt/airflow/dags/Sesion3/Ejemplo9.py took 0.741 seconds
[2025-06-05T02:12:51.513+0000] {processor.py:186} INFO - Started process (PID=2084) to work on /opt/airflow/dags/Sesion3/Ejemplo9.py
[2025-06-05T02:12:51.514+0000] {processor.py:914} INFO - Processing file /opt/airflow/dags/Sesion3/Ejemplo9.py for tasks to queue
[2025-06-05T02:12:51.516+0000] {logging_mixin.py:190} INFO - [2025-06-05T02:12:51.516+0000] {dagbag.py:588} INFO - Filling up the DagBag from /opt/airflow/dags/Sesion3/Ejemplo9.py
[2025-06-05T02:12:52.286+0000] {processor.py:925} INFO - DAG(s) 'parallel_etl_dag' retrieved from /opt/airflow/dags/Sesion3/Ejemplo9.py
[2025-06-05T02:12:52.309+0000] {logging_mixin.py:190} INFO - [2025-06-05T02:12:52.309+0000] {dag.py:3239} INFO - Sync 1 DAGs
[2025-06-05T02:12:52.333+0000] {logging_mixin.py:190} INFO - [2025-06-05T02:12:52.333+0000] {dag.py:4180} INFO - Setting next_dagrun for parallel_etl_dag to 2023-01-01 00:00:00+00:00, run_after=2023-01-02 00:00:00+00:00
[2025-06-05T02:12:52.351+0000] {processor.py:208} INFO - Processing /opt/airflow/dags/Sesion3/Ejemplo9.py took 0.845 seconds
[2025-06-05T02:13:22.766+0000] {processor.py:186} INFO - Started process (PID=2199) to work on /opt/airflow/dags/Sesion3/Ejemplo9.py
[2025-06-05T02:13:22.767+0000] {processor.py:914} INFO - Processing file /opt/airflow/dags/Sesion3/Ejemplo9.py for tasks to queue
[2025-06-05T02:13:22.770+0000] {logging_mixin.py:190} INFO - [2025-06-05T02:13:22.769+0000] {dagbag.py:588} INFO - Filling up the DagBag from /opt/airflow/dags/Sesion3/Ejemplo9.py
[2025-06-05T02:13:23.357+0000] {processor.py:925} INFO - DAG(s) 'parallel_etl_dag' retrieved from /opt/airflow/dags/Sesion3/Ejemplo9.py
[2025-06-05T02:13:23.380+0000] {logging_mixin.py:190} INFO - [2025-06-05T02:13:23.380+0000] {dag.py:3239} INFO - Sync 1 DAGs
[2025-06-05T02:13:23.405+0000] {logging_mixin.py:190} INFO - [2025-06-05T02:13:23.405+0000] {dag.py:4180} INFO - Setting next_dagrun for parallel_etl_dag to 2023-01-01 00:00:00+00:00, run_after=2023-01-02 00:00:00+00:00
[2025-06-05T02:13:23.423+0000] {processor.py:208} INFO - Processing /opt/airflow/dags/Sesion3/Ejemplo9.py took 0.664 seconds
[2025-06-05T02:13:53.907+0000] {processor.py:186} INFO - Started process (PID=2314) to work on /opt/airflow/dags/Sesion3/Ejemplo9.py
[2025-06-05T02:13:53.907+0000] {processor.py:914} INFO - Processing file /opt/airflow/dags/Sesion3/Ejemplo9.py for tasks to queue
[2025-06-05T02:13:53.910+0000] {logging_mixin.py:190} INFO - [2025-06-05T02:13:53.909+0000] {dagbag.py:588} INFO - Filling up the DagBag from /opt/airflow/dags/Sesion3/Ejemplo9.py
[2025-06-05T02:13:54.478+0000] {processor.py:925} INFO - DAG(s) 'parallel_etl_dag' retrieved from /opt/airflow/dags/Sesion3/Ejemplo9.py
[2025-06-05T02:13:54.500+0000] {logging_mixin.py:190} INFO - [2025-06-05T02:13:54.499+0000] {dag.py:3239} INFO - Sync 1 DAGs
[2025-06-05T02:13:54.523+0000] {logging_mixin.py:190} INFO - [2025-06-05T02:13:54.523+0000] {dag.py:4180} INFO - Setting next_dagrun for parallel_etl_dag to 2023-01-01 00:00:00+00:00, run_after=2023-01-02 00:00:00+00:00
[2025-06-05T02:13:54.540+0000] {processor.py:208} INFO - Processing /opt/airflow/dags/Sesion3/Ejemplo9.py took 0.641 seconds
[2025-06-05T02:14:25.053+0000] {processor.py:186} INFO - Started process (PID=2429) to work on /opt/airflow/dags/Sesion3/Ejemplo9.py
[2025-06-05T02:14:25.055+0000] {processor.py:914} INFO - Processing file /opt/airflow/dags/Sesion3/Ejemplo9.py for tasks to queue
[2025-06-05T02:14:25.057+0000] {logging_mixin.py:190} INFO - [2025-06-05T02:14:25.057+0000] {dagbag.py:588} INFO - Filling up the DagBag from /opt/airflow/dags/Sesion3/Ejemplo9.py
[2025-06-05T02:14:25.717+0000] {processor.py:925} INFO - DAG(s) 'parallel_etl_dag' retrieved from /opt/airflow/dags/Sesion3/Ejemplo9.py
[2025-06-05T02:14:25.737+0000] {logging_mixin.py:190} INFO - [2025-06-05T02:14:25.737+0000] {dag.py:3239} INFO - Sync 1 DAGs
[2025-06-05T02:14:25.760+0000] {logging_mixin.py:190} INFO - [2025-06-05T02:14:25.760+0000] {dag.py:4180} INFO - Setting next_dagrun for parallel_etl_dag to 2023-01-01 00:00:00+00:00, run_after=2023-01-02 00:00:00+00:00
[2025-06-05T02:14:25.776+0000] {processor.py:208} INFO - Processing /opt/airflow/dags/Sesion3/Ejemplo9.py took 0.729 seconds
[2025-06-05T02:14:56.417+0000] {processor.py:186} INFO - Started process (PID=2544) to work on /opt/airflow/dags/Sesion3/Ejemplo9.py
[2025-06-05T02:14:56.418+0000] {processor.py:914} INFO - Processing file /opt/airflow/dags/Sesion3/Ejemplo9.py for tasks to queue
[2025-06-05T02:14:56.420+0000] {logging_mixin.py:190} INFO - [2025-06-05T02:14:56.420+0000] {dagbag.py:588} INFO - Filling up the DagBag from /opt/airflow/dags/Sesion3/Ejemplo9.py
[2025-06-05T02:14:57.125+0000] {processor.py:925} INFO - DAG(s) 'parallel_etl_dag' retrieved from /opt/airflow/dags/Sesion3/Ejemplo9.py
[2025-06-05T02:14:57.147+0000] {logging_mixin.py:190} INFO - [2025-06-05T02:14:57.146+0000] {dag.py:3239} INFO - Sync 1 DAGs
[2025-06-05T02:14:57.170+0000] {logging_mixin.py:190} INFO - [2025-06-05T02:14:57.170+0000] {dag.py:4180} INFO - Setting next_dagrun for parallel_etl_dag to 2023-01-01 00:00:00+00:00, run_after=2023-01-02 00:00:00+00:00
[2025-06-05T02:14:57.187+0000] {processor.py:208} INFO - Processing /opt/airflow/dags/Sesion3/Ejemplo9.py took 0.777 seconds
[2025-06-05T02:15:27.605+0000] {processor.py:186} INFO - Started process (PID=2659) to work on /opt/airflow/dags/Sesion3/Ejemplo9.py
[2025-06-05T02:15:27.606+0000] {processor.py:914} INFO - Processing file /opt/airflow/dags/Sesion3/Ejemplo9.py for tasks to queue
[2025-06-05T02:15:27.609+0000] {logging_mixin.py:190} INFO - [2025-06-05T02:15:27.608+0000] {dagbag.py:588} INFO - Filling up the DagBag from /opt/airflow/dags/Sesion3/Ejemplo9.py
[2025-06-05T02:15:28.215+0000] {processor.py:925} INFO - DAG(s) 'parallel_etl_dag' retrieved from /opt/airflow/dags/Sesion3/Ejemplo9.py
[2025-06-05T02:15:28.245+0000] {logging_mixin.py:190} INFO - [2025-06-05T02:15:28.244+0000] {dag.py:3239} INFO - Sync 1 DAGs
[2025-06-05T02:15:28.289+0000] {logging_mixin.py:190} INFO - [2025-06-05T02:15:28.289+0000] {dag.py:4180} INFO - Setting next_dagrun for parallel_etl_dag to 2023-01-01 00:00:00+00:00, run_after=2023-01-02 00:00:00+00:00
[2025-06-05T02:15:28.306+0000] {processor.py:208} INFO - Processing /opt/airflow/dags/Sesion3/Ejemplo9.py took 0.708 seconds
[2025-06-05T02:15:58.630+0000] {processor.py:186} INFO - Started process (PID=2774) to work on /opt/airflow/dags/Sesion3/Ejemplo9.py
[2025-06-05T02:15:58.631+0000] {processor.py:914} INFO - Processing file /opt/airflow/dags/Sesion3/Ejemplo9.py for tasks to queue
[2025-06-05T02:15:58.633+0000] {logging_mixin.py:190} INFO - [2025-06-05T02:15:58.633+0000] {dagbag.py:588} INFO - Filling up the DagBag from /opt/airflow/dags/Sesion3/Ejemplo9.py
[2025-06-05T02:15:59.204+0000] {processor.py:925} INFO - DAG(s) 'parallel_etl_dag' retrieved from /opt/airflow/dags/Sesion3/Ejemplo9.py
[2025-06-05T02:15:59.227+0000] {logging_mixin.py:190} INFO - [2025-06-05T02:15:59.226+0000] {dag.py:3239} INFO - Sync 1 DAGs
[2025-06-05T02:15:59.250+0000] {logging_mixin.py:190} INFO - [2025-06-05T02:15:59.250+0000] {dag.py:4180} INFO - Setting next_dagrun for parallel_etl_dag to 2023-01-01 00:00:00+00:00, run_after=2023-01-02 00:00:00+00:00
[2025-06-05T02:15:59.266+0000] {processor.py:208} INFO - Processing /opt/airflow/dags/Sesion3/Ejemplo9.py took 0.642 seconds
[2025-06-05T02:16:30.033+0000] {processor.py:186} INFO - Started process (PID=2889) to work on /opt/airflow/dags/Sesion3/Ejemplo9.py
[2025-06-05T02:16:30.037+0000] {processor.py:914} INFO - Processing file /opt/airflow/dags/Sesion3/Ejemplo9.py for tasks to queue
[2025-06-05T02:16:30.041+0000] {logging_mixin.py:190} INFO - [2025-06-05T02:16:30.041+0000] {dagbag.py:588} INFO - Filling up the DagBag from /opt/airflow/dags/Sesion3/Ejemplo9.py
[2025-06-05T02:16:30.718+0000] {processor.py:925} INFO - DAG(s) 'parallel_etl_dag' retrieved from /opt/airflow/dags/Sesion3/Ejemplo9.py
[2025-06-05T02:16:30.740+0000] {logging_mixin.py:190} INFO - [2025-06-05T02:16:30.739+0000] {dag.py:3239} INFO - Sync 1 DAGs
[2025-06-05T02:16:30.763+0000] {logging_mixin.py:190} INFO - [2025-06-05T02:16:30.763+0000] {dag.py:4180} INFO - Setting next_dagrun for parallel_etl_dag to 2023-01-01 00:00:00+00:00, run_after=2023-01-02 00:00:00+00:00
[2025-06-05T02:16:30.779+0000] {processor.py:208} INFO - Processing /opt/airflow/dags/Sesion3/Ejemplo9.py took 0.762 seconds
[2025-06-05T02:17:01.466+0000] {processor.py:186} INFO - Started process (PID=3004) to work on /opt/airflow/dags/Sesion3/Ejemplo9.py
[2025-06-05T02:17:01.467+0000] {processor.py:914} INFO - Processing file /opt/airflow/dags/Sesion3/Ejemplo9.py for tasks to queue
[2025-06-05T02:17:01.469+0000] {logging_mixin.py:190} INFO - [2025-06-05T02:17:01.469+0000] {dagbag.py:588} INFO - Filling up the DagBag from /opt/airflow/dags/Sesion3/Ejemplo9.py
[2025-06-05T02:17:02.101+0000] {processor.py:925} INFO - DAG(s) 'parallel_etl_dag' retrieved from /opt/airflow/dags/Sesion3/Ejemplo9.py
[2025-06-05T02:17:02.124+0000] {logging_mixin.py:190} INFO - [2025-06-05T02:17:02.124+0000] {dag.py:3239} INFO - Sync 1 DAGs
[2025-06-05T02:17:02.152+0000] {logging_mixin.py:190} INFO - [2025-06-05T02:17:02.152+0000] {dag.py:4180} INFO - Setting next_dagrun for parallel_etl_dag to 2023-01-01 00:00:00+00:00, run_after=2023-01-02 00:00:00+00:00
[2025-06-05T02:17:02.169+0000] {processor.py:208} INFO - Processing /opt/airflow/dags/Sesion3/Ejemplo9.py took 0.713 seconds
[2025-06-05T02:17:32.837+0000] {processor.py:186} INFO - Started process (PID=3119) to work on /opt/airflow/dags/Sesion3/Ejemplo9.py
[2025-06-05T02:17:32.838+0000] {processor.py:914} INFO - Processing file /opt/airflow/dags/Sesion3/Ejemplo9.py for tasks to queue
[2025-06-05T02:17:32.841+0000] {logging_mixin.py:190} INFO - [2025-06-05T02:17:32.840+0000] {dagbag.py:588} INFO - Filling up the DagBag from /opt/airflow/dags/Sesion3/Ejemplo9.py
[2025-06-05T02:17:33.472+0000] {processor.py:925} INFO - DAG(s) 'parallel_etl_dag' retrieved from /opt/airflow/dags/Sesion3/Ejemplo9.py
[2025-06-05T02:17:33.497+0000] {logging_mixin.py:190} INFO - [2025-06-05T02:17:33.496+0000] {dag.py:3239} INFO - Sync 1 DAGs
[2025-06-05T02:17:33.523+0000] {logging_mixin.py:190} INFO - [2025-06-05T02:17:33.523+0000] {dag.py:4180} INFO - Setting next_dagrun for parallel_etl_dag to 2023-01-01 00:00:00+00:00, run_after=2023-01-02 00:00:00+00:00
[2025-06-05T02:17:33.539+0000] {processor.py:208} INFO - Processing /opt/airflow/dags/Sesion3/Ejemplo9.py took 0.712 seconds
[2025-06-05T02:18:03.881+0000] {processor.py:186} INFO - Started process (PID=3234) to work on /opt/airflow/dags/Sesion3/Ejemplo9.py
[2025-06-05T02:18:03.881+0000] {processor.py:914} INFO - Processing file /opt/airflow/dags/Sesion3/Ejemplo9.py for tasks to queue
[2025-06-05T02:18:03.884+0000] {logging_mixin.py:190} INFO - [2025-06-05T02:18:03.883+0000] {dagbag.py:588} INFO - Filling up the DagBag from /opt/airflow/dags/Sesion3/Ejemplo9.py
[2025-06-05T02:18:04.536+0000] {processor.py:925} INFO - DAG(s) 'parallel_etl_dag' retrieved from /opt/airflow/dags/Sesion3/Ejemplo9.py
[2025-06-05T02:18:04.558+0000] {logging_mixin.py:190} INFO - [2025-06-05T02:18:04.558+0000] {dag.py:3239} INFO - Sync 1 DAGs
[2025-06-05T02:18:04.583+0000] {logging_mixin.py:190} INFO - [2025-06-05T02:18:04.583+0000] {dag.py:4180} INFO - Setting next_dagrun for parallel_etl_dag to 2023-01-01 00:00:00+00:00, run_after=2023-01-02 00:00:00+00:00
[2025-06-05T02:18:04.600+0000] {processor.py:208} INFO - Processing /opt/airflow/dags/Sesion3/Ejemplo9.py took 0.727 seconds
[2025-06-05T02:18:35.144+0000] {processor.py:186} INFO - Started process (PID=3349) to work on /opt/airflow/dags/Sesion3/Ejemplo9.py
[2025-06-05T02:18:35.146+0000] {processor.py:914} INFO - Processing file /opt/airflow/dags/Sesion3/Ejemplo9.py for tasks to queue
[2025-06-05T02:18:35.148+0000] {logging_mixin.py:190} INFO - [2025-06-05T02:18:35.148+0000] {dagbag.py:588} INFO - Filling up the DagBag from /opt/airflow/dags/Sesion3/Ejemplo9.py
[2025-06-05T02:18:35.843+0000] {processor.py:925} INFO - DAG(s) 'parallel_etl_dag' retrieved from /opt/airflow/dags/Sesion3/Ejemplo9.py
[2025-06-05T02:18:35.866+0000] {logging_mixin.py:190} INFO - [2025-06-05T02:18:35.865+0000] {dag.py:3239} INFO - Sync 1 DAGs
[2025-06-05T02:18:35.913+0000] {logging_mixin.py:190} INFO - [2025-06-05T02:18:35.913+0000] {dag.py:4180} INFO - Setting next_dagrun for parallel_etl_dag to 2023-01-01 00:00:00+00:00, run_after=2023-01-02 00:00:00+00:00
[2025-06-05T02:18:35.943+0000] {processor.py:208} INFO - Processing /opt/airflow/dags/Sesion3/Ejemplo9.py took 0.810 seconds
[2025-06-05T02:19:06.494+0000] {processor.py:186} INFO - Started process (PID=3464) to work on /opt/airflow/dags/Sesion3/Ejemplo9.py
[2025-06-05T02:19:06.495+0000] {processor.py:914} INFO - Processing file /opt/airflow/dags/Sesion3/Ejemplo9.py for tasks to queue
[2025-06-05T02:19:06.497+0000] {logging_mixin.py:190} INFO - [2025-06-05T02:19:06.497+0000] {dagbag.py:588} INFO - Filling up the DagBag from /opt/airflow/dags/Sesion3/Ejemplo9.py
[2025-06-05T02:19:07.062+0000] {processor.py:925} INFO - DAG(s) 'parallel_etl_dag' retrieved from /opt/airflow/dags/Sesion3/Ejemplo9.py
[2025-06-05T02:19:07.085+0000] {logging_mixin.py:190} INFO - [2025-06-05T02:19:07.084+0000] {dag.py:3239} INFO - Sync 1 DAGs
[2025-06-05T02:19:07.111+0000] {logging_mixin.py:190} INFO - [2025-06-05T02:19:07.110+0000] {dag.py:4180} INFO - Setting next_dagrun for parallel_etl_dag to 2023-01-01 00:00:00+00:00, run_after=2023-01-02 00:00:00+00:00
[2025-06-05T02:19:07.127+0000] {processor.py:208} INFO - Processing /opt/airflow/dags/Sesion3/Ejemplo9.py took 0.643 seconds
[2025-06-05T02:19:37.213+0000] {processor.py:186} INFO - Started process (PID=3579) to work on /opt/airflow/dags/Sesion3/Ejemplo9.py
[2025-06-05T02:19:37.213+0000] {processor.py:914} INFO - Processing file /opt/airflow/dags/Sesion3/Ejemplo9.py for tasks to queue
[2025-06-05T02:19:37.216+0000] {logging_mixin.py:190} INFO - [2025-06-05T02:19:37.215+0000] {dagbag.py:588} INFO - Filling up the DagBag from /opt/airflow/dags/Sesion3/Ejemplo9.py
[2025-06-05T02:19:37.806+0000] {processor.py:925} INFO - DAG(s) 'parallel_etl_dag' retrieved from /opt/airflow/dags/Sesion3/Ejemplo9.py
[2025-06-05T02:19:37.831+0000] {logging_mixin.py:190} INFO - [2025-06-05T02:19:37.830+0000] {dag.py:3239} INFO - Sync 1 DAGs
[2025-06-05T02:19:37.856+0000] {logging_mixin.py:190} INFO - [2025-06-05T02:19:37.856+0000] {dag.py:4180} INFO - Setting next_dagrun for parallel_etl_dag to 2023-01-01 00:00:00+00:00, run_after=2023-01-02 00:00:00+00:00
[2025-06-05T02:19:37.872+0000] {processor.py:208} INFO - Processing /opt/airflow/dags/Sesion3/Ejemplo9.py took 0.667 seconds
[2025-06-05T02:20:08.598+0000] {processor.py:186} INFO - Started process (PID=3694) to work on /opt/airflow/dags/Sesion3/Ejemplo9.py
[2025-06-05T02:20:08.599+0000] {processor.py:914} INFO - Processing file /opt/airflow/dags/Sesion3/Ejemplo9.py for tasks to queue
[2025-06-05T02:20:08.602+0000] {logging_mixin.py:190} INFO - [2025-06-05T02:20:08.601+0000] {dagbag.py:588} INFO - Filling up the DagBag from /opt/airflow/dags/Sesion3/Ejemplo9.py
[2025-06-05T02:20:09.243+0000] {processor.py:925} INFO - DAG(s) 'parallel_etl_dag' retrieved from /opt/airflow/dags/Sesion3/Ejemplo9.py
[2025-06-05T02:20:09.305+0000] {logging_mixin.py:190} INFO - [2025-06-05T02:20:09.304+0000] {dag.py:3239} INFO - Sync 1 DAGs
[2025-06-05T02:20:09.355+0000] {logging_mixin.py:190} INFO - [2025-06-05T02:20:09.355+0000] {dag.py:4180} INFO - Setting next_dagrun for parallel_etl_dag to 2023-01-01 00:00:00+00:00, run_after=2023-01-02 00:00:00+00:00
[2025-06-05T02:20:09.382+0000] {processor.py:208} INFO - Processing /opt/airflow/dags/Sesion3/Ejemplo9.py took 0.791 seconds
[2025-06-05T02:20:39.710+0000] {processor.py:186} INFO - Started process (PID=3809) to work on /opt/airflow/dags/Sesion3/Ejemplo9.py
[2025-06-05T02:20:39.711+0000] {processor.py:914} INFO - Processing file /opt/airflow/dags/Sesion3/Ejemplo9.py for tasks to queue
[2025-06-05T02:20:39.715+0000] {logging_mixin.py:190} INFO - [2025-06-05T02:20:39.714+0000] {dagbag.py:588} INFO - Filling up the DagBag from /opt/airflow/dags/Sesion3/Ejemplo9.py
[2025-06-05T02:20:40.282+0000] {processor.py:925} INFO - DAG(s) 'parallel_etl_dag' retrieved from /opt/airflow/dags/Sesion3/Ejemplo9.py
[2025-06-05T02:20:40.304+0000] {logging_mixin.py:190} INFO - [2025-06-05T02:20:40.303+0000] {dag.py:3239} INFO - Sync 1 DAGs
[2025-06-05T02:20:40.345+0000] {logging_mixin.py:190} INFO - [2025-06-05T02:20:40.345+0000] {dag.py:4180} INFO - Setting next_dagrun for parallel_etl_dag to 2023-01-01 00:00:00+00:00, run_after=2023-01-02 00:00:00+00:00
[2025-06-05T02:20:40.373+0000] {processor.py:208} INFO - Processing /opt/airflow/dags/Sesion3/Ejemplo9.py took 0.673 seconds
[2025-06-05T02:21:11.029+0000] {processor.py:186} INFO - Started process (PID=3924) to work on /opt/airflow/dags/Sesion3/Ejemplo9.py
[2025-06-05T02:21:11.030+0000] {processor.py:914} INFO - Processing file /opt/airflow/dags/Sesion3/Ejemplo9.py for tasks to queue
[2025-06-05T02:21:11.032+0000] {logging_mixin.py:190} INFO - [2025-06-05T02:21:11.032+0000] {dagbag.py:588} INFO - Filling up the DagBag from /opt/airflow/dags/Sesion3/Ejemplo9.py
[2025-06-05T02:21:11.838+0000] {processor.py:925} INFO - DAG(s) 'parallel_etl_dag' retrieved from /opt/airflow/dags/Sesion3/Ejemplo9.py
[2025-06-05T02:21:11.860+0000] {logging_mixin.py:190} INFO - [2025-06-05T02:21:11.859+0000] {dag.py:3239} INFO - Sync 1 DAGs
[2025-06-05T02:21:11.885+0000] {logging_mixin.py:190} INFO - [2025-06-05T02:21:11.885+0000] {dag.py:4180} INFO - Setting next_dagrun for parallel_etl_dag to 2023-01-01 00:00:00+00:00, run_after=2023-01-02 00:00:00+00:00
[2025-06-05T02:21:11.903+0000] {processor.py:208} INFO - Processing /opt/airflow/dags/Sesion3/Ejemplo9.py took 0.881 seconds
[2025-06-05T02:21:42.147+0000] {processor.py:186} INFO - Started process (PID=4039) to work on /opt/airflow/dags/Sesion3/Ejemplo9.py
[2025-06-05T02:21:42.147+0000] {processor.py:914} INFO - Processing file /opt/airflow/dags/Sesion3/Ejemplo9.py for tasks to queue
[2025-06-05T02:21:42.150+0000] {logging_mixin.py:190} INFO - [2025-06-05T02:21:42.149+0000] {dagbag.py:588} INFO - Filling up the DagBag from /opt/airflow/dags/Sesion3/Ejemplo9.py
[2025-06-05T02:21:42.783+0000] {processor.py:925} INFO - DAG(s) 'parallel_etl_dag' retrieved from /opt/airflow/dags/Sesion3/Ejemplo9.py
[2025-06-05T02:21:42.805+0000] {logging_mixin.py:190} INFO - [2025-06-05T02:21:42.804+0000] {dag.py:3239} INFO - Sync 1 DAGs
[2025-06-05T02:21:42.832+0000] {logging_mixin.py:190} INFO - [2025-06-05T02:21:42.832+0000] {dag.py:4180} INFO - Setting next_dagrun for parallel_etl_dag to 2023-01-01 00:00:00+00:00, run_after=2023-01-02 00:00:00+00:00
[2025-06-05T02:21:42.880+0000] {processor.py:208} INFO - Processing /opt/airflow/dags/Sesion3/Ejemplo9.py took 0.740 seconds
[2025-06-05T02:22:12.959+0000] {processor.py:186} INFO - Started process (PID=4151) to work on /opt/airflow/dags/Sesion3/Ejemplo9.py
[2025-06-05T02:22:12.960+0000] {processor.py:914} INFO - Processing file /opt/airflow/dags/Sesion3/Ejemplo9.py for tasks to queue
[2025-06-05T02:22:12.963+0000] {logging_mixin.py:190} INFO - [2025-06-05T02:22:12.962+0000] {dagbag.py:588} INFO - Filling up the DagBag from /opt/airflow/dags/Sesion3/Ejemplo9.py
[2025-06-05T02:22:13.367+0000] {processor.py:925} INFO - DAG(s) 'parallel_etl_dag' retrieved from /opt/airflow/dags/Sesion3/Ejemplo9.py
[2025-06-05T02:22:13.383+0000] {logging_mixin.py:190} INFO - [2025-06-05T02:22:13.382+0000] {dag.py:3239} INFO - Sync 1 DAGs
[2025-06-05T02:22:13.399+0000] {logging_mixin.py:190} INFO - [2025-06-05T02:22:13.399+0000] {dag.py:4180} INFO - Setting next_dagrun for parallel_etl_dag to 2023-01-01 00:00:00+00:00, run_after=2023-01-02 00:00:00+00:00
[2025-06-05T02:22:13.411+0000] {processor.py:208} INFO - Processing /opt/airflow/dags/Sesion3/Ejemplo9.py took 0.456 seconds
[2025-06-05T02:22:44.445+0000] {processor.py:186} INFO - Started process (PID=4281) to work on /opt/airflow/dags/Sesion3/Ejemplo9.py
[2025-06-05T02:22:44.448+0000] {processor.py:914} INFO - Processing file /opt/airflow/dags/Sesion3/Ejemplo9.py for tasks to queue
[2025-06-05T02:22:44.454+0000] {logging_mixin.py:190} INFO - [2025-06-05T02:22:44.452+0000] {dagbag.py:588} INFO - Filling up the DagBag from /opt/airflow/dags/Sesion3/Ejemplo9.py
[2025-06-05T02:22:45.071+0000] {processor.py:925} INFO - DAG(s) 'parallel_etl_dag' retrieved from /opt/airflow/dags/Sesion3/Ejemplo9.py
[2025-06-05T02:22:45.093+0000] {logging_mixin.py:190} INFO - [2025-06-05T02:22:45.092+0000] {dag.py:3239} INFO - Sync 1 DAGs
[2025-06-05T02:22:45.117+0000] {logging_mixin.py:190} INFO - [2025-06-05T02:22:45.117+0000] {dag.py:4180} INFO - Setting next_dagrun for parallel_etl_dag to 2023-01-01 00:00:00+00:00, run_after=2023-01-02 00:00:00+00:00
[2025-06-05T02:22:45.133+0000] {processor.py:208} INFO - Processing /opt/airflow/dags/Sesion3/Ejemplo9.py took 0.701 seconds
[2025-06-05T02:23:15.819+0000] {processor.py:186} INFO - Started process (PID=4409) to work on /opt/airflow/dags/Sesion3/Ejemplo9.py
[2025-06-05T02:23:15.820+0000] {processor.py:914} INFO - Processing file /opt/airflow/dags/Sesion3/Ejemplo9.py for tasks to queue
[2025-06-05T02:23:15.823+0000] {logging_mixin.py:190} INFO - [2025-06-05T02:23:15.822+0000] {dagbag.py:588} INFO - Filling up the DagBag from /opt/airflow/dags/Sesion3/Ejemplo9.py
[2025-06-05T02:23:16.403+0000] {processor.py:925} INFO - DAG(s) 'parallel_etl_dag' retrieved from /opt/airflow/dags/Sesion3/Ejemplo9.py
[2025-06-05T02:23:16.425+0000] {logging_mixin.py:190} INFO - [2025-06-05T02:23:16.424+0000] {dag.py:3239} INFO - Sync 1 DAGs
[2025-06-05T02:23:16.449+0000] {logging_mixin.py:190} INFO - [2025-06-05T02:23:16.449+0000] {dag.py:4180} INFO - Setting next_dagrun for parallel_etl_dag to 2023-01-01 00:00:00+00:00, run_after=2023-01-02 00:00:00+00:00
[2025-06-05T02:23:16.464+0000] {processor.py:208} INFO - Processing /opt/airflow/dags/Sesion3/Ejemplo9.py took 0.652 seconds
[2025-06-05T02:23:47.000+0000] {processor.py:186} INFO - Started process (PID=4524) to work on /opt/airflow/dags/Sesion3/Ejemplo9.py
[2025-06-05T02:23:47.001+0000] {processor.py:914} INFO - Processing file /opt/airflow/dags/Sesion3/Ejemplo9.py for tasks to queue
[2025-06-05T02:23:47.003+0000] {logging_mixin.py:190} INFO - [2025-06-05T02:23:47.003+0000] {dagbag.py:588} INFO - Filling up the DagBag from /opt/airflow/dags/Sesion3/Ejemplo9.py
[2025-06-05T02:23:47.674+0000] {processor.py:925} INFO - DAG(s) 'parallel_etl_dag' retrieved from /opt/airflow/dags/Sesion3/Ejemplo9.py
[2025-06-05T02:23:47.716+0000] {logging_mixin.py:190} INFO - [2025-06-05T02:23:47.715+0000] {dag.py:3239} INFO - Sync 1 DAGs
[2025-06-05T02:23:47.766+0000] {logging_mixin.py:190} INFO - [2025-06-05T02:23:47.766+0000] {dag.py:4180} INFO - Setting next_dagrun for parallel_etl_dag to 2023-01-01 00:00:00+00:00, run_after=2023-01-02 00:00:00+00:00
[2025-06-05T02:23:47.791+0000] {processor.py:208} INFO - Processing /opt/airflow/dags/Sesion3/Ejemplo9.py took 0.798 seconds
[2025-06-05T02:24:18.612+0000] {processor.py:186} INFO - Started process (PID=4639) to work on /opt/airflow/dags/Sesion3/Ejemplo9.py
[2025-06-05T02:24:18.615+0000] {processor.py:914} INFO - Processing file /opt/airflow/dags/Sesion3/Ejemplo9.py for tasks to queue
[2025-06-05T02:24:18.617+0000] {logging_mixin.py:190} INFO - [2025-06-05T02:24:18.617+0000] {dagbag.py:588} INFO - Filling up the DagBag from /opt/airflow/dags/Sesion3/Ejemplo9.py
[2025-06-05T02:24:19.177+0000] {processor.py:925} INFO - DAG(s) 'parallel_etl_dag' retrieved from /opt/airflow/dags/Sesion3/Ejemplo9.py
[2025-06-05T02:24:19.199+0000] {logging_mixin.py:190} INFO - [2025-06-05T02:24:19.198+0000] {dag.py:3239} INFO - Sync 1 DAGs
[2025-06-05T02:24:19.222+0000] {logging_mixin.py:190} INFO - [2025-06-05T02:24:19.222+0000] {dag.py:4180} INFO - Setting next_dagrun for parallel_etl_dag to 2023-01-01 00:00:00+00:00, run_after=2023-01-02 00:00:00+00:00
[2025-06-05T02:24:19.238+0000] {processor.py:208} INFO - Processing /opt/airflow/dags/Sesion3/Ejemplo9.py took 0.634 seconds
[2025-06-05T02:24:49.757+0000] {processor.py:186} INFO - Started process (PID=4754) to work on /opt/airflow/dags/Sesion3/Ejemplo9.py
[2025-06-05T02:24:49.759+0000] {processor.py:914} INFO - Processing file /opt/airflow/dags/Sesion3/Ejemplo9.py for tasks to queue
[2025-06-05T02:24:49.761+0000] {logging_mixin.py:190} INFO - [2025-06-05T02:24:49.761+0000] {dagbag.py:588} INFO - Filling up the DagBag from /opt/airflow/dags/Sesion3/Ejemplo9.py
[2025-06-05T02:24:50.335+0000] {processor.py:925} INFO - DAG(s) 'parallel_etl_dag' retrieved from /opt/airflow/dags/Sesion3/Ejemplo9.py
[2025-06-05T02:24:50.356+0000] {logging_mixin.py:190} INFO - [2025-06-05T02:24:50.355+0000] {dag.py:3239} INFO - Sync 1 DAGs
[2025-06-05T02:24:50.379+0000] {logging_mixin.py:190} INFO - [2025-06-05T02:24:50.379+0000] {dag.py:4180} INFO - Setting next_dagrun for parallel_etl_dag to 2023-01-01 00:00:00+00:00, run_after=2023-01-02 00:00:00+00:00
[2025-06-05T02:24:50.394+0000] {processor.py:208} INFO - Processing /opt/airflow/dags/Sesion3/Ejemplo9.py took 0.644 seconds
[2025-06-05T02:25:21.023+0000] {processor.py:186} INFO - Started process (PID=4869) to work on /opt/airflow/dags/Sesion3/Ejemplo9.py
[2025-06-05T02:25:21.024+0000] {processor.py:914} INFO - Processing file /opt/airflow/dags/Sesion3/Ejemplo9.py for tasks to queue
[2025-06-05T02:25:21.026+0000] {logging_mixin.py:190} INFO - [2025-06-05T02:25:21.026+0000] {dagbag.py:588} INFO - Filling up the DagBag from /opt/airflow/dags/Sesion3/Ejemplo9.py
[2025-06-05T02:25:21.696+0000] {processor.py:925} INFO - DAG(s) 'parallel_etl_dag' retrieved from /opt/airflow/dags/Sesion3/Ejemplo9.py
[2025-06-05T02:25:21.761+0000] {logging_mixin.py:190} INFO - [2025-06-05T02:25:21.760+0000] {dag.py:3239} INFO - Sync 1 DAGs
[2025-06-05T02:25:21.796+0000] {logging_mixin.py:190} INFO - [2025-06-05T02:25:21.796+0000] {dag.py:4180} INFO - Setting next_dagrun for parallel_etl_dag to 2023-01-01 00:00:00+00:00, run_after=2023-01-02 00:00:00+00:00
[2025-06-05T02:25:21.811+0000] {processor.py:208} INFO - Processing /opt/airflow/dags/Sesion3/Ejemplo9.py took 0.795 seconds
[2025-06-05T02:25:52.127+0000] {processor.py:186} INFO - Started process (PID=4984) to work on /opt/airflow/dags/Sesion3/Ejemplo9.py
[2025-06-05T02:25:52.128+0000] {processor.py:914} INFO - Processing file /opt/airflow/dags/Sesion3/Ejemplo9.py for tasks to queue
[2025-06-05T02:25:52.130+0000] {logging_mixin.py:190} INFO - [2025-06-05T02:25:52.130+0000] {dagbag.py:588} INFO - Filling up the DagBag from /opt/airflow/dags/Sesion3/Ejemplo9.py
[2025-06-05T02:25:52.843+0000] {processor.py:925} INFO - DAG(s) 'parallel_etl_dag' retrieved from /opt/airflow/dags/Sesion3/Ejemplo9.py
[2025-06-05T02:25:52.865+0000] {logging_mixin.py:190} INFO - [2025-06-05T02:25:52.864+0000] {dag.py:3239} INFO - Sync 1 DAGs
[2025-06-05T02:25:52.890+0000] {logging_mixin.py:190} INFO - [2025-06-05T02:25:52.890+0000] {dag.py:4180} INFO - Setting next_dagrun for parallel_etl_dag to 2023-01-01 00:00:00+00:00, run_after=2023-01-02 00:00:00+00:00
[2025-06-05T02:25:52.908+0000] {processor.py:208} INFO - Processing /opt/airflow/dags/Sesion3/Ejemplo9.py took 0.788 seconds
[2025-06-05T02:26:23.773+0000] {processor.py:186} INFO - Started process (PID=5099) to work on /opt/airflow/dags/Sesion3/Ejemplo9.py
[2025-06-05T02:26:23.774+0000] {processor.py:914} INFO - Processing file /opt/airflow/dags/Sesion3/Ejemplo9.py for tasks to queue
[2025-06-05T02:26:23.777+0000] {logging_mixin.py:190} INFO - [2025-06-05T02:26:23.776+0000] {dagbag.py:588} INFO - Filling up the DagBag from /opt/airflow/dags/Sesion3/Ejemplo9.py
[2025-06-05T02:26:24.376+0000] {processor.py:925} INFO - DAG(s) 'parallel_etl_dag' retrieved from /opt/airflow/dags/Sesion3/Ejemplo9.py
[2025-06-05T02:26:24.399+0000] {logging_mixin.py:190} INFO - [2025-06-05T02:26:24.398+0000] {dag.py:3239} INFO - Sync 1 DAGs
[2025-06-05T02:26:24.421+0000] {logging_mixin.py:190} INFO - [2025-06-05T02:26:24.420+0000] {dag.py:4180} INFO - Setting next_dagrun for parallel_etl_dag to 2023-01-01 00:00:00+00:00, run_after=2023-01-02 00:00:00+00:00
[2025-06-05T02:26:24.436+0000] {processor.py:208} INFO - Processing /opt/airflow/dags/Sesion3/Ejemplo9.py took 0.671 seconds
[2025-06-05T02:26:54.902+0000] {processor.py:186} INFO - Started process (PID=5214) to work on /opt/airflow/dags/Sesion3/Ejemplo9.py
[2025-06-05T02:26:54.903+0000] {processor.py:914} INFO - Processing file /opt/airflow/dags/Sesion3/Ejemplo9.py for tasks to queue
[2025-06-05T02:26:54.905+0000] {logging_mixin.py:190} INFO - [2025-06-05T02:26:54.905+0000] {dagbag.py:588} INFO - Filling up the DagBag from /opt/airflow/dags/Sesion3/Ejemplo9.py
[2025-06-05T02:26:55.488+0000] {processor.py:925} INFO - DAG(s) 'parallel_etl_dag' retrieved from /opt/airflow/dags/Sesion3/Ejemplo9.py
[2025-06-05T02:26:55.509+0000] {logging_mixin.py:190} INFO - [2025-06-05T02:26:55.508+0000] {dag.py:3239} INFO - Sync 1 DAGs
[2025-06-05T02:26:55.532+0000] {logging_mixin.py:190} INFO - [2025-06-05T02:26:55.531+0000] {dag.py:4180} INFO - Setting next_dagrun for parallel_etl_dag to 2023-01-01 00:00:00+00:00, run_after=2023-01-02 00:00:00+00:00
[2025-06-05T02:26:55.548+0000] {processor.py:208} INFO - Processing /opt/airflow/dags/Sesion3/Ejemplo9.py took 0.654 seconds
[2025-06-05T02:27:26.027+0000] {processor.py:186} INFO - Started process (PID=5329) to work on /opt/airflow/dags/Sesion3/Ejemplo9.py
[2025-06-05T02:27:26.028+0000] {processor.py:914} INFO - Processing file /opt/airflow/dags/Sesion3/Ejemplo9.py for tasks to queue
[2025-06-05T02:27:26.030+0000] {logging_mixin.py:190} INFO - [2025-06-05T02:27:26.030+0000] {dagbag.py:588} INFO - Filling up the DagBag from /opt/airflow/dags/Sesion3/Ejemplo9.py
[2025-06-05T02:27:26.735+0000] {processor.py:925} INFO - DAG(s) 'parallel_etl_dag' retrieved from /opt/airflow/dags/Sesion3/Ejemplo9.py
[2025-06-05T02:27:26.770+0000] {logging_mixin.py:190} INFO - [2025-06-05T02:27:26.769+0000] {dag.py:3239} INFO - Sync 1 DAGs
[2025-06-05T02:27:26.799+0000] {logging_mixin.py:190} INFO - [2025-06-05T02:27:26.798+0000] {dag.py:4180} INFO - Setting next_dagrun for parallel_etl_dag to 2023-01-01 00:00:00+00:00, run_after=2023-01-02 00:00:00+00:00
[2025-06-05T02:27:26.824+0000] {processor.py:208} INFO - Processing /opt/airflow/dags/Sesion3/Ejemplo9.py took 0.804 seconds
[2025-06-05T02:27:57.376+0000] {processor.py:186} INFO - Started process (PID=5444) to work on /opt/airflow/dags/Sesion3/Ejemplo9.py
[2025-06-05T02:27:57.377+0000] {processor.py:914} INFO - Processing file /opt/airflow/dags/Sesion3/Ejemplo9.py for tasks to queue
[2025-06-05T02:27:57.380+0000] {logging_mixin.py:190} INFO - [2025-06-05T02:27:57.379+0000] {dagbag.py:588} INFO - Filling up the DagBag from /opt/airflow/dags/Sesion3/Ejemplo9.py
[2025-06-05T02:27:57.961+0000] {processor.py:925} INFO - DAG(s) 'parallel_etl_dag' retrieved from /opt/airflow/dags/Sesion3/Ejemplo9.py
[2025-06-05T02:27:57.984+0000] {logging_mixin.py:190} INFO - [2025-06-05T02:27:57.984+0000] {dag.py:3239} INFO - Sync 1 DAGs
[2025-06-05T02:27:58.010+0000] {logging_mixin.py:190} INFO - [2025-06-05T02:27:58.009+0000] {dag.py:4180} INFO - Setting next_dagrun for parallel_etl_dag to 2023-01-01 00:00:00+00:00, run_after=2023-01-02 00:00:00+00:00
[2025-06-05T02:27:58.026+0000] {processor.py:208} INFO - Processing /opt/airflow/dags/Sesion3/Ejemplo9.py took 0.656 seconds
[2025-06-05T02:28:28.138+0000] {processor.py:186} INFO - Started process (PID=5559) to work on /opt/airflow/dags/Sesion3/Ejemplo9.py
[2025-06-05T02:28:28.139+0000] {processor.py:914} INFO - Processing file /opt/airflow/dags/Sesion3/Ejemplo9.py for tasks to queue
[2025-06-05T02:28:28.142+0000] {logging_mixin.py:190} INFO - [2025-06-05T02:28:28.141+0000] {dagbag.py:588} INFO - Filling up the DagBag from /opt/airflow/dags/Sesion3/Ejemplo9.py
[2025-06-05T02:28:28.746+0000] {processor.py:925} INFO - DAG(s) 'parallel_etl_dag' retrieved from /opt/airflow/dags/Sesion3/Ejemplo9.py
[2025-06-05T02:28:28.767+0000] {logging_mixin.py:190} INFO - [2025-06-05T02:28:28.766+0000] {dag.py:3239} INFO - Sync 1 DAGs
[2025-06-05T02:28:28.791+0000] {logging_mixin.py:190} INFO - [2025-06-05T02:28:28.790+0000] {dag.py:4180} INFO - Setting next_dagrun for parallel_etl_dag to 2023-01-01 00:00:00+00:00, run_after=2023-01-02 00:00:00+00:00
[2025-06-05T02:28:28.806+0000] {processor.py:208} INFO - Processing /opt/airflow/dags/Sesion3/Ejemplo9.py took 0.674 seconds
[2025-06-05T02:28:59.462+0000] {processor.py:186} INFO - Started process (PID=5674) to work on /opt/airflow/dags/Sesion3/Ejemplo9.py
[2025-06-05T02:28:59.465+0000] {processor.py:914} INFO - Processing file /opt/airflow/dags/Sesion3/Ejemplo9.py for tasks to queue
[2025-06-05T02:28:59.469+0000] {logging_mixin.py:190} INFO - [2025-06-05T02:28:59.469+0000] {dagbag.py:588} INFO - Filling up the DagBag from /opt/airflow/dags/Sesion3/Ejemplo9.py
[2025-06-05T02:29:00.188+0000] {processor.py:925} INFO - DAG(s) 'parallel_etl_dag' retrieved from /opt/airflow/dags/Sesion3/Ejemplo9.py
[2025-06-05T02:29:00.210+0000] {logging_mixin.py:190} INFO - [2025-06-05T02:29:00.210+0000] {dag.py:3239} INFO - Sync 1 DAGs
[2025-06-05T02:29:00.234+0000] {logging_mixin.py:190} INFO - [2025-06-05T02:29:00.234+0000] {dag.py:4180} INFO - Setting next_dagrun for parallel_etl_dag to 2023-01-01 00:00:00+00:00, run_after=2023-01-02 00:00:00+00:00
[2025-06-05T02:29:00.252+0000] {processor.py:208} INFO - Processing /opt/airflow/dags/Sesion3/Ejemplo9.py took 0.804 seconds
[2025-06-05T02:29:30.904+0000] {processor.py:186} INFO - Started process (PID=5789) to work on /opt/airflow/dags/Sesion3/Ejemplo9.py
[2025-06-05T02:29:30.905+0000] {processor.py:914} INFO - Processing file /opt/airflow/dags/Sesion3/Ejemplo9.py for tasks to queue
[2025-06-05T02:29:30.909+0000] {logging_mixin.py:190} INFO - [2025-06-05T02:29:30.909+0000] {dagbag.py:588} INFO - Filling up the DagBag from /opt/airflow/dags/Sesion3/Ejemplo9.py
[2025-06-05T02:29:31.818+0000] {processor.py:925} INFO - DAG(s) 'parallel_etl_dag' retrieved from /opt/airflow/dags/Sesion3/Ejemplo9.py
[2025-06-05T02:29:31.838+0000] {logging_mixin.py:190} INFO - [2025-06-05T02:29:31.838+0000] {dag.py:3239} INFO - Sync 1 DAGs
[2025-06-05T02:29:31.863+0000] {logging_mixin.py:190} INFO - [2025-06-05T02:29:31.863+0000] {dag.py:4180} INFO - Setting next_dagrun for parallel_etl_dag to 2023-01-01 00:00:00+00:00, run_after=2023-01-02 00:00:00+00:00
[2025-06-05T02:29:31.879+0000] {processor.py:208} INFO - Processing /opt/airflow/dags/Sesion3/Ejemplo9.py took 0.985 seconds
[2025-06-05T02:30:02.341+0000] {processor.py:186} INFO - Started process (PID=5904) to work on /opt/airflow/dags/Sesion3/Ejemplo9.py
[2025-06-05T02:30:02.342+0000] {processor.py:914} INFO - Processing file /opt/airflow/dags/Sesion3/Ejemplo9.py for tasks to queue
[2025-06-05T02:30:02.344+0000] {logging_mixin.py:190} INFO - [2025-06-05T02:30:02.344+0000] {dagbag.py:588} INFO - Filling up the DagBag from /opt/airflow/dags/Sesion3/Ejemplo9.py
[2025-06-05T02:30:02.974+0000] {processor.py:925} INFO - DAG(s) 'parallel_etl_dag' retrieved from /opt/airflow/dags/Sesion3/Ejemplo9.py
[2025-06-05T02:30:02.996+0000] {logging_mixin.py:190} INFO - [2025-06-05T02:30:02.996+0000] {dag.py:3239} INFO - Sync 1 DAGs
[2025-06-05T02:30:03.021+0000] {logging_mixin.py:190} INFO - [2025-06-05T02:30:03.020+0000] {dag.py:4180} INFO - Setting next_dagrun for parallel_etl_dag to 2023-01-01 00:00:00+00:00, run_after=2023-01-02 00:00:00+00:00
[2025-06-05T02:30:03.037+0000] {processor.py:208} INFO - Processing /opt/airflow/dags/Sesion3/Ejemplo9.py took 0.704 seconds
[2025-06-05T02:30:33.136+0000] {processor.py:186} INFO - Started process (PID=6016) to work on /opt/airflow/dags/Sesion3/Ejemplo9.py
[2025-06-05T02:30:33.139+0000] {processor.py:914} INFO - Processing file /opt/airflow/dags/Sesion3/Ejemplo9.py for tasks to queue
[2025-06-05T02:30:33.141+0000] {logging_mixin.py:190} INFO - [2025-06-05T02:30:33.141+0000] {dagbag.py:588} INFO - Filling up the DagBag from /opt/airflow/dags/Sesion3/Ejemplo9.py
[2025-06-05T02:30:33.788+0000] {processor.py:925} INFO - DAG(s) 'parallel_etl_dag' retrieved from /opt/airflow/dags/Sesion3/Ejemplo9.py
[2025-06-05T02:30:33.809+0000] {logging_mixin.py:190} INFO - [2025-06-05T02:30:33.808+0000] {dag.py:3239} INFO - Sync 1 DAGs
[2025-06-05T02:30:33.832+0000] {logging_mixin.py:190} INFO - [2025-06-05T02:30:33.831+0000] {dag.py:4180} INFO - Setting next_dagrun for parallel_etl_dag to 2023-01-01 00:00:00+00:00, run_after=2023-01-02 00:00:00+00:00
[2025-06-05T02:30:33.851+0000] {processor.py:208} INFO - Processing /opt/airflow/dags/Sesion3/Ejemplo9.py took 0.723 seconds
[2025-06-05T02:31:04.168+0000] {processor.py:186} INFO - Started process (PID=6134) to work on /opt/airflow/dags/Sesion3/Ejemplo9.py
[2025-06-05T02:31:04.169+0000] {processor.py:914} INFO - Processing file /opt/airflow/dags/Sesion3/Ejemplo9.py for tasks to queue
[2025-06-05T02:31:04.171+0000] {logging_mixin.py:190} INFO - [2025-06-05T02:31:04.171+0000] {dagbag.py:588} INFO - Filling up the DagBag from /opt/airflow/dags/Sesion3/Ejemplo9.py
[2025-06-05T02:31:04.739+0000] {processor.py:925} INFO - DAG(s) 'parallel_etl_dag' retrieved from /opt/airflow/dags/Sesion3/Ejemplo9.py
[2025-06-05T02:31:04.762+0000] {logging_mixin.py:190} INFO - [2025-06-05T02:31:04.761+0000] {dag.py:3239} INFO - Sync 1 DAGs
[2025-06-05T02:31:04.786+0000] {logging_mixin.py:190} INFO - [2025-06-05T02:31:04.786+0000] {dag.py:4180} INFO - Setting next_dagrun for parallel_etl_dag to 2023-01-01 00:00:00+00:00, run_after=2023-01-02 00:00:00+00:00
[2025-06-05T02:31:04.803+0000] {processor.py:208} INFO - Processing /opt/airflow/dags/Sesion3/Ejemplo9.py took 0.642 seconds
[2025-06-05T02:31:35.207+0000] {processor.py:186} INFO - Started process (PID=6249) to work on /opt/airflow/dags/Sesion3/Ejemplo9.py
[2025-06-05T02:31:35.207+0000] {processor.py:914} INFO - Processing file /opt/airflow/dags/Sesion3/Ejemplo9.py for tasks to queue
[2025-06-05T02:31:35.210+0000] {logging_mixin.py:190} INFO - [2025-06-05T02:31:35.209+0000] {dagbag.py:588} INFO - Filling up the DagBag from /opt/airflow/dags/Sesion3/Ejemplo9.py
[2025-06-05T02:31:35.802+0000] {processor.py:925} INFO - DAG(s) 'parallel_etl_dag' retrieved from /opt/airflow/dags/Sesion3/Ejemplo9.py
[2025-06-05T02:31:35.824+0000] {logging_mixin.py:190} INFO - [2025-06-05T02:31:35.823+0000] {dag.py:3239} INFO - Sync 1 DAGs
[2025-06-05T02:31:35.858+0000] {logging_mixin.py:190} INFO - [2025-06-05T02:31:35.858+0000] {dag.py:4180} INFO - Setting next_dagrun for parallel_etl_dag to 2023-01-01 00:00:00+00:00, run_after=2023-01-02 00:00:00+00:00
[2025-06-05T02:31:35.885+0000] {processor.py:208} INFO - Processing /opt/airflow/dags/Sesion3/Ejemplo9.py took 0.686 seconds
[2025-06-05T02:32:06.477+0000] {processor.py:186} INFO - Started process (PID=6364) to work on /opt/airflow/dags/Sesion3/Ejemplo9.py
[2025-06-05T02:32:06.478+0000] {processor.py:914} INFO - Processing file /opt/airflow/dags/Sesion3/Ejemplo9.py for tasks to queue
[2025-06-05T02:32:06.480+0000] {logging_mixin.py:190} INFO - [2025-06-05T02:32:06.480+0000] {dagbag.py:588} INFO - Filling up the DagBag from /opt/airflow/dags/Sesion3/Ejemplo9.py
[2025-06-05T02:32:07.131+0000] {processor.py:925} INFO - DAG(s) 'parallel_etl_dag' retrieved from /opt/airflow/dags/Sesion3/Ejemplo9.py
[2025-06-05T02:32:07.162+0000] {logging_mixin.py:190} INFO - [2025-06-05T02:32:07.161+0000] {dag.py:3239} INFO - Sync 1 DAGs
[2025-06-05T02:32:07.187+0000] {logging_mixin.py:190} INFO - [2025-06-05T02:32:07.187+0000] {dag.py:4180} INFO - Setting next_dagrun for parallel_etl_dag to 2023-01-01 00:00:00+00:00, run_after=2023-01-02 00:00:00+00:00
[2025-06-05T02:32:07.202+0000] {processor.py:208} INFO - Processing /opt/airflow/dags/Sesion3/Ejemplo9.py took 0.732 seconds
[2025-06-05T02:32:37.525+0000] {processor.py:186} INFO - Started process (PID=6479) to work on /opt/airflow/dags/Sesion3/Ejemplo9.py
[2025-06-05T02:32:37.526+0000] {processor.py:914} INFO - Processing file /opt/airflow/dags/Sesion3/Ejemplo9.py for tasks to queue
[2025-06-05T02:32:37.528+0000] {logging_mixin.py:190} INFO - [2025-06-05T02:32:37.528+0000] {dagbag.py:588} INFO - Filling up the DagBag from /opt/airflow/dags/Sesion3/Ejemplo9.py
[2025-06-05T02:32:38.138+0000] {processor.py:925} INFO - DAG(s) 'parallel_etl_dag' retrieved from /opt/airflow/dags/Sesion3/Ejemplo9.py
[2025-06-05T02:32:38.160+0000] {logging_mixin.py:190} INFO - [2025-06-05T02:32:38.159+0000] {dag.py:3239} INFO - Sync 1 DAGs
[2025-06-05T02:32:38.184+0000] {logging_mixin.py:190} INFO - [2025-06-05T02:32:38.183+0000] {dag.py:4180} INFO - Setting next_dagrun for parallel_etl_dag to 2023-01-01 00:00:00+00:00, run_after=2023-01-02 00:00:00+00:00
[2025-06-05T02:32:38.201+0000] {processor.py:208} INFO - Processing /opt/airflow/dags/Sesion3/Ejemplo9.py took 0.684 seconds
[2025-06-05T02:33:08.365+0000] {processor.py:186} INFO - Started process (PID=6594) to work on /opt/airflow/dags/Sesion3/Ejemplo9.py
[2025-06-05T02:33:08.365+0000] {processor.py:914} INFO - Processing file /opt/airflow/dags/Sesion3/Ejemplo9.py for tasks to queue
[2025-06-05T02:33:08.368+0000] {logging_mixin.py:190} INFO - [2025-06-05T02:33:08.367+0000] {dagbag.py:588} INFO - Filling up the DagBag from /opt/airflow/dags/Sesion3/Ejemplo9.py
[2025-06-05T02:33:08.934+0000] {processor.py:925} INFO - DAG(s) 'parallel_etl_dag' retrieved from /opt/airflow/dags/Sesion3/Ejemplo9.py
[2025-06-05T02:33:08.957+0000] {logging_mixin.py:190} INFO - [2025-06-05T02:33:08.956+0000] {dag.py:3239} INFO - Sync 1 DAGs
[2025-06-05T02:33:08.981+0000] {logging_mixin.py:190} INFO - [2025-06-05T02:33:08.981+0000] {dag.py:4180} INFO - Setting next_dagrun for parallel_etl_dag to 2023-01-01 00:00:00+00:00, run_after=2023-01-02 00:00:00+00:00
[2025-06-05T02:33:08.999+0000] {processor.py:208} INFO - Processing /opt/airflow/dags/Sesion3/Ejemplo9.py took 0.642 seconds
[2025-06-05T02:33:39.504+0000] {processor.py:186} INFO - Started process (PID=6709) to work on /opt/airflow/dags/Sesion3/Ejemplo9.py
[2025-06-05T02:33:39.505+0000] {processor.py:914} INFO - Processing file /opt/airflow/dags/Sesion3/Ejemplo9.py for tasks to queue
[2025-06-05T02:33:39.508+0000] {logging_mixin.py:190} INFO - [2025-06-05T02:33:39.508+0000] {dagbag.py:588} INFO - Filling up the DagBag from /opt/airflow/dags/Sesion3/Ejemplo9.py
[2025-06-05T02:33:39.905+0000] {processor.py:925} INFO - DAG(s) 'parallel_etl_dag' retrieved from /opt/airflow/dags/Sesion3/Ejemplo9.py
[2025-06-05T02:33:39.928+0000] {logging_mixin.py:190} INFO - [2025-06-05T02:33:39.928+0000] {dag.py:3239} INFO - Sync 1 DAGs
[2025-06-05T02:33:39.957+0000] {logging_mixin.py:190} INFO - [2025-06-05T02:33:39.956+0000] {dag.py:4180} INFO - Setting next_dagrun for parallel_etl_dag to 2023-01-01 00:00:00+00:00, run_after=2023-01-02 00:00:00+00:00
[2025-06-05T02:33:39.976+0000] {processor.py:208} INFO - Processing /opt/airflow/dags/Sesion3/Ejemplo9.py took 0.479 seconds
[2025-06-05T02:34:10.371+0000] {processor.py:186} INFO - Started process (PID=6824) to work on /opt/airflow/dags/Sesion3/Ejemplo9.py
[2025-06-05T02:34:10.372+0000] {processor.py:914} INFO - Processing file /opt/airflow/dags/Sesion3/Ejemplo9.py for tasks to queue
[2025-06-05T02:34:10.375+0000] {logging_mixin.py:190} INFO - [2025-06-05T02:34:10.375+0000] {dagbag.py:588} INFO - Filling up the DagBag from /opt/airflow/dags/Sesion3/Ejemplo9.py
[2025-06-05T02:34:10.786+0000] {processor.py:925} INFO - DAG(s) 'parallel_etl_dag' retrieved from /opt/airflow/dags/Sesion3/Ejemplo9.py
[2025-06-05T02:34:10.812+0000] {logging_mixin.py:190} INFO - [2025-06-05T02:34:10.811+0000] {dag.py:3239} INFO - Sync 1 DAGs
[2025-06-05T02:34:10.837+0000] {logging_mixin.py:190} INFO - [2025-06-05T02:34:10.837+0000] {dag.py:4180} INFO - Setting next_dagrun for parallel_etl_dag to 2023-01-01 00:00:00+00:00, run_after=2023-01-02 00:00:00+00:00
[2025-06-05T02:34:10.854+0000] {processor.py:208} INFO - Processing /opt/airflow/dags/Sesion3/Ejemplo9.py took 0.494 seconds
[2025-06-05T05:21:10.629+0000] {processor.py:186} INFO - Started process (PID=265) to work on /opt/airflow/dags/Sesion3/Ejemplo9.py
[2025-06-05T05:21:10.636+0000] {processor.py:914} INFO - Processing file /opt/airflow/dags/Sesion3/Ejemplo9.py for tasks to queue
[2025-06-05T05:21:10.645+0000] {logging_mixin.py:190} INFO - [2025-06-05T05:21:10.642+0000] {dagbag.py:588} INFO - Filling up the DagBag from /opt/airflow/dags/Sesion3/Ejemplo9.py
[2025-06-05T05:21:12.430+0000] {processor.py:925} INFO - DAG(s) 'parallel_etl_dag' retrieved from /opt/airflow/dags/Sesion3/Ejemplo9.py
[2025-06-05T05:21:12.525+0000] {logging_mixin.py:190} INFO - [2025-06-05T05:21:12.519+0000] {dag.py:3239} INFO - Sync 1 DAGs
[2025-06-05T05:21:12.628+0000] {logging_mixin.py:190} INFO - [2025-06-05T05:21:12.625+0000] {dag.py:4180} INFO - Setting next_dagrun for parallel_etl_dag to 2023-01-01 00:00:00+00:00, run_after=2023-01-02 00:00:00+00:00
[2025-06-05T05:21:12.684+0000] {processor.py:208} INFO - Processing /opt/airflow/dags/Sesion3/Ejemplo9.py took 2.078 seconds
[2025-06-05T05:21:43.497+0000] {processor.py:186} INFO - Started process (PID=387) to work on /opt/airflow/dags/Sesion3/Ejemplo9.py
[2025-06-05T05:21:43.498+0000] {processor.py:914} INFO - Processing file /opt/airflow/dags/Sesion3/Ejemplo9.py for tasks to queue
[2025-06-05T05:21:43.501+0000] {logging_mixin.py:190} INFO - [2025-06-05T05:21:43.501+0000] {dagbag.py:588} INFO - Filling up the DagBag from /opt/airflow/dags/Sesion3/Ejemplo9.py
[2025-06-05T05:21:44.260+0000] {processor.py:925} INFO - DAG(s) 'parallel_etl_dag' retrieved from /opt/airflow/dags/Sesion3/Ejemplo9.py
[2025-06-05T05:21:44.288+0000] {logging_mixin.py:190} INFO - [2025-06-05T05:21:44.288+0000] {dag.py:3239} INFO - Sync 1 DAGs
[2025-06-05T05:21:44.312+0000] {logging_mixin.py:190} INFO - [2025-06-05T05:21:44.312+0000] {dag.py:4180} INFO - Setting next_dagrun for parallel_etl_dag to 2023-01-01 00:00:00+00:00, run_after=2023-01-02 00:00:00+00:00
[2025-06-05T05:21:44.331+0000] {processor.py:208} INFO - Processing /opt/airflow/dags/Sesion3/Ejemplo9.py took 0.840 seconds
[2025-06-05T05:22:14.771+0000] {processor.py:186} INFO - Started process (PID=507) to work on /opt/airflow/dags/Sesion3/Ejemplo9.py
[2025-06-05T05:22:14.772+0000] {processor.py:914} INFO - Processing file /opt/airflow/dags/Sesion3/Ejemplo9.py for tasks to queue
[2025-06-05T05:22:14.775+0000] {logging_mixin.py:190} INFO - [2025-06-05T05:22:14.774+0000] {dagbag.py:588} INFO - Filling up the DagBag from /opt/airflow/dags/Sesion3/Ejemplo9.py
[2025-06-05T05:22:15.419+0000] {processor.py:925} INFO - DAG(s) 'parallel_etl_dag' retrieved from /opt/airflow/dags/Sesion3/Ejemplo9.py
[2025-06-05T05:22:15.435+0000] {logging_mixin.py:190} INFO - [2025-06-05T05:22:15.435+0000] {dag.py:3239} INFO - Sync 1 DAGs
[2025-06-05T05:22:15.455+0000] {logging_mixin.py:190} INFO - [2025-06-05T05:22:15.453+0000] {dag.py:4180} INFO - Setting next_dagrun for parallel_etl_dag to 2023-01-01 00:00:00+00:00, run_after=2023-01-02 00:00:00+00:00
[2025-06-05T05:22:15.498+0000] {processor.py:208} INFO - Processing /opt/airflow/dags/Sesion3/Ejemplo9.py took 0.733 seconds
[2025-06-05T05:22:46.324+0000] {processor.py:186} INFO - Started process (PID=632) to work on /opt/airflow/dags/Sesion3/Ejemplo9.py
[2025-06-05T05:22:46.325+0000] {processor.py:914} INFO - Processing file /opt/airflow/dags/Sesion3/Ejemplo9.py for tasks to queue
[2025-06-05T05:22:46.327+0000] {logging_mixin.py:190} INFO - [2025-06-05T05:22:46.326+0000] {dagbag.py:588} INFO - Filling up the DagBag from /opt/airflow/dags/Sesion3/Ejemplo9.py
[2025-06-05T05:22:46.802+0000] {processor.py:925} INFO - DAG(s) 'parallel_etl_dag' retrieved from /opt/airflow/dags/Sesion3/Ejemplo9.py
[2025-06-05T05:22:46.830+0000] {logging_mixin.py:190} INFO - [2025-06-05T05:22:46.830+0000] {dag.py:3239} INFO - Sync 1 DAGs
[2025-06-05T05:22:46.856+0000] {logging_mixin.py:190} INFO - [2025-06-05T05:22:46.856+0000] {dag.py:4180} INFO - Setting next_dagrun for parallel_etl_dag to 2023-01-01 00:00:00+00:00, run_after=2023-01-02 00:00:00+00:00
[2025-06-05T05:22:46.869+0000] {processor.py:208} INFO - Processing /opt/airflow/dags/Sesion3/Ejemplo9.py took 0.550 seconds
[2025-06-05T05:23:16.987+0000] {processor.py:186} INFO - Started process (PID=747) to work on /opt/airflow/dags/Sesion3/Ejemplo9.py
[2025-06-05T05:23:16.988+0000] {processor.py:914} INFO - Processing file /opt/airflow/dags/Sesion3/Ejemplo9.py for tasks to queue
[2025-06-05T05:23:16.991+0000] {logging_mixin.py:190} INFO - [2025-06-05T05:23:16.991+0000] {dagbag.py:588} INFO - Filling up the DagBag from /opt/airflow/dags/Sesion3/Ejemplo9.py
[2025-06-05T05:23:17.479+0000] {processor.py:925} INFO - DAG(s) 'parallel_etl_dag' retrieved from /opt/airflow/dags/Sesion3/Ejemplo9.py
[2025-06-05T05:23:17.494+0000] {logging_mixin.py:190} INFO - [2025-06-05T05:23:17.494+0000] {dag.py:3239} INFO - Sync 1 DAGs
[2025-06-05T05:23:17.511+0000] {logging_mixin.py:190} INFO - [2025-06-05T05:23:17.511+0000] {dag.py:4180} INFO - Setting next_dagrun for parallel_etl_dag to 2023-01-01 00:00:00+00:00, run_after=2023-01-02 00:00:00+00:00
[2025-06-05T05:23:17.523+0000] {processor.py:208} INFO - Processing /opt/airflow/dags/Sesion3/Ejemplo9.py took 0.542 seconds
[2025-06-05T05:23:47.886+0000] {processor.py:186} INFO - Started process (PID=862) to work on /opt/airflow/dags/Sesion3/Ejemplo9.py
[2025-06-05T05:23:47.886+0000] {processor.py:914} INFO - Processing file /opt/airflow/dags/Sesion3/Ejemplo9.py for tasks to queue
[2025-06-05T05:23:47.888+0000] {logging_mixin.py:190} INFO - [2025-06-05T05:23:47.888+0000] {dagbag.py:588} INFO - Filling up the DagBag from /opt/airflow/dags/Sesion3/Ejemplo9.py
[2025-06-05T05:23:48.321+0000] {processor.py:925} INFO - DAG(s) 'parallel_etl_dag' retrieved from /opt/airflow/dags/Sesion3/Ejemplo9.py
[2025-06-05T05:23:48.337+0000] {logging_mixin.py:190} INFO - [2025-06-05T05:23:48.336+0000] {dag.py:3239} INFO - Sync 1 DAGs
[2025-06-05T05:23:48.355+0000] {logging_mixin.py:190} INFO - [2025-06-05T05:23:48.355+0000] {dag.py:4180} INFO - Setting next_dagrun for parallel_etl_dag to 2023-01-01 00:00:00+00:00, run_after=2023-01-02 00:00:00+00:00
[2025-06-05T05:23:48.374+0000] {processor.py:208} INFO - Processing /opt/airflow/dags/Sesion3/Ejemplo9.py took 0.493 seconds
[2025-06-05T05:24:18.560+0000] {processor.py:186} INFO - Started process (PID=977) to work on /opt/airflow/dags/Sesion3/Ejemplo9.py
[2025-06-05T05:24:18.561+0000] {processor.py:914} INFO - Processing file /opt/airflow/dags/Sesion3/Ejemplo9.py for tasks to queue
[2025-06-05T05:24:18.562+0000] {logging_mixin.py:190} INFO - [2025-06-05T05:24:18.562+0000] {dagbag.py:588} INFO - Filling up the DagBag from /opt/airflow/dags/Sesion3/Ejemplo9.py
[2025-06-05T05:24:18.957+0000] {processor.py:925} INFO - DAG(s) 'parallel_etl_dag' retrieved from /opt/airflow/dags/Sesion3/Ejemplo9.py
[2025-06-05T05:24:18.975+0000] {logging_mixin.py:190} INFO - [2025-06-05T05:24:18.975+0000] {dag.py:3239} INFO - Sync 1 DAGs
[2025-06-05T05:24:18.991+0000] {logging_mixin.py:190} INFO - [2025-06-05T05:24:18.991+0000] {dag.py:4180} INFO - Setting next_dagrun for parallel_etl_dag to 2023-01-01 00:00:00+00:00, run_after=2023-01-02 00:00:00+00:00
[2025-06-05T05:24:19.004+0000] {processor.py:208} INFO - Processing /opt/airflow/dags/Sesion3/Ejemplo9.py took 0.449 seconds
[2025-06-05T05:24:49.305+0000] {processor.py:186} INFO - Started process (PID=1092) to work on /opt/airflow/dags/Sesion3/Ejemplo9.py
[2025-06-05T05:24:49.306+0000] {processor.py:914} INFO - Processing file /opt/airflow/dags/Sesion3/Ejemplo9.py for tasks to queue
[2025-06-05T05:24:49.308+0000] {logging_mixin.py:190} INFO - [2025-06-05T05:24:49.307+0000] {dagbag.py:588} INFO - Filling up the DagBag from /opt/airflow/dags/Sesion3/Ejemplo9.py
[2025-06-05T05:24:49.723+0000] {processor.py:925} INFO - DAG(s) 'parallel_etl_dag' retrieved from /opt/airflow/dags/Sesion3/Ejemplo9.py
[2025-06-05T05:24:49.739+0000] {logging_mixin.py:190} INFO - [2025-06-05T05:24:49.738+0000] {dag.py:3239} INFO - Sync 1 DAGs
[2025-06-05T05:24:49.756+0000] {logging_mixin.py:190} INFO - [2025-06-05T05:24:49.756+0000] {dag.py:4180} INFO - Setting next_dagrun for parallel_etl_dag to 2023-01-01 00:00:00+00:00, run_after=2023-01-02 00:00:00+00:00
[2025-06-05T05:24:49.768+0000] {processor.py:208} INFO - Processing /opt/airflow/dags/Sesion3/Ejemplo9.py took 0.468 seconds
[2025-06-05T05:25:20.180+0000] {processor.py:186} INFO - Started process (PID=1204) to work on /opt/airflow/dags/Sesion3/Ejemplo9.py
[2025-06-05T05:25:20.181+0000] {processor.py:914} INFO - Processing file /opt/airflow/dags/Sesion3/Ejemplo9.py for tasks to queue
[2025-06-05T05:25:20.184+0000] {logging_mixin.py:190} INFO - [2025-06-05T05:25:20.183+0000] {dagbag.py:588} INFO - Filling up the DagBag from /opt/airflow/dags/Sesion3/Ejemplo9.py
[2025-06-05T05:25:20.812+0000] {processor.py:925} INFO - DAG(s) 'parallel_etl_dag' retrieved from /opt/airflow/dags/Sesion3/Ejemplo9.py
[2025-06-05T05:25:20.843+0000] {logging_mixin.py:190} INFO - [2025-06-05T05:25:20.843+0000] {dag.py:3239} INFO - Sync 1 DAGs
[2025-06-05T05:25:20.871+0000] {logging_mixin.py:190} INFO - [2025-06-05T05:25:20.871+0000] {dag.py:4180} INFO - Setting next_dagrun for parallel_etl_dag to 2023-01-01 00:00:00+00:00, run_after=2023-01-02 00:00:00+00:00
[2025-06-05T05:25:20.893+0000] {processor.py:208} INFO - Processing /opt/airflow/dags/Sesion3/Ejemplo9.py took 0.720 seconds
[2025-06-05T05:25:51.455+0000] {processor.py:186} INFO - Started process (PID=1319) to work on /opt/airflow/dags/Sesion3/Ejemplo9.py
[2025-06-05T05:25:51.455+0000] {processor.py:914} INFO - Processing file /opt/airflow/dags/Sesion3/Ejemplo9.py for tasks to queue
[2025-06-05T05:25:51.457+0000] {logging_mixin.py:190} INFO - [2025-06-05T05:25:51.457+0000] {dagbag.py:588} INFO - Filling up the DagBag from /opt/airflow/dags/Sesion3/Ejemplo9.py
[2025-06-05T05:25:52.000+0000] {processor.py:925} INFO - DAG(s) 'parallel_etl_dag' retrieved from /opt/airflow/dags/Sesion3/Ejemplo9.py
[2025-06-05T05:25:52.028+0000] {logging_mixin.py:190} INFO - [2025-06-05T05:25:52.027+0000] {dag.py:3239} INFO - Sync 1 DAGs
[2025-06-05T05:25:52.051+0000] {logging_mixin.py:190} INFO - [2025-06-05T05:25:52.051+0000] {dag.py:4180} INFO - Setting next_dagrun for parallel_etl_dag to 2023-01-01 00:00:00+00:00, run_after=2023-01-02 00:00:00+00:00
[2025-06-05T05:25:52.067+0000] {processor.py:208} INFO - Processing /opt/airflow/dags/Sesion3/Ejemplo9.py took 0.619 seconds
[2025-06-05T05:26:22.763+0000] {processor.py:186} INFO - Started process (PID=1434) to work on /opt/airflow/dags/Sesion3/Ejemplo9.py
[2025-06-05T05:26:22.763+0000] {processor.py:914} INFO - Processing file /opt/airflow/dags/Sesion3/Ejemplo9.py for tasks to queue
[2025-06-05T05:26:22.766+0000] {logging_mixin.py:190} INFO - [2025-06-05T05:26:22.765+0000] {dagbag.py:588} INFO - Filling up the DagBag from /opt/airflow/dags/Sesion3/Ejemplo9.py
[2025-06-05T05:26:23.363+0000] {processor.py:925} INFO - DAG(s) 'parallel_etl_dag' retrieved from /opt/airflow/dags/Sesion3/Ejemplo9.py
[2025-06-05T05:26:23.384+0000] {logging_mixin.py:190} INFO - [2025-06-05T05:26:23.383+0000] {dag.py:3239} INFO - Sync 1 DAGs
[2025-06-05T05:26:23.407+0000] {logging_mixin.py:190} INFO - [2025-06-05T05:26:23.406+0000] {dag.py:4180} INFO - Setting next_dagrun for parallel_etl_dag to 2023-01-01 00:00:00+00:00, run_after=2023-01-02 00:00:00+00:00
[2025-06-05T05:26:23.423+0000] {processor.py:208} INFO - Processing /opt/airflow/dags/Sesion3/Ejemplo9.py took 0.668 seconds
[2025-06-05T05:26:53.817+0000] {processor.py:186} INFO - Started process (PID=1549) to work on /opt/airflow/dags/Sesion3/Ejemplo9.py
[2025-06-05T05:26:53.818+0000] {processor.py:914} INFO - Processing file /opt/airflow/dags/Sesion3/Ejemplo9.py for tasks to queue
[2025-06-05T05:26:53.820+0000] {logging_mixin.py:190} INFO - [2025-06-05T05:26:53.819+0000] {dagbag.py:588} INFO - Filling up the DagBag from /opt/airflow/dags/Sesion3/Ejemplo9.py
[2025-06-05T05:26:54.512+0000] {processor.py:925} INFO - DAG(s) 'parallel_etl_dag' retrieved from /opt/airflow/dags/Sesion3/Ejemplo9.py
[2025-06-05T05:26:54.544+0000] {logging_mixin.py:190} INFO - [2025-06-05T05:26:54.544+0000] {dag.py:3239} INFO - Sync 1 DAGs
[2025-06-05T05:26:54.568+0000] {logging_mixin.py:190} INFO - [2025-06-05T05:26:54.568+0000] {dag.py:4180} INFO - Setting next_dagrun for parallel_etl_dag to 2023-01-01 00:00:00+00:00, run_after=2023-01-02 00:00:00+00:00
[2025-06-05T05:26:54.584+0000] {processor.py:208} INFO - Processing /opt/airflow/dags/Sesion3/Ejemplo9.py took 0.775 seconds
[2025-06-05T05:27:25.253+0000] {processor.py:186} INFO - Started process (PID=1664) to work on /opt/airflow/dags/Sesion3/Ejemplo9.py
[2025-06-05T05:27:25.253+0000] {processor.py:914} INFO - Processing file /opt/airflow/dags/Sesion3/Ejemplo9.py for tasks to queue
[2025-06-05T05:27:25.256+0000] {logging_mixin.py:190} INFO - [2025-06-05T05:27:25.255+0000] {dagbag.py:588} INFO - Filling up the DagBag from /opt/airflow/dags/Sesion3/Ejemplo9.py
[2025-06-05T05:27:26.170+0000] {processor.py:925} INFO - DAG(s) 'parallel_etl_dag' retrieved from /opt/airflow/dags/Sesion3/Ejemplo9.py
[2025-06-05T05:27:26.194+0000] {logging_mixin.py:190} INFO - [2025-06-05T05:27:26.193+0000] {dag.py:3239} INFO - Sync 1 DAGs
[2025-06-05T05:27:26.229+0000] {logging_mixin.py:190} INFO - [2025-06-05T05:27:26.228+0000] {dag.py:4180} INFO - Setting next_dagrun for parallel_etl_dag to 2023-01-01 00:00:00+00:00, run_after=2023-01-02 00:00:00+00:00
[2025-06-05T05:27:26.261+0000] {processor.py:208} INFO - Processing /opt/airflow/dags/Sesion3/Ejemplo9.py took 1.016 seconds
[2025-06-05T05:27:57.075+0000] {processor.py:186} INFO - Started process (PID=1779) to work on /opt/airflow/dags/Sesion3/Ejemplo9.py
[2025-06-05T05:27:57.076+0000] {processor.py:914} INFO - Processing file /opt/airflow/dags/Sesion3/Ejemplo9.py for tasks to queue
[2025-06-05T05:27:57.079+0000] {logging_mixin.py:190} INFO - [2025-06-05T05:27:57.079+0000] {dagbag.py:588} INFO - Filling up the DagBag from /opt/airflow/dags/Sesion3/Ejemplo9.py
[2025-06-05T05:27:57.792+0000] {processor.py:925} INFO - DAG(s) 'parallel_etl_dag' retrieved from /opt/airflow/dags/Sesion3/Ejemplo9.py
[2025-06-05T05:27:57.820+0000] {logging_mixin.py:190} INFO - [2025-06-05T05:27:57.819+0000] {dag.py:3239} INFO - Sync 1 DAGs
[2025-06-05T05:27:57.848+0000] {logging_mixin.py:190} INFO - [2025-06-05T05:27:57.848+0000] {dag.py:4180} INFO - Setting next_dagrun for parallel_etl_dag to 2023-01-01 00:00:00+00:00, run_after=2023-01-02 00:00:00+00:00
[2025-06-05T05:27:57.869+0000] {processor.py:208} INFO - Processing /opt/airflow/dags/Sesion3/Ejemplo9.py took 0.802 seconds
[2025-06-05T05:28:27.979+0000] {processor.py:186} INFO - Started process (PID=1891) to work on /opt/airflow/dags/Sesion3/Ejemplo9.py
[2025-06-05T05:28:27.982+0000] {processor.py:914} INFO - Processing file /opt/airflow/dags/Sesion3/Ejemplo9.py for tasks to queue
[2025-06-05T05:28:27.985+0000] {logging_mixin.py:190} INFO - [2025-06-05T05:28:27.984+0000] {dagbag.py:588} INFO - Filling up the DagBag from /opt/airflow/dags/Sesion3/Ejemplo9.py
[2025-06-05T05:28:28.426+0000] {processor.py:925} INFO - DAG(s) 'parallel_etl_dag' retrieved from /opt/airflow/dags/Sesion3/Ejemplo9.py
[2025-06-05T05:28:28.443+0000] {logging_mixin.py:190} INFO - [2025-06-05T05:28:28.443+0000] {dag.py:3239} INFO - Sync 1 DAGs
[2025-06-05T05:28:28.464+0000] {logging_mixin.py:190} INFO - [2025-06-05T05:28:28.463+0000] {dag.py:4180} INFO - Setting next_dagrun for parallel_etl_dag to 2023-01-01 00:00:00+00:00, run_after=2023-01-02 00:00:00+00:00
[2025-06-05T05:28:28.482+0000] {processor.py:208} INFO - Processing /opt/airflow/dags/Sesion3/Ejemplo9.py took 0.517 seconds
[2025-06-05T05:28:58.597+0000] {processor.py:186} INFO - Started process (PID=2004) to work on /opt/airflow/dags/Sesion3/Ejemplo9.py
[2025-06-05T05:28:58.598+0000] {processor.py:914} INFO - Processing file /opt/airflow/dags/Sesion3/Ejemplo9.py for tasks to queue
[2025-06-05T05:28:58.601+0000] {logging_mixin.py:190} INFO - [2025-06-05T05:28:58.601+0000] {dagbag.py:588} INFO - Filling up the DagBag from /opt/airflow/dags/Sesion3/Ejemplo9.py
[2025-06-05T05:28:59.093+0000] {processor.py:925} INFO - DAG(s) 'parallel_etl_dag' retrieved from /opt/airflow/dags/Sesion3/Ejemplo9.py
[2025-06-05T05:28:59.110+0000] {logging_mixin.py:190} INFO - [2025-06-05T05:28:59.110+0000] {dag.py:3239} INFO - Sync 1 DAGs
[2025-06-05T05:28:59.129+0000] {logging_mixin.py:190} INFO - [2025-06-05T05:28:59.129+0000] {dag.py:4180} INFO - Setting next_dagrun for parallel_etl_dag to 2023-01-01 00:00:00+00:00, run_after=2023-01-02 00:00:00+00:00
[2025-06-05T05:28:59.143+0000] {processor.py:208} INFO - Processing /opt/airflow/dags/Sesion3/Ejemplo9.py took 0.553 seconds
[2025-06-05T05:29:29.567+0000] {processor.py:186} INFO - Started process (PID=2099) to work on /opt/airflow/dags/Sesion3/Ejemplo9.py
[2025-06-05T05:29:29.568+0000] {processor.py:914} INFO - Processing file /opt/airflow/dags/Sesion3/Ejemplo9.py for tasks to queue
[2025-06-05T05:29:29.570+0000] {logging_mixin.py:190} INFO - [2025-06-05T05:29:29.570+0000] {dagbag.py:588} INFO - Filling up the DagBag from /opt/airflow/dags/Sesion3/Ejemplo9.py
[2025-06-05T05:29:30.221+0000] {processor.py:925} INFO - DAG(s) 'parallel_etl_dag' retrieved from /opt/airflow/dags/Sesion3/Ejemplo9.py
[2025-06-05T05:29:30.241+0000] {logging_mixin.py:190} INFO - [2025-06-05T05:29:30.241+0000] {dag.py:3239} INFO - Sync 1 DAGs
[2025-06-05T05:29:30.266+0000] {logging_mixin.py:190} INFO - [2025-06-05T05:29:30.266+0000] {dag.py:4180} INFO - Setting next_dagrun for parallel_etl_dag to 2023-01-01 00:00:00+00:00, run_after=2023-01-02 00:00:00+00:00
[2025-06-05T05:29:30.282+0000] {processor.py:208} INFO - Processing /opt/airflow/dags/Sesion3/Ejemplo9.py took 0.727 seconds
[2025-06-05T05:30:01.275+0000] {processor.py:186} INFO - Started process (PID=2216) to work on /opt/airflow/dags/Sesion3/Ejemplo9.py
[2025-06-05T05:30:01.276+0000] {processor.py:914} INFO - Processing file /opt/airflow/dags/Sesion3/Ejemplo9.py for tasks to queue
[2025-06-05T05:30:01.277+0000] {logging_mixin.py:190} INFO - [2025-06-05T05:30:01.277+0000] {dagbag.py:588} INFO - Filling up the DagBag from /opt/airflow/dags/Sesion3/Ejemplo9.py
[2025-06-05T05:30:01.667+0000] {processor.py:925} INFO - DAG(s) 'parallel_etl_dag' retrieved from /opt/airflow/dags/Sesion3/Ejemplo9.py
[2025-06-05T05:30:01.681+0000] {logging_mixin.py:190} INFO - [2025-06-05T05:30:01.681+0000] {dag.py:3239} INFO - Sync 1 DAGs
[2025-06-05T05:30:01.697+0000] {logging_mixin.py:190} INFO - [2025-06-05T05:30:01.697+0000] {dag.py:4180} INFO - Setting next_dagrun for parallel_etl_dag to 2023-01-01 00:00:00+00:00, run_after=2023-01-02 00:00:00+00:00
[2025-06-05T05:30:01.709+0000] {processor.py:208} INFO - Processing /opt/airflow/dags/Sesion3/Ejemplo9.py took 0.438 seconds
[2025-06-05T05:30:33.288+0000] {processor.py:186} INFO - Started process (PID=2337) to work on /opt/airflow/dags/Sesion3/Ejemplo9.py
[2025-06-05T05:30:33.289+0000] {processor.py:914} INFO - Processing file /opt/airflow/dags/Sesion3/Ejemplo9.py for tasks to queue
[2025-06-05T05:30:33.291+0000] {logging_mixin.py:190} INFO - [2025-06-05T05:30:33.291+0000] {dagbag.py:588} INFO - Filling up the DagBag from /opt/airflow/dags/Sesion3/Ejemplo9.py
[2025-06-05T05:30:34.128+0000] {processor.py:925} INFO - DAG(s) 'parallel_etl_dag' retrieved from /opt/airflow/dags/Sesion3/Ejemplo9.py
[2025-06-05T05:30:34.145+0000] {logging_mixin.py:190} INFO - [2025-06-05T05:30:34.145+0000] {dag.py:3239} INFO - Sync 1 DAGs
[2025-06-05T05:30:34.169+0000] {logging_mixin.py:190} INFO - [2025-06-05T05:30:34.169+0000] {dag.py:4180} INFO - Setting next_dagrun for parallel_etl_dag to 2023-01-01 00:00:00+00:00, run_after=2023-01-02 00:00:00+00:00
[2025-06-05T05:30:34.190+0000] {processor.py:208} INFO - Processing /opt/airflow/dags/Sesion3/Ejemplo9.py took 0.910 seconds
[2025-06-05T05:31:04.297+0000] {processor.py:186} INFO - Started process (PID=2470) to work on /opt/airflow/dags/Sesion3/Ejemplo9.py
[2025-06-05T05:31:04.298+0000] {processor.py:914} INFO - Processing file /opt/airflow/dags/Sesion3/Ejemplo9.py for tasks to queue
[2025-06-05T05:31:04.302+0000] {logging_mixin.py:190} INFO - [2025-06-05T05:31:04.301+0000] {dagbag.py:588} INFO - Filling up the DagBag from /opt/airflow/dags/Sesion3/Ejemplo9.py
[2025-06-05T05:31:04.781+0000] {processor.py:925} INFO - DAG(s) 'parallel_etl_dag' retrieved from /opt/airflow/dags/Sesion3/Ejemplo9.py
[2025-06-05T05:31:04.798+0000] {logging_mixin.py:190} INFO - [2025-06-05T05:31:04.798+0000] {dag.py:3239} INFO - Sync 1 DAGs
[2025-06-05T05:31:04.818+0000] {logging_mixin.py:190} INFO - [2025-06-05T05:31:04.818+0000] {dag.py:4180} INFO - Setting next_dagrun for parallel_etl_dag to 2023-01-01 00:00:00+00:00, run_after=2023-01-02 00:00:00+00:00
[2025-06-05T05:31:04.834+0000] {processor.py:208} INFO - Processing /opt/airflow/dags/Sesion3/Ejemplo9.py took 0.545 seconds
[2025-06-05T05:31:35.539+0000] {processor.py:186} INFO - Started process (PID=2585) to work on /opt/airflow/dags/Sesion3/Ejemplo9.py
[2025-06-05T05:31:35.545+0000] {processor.py:914} INFO - Processing file /opt/airflow/dags/Sesion3/Ejemplo9.py for tasks to queue
[2025-06-05T05:31:35.549+0000] {logging_mixin.py:190} INFO - [2025-06-05T05:31:35.549+0000] {dagbag.py:588} INFO - Filling up the DagBag from /opt/airflow/dags/Sesion3/Ejemplo9.py
[2025-06-05T05:31:36.122+0000] {processor.py:925} INFO - DAG(s) 'parallel_etl_dag' retrieved from /opt/airflow/dags/Sesion3/Ejemplo9.py
[2025-06-05T05:31:36.144+0000] {logging_mixin.py:190} INFO - [2025-06-05T05:31:36.143+0000] {dag.py:3239} INFO - Sync 1 DAGs
[2025-06-05T05:31:36.165+0000] {logging_mixin.py:190} INFO - [2025-06-05T05:31:36.164+0000] {dag.py:4180} INFO - Setting next_dagrun for parallel_etl_dag to 2023-01-01 00:00:00+00:00, run_after=2023-01-02 00:00:00+00:00
[2025-06-05T05:31:36.185+0000] {processor.py:208} INFO - Processing /opt/airflow/dags/Sesion3/Ejemplo9.py took 0.671 seconds
[2025-06-05T05:38:52.058+0000] {processor.py:186} INFO - Started process (PID=244) to work on /opt/airflow/dags/Sesion3/Ejemplo9.py
[2025-06-05T05:38:52.073+0000] {processor.py:914} INFO - Processing file /opt/airflow/dags/Sesion3/Ejemplo9.py for tasks to queue
[2025-06-05T05:38:52.081+0000] {logging_mixin.py:190} INFO - [2025-06-05T05:38:52.078+0000] {dagbag.py:588} INFO - Filling up the DagBag from /opt/airflow/dags/Sesion3/Ejemplo9.py
[2025-06-05T05:38:52.095+0000] {logging_mixin.py:190} INFO - [2025-06-05T05:38:52.090+0000] {dagbag.py:387} ERROR - Failed to import: /opt/airflow/dags/Sesion3/Ejemplo9.py
Traceback (most recent call last):
  File "/home/airflow/.local/lib/python3.12/site-packages/airflow/models/dagbag.py", line 383, in parse
    loader.exec_module(new_module)
  File "<frozen importlib._bootstrap_external>", line 995, in exec_module
  File "<frozen importlib._bootstrap>", line 488, in _call_with_frames_removed
  File "/opt/airflow/dags/Sesion3/Ejemplo9.py", line 6, in <module>
    import pymysql
ModuleNotFoundError: No module named 'pymysql'
[2025-06-05T05:38:52.095+0000] {processor.py:927} WARNING - No viable dags retrieved from /opt/airflow/dags/Sesion3/Ejemplo9.py
[2025-06-05T05:38:52.174+0000] {processor.py:208} INFO - Processing /opt/airflow/dags/Sesion3/Ejemplo9.py took 0.133 seconds
[2025-06-05T05:39:22.567+0000] {processor.py:186} INFO - Started process (PID=357) to work on /opt/airflow/dags/Sesion3/Ejemplo9.py
[2025-06-05T05:39:22.568+0000] {processor.py:914} INFO - Processing file /opt/airflow/dags/Sesion3/Ejemplo9.py for tasks to queue
[2025-06-05T05:39:22.571+0000] {logging_mixin.py:190} INFO - [2025-06-05T05:39:22.570+0000] {dagbag.py:588} INFO - Filling up the DagBag from /opt/airflow/dags/Sesion3/Ejemplo9.py
[2025-06-05T05:39:22.575+0000] {logging_mixin.py:190} INFO - [2025-06-05T05:39:22.574+0000] {dagbag.py:387} ERROR - Failed to import: /opt/airflow/dags/Sesion3/Ejemplo9.py
Traceback (most recent call last):
  File "/home/airflow/.local/lib/python3.12/site-packages/airflow/models/dagbag.py", line 383, in parse
    loader.exec_module(new_module)
  File "<frozen importlib._bootstrap_external>", line 995, in exec_module
  File "<frozen importlib._bootstrap>", line 488, in _call_with_frames_removed
  File "/opt/airflow/dags/Sesion3/Ejemplo9.py", line 6, in <module>
    import pymysql
ModuleNotFoundError: No module named 'pymysql'
[2025-06-05T05:39:22.576+0000] {processor.py:927} WARNING - No viable dags retrieved from /opt/airflow/dags/Sesion3/Ejemplo9.py
[2025-06-05T05:39:22.597+0000] {processor.py:208} INFO - Processing /opt/airflow/dags/Sesion3/Ejemplo9.py took 0.037 seconds
[2025-06-05T05:39:53.902+0000] {processor.py:186} INFO - Started process (PID=470) to work on /opt/airflow/dags/Sesion3/Ejemplo9.py
[2025-06-05T05:39:53.903+0000] {processor.py:914} INFO - Processing file /opt/airflow/dags/Sesion3/Ejemplo9.py for tasks to queue
[2025-06-05T05:39:53.904+0000] {logging_mixin.py:190} INFO - [2025-06-05T05:39:53.904+0000] {dagbag.py:588} INFO - Filling up the DagBag from /opt/airflow/dags/Sesion3/Ejemplo9.py
[2025-06-05T05:39:53.908+0000] {logging_mixin.py:190} INFO - [2025-06-05T05:39:53.906+0000] {dagbag.py:387} ERROR - Failed to import: /opt/airflow/dags/Sesion3/Ejemplo9.py
Traceback (most recent call last):
  File "/home/airflow/.local/lib/python3.12/site-packages/airflow/models/dagbag.py", line 383, in parse
    loader.exec_module(new_module)
  File "<frozen importlib._bootstrap_external>", line 995, in exec_module
  File "<frozen importlib._bootstrap>", line 488, in _call_with_frames_removed
  File "/opt/airflow/dags/Sesion3/Ejemplo9.py", line 6, in <module>
    import pymysql
ModuleNotFoundError: No module named 'pymysql'
[2025-06-05T05:39:53.908+0000] {processor.py:927} WARNING - No viable dags retrieved from /opt/airflow/dags/Sesion3/Ejemplo9.py
[2025-06-05T05:39:53.928+0000] {processor.py:208} INFO - Processing /opt/airflow/dags/Sesion3/Ejemplo9.py took 0.032 seconds
