[2025-06-05T02:01:22.197+0000] {processor.py:186} INFO - Started process (PID=258) to work on /opt/airflow/dags/Sesion3/Ejemplo6.py
[2025-06-05T02:01:22.202+0000] {processor.py:914} INFO - Processing file /opt/airflow/dags/Sesion3/Ejemplo6.py for tasks to queue
[2025-06-05T02:01:22.212+0000] {logging_mixin.py:190} INFO - [2025-06-05T02:01:22.210+0000] {dagbag.py:588} INFO - Filling up the DagBag from /opt/airflow/dags/Sesion3/Ejemplo6.py
[2025-06-05T02:01:22.227+0000] {processor.py:925} INFO - DAG(s) 'dag_1_ejemplo6', 'dag_2_ejemplo6' retrieved from /opt/airflow/dags/Sesion3/Ejemplo6.py
[2025-06-05T02:01:22.265+0000] {logging_mixin.py:190} INFO - [2025-06-05T02:01:22.264+0000] {dag.py:3239} INFO - Sync 2 DAGs
[2025-06-05T02:01:22.327+0000] {logging_mixin.py:190} INFO - [2025-06-05T02:01:22.327+0000] {dag.py:4180} INFO - Setting next_dagrun for dag_1_ejemplo6 to 2025-05-30 00:00:00+00:00, run_after=2025-05-31 00:00:00+00:00
[2025-06-05T02:01:22.339+0000] {logging_mixin.py:190} INFO - [2025-06-05T02:01:22.339+0000] {dag.py:4180} INFO - Setting next_dagrun for dag_2_ejemplo6 to None, run_after=None
[2025-06-05T02:01:22.389+0000] {processor.py:208} INFO - Processing /opt/airflow/dags/Sesion3/Ejemplo6.py took 0.201 seconds
[2025-06-05T02:01:55.821+0000] {processor.py:186} INFO - Started process (PID=373) to work on /opt/airflow/dags/Sesion3/Ejemplo6.py
[2025-06-05T02:01:55.822+0000] {processor.py:914} INFO - Processing file /opt/airflow/dags/Sesion3/Ejemplo6.py for tasks to queue
[2025-06-05T02:01:55.829+0000] {logging_mixin.py:190} INFO - [2025-06-05T02:01:55.828+0000] {dagbag.py:588} INFO - Filling up the DagBag from /opt/airflow/dags/Sesion3/Ejemplo6.py
[2025-06-05T02:01:55.885+0000] {processor.py:925} INFO - DAG(s) 'dag_2_ejemplo6', 'dag_1_ejemplo6' retrieved from /opt/airflow/dags/Sesion3/Ejemplo6.py
[2025-06-05T02:01:56.009+0000] {logging_mixin.py:190} INFO - [2025-06-05T02:01:56.008+0000] {dag.py:3239} INFO - Sync 2 DAGs
[2025-06-05T02:01:56.135+0000] {logging_mixin.py:190} INFO - [2025-06-05T02:01:56.134+0000] {dag.py:4180} INFO - Setting next_dagrun for dag_1_ejemplo6 to 2025-05-30 00:00:00+00:00, run_after=2025-05-31 00:00:00+00:00
[2025-06-05T02:01:56.159+0000] {logging_mixin.py:190} INFO - [2025-06-05T02:01:56.159+0000] {dag.py:4180} INFO - Setting next_dagrun for dag_2_ejemplo6 to None, run_after=None
[2025-06-05T02:01:56.222+0000] {processor.py:208} INFO - Processing /opt/airflow/dags/Sesion3/Ejemplo6.py took 0.426 seconds
[2025-06-05T02:04:31.728+0000] {processor.py:186} INFO - Started process (PID=240) to work on /opt/airflow/dags/Sesion3/Ejemplo6.py
[2025-06-05T02:04:31.732+0000] {processor.py:914} INFO - Processing file /opt/airflow/dags/Sesion3/Ejemplo6.py for tasks to queue
[2025-06-05T02:04:31.737+0000] {logging_mixin.py:190} INFO - [2025-06-05T02:04:31.736+0000] {dagbag.py:588} INFO - Filling up the DagBag from /opt/airflow/dags/Sesion3/Ejemplo6.py
[2025-06-05T02:04:31.772+0000] {processor.py:925} INFO - DAG(s) 'dag_2_ejemplo6', 'dag_1_ejemplo6' retrieved from /opt/airflow/dags/Sesion3/Ejemplo6.py
[2025-06-05T02:04:31.914+0000] {logging_mixin.py:190} INFO - [2025-06-05T02:04:31.913+0000] {dag.py:3239} INFO - Sync 2 DAGs
[2025-06-05T02:04:32.040+0000] {logging_mixin.py:190} INFO - [2025-06-05T02:04:32.040+0000] {dag.py:4180} INFO - Setting next_dagrun for dag_1_ejemplo6 to 2025-05-30 00:00:00+00:00, run_after=2025-05-31 00:00:00+00:00
[2025-06-05T02:04:32.060+0000] {logging_mixin.py:190} INFO - [2025-06-05T02:04:32.059+0000] {dag.py:4180} INFO - Setting next_dagrun for dag_2_ejemplo6 to None, run_after=None
[2025-06-05T02:04:32.129+0000] {processor.py:208} INFO - Processing /opt/airflow/dags/Sesion3/Ejemplo6.py took 0.420 seconds
[2025-06-05T02:05:02.546+0000] {processor.py:186} INFO - Started process (PID=349) to work on /opt/airflow/dags/Sesion3/Ejemplo6.py
[2025-06-05T02:05:02.547+0000] {processor.py:914} INFO - Processing file /opt/airflow/dags/Sesion3/Ejemplo6.py for tasks to queue
[2025-06-05T02:05:02.550+0000] {logging_mixin.py:190} INFO - [2025-06-05T02:05:02.550+0000] {dagbag.py:588} INFO - Filling up the DagBag from /opt/airflow/dags/Sesion3/Ejemplo6.py
[2025-06-05T02:05:02.581+0000] {processor.py:925} INFO - DAG(s) 'dag_2_ejemplo6', 'dag_1_ejemplo6' retrieved from /opt/airflow/dags/Sesion3/Ejemplo6.py
[2025-06-05T02:05:02.657+0000] {logging_mixin.py:190} INFO - [2025-06-05T02:05:02.656+0000] {dag.py:3239} INFO - Sync 2 DAGs
[2025-06-05T02:05:02.732+0000] {logging_mixin.py:190} INFO - [2025-06-05T02:05:02.732+0000] {dag.py:4180} INFO - Setting next_dagrun for dag_1_ejemplo6 to 2025-05-30 00:00:00+00:00, run_after=2025-05-31 00:00:00+00:00
[2025-06-05T02:05:02.742+0000] {logging_mixin.py:190} INFO - [2025-06-05T02:05:02.742+0000] {dag.py:4180} INFO - Setting next_dagrun for dag_2_ejemplo6 to None, run_after=None
[2025-06-05T02:05:02.765+0000] {processor.py:208} INFO - Processing /opt/airflow/dags/Sesion3/Ejemplo6.py took 0.235 seconds
[2025-06-05T02:05:33.051+0000] {processor.py:186} INFO - Started process (PID=464) to work on /opt/airflow/dags/Sesion3/Ejemplo6.py
[2025-06-05T02:05:33.052+0000] {processor.py:914} INFO - Processing file /opt/airflow/dags/Sesion3/Ejemplo6.py for tasks to queue
[2025-06-05T02:05:33.055+0000] {logging_mixin.py:190} INFO - [2025-06-05T02:05:33.054+0000] {dagbag.py:588} INFO - Filling up the DagBag from /opt/airflow/dags/Sesion3/Ejemplo6.py
[2025-06-05T02:05:33.066+0000] {processor.py:925} INFO - DAG(s) 'dag_1_ejemplo6', 'dag_2_ejemplo6' retrieved from /opt/airflow/dags/Sesion3/Ejemplo6.py
[2025-06-05T02:05:33.098+0000] {logging_mixin.py:190} INFO - [2025-06-05T02:05:33.098+0000] {dag.py:3239} INFO - Sync 2 DAGs
[2025-06-05T02:05:33.145+0000] {logging_mixin.py:190} INFO - [2025-06-05T02:05:33.144+0000] {dag.py:4180} INFO - Setting next_dagrun for dag_1_ejemplo6 to 2025-05-30 00:00:00+00:00, run_after=2025-05-31 00:00:00+00:00
[2025-06-05T02:05:33.156+0000] {logging_mixin.py:190} INFO - [2025-06-05T02:05:33.156+0000] {dag.py:4180} INFO - Setting next_dagrun for dag_2_ejemplo6 to None, run_after=None
[2025-06-05T02:05:33.190+0000] {processor.py:208} INFO - Processing /opt/airflow/dags/Sesion3/Ejemplo6.py took 0.146 seconds
[2025-06-05T02:06:03.431+0000] {processor.py:186} INFO - Started process (PID=579) to work on /opt/airflow/dags/Sesion3/Ejemplo6.py
[2025-06-05T02:06:03.432+0000] {processor.py:914} INFO - Processing file /opt/airflow/dags/Sesion3/Ejemplo6.py for tasks to queue
[2025-06-05T02:06:03.435+0000] {logging_mixin.py:190} INFO - [2025-06-05T02:06:03.434+0000] {dagbag.py:588} INFO - Filling up the DagBag from /opt/airflow/dags/Sesion3/Ejemplo6.py
[2025-06-05T02:06:03.446+0000] {processor.py:925} INFO - DAG(s) 'dag_2_ejemplo6', 'dag_1_ejemplo6' retrieved from /opt/airflow/dags/Sesion3/Ejemplo6.py
[2025-06-05T02:06:03.479+0000] {logging_mixin.py:190} INFO - [2025-06-05T02:06:03.478+0000] {dag.py:3239} INFO - Sync 2 DAGs
[2025-06-05T02:06:03.512+0000] {logging_mixin.py:190} INFO - [2025-06-05T02:06:03.512+0000] {dag.py:4180} INFO - Setting next_dagrun for dag_1_ejemplo6 to 2025-05-30 00:00:00+00:00, run_after=2025-05-31 00:00:00+00:00
[2025-06-05T02:06:03.517+0000] {logging_mixin.py:190} INFO - [2025-06-05T02:06:03.517+0000] {dag.py:4180} INFO - Setting next_dagrun for dag_2_ejemplo6 to None, run_after=None
[2025-06-05T02:06:03.534+0000] {processor.py:208} INFO - Processing /opt/airflow/dags/Sesion3/Ejemplo6.py took 0.109 seconds
[2025-06-05T02:06:34.404+0000] {processor.py:186} INFO - Started process (PID=694) to work on /opt/airflow/dags/Sesion3/Ejemplo6.py
[2025-06-05T02:06:34.406+0000] {processor.py:914} INFO - Processing file /opt/airflow/dags/Sesion3/Ejemplo6.py for tasks to queue
[2025-06-05T02:06:34.410+0000] {logging_mixin.py:190} INFO - [2025-06-05T02:06:34.409+0000] {dagbag.py:588} INFO - Filling up the DagBag from /opt/airflow/dags/Sesion3/Ejemplo6.py
[2025-06-05T02:06:34.420+0000] {processor.py:925} INFO - DAG(s) 'dag_2_ejemplo6', 'dag_1_ejemplo6' retrieved from /opt/airflow/dags/Sesion3/Ejemplo6.py
[2025-06-05T02:06:34.456+0000] {logging_mixin.py:190} INFO - [2025-06-05T02:06:34.455+0000] {dag.py:3239} INFO - Sync 2 DAGs
[2025-06-05T02:06:34.487+0000] {logging_mixin.py:190} INFO - [2025-06-05T02:06:34.487+0000] {dag.py:4180} INFO - Setting next_dagrun for dag_1_ejemplo6 to 2025-05-30 00:00:00+00:00, run_after=2025-05-31 00:00:00+00:00
[2025-06-05T02:06:34.491+0000] {logging_mixin.py:190} INFO - [2025-06-05T02:06:34.491+0000] {dag.py:4180} INFO - Setting next_dagrun for dag_2_ejemplo6 to None, run_after=None
[2025-06-05T02:06:34.508+0000] {processor.py:208} INFO - Processing /opt/airflow/dags/Sesion3/Ejemplo6.py took 0.123 seconds
[2025-06-05T02:07:05.487+0000] {processor.py:186} INFO - Started process (PID=809) to work on /opt/airflow/dags/Sesion3/Ejemplo6.py
[2025-06-05T02:07:05.487+0000] {processor.py:914} INFO - Processing file /opt/airflow/dags/Sesion3/Ejemplo6.py for tasks to queue
[2025-06-05T02:07:05.490+0000] {logging_mixin.py:190} INFO - [2025-06-05T02:07:05.489+0000] {dagbag.py:588} INFO - Filling up the DagBag from /opt/airflow/dags/Sesion3/Ejemplo6.py
[2025-06-05T02:07:05.500+0000] {processor.py:925} INFO - DAG(s) 'dag_2_ejemplo6', 'dag_1_ejemplo6' retrieved from /opt/airflow/dags/Sesion3/Ejemplo6.py
[2025-06-05T02:07:05.533+0000] {logging_mixin.py:190} INFO - [2025-06-05T02:07:05.533+0000] {dag.py:3239} INFO - Sync 2 DAGs
[2025-06-05T02:07:05.566+0000] {logging_mixin.py:190} INFO - [2025-06-05T02:07:05.566+0000] {dag.py:4180} INFO - Setting next_dagrun for dag_1_ejemplo6 to 2025-05-30 00:00:00+00:00, run_after=2025-05-31 00:00:00+00:00
[2025-06-05T02:07:05.570+0000] {logging_mixin.py:190} INFO - [2025-06-05T02:07:05.570+0000] {dag.py:4180} INFO - Setting next_dagrun for dag_2_ejemplo6 to None, run_after=None
[2025-06-05T02:07:05.588+0000] {processor.py:208} INFO - Processing /opt/airflow/dags/Sesion3/Ejemplo6.py took 0.108 seconds
[2025-06-05T02:07:36.002+0000] {processor.py:186} INFO - Started process (PID=926) to work on /opt/airflow/dags/Sesion3/Ejemplo6.py
[2025-06-05T02:07:36.003+0000] {processor.py:914} INFO - Processing file /opt/airflow/dags/Sesion3/Ejemplo6.py for tasks to queue
[2025-06-05T02:07:36.006+0000] {logging_mixin.py:190} INFO - [2025-06-05T02:07:36.006+0000] {dagbag.py:588} INFO - Filling up the DagBag from /opt/airflow/dags/Sesion3/Ejemplo6.py
[2025-06-05T02:07:36.017+0000] {processor.py:925} INFO - DAG(s) 'dag_2_ejemplo6', 'dag_1_ejemplo6' retrieved from /opt/airflow/dags/Sesion3/Ejemplo6.py
[2025-06-05T02:07:36.036+0000] {logging_mixin.py:190} INFO - [2025-06-05T02:07:36.036+0000] {dag.py:3239} INFO - Sync 2 DAGs
[2025-06-05T02:07:36.058+0000] {logging_mixin.py:190} INFO - [2025-06-05T02:07:36.057+0000] {dag.py:4180} INFO - Setting next_dagrun for dag_1_ejemplo6 to 2025-05-30 00:00:00+00:00, run_after=2025-05-31 00:00:00+00:00
[2025-06-05T02:07:36.061+0000] {logging_mixin.py:190} INFO - [2025-06-05T02:07:36.061+0000] {dag.py:4180} INFO - Setting next_dagrun for dag_2_ejemplo6 to None, run_after=None
[2025-06-05T02:07:36.073+0000] {processor.py:208} INFO - Processing /opt/airflow/dags/Sesion3/Ejemplo6.py took 0.077 seconds
[2025-06-05T02:08:07.219+0000] {processor.py:186} INFO - Started process (PID=1039) to work on /opt/airflow/dags/Sesion3/Ejemplo6.py
[2025-06-05T02:08:07.220+0000] {processor.py:914} INFO - Processing file /opt/airflow/dags/Sesion3/Ejemplo6.py for tasks to queue
[2025-06-05T02:08:07.223+0000] {logging_mixin.py:190} INFO - [2025-06-05T02:08:07.222+0000] {dagbag.py:588} INFO - Filling up the DagBag from /opt/airflow/dags/Sesion3/Ejemplo6.py
[2025-06-05T02:08:07.233+0000] {processor.py:925} INFO - DAG(s) 'dag_2_ejemplo6', 'dag_1_ejemplo6' retrieved from /opt/airflow/dags/Sesion3/Ejemplo6.py
[2025-06-05T02:08:07.263+0000] {logging_mixin.py:190} INFO - [2025-06-05T02:08:07.263+0000] {dag.py:3239} INFO - Sync 2 DAGs
[2025-06-05T02:08:07.292+0000] {logging_mixin.py:190} INFO - [2025-06-05T02:08:07.291+0000] {dag.py:4180} INFO - Setting next_dagrun for dag_1_ejemplo6 to 2025-05-30 00:00:00+00:00, run_after=2025-05-31 00:00:00+00:00
[2025-06-05T02:08:07.296+0000] {logging_mixin.py:190} INFO - [2025-06-05T02:08:07.296+0000] {dag.py:4180} INFO - Setting next_dagrun for dag_2_ejemplo6 to None, run_after=None
[2025-06-05T02:08:07.308+0000] {processor.py:208} INFO - Processing /opt/airflow/dags/Sesion3/Ejemplo6.py took 0.096 seconds
[2025-06-05T02:08:38.358+0000] {processor.py:186} INFO - Started process (PID=1156) to work on /opt/airflow/dags/Sesion3/Ejemplo6.py
[2025-06-05T02:08:38.359+0000] {processor.py:914} INFO - Processing file /opt/airflow/dags/Sesion3/Ejemplo6.py for tasks to queue
[2025-06-05T02:08:38.360+0000] {logging_mixin.py:190} INFO - [2025-06-05T02:08:38.360+0000] {dagbag.py:588} INFO - Filling up the DagBag from /opt/airflow/dags/Sesion3/Ejemplo6.py
[2025-06-05T02:08:38.367+0000] {processor.py:925} INFO - DAG(s) 'dag_1_ejemplo6', 'dag_2_ejemplo6' retrieved from /opt/airflow/dags/Sesion3/Ejemplo6.py
[2025-06-05T02:08:38.388+0000] {logging_mixin.py:190} INFO - [2025-06-05T02:08:38.388+0000] {dag.py:3239} INFO - Sync 2 DAGs
[2025-06-05T02:08:38.408+0000] {logging_mixin.py:190} INFO - [2025-06-05T02:08:38.408+0000] {dag.py:4180} INFO - Setting next_dagrun for dag_1_ejemplo6 to 2025-05-30 00:00:00+00:00, run_after=2025-05-31 00:00:00+00:00
[2025-06-05T02:08:38.412+0000] {logging_mixin.py:190} INFO - [2025-06-05T02:08:38.411+0000] {dag.py:4180} INFO - Setting next_dagrun for dag_2_ejemplo6 to None, run_after=None
[2025-06-05T02:08:38.424+0000] {processor.py:208} INFO - Processing /opt/airflow/dags/Sesion3/Ejemplo6.py took 0.070 seconds
[2025-06-05T02:09:09.341+0000] {processor.py:186} INFO - Started process (PID=1271) to work on /opt/airflow/dags/Sesion3/Ejemplo6.py
[2025-06-05T02:09:09.342+0000] {processor.py:914} INFO - Processing file /opt/airflow/dags/Sesion3/Ejemplo6.py for tasks to queue
[2025-06-05T02:09:09.343+0000] {logging_mixin.py:190} INFO - [2025-06-05T02:09:09.343+0000] {dagbag.py:588} INFO - Filling up the DagBag from /opt/airflow/dags/Sesion3/Ejemplo6.py
[2025-06-05T02:09:09.351+0000] {processor.py:925} INFO - DAG(s) 'dag_2_ejemplo6', 'dag_1_ejemplo6' retrieved from /opt/airflow/dags/Sesion3/Ejemplo6.py
[2025-06-05T02:09:09.376+0000] {logging_mixin.py:190} INFO - [2025-06-05T02:09:09.376+0000] {dag.py:3239} INFO - Sync 2 DAGs
[2025-06-05T02:09:09.408+0000] {logging_mixin.py:190} INFO - [2025-06-05T02:09:09.407+0000] {dag.py:4180} INFO - Setting next_dagrun for dag_1_ejemplo6 to 2025-05-30 00:00:00+00:00, run_after=2025-05-31 00:00:00+00:00
[2025-06-05T02:09:09.412+0000] {logging_mixin.py:190} INFO - [2025-06-05T02:09:09.412+0000] {dag.py:4180} INFO - Setting next_dagrun for dag_2_ejemplo6 to None, run_after=None
[2025-06-05T02:09:09.428+0000] {processor.py:208} INFO - Processing /opt/airflow/dags/Sesion3/Ejemplo6.py took 0.092 seconds
[2025-06-05T02:09:40.388+0000] {processor.py:186} INFO - Started process (PID=1384) to work on /opt/airflow/dags/Sesion3/Ejemplo6.py
[2025-06-05T02:09:40.389+0000] {processor.py:914} INFO - Processing file /opt/airflow/dags/Sesion3/Ejemplo6.py for tasks to queue
[2025-06-05T02:09:40.391+0000] {logging_mixin.py:190} INFO - [2025-06-05T02:09:40.391+0000] {dagbag.py:588} INFO - Filling up the DagBag from /opt/airflow/dags/Sesion3/Ejemplo6.py
[2025-06-05T02:09:40.401+0000] {processor.py:925} INFO - DAG(s) 'dag_1_ejemplo6', 'dag_2_ejemplo6' retrieved from /opt/airflow/dags/Sesion3/Ejemplo6.py
[2025-06-05T02:09:40.431+0000] {logging_mixin.py:190} INFO - [2025-06-05T02:09:40.431+0000] {dag.py:3239} INFO - Sync 2 DAGs
[2025-06-05T02:09:40.515+0000] {logging_mixin.py:190} INFO - [2025-06-05T02:09:40.515+0000] {dag.py:4180} INFO - Setting next_dagrun for dag_1_ejemplo6 to 2025-05-30 00:00:00+00:00, run_after=2025-05-31 00:00:00+00:00
[2025-06-05T02:09:40.524+0000] {logging_mixin.py:190} INFO - [2025-06-05T02:09:40.524+0000] {dag.py:4180} INFO - Setting next_dagrun for dag_2_ejemplo6 to None, run_after=None
[2025-06-05T02:09:40.560+0000] {processor.py:208} INFO - Processing /opt/airflow/dags/Sesion3/Ejemplo6.py took 0.179 seconds
[2025-06-05T02:10:11.558+0000] {processor.py:186} INFO - Started process (PID=1499) to work on /opt/airflow/dags/Sesion3/Ejemplo6.py
[2025-06-05T02:10:11.559+0000] {processor.py:914} INFO - Processing file /opt/airflow/dags/Sesion3/Ejemplo6.py for tasks to queue
[2025-06-05T02:10:11.561+0000] {logging_mixin.py:190} INFO - [2025-06-05T02:10:11.561+0000] {dagbag.py:588} INFO - Filling up the DagBag from /opt/airflow/dags/Sesion3/Ejemplo6.py
[2025-06-05T02:10:11.571+0000] {processor.py:925} INFO - DAG(s) 'dag_2_ejemplo6', 'dag_1_ejemplo6' retrieved from /opt/airflow/dags/Sesion3/Ejemplo6.py
[2025-06-05T02:10:11.599+0000] {logging_mixin.py:190} INFO - [2025-06-05T02:10:11.599+0000] {dag.py:3239} INFO - Sync 2 DAGs
[2025-06-05T02:10:11.630+0000] {logging_mixin.py:190} INFO - [2025-06-05T02:10:11.629+0000] {dag.py:4180} INFO - Setting next_dagrun for dag_1_ejemplo6 to 2025-05-30 00:00:00+00:00, run_after=2025-05-31 00:00:00+00:00
[2025-06-05T02:10:11.634+0000] {logging_mixin.py:190} INFO - [2025-06-05T02:10:11.634+0000] {dag.py:4180} INFO - Setting next_dagrun for dag_2_ejemplo6 to None, run_after=None
[2025-06-05T02:10:11.648+0000] {processor.py:208} INFO - Processing /opt/airflow/dags/Sesion3/Ejemplo6.py took 0.097 seconds
[2025-06-05T02:10:42.791+0000] {processor.py:186} INFO - Started process (PID=1616) to work on /opt/airflow/dags/Sesion3/Ejemplo6.py
[2025-06-05T02:10:42.792+0000] {processor.py:914} INFO - Processing file /opt/airflow/dags/Sesion3/Ejemplo6.py for tasks to queue
[2025-06-05T02:10:42.794+0000] {logging_mixin.py:190} INFO - [2025-06-05T02:10:42.793+0000] {dagbag.py:588} INFO - Filling up the DagBag from /opt/airflow/dags/Sesion3/Ejemplo6.py
[2025-06-05T02:10:42.801+0000] {processor.py:925} INFO - DAG(s) 'dag_2_ejemplo6', 'dag_1_ejemplo6' retrieved from /opt/airflow/dags/Sesion3/Ejemplo6.py
[2025-06-05T02:10:42.822+0000] {logging_mixin.py:190} INFO - [2025-06-05T02:10:42.821+0000] {dag.py:3239} INFO - Sync 2 DAGs
[2025-06-05T02:10:42.843+0000] {logging_mixin.py:190} INFO - [2025-06-05T02:10:42.843+0000] {dag.py:4180} INFO - Setting next_dagrun for dag_1_ejemplo6 to 2025-05-30 00:00:00+00:00, run_after=2025-05-31 00:00:00+00:00
[2025-06-05T02:10:42.847+0000] {logging_mixin.py:190} INFO - [2025-06-05T02:10:42.846+0000] {dag.py:4180} INFO - Setting next_dagrun for dag_2_ejemplo6 to None, run_after=None
[2025-06-05T02:10:42.859+0000] {processor.py:208} INFO - Processing /opt/airflow/dags/Sesion3/Ejemplo6.py took 0.073 seconds
[2025-06-05T02:11:14.136+0000] {processor.py:186} INFO - Started process (PID=1731) to work on /opt/airflow/dags/Sesion3/Ejemplo6.py
[2025-06-05T02:11:14.137+0000] {processor.py:914} INFO - Processing file /opt/airflow/dags/Sesion3/Ejemplo6.py for tasks to queue
[2025-06-05T02:11:14.139+0000] {logging_mixin.py:190} INFO - [2025-06-05T02:11:14.139+0000] {dagbag.py:588} INFO - Filling up the DagBag from /opt/airflow/dags/Sesion3/Ejemplo6.py
[2025-06-05T02:11:14.147+0000] {processor.py:925} INFO - DAG(s) 'dag_1_ejemplo6', 'dag_2_ejemplo6' retrieved from /opt/airflow/dags/Sesion3/Ejemplo6.py
[2025-06-05T02:11:14.166+0000] {logging_mixin.py:190} INFO - [2025-06-05T02:11:14.166+0000] {dag.py:3239} INFO - Sync 2 DAGs
[2025-06-05T02:11:14.187+0000] {logging_mixin.py:190} INFO - [2025-06-05T02:11:14.186+0000] {dag.py:4180} INFO - Setting next_dagrun for dag_1_ejemplo6 to 2025-05-30 00:00:00+00:00, run_after=2025-05-31 00:00:00+00:00
[2025-06-05T02:11:14.190+0000] {logging_mixin.py:190} INFO - [2025-06-05T02:11:14.190+0000] {dag.py:4180} INFO - Setting next_dagrun for dag_2_ejemplo6 to None, run_after=None
[2025-06-05T02:11:14.203+0000] {processor.py:208} INFO - Processing /opt/airflow/dags/Sesion3/Ejemplo6.py took 0.074 seconds
[2025-06-05T02:11:45.240+0000] {processor.py:186} INFO - Started process (PID=1846) to work on /opt/airflow/dags/Sesion3/Ejemplo6.py
[2025-06-05T02:11:45.240+0000] {processor.py:914} INFO - Processing file /opt/airflow/dags/Sesion3/Ejemplo6.py for tasks to queue
[2025-06-05T02:11:45.242+0000] {logging_mixin.py:190} INFO - [2025-06-05T02:11:45.242+0000] {dagbag.py:588} INFO - Filling up the DagBag from /opt/airflow/dags/Sesion3/Ejemplo6.py
[2025-06-05T02:11:45.249+0000] {processor.py:925} INFO - DAG(s) 'dag_2_ejemplo6', 'dag_1_ejemplo6' retrieved from /opt/airflow/dags/Sesion3/Ejemplo6.py
[2025-06-05T02:11:45.269+0000] {logging_mixin.py:190} INFO - [2025-06-05T02:11:45.269+0000] {dag.py:3239} INFO - Sync 2 DAGs
[2025-06-05T02:11:45.290+0000] {logging_mixin.py:190} INFO - [2025-06-05T02:11:45.290+0000] {dag.py:4180} INFO - Setting next_dagrun for dag_1_ejemplo6 to 2025-05-30 00:00:00+00:00, run_after=2025-05-31 00:00:00+00:00
[2025-06-05T02:11:45.293+0000] {logging_mixin.py:190} INFO - [2025-06-05T02:11:45.293+0000] {dag.py:4180} INFO - Setting next_dagrun for dag_2_ejemplo6 to None, run_after=None
[2025-06-05T02:11:45.305+0000] {processor.py:208} INFO - Processing /opt/airflow/dags/Sesion3/Ejemplo6.py took 0.071 seconds
[2025-06-05T02:12:16.127+0000] {processor.py:186} INFO - Started process (PID=1961) to work on /opt/airflow/dags/Sesion3/Ejemplo6.py
[2025-06-05T02:12:16.128+0000] {processor.py:914} INFO - Processing file /opt/airflow/dags/Sesion3/Ejemplo6.py for tasks to queue
[2025-06-05T02:12:16.130+0000] {logging_mixin.py:190} INFO - [2025-06-05T02:12:16.130+0000] {dagbag.py:588} INFO - Filling up the DagBag from /opt/airflow/dags/Sesion3/Ejemplo6.py
[2025-06-05T02:12:16.138+0000] {processor.py:925} INFO - DAG(s) 'dag_1_ejemplo6', 'dag_2_ejemplo6' retrieved from /opt/airflow/dags/Sesion3/Ejemplo6.py
[2025-06-05T02:12:16.158+0000] {logging_mixin.py:190} INFO - [2025-06-05T02:12:16.158+0000] {dag.py:3239} INFO - Sync 2 DAGs
[2025-06-05T02:12:16.179+0000] {logging_mixin.py:190} INFO - [2025-06-05T02:12:16.179+0000] {dag.py:4180} INFO - Setting next_dagrun for dag_1_ejemplo6 to 2025-05-30 00:00:00+00:00, run_after=2025-05-31 00:00:00+00:00
[2025-06-05T02:12:16.182+0000] {logging_mixin.py:190} INFO - [2025-06-05T02:12:16.182+0000] {dag.py:4180} INFO - Setting next_dagrun for dag_2_ejemplo6 to None, run_after=None
[2025-06-05T02:12:16.194+0000] {processor.py:208} INFO - Processing /opt/airflow/dags/Sesion3/Ejemplo6.py took 0.072 seconds
[2025-06-05T02:12:47.428+0000] {processor.py:186} INFO - Started process (PID=2074) to work on /opt/airflow/dags/Sesion3/Ejemplo6.py
[2025-06-05T02:12:47.429+0000] {processor.py:914} INFO - Processing file /opt/airflow/dags/Sesion3/Ejemplo6.py for tasks to queue
[2025-06-05T02:12:47.432+0000] {logging_mixin.py:190} INFO - [2025-06-05T02:12:47.431+0000] {dagbag.py:588} INFO - Filling up the DagBag from /opt/airflow/dags/Sesion3/Ejemplo6.py
[2025-06-05T02:12:47.443+0000] {processor.py:925} INFO - DAG(s) 'dag_1_ejemplo6', 'dag_2_ejemplo6' retrieved from /opt/airflow/dags/Sesion3/Ejemplo6.py
[2025-06-05T02:12:47.470+0000] {logging_mixin.py:190} INFO - [2025-06-05T02:12:47.470+0000] {dag.py:3239} INFO - Sync 2 DAGs
[2025-06-05T02:12:47.491+0000] {logging_mixin.py:190} INFO - [2025-06-05T02:12:47.490+0000] {dag.py:4180} INFO - Setting next_dagrun for dag_1_ejemplo6 to 2025-05-30 00:00:00+00:00, run_after=2025-05-31 00:00:00+00:00
[2025-06-05T02:12:47.494+0000] {logging_mixin.py:190} INFO - [2025-06-05T02:12:47.494+0000] {dag.py:4180} INFO - Setting next_dagrun for dag_2_ejemplo6 to None, run_after=None
[2025-06-05T02:12:47.507+0000] {processor.py:208} INFO - Processing /opt/airflow/dags/Sesion3/Ejemplo6.py took 0.086 seconds
[2025-06-05T02:13:18.650+0000] {processor.py:186} INFO - Started process (PID=2189) to work on /opt/airflow/dags/Sesion3/Ejemplo6.py
[2025-06-05T02:13:18.651+0000] {processor.py:914} INFO - Processing file /opt/airflow/dags/Sesion3/Ejemplo6.py for tasks to queue
[2025-06-05T02:13:18.653+0000] {logging_mixin.py:190} INFO - [2025-06-05T02:13:18.653+0000] {dagbag.py:588} INFO - Filling up the DagBag from /opt/airflow/dags/Sesion3/Ejemplo6.py
[2025-06-05T02:13:18.663+0000] {processor.py:925} INFO - DAG(s) 'dag_1_ejemplo6', 'dag_2_ejemplo6' retrieved from /opt/airflow/dags/Sesion3/Ejemplo6.py
[2025-06-05T02:13:18.692+0000] {logging_mixin.py:190} INFO - [2025-06-05T02:13:18.692+0000] {dag.py:3239} INFO - Sync 2 DAGs
[2025-06-05T02:13:18.724+0000] {logging_mixin.py:190} INFO - [2025-06-05T02:13:18.723+0000] {dag.py:4180} INFO - Setting next_dagrun for dag_1_ejemplo6 to 2025-05-30 00:00:00+00:00, run_after=2025-05-31 00:00:00+00:00
[2025-06-05T02:13:18.727+0000] {logging_mixin.py:190} INFO - [2025-06-05T02:13:18.727+0000] {dag.py:4180} INFO - Setting next_dagrun for dag_2_ejemplo6 to None, run_after=None
[2025-06-05T02:13:18.746+0000] {processor.py:208} INFO - Processing /opt/airflow/dags/Sesion3/Ejemplo6.py took 0.104 seconds
[2025-06-05T02:13:49.827+0000] {processor.py:186} INFO - Started process (PID=2304) to work on /opt/airflow/dags/Sesion3/Ejemplo6.py
[2025-06-05T02:13:49.829+0000] {processor.py:914} INFO - Processing file /opt/airflow/dags/Sesion3/Ejemplo6.py for tasks to queue
[2025-06-05T02:13:49.834+0000] {logging_mixin.py:190} INFO - [2025-06-05T02:13:49.833+0000] {dagbag.py:588} INFO - Filling up the DagBag from /opt/airflow/dags/Sesion3/Ejemplo6.py
[2025-06-05T02:13:49.849+0000] {processor.py:925} INFO - DAG(s) 'dag_1_ejemplo6', 'dag_2_ejemplo6' retrieved from /opt/airflow/dags/Sesion3/Ejemplo6.py
[2025-06-05T02:13:49.881+0000] {logging_mixin.py:190} INFO - [2025-06-05T02:13:49.881+0000] {dag.py:3239} INFO - Sync 2 DAGs
[2025-06-05T02:13:49.914+0000] {logging_mixin.py:190} INFO - [2025-06-05T02:13:49.913+0000] {dag.py:4180} INFO - Setting next_dagrun for dag_1_ejemplo6 to 2025-05-30 00:00:00+00:00, run_after=2025-05-31 00:00:00+00:00
[2025-06-05T02:13:49.918+0000] {logging_mixin.py:190} INFO - [2025-06-05T02:13:49.918+0000] {dag.py:4180} INFO - Setting next_dagrun for dag_2_ejemplo6 to None, run_after=None
[2025-06-05T02:13:49.935+0000] {processor.py:208} INFO - Processing /opt/airflow/dags/Sesion3/Ejemplo6.py took 0.120 seconds
[2025-06-05T02:14:20.993+0000] {processor.py:186} INFO - Started process (PID=2421) to work on /opt/airflow/dags/Sesion3/Ejemplo6.py
[2025-06-05T02:14:20.994+0000] {processor.py:914} INFO - Processing file /opt/airflow/dags/Sesion3/Ejemplo6.py for tasks to queue
[2025-06-05T02:14:20.995+0000] {logging_mixin.py:190} INFO - [2025-06-05T02:14:20.995+0000] {dagbag.py:588} INFO - Filling up the DagBag from /opt/airflow/dags/Sesion3/Ejemplo6.py
[2025-06-05T02:14:21.003+0000] {processor.py:925} INFO - DAG(s) 'dag_2_ejemplo6', 'dag_1_ejemplo6' retrieved from /opt/airflow/dags/Sesion3/Ejemplo6.py
[2025-06-05T02:14:21.023+0000] {logging_mixin.py:190} INFO - [2025-06-05T02:14:21.023+0000] {dag.py:3239} INFO - Sync 2 DAGs
[2025-06-05T02:14:21.054+0000] {logging_mixin.py:190} INFO - [2025-06-05T02:14:21.054+0000] {dag.py:4180} INFO - Setting next_dagrun for dag_1_ejemplo6 to 2025-05-30 00:00:00+00:00, run_after=2025-05-31 00:00:00+00:00
[2025-06-05T02:14:21.059+0000] {logging_mixin.py:190} INFO - [2025-06-05T02:14:21.059+0000] {dag.py:4180} INFO - Setting next_dagrun for dag_2_ejemplo6 to None, run_after=None
[2025-06-05T02:14:21.072+0000] {processor.py:208} INFO - Processing /opt/airflow/dags/Sesion3/Ejemplo6.py took 0.084 seconds
[2025-06-05T02:14:52.283+0000] {processor.py:186} INFO - Started process (PID=2534) to work on /opt/airflow/dags/Sesion3/Ejemplo6.py
[2025-06-05T02:14:52.285+0000] {processor.py:914} INFO - Processing file /opt/airflow/dags/Sesion3/Ejemplo6.py for tasks to queue
[2025-06-05T02:14:52.287+0000] {logging_mixin.py:190} INFO - [2025-06-05T02:14:52.287+0000] {dagbag.py:588} INFO - Filling up the DagBag from /opt/airflow/dags/Sesion3/Ejemplo6.py
[2025-06-05T02:14:52.299+0000] {processor.py:925} INFO - DAG(s) 'dag_1_ejemplo6', 'dag_2_ejemplo6' retrieved from /opt/airflow/dags/Sesion3/Ejemplo6.py
[2025-06-05T02:14:52.332+0000] {logging_mixin.py:190} INFO - [2025-06-05T02:14:52.332+0000] {dag.py:3239} INFO - Sync 2 DAGs
[2025-06-05T02:14:52.358+0000] {logging_mixin.py:190} INFO - [2025-06-05T02:14:52.358+0000] {dag.py:4180} INFO - Setting next_dagrun for dag_1_ejemplo6 to 2025-05-30 00:00:00+00:00, run_after=2025-05-31 00:00:00+00:00
[2025-06-05T02:14:52.361+0000] {logging_mixin.py:190} INFO - [2025-06-05T02:14:52.361+0000] {dag.py:4180} INFO - Setting next_dagrun for dag_2_ejemplo6 to None, run_after=None
[2025-06-05T02:14:52.373+0000] {processor.py:208} INFO - Processing /opt/airflow/dags/Sesion3/Ejemplo6.py took 0.097 seconds
[2025-06-05T02:15:23.538+0000] {processor.py:186} INFO - Started process (PID=2649) to work on /opt/airflow/dags/Sesion3/Ejemplo6.py
[2025-06-05T02:15:23.539+0000] {processor.py:914} INFO - Processing file /opt/airflow/dags/Sesion3/Ejemplo6.py for tasks to queue
[2025-06-05T02:15:23.541+0000] {logging_mixin.py:190} INFO - [2025-06-05T02:15:23.541+0000] {dagbag.py:588} INFO - Filling up the DagBag from /opt/airflow/dags/Sesion3/Ejemplo6.py
[2025-06-05T02:15:23.551+0000] {processor.py:925} INFO - DAG(s) 'dag_2_ejemplo6', 'dag_1_ejemplo6' retrieved from /opt/airflow/dags/Sesion3/Ejemplo6.py
[2025-06-05T02:15:23.571+0000] {logging_mixin.py:190} INFO - [2025-06-05T02:15:23.570+0000] {dag.py:3239} INFO - Sync 2 DAGs
[2025-06-05T02:15:23.591+0000] {logging_mixin.py:190} INFO - [2025-06-05T02:15:23.591+0000] {dag.py:4180} INFO - Setting next_dagrun for dag_1_ejemplo6 to 2025-05-30 00:00:00+00:00, run_after=2025-05-31 00:00:00+00:00
[2025-06-05T02:15:23.595+0000] {logging_mixin.py:190} INFO - [2025-06-05T02:15:23.595+0000] {dag.py:4180} INFO - Setting next_dagrun for dag_2_ejemplo6 to None, run_after=None
[2025-06-05T02:15:23.607+0000] {processor.py:208} INFO - Processing /opt/airflow/dags/Sesion3/Ejemplo6.py took 0.076 seconds
[2025-06-05T02:15:54.507+0000] {processor.py:186} INFO - Started process (PID=2764) to work on /opt/airflow/dags/Sesion3/Ejemplo6.py
[2025-06-05T02:15:54.508+0000] {processor.py:914} INFO - Processing file /opt/airflow/dags/Sesion3/Ejemplo6.py for tasks to queue
[2025-06-05T02:15:54.510+0000] {logging_mixin.py:190} INFO - [2025-06-05T02:15:54.510+0000] {dagbag.py:588} INFO - Filling up the DagBag from /opt/airflow/dags/Sesion3/Ejemplo6.py
[2025-06-05T02:15:54.521+0000] {processor.py:925} INFO - DAG(s) 'dag_2_ejemplo6', 'dag_1_ejemplo6' retrieved from /opt/airflow/dags/Sesion3/Ejemplo6.py
[2025-06-05T02:15:54.551+0000] {logging_mixin.py:190} INFO - [2025-06-05T02:15:54.551+0000] {dag.py:3239} INFO - Sync 2 DAGs
[2025-06-05T02:15:54.583+0000] {logging_mixin.py:190} INFO - [2025-06-05T02:15:54.583+0000] {dag.py:4180} INFO - Setting next_dagrun for dag_1_ejemplo6 to 2025-05-30 00:00:00+00:00, run_after=2025-05-31 00:00:00+00:00
[2025-06-05T02:15:54.587+0000] {logging_mixin.py:190} INFO - [2025-06-05T02:15:54.587+0000] {dag.py:4180} INFO - Setting next_dagrun for dag_2_ejemplo6 to None, run_after=None
[2025-06-05T02:15:54.599+0000] {processor.py:208} INFO - Processing /opt/airflow/dags/Sesion3/Ejemplo6.py took 0.100 seconds
[2025-06-05T02:16:25.933+0000] {processor.py:186} INFO - Started process (PID=2879) to work on /opt/airflow/dags/Sesion3/Ejemplo6.py
[2025-06-05T02:16:25.933+0000] {processor.py:914} INFO - Processing file /opt/airflow/dags/Sesion3/Ejemplo6.py for tasks to queue
[2025-06-05T02:16:25.936+0000] {logging_mixin.py:190} INFO - [2025-06-05T02:16:25.935+0000] {dagbag.py:588} INFO - Filling up the DagBag from /opt/airflow/dags/Sesion3/Ejemplo6.py
[2025-06-05T02:16:25.946+0000] {processor.py:925} INFO - DAG(s) 'dag_2_ejemplo6', 'dag_1_ejemplo6' retrieved from /opt/airflow/dags/Sesion3/Ejemplo6.py
[2025-06-05T02:16:25.973+0000] {logging_mixin.py:190} INFO - [2025-06-05T02:16:25.972+0000] {dag.py:3239} INFO - Sync 2 DAGs
[2025-06-05T02:16:26.006+0000] {logging_mixin.py:190} INFO - [2025-06-05T02:16:26.006+0000] {dag.py:4180} INFO - Setting next_dagrun for dag_1_ejemplo6 to 2025-05-30 00:00:00+00:00, run_after=2025-05-31 00:00:00+00:00
[2025-06-05T02:16:26.011+0000] {logging_mixin.py:190} INFO - [2025-06-05T02:16:26.011+0000] {dag.py:4180} INFO - Setting next_dagrun for dag_2_ejemplo6 to None, run_after=None
[2025-06-05T02:16:26.029+0000] {processor.py:208} INFO - Processing /opt/airflow/dags/Sesion3/Ejemplo6.py took 0.104 seconds
[2025-06-05T02:16:57.289+0000] {processor.py:186} INFO - Started process (PID=2994) to work on /opt/airflow/dags/Sesion3/Ejemplo6.py
[2025-06-05T02:16:57.290+0000] {processor.py:914} INFO - Processing file /opt/airflow/dags/Sesion3/Ejemplo6.py for tasks to queue
[2025-06-05T02:16:57.293+0000] {logging_mixin.py:190} INFO - [2025-06-05T02:16:57.292+0000] {dagbag.py:588} INFO - Filling up the DagBag from /opt/airflow/dags/Sesion3/Ejemplo6.py
[2025-06-05T02:16:57.302+0000] {processor.py:925} INFO - DAG(s) 'dag_1_ejemplo6', 'dag_2_ejemplo6' retrieved from /opt/airflow/dags/Sesion3/Ejemplo6.py
[2025-06-05T02:16:57.328+0000] {logging_mixin.py:190} INFO - [2025-06-05T02:16:57.327+0000] {dag.py:3239} INFO - Sync 2 DAGs
[2025-06-05T02:16:57.359+0000] {logging_mixin.py:190} INFO - [2025-06-05T02:16:57.359+0000] {dag.py:4180} INFO - Setting next_dagrun for dag_1_ejemplo6 to 2025-05-30 00:00:00+00:00, run_after=2025-05-31 00:00:00+00:00
[2025-06-05T02:16:57.366+0000] {logging_mixin.py:190} INFO - [2025-06-05T02:16:57.366+0000] {dag.py:4180} INFO - Setting next_dagrun for dag_2_ejemplo6 to None, run_after=None
[2025-06-05T02:16:57.383+0000] {processor.py:208} INFO - Processing /opt/airflow/dags/Sesion3/Ejemplo6.py took 0.100 seconds
[2025-06-05T02:17:28.684+0000] {processor.py:186} INFO - Started process (PID=3109) to work on /opt/airflow/dags/Sesion3/Ejemplo6.py
[2025-06-05T02:17:28.685+0000] {processor.py:914} INFO - Processing file /opt/airflow/dags/Sesion3/Ejemplo6.py for tasks to queue
[2025-06-05T02:17:28.687+0000] {logging_mixin.py:190} INFO - [2025-06-05T02:17:28.687+0000] {dagbag.py:588} INFO - Filling up the DagBag from /opt/airflow/dags/Sesion3/Ejemplo6.py
[2025-06-05T02:17:28.697+0000] {processor.py:925} INFO - DAG(s) 'dag_2_ejemplo6', 'dag_1_ejemplo6' retrieved from /opt/airflow/dags/Sesion3/Ejemplo6.py
[2025-06-05T02:17:28.726+0000] {logging_mixin.py:190} INFO - [2025-06-05T02:17:28.726+0000] {dag.py:3239} INFO - Sync 2 DAGs
[2025-06-05T02:17:28.759+0000] {logging_mixin.py:190} INFO - [2025-06-05T02:17:28.759+0000] {dag.py:4180} INFO - Setting next_dagrun for dag_1_ejemplo6 to 2025-05-30 00:00:00+00:00, run_after=2025-05-31 00:00:00+00:00
[2025-06-05T02:17:28.764+0000] {logging_mixin.py:190} INFO - [2025-06-05T02:17:28.764+0000] {dag.py:4180} INFO - Setting next_dagrun for dag_2_ejemplo6 to None, run_after=None
[2025-06-05T02:17:28.780+0000] {processor.py:208} INFO - Processing /opt/airflow/dags/Sesion3/Ejemplo6.py took 0.104 seconds
[2025-06-05T02:17:59.786+0000] {processor.py:186} INFO - Started process (PID=3224) to work on /opt/airflow/dags/Sesion3/Ejemplo6.py
[2025-06-05T02:17:59.791+0000] {processor.py:914} INFO - Processing file /opt/airflow/dags/Sesion3/Ejemplo6.py for tasks to queue
[2025-06-05T02:17:59.795+0000] {logging_mixin.py:190} INFO - [2025-06-05T02:17:59.794+0000] {dagbag.py:588} INFO - Filling up the DagBag from /opt/airflow/dags/Sesion3/Ejemplo6.py
[2025-06-05T02:17:59.809+0000] {processor.py:925} INFO - DAG(s) 'dag_1_ejemplo6', 'dag_2_ejemplo6' retrieved from /opt/airflow/dags/Sesion3/Ejemplo6.py
[2025-06-05T02:17:59.831+0000] {logging_mixin.py:190} INFO - [2025-06-05T02:17:59.831+0000] {dag.py:3239} INFO - Sync 2 DAGs
[2025-06-05T02:17:59.853+0000] {logging_mixin.py:190} INFO - [2025-06-05T02:17:59.853+0000] {dag.py:4180} INFO - Setting next_dagrun for dag_1_ejemplo6 to 2025-05-30 00:00:00+00:00, run_after=2025-05-31 00:00:00+00:00
[2025-06-05T02:17:59.857+0000] {logging_mixin.py:190} INFO - [2025-06-05T02:17:59.856+0000] {dag.py:4180} INFO - Setting next_dagrun for dag_2_ejemplo6 to None, run_after=None
[2025-06-05T02:17:59.869+0000] {processor.py:208} INFO - Processing /opt/airflow/dags/Sesion3/Ejemplo6.py took 0.092 seconds
[2025-06-05T02:18:31.019+0000] {processor.py:186} INFO - Started process (PID=3339) to work on /opt/airflow/dags/Sesion3/Ejemplo6.py
[2025-06-05T02:18:31.020+0000] {processor.py:914} INFO - Processing file /opt/airflow/dags/Sesion3/Ejemplo6.py for tasks to queue
[2025-06-05T02:18:31.023+0000] {logging_mixin.py:190} INFO - [2025-06-05T02:18:31.022+0000] {dagbag.py:588} INFO - Filling up the DagBag from /opt/airflow/dags/Sesion3/Ejemplo6.py
[2025-06-05T02:18:31.033+0000] {processor.py:925} INFO - DAG(s) 'dag_2_ejemplo6', 'dag_1_ejemplo6' retrieved from /opt/airflow/dags/Sesion3/Ejemplo6.py
[2025-06-05T02:18:31.063+0000] {logging_mixin.py:190} INFO - [2025-06-05T02:18:31.063+0000] {dag.py:3239} INFO - Sync 2 DAGs
[2025-06-05T02:18:31.095+0000] {logging_mixin.py:190} INFO - [2025-06-05T02:18:31.094+0000] {dag.py:4180} INFO - Setting next_dagrun for dag_1_ejemplo6 to 2025-05-30 00:00:00+00:00, run_after=2025-05-31 00:00:00+00:00
[2025-06-05T02:18:31.098+0000] {logging_mixin.py:190} INFO - [2025-06-05T02:18:31.098+0000] {dag.py:4180} INFO - Setting next_dagrun for dag_2_ejemplo6 to None, run_after=None
[2025-06-05T02:18:31.110+0000] {processor.py:208} INFO - Processing /opt/airflow/dags/Sesion3/Ejemplo6.py took 0.098 seconds
[2025-06-05T02:19:02.362+0000] {processor.py:186} INFO - Started process (PID=3454) to work on /opt/airflow/dags/Sesion3/Ejemplo6.py
[2025-06-05T02:19:02.363+0000] {processor.py:914} INFO - Processing file /opt/airflow/dags/Sesion3/Ejemplo6.py for tasks to queue
[2025-06-05T02:19:02.365+0000] {logging_mixin.py:190} INFO - [2025-06-05T02:19:02.364+0000] {dagbag.py:588} INFO - Filling up the DagBag from /opt/airflow/dags/Sesion3/Ejemplo6.py
[2025-06-05T02:19:02.382+0000] {processor.py:925} INFO - DAG(s) 'dag_2_ejemplo6', 'dag_1_ejemplo6' retrieved from /opt/airflow/dags/Sesion3/Ejemplo6.py
[2025-06-05T02:19:02.414+0000] {logging_mixin.py:190} INFO - [2025-06-05T02:19:02.413+0000] {dag.py:3239} INFO - Sync 2 DAGs
[2025-06-05T02:19:02.442+0000] {logging_mixin.py:190} INFO - [2025-06-05T02:19:02.442+0000] {dag.py:4180} INFO - Setting next_dagrun for dag_1_ejemplo6 to 2025-05-30 00:00:00+00:00, run_after=2025-05-31 00:00:00+00:00
[2025-06-05T02:19:02.445+0000] {logging_mixin.py:190} INFO - [2025-06-05T02:19:02.445+0000] {dag.py:4180} INFO - Setting next_dagrun for dag_2_ejemplo6 to None, run_after=None
[2025-06-05T02:19:02.458+0000] {processor.py:208} INFO - Processing /opt/airflow/dags/Sesion3/Ejemplo6.py took 0.111 seconds
[2025-06-05T02:19:34.178+0000] {processor.py:186} INFO - Started process (PID=3571) to work on /opt/airflow/dags/Sesion3/Ejemplo6.py
[2025-06-05T02:19:34.179+0000] {processor.py:914} INFO - Processing file /opt/airflow/dags/Sesion3/Ejemplo6.py for tasks to queue
[2025-06-05T02:19:34.181+0000] {logging_mixin.py:190} INFO - [2025-06-05T02:19:34.181+0000] {dagbag.py:588} INFO - Filling up the DagBag from /opt/airflow/dags/Sesion3/Ejemplo6.py
[2025-06-05T02:19:34.188+0000] {processor.py:925} INFO - DAG(s) 'dag_1_ejemplo6', 'dag_2_ejemplo6' retrieved from /opt/airflow/dags/Sesion3/Ejemplo6.py
[2025-06-05T02:19:34.210+0000] {logging_mixin.py:190} INFO - [2025-06-05T02:19:34.209+0000] {dag.py:3239} INFO - Sync 2 DAGs
[2025-06-05T02:19:34.231+0000] {logging_mixin.py:190} INFO - [2025-06-05T02:19:34.231+0000] {dag.py:4180} INFO - Setting next_dagrun for dag_1_ejemplo6 to 2025-05-30 00:00:00+00:00, run_after=2025-05-31 00:00:00+00:00
[2025-06-05T02:19:34.234+0000] {logging_mixin.py:190} INFO - [2025-06-05T02:19:34.234+0000] {dag.py:4180} INFO - Setting next_dagrun for dag_2_ejemplo6 to None, run_after=None
[2025-06-05T02:19:34.398+0000] {processor.py:208} INFO - Processing /opt/airflow/dags/Sesion3/Ejemplo6.py took 0.225 seconds
[2025-06-05T02:20:04.563+0000] {processor.py:186} INFO - Started process (PID=3684) to work on /opt/airflow/dags/Sesion3/Ejemplo6.py
[2025-06-05T02:20:04.564+0000] {processor.py:914} INFO - Processing file /opt/airflow/dags/Sesion3/Ejemplo6.py for tasks to queue
[2025-06-05T02:20:04.567+0000] {logging_mixin.py:190} INFO - [2025-06-05T02:20:04.566+0000] {dagbag.py:588} INFO - Filling up the DagBag from /opt/airflow/dags/Sesion3/Ejemplo6.py
[2025-06-05T02:20:04.577+0000] {processor.py:925} INFO - DAG(s) 'dag_1_ejemplo6', 'dag_2_ejemplo6' retrieved from /opt/airflow/dags/Sesion3/Ejemplo6.py
[2025-06-05T02:20:04.607+0000] {logging_mixin.py:190} INFO - [2025-06-05T02:20:04.607+0000] {dag.py:3239} INFO - Sync 2 DAGs
[2025-06-05T02:20:04.637+0000] {logging_mixin.py:190} INFO - [2025-06-05T02:20:04.637+0000] {dag.py:4180} INFO - Setting next_dagrun for dag_1_ejemplo6 to 2025-05-30 00:00:00+00:00, run_after=2025-05-31 00:00:00+00:00
[2025-06-05T02:20:04.642+0000] {logging_mixin.py:190} INFO - [2025-06-05T02:20:04.642+0000] {dag.py:4180} INFO - Setting next_dagrun for dag_2_ejemplo6 to None, run_after=None
[2025-06-05T02:20:04.658+0000] {processor.py:208} INFO - Processing /opt/airflow/dags/Sesion3/Ejemplo6.py took 0.102 seconds
[2025-06-05T02:20:35.542+0000] {processor.py:186} INFO - Started process (PID=3799) to work on /opt/airflow/dags/Sesion3/Ejemplo6.py
[2025-06-05T02:20:35.543+0000] {processor.py:914} INFO - Processing file /opt/airflow/dags/Sesion3/Ejemplo6.py for tasks to queue
[2025-06-05T02:20:35.545+0000] {logging_mixin.py:190} INFO - [2025-06-05T02:20:35.545+0000] {dagbag.py:588} INFO - Filling up the DagBag from /opt/airflow/dags/Sesion3/Ejemplo6.py
[2025-06-05T02:20:35.555+0000] {processor.py:925} INFO - DAG(s) 'dag_1_ejemplo6', 'dag_2_ejemplo6' retrieved from /opt/airflow/dags/Sesion3/Ejemplo6.py
[2025-06-05T02:20:35.584+0000] {logging_mixin.py:190} INFO - [2025-06-05T02:20:35.584+0000] {dag.py:3239} INFO - Sync 2 DAGs
[2025-06-05T02:20:35.616+0000] {logging_mixin.py:190} INFO - [2025-06-05T02:20:35.616+0000] {dag.py:4180} INFO - Setting next_dagrun for dag_1_ejemplo6 to 2025-05-30 00:00:00+00:00, run_after=2025-05-31 00:00:00+00:00
[2025-06-05T02:20:35.621+0000] {logging_mixin.py:190} INFO - [2025-06-05T02:20:35.621+0000] {dag.py:4180} INFO - Setting next_dagrun for dag_2_ejemplo6 to None, run_after=None
[2025-06-05T02:20:35.638+0000] {processor.py:208} INFO - Processing /opt/airflow/dags/Sesion3/Ejemplo6.py took 0.104 seconds
[2025-06-05T02:21:06.957+0000] {processor.py:186} INFO - Started process (PID=3914) to work on /opt/airflow/dags/Sesion3/Ejemplo6.py
[2025-06-05T02:21:06.958+0000] {processor.py:914} INFO - Processing file /opt/airflow/dags/Sesion3/Ejemplo6.py for tasks to queue
[2025-06-05T02:21:06.961+0000] {logging_mixin.py:190} INFO - [2025-06-05T02:21:06.960+0000] {dagbag.py:588} INFO - Filling up the DagBag from /opt/airflow/dags/Sesion3/Ejemplo6.py
[2025-06-05T02:21:06.970+0000] {processor.py:925} INFO - DAG(s) 'dag_2_ejemplo6', 'dag_1_ejemplo6' retrieved from /opt/airflow/dags/Sesion3/Ejemplo6.py
[2025-06-05T02:21:06.993+0000] {logging_mixin.py:190} INFO - [2025-06-05T02:21:06.992+0000] {dag.py:3239} INFO - Sync 2 DAGs
[2025-06-05T02:21:07.013+0000] {logging_mixin.py:190} INFO - [2025-06-05T02:21:07.013+0000] {dag.py:4180} INFO - Setting next_dagrun for dag_1_ejemplo6 to 2025-05-30 00:00:00+00:00, run_after=2025-05-31 00:00:00+00:00
[2025-06-05T02:21:07.016+0000] {logging_mixin.py:190} INFO - [2025-06-05T02:21:07.016+0000] {dag.py:4180} INFO - Setting next_dagrun for dag_2_ejemplo6 to None, run_after=None
[2025-06-05T02:21:07.028+0000] {processor.py:208} INFO - Processing /opt/airflow/dags/Sesion3/Ejemplo6.py took 0.079 seconds
[2025-06-05T02:21:38.891+0000] {processor.py:186} INFO - Started process (PID=4031) to work on /opt/airflow/dags/Sesion3/Ejemplo6.py
[2025-06-05T02:21:38.892+0000] {processor.py:914} INFO - Processing file /opt/airflow/dags/Sesion3/Ejemplo6.py for tasks to queue
[2025-06-05T02:21:38.894+0000] {logging_mixin.py:190} INFO - [2025-06-05T02:21:38.893+0000] {dagbag.py:588} INFO - Filling up the DagBag from /opt/airflow/dags/Sesion3/Ejemplo6.py
[2025-06-05T02:21:38.901+0000] {processor.py:925} INFO - DAG(s) 'dag_2_ejemplo6', 'dag_1_ejemplo6' retrieved from /opt/airflow/dags/Sesion3/Ejemplo6.py
[2025-06-05T02:21:38.926+0000] {logging_mixin.py:190} INFO - [2025-06-05T02:21:38.926+0000] {dag.py:3239} INFO - Sync 2 DAGs
[2025-06-05T02:21:38.950+0000] {logging_mixin.py:190} INFO - [2025-06-05T02:21:38.950+0000] {dag.py:4180} INFO - Setting next_dagrun for dag_1_ejemplo6 to 2025-05-30 00:00:00+00:00, run_after=2025-05-31 00:00:00+00:00
[2025-06-05T02:21:38.954+0000] {logging_mixin.py:190} INFO - [2025-06-05T02:21:38.954+0000] {dag.py:4180} INFO - Setting next_dagrun for dag_2_ejemplo6 to None, run_after=None
[2025-06-05T02:21:39.089+0000] {processor.py:208} INFO - Processing /opt/airflow/dags/Sesion3/Ejemplo6.py took 0.205 seconds
[2025-06-05T02:22:09.836+0000] {processor.py:186} INFO - Started process (PID=4144) to work on /opt/airflow/dags/Sesion3/Ejemplo6.py
[2025-06-05T02:22:09.837+0000] {processor.py:914} INFO - Processing file /opt/airflow/dags/Sesion3/Ejemplo6.py for tasks to queue
[2025-06-05T02:22:09.839+0000] {logging_mixin.py:190} INFO - [2025-06-05T02:22:09.839+0000] {dagbag.py:588} INFO - Filling up the DagBag from /opt/airflow/dags/Sesion3/Ejemplo6.py
[2025-06-05T02:22:09.850+0000] {processor.py:925} INFO - DAG(s) 'dag_1_ejemplo6', 'dag_2_ejemplo6' retrieved from /opt/airflow/dags/Sesion3/Ejemplo6.py
[2025-06-05T02:22:09.879+0000] {logging_mixin.py:190} INFO - [2025-06-05T02:22:09.879+0000] {dag.py:3239} INFO - Sync 2 DAGs
[2025-06-05T02:22:09.907+0000] {logging_mixin.py:190} INFO - [2025-06-05T02:22:09.907+0000] {dag.py:4180} INFO - Setting next_dagrun for dag_1_ejemplo6 to 2025-05-30 00:00:00+00:00, run_after=2025-05-31 00:00:00+00:00
[2025-06-05T02:22:09.910+0000] {logging_mixin.py:190} INFO - [2025-06-05T02:22:09.910+0000] {dag.py:4180} INFO - Setting next_dagrun for dag_2_ejemplo6 to None, run_after=None
[2025-06-05T02:22:09.922+0000] {processor.py:208} INFO - Processing /opt/airflow/dags/Sesion3/Ejemplo6.py took 0.093 seconds
[2025-06-05T02:22:41.137+0000] {processor.py:186} INFO - Started process (PID=4259) to work on /opt/airflow/dags/Sesion3/Ejemplo6.py
[2025-06-05T02:22:41.138+0000] {processor.py:914} INFO - Processing file /opt/airflow/dags/Sesion3/Ejemplo6.py for tasks to queue
[2025-06-05T02:22:41.140+0000] {logging_mixin.py:190} INFO - [2025-06-05T02:22:41.140+0000] {dagbag.py:588} INFO - Filling up the DagBag from /opt/airflow/dags/Sesion3/Ejemplo6.py
[2025-06-05T02:22:41.151+0000] {processor.py:925} INFO - DAG(s) 'dag_1_ejemplo6', 'dag_2_ejemplo6' retrieved from /opt/airflow/dags/Sesion3/Ejemplo6.py
[2025-06-05T02:22:41.182+0000] {logging_mixin.py:190} INFO - [2025-06-05T02:22:41.181+0000] {dag.py:3239} INFO - Sync 2 DAGs
[2025-06-05T02:22:41.209+0000] {logging_mixin.py:190} INFO - [2025-06-05T02:22:41.208+0000] {dag.py:4180} INFO - Setting next_dagrun for dag_1_ejemplo6 to 2025-05-30 00:00:00+00:00, run_after=2025-05-31 00:00:00+00:00
[2025-06-05T02:22:41.212+0000] {logging_mixin.py:190} INFO - [2025-06-05T02:22:41.212+0000] {dag.py:4180} INFO - Setting next_dagrun for dag_2_ejemplo6 to None, run_after=None
[2025-06-05T02:22:41.224+0000] {processor.py:208} INFO - Processing /opt/airflow/dags/Sesion3/Ejemplo6.py took 0.094 seconds
[2025-06-05T02:23:12.250+0000] {processor.py:186} INFO - Started process (PID=4374) to work on /opt/airflow/dags/Sesion3/Ejemplo6.py
[2025-06-05T02:23:12.251+0000] {processor.py:914} INFO - Processing file /opt/airflow/dags/Sesion3/Ejemplo6.py for tasks to queue
[2025-06-05T02:23:12.253+0000] {logging_mixin.py:190} INFO - [2025-06-05T02:23:12.253+0000] {dagbag.py:588} INFO - Filling up the DagBag from /opt/airflow/dags/Sesion3/Ejemplo6.py
[2025-06-05T02:23:12.263+0000] {processor.py:925} INFO - DAG(s) 'dag_1_ejemplo6', 'dag_2_ejemplo6' retrieved from /opt/airflow/dags/Sesion3/Ejemplo6.py
[2025-06-05T02:23:12.289+0000] {logging_mixin.py:190} INFO - [2025-06-05T02:23:12.289+0000] {dag.py:3239} INFO - Sync 2 DAGs
[2025-06-05T02:23:12.317+0000] {logging_mixin.py:190} INFO - [2025-06-05T02:23:12.317+0000] {dag.py:4180} INFO - Setting next_dagrun for dag_1_ejemplo6 to 2025-05-30 00:00:00+00:00, run_after=2025-05-31 00:00:00+00:00
[2025-06-05T02:23:12.321+0000] {logging_mixin.py:190} INFO - [2025-06-05T02:23:12.321+0000] {dag.py:4180} INFO - Setting next_dagrun for dag_2_ejemplo6 to None, run_after=None
[2025-06-05T02:23:12.340+0000] {processor.py:208} INFO - Processing /opt/airflow/dags/Sesion3/Ejemplo6.py took 0.097 seconds
[2025-06-05T02:23:44.216+0000] {processor.py:186} INFO - Started process (PID=4489) to work on /opt/airflow/dags/Sesion3/Ejemplo6.py
[2025-06-05T02:23:44.217+0000] {processor.py:914} INFO - Processing file /opt/airflow/dags/Sesion3/Ejemplo6.py for tasks to queue
[2025-06-05T02:23:44.220+0000] {logging_mixin.py:190} INFO - [2025-06-05T02:23:44.219+0000] {dagbag.py:588} INFO - Filling up the DagBag from /opt/airflow/dags/Sesion3/Ejemplo6.py
[2025-06-05T02:23:44.238+0000] {processor.py:925} INFO - DAG(s) 'dag_2_ejemplo6', 'dag_1_ejemplo6' retrieved from /opt/airflow/dags/Sesion3/Ejemplo6.py
[2025-06-05T02:23:44.266+0000] {logging_mixin.py:190} INFO - [2025-06-05T02:23:44.266+0000] {dag.py:3239} INFO - Sync 2 DAGs
[2025-06-05T02:23:44.296+0000] {logging_mixin.py:190} INFO - [2025-06-05T02:23:44.295+0000] {dag.py:4180} INFO - Setting next_dagrun for dag_1_ejemplo6 to 2025-05-30 00:00:00+00:00, run_after=2025-05-31 00:00:00+00:00
[2025-06-05T02:23:44.303+0000] {logging_mixin.py:190} INFO - [2025-06-05T02:23:44.303+0000] {dag.py:4180} INFO - Setting next_dagrun for dag_2_ejemplo6 to None, run_after=None
[2025-06-05T02:23:44.494+0000] {processor.py:208} INFO - Processing /opt/airflow/dags/Sesion3/Ejemplo6.py took 0.285 seconds
[2025-06-05T02:24:15.286+0000] {processor.py:186} INFO - Started process (PID=4604) to work on /opt/airflow/dags/Sesion3/Ejemplo6.py
[2025-06-05T02:24:15.287+0000] {processor.py:914} INFO - Processing file /opt/airflow/dags/Sesion3/Ejemplo6.py for tasks to queue
[2025-06-05T02:24:15.290+0000] {logging_mixin.py:190} INFO - [2025-06-05T02:24:15.290+0000] {dagbag.py:588} INFO - Filling up the DagBag from /opt/airflow/dags/Sesion3/Ejemplo6.py
[2025-06-05T02:24:15.299+0000] {processor.py:925} INFO - DAG(s) 'dag_2_ejemplo6', 'dag_1_ejemplo6' retrieved from /opt/airflow/dags/Sesion3/Ejemplo6.py
[2025-06-05T02:24:15.321+0000] {logging_mixin.py:190} INFO - [2025-06-05T02:24:15.321+0000] {dag.py:3239} INFO - Sync 2 DAGs
[2025-06-05T02:24:15.342+0000] {logging_mixin.py:190} INFO - [2025-06-05T02:24:15.341+0000] {dag.py:4180} INFO - Setting next_dagrun for dag_1_ejemplo6 to 2025-05-30 00:00:00+00:00, run_after=2025-05-31 00:00:00+00:00
[2025-06-05T02:24:15.345+0000] {logging_mixin.py:190} INFO - [2025-06-05T02:24:15.345+0000] {dag.py:4180} INFO - Setting next_dagrun for dag_2_ejemplo6 to None, run_after=None
[2025-06-05T02:24:15.362+0000] {processor.py:208} INFO - Processing /opt/airflow/dags/Sesion3/Ejemplo6.py took 0.084 seconds
[2025-06-05T02:24:46.464+0000] {processor.py:186} INFO - Started process (PID=4721) to work on /opt/airflow/dags/Sesion3/Ejemplo6.py
[2025-06-05T02:24:46.464+0000] {processor.py:914} INFO - Processing file /opt/airflow/dags/Sesion3/Ejemplo6.py for tasks to queue
[2025-06-05T02:24:46.466+0000] {logging_mixin.py:190} INFO - [2025-06-05T02:24:46.466+0000] {dagbag.py:588} INFO - Filling up the DagBag from /opt/airflow/dags/Sesion3/Ejemplo6.py
[2025-06-05T02:24:46.473+0000] {processor.py:925} INFO - DAG(s) 'dag_2_ejemplo6', 'dag_1_ejemplo6' retrieved from /opt/airflow/dags/Sesion3/Ejemplo6.py
[2025-06-05T02:24:46.493+0000] {logging_mixin.py:190} INFO - [2025-06-05T02:24:46.493+0000] {dag.py:3239} INFO - Sync 2 DAGs
[2025-06-05T02:24:46.514+0000] {logging_mixin.py:190} INFO - [2025-06-05T02:24:46.514+0000] {dag.py:4180} INFO - Setting next_dagrun for dag_1_ejemplo6 to 2025-05-30 00:00:00+00:00, run_after=2025-05-31 00:00:00+00:00
[2025-06-05T02:24:46.517+0000] {logging_mixin.py:190} INFO - [2025-06-05T02:24:46.517+0000] {dag.py:4180} INFO - Setting next_dagrun for dag_2_ejemplo6 to None, run_after=None
[2025-06-05T02:24:46.530+0000] {processor.py:208} INFO - Processing /opt/airflow/dags/Sesion3/Ejemplo6.py took 0.071 seconds
[2025-06-05T02:25:17.746+0000] {processor.py:186} INFO - Started process (PID=4849) to work on /opt/airflow/dags/Sesion3/Ejemplo6.py
[2025-06-05T02:25:17.747+0000] {processor.py:914} INFO - Processing file /opt/airflow/dags/Sesion3/Ejemplo6.py for tasks to queue
[2025-06-05T02:25:17.749+0000] {logging_mixin.py:190} INFO - [2025-06-05T02:25:17.749+0000] {dagbag.py:588} INFO - Filling up the DagBag from /opt/airflow/dags/Sesion3/Ejemplo6.py
[2025-06-05T02:25:17.760+0000] {processor.py:925} INFO - DAG(s) 'dag_2_ejemplo6', 'dag_1_ejemplo6' retrieved from /opt/airflow/dags/Sesion3/Ejemplo6.py
[2025-06-05T02:25:17.789+0000] {logging_mixin.py:190} INFO - [2025-06-05T02:25:17.788+0000] {dag.py:3239} INFO - Sync 2 DAGs
[2025-06-05T02:25:17.818+0000] {logging_mixin.py:190} INFO - [2025-06-05T02:25:17.818+0000] {dag.py:4180} INFO - Setting next_dagrun for dag_1_ejemplo6 to 2025-05-30 00:00:00+00:00, run_after=2025-05-31 00:00:00+00:00
[2025-06-05T02:25:17.822+0000] {logging_mixin.py:190} INFO - [2025-06-05T02:25:17.822+0000] {dag.py:4180} INFO - Setting next_dagrun for dag_2_ejemplo6 to None, run_after=None
[2025-06-05T02:25:17.838+0000] {processor.py:208} INFO - Processing /opt/airflow/dags/Sesion3/Ejemplo6.py took 0.099 seconds
[2025-06-05T02:25:49.764+0000] {processor.py:186} INFO - Started process (PID=4964) to work on /opt/airflow/dags/Sesion3/Ejemplo6.py
[2025-06-05T02:25:49.766+0000] {processor.py:914} INFO - Processing file /opt/airflow/dags/Sesion3/Ejemplo6.py for tasks to queue
[2025-06-05T02:25:49.768+0000] {logging_mixin.py:190} INFO - [2025-06-05T02:25:49.768+0000] {dagbag.py:588} INFO - Filling up the DagBag from /opt/airflow/dags/Sesion3/Ejemplo6.py
[2025-06-05T02:25:49.779+0000] {processor.py:925} INFO - DAG(s) 'dag_2_ejemplo6', 'dag_1_ejemplo6' retrieved from /opt/airflow/dags/Sesion3/Ejemplo6.py
[2025-06-05T02:25:49.808+0000] {logging_mixin.py:190} INFO - [2025-06-05T02:25:49.807+0000] {dag.py:3239} INFO - Sync 2 DAGs
[2025-06-05T02:25:49.839+0000] {logging_mixin.py:190} INFO - [2025-06-05T02:25:49.838+0000] {dag.py:4180} INFO - Setting next_dagrun for dag_1_ejemplo6 to 2025-05-30 00:00:00+00:00, run_after=2025-05-31 00:00:00+00:00
[2025-06-05T02:25:49.844+0000] {logging_mixin.py:190} INFO - [2025-06-05T02:25:49.844+0000] {dag.py:4180} INFO - Setting next_dagrun for dag_2_ejemplo6 to None, run_after=None
[2025-06-05T02:25:50.020+0000] {processor.py:208} INFO - Processing /opt/airflow/dags/Sesion3/Ejemplo6.py took 0.263 seconds
[2025-06-05T02:26:21.301+0000] {processor.py:186} INFO - Started process (PID=5079) to work on /opt/airflow/dags/Sesion3/Ejemplo6.py
[2025-06-05T02:26:21.302+0000] {processor.py:914} INFO - Processing file /opt/airflow/dags/Sesion3/Ejemplo6.py for tasks to queue
[2025-06-05T02:26:21.304+0000] {logging_mixin.py:190} INFO - [2025-06-05T02:26:21.304+0000] {dagbag.py:588} INFO - Filling up the DagBag from /opt/airflow/dags/Sesion3/Ejemplo6.py
[2025-06-05T02:26:21.322+0000] {processor.py:925} INFO - DAG(s) 'dag_1_ejemplo6', 'dag_2_ejemplo6' retrieved from /opt/airflow/dags/Sesion3/Ejemplo6.py
[2025-06-05T02:26:21.381+0000] {logging_mixin.py:190} INFO - [2025-06-05T02:26:21.381+0000] {dag.py:3239} INFO - Sync 2 DAGs
[2025-06-05T02:26:21.613+0000] {logging_mixin.py:190} INFO - [2025-06-05T02:26:21.613+0000] {dag.py:4180} INFO - Setting next_dagrun for dag_1_ejemplo6 to 2025-05-30 00:00:00+00:00, run_after=2025-05-31 00:00:00+00:00
[2025-06-05T02:26:21.618+0000] {logging_mixin.py:190} INFO - [2025-06-05T02:26:21.618+0000] {dag.py:4180} INFO - Setting next_dagrun for dag_2_ejemplo6 to None, run_after=None
[2025-06-05T02:26:21.635+0000] {processor.py:208} INFO - Processing /opt/airflow/dags/Sesion3/Ejemplo6.py took 0.341 seconds
[2025-06-05T02:26:51.690+0000] {processor.py:186} INFO - Started process (PID=5196) to work on /opt/airflow/dags/Sesion3/Ejemplo6.py
[2025-06-05T02:26:51.690+0000] {processor.py:914} INFO - Processing file /opt/airflow/dags/Sesion3/Ejemplo6.py for tasks to queue
[2025-06-05T02:26:51.692+0000] {logging_mixin.py:190} INFO - [2025-06-05T02:26:51.692+0000] {dagbag.py:588} INFO - Filling up the DagBag from /opt/airflow/dags/Sesion3/Ejemplo6.py
[2025-06-05T02:26:51.699+0000] {processor.py:925} INFO - DAG(s) 'dag_2_ejemplo6', 'dag_1_ejemplo6' retrieved from /opt/airflow/dags/Sesion3/Ejemplo6.py
[2025-06-05T02:26:51.719+0000] {logging_mixin.py:190} INFO - [2025-06-05T02:26:51.719+0000] {dag.py:3239} INFO - Sync 2 DAGs
[2025-06-05T02:26:51.739+0000] {logging_mixin.py:190} INFO - [2025-06-05T02:26:51.739+0000] {dag.py:4180} INFO - Setting next_dagrun for dag_1_ejemplo6 to 2025-05-30 00:00:00+00:00, run_after=2025-05-31 00:00:00+00:00
[2025-06-05T02:26:51.743+0000] {logging_mixin.py:190} INFO - [2025-06-05T02:26:51.742+0000] {dag.py:4180} INFO - Setting next_dagrun for dag_2_ejemplo6 to None, run_after=None
[2025-06-05T02:26:51.755+0000] {processor.py:208} INFO - Processing /opt/airflow/dags/Sesion3/Ejemplo6.py took 0.070 seconds
[2025-06-05T02:27:22.745+0000] {processor.py:186} INFO - Started process (PID=5309) to work on /opt/airflow/dags/Sesion3/Ejemplo6.py
[2025-06-05T02:27:22.746+0000] {processor.py:914} INFO - Processing file /opt/airflow/dags/Sesion3/Ejemplo6.py for tasks to queue
[2025-06-05T02:27:22.748+0000] {logging_mixin.py:190} INFO - [2025-06-05T02:27:22.748+0000] {dagbag.py:588} INFO - Filling up the DagBag from /opt/airflow/dags/Sesion3/Ejemplo6.py
[2025-06-05T02:27:22.758+0000] {processor.py:925} INFO - DAG(s) 'dag_1_ejemplo6', 'dag_2_ejemplo6' retrieved from /opt/airflow/dags/Sesion3/Ejemplo6.py
[2025-06-05T02:27:22.788+0000] {logging_mixin.py:190} INFO - [2025-06-05T02:27:22.788+0000] {dag.py:3239} INFO - Sync 2 DAGs
[2025-06-05T02:27:22.818+0000] {logging_mixin.py:190} INFO - [2025-06-05T02:27:22.818+0000] {dag.py:4180} INFO - Setting next_dagrun for dag_1_ejemplo6 to 2025-05-30 00:00:00+00:00, run_after=2025-05-31 00:00:00+00:00
[2025-06-05T02:27:22.823+0000] {logging_mixin.py:190} INFO - [2025-06-05T02:27:22.823+0000] {dag.py:4180} INFO - Setting next_dagrun for dag_2_ejemplo6 to None, run_after=None
[2025-06-05T02:27:22.839+0000] {processor.py:208} INFO - Processing /opt/airflow/dags/Sesion3/Ejemplo6.py took 0.101 seconds
[2025-06-05T02:27:54.985+0000] {processor.py:186} INFO - Started process (PID=5424) to work on /opt/airflow/dags/Sesion3/Ejemplo6.py
[2025-06-05T02:27:54.986+0000] {processor.py:914} INFO - Processing file /opt/airflow/dags/Sesion3/Ejemplo6.py for tasks to queue
[2025-06-05T02:27:54.988+0000] {logging_mixin.py:190} INFO - [2025-06-05T02:27:54.988+0000] {dagbag.py:588} INFO - Filling up the DagBag from /opt/airflow/dags/Sesion3/Ejemplo6.py
[2025-06-05T02:27:54.999+0000] {processor.py:925} INFO - DAG(s) 'dag_1_ejemplo6', 'dag_2_ejemplo6' retrieved from /opt/airflow/dags/Sesion3/Ejemplo6.py
[2025-06-05T02:27:55.026+0000] {logging_mixin.py:190} INFO - [2025-06-05T02:27:55.026+0000] {dag.py:3239} INFO - Sync 2 DAGs
[2025-06-05T02:27:55.057+0000] {logging_mixin.py:190} INFO - [2025-06-05T02:27:55.056+0000] {dag.py:4180} INFO - Setting next_dagrun for dag_1_ejemplo6 to 2025-05-30 00:00:00+00:00, run_after=2025-05-31 00:00:00+00:00
[2025-06-05T02:27:55.063+0000] {logging_mixin.py:190} INFO - [2025-06-05T02:27:55.062+0000] {dag.py:4180} INFO - Setting next_dagrun for dag_2_ejemplo6 to None, run_after=None
[2025-06-05T02:27:55.265+0000] {processor.py:208} INFO - Processing /opt/airflow/dags/Sesion3/Ejemplo6.py took 0.287 seconds
[2025-06-05T02:28:26.470+0000] {processor.py:186} INFO - Started process (PID=5539) to work on /opt/airflow/dags/Sesion3/Ejemplo6.py
[2025-06-05T02:28:26.471+0000] {processor.py:914} INFO - Processing file /opt/airflow/dags/Sesion3/Ejemplo6.py for tasks to queue
[2025-06-05T02:28:26.473+0000] {logging_mixin.py:190} INFO - [2025-06-05T02:28:26.473+0000] {dagbag.py:588} INFO - Filling up the DagBag from /opt/airflow/dags/Sesion3/Ejemplo6.py
[2025-06-05T02:28:26.483+0000] {processor.py:925} INFO - DAG(s) 'dag_2_ejemplo6', 'dag_1_ejemplo6' retrieved from /opt/airflow/dags/Sesion3/Ejemplo6.py
[2025-06-05T02:28:26.510+0000] {logging_mixin.py:190} INFO - [2025-06-05T02:28:26.510+0000] {dag.py:3239} INFO - Sync 2 DAGs
[2025-06-05T02:28:26.786+0000] {logging_mixin.py:190} INFO - [2025-06-05T02:28:26.786+0000] {dag.py:4180} INFO - Setting next_dagrun for dag_1_ejemplo6 to 2025-05-30 00:00:00+00:00, run_after=2025-05-31 00:00:00+00:00
[2025-06-05T02:28:26.796+0000] {logging_mixin.py:190} INFO - [2025-06-05T02:28:26.796+0000] {dag.py:4180} INFO - Setting next_dagrun for dag_2_ejemplo6 to None, run_after=None
[2025-06-05T02:28:26.853+0000] {processor.py:208} INFO - Processing /opt/airflow/dags/Sesion3/Ejemplo6.py took 0.391 seconds
[2025-06-05T02:28:57.221+0000] {processor.py:186} INFO - Started process (PID=5654) to work on /opt/airflow/dags/Sesion3/Ejemplo6.py
[2025-06-05T02:28:57.222+0000] {processor.py:914} INFO - Processing file /opt/airflow/dags/Sesion3/Ejemplo6.py for tasks to queue
[2025-06-05T02:28:57.225+0000] {logging_mixin.py:190} INFO - [2025-06-05T02:28:57.224+0000] {dagbag.py:588} INFO - Filling up the DagBag from /opt/airflow/dags/Sesion3/Ejemplo6.py
[2025-06-05T02:28:57.236+0000] {processor.py:925} INFO - DAG(s) 'dag_2_ejemplo6', 'dag_1_ejemplo6' retrieved from /opt/airflow/dags/Sesion3/Ejemplo6.py
[2025-06-05T02:28:57.273+0000] {logging_mixin.py:190} INFO - [2025-06-05T02:28:57.272+0000] {dag.py:3239} INFO - Sync 2 DAGs
[2025-06-05T02:28:57.306+0000] {logging_mixin.py:190} INFO - [2025-06-05T02:28:57.306+0000] {dag.py:4180} INFO - Setting next_dagrun for dag_1_ejemplo6 to 2025-05-30 00:00:00+00:00, run_after=2025-05-31 00:00:00+00:00
[2025-06-05T02:28:57.311+0000] {logging_mixin.py:190} INFO - [2025-06-05T02:28:57.311+0000] {dag.py:4180} INFO - Setting next_dagrun for dag_2_ejemplo6 to None, run_after=None
[2025-06-05T02:28:57.328+0000] {processor.py:208} INFO - Processing /opt/airflow/dags/Sesion3/Ejemplo6.py took 0.114 seconds
[2025-06-05T02:29:28.544+0000] {processor.py:186} INFO - Started process (PID=5769) to work on /opt/airflow/dags/Sesion3/Ejemplo6.py
[2025-06-05T02:29:28.545+0000] {processor.py:914} INFO - Processing file /opt/airflow/dags/Sesion3/Ejemplo6.py for tasks to queue
[2025-06-05T02:29:28.548+0000] {logging_mixin.py:190} INFO - [2025-06-05T02:29:28.548+0000] {dagbag.py:588} INFO - Filling up the DagBag from /opt/airflow/dags/Sesion3/Ejemplo6.py
[2025-06-05T02:29:28.558+0000] {processor.py:925} INFO - DAG(s) 'dag_1_ejemplo6', 'dag_2_ejemplo6' retrieved from /opt/airflow/dags/Sesion3/Ejemplo6.py
[2025-06-05T02:29:28.588+0000] {logging_mixin.py:190} INFO - [2025-06-05T02:29:28.588+0000] {dag.py:3239} INFO - Sync 2 DAGs
[2025-06-05T02:29:28.626+0000] {logging_mixin.py:190} INFO - [2025-06-05T02:29:28.626+0000] {dag.py:4180} INFO - Setting next_dagrun for dag_1_ejemplo6 to 2025-05-30 00:00:00+00:00, run_after=2025-05-31 00:00:00+00:00
[2025-06-05T02:29:28.630+0000] {logging_mixin.py:190} INFO - [2025-06-05T02:29:28.630+0000] {dag.py:4180} INFO - Setting next_dagrun for dag_2_ejemplo6 to None, run_after=None
[2025-06-05T02:29:28.647+0000] {processor.py:208} INFO - Processing /opt/airflow/dags/Sesion3/Ejemplo6.py took 0.109 seconds
[2025-06-05T02:30:00.778+0000] {processor.py:186} INFO - Started process (PID=5884) to work on /opt/airflow/dags/Sesion3/Ejemplo6.py
[2025-06-05T02:30:00.779+0000] {processor.py:914} INFO - Processing file /opt/airflow/dags/Sesion3/Ejemplo6.py for tasks to queue
[2025-06-05T02:30:00.781+0000] {logging_mixin.py:190} INFO - [2025-06-05T02:30:00.781+0000] {dagbag.py:588} INFO - Filling up the DagBag from /opt/airflow/dags/Sesion3/Ejemplo6.py
[2025-06-05T02:30:00.792+0000] {processor.py:925} INFO - DAG(s) 'dag_2_ejemplo6', 'dag_1_ejemplo6' retrieved from /opt/airflow/dags/Sesion3/Ejemplo6.py
[2025-06-05T02:30:00.821+0000] {logging_mixin.py:190} INFO - [2025-06-05T02:30:00.820+0000] {dag.py:3239} INFO - Sync 2 DAGs
[2025-06-05T02:30:00.850+0000] {logging_mixin.py:190} INFO - [2025-06-05T02:30:00.850+0000] {dag.py:4180} INFO - Setting next_dagrun for dag_1_ejemplo6 to 2025-05-30 00:00:00+00:00, run_after=2025-05-31 00:00:00+00:00
[2025-06-05T02:30:00.856+0000] {logging_mixin.py:190} INFO - [2025-06-05T02:30:00.856+0000] {dag.py:4180} INFO - Setting next_dagrun for dag_2_ejemplo6 to None, run_after=None
[2025-06-05T02:30:01.040+0000] {processor.py:208} INFO - Processing /opt/airflow/dags/Sesion3/Ejemplo6.py took 0.268 seconds
[2025-06-05T02:30:31.474+0000] {processor.py:186} INFO - Started process (PID=5999) to work on /opt/airflow/dags/Sesion3/Ejemplo6.py
[2025-06-05T02:30:31.475+0000] {processor.py:914} INFO - Processing file /opt/airflow/dags/Sesion3/Ejemplo6.py for tasks to queue
[2025-06-05T02:30:31.478+0000] {logging_mixin.py:190} INFO - [2025-06-05T02:30:31.477+0000] {dagbag.py:588} INFO - Filling up the DagBag from /opt/airflow/dags/Sesion3/Ejemplo6.py
[2025-06-05T02:30:31.488+0000] {processor.py:925} INFO - DAG(s) 'dag_1_ejemplo6', 'dag_2_ejemplo6' retrieved from /opt/airflow/dags/Sesion3/Ejemplo6.py
[2025-06-05T02:30:31.517+0000] {logging_mixin.py:190} INFO - [2025-06-05T02:30:31.516+0000] {dag.py:3239} INFO - Sync 2 DAGs
[2025-06-05T02:30:31.766+0000] {logging_mixin.py:190} INFO - [2025-06-05T02:30:31.765+0000] {dag.py:4180} INFO - Setting next_dagrun for dag_1_ejemplo6 to 2025-05-30 00:00:00+00:00, run_after=2025-05-31 00:00:00+00:00
[2025-06-05T02:30:31.775+0000] {logging_mixin.py:190} INFO - [2025-06-05T02:30:31.775+0000] {dag.py:4180} INFO - Setting next_dagrun for dag_2_ejemplo6 to None, run_after=None
[2025-06-05T02:30:31.798+0000] {processor.py:208} INFO - Processing /opt/airflow/dags/Sesion3/Ejemplo6.py took 0.331 seconds
[2025-06-05T02:31:01.870+0000] {processor.py:186} INFO - Started process (PID=6114) to work on /opt/airflow/dags/Sesion3/Ejemplo6.py
[2025-06-05T02:31:01.871+0000] {processor.py:914} INFO - Processing file /opt/airflow/dags/Sesion3/Ejemplo6.py for tasks to queue
[2025-06-05T02:31:01.873+0000] {logging_mixin.py:190} INFO - [2025-06-05T02:31:01.873+0000] {dagbag.py:588} INFO - Filling up the DagBag from /opt/airflow/dags/Sesion3/Ejemplo6.py
[2025-06-05T02:31:01.883+0000] {processor.py:925} INFO - DAG(s) 'dag_2_ejemplo6', 'dag_1_ejemplo6' retrieved from /opt/airflow/dags/Sesion3/Ejemplo6.py
[2025-06-05T02:31:01.917+0000] {logging_mixin.py:190} INFO - [2025-06-05T02:31:01.917+0000] {dag.py:3239} INFO - Sync 2 DAGs
[2025-06-05T02:31:01.949+0000] {logging_mixin.py:190} INFO - [2025-06-05T02:31:01.949+0000] {dag.py:4180} INFO - Setting next_dagrun for dag_1_ejemplo6 to 2025-05-30 00:00:00+00:00, run_after=2025-05-31 00:00:00+00:00
[2025-06-05T02:31:01.954+0000] {logging_mixin.py:190} INFO - [2025-06-05T02:31:01.954+0000] {dag.py:4180} INFO - Setting next_dagrun for dag_2_ejemplo6 to None, run_after=None
[2025-06-05T02:31:01.969+0000] {processor.py:208} INFO - Processing /opt/airflow/dags/Sesion3/Ejemplo6.py took 0.107 seconds
[2025-06-05T02:31:33.018+0000] {processor.py:186} INFO - Started process (PID=6229) to work on /opt/airflow/dags/Sesion3/Ejemplo6.py
[2025-06-05T02:31:33.019+0000] {processor.py:914} INFO - Processing file /opt/airflow/dags/Sesion3/Ejemplo6.py for tasks to queue
[2025-06-05T02:31:33.021+0000] {logging_mixin.py:190} INFO - [2025-06-05T02:31:33.021+0000] {dagbag.py:588} INFO - Filling up the DagBag from /opt/airflow/dags/Sesion3/Ejemplo6.py
[2025-06-05T02:31:33.031+0000] {processor.py:925} INFO - DAG(s) 'dag_1_ejemplo6', 'dag_2_ejemplo6' retrieved from /opt/airflow/dags/Sesion3/Ejemplo6.py
[2025-06-05T02:31:33.061+0000] {logging_mixin.py:190} INFO - [2025-06-05T02:31:33.060+0000] {dag.py:3239} INFO - Sync 2 DAGs
[2025-06-05T02:31:33.099+0000] {logging_mixin.py:190} INFO - [2025-06-05T02:31:33.099+0000] {dag.py:4180} INFO - Setting next_dagrun for dag_1_ejemplo6 to 2025-05-30 00:00:00+00:00, run_after=2025-05-31 00:00:00+00:00
[2025-06-05T02:31:33.105+0000] {logging_mixin.py:190} INFO - [2025-06-05T02:31:33.104+0000] {dag.py:4180} INFO - Setting next_dagrun for dag_2_ejemplo6 to None, run_after=None
[2025-06-05T02:31:33.123+0000] {processor.py:208} INFO - Processing /opt/airflow/dags/Sesion3/Ejemplo6.py took 0.111 seconds
[2025-06-05T02:32:04.825+0000] {processor.py:186} INFO - Started process (PID=6344) to work on /opt/airflow/dags/Sesion3/Ejemplo6.py
[2025-06-05T02:32:04.826+0000] {processor.py:914} INFO - Processing file /opt/airflow/dags/Sesion3/Ejemplo6.py for tasks to queue
[2025-06-05T02:32:04.829+0000] {logging_mixin.py:190} INFO - [2025-06-05T02:32:04.828+0000] {dagbag.py:588} INFO - Filling up the DagBag from /opt/airflow/dags/Sesion3/Ejemplo6.py
[2025-06-05T02:32:04.840+0000] {processor.py:925} INFO - DAG(s) 'dag_1_ejemplo6', 'dag_2_ejemplo6' retrieved from /opt/airflow/dags/Sesion3/Ejemplo6.py
[2025-06-05T02:32:04.881+0000] {logging_mixin.py:190} INFO - [2025-06-05T02:32:04.881+0000] {dag.py:3239} INFO - Sync 2 DAGs
[2025-06-05T02:32:04.945+0000] {logging_mixin.py:190} INFO - [2025-06-05T02:32:04.945+0000] {dag.py:4180} INFO - Setting next_dagrun for dag_1_ejemplo6 to 2025-05-30 00:00:00+00:00, run_after=2025-05-31 00:00:00+00:00
[2025-06-05T02:32:04.958+0000] {logging_mixin.py:190} INFO - [2025-06-05T02:32:04.958+0000] {dag.py:4180} INFO - Setting next_dagrun for dag_2_ejemplo6 to None, run_after=None
[2025-06-05T02:32:05.163+0000] {processor.py:208} INFO - Processing /opt/airflow/dags/Sesion3/Ejemplo6.py took 0.345 seconds
[2025-06-05T02:32:35.883+0000] {processor.py:186} INFO - Started process (PID=6459) to work on /opt/airflow/dags/Sesion3/Ejemplo6.py
[2025-06-05T02:32:35.884+0000] {processor.py:914} INFO - Processing file /opt/airflow/dags/Sesion3/Ejemplo6.py for tasks to queue
[2025-06-05T02:32:35.886+0000] {logging_mixin.py:190} INFO - [2025-06-05T02:32:35.886+0000] {dagbag.py:588} INFO - Filling up the DagBag from /opt/airflow/dags/Sesion3/Ejemplo6.py
[2025-06-05T02:32:35.897+0000] {processor.py:925} INFO - DAG(s) 'dag_2_ejemplo6', 'dag_1_ejemplo6' retrieved from /opt/airflow/dags/Sesion3/Ejemplo6.py
[2025-06-05T02:32:35.925+0000] {logging_mixin.py:190} INFO - [2025-06-05T02:32:35.925+0000] {dag.py:3239} INFO - Sync 2 DAGs
[2025-06-05T02:32:36.265+0000] {logging_mixin.py:190} INFO - [2025-06-05T02:32:36.262+0000] {dag.py:4180} INFO - Setting next_dagrun for dag_1_ejemplo6 to 2025-05-30 00:00:00+00:00, run_after=2025-05-31 00:00:00+00:00
[2025-06-05T02:32:36.276+0000] {logging_mixin.py:190} INFO - [2025-06-05T02:32:36.276+0000] {dag.py:4180} INFO - Setting next_dagrun for dag_2_ejemplo6 to None, run_after=None
[2025-06-05T02:32:36.302+0000] {processor.py:208} INFO - Processing /opt/airflow/dags/Sesion3/Ejemplo6.py took 0.427 seconds
[2025-06-05T02:33:06.970+0000] {processor.py:186} INFO - Started process (PID=6576) to work on /opt/airflow/dags/Sesion3/Ejemplo6.py
[2025-06-05T02:33:06.971+0000] {processor.py:914} INFO - Processing file /opt/airflow/dags/Sesion3/Ejemplo6.py for tasks to queue
[2025-06-05T02:33:06.973+0000] {logging_mixin.py:190} INFO - [2025-06-05T02:33:06.973+0000] {dagbag.py:588} INFO - Filling up the DagBag from /opt/airflow/dags/Sesion3/Ejemplo6.py
[2025-06-05T02:33:06.980+0000] {processor.py:925} INFO - DAG(s) 'dag_1_ejemplo6', 'dag_2_ejemplo6' retrieved from /opt/airflow/dags/Sesion3/Ejemplo6.py
[2025-06-05T02:33:07.131+0000] {logging_mixin.py:190} INFO - [2025-06-05T02:33:07.130+0000] {dag.py:3239} INFO - Sync 2 DAGs
[2025-06-05T02:33:07.151+0000] {logging_mixin.py:190} INFO - [2025-06-05T02:33:07.151+0000] {dag.py:4180} INFO - Setting next_dagrun for dag_1_ejemplo6 to 2025-05-30 00:00:00+00:00, run_after=2025-05-31 00:00:00+00:00
[2025-06-05T02:33:07.154+0000] {logging_mixin.py:190} INFO - [2025-06-05T02:33:07.154+0000] {dag.py:4180} INFO - Setting next_dagrun for dag_2_ejemplo6 to None, run_after=None
[2025-06-05T02:33:07.167+0000] {processor.py:208} INFO - Processing /opt/airflow/dags/Sesion3/Ejemplo6.py took 0.202 seconds
[2025-06-05T02:33:37.226+0000] {processor.py:186} INFO - Started process (PID=6689) to work on /opt/airflow/dags/Sesion3/Ejemplo6.py
[2025-06-05T02:33:37.227+0000] {processor.py:914} INFO - Processing file /opt/airflow/dags/Sesion3/Ejemplo6.py for tasks to queue
[2025-06-05T02:33:37.230+0000] {logging_mixin.py:190} INFO - [2025-06-05T02:33:37.229+0000] {dagbag.py:588} INFO - Filling up the DagBag from /opt/airflow/dags/Sesion3/Ejemplo6.py
[2025-06-05T02:33:37.239+0000] {processor.py:925} INFO - DAG(s) 'dag_1_ejemplo6', 'dag_2_ejemplo6' retrieved from /opt/airflow/dags/Sesion3/Ejemplo6.py
[2025-06-05T02:33:37.269+0000] {logging_mixin.py:190} INFO - [2025-06-05T02:33:37.269+0000] {dag.py:3239} INFO - Sync 2 DAGs
[2025-06-05T02:33:37.302+0000] {logging_mixin.py:190} INFO - [2025-06-05T02:33:37.302+0000] {dag.py:4180} INFO - Setting next_dagrun for dag_1_ejemplo6 to 2025-05-30 00:00:00+00:00, run_after=2025-05-31 00:00:00+00:00
[2025-06-05T02:33:37.307+0000] {logging_mixin.py:190} INFO - [2025-06-05T02:33:37.307+0000] {dag.py:4180} INFO - Setting next_dagrun for dag_2_ejemplo6 to None, run_after=None
[2025-06-05T02:33:37.331+0000] {processor.py:208} INFO - Processing /opt/airflow/dags/Sesion3/Ejemplo6.py took 0.112 seconds
[2025-06-05T02:34:07.930+0000] {processor.py:186} INFO - Started process (PID=6804) to work on /opt/airflow/dags/Sesion3/Ejemplo6.py
[2025-06-05T02:34:07.932+0000] {processor.py:914} INFO - Processing file /opt/airflow/dags/Sesion3/Ejemplo6.py for tasks to queue
[2025-06-05T02:34:07.935+0000] {logging_mixin.py:190} INFO - [2025-06-05T02:34:07.935+0000] {dagbag.py:588} INFO - Filling up the DagBag from /opt/airflow/dags/Sesion3/Ejemplo6.py
[2025-06-05T02:34:07.945+0000] {processor.py:925} INFO - DAG(s) 'dag_1_ejemplo6', 'dag_2_ejemplo6' retrieved from /opt/airflow/dags/Sesion3/Ejemplo6.py
[2025-06-05T02:34:07.980+0000] {logging_mixin.py:190} INFO - [2025-06-05T02:34:07.980+0000] {dag.py:3239} INFO - Sync 2 DAGs
[2025-06-05T02:34:08.015+0000] {logging_mixin.py:190} INFO - [2025-06-05T02:34:08.015+0000] {dag.py:4180} INFO - Setting next_dagrun for dag_1_ejemplo6 to 2025-05-30 00:00:00+00:00, run_after=2025-05-31 00:00:00+00:00
[2025-06-05T02:34:08.020+0000] {logging_mixin.py:190} INFO - [2025-06-05T02:34:08.020+0000] {dag.py:4180} INFO - Setting next_dagrun for dag_2_ejemplo6 to None, run_after=None
[2025-06-05T02:34:08.037+0000] {processor.py:208} INFO - Processing /opt/airflow/dags/Sesion3/Ejemplo6.py took 0.115 seconds
[2025-06-05T05:21:10.134+0000] {processor.py:186} INFO - Started process (PID=260) to work on /opt/airflow/dags/Sesion3/Ejemplo6.py
[2025-06-05T05:21:10.137+0000] {processor.py:914} INFO - Processing file /opt/airflow/dags/Sesion3/Ejemplo6.py for tasks to queue
[2025-06-05T05:21:10.147+0000] {logging_mixin.py:190} INFO - [2025-06-05T05:21:10.147+0000] {dagbag.py:588} INFO - Filling up the DagBag from /opt/airflow/dags/Sesion3/Ejemplo6.py
[2025-06-05T05:21:10.178+0000] {processor.py:925} INFO - DAG(s) 'dag_1_ejemplo6', 'dag_2_ejemplo6' retrieved from /opt/airflow/dags/Sesion3/Ejemplo6.py
[2025-06-05T05:21:10.282+0000] {logging_mixin.py:190} INFO - [2025-06-05T05:21:10.282+0000] {dag.py:3239} INFO - Sync 2 DAGs
[2025-06-05T05:21:10.416+0000] {logging_mixin.py:190} INFO - [2025-06-05T05:21:10.416+0000] {dag.py:4180} INFO - Setting next_dagrun for dag_1_ejemplo6 to 2025-05-30 00:00:00+00:00, run_after=2025-05-31 00:00:00+00:00
[2025-06-05T05:21:10.428+0000] {logging_mixin.py:190} INFO - [2025-06-05T05:21:10.427+0000] {dag.py:4180} INFO - Setting next_dagrun for dag_2_ejemplo6 to None, run_after=None
[2025-06-05T05:21:10.491+0000] {processor.py:208} INFO - Processing /opt/airflow/dags/Sesion3/Ejemplo6.py took 0.375 seconds
[2025-06-05T05:21:40.755+0000] {processor.py:186} INFO - Started process (PID=369) to work on /opt/airflow/dags/Sesion3/Ejemplo6.py
[2025-06-05T05:21:40.756+0000] {processor.py:914} INFO - Processing file /opt/airflow/dags/Sesion3/Ejemplo6.py for tasks to queue
[2025-06-05T05:21:40.759+0000] {logging_mixin.py:190} INFO - [2025-06-05T05:21:40.759+0000] {dagbag.py:588} INFO - Filling up the DagBag from /opt/airflow/dags/Sesion3/Ejemplo6.py
[2025-06-05T05:21:40.770+0000] {processor.py:925} INFO - DAG(s) 'dag_1_ejemplo6', 'dag_2_ejemplo6' retrieved from /opt/airflow/dags/Sesion3/Ejemplo6.py
[2025-06-05T05:21:40.800+0000] {logging_mixin.py:190} INFO - [2025-06-05T05:21:40.800+0000] {dag.py:3239} INFO - Sync 2 DAGs
[2025-06-05T05:21:40.834+0000] {logging_mixin.py:190} INFO - [2025-06-05T05:21:40.834+0000] {dag.py:4180} INFO - Setting next_dagrun for dag_1_ejemplo6 to 2025-05-30 00:00:00+00:00, run_after=2025-05-31 00:00:00+00:00
[2025-06-05T05:21:40.840+0000] {logging_mixin.py:190} INFO - [2025-06-05T05:21:40.840+0000] {dag.py:4180} INFO - Setting next_dagrun for dag_2_ejemplo6 to None, run_after=None
[2025-06-05T05:21:40.859+0000] {processor.py:208} INFO - Processing /opt/airflow/dags/Sesion3/Ejemplo6.py took 0.111 seconds
