[2025-06-05T02:01:21.492+0000] {processor.py:186} INFO - Started process (PID=252) to work on /opt/airflow/dags/Sesion3/Ejemplo7.py
[2025-06-05T02:01:21.493+0000] {processor.py:914} INFO - Processing file /opt/airflow/dags/Sesion3/Ejemplo7.py for tasks to queue
[2025-06-05T02:01:21.509+0000] {logging_mixin.py:190} INFO - [2025-06-05T02:01:21.505+0000] {dagbag.py:588} INFO - Filling up the DagBag from /opt/airflow/dags/Sesion3/Ejemplo7.py
[2025-06-05T02:01:21.832+0000] {processor.py:925} INFO - DAG(s) 'flag_check_mysql_dag' retrieved from /opt/airflow/dags/Sesion3/Ejemplo7.py
[2025-06-05T02:01:21.861+0000] {logging_mixin.py:190} INFO - [2025-06-05T02:01:21.861+0000] {dag.py:3239} INFO - Sync 1 DAGs
[2025-06-05T02:01:21.967+0000] {logging_mixin.py:190} INFO - [2025-06-05T02:01:21.966+0000] {dag.py:4180} INFO - Setting next_dagrun for flag_check_mysql_dag to 2025-05-29 03:02:00+00:00, run_after=2025-05-29 03:04:00+00:00
[2025-06-05T02:01:22.096+0000] {processor.py:208} INFO - Processing /opt/airflow/dags/Sesion3/Ejemplo7.py took 0.636 seconds
[2025-06-05T02:01:55.123+0000] {processor.py:186} INFO - Started process (PID=367) to work on /opt/airflow/dags/Sesion3/Ejemplo7.py
[2025-06-05T02:01:55.132+0000] {processor.py:914} INFO - Processing file /opt/airflow/dags/Sesion3/Ejemplo7.py for tasks to queue
[2025-06-05T02:01:55.146+0000] {logging_mixin.py:190} INFO - [2025-06-05T02:01:55.142+0000] {dagbag.py:588} INFO - Filling up the DagBag from /opt/airflow/dags/Sesion3/Ejemplo7.py
[2025-06-05T02:01:55.272+0000] {processor.py:925} INFO - DAG(s) 'flag_check_mysql_dag' retrieved from /opt/airflow/dags/Sesion3/Ejemplo7.py
[2025-06-05T02:01:55.361+0000] {logging_mixin.py:190} INFO - [2025-06-05T02:01:55.361+0000] {dag.py:3239} INFO - Sync 1 DAGs
[2025-06-05T02:01:55.547+0000] {logging_mixin.py:190} INFO - [2025-06-05T02:01:55.547+0000] {dag.py:4180} INFO - Setting next_dagrun for flag_check_mysql_dag to 2025-05-29 03:02:00+00:00, run_after=2025-05-29 03:04:00+00:00
[2025-06-05T02:01:55.680+0000] {processor.py:208} INFO - Processing /opt/airflow/dags/Sesion3/Ejemplo7.py took 0.565 seconds
[2025-06-05T02:04:30.942+0000] {processor.py:186} INFO - Started process (PID=234) to work on /opt/airflow/dags/Sesion3/Ejemplo7.py
[2025-06-05T02:04:30.971+0000] {processor.py:914} INFO - Processing file /opt/airflow/dags/Sesion3/Ejemplo7.py for tasks to queue
[2025-06-05T02:04:30.986+0000] {logging_mixin.py:190} INFO - [2025-06-05T02:04:30.977+0000] {dagbag.py:588} INFO - Filling up the DagBag from /opt/airflow/dags/Sesion3/Ejemplo7.py
[2025-06-05T02:04:31.101+0000] {processor.py:925} INFO - DAG(s) 'flag_check_mysql_dag' retrieved from /opt/airflow/dags/Sesion3/Ejemplo7.py
[2025-06-05T02:04:31.193+0000] {logging_mixin.py:190} INFO - [2025-06-05T02:04:31.193+0000] {dag.py:3239} INFO - Sync 1 DAGs
[2025-06-05T02:04:31.328+0000] {logging_mixin.py:190} INFO - [2025-06-05T02:04:31.328+0000] {dag.py:4180} INFO - Setting next_dagrun for flag_check_mysql_dag to 2025-05-29 03:02:00+00:00, run_after=2025-05-29 03:04:00+00:00
[2025-06-05T02:04:31.425+0000] {processor.py:208} INFO - Processing /opt/airflow/dags/Sesion3/Ejemplo7.py took 0.516 seconds
[2025-06-05T02:05:02.513+0000] {processor.py:186} INFO - Started process (PID=346) to work on /opt/airflow/dags/Sesion3/Ejemplo7.py
[2025-06-05T02:05:02.514+0000] {processor.py:914} INFO - Processing file /opt/airflow/dags/Sesion3/Ejemplo7.py for tasks to queue
[2025-06-05T02:05:02.518+0000] {logging_mixin.py:190} INFO - [2025-06-05T02:05:02.518+0000] {dagbag.py:588} INFO - Filling up the DagBag from /opt/airflow/dags/Sesion3/Ejemplo7.py
[2025-06-05T02:05:02.576+0000] {processor.py:925} INFO - DAG(s) 'flag_check_mysql_dag' retrieved from /opt/airflow/dags/Sesion3/Ejemplo7.py
[2025-06-05T02:05:02.619+0000] {logging_mixin.py:190} INFO - [2025-06-05T02:05:02.619+0000] {dag.py:3239} INFO - Sync 1 DAGs
[2025-06-05T02:05:02.659+0000] {logging_mixin.py:190} INFO - [2025-06-05T02:05:02.659+0000] {dag.py:4180} INFO - Setting next_dagrun for flag_check_mysql_dag to 2025-05-29 03:02:00+00:00, run_after=2025-05-29 03:04:00+00:00
[2025-06-05T02:05:02.701+0000] {processor.py:208} INFO - Processing /opt/airflow/dags/Sesion3/Ejemplo7.py took 0.201 seconds
[2025-06-05T02:05:33.040+0000] {processor.py:186} INFO - Started process (PID=461) to work on /opt/airflow/dags/Sesion3/Ejemplo7.py
[2025-06-05T02:05:33.041+0000] {processor.py:914} INFO - Processing file /opt/airflow/dags/Sesion3/Ejemplo7.py for tasks to queue
[2025-06-05T02:05:33.043+0000] {logging_mixin.py:190} INFO - [2025-06-05T02:05:33.043+0000] {dagbag.py:588} INFO - Filling up the DagBag from /opt/airflow/dags/Sesion3/Ejemplo7.py
[2025-06-05T02:05:33.079+0000] {processor.py:925} INFO - DAG(s) 'flag_check_mysql_dag' retrieved from /opt/airflow/dags/Sesion3/Ejemplo7.py
[2025-06-05T02:05:33.103+0000] {logging_mixin.py:190} INFO - [2025-06-05T02:05:33.102+0000] {dag.py:3239} INFO - Sync 1 DAGs
[2025-06-05T02:05:33.165+0000] {logging_mixin.py:190} INFO - [2025-06-05T02:05:33.164+0000] {dag.py:4180} INFO - Setting next_dagrun for flag_check_mysql_dag to 2025-05-29 03:02:00+00:00, run_after=2025-05-29 03:04:00+00:00
[2025-06-05T02:05:33.218+0000] {processor.py:208} INFO - Processing /opt/airflow/dags/Sesion3/Ejemplo7.py took 0.185 seconds
[2025-06-05T02:06:03.415+0000] {processor.py:186} INFO - Started process (PID=576) to work on /opt/airflow/dags/Sesion3/Ejemplo7.py
[2025-06-05T02:06:03.416+0000] {processor.py:914} INFO - Processing file /opt/airflow/dags/Sesion3/Ejemplo7.py for tasks to queue
[2025-06-05T02:06:03.419+0000] {logging_mixin.py:190} INFO - [2025-06-05T02:06:03.418+0000] {dagbag.py:588} INFO - Filling up the DagBag from /opt/airflow/dags/Sesion3/Ejemplo7.py
[2025-06-05T02:06:03.455+0000] {processor.py:925} INFO - DAG(s) 'flag_check_mysql_dag' retrieved from /opt/airflow/dags/Sesion3/Ejemplo7.py
[2025-06-05T02:06:03.479+0000] {logging_mixin.py:190} INFO - [2025-06-05T02:06:03.478+0000] {dag.py:3239} INFO - Sync 1 DAGs
[2025-06-05T02:06:03.509+0000] {logging_mixin.py:190} INFO - [2025-06-05T02:06:03.509+0000] {dag.py:4180} INFO - Setting next_dagrun for flag_check_mysql_dag to 2025-05-29 03:02:00+00:00, run_after=2025-05-29 03:04:00+00:00
[2025-06-05T02:06:03.529+0000] {processor.py:208} INFO - Processing /opt/airflow/dags/Sesion3/Ejemplo7.py took 0.120 seconds
[2025-06-05T02:06:34.398+0000] {processor.py:186} INFO - Started process (PID=691) to work on /opt/airflow/dags/Sesion3/Ejemplo7.py
[2025-06-05T02:06:34.400+0000] {processor.py:914} INFO - Processing file /opt/airflow/dags/Sesion3/Ejemplo7.py for tasks to queue
[2025-06-05T02:06:34.404+0000] {logging_mixin.py:190} INFO - [2025-06-05T02:06:34.403+0000] {dagbag.py:588} INFO - Filling up the DagBag from /opt/airflow/dags/Sesion3/Ejemplo7.py
[2025-06-05T02:06:34.441+0000] {processor.py:925} INFO - DAG(s) 'flag_check_mysql_dag' retrieved from /opt/airflow/dags/Sesion3/Ejemplo7.py
[2025-06-05T02:06:34.465+0000] {logging_mixin.py:190} INFO - [2025-06-05T02:06:34.464+0000] {dag.py:3239} INFO - Sync 1 DAGs
[2025-06-05T02:06:34.498+0000] {logging_mixin.py:190} INFO - [2025-06-05T02:06:34.498+0000] {dag.py:4180} INFO - Setting next_dagrun for flag_check_mysql_dag to 2025-05-29 03:02:00+00:00, run_after=2025-05-29 03:04:00+00:00
[2025-06-05T02:06:34.518+0000] {processor.py:208} INFO - Processing /opt/airflow/dags/Sesion3/Ejemplo7.py took 0.137 seconds
[2025-06-05T02:07:05.474+0000] {processor.py:186} INFO - Started process (PID=806) to work on /opt/airflow/dags/Sesion3/Ejemplo7.py
[2025-06-05T02:07:05.475+0000] {processor.py:914} INFO - Processing file /opt/airflow/dags/Sesion3/Ejemplo7.py for tasks to queue
[2025-06-05T02:07:05.478+0000] {logging_mixin.py:190} INFO - [2025-06-05T02:07:05.477+0000] {dagbag.py:588} INFO - Filling up the DagBag from /opt/airflow/dags/Sesion3/Ejemplo7.py
[2025-06-05T02:07:05.511+0000] {processor.py:925} INFO - DAG(s) 'flag_check_mysql_dag' retrieved from /opt/airflow/dags/Sesion3/Ejemplo7.py
[2025-06-05T02:07:05.534+0000] {logging_mixin.py:190} INFO - [2025-06-05T02:07:05.534+0000] {dag.py:3239} INFO - Sync 1 DAGs
[2025-06-05T02:07:05.563+0000] {logging_mixin.py:190} INFO - [2025-06-05T02:07:05.563+0000] {dag.py:4180} INFO - Setting next_dagrun for flag_check_mysql_dag to 2025-05-29 03:02:00+00:00, run_after=2025-05-29 03:04:00+00:00
[2025-06-05T02:07:05.582+0000] {processor.py:208} INFO - Processing /opt/airflow/dags/Sesion3/Ejemplo7.py took 0.117 seconds
[2025-06-05T02:07:35.783+0000] {processor.py:186} INFO - Started process (PID=919) to work on /opt/airflow/dags/Sesion3/Ejemplo7.py
[2025-06-05T02:07:35.784+0000] {processor.py:914} INFO - Processing file /opt/airflow/dags/Sesion3/Ejemplo7.py for tasks to queue
[2025-06-05T02:07:35.787+0000] {logging_mixin.py:190} INFO - [2025-06-05T02:07:35.786+0000] {dagbag.py:588} INFO - Filling up the DagBag from /opt/airflow/dags/Sesion3/Ejemplo7.py
[2025-06-05T02:07:35.838+0000] {processor.py:925} INFO - DAG(s) 'flag_check_mysql_dag' retrieved from /opt/airflow/dags/Sesion3/Ejemplo7.py
[2025-06-05T02:07:35.894+0000] {logging_mixin.py:190} INFO - [2025-06-05T02:07:35.894+0000] {dag.py:3239} INFO - Sync 1 DAGs
[2025-06-05T02:07:35.942+0000] {logging_mixin.py:190} INFO - [2025-06-05T02:07:35.941+0000] {dag.py:4180} INFO - Setting next_dagrun for flag_check_mysql_dag to 2025-05-29 03:02:00+00:00, run_after=2025-05-29 03:04:00+00:00
[2025-06-05T02:07:35.961+0000] {processor.py:208} INFO - Processing /opt/airflow/dags/Sesion3/Ejemplo7.py took 0.185 seconds
[2025-06-05T02:08:07.068+0000] {processor.py:186} INFO - Started process (PID=1034) to work on /opt/airflow/dags/Sesion3/Ejemplo7.py
[2025-06-05T02:08:07.069+0000] {processor.py:914} INFO - Processing file /opt/airflow/dags/Sesion3/Ejemplo7.py for tasks to queue
[2025-06-05T02:08:07.071+0000] {logging_mixin.py:190} INFO - [2025-06-05T02:08:07.071+0000] {dagbag.py:588} INFO - Filling up the DagBag from /opt/airflow/dags/Sesion3/Ejemplo7.py
[2025-06-05T02:08:07.106+0000] {processor.py:925} INFO - DAG(s) 'flag_check_mysql_dag' retrieved from /opt/airflow/dags/Sesion3/Ejemplo7.py
[2025-06-05T02:08:07.131+0000] {logging_mixin.py:190} INFO - [2025-06-05T02:08:07.131+0000] {dag.py:3239} INFO - Sync 1 DAGs
[2025-06-05T02:08:07.159+0000] {logging_mixin.py:190} INFO - [2025-06-05T02:08:07.159+0000] {dag.py:4180} INFO - Setting next_dagrun for flag_check_mysql_dag to 2025-05-29 03:02:00+00:00, run_after=2025-05-29 03:04:00+00:00
[2025-06-05T02:08:07.178+0000] {processor.py:208} INFO - Processing /opt/airflow/dags/Sesion3/Ejemplo7.py took 0.118 seconds
[2025-06-05T02:08:38.212+0000] {processor.py:186} INFO - Started process (PID=1149) to work on /opt/airflow/dags/Sesion3/Ejemplo7.py
[2025-06-05T02:08:38.213+0000] {processor.py:914} INFO - Processing file /opt/airflow/dags/Sesion3/Ejemplo7.py for tasks to queue
[2025-06-05T02:08:38.215+0000] {logging_mixin.py:190} INFO - [2025-06-05T02:08:38.215+0000] {dagbag.py:588} INFO - Filling up the DagBag from /opt/airflow/dags/Sesion3/Ejemplo7.py
[2025-06-05T02:08:38.250+0000] {processor.py:925} INFO - DAG(s) 'flag_check_mysql_dag' retrieved from /opt/airflow/dags/Sesion3/Ejemplo7.py
[2025-06-05T02:08:38.275+0000] {logging_mixin.py:190} INFO - [2025-06-05T02:08:38.274+0000] {dag.py:3239} INFO - Sync 1 DAGs
[2025-06-05T02:08:38.310+0000] {logging_mixin.py:190} INFO - [2025-06-05T02:08:38.309+0000] {dag.py:4180} INFO - Setting next_dagrun for flag_check_mysql_dag to 2025-05-29 03:02:00+00:00, run_after=2025-05-29 03:04:00+00:00
[2025-06-05T02:08:38.328+0000] {processor.py:208} INFO - Processing /opt/airflow/dags/Sesion3/Ejemplo7.py took 0.124 seconds
[2025-06-05T02:09:09.233+0000] {processor.py:186} INFO - Started process (PID=1266) to work on /opt/airflow/dags/Sesion3/Ejemplo7.py
[2025-06-05T02:09:09.233+0000] {processor.py:914} INFO - Processing file /opt/airflow/dags/Sesion3/Ejemplo7.py for tasks to queue
[2025-06-05T02:09:09.235+0000] {logging_mixin.py:190} INFO - [2025-06-05T02:09:09.235+0000] {dagbag.py:588} INFO - Filling up the DagBag from /opt/airflow/dags/Sesion3/Ejemplo7.py
[2025-06-05T02:09:09.259+0000] {processor.py:925} INFO - DAG(s) 'flag_check_mysql_dag' retrieved from /opt/airflow/dags/Sesion3/Ejemplo7.py
[2025-06-05T02:09:09.276+0000] {logging_mixin.py:190} INFO - [2025-06-05T02:09:09.276+0000] {dag.py:3239} INFO - Sync 1 DAGs
[2025-06-05T02:09:09.298+0000] {logging_mixin.py:190} INFO - [2025-06-05T02:09:09.297+0000] {dag.py:4180} INFO - Setting next_dagrun for flag_check_mysql_dag to 2025-05-29 03:02:00+00:00, run_after=2025-05-29 03:04:00+00:00
[2025-06-05T02:09:09.313+0000] {processor.py:208} INFO - Processing /opt/airflow/dags/Sesion3/Ejemplo7.py took 0.085 seconds
[2025-06-05T02:09:40.380+0000] {processor.py:186} INFO - Started process (PID=1381) to work on /opt/airflow/dags/Sesion3/Ejemplo7.py
[2025-06-05T02:09:40.381+0000] {processor.py:914} INFO - Processing file /opt/airflow/dags/Sesion3/Ejemplo7.py for tasks to queue
[2025-06-05T02:09:40.383+0000] {logging_mixin.py:190} INFO - [2025-06-05T02:09:40.383+0000] {dagbag.py:588} INFO - Filling up the DagBag from /opt/airflow/dags/Sesion3/Ejemplo7.py
[2025-06-05T02:09:40.417+0000] {processor.py:925} INFO - DAG(s) 'flag_check_mysql_dag' retrieved from /opt/airflow/dags/Sesion3/Ejemplo7.py
[2025-06-05T02:09:40.443+0000] {logging_mixin.py:190} INFO - [2025-06-05T02:09:40.443+0000] {dag.py:3239} INFO - Sync 1 DAGs
[2025-06-05T02:09:40.480+0000] {logging_mixin.py:190} INFO - [2025-06-05T02:09:40.479+0000] {dag.py:4180} INFO - Setting next_dagrun for flag_check_mysql_dag to 2025-05-29 03:02:00+00:00, run_after=2025-05-29 03:04:00+00:00
[2025-06-05T02:09:40.517+0000] {processor.py:208} INFO - Processing /opt/airflow/dags/Sesion3/Ejemplo7.py took 0.145 seconds
[2025-06-05T02:10:11.512+0000] {processor.py:186} INFO - Started process (PID=1494) to work on /opt/airflow/dags/Sesion3/Ejemplo7.py
[2025-06-05T02:10:11.513+0000] {processor.py:914} INFO - Processing file /opt/airflow/dags/Sesion3/Ejemplo7.py for tasks to queue
[2025-06-05T02:10:11.515+0000] {logging_mixin.py:190} INFO - [2025-06-05T02:10:11.515+0000] {dagbag.py:588} INFO - Filling up the DagBag from /opt/airflow/dags/Sesion3/Ejemplo7.py
[2025-06-05T02:10:11.547+0000] {processor.py:925} INFO - DAG(s) 'flag_check_mysql_dag' retrieved from /opt/airflow/dags/Sesion3/Ejemplo7.py
[2025-06-05T02:10:11.571+0000] {logging_mixin.py:190} INFO - [2025-06-05T02:10:11.571+0000] {dag.py:3239} INFO - Sync 1 DAGs
[2025-06-05T02:10:11.601+0000] {logging_mixin.py:190} INFO - [2025-06-05T02:10:11.601+0000] {dag.py:4180} INFO - Setting next_dagrun for flag_check_mysql_dag to 2025-05-29 03:02:00+00:00, run_after=2025-05-29 03:04:00+00:00
[2025-06-05T02:10:11.620+0000] {processor.py:208} INFO - Processing /opt/airflow/dags/Sesion3/Ejemplo7.py took 0.116 seconds
[2025-06-05T02:10:42.686+0000] {processor.py:186} INFO - Started process (PID=1611) to work on /opt/airflow/dags/Sesion3/Ejemplo7.py
[2025-06-05T02:10:42.686+0000] {processor.py:914} INFO - Processing file /opt/airflow/dags/Sesion3/Ejemplo7.py for tasks to queue
[2025-06-05T02:10:42.688+0000] {logging_mixin.py:190} INFO - [2025-06-05T02:10:42.688+0000] {dagbag.py:588} INFO - Filling up the DagBag from /opt/airflow/dags/Sesion3/Ejemplo7.py
[2025-06-05T02:10:42.713+0000] {processor.py:925} INFO - DAG(s) 'flag_check_mysql_dag' retrieved from /opt/airflow/dags/Sesion3/Ejemplo7.py
[2025-06-05T02:10:42.730+0000] {logging_mixin.py:190} INFO - [2025-06-05T02:10:42.729+0000] {dag.py:3239} INFO - Sync 1 DAGs
[2025-06-05T02:10:42.750+0000] {logging_mixin.py:190} INFO - [2025-06-05T02:10:42.750+0000] {dag.py:4180} INFO - Setting next_dagrun for flag_check_mysql_dag to 2025-05-29 03:02:00+00:00, run_after=2025-05-29 03:04:00+00:00
[2025-06-05T02:10:42.764+0000] {processor.py:208} INFO - Processing /opt/airflow/dags/Sesion3/Ejemplo7.py took 0.084 seconds
[2025-06-05T02:11:14.006+0000] {processor.py:186} INFO - Started process (PID=1724) to work on /opt/airflow/dags/Sesion3/Ejemplo7.py
[2025-06-05T02:11:14.007+0000] {processor.py:914} INFO - Processing file /opt/airflow/dags/Sesion3/Ejemplo7.py for tasks to queue
[2025-06-05T02:11:14.009+0000] {logging_mixin.py:190} INFO - [2025-06-05T02:11:14.009+0000] {dagbag.py:588} INFO - Filling up the DagBag from /opt/airflow/dags/Sesion3/Ejemplo7.py
[2025-06-05T02:11:14.044+0000] {processor.py:925} INFO - DAG(s) 'flag_check_mysql_dag' retrieved from /opt/airflow/dags/Sesion3/Ejemplo7.py
[2025-06-05T02:11:14.068+0000] {logging_mixin.py:190} INFO - [2025-06-05T02:11:14.068+0000] {dag.py:3239} INFO - Sync 1 DAGs
[2025-06-05T02:11:14.099+0000] {logging_mixin.py:190} INFO - [2025-06-05T02:11:14.099+0000] {dag.py:4180} INFO - Setting next_dagrun for flag_check_mysql_dag to 2025-05-29 03:02:00+00:00, run_after=2025-05-29 03:04:00+00:00
[2025-06-05T02:11:14.117+0000] {processor.py:208} INFO - Processing /opt/airflow/dags/Sesion3/Ejemplo7.py took 0.118 seconds
[2025-06-05T02:11:45.052+0000] {processor.py:186} INFO - Started process (PID=1839) to work on /opt/airflow/dags/Sesion3/Ejemplo7.py
[2025-06-05T02:11:45.053+0000] {processor.py:914} INFO - Processing file /opt/airflow/dags/Sesion3/Ejemplo7.py for tasks to queue
[2025-06-05T02:11:45.056+0000] {logging_mixin.py:190} INFO - [2025-06-05T02:11:45.055+0000] {dagbag.py:588} INFO - Filling up the DagBag from /opt/airflow/dags/Sesion3/Ejemplo7.py
[2025-06-05T02:11:45.107+0000] {processor.py:925} INFO - DAG(s) 'flag_check_mysql_dag' retrieved from /opt/airflow/dags/Sesion3/Ejemplo7.py
[2025-06-05T02:11:45.151+0000] {logging_mixin.py:190} INFO - [2025-06-05T02:11:45.151+0000] {dag.py:3239} INFO - Sync 1 DAGs
[2025-06-05T02:11:45.191+0000] {logging_mixin.py:190} INFO - [2025-06-05T02:11:45.191+0000] {dag.py:4180} INFO - Setting next_dagrun for flag_check_mysql_dag to 2025-05-29 03:02:00+00:00, run_after=2025-05-29 03:04:00+00:00
[2025-06-05T02:11:45.210+0000] {processor.py:208} INFO - Processing /opt/airflow/dags/Sesion3/Ejemplo7.py took 0.165 seconds
[2025-06-05T02:12:16.023+0000] {processor.py:186} INFO - Started process (PID=1956) to work on /opt/airflow/dags/Sesion3/Ejemplo7.py
[2025-06-05T02:12:16.024+0000] {processor.py:914} INFO - Processing file /opt/airflow/dags/Sesion3/Ejemplo7.py for tasks to queue
[2025-06-05T02:12:16.026+0000] {logging_mixin.py:190} INFO - [2025-06-05T02:12:16.026+0000] {dagbag.py:588} INFO - Filling up the DagBag from /opt/airflow/dags/Sesion3/Ejemplo7.py
[2025-06-05T02:12:16.049+0000] {processor.py:925} INFO - DAG(s) 'flag_check_mysql_dag' retrieved from /opt/airflow/dags/Sesion3/Ejemplo7.py
[2025-06-05T02:12:16.066+0000] {logging_mixin.py:190} INFO - [2025-06-05T02:12:16.066+0000] {dag.py:3239} INFO - Sync 1 DAGs
[2025-06-05T02:12:16.087+0000] {logging_mixin.py:190} INFO - [2025-06-05T02:12:16.087+0000] {dag.py:4180} INFO - Setting next_dagrun for flag_check_mysql_dag to 2025-05-29 03:02:00+00:00, run_after=2025-05-29 03:04:00+00:00
[2025-06-05T02:12:16.101+0000] {processor.py:208} INFO - Processing /opt/airflow/dags/Sesion3/Ejemplo7.py took 0.083 seconds
[2025-06-05T02:12:47.329+0000] {processor.py:186} INFO - Started process (PID=2069) to work on /opt/airflow/dags/Sesion3/Ejemplo7.py
[2025-06-05T02:12:47.330+0000] {processor.py:914} INFO - Processing file /opt/airflow/dags/Sesion3/Ejemplo7.py for tasks to queue
[2025-06-05T02:12:47.333+0000] {logging_mixin.py:190} INFO - [2025-06-05T02:12:47.332+0000] {dagbag.py:588} INFO - Filling up the DagBag from /opt/airflow/dags/Sesion3/Ejemplo7.py
[2025-06-05T02:12:47.367+0000] {processor.py:925} INFO - DAG(s) 'flag_check_mysql_dag' retrieved from /opt/airflow/dags/Sesion3/Ejemplo7.py
[2025-06-05T02:12:47.391+0000] {logging_mixin.py:190} INFO - [2025-06-05T02:12:47.390+0000] {dag.py:3239} INFO - Sync 1 DAGs
[2025-06-05T02:12:47.420+0000] {logging_mixin.py:190} INFO - [2025-06-05T02:12:47.419+0000] {dag.py:4180} INFO - Setting next_dagrun for flag_check_mysql_dag to 2025-05-29 03:02:00+00:00, run_after=2025-05-29 03:04:00+00:00
[2025-06-05T02:12:47.441+0000] {processor.py:208} INFO - Processing /opt/airflow/dags/Sesion3/Ejemplo7.py took 0.118 seconds
[2025-06-05T02:13:18.584+0000] {processor.py:186} INFO - Started process (PID=2184) to work on /opt/airflow/dags/Sesion3/Ejemplo7.py
[2025-06-05T02:13:18.584+0000] {processor.py:914} INFO - Processing file /opt/airflow/dags/Sesion3/Ejemplo7.py for tasks to queue
[2025-06-05T02:13:18.587+0000] {logging_mixin.py:190} INFO - [2025-06-05T02:13:18.586+0000] {dagbag.py:588} INFO - Filling up the DagBag from /opt/airflow/dags/Sesion3/Ejemplo7.py
[2025-06-05T02:13:18.621+0000] {processor.py:925} INFO - DAG(s) 'flag_check_mysql_dag' retrieved from /opt/airflow/dags/Sesion3/Ejemplo7.py
[2025-06-05T02:13:18.645+0000] {logging_mixin.py:190} INFO - [2025-06-05T02:13:18.645+0000] {dag.py:3239} INFO - Sync 1 DAGs
[2025-06-05T02:13:18.677+0000] {logging_mixin.py:190} INFO - [2025-06-05T02:13:18.676+0000] {dag.py:4180} INFO - Setting next_dagrun for flag_check_mysql_dag to 2025-05-29 03:02:00+00:00, run_after=2025-05-29 03:04:00+00:00
[2025-06-05T02:13:18.695+0000] {processor.py:208} INFO - Processing /opt/airflow/dags/Sesion3/Ejemplo7.py took 0.130 seconds
[2025-06-05T02:13:49.701+0000] {processor.py:186} INFO - Started process (PID=2299) to work on /opt/airflow/dags/Sesion3/Ejemplo7.py
[2025-06-05T02:13:49.702+0000] {processor.py:914} INFO - Processing file /opt/airflow/dags/Sesion3/Ejemplo7.py for tasks to queue
[2025-06-05T02:13:49.705+0000] {logging_mixin.py:190} INFO - [2025-06-05T02:13:49.704+0000] {dagbag.py:588} INFO - Filling up the DagBag from /opt/airflow/dags/Sesion3/Ejemplo7.py
[2025-06-05T02:13:49.738+0000] {processor.py:925} INFO - DAG(s) 'flag_check_mysql_dag' retrieved from /opt/airflow/dags/Sesion3/Ejemplo7.py
[2025-06-05T02:13:49.763+0000] {logging_mixin.py:190} INFO - [2025-06-05T02:13:49.763+0000] {dag.py:3239} INFO - Sync 1 DAGs
[2025-06-05T02:13:49.794+0000] {logging_mixin.py:190} INFO - [2025-06-05T02:13:49.793+0000] {dag.py:4180} INFO - Setting next_dagrun for flag_check_mysql_dag to 2025-05-29 03:02:00+00:00, run_after=2025-05-29 03:04:00+00:00
[2025-06-05T02:13:49.812+0000] {processor.py:208} INFO - Processing /opt/airflow/dags/Sesion3/Ejemplo7.py took 0.118 seconds
[2025-06-05T02:14:20.885+0000] {processor.py:186} INFO - Started process (PID=2416) to work on /opt/airflow/dags/Sesion3/Ejemplo7.py
[2025-06-05T02:14:20.886+0000] {processor.py:914} INFO - Processing file /opt/airflow/dags/Sesion3/Ejemplo7.py for tasks to queue
[2025-06-05T02:14:20.888+0000] {logging_mixin.py:190} INFO - [2025-06-05T02:14:20.887+0000] {dagbag.py:588} INFO - Filling up the DagBag from /opt/airflow/dags/Sesion3/Ejemplo7.py
[2025-06-05T02:14:20.910+0000] {processor.py:925} INFO - DAG(s) 'flag_check_mysql_dag' retrieved from /opt/airflow/dags/Sesion3/Ejemplo7.py
[2025-06-05T02:14:20.933+0000] {logging_mixin.py:190} INFO - [2025-06-05T02:14:20.932+0000] {dag.py:3239} INFO - Sync 1 DAGs
[2025-06-05T02:14:20.953+0000] {logging_mixin.py:190} INFO - [2025-06-05T02:14:20.953+0000] {dag.py:4180} INFO - Setting next_dagrun for flag_check_mysql_dag to 2025-05-29 03:02:00+00:00, run_after=2025-05-29 03:04:00+00:00
[2025-06-05T02:14:20.967+0000] {processor.py:208} INFO - Processing /opt/airflow/dags/Sesion3/Ejemplo7.py took 0.087 seconds
[2025-06-05T02:14:52.128+0000] {processor.py:186} INFO - Started process (PID=2529) to work on /opt/airflow/dags/Sesion3/Ejemplo7.py
[2025-06-05T02:14:52.128+0000] {processor.py:914} INFO - Processing file /opt/airflow/dags/Sesion3/Ejemplo7.py for tasks to queue
[2025-06-05T02:14:52.131+0000] {logging_mixin.py:190} INFO - [2025-06-05T02:14:52.130+0000] {dagbag.py:588} INFO - Filling up the DagBag from /opt/airflow/dags/Sesion3/Ejemplo7.py
[2025-06-05T02:14:52.164+0000] {processor.py:925} INFO - DAG(s) 'flag_check_mysql_dag' retrieved from /opt/airflow/dags/Sesion3/Ejemplo7.py
[2025-06-05T02:14:52.187+0000] {logging_mixin.py:190} INFO - [2025-06-05T02:14:52.187+0000] {dag.py:3239} INFO - Sync 1 DAGs
[2025-06-05T02:14:52.219+0000] {logging_mixin.py:190} INFO - [2025-06-05T02:14:52.219+0000] {dag.py:4180} INFO - Setting next_dagrun for flag_check_mysql_dag to 2025-05-29 03:02:00+00:00, run_after=2025-05-29 03:04:00+00:00
[2025-06-05T02:14:52.238+0000] {processor.py:208} INFO - Processing /opt/airflow/dags/Sesion3/Ejemplo7.py took 0.118 seconds
[2025-06-05T02:15:23.418+0000] {processor.py:186} INFO - Started process (PID=2644) to work on /opt/airflow/dags/Sesion3/Ejemplo7.py
[2025-06-05T02:15:23.419+0000] {processor.py:914} INFO - Processing file /opt/airflow/dags/Sesion3/Ejemplo7.py for tasks to queue
[2025-06-05T02:15:23.422+0000] {logging_mixin.py:190} INFO - [2025-06-05T02:15:23.421+0000] {dagbag.py:588} INFO - Filling up the DagBag from /opt/airflow/dags/Sesion3/Ejemplo7.py
[2025-06-05T02:15:23.457+0000] {processor.py:925} INFO - DAG(s) 'flag_check_mysql_dag' retrieved from /opt/airflow/dags/Sesion3/Ejemplo7.py
[2025-06-05T02:15:23.481+0000] {logging_mixin.py:190} INFO - [2025-06-05T02:15:23.480+0000] {dag.py:3239} INFO - Sync 1 DAGs
[2025-06-05T02:15:23.510+0000] {logging_mixin.py:190} INFO - [2025-06-05T02:15:23.510+0000] {dag.py:4180} INFO - Setting next_dagrun for flag_check_mysql_dag to 2025-05-29 03:02:00+00:00, run_after=2025-05-29 03:04:00+00:00
[2025-06-05T02:15:23.528+0000] {processor.py:208} INFO - Processing /opt/airflow/dags/Sesion3/Ejemplo7.py took 0.117 seconds
[2025-06-05T02:15:54.297+0000] {processor.py:186} INFO - Started process (PID=2759) to work on /opt/airflow/dags/Sesion3/Ejemplo7.py
[2025-06-05T02:15:54.298+0000] {processor.py:914} INFO - Processing file /opt/airflow/dags/Sesion3/Ejemplo7.py for tasks to queue
[2025-06-05T02:15:54.301+0000] {logging_mixin.py:190} INFO - [2025-06-05T02:15:54.300+0000] {dagbag.py:588} INFO - Filling up the DagBag from /opt/airflow/dags/Sesion3/Ejemplo7.py
[2025-06-05T02:15:54.334+0000] {processor.py:925} INFO - DAG(s) 'flag_check_mysql_dag' retrieved from /opt/airflow/dags/Sesion3/Ejemplo7.py
[2025-06-05T02:15:54.364+0000] {logging_mixin.py:190} INFO - [2025-06-05T02:15:54.364+0000] {dag.py:3239} INFO - Sync 1 DAGs
[2025-06-05T02:15:54.412+0000] {logging_mixin.py:190} INFO - [2025-06-05T02:15:54.412+0000] {dag.py:4180} INFO - Setting next_dagrun for flag_check_mysql_dag to 2025-05-29 03:02:00+00:00, run_after=2025-05-29 03:04:00+00:00
[2025-06-05T02:15:54.431+0000] {processor.py:208} INFO - Processing /opt/airflow/dags/Sesion3/Ejemplo7.py took 0.141 seconds
[2025-06-05T02:16:25.782+0000] {processor.py:186} INFO - Started process (PID=2874) to work on /opt/airflow/dags/Sesion3/Ejemplo7.py
[2025-06-05T02:16:25.785+0000] {processor.py:914} INFO - Processing file /opt/airflow/dags/Sesion3/Ejemplo7.py for tasks to queue
[2025-06-05T02:16:25.789+0000] {logging_mixin.py:190} INFO - [2025-06-05T02:16:25.788+0000] {dagbag.py:588} INFO - Filling up the DagBag from /opt/airflow/dags/Sesion3/Ejemplo7.py
[2025-06-05T02:16:25.865+0000] {processor.py:925} INFO - DAG(s) 'flag_check_mysql_dag' retrieved from /opt/airflow/dags/Sesion3/Ejemplo7.py
[2025-06-05T02:16:25.897+0000] {logging_mixin.py:190} INFO - [2025-06-05T02:16:25.897+0000] {dag.py:3239} INFO - Sync 1 DAGs
[2025-06-05T02:16:25.926+0000] {logging_mixin.py:190} INFO - [2025-06-05T02:16:25.925+0000] {dag.py:4180} INFO - Setting next_dagrun for flag_check_mysql_dag to 2025-05-29 03:02:00+00:00, run_after=2025-05-29 03:04:00+00:00
[2025-06-05T02:16:25.946+0000] {processor.py:208} INFO - Processing /opt/airflow/dags/Sesion3/Ejemplo7.py took 0.179 seconds
[2025-06-05T02:16:57.022+0000] {processor.py:186} INFO - Started process (PID=2989) to work on /opt/airflow/dags/Sesion3/Ejemplo7.py
[2025-06-05T02:16:57.023+0000] {processor.py:914} INFO - Processing file /opt/airflow/dags/Sesion3/Ejemplo7.py for tasks to queue
[2025-06-05T02:16:57.026+0000] {logging_mixin.py:190} INFO - [2025-06-05T02:16:57.025+0000] {dagbag.py:588} INFO - Filling up the DagBag from /opt/airflow/dags/Sesion3/Ejemplo7.py
[2025-06-05T02:16:57.059+0000] {processor.py:925} INFO - DAG(s) 'flag_check_mysql_dag' retrieved from /opt/airflow/dags/Sesion3/Ejemplo7.py
[2025-06-05T02:16:57.083+0000] {logging_mixin.py:190} INFO - [2025-06-05T02:16:57.083+0000] {dag.py:3239} INFO - Sync 1 DAGs
[2025-06-05T02:16:57.341+0000] {logging_mixin.py:190} INFO - [2025-06-05T02:16:57.340+0000] {dag.py:4180} INFO - Setting next_dagrun for flag_check_mysql_dag to 2025-05-29 03:02:00+00:00, run_after=2025-05-29 03:04:00+00:00
[2025-06-05T02:16:57.359+0000] {processor.py:208} INFO - Processing /opt/airflow/dags/Sesion3/Ejemplo7.py took 0.344 seconds
[2025-06-05T02:17:28.429+0000] {processor.py:186} INFO - Started process (PID=3104) to work on /opt/airflow/dags/Sesion3/Ejemplo7.py
[2025-06-05T02:17:28.430+0000] {processor.py:914} INFO - Processing file /opt/airflow/dags/Sesion3/Ejemplo7.py for tasks to queue
[2025-06-05T02:17:28.433+0000] {logging_mixin.py:190} INFO - [2025-06-05T02:17:28.433+0000] {dagbag.py:588} INFO - Filling up the DagBag from /opt/airflow/dags/Sesion3/Ejemplo7.py
[2025-06-05T02:17:28.469+0000] {processor.py:925} INFO - DAG(s) 'flag_check_mysql_dag' retrieved from /opt/airflow/dags/Sesion3/Ejemplo7.py
[2025-06-05T02:17:28.531+0000] {logging_mixin.py:190} INFO - [2025-06-05T02:17:28.528+0000] {dag.py:3239} INFO - Sync 1 DAGs
[2025-06-05T02:17:28.609+0000] {logging_mixin.py:190} INFO - [2025-06-05T02:17:28.609+0000] {dag.py:4180} INFO - Setting next_dagrun for flag_check_mysql_dag to 2025-05-29 03:02:00+00:00, run_after=2025-05-29 03:04:00+00:00
[2025-06-05T02:17:28.643+0000] {processor.py:208} INFO - Processing /opt/airflow/dags/Sesion3/Ejemplo7.py took 0.222 seconds
[2025-06-05T02:17:59.634+0000] {processor.py:186} INFO - Started process (PID=3219) to work on /opt/airflow/dags/Sesion3/Ejemplo7.py
[2025-06-05T02:17:59.635+0000] {processor.py:914} INFO - Processing file /opt/airflow/dags/Sesion3/Ejemplo7.py for tasks to queue
[2025-06-05T02:17:59.637+0000] {logging_mixin.py:190} INFO - [2025-06-05T02:17:59.637+0000] {dagbag.py:588} INFO - Filling up the DagBag from /opt/airflow/dags/Sesion3/Ejemplo7.py
[2025-06-05T02:17:59.669+0000] {processor.py:925} INFO - DAG(s) 'flag_check_mysql_dag' retrieved from /opt/airflow/dags/Sesion3/Ejemplo7.py
[2025-06-05T02:17:59.694+0000] {logging_mixin.py:190} INFO - [2025-06-05T02:17:59.693+0000] {dag.py:3239} INFO - Sync 1 DAGs
[2025-06-05T02:17:59.724+0000] {logging_mixin.py:190} INFO - [2025-06-05T02:17:59.724+0000] {dag.py:4180} INFO - Setting next_dagrun for flag_check_mysql_dag to 2025-05-29 03:02:00+00:00, run_after=2025-05-29 03:04:00+00:00
[2025-06-05T02:17:59.743+0000] {processor.py:208} INFO - Processing /opt/airflow/dags/Sesion3/Ejemplo7.py took 0.117 seconds
[2025-06-05T02:18:30.959+0000] {processor.py:186} INFO - Started process (PID=3334) to work on /opt/airflow/dags/Sesion3/Ejemplo7.py
[2025-06-05T02:18:30.960+0000] {processor.py:914} INFO - Processing file /opt/airflow/dags/Sesion3/Ejemplo7.py for tasks to queue
[2025-06-05T02:18:30.963+0000] {logging_mixin.py:190} INFO - [2025-06-05T02:18:30.962+0000] {dagbag.py:588} INFO - Filling up the DagBag from /opt/airflow/dags/Sesion3/Ejemplo7.py
[2025-06-05T02:18:30.995+0000] {processor.py:925} INFO - DAG(s) 'flag_check_mysql_dag' retrieved from /opt/airflow/dags/Sesion3/Ejemplo7.py
[2025-06-05T02:18:31.017+0000] {logging_mixin.py:190} INFO - [2025-06-05T02:18:31.017+0000] {dag.py:3239} INFO - Sync 1 DAGs
[2025-06-05T02:18:31.048+0000] {logging_mixin.py:190} INFO - [2025-06-05T02:18:31.047+0000] {dag.py:4180} INFO - Setting next_dagrun for flag_check_mysql_dag to 2025-05-29 03:02:00+00:00, run_after=2025-05-29 03:04:00+00:00
[2025-06-05T02:18:31.068+0000] {processor.py:208} INFO - Processing /opt/airflow/dags/Sesion3/Ejemplo7.py took 0.118 seconds
[2025-06-05T02:19:02.087+0000] {processor.py:186} INFO - Started process (PID=3449) to work on /opt/airflow/dags/Sesion3/Ejemplo7.py
[2025-06-05T02:19:02.088+0000] {processor.py:914} INFO - Processing file /opt/airflow/dags/Sesion3/Ejemplo7.py for tasks to queue
[2025-06-05T02:19:02.090+0000] {logging_mixin.py:190} INFO - [2025-06-05T02:19:02.090+0000] {dagbag.py:588} INFO - Filling up the DagBag from /opt/airflow/dags/Sesion3/Ejemplo7.py
[2025-06-05T02:19:02.123+0000] {processor.py:925} INFO - DAG(s) 'flag_check_mysql_dag' retrieved from /opt/airflow/dags/Sesion3/Ejemplo7.py
[2025-06-05T02:19:02.146+0000] {logging_mixin.py:190} INFO - [2025-06-05T02:19:02.146+0000] {dag.py:3239} INFO - Sync 1 DAGs
[2025-06-05T02:19:02.395+0000] {logging_mixin.py:190} INFO - [2025-06-05T02:19:02.394+0000] {dag.py:4180} INFO - Setting next_dagrun for flag_check_mysql_dag to 2025-05-29 03:02:00+00:00, run_after=2025-05-29 03:04:00+00:00
[2025-06-05T02:19:02.413+0000] {processor.py:208} INFO - Processing /opt/airflow/dags/Sesion3/Ejemplo7.py took 0.333 seconds
[2025-06-05T02:19:34.007+0000] {processor.py:186} INFO - Started process (PID=3564) to work on /opt/airflow/dags/Sesion3/Ejemplo7.py
[2025-06-05T02:19:34.008+0000] {processor.py:914} INFO - Processing file /opt/airflow/dags/Sesion3/Ejemplo7.py for tasks to queue
[2025-06-05T02:19:34.011+0000] {logging_mixin.py:190} INFO - [2025-06-05T02:19:34.011+0000] {dagbag.py:588} INFO - Filling up the DagBag from /opt/airflow/dags/Sesion3/Ejemplo7.py
[2025-06-05T02:19:34.042+0000] {processor.py:925} INFO - DAG(s) 'flag_check_mysql_dag' retrieved from /opt/airflow/dags/Sesion3/Ejemplo7.py
[2025-06-05T02:19:34.078+0000] {logging_mixin.py:190} INFO - [2025-06-05T02:19:34.077+0000] {dag.py:3239} INFO - Sync 1 DAGs
[2025-06-05T02:19:34.114+0000] {logging_mixin.py:190} INFO - [2025-06-05T02:19:34.114+0000] {dag.py:4180} INFO - Setting next_dagrun for flag_check_mysql_dag to 2025-05-29 03:02:00+00:00, run_after=2025-05-29 03:04:00+00:00
[2025-06-05T02:19:34.148+0000] {processor.py:208} INFO - Processing /opt/airflow/dags/Sesion3/Ejemplo7.py took 0.147 seconds
[2025-06-05T02:20:04.538+0000] {processor.py:186} INFO - Started process (PID=3681) to work on /opt/airflow/dags/Sesion3/Ejemplo7.py
[2025-06-05T02:20:04.539+0000] {processor.py:914} INFO - Processing file /opt/airflow/dags/Sesion3/Ejemplo7.py for tasks to queue
[2025-06-05T02:20:04.541+0000] {logging_mixin.py:190} INFO - [2025-06-05T02:20:04.541+0000] {dagbag.py:588} INFO - Filling up the DagBag from /opt/airflow/dags/Sesion3/Ejemplo7.py
[2025-06-05T02:20:04.582+0000] {processor.py:925} INFO - DAG(s) 'flag_check_mysql_dag' retrieved from /opt/airflow/dags/Sesion3/Ejemplo7.py
[2025-06-05T02:20:04.604+0000] {logging_mixin.py:190} INFO - [2025-06-05T02:20:04.604+0000] {dag.py:3239} INFO - Sync 1 DAGs
[2025-06-05T02:20:04.634+0000] {logging_mixin.py:190} INFO - [2025-06-05T02:20:04.634+0000] {dag.py:4180} INFO - Setting next_dagrun for flag_check_mysql_dag to 2025-05-29 03:02:00+00:00, run_after=2025-05-29 03:04:00+00:00
[2025-06-05T02:20:04.654+0000] {processor.py:208} INFO - Processing /opt/airflow/dags/Sesion3/Ejemplo7.py took 0.123 seconds
[2025-06-05T02:20:35.355+0000] {processor.py:186} INFO - Started process (PID=3794) to work on /opt/airflow/dags/Sesion3/Ejemplo7.py
[2025-06-05T02:20:35.356+0000] {processor.py:914} INFO - Processing file /opt/airflow/dags/Sesion3/Ejemplo7.py for tasks to queue
[2025-06-05T02:20:35.358+0000] {logging_mixin.py:190} INFO - [2025-06-05T02:20:35.358+0000] {dagbag.py:588} INFO - Filling up the DagBag from /opt/airflow/dags/Sesion3/Ejemplo7.py
[2025-06-05T02:20:35.417+0000] {processor.py:925} INFO - DAG(s) 'flag_check_mysql_dag' retrieved from /opt/airflow/dags/Sesion3/Ejemplo7.py
[2025-06-05T02:20:35.447+0000] {logging_mixin.py:190} INFO - [2025-06-05T02:20:35.446+0000] {dag.py:3239} INFO - Sync 1 DAGs
[2025-06-05T02:20:35.478+0000] {logging_mixin.py:190} INFO - [2025-06-05T02:20:35.477+0000] {dag.py:4180} INFO - Setting next_dagrun for flag_check_mysql_dag to 2025-05-29 03:02:00+00:00, run_after=2025-05-29 03:04:00+00:00
[2025-06-05T02:20:35.501+0000] {processor.py:208} INFO - Processing /opt/airflow/dags/Sesion3/Ejemplo7.py took 0.154 seconds
[2025-06-05T02:21:06.637+0000] {processor.py:186} INFO - Started process (PID=3909) to work on /opt/airflow/dags/Sesion3/Ejemplo7.py
[2025-06-05T02:21:06.638+0000] {processor.py:914} INFO - Processing file /opt/airflow/dags/Sesion3/Ejemplo7.py for tasks to queue
[2025-06-05T02:21:06.640+0000] {logging_mixin.py:190} INFO - [2025-06-05T02:21:06.640+0000] {dagbag.py:588} INFO - Filling up the DagBag from /opt/airflow/dags/Sesion3/Ejemplo7.py
[2025-06-05T02:21:06.693+0000] {processor.py:925} INFO - DAG(s) 'flag_check_mysql_dag' retrieved from /opt/airflow/dags/Sesion3/Ejemplo7.py
[2025-06-05T02:21:06.730+0000] {logging_mixin.py:190} INFO - [2025-06-05T02:21:06.729+0000] {dag.py:3239} INFO - Sync 1 DAGs
[2025-06-05T02:21:06.936+0000] {logging_mixin.py:190} INFO - [2025-06-05T02:21:06.936+0000] {dag.py:4180} INFO - Setting next_dagrun for flag_check_mysql_dag to 2025-05-29 03:02:00+00:00, run_after=2025-05-29 03:04:00+00:00
[2025-06-05T02:21:06.954+0000] {processor.py:208} INFO - Processing /opt/airflow/dags/Sesion3/Ejemplo7.py took 0.325 seconds
[2025-06-05T02:21:38.764+0000] {processor.py:186} INFO - Started process (PID=4024) to work on /opt/airflow/dags/Sesion3/Ejemplo7.py
[2025-06-05T02:21:38.765+0000] {processor.py:914} INFO - Processing file /opt/airflow/dags/Sesion3/Ejemplo7.py for tasks to queue
[2025-06-05T02:21:38.767+0000] {logging_mixin.py:190} INFO - [2025-06-05T02:21:38.767+0000] {dagbag.py:588} INFO - Filling up the DagBag from /opt/airflow/dags/Sesion3/Ejemplo7.py
[2025-06-05T02:21:38.800+0000] {processor.py:925} INFO - DAG(s) 'flag_check_mysql_dag' retrieved from /opt/airflow/dags/Sesion3/Ejemplo7.py
[2025-06-05T02:21:38.825+0000] {logging_mixin.py:190} INFO - [2025-06-05T02:21:38.825+0000] {dag.py:3239} INFO - Sync 1 DAGs
[2025-06-05T02:21:38.854+0000] {logging_mixin.py:190} INFO - [2025-06-05T02:21:38.854+0000] {dag.py:4180} INFO - Setting next_dagrun for flag_check_mysql_dag to 2025-05-29 03:02:00+00:00, run_after=2025-05-29 03:04:00+00:00
[2025-06-05T02:21:38.872+0000] {processor.py:208} INFO - Processing /opt/airflow/dags/Sesion3/Ejemplo7.py took 0.116 seconds
[2025-06-05T02:22:09.775+0000] {processor.py:186} INFO - Started process (PID=4139) to work on /opt/airflow/dags/Sesion3/Ejemplo7.py
[2025-06-05T02:22:09.776+0000] {processor.py:914} INFO - Processing file /opt/airflow/dags/Sesion3/Ejemplo7.py for tasks to queue
[2025-06-05T02:22:09.778+0000] {logging_mixin.py:190} INFO - [2025-06-05T02:22:09.778+0000] {dagbag.py:588} INFO - Filling up the DagBag from /opt/airflow/dags/Sesion3/Ejemplo7.py
[2025-06-05T02:22:09.810+0000] {processor.py:925} INFO - DAG(s) 'flag_check_mysql_dag' retrieved from /opt/airflow/dags/Sesion3/Ejemplo7.py
[2025-06-05T02:22:09.831+0000] {logging_mixin.py:190} INFO - [2025-06-05T02:22:09.831+0000] {dag.py:3239} INFO - Sync 1 DAGs
[2025-06-05T02:22:09.863+0000] {logging_mixin.py:190} INFO - [2025-06-05T02:22:09.862+0000] {dag.py:4180} INFO - Setting next_dagrun for flag_check_mysql_dag to 2025-05-29 03:02:00+00:00, run_after=2025-05-29 03:04:00+00:00
[2025-06-05T02:22:09.881+0000] {processor.py:208} INFO - Processing /opt/airflow/dags/Sesion3/Ejemplo7.py took 0.114 seconds
[2025-06-05T02:22:40.974+0000] {processor.py:186} INFO - Started process (PID=4254) to work on /opt/airflow/dags/Sesion3/Ejemplo7.py
[2025-06-05T02:22:40.976+0000] {processor.py:914} INFO - Processing file /opt/airflow/dags/Sesion3/Ejemplo7.py for tasks to queue
[2025-06-05T02:22:40.978+0000] {logging_mixin.py:190} INFO - [2025-06-05T02:22:40.978+0000] {dagbag.py:588} INFO - Filling up the DagBag from /opt/airflow/dags/Sesion3/Ejemplo7.py
[2025-06-05T02:22:41.012+0000] {processor.py:925} INFO - DAG(s) 'flag_check_mysql_dag' retrieved from /opt/airflow/dags/Sesion3/Ejemplo7.py
[2025-06-05T02:22:41.037+0000] {logging_mixin.py:190} INFO - [2025-06-05T02:22:41.037+0000] {dag.py:3239} INFO - Sync 1 DAGs
[2025-06-05T02:22:41.071+0000] {logging_mixin.py:190} INFO - [2025-06-05T02:22:41.070+0000] {dag.py:4180} INFO - Setting next_dagrun for flag_check_mysql_dag to 2025-05-29 03:02:00+00:00, run_after=2025-05-29 03:04:00+00:00
[2025-06-05T02:22:41.095+0000] {processor.py:208} INFO - Processing /opt/airflow/dags/Sesion3/Ejemplo7.py took 0.129 seconds
[2025-06-05T02:23:12.057+0000] {processor.py:186} INFO - Started process (PID=4369) to work on /opt/airflow/dags/Sesion3/Ejemplo7.py
[2025-06-05T02:23:12.058+0000] {processor.py:914} INFO - Processing file /opt/airflow/dags/Sesion3/Ejemplo7.py for tasks to queue
[2025-06-05T02:23:12.061+0000] {logging_mixin.py:190} INFO - [2025-06-05T02:23:12.060+0000] {dagbag.py:588} INFO - Filling up the DagBag from /opt/airflow/dags/Sesion3/Ejemplo7.py
[2025-06-05T02:23:12.093+0000] {processor.py:925} INFO - DAG(s) 'flag_check_mysql_dag' retrieved from /opt/airflow/dags/Sesion3/Ejemplo7.py
[2025-06-05T02:23:12.118+0000] {logging_mixin.py:190} INFO - [2025-06-05T02:23:12.118+0000] {dag.py:3239} INFO - Sync 1 DAGs
[2025-06-05T02:23:12.334+0000] {logging_mixin.py:190} INFO - [2025-06-05T02:23:12.333+0000] {dag.py:4180} INFO - Setting next_dagrun for flag_check_mysql_dag to 2025-05-29 03:02:00+00:00, run_after=2025-05-29 03:04:00+00:00
[2025-06-05T02:23:12.357+0000] {processor.py:208} INFO - Processing /opt/airflow/dags/Sesion3/Ejemplo7.py took 0.307 seconds
[2025-06-05T02:23:44.059+0000] {processor.py:186} INFO - Started process (PID=4484) to work on /opt/airflow/dags/Sesion3/Ejemplo7.py
[2025-06-05T02:23:44.061+0000] {processor.py:914} INFO - Processing file /opt/airflow/dags/Sesion3/Ejemplo7.py for tasks to queue
[2025-06-05T02:23:44.066+0000] {logging_mixin.py:190} INFO - [2025-06-05T02:23:44.064+0000] {dagbag.py:588} INFO - Filling up the DagBag from /opt/airflow/dags/Sesion3/Ejemplo7.py
[2025-06-05T02:23:44.110+0000] {processor.py:925} INFO - DAG(s) 'flag_check_mysql_dag' retrieved from /opt/airflow/dags/Sesion3/Ejemplo7.py
[2025-06-05T02:23:44.165+0000] {logging_mixin.py:190} INFO - [2025-06-05T02:23:44.165+0000] {dag.py:3239} INFO - Sync 1 DAGs
[2025-06-05T02:23:44.409+0000] {logging_mixin.py:190} INFO - [2025-06-05T02:23:44.409+0000] {dag.py:4180} INFO - Setting next_dagrun for flag_check_mysql_dag to 2025-05-29 03:02:00+00:00, run_after=2025-05-29 03:04:00+00:00
[2025-06-05T02:23:44.427+0000] {processor.py:208} INFO - Processing /opt/airflow/dags/Sesion3/Ejemplo7.py took 0.376 seconds
[2025-06-05T02:24:15.124+0000] {processor.py:186} INFO - Started process (PID=4599) to work on /opt/airflow/dags/Sesion3/Ejemplo7.py
[2025-06-05T02:24:15.125+0000] {processor.py:914} INFO - Processing file /opt/airflow/dags/Sesion3/Ejemplo7.py for tasks to queue
[2025-06-05T02:24:15.128+0000] {logging_mixin.py:190} INFO - [2025-06-05T02:24:15.127+0000] {dagbag.py:588} INFO - Filling up the DagBag from /opt/airflow/dags/Sesion3/Ejemplo7.py
[2025-06-05T02:24:15.165+0000] {processor.py:925} INFO - DAG(s) 'flag_check_mysql_dag' retrieved from /opt/airflow/dags/Sesion3/Ejemplo7.py
[2025-06-05T02:24:15.228+0000] {logging_mixin.py:190} INFO - [2025-06-05T02:24:15.228+0000] {dag.py:3239} INFO - Sync 1 DAGs
[2025-06-05T02:24:15.265+0000] {logging_mixin.py:190} INFO - [2025-06-05T02:24:15.265+0000] {dag.py:4180} INFO - Setting next_dagrun for flag_check_mysql_dag to 2025-05-29 03:02:00+00:00, run_after=2025-05-29 03:04:00+00:00
[2025-06-05T02:24:15.285+0000] {processor.py:208} INFO - Processing /opt/airflow/dags/Sesion3/Ejemplo7.py took 0.168 seconds
[2025-06-05T02:24:46.348+0000] {processor.py:186} INFO - Started process (PID=4716) to work on /opt/airflow/dags/Sesion3/Ejemplo7.py
[2025-06-05T02:24:46.349+0000] {processor.py:914} INFO - Processing file /opt/airflow/dags/Sesion3/Ejemplo7.py for tasks to queue
[2025-06-05T02:24:46.352+0000] {logging_mixin.py:190} INFO - [2025-06-05T02:24:46.351+0000] {dagbag.py:588} INFO - Filling up the DagBag from /opt/airflow/dags/Sesion3/Ejemplo7.py
[2025-06-05T02:24:46.386+0000] {processor.py:925} INFO - DAG(s) 'flag_check_mysql_dag' retrieved from /opt/airflow/dags/Sesion3/Ejemplo7.py
[2025-06-05T02:24:46.403+0000] {logging_mixin.py:190} INFO - [2025-06-05T02:24:46.403+0000] {dag.py:3239} INFO - Sync 1 DAGs
[2025-06-05T02:24:46.422+0000] {logging_mixin.py:190} INFO - [2025-06-05T02:24:46.422+0000] {dag.py:4180} INFO - Setting next_dagrun for flag_check_mysql_dag to 2025-05-29 03:02:00+00:00, run_after=2025-05-29 03:04:00+00:00
[2025-06-05T02:24:46.437+0000] {processor.py:208} INFO - Processing /opt/airflow/dags/Sesion3/Ejemplo7.py took 0.097 seconds
[2025-06-05T02:25:17.652+0000] {processor.py:186} INFO - Started process (PID=4844) to work on /opt/airflow/dags/Sesion3/Ejemplo7.py
[2025-06-05T02:25:17.655+0000] {processor.py:914} INFO - Processing file /opt/airflow/dags/Sesion3/Ejemplo7.py for tasks to queue
[2025-06-05T02:25:17.661+0000] {logging_mixin.py:190} INFO - [2025-06-05T02:25:17.660+0000] {dagbag.py:588} INFO - Filling up the DagBag from /opt/airflow/dags/Sesion3/Ejemplo7.py
[2025-06-05T02:25:17.704+0000] {processor.py:925} INFO - DAG(s) 'flag_check_mysql_dag' retrieved from /opt/airflow/dags/Sesion3/Ejemplo7.py
[2025-06-05T02:25:17.727+0000] {logging_mixin.py:190} INFO - [2025-06-05T02:25:17.727+0000] {dag.py:3239} INFO - Sync 1 DAGs
[2025-06-05T02:25:17.937+0000] {logging_mixin.py:190} INFO - [2025-06-05T02:25:17.936+0000] {dag.py:4180} INFO - Setting next_dagrun for flag_check_mysql_dag to 2025-05-29 03:02:00+00:00, run_after=2025-05-29 03:04:00+00:00
[2025-06-05T02:25:17.955+0000] {processor.py:208} INFO - Processing /opt/airflow/dags/Sesion3/Ejemplo7.py took 0.310 seconds
[2025-06-05T02:25:49.644+0000] {processor.py:186} INFO - Started process (PID=4959) to work on /opt/airflow/dags/Sesion3/Ejemplo7.py
[2025-06-05T02:25:49.645+0000] {processor.py:914} INFO - Processing file /opt/airflow/dags/Sesion3/Ejemplo7.py for tasks to queue
[2025-06-05T02:25:49.647+0000] {logging_mixin.py:190} INFO - [2025-06-05T02:25:49.646+0000] {dagbag.py:588} INFO - Filling up the DagBag from /opt/airflow/dags/Sesion3/Ejemplo7.py
[2025-06-05T02:25:49.679+0000] {processor.py:925} INFO - DAG(s) 'flag_check_mysql_dag' retrieved from /opt/airflow/dags/Sesion3/Ejemplo7.py
[2025-06-05T02:25:49.701+0000] {logging_mixin.py:190} INFO - [2025-06-05T02:25:49.701+0000] {dag.py:3239} INFO - Sync 1 DAGs
[2025-06-05T02:25:49.923+0000] {logging_mixin.py:190} INFO - [2025-06-05T02:25:49.923+0000] {dag.py:4180} INFO - Setting next_dagrun for flag_check_mysql_dag to 2025-05-29 03:02:00+00:00, run_after=2025-05-29 03:04:00+00:00
[2025-06-05T02:25:49.940+0000] {processor.py:208} INFO - Processing /opt/airflow/dags/Sesion3/Ejemplo7.py took 0.303 seconds
[2025-06-05T02:26:21.150+0000] {processor.py:186} INFO - Started process (PID=5074) to work on /opt/airflow/dags/Sesion3/Ejemplo7.py
[2025-06-05T02:26:21.151+0000] {processor.py:914} INFO - Processing file /opt/airflow/dags/Sesion3/Ejemplo7.py for tasks to queue
[2025-06-05T02:26:21.154+0000] {logging_mixin.py:190} INFO - [2025-06-05T02:26:21.153+0000] {dagbag.py:588} INFO - Filling up the DagBag from /opt/airflow/dags/Sesion3/Ejemplo7.py
[2025-06-05T02:26:21.188+0000] {processor.py:925} INFO - DAG(s) 'flag_check_mysql_dag' retrieved from /opt/airflow/dags/Sesion3/Ejemplo7.py
[2025-06-05T02:26:21.212+0000] {logging_mixin.py:190} INFO - [2025-06-05T02:26:21.212+0000] {dag.py:3239} INFO - Sync 1 DAGs
[2025-06-05T02:26:21.242+0000] {logging_mixin.py:190} INFO - [2025-06-05T02:26:21.242+0000] {dag.py:4180} INFO - Setting next_dagrun for flag_check_mysql_dag to 2025-05-29 03:02:00+00:00, run_after=2025-05-29 03:04:00+00:00
[2025-06-05T02:26:21.261+0000] {processor.py:208} INFO - Processing /opt/airflow/dags/Sesion3/Ejemplo7.py took 0.119 seconds
[2025-06-05T02:26:51.490+0000] {processor.py:186} INFO - Started process (PID=5186) to work on /opt/airflow/dags/Sesion3/Ejemplo7.py
[2025-06-05T02:26:51.491+0000] {processor.py:914} INFO - Processing file /opt/airflow/dags/Sesion3/Ejemplo7.py for tasks to queue
[2025-06-05T02:26:51.493+0000] {logging_mixin.py:190} INFO - [2025-06-05T02:26:51.492+0000] {dagbag.py:588} INFO - Filling up the DagBag from /opt/airflow/dags/Sesion3/Ejemplo7.py
[2025-06-05T02:26:51.516+0000] {processor.py:925} INFO - DAG(s) 'flag_check_mysql_dag' retrieved from /opt/airflow/dags/Sesion3/Ejemplo7.py
[2025-06-05T02:26:51.534+0000] {logging_mixin.py:190} INFO - [2025-06-05T02:26:51.533+0000] {dag.py:3239} INFO - Sync 1 DAGs
[2025-06-05T02:26:51.554+0000] {logging_mixin.py:190} INFO - [2025-06-05T02:26:51.553+0000] {dag.py:4180} INFO - Setting next_dagrun for flag_check_mysql_dag to 2025-05-29 03:02:00+00:00, run_after=2025-05-29 03:04:00+00:00
[2025-06-05T02:26:51.570+0000] {processor.py:208} INFO - Processing /opt/airflow/dags/Sesion3/Ejemplo7.py took 0.085 seconds
[2025-06-05T02:27:22.644+0000] {processor.py:186} INFO - Started process (PID=5304) to work on /opt/airflow/dags/Sesion3/Ejemplo7.py
[2025-06-05T02:27:22.646+0000] {processor.py:914} INFO - Processing file /opt/airflow/dags/Sesion3/Ejemplo7.py for tasks to queue
[2025-06-05T02:27:22.649+0000] {logging_mixin.py:190} INFO - [2025-06-05T02:27:22.648+0000] {dagbag.py:588} INFO - Filling up the DagBag from /opt/airflow/dags/Sesion3/Ejemplo7.py
[2025-06-05T02:27:22.686+0000] {processor.py:925} INFO - DAG(s) 'flag_check_mysql_dag' retrieved from /opt/airflow/dags/Sesion3/Ejemplo7.py
[2025-06-05T02:27:22.711+0000] {logging_mixin.py:190} INFO - [2025-06-05T02:27:22.711+0000] {dag.py:3239} INFO - Sync 1 DAGs
[2025-06-05T02:27:22.912+0000] {logging_mixin.py:190} INFO - [2025-06-05T02:27:22.911+0000] {dag.py:4180} INFO - Setting next_dagrun for flag_check_mysql_dag to 2025-05-29 03:02:00+00:00, run_after=2025-05-29 03:04:00+00:00
[2025-06-05T02:27:22.930+0000] {processor.py:208} INFO - Processing /opt/airflow/dags/Sesion3/Ejemplo7.py took 0.293 seconds
[2025-06-05T02:27:54.863+0000] {processor.py:186} INFO - Started process (PID=5419) to work on /opt/airflow/dags/Sesion3/Ejemplo7.py
[2025-06-05T02:27:54.864+0000] {processor.py:914} INFO - Processing file /opt/airflow/dags/Sesion3/Ejemplo7.py for tasks to queue
[2025-06-05T02:27:54.866+0000] {logging_mixin.py:190} INFO - [2025-06-05T02:27:54.866+0000] {dagbag.py:588} INFO - Filling up the DagBag from /opt/airflow/dags/Sesion3/Ejemplo7.py
[2025-06-05T02:27:54.897+0000] {processor.py:925} INFO - DAG(s) 'flag_check_mysql_dag' retrieved from /opt/airflow/dags/Sesion3/Ejemplo7.py
[2025-06-05T02:27:54.920+0000] {logging_mixin.py:190} INFO - [2025-06-05T02:27:54.920+0000] {dag.py:3239} INFO - Sync 1 DAGs
[2025-06-05T02:27:55.133+0000] {logging_mixin.py:190} INFO - [2025-06-05T02:27:55.133+0000] {dag.py:4180} INFO - Setting next_dagrun for flag_check_mysql_dag to 2025-05-29 03:02:00+00:00, run_after=2025-05-29 03:04:00+00:00
[2025-06-05T02:27:55.151+0000] {processor.py:208} INFO - Processing /opt/airflow/dags/Sesion3/Ejemplo7.py took 0.295 seconds
[2025-06-05T02:28:26.292+0000] {processor.py:186} INFO - Started process (PID=5534) to work on /opt/airflow/dags/Sesion3/Ejemplo7.py
[2025-06-05T02:28:26.295+0000] {processor.py:914} INFO - Processing file /opt/airflow/dags/Sesion3/Ejemplo7.py for tasks to queue
[2025-06-05T02:28:26.301+0000] {logging_mixin.py:190} INFO - [2025-06-05T02:28:26.301+0000] {dagbag.py:588} INFO - Filling up the DagBag from /opt/airflow/dags/Sesion3/Ejemplo7.py
[2025-06-05T02:28:26.538+0000] {processor.py:925} INFO - DAG(s) 'flag_check_mysql_dag' retrieved from /opt/airflow/dags/Sesion3/Ejemplo7.py
[2025-06-05T02:28:26.558+0000] {logging_mixin.py:190} INFO - [2025-06-05T02:28:26.558+0000] {dag.py:3239} INFO - Sync 1 DAGs
[2025-06-05T02:28:26.586+0000] {logging_mixin.py:190} INFO - [2025-06-05T02:28:26.585+0000] {dag.py:4180} INFO - Setting next_dagrun for flag_check_mysql_dag to 2025-05-29 03:02:00+00:00, run_after=2025-05-29 03:04:00+00:00
[2025-06-05T02:28:26.624+0000] {processor.py:208} INFO - Processing /opt/airflow/dags/Sesion3/Ejemplo7.py took 0.339 seconds
[2025-06-05T02:28:57.144+0000] {processor.py:186} INFO - Started process (PID=5649) to work on /opt/airflow/dags/Sesion3/Ejemplo7.py
[2025-06-05T02:28:57.145+0000] {processor.py:914} INFO - Processing file /opt/airflow/dags/Sesion3/Ejemplo7.py for tasks to queue
[2025-06-05T02:28:57.147+0000] {logging_mixin.py:190} INFO - [2025-06-05T02:28:57.147+0000] {dagbag.py:588} INFO - Filling up the DagBag from /opt/airflow/dags/Sesion3/Ejemplo7.py
[2025-06-05T02:28:57.183+0000] {processor.py:925} INFO - DAG(s) 'flag_check_mysql_dag' retrieved from /opt/airflow/dags/Sesion3/Ejemplo7.py
[2025-06-05T02:28:57.206+0000] {logging_mixin.py:190} INFO - [2025-06-05T02:28:57.205+0000] {dag.py:3239} INFO - Sync 1 DAGs
[2025-06-05T02:28:57.237+0000] {logging_mixin.py:190} INFO - [2025-06-05T02:28:57.236+0000] {dag.py:4180} INFO - Setting next_dagrun for flag_check_mysql_dag to 2025-05-29 03:02:00+00:00, run_after=2025-05-29 03:04:00+00:00
[2025-06-05T02:28:57.263+0000] {processor.py:208} INFO - Processing /opt/airflow/dags/Sesion3/Ejemplo7.py took 0.127 seconds
[2025-06-05T02:29:28.528+0000] {processor.py:186} INFO - Started process (PID=5766) to work on /opt/airflow/dags/Sesion3/Ejemplo7.py
[2025-06-05T02:29:28.529+0000] {processor.py:914} INFO - Processing file /opt/airflow/dags/Sesion3/Ejemplo7.py for tasks to queue
[2025-06-05T02:29:28.532+0000] {logging_mixin.py:190} INFO - [2025-06-05T02:29:28.531+0000] {dagbag.py:588} INFO - Filling up the DagBag from /opt/airflow/dags/Sesion3/Ejemplo7.py
[2025-06-05T02:29:28.564+0000] {processor.py:925} INFO - DAG(s) 'flag_check_mysql_dag' retrieved from /opt/airflow/dags/Sesion3/Ejemplo7.py
[2025-06-05T02:29:28.605+0000] {logging_mixin.py:190} INFO - [2025-06-05T02:29:28.605+0000] {dag.py:3239} INFO - Sync 1 DAGs
[2025-06-05T02:29:28.816+0000] {logging_mixin.py:190} INFO - [2025-06-05T02:29:28.816+0000] {dag.py:4180} INFO - Setting next_dagrun for flag_check_mysql_dag to 2025-05-29 03:02:00+00:00, run_after=2025-05-29 03:04:00+00:00
[2025-06-05T02:29:28.835+0000] {processor.py:208} INFO - Processing /opt/airflow/dags/Sesion3/Ejemplo7.py took 0.314 seconds
[2025-06-05T02:30:00.603+0000] {processor.py:186} INFO - Started process (PID=5879) to work on /opt/airflow/dags/Sesion3/Ejemplo7.py
[2025-06-05T02:30:00.605+0000] {processor.py:914} INFO - Processing file /opt/airflow/dags/Sesion3/Ejemplo7.py for tasks to queue
[2025-06-05T02:30:00.608+0000] {logging_mixin.py:190} INFO - [2025-06-05T02:30:00.607+0000] {dagbag.py:588} INFO - Filling up the DagBag from /opt/airflow/dags/Sesion3/Ejemplo7.py
[2025-06-05T02:30:00.720+0000] {processor.py:925} INFO - DAG(s) 'flag_check_mysql_dag' retrieved from /opt/airflow/dags/Sesion3/Ejemplo7.py
[2025-06-05T02:30:00.744+0000] {logging_mixin.py:190} INFO - [2025-06-05T02:30:00.744+0000] {dag.py:3239} INFO - Sync 1 DAGs
[2025-06-05T02:30:00.953+0000] {logging_mixin.py:190} INFO - [2025-06-05T02:30:00.952+0000] {dag.py:4180} INFO - Setting next_dagrun for flag_check_mysql_dag to 2025-05-29 03:02:00+00:00, run_after=2025-05-29 03:04:00+00:00
[2025-06-05T02:30:00.970+0000] {processor.py:208} INFO - Processing /opt/airflow/dags/Sesion3/Ejemplo7.py took 0.377 seconds
[2025-06-05T02:30:31.437+0000] {processor.py:186} INFO - Started process (PID=5994) to work on /opt/airflow/dags/Sesion3/Ejemplo7.py
[2025-06-05T02:30:31.438+0000] {processor.py:914} INFO - Processing file /opt/airflow/dags/Sesion3/Ejemplo7.py for tasks to queue
[2025-06-05T02:30:31.440+0000] {logging_mixin.py:190} INFO - [2025-06-05T02:30:31.440+0000] {dagbag.py:588} INFO - Filling up the DagBag from /opt/airflow/dags/Sesion3/Ejemplo7.py
[2025-06-05T02:30:31.644+0000] {processor.py:925} INFO - DAG(s) 'flag_check_mysql_dag' retrieved from /opt/airflow/dags/Sesion3/Ejemplo7.py
[2025-06-05T02:30:31.668+0000] {logging_mixin.py:190} INFO - [2025-06-05T02:30:31.667+0000] {dag.py:3239} INFO - Sync 1 DAGs
[2025-06-05T02:30:31.693+0000] {logging_mixin.py:190} INFO - [2025-06-05T02:30:31.692+0000] {dag.py:4180} INFO - Setting next_dagrun for flag_check_mysql_dag to 2025-05-29 03:02:00+00:00, run_after=2025-05-29 03:04:00+00:00
[2025-06-05T02:30:31.711+0000] {processor.py:208} INFO - Processing /opt/airflow/dags/Sesion3/Ejemplo7.py took 0.281 seconds
[2025-06-05T02:31:01.861+0000] {processor.py:186} INFO - Started process (PID=6111) to work on /opt/airflow/dags/Sesion3/Ejemplo7.py
[2025-06-05T02:31:01.862+0000] {processor.py:914} INFO - Processing file /opt/airflow/dags/Sesion3/Ejemplo7.py for tasks to queue
[2025-06-05T02:31:01.864+0000] {logging_mixin.py:190} INFO - [2025-06-05T02:31:01.864+0000] {dagbag.py:588} INFO - Filling up the DagBag from /opt/airflow/dags/Sesion3/Ejemplo7.py
[2025-06-05T02:31:01.897+0000] {processor.py:925} INFO - DAG(s) 'flag_check_mysql_dag' retrieved from /opt/airflow/dags/Sesion3/Ejemplo7.py
[2025-06-05T02:31:01.922+0000] {logging_mixin.py:190} INFO - [2025-06-05T02:31:01.922+0000] {dag.py:3239} INFO - Sync 1 DAGs
[2025-06-05T02:31:01.951+0000] {logging_mixin.py:190} INFO - [2025-06-05T02:31:01.951+0000] {dag.py:4180} INFO - Setting next_dagrun for flag_check_mysql_dag to 2025-05-29 03:02:00+00:00, run_after=2025-05-29 03:04:00+00:00
[2025-06-05T02:31:01.972+0000] {processor.py:208} INFO - Processing /opt/airflow/dags/Sesion3/Ejemplo7.py took 0.117 seconds
[2025-06-05T02:31:32.722+0000] {processor.py:186} INFO - Started process (PID=6224) to work on /opt/airflow/dags/Sesion3/Ejemplo7.py
[2025-06-05T02:31:32.723+0000] {processor.py:914} INFO - Processing file /opt/airflow/dags/Sesion3/Ejemplo7.py for tasks to queue
[2025-06-05T02:31:32.725+0000] {logging_mixin.py:190} INFO - [2025-06-05T02:31:32.725+0000] {dagbag.py:588} INFO - Filling up the DagBag from /opt/airflow/dags/Sesion3/Ejemplo7.py
[2025-06-05T02:31:32.759+0000] {processor.py:925} INFO - DAG(s) 'flag_check_mysql_dag' retrieved from /opt/airflow/dags/Sesion3/Ejemplo7.py
[2025-06-05T02:31:32.783+0000] {logging_mixin.py:190} INFO - [2025-06-05T02:31:32.783+0000] {dag.py:3239} INFO - Sync 1 DAGs
[2025-06-05T02:31:33.037+0000] {logging_mixin.py:190} INFO - [2025-06-05T02:31:33.037+0000] {dag.py:4180} INFO - Setting next_dagrun for flag_check_mysql_dag to 2025-05-29 03:02:00+00:00, run_after=2025-05-29 03:04:00+00:00
[2025-06-05T02:31:33.056+0000] {processor.py:208} INFO - Processing /opt/airflow/dags/Sesion3/Ejemplo7.py took 0.345 seconds
[2025-06-05T02:32:04.798+0000] {processor.py:186} INFO - Started process (PID=6341) to work on /opt/airflow/dags/Sesion3/Ejemplo7.py
[2025-06-05T02:32:04.799+0000] {processor.py:914} INFO - Processing file /opt/airflow/dags/Sesion3/Ejemplo7.py for tasks to queue
[2025-06-05T02:32:04.801+0000] {logging_mixin.py:190} INFO - [2025-06-05T02:32:04.801+0000] {dagbag.py:588} INFO - Filling up the DagBag from /opt/airflow/dags/Sesion3/Ejemplo7.py
[2025-06-05T02:32:04.837+0000] {processor.py:925} INFO - DAG(s) 'flag_check_mysql_dag' retrieved from /opt/airflow/dags/Sesion3/Ejemplo7.py
[2025-06-05T02:32:04.863+0000] {logging_mixin.py:190} INFO - [2025-06-05T02:32:04.862+0000] {dag.py:3239} INFO - Sync 1 DAGs
[2025-06-05T02:32:05.084+0000] {logging_mixin.py:190} INFO - [2025-06-05T02:32:05.083+0000] {dag.py:4180} INFO - Setting next_dagrun for flag_check_mysql_dag to 2025-05-29 03:02:00+00:00, run_after=2025-05-29 03:04:00+00:00
[2025-06-05T02:32:05.104+0000] {processor.py:208} INFO - Processing /opt/airflow/dags/Sesion3/Ejemplo7.py took 0.312 seconds
[2025-06-05T02:32:35.666+0000] {processor.py:186} INFO - Started process (PID=6454) to work on /opt/airflow/dags/Sesion3/Ejemplo7.py
[2025-06-05T02:32:35.666+0000] {processor.py:914} INFO - Processing file /opt/airflow/dags/Sesion3/Ejemplo7.py for tasks to queue
[2025-06-05T02:32:35.669+0000] {logging_mixin.py:190} INFO - [2025-06-05T02:32:35.668+0000] {dagbag.py:588} INFO - Filling up the DagBag from /opt/airflow/dags/Sesion3/Ejemplo7.py
[2025-06-05T02:32:35.879+0000] {processor.py:925} INFO - DAG(s) 'flag_check_mysql_dag' retrieved from /opt/airflow/dags/Sesion3/Ejemplo7.py
[2025-06-05T02:32:35.901+0000] {logging_mixin.py:190} INFO - [2025-06-05T02:32:35.901+0000] {dag.py:3239} INFO - Sync 1 DAGs
[2025-06-05T02:32:35.929+0000] {logging_mixin.py:190} INFO - [2025-06-05T02:32:35.928+0000] {dag.py:4180} INFO - Setting next_dagrun for flag_check_mysql_dag to 2025-05-29 03:02:00+00:00, run_after=2025-05-29 03:04:00+00:00
[2025-06-05T02:32:35.946+0000] {processor.py:208} INFO - Processing /opt/airflow/dags/Sesion3/Ejemplo7.py took 0.287 seconds
[2025-06-05T02:33:06.742+0000] {processor.py:186} INFO - Started process (PID=6571) to work on /opt/airflow/dags/Sesion3/Ejemplo7.py
[2025-06-05T02:33:06.743+0000] {processor.py:914} INFO - Processing file /opt/airflow/dags/Sesion3/Ejemplo7.py for tasks to queue
[2025-06-05T02:33:06.745+0000] {logging_mixin.py:190} INFO - [2025-06-05T02:33:06.744+0000] {dagbag.py:588} INFO - Filling up the DagBag from /opt/airflow/dags/Sesion3/Ejemplo7.py
[2025-06-05T02:33:06.893+0000] {processor.py:925} INFO - DAG(s) 'flag_check_mysql_dag' retrieved from /opt/airflow/dags/Sesion3/Ejemplo7.py
[2025-06-05T02:33:06.908+0000] {logging_mixin.py:190} INFO - [2025-06-05T02:33:06.908+0000] {dag.py:3239} INFO - Sync 1 DAGs
[2025-06-05T02:33:06.927+0000] {logging_mixin.py:190} INFO - [2025-06-05T02:33:06.927+0000] {dag.py:4180} INFO - Setting next_dagrun for flag_check_mysql_dag to 2025-05-29 03:02:00+00:00, run_after=2025-05-29 03:04:00+00:00
[2025-06-05T02:33:06.941+0000] {processor.py:208} INFO - Processing /opt/airflow/dags/Sesion3/Ejemplo7.py took 0.204 seconds
[2025-06-05T02:33:37.073+0000] {processor.py:186} INFO - Started process (PID=6684) to work on /opt/airflow/dags/Sesion3/Ejemplo7.py
[2025-06-05T02:33:37.074+0000] {processor.py:914} INFO - Processing file /opt/airflow/dags/Sesion3/Ejemplo7.py for tasks to queue
[2025-06-05T02:33:37.077+0000] {logging_mixin.py:190} INFO - [2025-06-05T02:33:37.076+0000] {dagbag.py:588} INFO - Filling up the DagBag from /opt/airflow/dags/Sesion3/Ejemplo7.py
[2025-06-05T02:33:37.110+0000] {processor.py:925} INFO - DAG(s) 'flag_check_mysql_dag' retrieved from /opt/airflow/dags/Sesion3/Ejemplo7.py
[2025-06-05T02:33:37.135+0000] {logging_mixin.py:190} INFO - [2025-06-05T02:33:37.134+0000] {dag.py:3239} INFO - Sync 1 DAGs
[2025-06-05T02:33:37.167+0000] {logging_mixin.py:190} INFO - [2025-06-05T02:33:37.166+0000] {dag.py:4180} INFO - Setting next_dagrun for flag_check_mysql_dag to 2025-05-29 03:02:00+00:00, run_after=2025-05-29 03:04:00+00:00
[2025-06-05T02:33:37.186+0000] {processor.py:208} INFO - Processing /opt/airflow/dags/Sesion3/Ejemplo7.py took 0.121 seconds
[2025-06-05T02:34:07.691+0000] {processor.py:186} INFO - Started process (PID=6795) to work on /opt/airflow/dags/Sesion3/Ejemplo7.py
[2025-06-05T02:34:07.692+0000] {processor.py:914} INFO - Processing file /opt/airflow/dags/Sesion3/Ejemplo7.py for tasks to queue
[2025-06-05T02:34:07.695+0000] {logging_mixin.py:190} INFO - [2025-06-05T02:34:07.695+0000] {dagbag.py:588} INFO - Filling up the DagBag from /opt/airflow/dags/Sesion3/Ejemplo7.py
[2025-06-05T02:34:07.736+0000] {processor.py:925} INFO - DAG(s) 'flag_check_mysql_dag' retrieved from /opt/airflow/dags/Sesion3/Ejemplo7.py
[2025-06-05T02:34:07.796+0000] {logging_mixin.py:190} INFO - [2025-06-05T02:34:07.796+0000] {dag.py:3239} INFO - Sync 1 DAGs
[2025-06-05T02:34:07.868+0000] {logging_mixin.py:190} INFO - [2025-06-05T02:34:07.867+0000] {dag.py:4180} INFO - Setting next_dagrun for flag_check_mysql_dag to 2025-05-29 03:02:00+00:00, run_after=2025-05-29 03:04:00+00:00
[2025-06-05T02:34:07.887+0000] {processor.py:208} INFO - Processing /opt/airflow/dags/Sesion3/Ejemplo7.py took 0.207 seconds
[2025-06-05T05:21:09.479+0000] {processor.py:186} INFO - Started process (PID=254) to work on /opt/airflow/dags/Sesion3/Ejemplo7.py
[2025-06-05T05:21:09.486+0000] {processor.py:914} INFO - Processing file /opt/airflow/dags/Sesion3/Ejemplo7.py for tasks to queue
[2025-06-05T05:21:09.492+0000] {logging_mixin.py:190} INFO - [2025-06-05T05:21:09.488+0000] {dagbag.py:588} INFO - Filling up the DagBag from /opt/airflow/dags/Sesion3/Ejemplo7.py
[2025-06-05T05:21:09.684+0000] {processor.py:925} INFO - DAG(s) 'flag_check_mysql_dag' retrieved from /opt/airflow/dags/Sesion3/Ejemplo7.py
[2025-06-05T05:21:09.788+0000] {logging_mixin.py:190} INFO - [2025-06-05T05:21:09.787+0000] {dag.py:3239} INFO - Sync 1 DAGs
[2025-06-05T05:21:09.866+0000] {logging_mixin.py:190} INFO - [2025-06-05T05:21:09.865+0000] {dag.py:4180} INFO - Setting next_dagrun for flag_check_mysql_dag to 2025-05-29 03:02:00+00:00, run_after=2025-05-29 03:04:00+00:00
[2025-06-05T05:21:09.967+0000] {processor.py:208} INFO - Processing /opt/airflow/dags/Sesion3/Ejemplo7.py took 0.505 seconds
[2025-06-05T05:21:40.743+0000] {processor.py:186} INFO - Started process (PID=366) to work on /opt/airflow/dags/Sesion3/Ejemplo7.py
[2025-06-05T05:21:40.744+0000] {processor.py:914} INFO - Processing file /opt/airflow/dags/Sesion3/Ejemplo7.py for tasks to queue
[2025-06-05T05:21:40.747+0000] {logging_mixin.py:190} INFO - [2025-06-05T05:21:40.746+0000] {dagbag.py:588} INFO - Filling up the DagBag from /opt/airflow/dags/Sesion3/Ejemplo7.py
[2025-06-05T05:21:40.799+0000] {processor.py:925} INFO - DAG(s) 'flag_check_mysql_dag' retrieved from /opt/airflow/dags/Sesion3/Ejemplo7.py
[2025-06-05T05:21:40.824+0000] {logging_mixin.py:190} INFO - [2025-06-05T05:21:40.824+0000] {dag.py:3239} INFO - Sync 1 DAGs
[2025-06-05T05:21:40.857+0000] {logging_mixin.py:190} INFO - [2025-06-05T05:21:40.857+0000] {dag.py:4180} INFO - Setting next_dagrun for flag_check_mysql_dag to 2025-05-29 03:02:00+00:00, run_after=2025-05-29 03:04:00+00:00
[2025-06-05T05:21:40.874+0000] {processor.py:208} INFO - Processing /opt/airflow/dags/Sesion3/Ejemplo7.py took 0.138 seconds
