[2025-05-28T02:33:48.132+0000] {local_task_job_runner.py:123} INFO - ::group::Pre task execution logs
[2025-05-28T02:33:48.248+0000] {taskinstance.py:2612} INFO - Dependencies all met for dep_context=non-requeueable deps ti=<TaskInstance: bash_dag.print_date scheduled__2025-05-26T00:00:00+00:00 [queued]>
[2025-05-28T02:33:48.298+0000] {taskinstance.py:2612} INFO - Dependencies all met for dep_context=requeueable deps ti=<TaskInstance: bash_dag.print_date scheduled__2025-05-26T00:00:00+00:00 [queued]>
[2025-05-28T02:33:48.299+0000] {taskinstance.py:2865} INFO - Starting attempt 1 of 2
[2025-05-28T02:33:48.340+0000] {taskinstance.py:2888} INFO - Executing <Task(BashOperator): print_date> on 2025-05-26 00:00:00+00:00
[2025-05-28T02:33:48.414+0000] {standard_task_runner.py:104} INFO - Running: ['***', 'tasks', 'run', 'bash_dag', 'print_date', 'scheduled__2025-05-26T00:00:00+00:00', '--job-id', '14', '--raw', '--subdir', 'DAGS_FOLDER/Sesion2/Ejemplo3.py', '--cfg-path', '/tmp/tmpkyv9syzb']
[2025-05-28T02:33:48.431+0000] {standard_task_runner.py:105} INFO - Job 14: Subtask print_date
[2025-05-28T02:33:48.422+0000] {logging_mixin.py:190} WARNING - /home/***/.local/lib/python3.12/site-packages/***/task/task_runner/standard_task_runner.py:70 DeprecationWarning: This process (pid=1520) is multi-threaded, use of fork() may lead to deadlocks in the child.
[2025-05-28T02:33:48.432+0000] {standard_task_runner.py:72} INFO - Started process 1528 to run task
[2025-05-28T02:33:48.716+0000] {logging_mixin.py:190} WARNING - /home/***/.local/lib/python3.12/site-packages/***/settings.py:209 DeprecationWarning: The sql_alchemy_conn option in [core] has been moved to the sql_alchemy_conn option in [database] - the old setting has been used, but please update your config.
[2025-05-28T02:33:48.981+0000] {task_command.py:467} INFO - Running <TaskInstance: bash_dag.print_date scheduled__2025-05-26T00:00:00+00:00 [running]> on host 31d54648d280
[2025-05-28T02:33:49.002+0000] {logging_mixin.py:190} WARNING - /home/***/.local/lib/python3.12/site-packages/***/settings.py:470 DeprecationWarning: The sql_alchemy_conn option in [core] has been moved to the sql_alchemy_conn option in [database] - the old setting has been used, but please update your config.
[2025-05-28T02:33:49.725+0000] {taskinstance.py:3131} INFO - Exporting env vars: AIRFLOW_CTX_DAG_OWNER='***' AIRFLOW_CTX_DAG_ID='bash_dag' AIRFLOW_CTX_TASK_ID='print_date' AIRFLOW_CTX_EXECUTION_DATE='2025-05-26T00:00:00+00:00' AIRFLOW_CTX_TRY_NUMBER='1' AIRFLOW_CTX_DAG_RUN_ID='scheduled__2025-05-26T00:00:00+00:00'
[2025-05-28T02:33:49.731+0000] {taskinstance.py:731} INFO - ::endgroup::
[2025-05-28T02:33:49.995+0000] {subprocess.py:63} INFO - Tmp dir root location: /tmp
[2025-05-28T02:33:50.000+0000] {subprocess.py:75} INFO - Running command: ['/usr/bin/bash', '-c', 'date']
[2025-05-28T02:33:50.181+0000] {subprocess.py:86} INFO - Output:
[2025-05-28T02:33:50.229+0000] {subprocess.py:93} INFO - Wed May 28 02:33:50 UTC 2025
[2025-05-28T02:33:50.230+0000] {subprocess.py:97} INFO - Command exited with return code 0
[2025-05-28T02:33:50.458+0000] {taskinstance.py:340} INFO - ::group::Post task execution logs
[2025-05-28T02:33:50.458+0000] {taskinstance.py:352} INFO - Marking task as SUCCESS. dag_id=bash_dag, task_id=print_date, run_id=scheduled__2025-05-26T00:00:00+00:00, execution_date=20250526T000000, start_date=20250528T023348, end_date=20250528T023350
[2025-05-28T02:33:50.633+0000] {local_task_job_runner.py:266} INFO - Task exited with return code 0
[2025-05-28T02:33:50.775+0000] {local_task_job_runner.py:245} INFO - ::endgroup::
