[2025-05-30T02:22:45.573+0000] {local_task_job_runner.py:123} INFO - ::group::Pre task execution logs
[2025-05-30T02:22:45.584+0000] {taskinstance.py:2612} INFO - Dependencies all met for dep_context=non-requeueable deps ti=<TaskInstance: etl_dag.load_data scheduled__2025-05-29T00:00:00+00:00 [queued]>
[2025-05-30T02:22:45.590+0000] {taskinstance.py:2612} INFO - Dependencies all met for dep_context=requeueable deps ti=<TaskInstance: etl_dag.load_data scheduled__2025-05-29T00:00:00+00:00 [queued]>
[2025-05-30T02:22:45.590+0000] {taskinstance.py:2865} INFO - Starting attempt 1 of 2
[2025-05-30T02:22:45.600+0000] {taskinstance.py:2888} INFO - Executing <Task(PythonOperator): load_data> on 2025-05-29 00:00:00+00:00
[2025-05-30T02:22:45.609+0000] {logging_mixin.py:190} WARNING - /home/***/.local/lib/python3.12/site-packages/***/task/task_runner/standard_task_runner.py:70 DeprecationWarning: This process (pid=6519) is multi-threaded, use of fork() may lead to deadlocks in the child.
[2025-05-30T02:22:45.610+0000] {standard_task_runner.py:72} INFO - Started process 6521 to run task
[2025-05-30T02:22:45.609+0000] {standard_task_runner.py:104} INFO - Running: ['***', 'tasks', 'run', 'etl_dag', 'load_data', 'scheduled__2025-05-29T00:00:00+00:00', '--job-id', '238', '--raw', '--subdir', 'DAGS_FOLDER/Sesion3/Ejemplo8.py', '--cfg-path', '/tmp/tmpsd997auf']
[2025-05-30T02:22:45.611+0000] {standard_task_runner.py:105} INFO - Job 238: Subtask load_data
[2025-05-30T02:22:45.621+0000] {logging_mixin.py:190} WARNING - /home/***/.local/lib/python3.12/site-packages/***/settings.py:209 DeprecationWarning: The sql_alchemy_conn option in [core] has been moved to the sql_alchemy_conn option in [database] - the old setting has been used, but please update your config.
[2025-05-30T02:22:45.644+0000] {task_command.py:467} INFO - Running <TaskInstance: etl_dag.load_data scheduled__2025-05-29T00:00:00+00:00 [running]> on host 31d54648d280
[2025-05-30T02:22:45.646+0000] {logging_mixin.py:190} WARNING - /home/***/.local/lib/python3.12/site-packages/***/settings.py:470 DeprecationWarning: The sql_alchemy_conn option in [core] has been moved to the sql_alchemy_conn option in [database] - the old setting has been used, but please update your config.
[2025-05-30T02:22:45.701+0000] {taskinstance.py:3131} INFO - Exporting env vars: AIRFLOW_CTX_DAG_OWNER='***' AIRFLOW_CTX_DAG_ID='etl_dag' AIRFLOW_CTX_TASK_ID='load_data' AIRFLOW_CTX_EXECUTION_DATE='2025-05-29T00:00:00+00:00' AIRFLOW_CTX_TRY_NUMBER='1' AIRFLOW_CTX_DAG_RUN_ID='scheduled__2025-05-29T00:00:00+00:00'
[2025-05-30T02:22:45.702+0000] {taskinstance.py:731} INFO - ::endgroup::
[2025-05-30T02:22:45.722+0000] {base.py:84} INFO - Retrieving connection 'my_db_connection_mysql'
[2025-05-30T02:22:46.152+0000] {python.py:240} INFO - Done. Returned value was: None
[2025-05-30T02:22:46.163+0000] {taskinstance.py:340} INFO - ::group::Post task execution logs
[2025-05-30T02:22:46.163+0000] {taskinstance.py:352} INFO - Marking task as SUCCESS. dag_id=etl_dag, task_id=load_data, run_id=scheduled__2025-05-29T00:00:00+00:00, execution_date=20250529T000000, start_date=20250530T022245, end_date=20250530T022246
[2025-05-30T02:22:46.228+0000] {local_task_job_runner.py:266} INFO - Task exited with return code 0
[2025-05-30T02:22:46.242+0000] {taskinstance.py:3900} INFO - 0 downstream tasks scheduled from follow-on schedule check
[2025-05-30T02:22:46.243+0000] {local_task_job_runner.py:245} INFO - ::endgroup::
