[2025-05-28T02:20:31.852+0000] {local_task_job_runner.py:123} INFO - ::group::Pre task execution logs
[2025-05-28T02:20:31.869+0000] {taskinstance.py:2612} INFO - Dependencies all met for dep_context=non-requeueable deps ti=<TaskInstance: dag_con_feriados.tarea_ejemplo scheduled__2025-05-27T00:00:00+00:00 [queued]>
[2025-05-28T02:20:31.876+0000] {taskinstance.py:2612} INFO - Dependencies all met for dep_context=requeueable deps ti=<TaskInstance: dag_con_feriados.tarea_ejemplo scheduled__2025-05-27T00:00:00+00:00 [queued]>
[2025-05-28T02:20:31.876+0000] {taskinstance.py:2865} INFO - Starting attempt 1 of 2
[2025-05-28T02:20:31.889+0000] {taskinstance.py:2888} INFO - Executing <Task(PythonOperator): tarea_ejemplo> on 2025-05-27 00:00:00+00:00
[2025-05-28T02:20:31.898+0000] {logging_mixin.py:190} WARNING - /home/***/.local/lib/python3.12/site-packages/***/task/task_runner/standard_task_runner.py:70 DeprecationWarning: This process (pid=1014) is multi-threaded, use of fork() may lead to deadlocks in the child.
[2025-05-28T02:20:31.898+0000] {standard_task_runner.py:72} INFO - Started process 1015 to run task
[2025-05-28T02:20:31.898+0000] {standard_task_runner.py:104} INFO - Running: ['***', 'tasks', 'run', 'dag_con_feriados', 'tarea_ejemplo', 'scheduled__2025-05-27T00:00:00+00:00', '--job-id', '5', '--raw', '--subdir', 'DAGS_FOLDER/Sesion2/Ejemplo2.py', '--cfg-path', '/tmp/tmp4pssm86q']
[2025-05-28T02:20:31.900+0000] {standard_task_runner.py:105} INFO - Job 5: Subtask tarea_ejemplo
[2025-05-28T02:20:31.911+0000] {logging_mixin.py:190} WARNING - /home/***/.local/lib/python3.12/site-packages/***/settings.py:209 DeprecationWarning: The sql_alchemy_conn option in [core] has been moved to the sql_alchemy_conn option in [database] - the old setting has been used, but please update your config.
[2025-05-28T02:20:31.937+0000] {task_command.py:467} INFO - Running <TaskInstance: dag_con_feriados.tarea_ejemplo scheduled__2025-05-27T00:00:00+00:00 [running]> on host 31d54648d280
[2025-05-28T02:20:31.939+0000] {logging_mixin.py:190} WARNING - /home/***/.local/lib/python3.12/site-packages/***/settings.py:470 DeprecationWarning: The sql_alchemy_conn option in [core] has been moved to the sql_alchemy_conn option in [database] - the old setting has been used, but please update your config.
[2025-05-28T02:20:32.018+0000] {taskinstance.py:3131} INFO - Exporting env vars: AIRFLOW_CTX_DAG_OWNER='***' AIRFLOW_CTX_DAG_ID='dag_con_feriados' AIRFLOW_CTX_TASK_ID='tarea_ejemplo' AIRFLOW_CTX_EXECUTION_DATE='2025-05-27T00:00:00+00:00' AIRFLOW_CTX_TRY_NUMBER='1' AIRFLOW_CTX_DAG_RUN_ID='scheduled__2025-05-27T00:00:00+00:00'
[2025-05-28T02:20:32.018+0000] {taskinstance.py:731} INFO - ::endgroup::
[2025-05-28T02:20:32.031+0000] {logging_mixin.py:190} INFO - Ejecutando tarea_ejemplo
[2025-05-28T02:20:32.031+0000] {python.py:240} INFO - Done. Returned value was: None
[2025-05-28T02:20:32.038+0000] {taskinstance.py:340} INFO - ::group::Post task execution logs
[2025-05-28T02:20:32.039+0000] {taskinstance.py:352} INFO - Marking task as SUCCESS. dag_id=dag_con_feriados, task_id=tarea_ejemplo, run_id=scheduled__2025-05-27T00:00:00+00:00, execution_date=20250527T000000, start_date=20250528T022031, end_date=20250528T022032
[2025-05-28T02:20:32.074+0000] {local_task_job_runner.py:266} INFO - Task exited with return code 0
[2025-05-28T02:20:32.088+0000] {taskinstance.py:3900} INFO - 0 downstream tasks scheduled from follow-on schedule check
[2025-05-28T02:20:32.089+0000] {local_task_job_runner.py:245} INFO - ::endgroup::
