[2025-05-30T00:16:00.045+0000] {local_task_job_runner.py:123} INFO - ::group::Pre task execution logs
[2025-05-30T00:16:00.265+0000] {taskinstance.py:2612} INFO - Dependencies all met for dep_context=non-requeueable deps ti=<TaskInstance: dependency_dag.task2 scheduled__2025-05-29T00:00:00+00:00 [queued]>
[2025-05-30T00:16:00.447+0000] {taskinstance.py:2612} INFO - Dependencies all met for dep_context=requeueable deps ti=<TaskInstance: dependency_dag.task2 scheduled__2025-05-29T00:00:00+00:00 [queued]>
[2025-05-30T00:16:00.450+0000] {taskinstance.py:2865} INFO - Starting attempt 1 of 2
[2025-05-30T00:16:00.583+0000] {taskinstance.py:2888} INFO - Executing <Task(PythonOperator): task2> on 2025-05-29 00:00:00+00:00
[2025-05-30T00:16:00.772+0000] {logging_mixin.py:190} WARNING - /home/***/.local/lib/python3.12/site-packages/***/task/task_runner/standard_task_runner.py:70 DeprecationWarning: This process (pid=166) is multi-threaded, use of fork() may lead to deadlocks in the child.
[2025-05-30T00:16:00.780+0000] {standard_task_runner.py:72} INFO - Started process 189 to run task
[2025-05-30T00:16:00.771+0000] {standard_task_runner.py:104} INFO - Running: ['***', 'tasks', 'run', 'dependency_dag', 'task2', 'scheduled__2025-05-29T00:00:00+00:00', '--job-id', '41', '--raw', '--subdir', 'DAGS_FOLDER/Sesion2/Ejemplo4.py', '--cfg-path', '/tmp/tmpicdblmy4']
[2025-05-30T00:16:00.793+0000] {standard_task_runner.py:105} INFO - Job 41: Subtask task2
[2025-05-30T00:16:00.892+0000] {logging_mixin.py:190} WARNING - /home/***/.local/lib/python3.12/site-packages/***/settings.py:209 DeprecationWarning: The sql_alchemy_conn option in [core] has been moved to the sql_alchemy_conn option in [database] - the old setting has been used, but please update your config.
[2025-05-30T00:16:01.231+0000] {task_command.py:467} INFO - Running <TaskInstance: dependency_dag.task2 scheduled__2025-05-29T00:00:00+00:00 [running]> on host 31d54648d280
[2025-05-30T00:16:01.235+0000] {logging_mixin.py:190} WARNING - /home/***/.local/lib/python3.12/site-packages/***/settings.py:470 DeprecationWarning: The sql_alchemy_conn option in [core] has been moved to the sql_alchemy_conn option in [database] - the old setting has been used, but please update your config.
[2025-05-30T00:16:01.995+0000] {taskinstance.py:3131} INFO - Exporting env vars: AIRFLOW_CTX_DAG_OWNER='***' AIRFLOW_CTX_DAG_ID='dependency_dag' AIRFLOW_CTX_TASK_ID='task2' AIRFLOW_CTX_EXECUTION_DATE='2025-05-29T00:00:00+00:00' AIRFLOW_CTX_TRY_NUMBER='1' AIRFLOW_CTX_DAG_RUN_ID='scheduled__2025-05-29T00:00:00+00:00'
[2025-05-30T00:16:02.003+0000] {taskinstance.py:731} INFO - ::endgroup::
[2025-05-30T00:16:02.113+0000] {logging_mixin.py:190} INFO - Task 2
[2025-05-30T00:16:02.113+0000] {python.py:240} INFO - Done. Returned value was: None
[2025-05-30T00:16:02.178+0000] {taskinstance.py:340} INFO - ::group::Post task execution logs
[2025-05-30T00:16:02.179+0000] {taskinstance.py:352} INFO - Marking task as SUCCESS. dag_id=dependency_dag, task_id=task2, run_id=scheduled__2025-05-29T00:00:00+00:00, execution_date=20250529T000000, start_date=20250530T001600, end_date=20250530T001602
[2025-05-30T00:16:02.344+0000] {local_task_job_runner.py:266} INFO - Task exited with return code 0
[2025-05-30T00:16:02.415+0000] {local_task_job_runner.py:245} INFO - ::endgroup::
