[2025-05-28T02:33:47.629+0000] {local_task_job_runner.py:123} INFO - ::group::Pre task execution logs
[2025-05-28T02:33:47.696+0000] {taskinstance.py:2612} INFO - Dependencies all met for dep_context=non-requeueable deps ti=<TaskInstance: bash_dag.print_date scheduled__2025-05-25T00:00:00+00:00 [queued]>
[2025-05-28T02:33:47.738+0000] {taskinstance.py:2612} INFO - Dependencies all met for dep_context=requeueable deps ti=<TaskInstance: bash_dag.print_date scheduled__2025-05-25T00:00:00+00:00 [queued]>
[2025-05-28T02:33:47.739+0000] {taskinstance.py:2865} INFO - Starting attempt 1 of 2
[2025-05-28T02:33:47.826+0000] {taskinstance.py:2888} INFO - Executing <Task(BashOperator): print_date> on 2025-05-25 00:00:00+00:00
[2025-05-28T02:33:47.856+0000] {standard_task_runner.py:104} INFO - Running: ['***', 'tasks', 'run', 'bash_dag', 'print_date', 'scheduled__2025-05-25T00:00:00+00:00', '--job-id', '13', '--raw', '--subdir', 'DAGS_FOLDER/Sesion2/Ejemplo3.py', '--cfg-path', '/tmp/tmp9ryengty']
[2025-05-28T02:33:47.866+0000] {standard_task_runner.py:105} INFO - Job 13: Subtask print_date
[2025-05-28T02:33:47.862+0000] {logging_mixin.py:190} WARNING - /home/***/.local/lib/python3.12/site-packages/***/task/task_runner/standard_task_runner.py:70 DeprecationWarning: This process (pid=1514) is multi-threaded, use of fork() may lead to deadlocks in the child.
[2025-05-28T02:33:47.869+0000] {standard_task_runner.py:72} INFO - Started process 1523 to run task
[2025-05-28T02:33:47.948+0000] {logging_mixin.py:190} WARNING - /home/***/.local/lib/python3.12/site-packages/***/settings.py:209 DeprecationWarning: The sql_alchemy_conn option in [core] has been moved to the sql_alchemy_conn option in [database] - the old setting has been used, but please update your config.
[2025-05-28T02:33:48.179+0000] {task_command.py:467} INFO - Running <TaskInstance: bash_dag.print_date scheduled__2025-05-25T00:00:00+00:00 [running]> on host 31d54648d280
[2025-05-28T02:33:48.212+0000] {logging_mixin.py:190} WARNING - /home/***/.local/lib/python3.12/site-packages/***/settings.py:470 DeprecationWarning: The sql_alchemy_conn option in [core] has been moved to the sql_alchemy_conn option in [database] - the old setting has been used, but please update your config.
[2025-05-28T02:33:48.986+0000] {taskinstance.py:3131} INFO - Exporting env vars: AIRFLOW_CTX_DAG_OWNER='***' AIRFLOW_CTX_DAG_ID='bash_dag' AIRFLOW_CTX_TASK_ID='print_date' AIRFLOW_CTX_EXECUTION_DATE='2025-05-25T00:00:00+00:00' AIRFLOW_CTX_TRY_NUMBER='1' AIRFLOW_CTX_DAG_RUN_ID='scheduled__2025-05-25T00:00:00+00:00'
[2025-05-28T02:33:48.989+0000] {taskinstance.py:731} INFO - ::endgroup::
[2025-05-28T02:33:49.256+0000] {subprocess.py:63} INFO - Tmp dir root location: /tmp
[2025-05-28T02:33:49.259+0000] {subprocess.py:75} INFO - Running command: ['/usr/bin/bash', '-c', 'date']
[2025-05-28T02:33:49.319+0000] {subprocess.py:86} INFO - Output:
[2025-05-28T02:33:49.321+0000] {subprocess.py:93} INFO - Wed May 28 02:33:49 UTC 2025
[2025-05-28T02:33:49.321+0000] {subprocess.py:97} INFO - Command exited with return code 0
[2025-05-28T02:33:49.473+0000] {taskinstance.py:340} INFO - ::group::Post task execution logs
[2025-05-28T02:33:49.483+0000] {taskinstance.py:352} INFO - Marking task as SUCCESS. dag_id=bash_dag, task_id=print_date, run_id=scheduled__2025-05-25T00:00:00+00:00, execution_date=20250525T000000, start_date=20250528T023347, end_date=20250528T023349
[2025-05-28T02:33:49.801+0000] {local_task_job_runner.py:266} INFO - Task exited with return code 0
[2025-05-28T02:33:49.864+0000] {local_task_job_runner.py:245} INFO - ::endgroup::
