[2025-06-05T02:01:21.099+0000] {processor.py:186} INFO - Started process (PID=242) to work on /opt/airflow/dags/Sesion5/consumer_dag_dataset.py
[2025-06-05T02:01:21.100+0000] {processor.py:914} INFO - Processing file /opt/airflow/dags/Sesion5/consumer_dag_dataset.py for tasks to queue
[2025-06-05T02:01:21.113+0000] {logging_mixin.py:190} INFO - [2025-06-05T02:01:21.105+0000] {dagbag.py:588} INFO - Filling up the DagBag from /opt/airflow/dags/Sesion5/consumer_dag_dataset.py
[2025-06-05T02:01:21.141+0000] {processor.py:925} INFO - DAG(s) 'consumer_dag_s5' retrieved from /opt/airflow/dags/Sesion5/consumer_dag_dataset.py
[2025-06-05T02:01:21.258+0000] {logging_mixin.py:190} INFO - [2025-06-05T02:01:21.256+0000] {dag.py:3239} INFO - Sync 1 DAGs
[2025-06-05T02:01:21.365+0000] {logging_mixin.py:190} INFO - [2025-06-05T02:01:21.365+0000] {dag.py:4180} INFO - Setting next_dagrun for consumer_dag_s5 to None, run_after=None
[2025-06-05T02:01:21.415+0000] {processor.py:208} INFO - Processing /opt/airflow/dags/Sesion5/consumer_dag_dataset.py took 0.341 seconds
[2025-06-05T02:01:54.470+0000] {processor.py:186} INFO - Started process (PID=357) to work on /opt/airflow/dags/Sesion5/consumer_dag_dataset.py
[2025-06-05T02:01:54.481+0000] {processor.py:914} INFO - Processing file /opt/airflow/dags/Sesion5/consumer_dag_dataset.py for tasks to queue
[2025-06-05T02:01:54.502+0000] {logging_mixin.py:190} INFO - [2025-06-05T02:01:54.502+0000] {dagbag.py:588} INFO - Filling up the DagBag from /opt/airflow/dags/Sesion5/consumer_dag_dataset.py
[2025-06-05T02:01:54.653+0000] {processor.py:925} INFO - DAG(s) 'consumer_dag_s5' retrieved from /opt/airflow/dags/Sesion5/consumer_dag_dataset.py
[2025-06-05T02:01:54.711+0000] {logging_mixin.py:190} INFO - [2025-06-05T02:01:54.711+0000] {dag.py:3239} INFO - Sync 1 DAGs
[2025-06-05T02:01:54.937+0000] {logging_mixin.py:190} INFO - [2025-06-05T02:01:54.937+0000] {dag.py:4180} INFO - Setting next_dagrun for consumer_dag_s5 to None, run_after=None
[2025-06-05T02:01:55.080+0000] {processor.py:208} INFO - Processing /opt/airflow/dags/Sesion5/consumer_dag_dataset.py took 0.642 seconds
[2025-06-05T02:04:30.371+0000] {processor.py:186} INFO - Started process (PID=224) to work on /opt/airflow/dags/Sesion5/consumer_dag_dataset.py
[2025-06-05T02:04:30.373+0000] {processor.py:914} INFO - Processing file /opt/airflow/dags/Sesion5/consumer_dag_dataset.py for tasks to queue
[2025-06-05T02:04:30.386+0000] {logging_mixin.py:190} INFO - [2025-06-05T02:04:30.380+0000] {dagbag.py:588} INFO - Filling up the DagBag from /opt/airflow/dags/Sesion5/consumer_dag_dataset.py
[2025-06-05T02:04:30.420+0000] {processor.py:925} INFO - DAG(s) 'consumer_dag_s5' retrieved from /opt/airflow/dags/Sesion5/consumer_dag_dataset.py
[2025-06-05T02:04:30.521+0000] {logging_mixin.py:190} INFO - [2025-06-05T02:04:30.520+0000] {dag.py:3239} INFO - Sync 1 DAGs
[2025-06-05T02:04:30.649+0000] {logging_mixin.py:190} INFO - [2025-06-05T02:04:30.648+0000] {dag.py:4180} INFO - Setting next_dagrun for consumer_dag_s5 to None, run_after=None
[2025-06-05T02:04:30.756+0000] {processor.py:208} INFO - Processing /opt/airflow/dags/Sesion5/consumer_dag_dataset.py took 0.428 seconds
[2025-06-05T02:05:01.371+0000] {processor.py:186} INFO - Started process (PID=339) to work on /opt/airflow/dags/Sesion5/consumer_dag_dataset.py
[2025-06-05T02:05:01.372+0000] {processor.py:914} INFO - Processing file /opt/airflow/dags/Sesion5/consumer_dag_dataset.py for tasks to queue
[2025-06-05T02:05:01.375+0000] {logging_mixin.py:190} INFO - [2025-06-05T02:05:01.375+0000] {dagbag.py:588} INFO - Filling up the DagBag from /opt/airflow/dags/Sesion5/consumer_dag_dataset.py
[2025-06-05T02:05:01.382+0000] {processor.py:925} INFO - DAG(s) 'consumer_dag_s5' retrieved from /opt/airflow/dags/Sesion5/consumer_dag_dataset.py
[2025-06-05T02:05:01.402+0000] {logging_mixin.py:190} INFO - [2025-06-05T02:05:01.402+0000] {dag.py:3239} INFO - Sync 1 DAGs
[2025-06-05T02:05:01.432+0000] {logging_mixin.py:190} INFO - [2025-06-05T02:05:01.432+0000] {dag.py:4180} INFO - Setting next_dagrun for consumer_dag_s5 to None, run_after=None
[2025-06-05T02:05:01.461+0000] {processor.py:208} INFO - Processing /opt/airflow/dags/Sesion5/consumer_dag_dataset.py took 0.101 seconds
[2025-06-05T02:05:32.024+0000] {processor.py:186} INFO - Started process (PID=454) to work on /opt/airflow/dags/Sesion5/consumer_dag_dataset.py
[2025-06-05T02:05:32.025+0000] {processor.py:914} INFO - Processing file /opt/airflow/dags/Sesion5/consumer_dag_dataset.py for tasks to queue
[2025-06-05T02:05:32.028+0000] {logging_mixin.py:190} INFO - [2025-06-05T02:05:32.028+0000] {dagbag.py:588} INFO - Filling up the DagBag from /opt/airflow/dags/Sesion5/consumer_dag_dataset.py
[2025-06-05T02:05:32.036+0000] {processor.py:925} INFO - DAG(s) 'consumer_dag_s5' retrieved from /opt/airflow/dags/Sesion5/consumer_dag_dataset.py
[2025-06-05T02:05:32.058+0000] {logging_mixin.py:190} INFO - [2025-06-05T02:05:32.057+0000] {dag.py:3239} INFO - Sync 1 DAGs
[2025-06-05T02:05:32.090+0000] {logging_mixin.py:190} INFO - [2025-06-05T02:05:32.090+0000] {dag.py:4180} INFO - Setting next_dagrun for consumer_dag_s5 to None, run_after=None
[2025-06-05T02:05:32.114+0000] {processor.py:208} INFO - Processing /opt/airflow/dags/Sesion5/consumer_dag_dataset.py took 0.100 seconds
[2025-06-05T02:06:02.309+0000] {processor.py:186} INFO - Started process (PID=569) to work on /opt/airflow/dags/Sesion5/consumer_dag_dataset.py
[2025-06-05T02:06:02.309+0000] {processor.py:914} INFO - Processing file /opt/airflow/dags/Sesion5/consumer_dag_dataset.py for tasks to queue
[2025-06-05T02:06:02.312+0000] {logging_mixin.py:190} INFO - [2025-06-05T02:06:02.311+0000] {dagbag.py:588} INFO - Filling up the DagBag from /opt/airflow/dags/Sesion5/consumer_dag_dataset.py
[2025-06-05T02:06:02.318+0000] {processor.py:925} INFO - DAG(s) 'consumer_dag_s5' retrieved from /opt/airflow/dags/Sesion5/consumer_dag_dataset.py
[2025-06-05T02:06:02.339+0000] {logging_mixin.py:190} INFO - [2025-06-05T02:06:02.339+0000] {dag.py:3239} INFO - Sync 1 DAGs
[2025-06-05T02:06:02.370+0000] {logging_mixin.py:190} INFO - [2025-06-05T02:06:02.370+0000] {dag.py:4180} INFO - Setting next_dagrun for consumer_dag_s5 to None, run_after=None
[2025-06-05T02:06:02.393+0000] {processor.py:208} INFO - Processing /opt/airflow/dags/Sesion5/consumer_dag_dataset.py took 0.091 seconds
[2025-06-05T02:06:33.246+0000] {processor.py:186} INFO - Started process (PID=684) to work on /opt/airflow/dags/Sesion5/consumer_dag_dataset.py
[2025-06-05T02:06:33.247+0000] {processor.py:914} INFO - Processing file /opt/airflow/dags/Sesion5/consumer_dag_dataset.py for tasks to queue
[2025-06-05T02:06:33.250+0000] {logging_mixin.py:190} INFO - [2025-06-05T02:06:33.249+0000] {dagbag.py:588} INFO - Filling up the DagBag from /opt/airflow/dags/Sesion5/consumer_dag_dataset.py
[2025-06-05T02:06:33.256+0000] {processor.py:925} INFO - DAG(s) 'consumer_dag_s5' retrieved from /opt/airflow/dags/Sesion5/consumer_dag_dataset.py
[2025-06-05T02:06:33.278+0000] {logging_mixin.py:190} INFO - [2025-06-05T02:06:33.277+0000] {dag.py:3239} INFO - Sync 1 DAGs
[2025-06-05T02:06:33.306+0000] {logging_mixin.py:190} INFO - [2025-06-05T02:06:33.306+0000] {dag.py:4180} INFO - Setting next_dagrun for consumer_dag_s5 to None, run_after=None
[2025-06-05T02:06:33.330+0000] {processor.py:208} INFO - Processing /opt/airflow/dags/Sesion5/consumer_dag_dataset.py took 0.092 seconds
[2025-06-05T02:07:04.432+0000] {processor.py:186} INFO - Started process (PID=801) to work on /opt/airflow/dags/Sesion5/consumer_dag_dataset.py
[2025-06-05T02:07:04.433+0000] {processor.py:914} INFO - Processing file /opt/airflow/dags/Sesion5/consumer_dag_dataset.py for tasks to queue
[2025-06-05T02:07:04.437+0000] {logging_mixin.py:190} INFO - [2025-06-05T02:07:04.437+0000] {dagbag.py:588} INFO - Filling up the DagBag from /opt/airflow/dags/Sesion5/consumer_dag_dataset.py
[2025-06-05T02:07:04.447+0000] {processor.py:925} INFO - DAG(s) 'consumer_dag_s5' retrieved from /opt/airflow/dags/Sesion5/consumer_dag_dataset.py
[2025-06-05T02:07:04.463+0000] {logging_mixin.py:190} INFO - [2025-06-05T02:07:04.462+0000] {dag.py:3239} INFO - Sync 1 DAGs
[2025-06-05T02:07:04.482+0000] {logging_mixin.py:190} INFO - [2025-06-05T02:07:04.482+0000] {dag.py:4180} INFO - Setting next_dagrun for consumer_dag_s5 to None, run_after=None
[2025-06-05T02:07:04.502+0000] {processor.py:208} INFO - Processing /opt/airflow/dags/Sesion5/consumer_dag_dataset.py took 0.077 seconds
[2025-06-05T02:07:35.618+0000] {processor.py:186} INFO - Started process (PID=914) to work on /opt/airflow/dags/Sesion5/consumer_dag_dataset.py
[2025-06-05T02:07:35.619+0000] {processor.py:914} INFO - Processing file /opt/airflow/dags/Sesion5/consumer_dag_dataset.py for tasks to queue
[2025-06-05T02:07:35.621+0000] {logging_mixin.py:190} INFO - [2025-06-05T02:07:35.621+0000] {dagbag.py:588} INFO - Filling up the DagBag from /opt/airflow/dags/Sesion5/consumer_dag_dataset.py
[2025-06-05T02:07:35.631+0000] {processor.py:925} INFO - DAG(s) 'consumer_dag_s5' retrieved from /opt/airflow/dags/Sesion5/consumer_dag_dataset.py
[2025-06-05T02:07:35.661+0000] {logging_mixin.py:190} INFO - [2025-06-05T02:07:35.661+0000] {dag.py:3239} INFO - Sync 1 DAGs
[2025-06-05T02:07:35.693+0000] {logging_mixin.py:190} INFO - [2025-06-05T02:07:35.692+0000] {dag.py:4180} INFO - Setting next_dagrun for consumer_dag_s5 to None, run_after=None
[2025-06-05T02:07:35.737+0000] {processor.py:208} INFO - Processing /opt/airflow/dags/Sesion5/consumer_dag_dataset.py took 0.127 seconds
[2025-06-05T02:08:06.889+0000] {processor.py:186} INFO - Started process (PID=1029) to work on /opt/airflow/dags/Sesion5/consumer_dag_dataset.py
[2025-06-05T02:08:06.890+0000] {processor.py:914} INFO - Processing file /opt/airflow/dags/Sesion5/consumer_dag_dataset.py for tasks to queue
[2025-06-05T02:08:06.893+0000] {logging_mixin.py:190} INFO - [2025-06-05T02:08:06.892+0000] {dagbag.py:588} INFO - Filling up the DagBag from /opt/airflow/dags/Sesion5/consumer_dag_dataset.py
[2025-06-05T02:08:06.900+0000] {processor.py:925} INFO - DAG(s) 'consumer_dag_s5' retrieved from /opt/airflow/dags/Sesion5/consumer_dag_dataset.py
[2025-06-05T02:08:06.922+0000] {logging_mixin.py:190} INFO - [2025-06-05T02:08:06.922+0000] {dag.py:3239} INFO - Sync 1 DAGs
[2025-06-05T02:08:06.963+0000] {logging_mixin.py:190} INFO - [2025-06-05T02:08:06.962+0000] {dag.py:4180} INFO - Setting next_dagrun for consumer_dag_s5 to None, run_after=None
[2025-06-05T02:08:06.999+0000] {processor.py:208} INFO - Processing /opt/airflow/dags/Sesion5/consumer_dag_dataset.py took 0.118 seconds
[2025-06-05T02:08:38.088+0000] {processor.py:186} INFO - Started process (PID=1144) to work on /opt/airflow/dags/Sesion5/consumer_dag_dataset.py
[2025-06-05T02:08:38.089+0000] {processor.py:914} INFO - Processing file /opt/airflow/dags/Sesion5/consumer_dag_dataset.py for tasks to queue
[2025-06-05T02:08:38.091+0000] {logging_mixin.py:190} INFO - [2025-06-05T02:08:38.091+0000] {dagbag.py:588} INFO - Filling up the DagBag from /opt/airflow/dags/Sesion5/consumer_dag_dataset.py
[2025-06-05T02:08:38.098+0000] {processor.py:925} INFO - DAG(s) 'consumer_dag_s5' retrieved from /opt/airflow/dags/Sesion5/consumer_dag_dataset.py
[2025-06-05T02:08:38.119+0000] {logging_mixin.py:190} INFO - [2025-06-05T02:08:38.118+0000] {dag.py:3239} INFO - Sync 1 DAGs
[2025-06-05T02:08:38.148+0000] {logging_mixin.py:190} INFO - [2025-06-05T02:08:38.147+0000] {dag.py:4180} INFO - Setting next_dagrun for consumer_dag_s5 to None, run_after=None
[2025-06-05T02:08:38.171+0000] {processor.py:208} INFO - Processing /opt/airflow/dags/Sesion5/consumer_dag_dataset.py took 0.090 seconds
[2025-06-05T02:09:09.136+0000] {processor.py:186} INFO - Started process (PID=1261) to work on /opt/airflow/dags/Sesion5/consumer_dag_dataset.py
[2025-06-05T02:09:09.137+0000] {processor.py:914} INFO - Processing file /opt/airflow/dags/Sesion5/consumer_dag_dataset.py for tasks to queue
[2025-06-05T02:09:09.139+0000] {logging_mixin.py:190} INFO - [2025-06-05T02:09:09.139+0000] {dagbag.py:588} INFO - Filling up the DagBag from /opt/airflow/dags/Sesion5/consumer_dag_dataset.py
[2025-06-05T02:09:09.144+0000] {processor.py:925} INFO - DAG(s) 'consumer_dag_s5' retrieved from /opt/airflow/dags/Sesion5/consumer_dag_dataset.py
[2025-06-05T02:09:09.160+0000] {logging_mixin.py:190} INFO - [2025-06-05T02:09:09.160+0000] {dag.py:3239} INFO - Sync 1 DAGs
[2025-06-05T02:09:09.181+0000] {logging_mixin.py:190} INFO - [2025-06-05T02:09:09.180+0000] {dag.py:4180} INFO - Setting next_dagrun for consumer_dag_s5 to None, run_after=None
[2025-06-05T02:09:09.205+0000] {processor.py:208} INFO - Processing /opt/airflow/dags/Sesion5/consumer_dag_dataset.py took 0.073 seconds
[2025-06-05T02:09:40.284+0000] {processor.py:186} INFO - Started process (PID=1376) to work on /opt/airflow/dags/Sesion5/consumer_dag_dataset.py
[2025-06-05T02:09:40.284+0000] {processor.py:914} INFO - Processing file /opt/airflow/dags/Sesion5/consumer_dag_dataset.py for tasks to queue
[2025-06-05T02:09:40.286+0000] {logging_mixin.py:190} INFO - [2025-06-05T02:09:40.286+0000] {dagbag.py:588} INFO - Filling up the DagBag from /opt/airflow/dags/Sesion5/consumer_dag_dataset.py
[2025-06-05T02:09:40.291+0000] {processor.py:925} INFO - DAG(s) 'consumer_dag_s5' retrieved from /opt/airflow/dags/Sesion5/consumer_dag_dataset.py
[2025-06-05T02:09:40.310+0000] {logging_mixin.py:190} INFO - [2025-06-05T02:09:40.310+0000] {dag.py:3239} INFO - Sync 1 DAGs
[2025-06-05T02:09:40.334+0000] {logging_mixin.py:190} INFO - [2025-06-05T02:09:40.334+0000] {dag.py:4180} INFO - Setting next_dagrun for consumer_dag_s5 to None, run_after=None
[2025-06-05T02:09:40.351+0000] {processor.py:208} INFO - Processing /opt/airflow/dags/Sesion5/consumer_dag_dataset.py took 0.072 seconds
[2025-06-05T02:10:11.434+0000] {processor.py:186} INFO - Started process (PID=1489) to work on /opt/airflow/dags/Sesion5/consumer_dag_dataset.py
[2025-06-05T02:10:11.435+0000] {processor.py:914} INFO - Processing file /opt/airflow/dags/Sesion5/consumer_dag_dataset.py for tasks to queue
[2025-06-05T02:10:11.438+0000] {logging_mixin.py:190} INFO - [2025-06-05T02:10:11.437+0000] {dagbag.py:588} INFO - Filling up the DagBag from /opt/airflow/dags/Sesion5/consumer_dag_dataset.py
[2025-06-05T02:10:11.445+0000] {processor.py:925} INFO - DAG(s) 'consumer_dag_s5' retrieved from /opt/airflow/dags/Sesion5/consumer_dag_dataset.py
[2025-06-05T02:10:11.465+0000] {logging_mixin.py:190} INFO - [2025-06-05T02:10:11.465+0000] {dag.py:3239} INFO - Sync 1 DAGs
[2025-06-05T02:10:11.493+0000] {logging_mixin.py:190} INFO - [2025-06-05T02:10:11.493+0000] {dag.py:4180} INFO - Setting next_dagrun for consumer_dag_s5 to None, run_after=None
[2025-06-05T02:10:11.517+0000] {processor.py:208} INFO - Processing /opt/airflow/dags/Sesion5/consumer_dag_dataset.py took 0.090 seconds
[2025-06-05T02:10:42.566+0000] {processor.py:186} INFO - Started process (PID=1604) to work on /opt/airflow/dags/Sesion5/consumer_dag_dataset.py
[2025-06-05T02:10:42.567+0000] {processor.py:914} INFO - Processing file /opt/airflow/dags/Sesion5/consumer_dag_dataset.py for tasks to queue
[2025-06-05T02:10:42.570+0000] {logging_mixin.py:190} INFO - [2025-06-05T02:10:42.569+0000] {dagbag.py:588} INFO - Filling up the DagBag from /opt/airflow/dags/Sesion5/consumer_dag_dataset.py
[2025-06-05T02:10:42.577+0000] {processor.py:925} INFO - DAG(s) 'consumer_dag_s5' retrieved from /opt/airflow/dags/Sesion5/consumer_dag_dataset.py
[2025-06-05T02:10:42.598+0000] {logging_mixin.py:190} INFO - [2025-06-05T02:10:42.598+0000] {dag.py:3239} INFO - Sync 1 DAGs
[2025-06-05T02:10:42.630+0000] {logging_mixin.py:190} INFO - [2025-06-05T02:10:42.628+0000] {dag.py:4180} INFO - Setting next_dagrun for consumer_dag_s5 to None, run_after=None
[2025-06-05T02:10:42.655+0000] {processor.py:208} INFO - Processing /opt/airflow/dags/Sesion5/consumer_dag_dataset.py took 0.096 seconds
[2025-06-05T02:11:13.874+0000] {processor.py:186} INFO - Started process (PID=1719) to work on /opt/airflow/dags/Sesion5/consumer_dag_dataset.py
[2025-06-05T02:11:13.875+0000] {processor.py:914} INFO - Processing file /opt/airflow/dags/Sesion5/consumer_dag_dataset.py for tasks to queue
[2025-06-05T02:11:13.879+0000] {logging_mixin.py:190} INFO - [2025-06-05T02:11:13.877+0000] {dagbag.py:588} INFO - Filling up the DagBag from /opt/airflow/dags/Sesion5/consumer_dag_dataset.py
[2025-06-05T02:11:13.886+0000] {processor.py:925} INFO - DAG(s) 'consumer_dag_s5' retrieved from /opt/airflow/dags/Sesion5/consumer_dag_dataset.py
[2025-06-05T02:11:13.908+0000] {logging_mixin.py:190} INFO - [2025-06-05T02:11:13.908+0000] {dag.py:3239} INFO - Sync 1 DAGs
[2025-06-05T02:11:13.938+0000] {logging_mixin.py:190} INFO - [2025-06-05T02:11:13.938+0000] {dag.py:4180} INFO - Setting next_dagrun for consumer_dag_s5 to None, run_after=None
[2025-06-05T02:11:13.963+0000] {processor.py:208} INFO - Processing /opt/airflow/dags/Sesion5/consumer_dag_dataset.py took 0.096 seconds
[2025-06-05T02:11:44.921+0000] {processor.py:186} INFO - Started process (PID=1834) to work on /opt/airflow/dags/Sesion5/consumer_dag_dataset.py
[2025-06-05T02:11:44.921+0000] {processor.py:914} INFO - Processing file /opt/airflow/dags/Sesion5/consumer_dag_dataset.py for tasks to queue
[2025-06-05T02:11:44.924+0000] {logging_mixin.py:190} INFO - [2025-06-05T02:11:44.923+0000] {dagbag.py:588} INFO - Filling up the DagBag from /opt/airflow/dags/Sesion5/consumer_dag_dataset.py
[2025-06-05T02:11:44.933+0000] {processor.py:925} INFO - DAG(s) 'consumer_dag_s5' retrieved from /opt/airflow/dags/Sesion5/consumer_dag_dataset.py
[2025-06-05T02:11:44.959+0000] {logging_mixin.py:190} INFO - [2025-06-05T02:11:44.959+0000] {dag.py:3239} INFO - Sync 1 DAGs
[2025-06-05T02:11:44.990+0000] {logging_mixin.py:190} INFO - [2025-06-05T02:11:44.989+0000] {dag.py:4180} INFO - Setting next_dagrun for consumer_dag_s5 to None, run_after=None
[2025-06-05T02:11:45.013+0000] {processor.py:208} INFO - Processing /opt/airflow/dags/Sesion5/consumer_dag_dataset.py took 0.100 seconds
[2025-06-05T02:12:15.902+0000] {processor.py:186} INFO - Started process (PID=1949) to work on /opt/airflow/dags/Sesion5/consumer_dag_dataset.py
[2025-06-05T02:12:15.903+0000] {processor.py:914} INFO - Processing file /opt/airflow/dags/Sesion5/consumer_dag_dataset.py for tasks to queue
[2025-06-05T02:12:15.905+0000] {logging_mixin.py:190} INFO - [2025-06-05T02:12:15.905+0000] {dagbag.py:588} INFO - Filling up the DagBag from /opt/airflow/dags/Sesion5/consumer_dag_dataset.py
[2025-06-05T02:12:15.912+0000] {processor.py:925} INFO - DAG(s) 'consumer_dag_s5' retrieved from /opt/airflow/dags/Sesion5/consumer_dag_dataset.py
[2025-06-05T02:12:15.934+0000] {logging_mixin.py:190} INFO - [2025-06-05T02:12:15.933+0000] {dag.py:3239} INFO - Sync 1 DAGs
[2025-06-05T02:12:15.965+0000] {logging_mixin.py:190} INFO - [2025-06-05T02:12:15.965+0000] {dag.py:4180} INFO - Setting next_dagrun for consumer_dag_s5 to None, run_after=None
[2025-06-05T02:12:15.993+0000] {processor.py:208} INFO - Processing /opt/airflow/dags/Sesion5/consumer_dag_dataset.py took 0.099 seconds
[2025-06-05T02:12:47.207+0000] {processor.py:186} INFO - Started process (PID=2064) to work on /opt/airflow/dags/Sesion5/consumer_dag_dataset.py
[2025-06-05T02:12:47.208+0000] {processor.py:914} INFO - Processing file /opt/airflow/dags/Sesion5/consumer_dag_dataset.py for tasks to queue
[2025-06-05T02:12:47.210+0000] {logging_mixin.py:190} INFO - [2025-06-05T02:12:47.210+0000] {dagbag.py:588} INFO - Filling up the DagBag from /opt/airflow/dags/Sesion5/consumer_dag_dataset.py
[2025-06-05T02:12:47.217+0000] {processor.py:925} INFO - DAG(s) 'consumer_dag_s5' retrieved from /opt/airflow/dags/Sesion5/consumer_dag_dataset.py
[2025-06-05T02:12:47.238+0000] {logging_mixin.py:190} INFO - [2025-06-05T02:12:47.238+0000] {dag.py:3239} INFO - Sync 1 DAGs
[2025-06-05T02:12:47.265+0000] {logging_mixin.py:190} INFO - [2025-06-05T02:12:47.265+0000] {dag.py:4180} INFO - Setting next_dagrun for consumer_dag_s5 to None, run_after=None
[2025-06-05T02:12:47.290+0000] {processor.py:208} INFO - Processing /opt/airflow/dags/Sesion5/consumer_dag_dataset.py took 0.090 seconds
[2025-06-05T02:13:18.372+0000] {processor.py:186} INFO - Started process (PID=2179) to work on /opt/airflow/dags/Sesion5/consumer_dag_dataset.py
[2025-06-05T02:13:18.373+0000] {processor.py:914} INFO - Processing file /opt/airflow/dags/Sesion5/consumer_dag_dataset.py for tasks to queue
[2025-06-05T02:13:18.375+0000] {logging_mixin.py:190} INFO - [2025-06-05T02:13:18.375+0000] {dagbag.py:588} INFO - Filling up the DagBag from /opt/airflow/dags/Sesion5/consumer_dag_dataset.py
[2025-06-05T02:13:18.382+0000] {processor.py:925} INFO - DAG(s) 'consumer_dag_s5' retrieved from /opt/airflow/dags/Sesion5/consumer_dag_dataset.py
[2025-06-05T02:13:18.408+0000] {logging_mixin.py:190} INFO - [2025-06-05T02:13:18.408+0000] {dag.py:3239} INFO - Sync 1 DAGs
[2025-06-05T02:13:18.447+0000] {logging_mixin.py:190} INFO - [2025-06-05T02:13:18.446+0000] {dag.py:4180} INFO - Setting next_dagrun for consumer_dag_s5 to None, run_after=None
[2025-06-05T02:13:18.486+0000] {processor.py:208} INFO - Processing /opt/airflow/dags/Sesion5/consumer_dag_dataset.py took 0.122 seconds
[2025-06-05T02:13:49.691+0000] {processor.py:186} INFO - Started process (PID=2296) to work on /opt/airflow/dags/Sesion5/consumer_dag_dataset.py
[2025-06-05T02:13:49.692+0000] {processor.py:914} INFO - Processing file /opt/airflow/dags/Sesion5/consumer_dag_dataset.py for tasks to queue
[2025-06-05T02:13:49.695+0000] {logging_mixin.py:190} INFO - [2025-06-05T02:13:49.694+0000] {dagbag.py:588} INFO - Filling up the DagBag from /opt/airflow/dags/Sesion5/consumer_dag_dataset.py
[2025-06-05T02:13:49.701+0000] {processor.py:925} INFO - DAG(s) 'consumer_dag_s5' retrieved from /opt/airflow/dags/Sesion5/consumer_dag_dataset.py
[2025-06-05T02:13:49.723+0000] {logging_mixin.py:190} INFO - [2025-06-05T02:13:49.723+0000] {dag.py:3239} INFO - Sync 1 DAGs
[2025-06-05T02:13:49.754+0000] {logging_mixin.py:190} INFO - [2025-06-05T02:13:49.754+0000] {dag.py:4180} INFO - Setting next_dagrun for consumer_dag_s5 to None, run_after=None
[2025-06-05T02:13:49.779+0000] {processor.py:208} INFO - Processing /opt/airflow/dags/Sesion5/consumer_dag_dataset.py took 0.095 seconds
[2025-06-05T02:14:20.735+0000] {processor.py:186} INFO - Started process (PID=2409) to work on /opt/airflow/dags/Sesion5/consumer_dag_dataset.py
[2025-06-05T02:14:20.736+0000] {processor.py:914} INFO - Processing file /opt/airflow/dags/Sesion5/consumer_dag_dataset.py for tasks to queue
[2025-06-05T02:14:20.738+0000] {logging_mixin.py:190} INFO - [2025-06-05T02:14:20.737+0000] {dagbag.py:588} INFO - Filling up the DagBag from /opt/airflow/dags/Sesion5/consumer_dag_dataset.py
[2025-06-05T02:14:20.745+0000] {processor.py:925} INFO - DAG(s) 'consumer_dag_s5' retrieved from /opt/airflow/dags/Sesion5/consumer_dag_dataset.py
[2025-06-05T02:14:20.767+0000] {logging_mixin.py:190} INFO - [2025-06-05T02:14:20.766+0000] {dag.py:3239} INFO - Sync 1 DAGs
[2025-06-05T02:14:20.799+0000] {logging_mixin.py:190} INFO - [2025-06-05T02:14:20.798+0000] {dag.py:4180} INFO - Setting next_dagrun for consumer_dag_s5 to None, run_after=None
[2025-06-05T02:14:20.852+0000] {processor.py:208} INFO - Processing /opt/airflow/dags/Sesion5/consumer_dag_dataset.py took 0.124 seconds
[2025-06-05T02:14:51.990+0000] {processor.py:186} INFO - Started process (PID=2524) to work on /opt/airflow/dags/Sesion5/consumer_dag_dataset.py
[2025-06-05T02:14:51.991+0000] {processor.py:914} INFO - Processing file /opt/airflow/dags/Sesion5/consumer_dag_dataset.py for tasks to queue
[2025-06-05T02:14:51.994+0000] {logging_mixin.py:190} INFO - [2025-06-05T02:14:51.993+0000] {dagbag.py:588} INFO - Filling up the DagBag from /opt/airflow/dags/Sesion5/consumer_dag_dataset.py
[2025-06-05T02:14:52.001+0000] {processor.py:925} INFO - DAG(s) 'consumer_dag_s5' retrieved from /opt/airflow/dags/Sesion5/consumer_dag_dataset.py
[2025-06-05T02:14:52.025+0000] {logging_mixin.py:190} INFO - [2025-06-05T02:14:52.024+0000] {dag.py:3239} INFO - Sync 1 DAGs
[2025-06-05T02:14:52.057+0000] {logging_mixin.py:190} INFO - [2025-06-05T02:14:52.057+0000] {dag.py:4180} INFO - Setting next_dagrun for consumer_dag_s5 to None, run_after=None
[2025-06-05T02:14:52.083+0000] {processor.py:208} INFO - Processing /opt/airflow/dags/Sesion5/consumer_dag_dataset.py took 0.100 seconds
[2025-06-05T02:15:23.406+0000] {processor.py:186} INFO - Started process (PID=2641) to work on /opt/airflow/dags/Sesion5/consumer_dag_dataset.py
[2025-06-05T02:15:23.407+0000] {processor.py:914} INFO - Processing file /opt/airflow/dags/Sesion5/consumer_dag_dataset.py for tasks to queue
[2025-06-05T02:15:23.409+0000] {logging_mixin.py:190} INFO - [2025-06-05T02:15:23.409+0000] {dagbag.py:588} INFO - Filling up the DagBag from /opt/airflow/dags/Sesion5/consumer_dag_dataset.py
[2025-06-05T02:15:23.417+0000] {processor.py:925} INFO - DAG(s) 'consumer_dag_s5' retrieved from /opt/airflow/dags/Sesion5/consumer_dag_dataset.py
[2025-06-05T02:15:23.441+0000] {logging_mixin.py:190} INFO - [2025-06-05T02:15:23.441+0000] {dag.py:3239} INFO - Sync 1 DAGs
[2025-06-05T02:15:23.472+0000] {logging_mixin.py:190} INFO - [2025-06-05T02:15:23.472+0000] {dag.py:4180} INFO - Setting next_dagrun for consumer_dag_s5 to None, run_after=None
[2025-06-05T02:15:23.497+0000] {processor.py:208} INFO - Processing /opt/airflow/dags/Sesion5/consumer_dag_dataset.py took 0.098 seconds
[2025-06-05T02:15:54.167+0000] {processor.py:186} INFO - Started process (PID=2754) to work on /opt/airflow/dags/Sesion5/consumer_dag_dataset.py
[2025-06-05T02:15:54.168+0000] {processor.py:914} INFO - Processing file /opt/airflow/dags/Sesion5/consumer_dag_dataset.py for tasks to queue
[2025-06-05T02:15:54.170+0000] {logging_mixin.py:190} INFO - [2025-06-05T02:15:54.170+0000] {dagbag.py:588} INFO - Filling up the DagBag from /opt/airflow/dags/Sesion5/consumer_dag_dataset.py
[2025-06-05T02:15:54.176+0000] {processor.py:925} INFO - DAG(s) 'consumer_dag_s5' retrieved from /opt/airflow/dags/Sesion5/consumer_dag_dataset.py
[2025-06-05T02:15:54.197+0000] {logging_mixin.py:190} INFO - [2025-06-05T02:15:54.196+0000] {dag.py:3239} INFO - Sync 1 DAGs
[2025-06-05T02:15:54.229+0000] {logging_mixin.py:190} INFO - [2025-06-05T02:15:54.229+0000] {dag.py:4180} INFO - Setting next_dagrun for consumer_dag_s5 to None, run_after=None
[2025-06-05T02:15:54.256+0000] {processor.py:208} INFO - Processing /opt/airflow/dags/Sesion5/consumer_dag_dataset.py took 0.095 seconds
[2025-06-05T02:16:25.728+0000] {processor.py:186} INFO - Started process (PID=2871) to work on /opt/airflow/dags/Sesion5/consumer_dag_dataset.py
[2025-06-05T02:16:25.732+0000] {processor.py:914} INFO - Processing file /opt/airflow/dags/Sesion5/consumer_dag_dataset.py for tasks to queue
[2025-06-05T02:16:25.741+0000] {logging_mixin.py:190} INFO - [2025-06-05T02:16:25.740+0000] {dagbag.py:588} INFO - Filling up the DagBag from /opt/airflow/dags/Sesion5/consumer_dag_dataset.py
[2025-06-05T02:16:25.750+0000] {processor.py:925} INFO - DAG(s) 'consumer_dag_s5' retrieved from /opt/airflow/dags/Sesion5/consumer_dag_dataset.py
[2025-06-05T02:16:25.791+0000] {logging_mixin.py:190} INFO - [2025-06-05T02:16:25.790+0000] {dag.py:3239} INFO - Sync 1 DAGs
[2025-06-05T02:16:25.847+0000] {logging_mixin.py:190} INFO - [2025-06-05T02:16:25.847+0000] {dag.py:4180} INFO - Setting next_dagrun for consumer_dag_s5 to None, run_after=None
[2025-06-05T02:16:25.887+0000] {processor.py:208} INFO - Processing /opt/airflow/dags/Sesion5/consumer_dag_dataset.py took 0.174 seconds
[2025-06-05T02:16:56.871+0000] {processor.py:186} INFO - Started process (PID=2984) to work on /opt/airflow/dags/Sesion5/consumer_dag_dataset.py
[2025-06-05T02:16:56.872+0000] {processor.py:914} INFO - Processing file /opt/airflow/dags/Sesion5/consumer_dag_dataset.py for tasks to queue
[2025-06-05T02:16:56.877+0000] {logging_mixin.py:190} INFO - [2025-06-05T02:16:56.876+0000] {dagbag.py:588} INFO - Filling up the DagBag from /opt/airflow/dags/Sesion5/consumer_dag_dataset.py
[2025-06-05T02:16:56.891+0000] {processor.py:925} INFO - DAG(s) 'consumer_dag_s5' retrieved from /opt/airflow/dags/Sesion5/consumer_dag_dataset.py
[2025-06-05T02:16:56.914+0000] {logging_mixin.py:190} INFO - [2025-06-05T02:16:56.914+0000] {dag.py:3239} INFO - Sync 1 DAGs
[2025-06-05T02:16:56.945+0000] {logging_mixin.py:190} INFO - [2025-06-05T02:16:56.945+0000] {dag.py:4180} INFO - Setting next_dagrun for consumer_dag_s5 to None, run_after=None
[2025-06-05T02:16:56.969+0000] {processor.py:208} INFO - Processing /opt/airflow/dags/Sesion5/consumer_dag_dataset.py took 0.106 seconds
[2025-06-05T02:17:28.291+0000] {processor.py:186} INFO - Started process (PID=3099) to work on /opt/airflow/dags/Sesion5/consumer_dag_dataset.py
[2025-06-05T02:17:28.292+0000] {processor.py:914} INFO - Processing file /opt/airflow/dags/Sesion5/consumer_dag_dataset.py for tasks to queue
[2025-06-05T02:17:28.294+0000] {logging_mixin.py:190} INFO - [2025-06-05T02:17:28.293+0000] {dagbag.py:588} INFO - Filling up the DagBag from /opt/airflow/dags/Sesion5/consumer_dag_dataset.py
[2025-06-05T02:17:28.300+0000] {processor.py:925} INFO - DAG(s) 'consumer_dag_s5' retrieved from /opt/airflow/dags/Sesion5/consumer_dag_dataset.py
[2025-06-05T02:17:28.319+0000] {logging_mixin.py:190} INFO - [2025-06-05T02:17:28.319+0000] {dag.py:3239} INFO - Sync 1 DAGs
[2025-06-05T02:17:28.347+0000] {logging_mixin.py:190} INFO - [2025-06-05T02:17:28.346+0000] {dag.py:4180} INFO - Setting next_dagrun for consumer_dag_s5 to None, run_after=None
[2025-06-05T02:17:28.373+0000] {processor.py:208} INFO - Processing /opt/airflow/dags/Sesion5/consumer_dag_dataset.py took 0.089 seconds
[2025-06-05T02:17:59.509+0000] {processor.py:186} INFO - Started process (PID=3214) to work on /opt/airflow/dags/Sesion5/consumer_dag_dataset.py
[2025-06-05T02:17:59.510+0000] {processor.py:914} INFO - Processing file /opt/airflow/dags/Sesion5/consumer_dag_dataset.py for tasks to queue
[2025-06-05T02:17:59.512+0000] {logging_mixin.py:190} INFO - [2025-06-05T02:17:59.512+0000] {dagbag.py:588} INFO - Filling up the DagBag from /opt/airflow/dags/Sesion5/consumer_dag_dataset.py
[2025-06-05T02:17:59.519+0000] {processor.py:925} INFO - DAG(s) 'consumer_dag_s5' retrieved from /opt/airflow/dags/Sesion5/consumer_dag_dataset.py
[2025-06-05T02:17:59.540+0000] {logging_mixin.py:190} INFO - [2025-06-05T02:17:59.540+0000] {dag.py:3239} INFO - Sync 1 DAGs
[2025-06-05T02:17:59.570+0000] {logging_mixin.py:190} INFO - [2025-06-05T02:17:59.570+0000] {dag.py:4180} INFO - Setting next_dagrun for consumer_dag_s5 to None, run_after=None
[2025-06-05T02:17:59.594+0000] {processor.py:208} INFO - Processing /opt/airflow/dags/Sesion5/consumer_dag_dataset.py took 0.093 seconds
[2025-06-05T02:18:30.825+0000] {processor.py:186} INFO - Started process (PID=3329) to work on /opt/airflow/dags/Sesion5/consumer_dag_dataset.py
[2025-06-05T02:18:30.826+0000] {processor.py:914} INFO - Processing file /opt/airflow/dags/Sesion5/consumer_dag_dataset.py for tasks to queue
[2025-06-05T02:18:30.828+0000] {logging_mixin.py:190} INFO - [2025-06-05T02:18:30.828+0000] {dagbag.py:588} INFO - Filling up the DagBag from /opt/airflow/dags/Sesion5/consumer_dag_dataset.py
[2025-06-05T02:18:30.836+0000] {processor.py:925} INFO - DAG(s) 'consumer_dag_s5' retrieved from /opt/airflow/dags/Sesion5/consumer_dag_dataset.py
[2025-06-05T02:18:30.856+0000] {logging_mixin.py:190} INFO - [2025-06-05T02:18:30.856+0000] {dag.py:3239} INFO - Sync 1 DAGs
[2025-06-05T02:18:30.886+0000] {logging_mixin.py:190} INFO - [2025-06-05T02:18:30.885+0000] {dag.py:4180} INFO - Setting next_dagrun for consumer_dag_s5 to None, run_after=None
[2025-06-05T02:18:30.910+0000] {processor.py:208} INFO - Processing /opt/airflow/dags/Sesion5/consumer_dag_dataset.py took 0.092 seconds
[2025-06-05T02:19:01.959+0000] {processor.py:186} INFO - Started process (PID=3444) to work on /opt/airflow/dags/Sesion5/consumer_dag_dataset.py
[2025-06-05T02:19:01.960+0000] {processor.py:914} INFO - Processing file /opt/airflow/dags/Sesion5/consumer_dag_dataset.py for tasks to queue
[2025-06-05T02:19:01.962+0000] {logging_mixin.py:190} INFO - [2025-06-05T02:19:01.962+0000] {dagbag.py:588} INFO - Filling up the DagBag from /opt/airflow/dags/Sesion5/consumer_dag_dataset.py
[2025-06-05T02:19:01.970+0000] {processor.py:925} INFO - DAG(s) 'consumer_dag_s5' retrieved from /opt/airflow/dags/Sesion5/consumer_dag_dataset.py
[2025-06-05T02:19:01.991+0000] {logging_mixin.py:190} INFO - [2025-06-05T02:19:01.991+0000] {dag.py:3239} INFO - Sync 1 DAGs
[2025-06-05T02:19:02.021+0000] {logging_mixin.py:190} INFO - [2025-06-05T02:19:02.021+0000] {dag.py:4180} INFO - Setting next_dagrun for consumer_dag_s5 to None, run_after=None
[2025-06-05T02:19:02.046+0000] {processor.py:208} INFO - Processing /opt/airflow/dags/Sesion5/consumer_dag_dataset.py took 0.094 seconds
[2025-06-05T02:19:33.885+0000] {processor.py:186} INFO - Started process (PID=3559) to work on /opt/airflow/dags/Sesion5/consumer_dag_dataset.py
[2025-06-05T02:19:33.886+0000] {processor.py:914} INFO - Processing file /opt/airflow/dags/Sesion5/consumer_dag_dataset.py for tasks to queue
[2025-06-05T02:19:33.889+0000] {logging_mixin.py:190} INFO - [2025-06-05T02:19:33.888+0000] {dagbag.py:588} INFO - Filling up the DagBag from /opt/airflow/dags/Sesion5/consumer_dag_dataset.py
[2025-06-05T02:19:33.895+0000] {processor.py:925} INFO - DAG(s) 'consumer_dag_s5' retrieved from /opt/airflow/dags/Sesion5/consumer_dag_dataset.py
[2025-06-05T02:19:33.916+0000] {logging_mixin.py:190} INFO - [2025-06-05T02:19:33.916+0000] {dag.py:3239} INFO - Sync 1 DAGs
[2025-06-05T02:19:33.942+0000] {logging_mixin.py:190} INFO - [2025-06-05T02:19:33.942+0000] {dag.py:4180} INFO - Setting next_dagrun for consumer_dag_s5 to None, run_after=None
[2025-06-05T02:19:34.135+0000] {processor.py:208} INFO - Processing /opt/airflow/dags/Sesion5/consumer_dag_dataset.py took 0.257 seconds
[2025-06-05T02:20:04.414+0000] {processor.py:186} INFO - Started process (PID=3674) to work on /opt/airflow/dags/Sesion5/consumer_dag_dataset.py
[2025-06-05T02:20:04.415+0000] {processor.py:914} INFO - Processing file /opt/airflow/dags/Sesion5/consumer_dag_dataset.py for tasks to queue
[2025-06-05T02:20:04.417+0000] {logging_mixin.py:190} INFO - [2025-06-05T02:20:04.417+0000] {dagbag.py:588} INFO - Filling up the DagBag from /opt/airflow/dags/Sesion5/consumer_dag_dataset.py
[2025-06-05T02:20:04.424+0000] {processor.py:925} INFO - DAG(s) 'consumer_dag_s5' retrieved from /opt/airflow/dags/Sesion5/consumer_dag_dataset.py
[2025-06-05T02:20:04.445+0000] {logging_mixin.py:190} INFO - [2025-06-05T02:20:04.445+0000] {dag.py:3239} INFO - Sync 1 DAGs
[2025-06-05T02:20:04.496+0000] {logging_mixin.py:190} INFO - [2025-06-05T02:20:04.495+0000] {dag.py:4180} INFO - Setting next_dagrun for consumer_dag_s5 to None, run_after=None
[2025-06-05T02:20:04.520+0000] {processor.py:208} INFO - Processing /opt/airflow/dags/Sesion5/consumer_dag_dataset.py took 0.114 seconds
[2025-06-05T02:20:35.233+0000] {processor.py:186} INFO - Started process (PID=3789) to work on /opt/airflow/dags/Sesion5/consumer_dag_dataset.py
[2025-06-05T02:20:35.234+0000] {processor.py:914} INFO - Processing file /opt/airflow/dags/Sesion5/consumer_dag_dataset.py for tasks to queue
[2025-06-05T02:20:35.236+0000] {logging_mixin.py:190} INFO - [2025-06-05T02:20:35.236+0000] {dagbag.py:588} INFO - Filling up the DagBag from /opt/airflow/dags/Sesion5/consumer_dag_dataset.py
[2025-06-05T02:20:35.243+0000] {processor.py:925} INFO - DAG(s) 'consumer_dag_s5' retrieved from /opt/airflow/dags/Sesion5/consumer_dag_dataset.py
[2025-06-05T02:20:35.263+0000] {logging_mixin.py:190} INFO - [2025-06-05T02:20:35.263+0000] {dag.py:3239} INFO - Sync 1 DAGs
[2025-06-05T02:20:35.290+0000] {logging_mixin.py:190} INFO - [2025-06-05T02:20:35.290+0000] {dag.py:4180} INFO - Setting next_dagrun for consumer_dag_s5 to None, run_after=None
[2025-06-05T02:20:35.313+0000] {processor.py:208} INFO - Processing /opt/airflow/dags/Sesion5/consumer_dag_dataset.py took 0.087 seconds
[2025-06-05T02:21:06.499+0000] {processor.py:186} INFO - Started process (PID=3904) to work on /opt/airflow/dags/Sesion5/consumer_dag_dataset.py
[2025-06-05T02:21:06.500+0000] {processor.py:914} INFO - Processing file /opt/airflow/dags/Sesion5/consumer_dag_dataset.py for tasks to queue
[2025-06-05T02:21:06.503+0000] {logging_mixin.py:190} INFO - [2025-06-05T02:21:06.502+0000] {dagbag.py:588} INFO - Filling up the DagBag from /opt/airflow/dags/Sesion5/consumer_dag_dataset.py
[2025-06-05T02:21:06.509+0000] {processor.py:925} INFO - DAG(s) 'consumer_dag_s5' retrieved from /opt/airflow/dags/Sesion5/consumer_dag_dataset.py
[2025-06-05T02:21:06.532+0000] {logging_mixin.py:190} INFO - [2025-06-05T02:21:06.532+0000] {dag.py:3239} INFO - Sync 1 DAGs
[2025-06-05T02:21:06.567+0000] {logging_mixin.py:190} INFO - [2025-06-05T02:21:06.567+0000] {dag.py:4180} INFO - Setting next_dagrun for consumer_dag_s5 to None, run_after=None
[2025-06-05T02:21:06.597+0000] {processor.py:208} INFO - Processing /opt/airflow/dags/Sesion5/consumer_dag_dataset.py took 0.104 seconds
[2025-06-05T02:21:38.464+0000] {processor.py:186} INFO - Started process (PID=4019) to work on /opt/airflow/dags/Sesion5/consumer_dag_dataset.py
[2025-06-05T02:21:38.465+0000] {processor.py:914} INFO - Processing file /opt/airflow/dags/Sesion5/consumer_dag_dataset.py for tasks to queue
[2025-06-05T02:21:38.467+0000] {logging_mixin.py:190} INFO - [2025-06-05T02:21:38.466+0000] {dagbag.py:588} INFO - Filling up the DagBag from /opt/airflow/dags/Sesion5/consumer_dag_dataset.py
[2025-06-05T02:21:38.474+0000] {processor.py:925} INFO - DAG(s) 'consumer_dag_s5' retrieved from /opt/airflow/dags/Sesion5/consumer_dag_dataset.py
[2025-06-05T02:21:38.495+0000] {logging_mixin.py:190} INFO - [2025-06-05T02:21:38.495+0000] {dag.py:3239} INFO - Sync 1 DAGs
[2025-06-05T02:21:38.525+0000] {logging_mixin.py:190} INFO - [2025-06-05T02:21:38.524+0000] {dag.py:4180} INFO - Setting next_dagrun for consumer_dag_s5 to None, run_after=None
[2025-06-05T02:21:38.717+0000] {processor.py:208} INFO - Processing /opt/airflow/dags/Sesion5/consumer_dag_dataset.py took 0.260 seconds
[2025-06-05T02:22:09.647+0000] {processor.py:186} INFO - Started process (PID=4134) to work on /opt/airflow/dags/Sesion5/consumer_dag_dataset.py
[2025-06-05T02:22:09.648+0000] {processor.py:914} INFO - Processing file /opt/airflow/dags/Sesion5/consumer_dag_dataset.py for tasks to queue
[2025-06-05T02:22:09.650+0000] {logging_mixin.py:190} INFO - [2025-06-05T02:22:09.650+0000] {dagbag.py:588} INFO - Filling up the DagBag from /opt/airflow/dags/Sesion5/consumer_dag_dataset.py
[2025-06-05T02:22:09.659+0000] {processor.py:925} INFO - DAG(s) 'consumer_dag_s5' retrieved from /opt/airflow/dags/Sesion5/consumer_dag_dataset.py
[2025-06-05T02:22:09.680+0000] {logging_mixin.py:190} INFO - [2025-06-05T02:22:09.680+0000] {dag.py:3239} INFO - Sync 1 DAGs
[2025-06-05T02:22:09.710+0000] {logging_mixin.py:190} INFO - [2025-06-05T02:22:09.710+0000] {dag.py:4180} INFO - Setting next_dagrun for consumer_dag_s5 to None, run_after=None
[2025-06-05T02:22:09.734+0000] {processor.py:208} INFO - Processing /opt/airflow/dags/Sesion5/consumer_dag_dataset.py took 0.094 seconds
[2025-06-05T02:22:40.822+0000] {processor.py:186} INFO - Started process (PID=4249) to work on /opt/airflow/dags/Sesion5/consumer_dag_dataset.py
[2025-06-05T02:22:40.823+0000] {processor.py:914} INFO - Processing file /opt/airflow/dags/Sesion5/consumer_dag_dataset.py for tasks to queue
[2025-06-05T02:22:40.825+0000] {logging_mixin.py:190} INFO - [2025-06-05T02:22:40.825+0000] {dagbag.py:588} INFO - Filling up the DagBag from /opt/airflow/dags/Sesion5/consumer_dag_dataset.py
[2025-06-05T02:22:40.832+0000] {processor.py:925} INFO - DAG(s) 'consumer_dag_s5' retrieved from /opt/airflow/dags/Sesion5/consumer_dag_dataset.py
[2025-06-05T02:22:40.854+0000] {logging_mixin.py:190} INFO - [2025-06-05T02:22:40.854+0000] {dag.py:3239} INFO - Sync 1 DAGs
[2025-06-05T02:22:40.885+0000] {logging_mixin.py:190} INFO - [2025-06-05T02:22:40.885+0000] {dag.py:4180} INFO - Setting next_dagrun for consumer_dag_s5 to None, run_after=None
[2025-06-05T02:22:40.920+0000] {processor.py:208} INFO - Processing /opt/airflow/dags/Sesion5/consumer_dag_dataset.py took 0.104 seconds
[2025-06-05T02:23:11.915+0000] {processor.py:186} INFO - Started process (PID=4364) to work on /opt/airflow/dags/Sesion5/consumer_dag_dataset.py
[2025-06-05T02:23:11.916+0000] {processor.py:914} INFO - Processing file /opt/airflow/dags/Sesion5/consumer_dag_dataset.py for tasks to queue
[2025-06-05T02:23:11.919+0000] {logging_mixin.py:190} INFO - [2025-06-05T02:23:11.918+0000] {dagbag.py:588} INFO - Filling up the DagBag from /opt/airflow/dags/Sesion5/consumer_dag_dataset.py
[2025-06-05T02:23:11.926+0000] {processor.py:925} INFO - DAG(s) 'consumer_dag_s5' retrieved from /opt/airflow/dags/Sesion5/consumer_dag_dataset.py
[2025-06-05T02:23:11.964+0000] {logging_mixin.py:190} INFO - [2025-06-05T02:23:11.964+0000] {dag.py:3239} INFO - Sync 1 DAGs
[2025-06-05T02:23:11.994+0000] {logging_mixin.py:190} INFO - [2025-06-05T02:23:11.993+0000] {dag.py:4180} INFO - Setting next_dagrun for consumer_dag_s5 to None, run_after=None
[2025-06-05T02:23:12.019+0000] {processor.py:208} INFO - Processing /opt/airflow/dags/Sesion5/consumer_dag_dataset.py took 0.111 seconds
[2025-06-05T02:23:43.779+0000] {processor.py:186} INFO - Started process (PID=4479) to work on /opt/airflow/dags/Sesion5/consumer_dag_dataset.py
[2025-06-05T02:23:43.780+0000] {processor.py:914} INFO - Processing file /opt/airflow/dags/Sesion5/consumer_dag_dataset.py for tasks to queue
[2025-06-05T02:23:43.783+0000] {logging_mixin.py:190} INFO - [2025-06-05T02:23:43.782+0000] {dagbag.py:588} INFO - Filling up the DagBag from /opt/airflow/dags/Sesion5/consumer_dag_dataset.py
[2025-06-05T02:23:43.789+0000] {processor.py:925} INFO - DAG(s) 'consumer_dag_s5' retrieved from /opt/airflow/dags/Sesion5/consumer_dag_dataset.py
[2025-06-05T02:23:43.810+0000] {logging_mixin.py:190} INFO - [2025-06-05T02:23:43.809+0000] {dag.py:3239} INFO - Sync 1 DAGs
[2025-06-05T02:23:43.848+0000] {logging_mixin.py:190} INFO - [2025-06-05T02:23:43.848+0000] {dag.py:4180} INFO - Setting next_dagrun for consumer_dag_s5 to None, run_after=None
[2025-06-05T02:23:44.138+0000] {processor.py:208} INFO - Processing /opt/airflow/dags/Sesion5/consumer_dag_dataset.py took 0.366 seconds
[2025-06-05T02:24:15.114+0000] {processor.py:186} INFO - Started process (PID=4596) to work on /opt/airflow/dags/Sesion5/consumer_dag_dataset.py
[2025-06-05T02:24:15.115+0000] {processor.py:914} INFO - Processing file /opt/airflow/dags/Sesion5/consumer_dag_dataset.py for tasks to queue
[2025-06-05T02:24:15.118+0000] {logging_mixin.py:190} INFO - [2025-06-05T02:24:15.117+0000] {dagbag.py:588} INFO - Filling up the DagBag from /opt/airflow/dags/Sesion5/consumer_dag_dataset.py
[2025-06-05T02:24:15.124+0000] {processor.py:925} INFO - DAG(s) 'consumer_dag_s5' retrieved from /opt/airflow/dags/Sesion5/consumer_dag_dataset.py
[2025-06-05T02:24:15.146+0000] {logging_mixin.py:190} INFO - [2025-06-05T02:24:15.146+0000] {dag.py:3239} INFO - Sync 1 DAGs
[2025-06-05T02:24:15.190+0000] {logging_mixin.py:190} INFO - [2025-06-05T02:24:15.190+0000] {dag.py:4180} INFO - Setting next_dagrun for consumer_dag_s5 to None, run_after=None
[2025-06-05T02:24:15.233+0000] {processor.py:208} INFO - Processing /opt/airflow/dags/Sesion5/consumer_dag_dataset.py took 0.126 seconds
[2025-06-05T02:24:46.187+0000] {processor.py:186} INFO - Started process (PID=4709) to work on /opt/airflow/dags/Sesion5/consumer_dag_dataset.py
[2025-06-05T02:24:46.188+0000] {processor.py:914} INFO - Processing file /opt/airflow/dags/Sesion5/consumer_dag_dataset.py for tasks to queue
[2025-06-05T02:24:46.191+0000] {logging_mixin.py:190} INFO - [2025-06-05T02:24:46.190+0000] {dagbag.py:588} INFO - Filling up the DagBag from /opt/airflow/dags/Sesion5/consumer_dag_dataset.py
[2025-06-05T02:24:46.198+0000] {processor.py:925} INFO - DAG(s) 'consumer_dag_s5' retrieved from /opt/airflow/dags/Sesion5/consumer_dag_dataset.py
[2025-06-05T02:24:46.219+0000] {logging_mixin.py:190} INFO - [2025-06-05T02:24:46.219+0000] {dag.py:3239} INFO - Sync 1 DAGs
[2025-06-05T02:24:46.264+0000] {logging_mixin.py:190} INFO - [2025-06-05T02:24:46.264+0000] {dag.py:4180} INFO - Setting next_dagrun for consumer_dag_s5 to None, run_after=None
[2025-06-05T02:24:46.305+0000] {processor.py:208} INFO - Processing /opt/airflow/dags/Sesion5/consumer_dag_dataset.py took 0.125 seconds
[2025-06-05T02:25:17.618+0000] {processor.py:186} INFO - Started process (PID=4841) to work on /opt/airflow/dags/Sesion5/consumer_dag_dataset.py
[2025-06-05T02:25:17.619+0000] {processor.py:914} INFO - Processing file /opt/airflow/dags/Sesion5/consumer_dag_dataset.py for tasks to queue
[2025-06-05T02:25:17.621+0000] {logging_mixin.py:190} INFO - [2025-06-05T02:25:17.621+0000] {dagbag.py:588} INFO - Filling up the DagBag from /opt/airflow/dags/Sesion5/consumer_dag_dataset.py
[2025-06-05T02:25:17.628+0000] {processor.py:925} INFO - DAG(s) 'consumer_dag_s5' retrieved from /opt/airflow/dags/Sesion5/consumer_dag_dataset.py
[2025-06-05T02:25:17.648+0000] {logging_mixin.py:190} INFO - [2025-06-05T02:25:17.648+0000] {dag.py:3239} INFO - Sync 1 DAGs
[2025-06-05T02:25:17.681+0000] {logging_mixin.py:190} INFO - [2025-06-05T02:25:17.681+0000] {dag.py:4180} INFO - Setting next_dagrun for consumer_dag_s5 to None, run_after=None
[2025-06-05T02:25:17.705+0000] {processor.py:208} INFO - Processing /opt/airflow/dags/Sesion5/consumer_dag_dataset.py took 0.094 seconds
[2025-06-05T02:25:49.468+0000] {processor.py:186} INFO - Started process (PID=4954) to work on /opt/airflow/dags/Sesion5/consumer_dag_dataset.py
[2025-06-05T02:25:49.469+0000] {processor.py:914} INFO - Processing file /opt/airflow/dags/Sesion5/consumer_dag_dataset.py for tasks to queue
[2025-06-05T02:25:49.471+0000] {logging_mixin.py:190} INFO - [2025-06-05T02:25:49.471+0000] {dagbag.py:588} INFO - Filling up the DagBag from /opt/airflow/dags/Sesion5/consumer_dag_dataset.py
[2025-06-05T02:25:49.478+0000] {processor.py:925} INFO - DAG(s) 'consumer_dag_s5' retrieved from /opt/airflow/dags/Sesion5/consumer_dag_dataset.py
[2025-06-05T02:25:49.500+0000] {logging_mixin.py:190} INFO - [2025-06-05T02:25:49.500+0000] {dag.py:3239} INFO - Sync 1 DAGs
[2025-06-05T02:25:49.528+0000] {logging_mixin.py:190} INFO - [2025-06-05T02:25:49.528+0000] {dag.py:4180} INFO - Setting next_dagrun for consumer_dag_s5 to None, run_after=None
[2025-06-05T02:25:49.714+0000] {processor.py:208} INFO - Processing /opt/airflow/dags/Sesion5/consumer_dag_dataset.py took 0.254 seconds
[2025-06-05T02:26:21.125+0000] {processor.py:186} INFO - Started process (PID=5071) to work on /opt/airflow/dags/Sesion5/consumer_dag_dataset.py
[2025-06-05T02:26:21.126+0000] {processor.py:914} INFO - Processing file /opt/airflow/dags/Sesion5/consumer_dag_dataset.py for tasks to queue
[2025-06-05T02:26:21.128+0000] {logging_mixin.py:190} INFO - [2025-06-05T02:26:21.128+0000] {dagbag.py:588} INFO - Filling up the DagBag from /opt/airflow/dags/Sesion5/consumer_dag_dataset.py
[2025-06-05T02:26:21.135+0000] {processor.py:925} INFO - DAG(s) 'consumer_dag_s5' retrieved from /opt/airflow/dags/Sesion5/consumer_dag_dataset.py
[2025-06-05T02:26:21.155+0000] {logging_mixin.py:190} INFO - [2025-06-05T02:26:21.155+0000] {dag.py:3239} INFO - Sync 1 DAGs
[2025-06-05T02:26:21.377+0000] {logging_mixin.py:190} INFO - [2025-06-05T02:26:21.377+0000] {dag.py:4180} INFO - Setting next_dagrun for consumer_dag_s5 to None, run_after=None
[2025-06-05T02:26:21.419+0000] {processor.py:208} INFO - Processing /opt/airflow/dags/Sesion5/consumer_dag_dataset.py took 0.301 seconds
[2025-06-05T02:26:51.600+0000] {processor.py:186} INFO - Started process (PID=5191) to work on /opt/airflow/dags/Sesion5/consumer_dag_dataset.py
[2025-06-05T02:26:51.600+0000] {processor.py:914} INFO - Processing file /opt/airflow/dags/Sesion5/consumer_dag_dataset.py for tasks to queue
[2025-06-05T02:26:51.602+0000] {logging_mixin.py:190} INFO - [2025-06-05T02:26:51.602+0000] {dagbag.py:588} INFO - Filling up the DagBag from /opt/airflow/dags/Sesion5/consumer_dag_dataset.py
[2025-06-05T02:26:51.607+0000] {processor.py:925} INFO - DAG(s) 'consumer_dag_s5' retrieved from /opt/airflow/dags/Sesion5/consumer_dag_dataset.py
[2025-06-05T02:26:51.623+0000] {logging_mixin.py:190} INFO - [2025-06-05T02:26:51.623+0000] {dag.py:3239} INFO - Sync 1 DAGs
[2025-06-05T02:26:51.643+0000] {logging_mixin.py:190} INFO - [2025-06-05T02:26:51.643+0000] {dag.py:4180} INFO - Setting next_dagrun for consumer_dag_s5 to None, run_after=None
[2025-06-05T02:26:51.661+0000] {processor.py:208} INFO - Processing /opt/airflow/dags/Sesion5/consumer_dag_dataset.py took 0.067 seconds
[2025-06-05T02:27:22.513+0000] {processor.py:186} INFO - Started process (PID=5299) to work on /opt/airflow/dags/Sesion5/consumer_dag_dataset.py
[2025-06-05T02:27:22.514+0000] {processor.py:914} INFO - Processing file /opt/airflow/dags/Sesion5/consumer_dag_dataset.py for tasks to queue
[2025-06-05T02:27:22.516+0000] {logging_mixin.py:190} INFO - [2025-06-05T02:27:22.516+0000] {dagbag.py:588} INFO - Filling up the DagBag from /opt/airflow/dags/Sesion5/consumer_dag_dataset.py
[2025-06-05T02:27:22.525+0000] {processor.py:925} INFO - DAG(s) 'consumer_dag_s5' retrieved from /opt/airflow/dags/Sesion5/consumer_dag_dataset.py
[2025-06-05T02:27:22.552+0000] {logging_mixin.py:190} INFO - [2025-06-05T02:27:22.552+0000] {dag.py:3239} INFO - Sync 1 DAGs
[2025-06-05T02:27:22.581+0000] {logging_mixin.py:190} INFO - [2025-06-05T02:27:22.580+0000] {dag.py:4180} INFO - Setting next_dagrun for consumer_dag_s5 to None, run_after=None
[2025-06-05T02:27:22.604+0000] {processor.py:208} INFO - Processing /opt/airflow/dags/Sesion5/consumer_dag_dataset.py took 0.099 seconds
[2025-06-05T02:27:54.642+0000] {processor.py:186} INFO - Started process (PID=5414) to work on /opt/airflow/dags/Sesion5/consumer_dag_dataset.py
[2025-06-05T02:27:54.644+0000] {processor.py:914} INFO - Processing file /opt/airflow/dags/Sesion5/consumer_dag_dataset.py for tasks to queue
[2025-06-05T02:27:54.646+0000] {logging_mixin.py:190} INFO - [2025-06-05T02:27:54.646+0000] {dagbag.py:588} INFO - Filling up the DagBag from /opt/airflow/dags/Sesion5/consumer_dag_dataset.py
[2025-06-05T02:27:54.653+0000] {processor.py:925} INFO - DAG(s) 'consumer_dag_s5' retrieved from /opt/airflow/dags/Sesion5/consumer_dag_dataset.py
[2025-06-05T02:27:54.676+0000] {logging_mixin.py:190} INFO - [2025-06-05T02:27:54.676+0000] {dag.py:3239} INFO - Sync 1 DAGs
[2025-06-05T02:27:54.707+0000] {logging_mixin.py:190} INFO - [2025-06-05T02:27:54.707+0000] {dag.py:4180} INFO - Setting next_dagrun for consumer_dag_s5 to None, run_after=None
[2025-06-05T02:27:54.933+0000] {processor.py:208} INFO - Processing /opt/airflow/dags/Sesion5/consumer_dag_dataset.py took 0.298 seconds
[2025-06-05T02:28:26.141+0000] {processor.py:186} INFO - Started process (PID=5529) to work on /opt/airflow/dags/Sesion5/consumer_dag_dataset.py
[2025-06-05T02:28:26.142+0000] {processor.py:914} INFO - Processing file /opt/airflow/dags/Sesion5/consumer_dag_dataset.py for tasks to queue
[2025-06-05T02:28:26.145+0000] {logging_mixin.py:190} INFO - [2025-06-05T02:28:26.144+0000] {dagbag.py:588} INFO - Filling up the DagBag from /opt/airflow/dags/Sesion5/consumer_dag_dataset.py
[2025-06-05T02:28:26.151+0000] {processor.py:925} INFO - DAG(s) 'consumer_dag_s5' retrieved from /opt/airflow/dags/Sesion5/consumer_dag_dataset.py
[2025-06-05T02:28:26.171+0000] {logging_mixin.py:190} INFO - [2025-06-05T02:28:26.171+0000] {dag.py:3239} INFO - Sync 1 DAGs
[2025-06-05T02:28:26.401+0000] {logging_mixin.py:190} INFO - [2025-06-05T02:28:26.401+0000] {dag.py:4180} INFO - Setting next_dagrun for consumer_dag_s5 to None, run_after=None
[2025-06-05T02:28:26.423+0000] {processor.py:208} INFO - Processing /opt/airflow/dags/Sesion5/consumer_dag_dataset.py took 0.289 seconds
[2025-06-05T02:28:57.095+0000] {processor.py:186} INFO - Started process (PID=5644) to work on /opt/airflow/dags/Sesion5/consumer_dag_dataset.py
[2025-06-05T02:28:57.096+0000] {processor.py:914} INFO - Processing file /opt/airflow/dags/Sesion5/consumer_dag_dataset.py for tasks to queue
[2025-06-05T02:28:57.099+0000] {logging_mixin.py:190} INFO - [2025-06-05T02:28:57.098+0000] {dagbag.py:588} INFO - Filling up the DagBag from /opt/airflow/dags/Sesion5/consumer_dag_dataset.py
[2025-06-05T02:28:57.105+0000] {processor.py:925} INFO - DAG(s) 'consumer_dag_s5' retrieved from /opt/airflow/dags/Sesion5/consumer_dag_dataset.py
[2025-06-05T02:28:57.124+0000] {logging_mixin.py:190} INFO - [2025-06-05T02:28:57.124+0000] {dag.py:3239} INFO - Sync 1 DAGs
[2025-06-05T02:28:57.154+0000] {logging_mixin.py:190} INFO - [2025-06-05T02:28:57.153+0000] {dag.py:4180} INFO - Setting next_dagrun for consumer_dag_s5 to None, run_after=None
[2025-06-05T02:28:57.180+0000] {processor.py:208} INFO - Processing /opt/airflow/dags/Sesion5/consumer_dag_dataset.py took 0.092 seconds
[2025-06-05T02:29:28.382+0000] {processor.py:186} INFO - Started process (PID=5759) to work on /opt/airflow/dags/Sesion5/consumer_dag_dataset.py
[2025-06-05T02:29:28.383+0000] {processor.py:914} INFO - Processing file /opt/airflow/dags/Sesion5/consumer_dag_dataset.py for tasks to queue
[2025-06-05T02:29:28.386+0000] {logging_mixin.py:190} INFO - [2025-06-05T02:29:28.385+0000] {dagbag.py:588} INFO - Filling up the DagBag from /opt/airflow/dags/Sesion5/consumer_dag_dataset.py
[2025-06-05T02:29:28.392+0000] {processor.py:925} INFO - DAG(s) 'consumer_dag_s5' retrieved from /opt/airflow/dags/Sesion5/consumer_dag_dataset.py
[2025-06-05T02:29:28.414+0000] {logging_mixin.py:190} INFO - [2025-06-05T02:29:28.413+0000] {dag.py:3239} INFO - Sync 1 DAGs
[2025-06-05T02:29:28.445+0000] {logging_mixin.py:190} INFO - [2025-06-05T02:29:28.444+0000] {dag.py:4180} INFO - Setting next_dagrun for consumer_dag_s5 to None, run_after=None
[2025-06-05T02:29:28.491+0000] {processor.py:208} INFO - Processing /opt/airflow/dags/Sesion5/consumer_dag_dataset.py took 0.117 seconds
[2025-06-05T02:30:00.451+0000] {processor.py:186} INFO - Started process (PID=5874) to work on /opt/airflow/dags/Sesion5/consumer_dag_dataset.py
[2025-06-05T02:30:00.452+0000] {processor.py:914} INFO - Processing file /opt/airflow/dags/Sesion5/consumer_dag_dataset.py for tasks to queue
[2025-06-05T02:30:00.455+0000] {logging_mixin.py:190} INFO - [2025-06-05T02:30:00.454+0000] {dagbag.py:588} INFO - Filling up the DagBag from /opt/airflow/dags/Sesion5/consumer_dag_dataset.py
[2025-06-05T02:30:00.461+0000] {processor.py:925} INFO - DAG(s) 'consumer_dag_s5' retrieved from /opt/airflow/dags/Sesion5/consumer_dag_dataset.py
[2025-06-05T02:30:00.483+0000] {logging_mixin.py:190} INFO - [2025-06-05T02:30:00.482+0000] {dag.py:3239} INFO - Sync 1 DAGs
[2025-06-05T02:30:00.510+0000] {logging_mixin.py:190} INFO - [2025-06-05T02:30:00.510+0000] {dag.py:4180} INFO - Setting next_dagrun for consumer_dag_s5 to None, run_after=None
[2025-06-05T02:30:00.731+0000] {processor.py:208} INFO - Processing /opt/airflow/dags/Sesion5/consumer_dag_dataset.py took 0.287 seconds
[2025-06-05T02:30:31.183+0000] {processor.py:186} INFO - Started process (PID=5989) to work on /opt/airflow/dags/Sesion5/consumer_dag_dataset.py
[2025-06-05T02:30:31.184+0000] {processor.py:914} INFO - Processing file /opt/airflow/dags/Sesion5/consumer_dag_dataset.py for tasks to queue
[2025-06-05T02:30:31.186+0000] {logging_mixin.py:190} INFO - [2025-06-05T02:30:31.186+0000] {dagbag.py:588} INFO - Filling up the DagBag from /opt/airflow/dags/Sesion5/consumer_dag_dataset.py
[2025-06-05T02:30:31.193+0000] {processor.py:925} INFO - DAG(s) 'consumer_dag_s5' retrieved from /opt/airflow/dags/Sesion5/consumer_dag_dataset.py
[2025-06-05T02:30:31.213+0000] {logging_mixin.py:190} INFO - [2025-06-05T02:30:31.213+0000] {dag.py:3239} INFO - Sync 1 DAGs
[2025-06-05T02:30:31.405+0000] {logging_mixin.py:190} INFO - [2025-06-05T02:30:31.404+0000] {dag.py:4180} INFO - Setting next_dagrun for consumer_dag_s5 to None, run_after=None
[2025-06-05T02:30:31.426+0000] {processor.py:208} INFO - Processing /opt/airflow/dags/Sesion5/consumer_dag_dataset.py took 0.250 seconds
[2025-06-05T02:31:01.741+0000] {processor.py:186} INFO - Started process (PID=6104) to work on /opt/airflow/dags/Sesion5/consumer_dag_dataset.py
[2025-06-05T02:31:01.742+0000] {processor.py:914} INFO - Processing file /opt/airflow/dags/Sesion5/consumer_dag_dataset.py for tasks to queue
[2025-06-05T02:31:01.744+0000] {logging_mixin.py:190} INFO - [2025-06-05T02:31:01.744+0000] {dagbag.py:588} INFO - Filling up the DagBag from /opt/airflow/dags/Sesion5/consumer_dag_dataset.py
[2025-06-05T02:31:01.753+0000] {processor.py:925} INFO - DAG(s) 'consumer_dag_s5' retrieved from /opt/airflow/dags/Sesion5/consumer_dag_dataset.py
[2025-06-05T02:31:01.774+0000] {logging_mixin.py:190} INFO - [2025-06-05T02:31:01.773+0000] {dag.py:3239} INFO - Sync 1 DAGs
[2025-06-05T02:31:01.803+0000] {logging_mixin.py:190} INFO - [2025-06-05T02:31:01.802+0000] {dag.py:4180} INFO - Setting next_dagrun for consumer_dag_s5 to None, run_after=None
[2025-06-05T02:31:01.828+0000] {processor.py:208} INFO - Processing /opt/airflow/dags/Sesion5/consumer_dag_dataset.py took 0.094 seconds
[2025-06-05T02:31:32.578+0000] {processor.py:186} INFO - Started process (PID=6219) to work on /opt/airflow/dags/Sesion5/consumer_dag_dataset.py
[2025-06-05T02:31:32.579+0000] {processor.py:914} INFO - Processing file /opt/airflow/dags/Sesion5/consumer_dag_dataset.py for tasks to queue
[2025-06-05T02:31:32.581+0000] {logging_mixin.py:190} INFO - [2025-06-05T02:31:32.581+0000] {dagbag.py:588} INFO - Filling up the DagBag from /opt/airflow/dags/Sesion5/consumer_dag_dataset.py
[2025-06-05T02:31:32.588+0000] {processor.py:925} INFO - DAG(s) 'consumer_dag_s5' retrieved from /opt/airflow/dags/Sesion5/consumer_dag_dataset.py
[2025-06-05T02:31:32.610+0000] {logging_mixin.py:190} INFO - [2025-06-05T02:31:32.610+0000] {dag.py:3239} INFO - Sync 1 DAGs
[2025-06-05T02:31:32.640+0000] {logging_mixin.py:190} INFO - [2025-06-05T02:31:32.640+0000] {dag.py:4180} INFO - Setting next_dagrun for consumer_dag_s5 to None, run_after=None
[2025-06-05T02:31:32.665+0000] {processor.py:208} INFO - Processing /opt/airflow/dags/Sesion5/consumer_dag_dataset.py took 0.093 seconds
[2025-06-05T02:32:04.424+0000] {processor.py:186} INFO - Started process (PID=6334) to work on /opt/airflow/dags/Sesion5/consumer_dag_dataset.py
[2025-06-05T02:32:04.426+0000] {processor.py:914} INFO - Processing file /opt/airflow/dags/Sesion5/consumer_dag_dataset.py for tasks to queue
[2025-06-05T02:32:04.431+0000] {logging_mixin.py:190} INFO - [2025-06-05T02:32:04.431+0000] {dagbag.py:588} INFO - Filling up the DagBag from /opt/airflow/dags/Sesion5/consumer_dag_dataset.py
[2025-06-05T02:32:04.443+0000] {processor.py:925} INFO - DAG(s) 'consumer_dag_s5' retrieved from /opt/airflow/dags/Sesion5/consumer_dag_dataset.py
[2025-06-05T02:32:04.478+0000] {logging_mixin.py:190} INFO - [2025-06-05T02:32:04.478+0000] {dag.py:3239} INFO - Sync 1 DAGs
[2025-06-05T02:32:04.510+0000] {logging_mixin.py:190} INFO - [2025-06-05T02:32:04.510+0000] {dag.py:4180} INFO - Setting next_dagrun for consumer_dag_s5 to None, run_after=None
[2025-06-05T02:32:04.778+0000] {processor.py:208} INFO - Processing /opt/airflow/dags/Sesion5/consumer_dag_dataset.py took 0.361 seconds
[2025-06-05T02:32:35.563+0000] {processor.py:186} INFO - Started process (PID=6449) to work on /opt/airflow/dags/Sesion5/consumer_dag_dataset.py
[2025-06-05T02:32:35.564+0000] {processor.py:914} INFO - Processing file /opt/airflow/dags/Sesion5/consumer_dag_dataset.py for tasks to queue
[2025-06-05T02:32:35.566+0000] {logging_mixin.py:190} INFO - [2025-06-05T02:32:35.566+0000] {dagbag.py:588} INFO - Filling up the DagBag from /opt/airflow/dags/Sesion5/consumer_dag_dataset.py
[2025-06-05T02:32:35.572+0000] {processor.py:925} INFO - DAG(s) 'consumer_dag_s5' retrieved from /opt/airflow/dags/Sesion5/consumer_dag_dataset.py
[2025-06-05T02:32:35.594+0000] {logging_mixin.py:190} INFO - [2025-06-05T02:32:35.594+0000] {dag.py:3239} INFO - Sync 1 DAGs
[2025-06-05T02:32:35.817+0000] {logging_mixin.py:190} INFO - [2025-06-05T02:32:35.816+0000] {dag.py:4180} INFO - Setting next_dagrun for consumer_dag_s5 to None, run_after=None
[2025-06-05T02:32:35.838+0000] {processor.py:208} INFO - Processing /opt/airflow/dags/Sesion5/consumer_dag_dataset.py took 0.283 seconds
[2025-06-05T02:33:06.426+0000] {processor.py:186} INFO - Started process (PID=6564) to work on /opt/airflow/dags/Sesion5/consumer_dag_dataset.py
[2025-06-05T02:33:06.428+0000] {processor.py:914} INFO - Processing file /opt/airflow/dags/Sesion5/consumer_dag_dataset.py for tasks to queue
[2025-06-05T02:33:06.432+0000] {logging_mixin.py:190} INFO - [2025-06-05T02:33:06.431+0000] {dagbag.py:588} INFO - Filling up the DagBag from /opt/airflow/dags/Sesion5/consumer_dag_dataset.py
[2025-06-05T02:33:06.447+0000] {processor.py:925} INFO - DAG(s) 'consumer_dag_s5' retrieved from /opt/airflow/dags/Sesion5/consumer_dag_dataset.py
[2025-06-05T02:33:06.647+0000] {logging_mixin.py:190} INFO - [2025-06-05T02:33:06.647+0000] {dag.py:3239} INFO - Sync 1 DAGs
[2025-06-05T02:33:06.677+0000] {logging_mixin.py:190} INFO - [2025-06-05T02:33:06.675+0000] {dag.py:4180} INFO - Setting next_dagrun for consumer_dag_s5 to None, run_after=None
[2025-06-05T02:33:06.701+0000] {processor.py:208} INFO - Processing /opt/airflow/dags/Sesion5/consumer_dag_dataset.py took 0.292 seconds
[2025-06-05T02:33:36.866+0000] {processor.py:186} INFO - Started process (PID=6678) to work on /opt/airflow/dags/Sesion5/consumer_dag_dataset.py
[2025-06-05T02:33:36.867+0000] {processor.py:914} INFO - Processing file /opt/airflow/dags/Sesion5/consumer_dag_dataset.py for tasks to queue
[2025-06-05T02:33:36.870+0000] {logging_mixin.py:190} INFO - [2025-06-05T02:33:36.869+0000] {dagbag.py:588} INFO - Filling up the DagBag from /opt/airflow/dags/Sesion5/consumer_dag_dataset.py
[2025-06-05T02:33:36.877+0000] {processor.py:925} INFO - DAG(s) 'consumer_dag_s5' retrieved from /opt/airflow/dags/Sesion5/consumer_dag_dataset.py
[2025-06-05T02:33:36.910+0000] {logging_mixin.py:190} INFO - [2025-06-05T02:33:36.909+0000] {dag.py:3239} INFO - Sync 1 DAGs
[2025-06-05T02:33:36.970+0000] {logging_mixin.py:190} INFO - [2025-06-05T02:33:36.969+0000] {dag.py:4180} INFO - Setting next_dagrun for consumer_dag_s5 to None, run_after=None
[2025-06-05T02:33:37.027+0000] {processor.py:208} INFO - Processing /opt/airflow/dags/Sesion5/consumer_dag_dataset.py took 0.177 seconds
[2025-06-05T02:34:07.486+0000] {processor.py:186} INFO - Started process (PID=6788) to work on /opt/airflow/dags/Sesion5/consumer_dag_dataset.py
[2025-06-05T02:34:07.487+0000] {processor.py:914} INFO - Processing file /opt/airflow/dags/Sesion5/consumer_dag_dataset.py for tasks to queue
[2025-06-05T02:34:07.490+0000] {logging_mixin.py:190} INFO - [2025-06-05T02:34:07.489+0000] {dagbag.py:588} INFO - Filling up the DagBag from /opt/airflow/dags/Sesion5/consumer_dag_dataset.py
[2025-06-05T02:34:07.505+0000] {processor.py:925} INFO - DAG(s) 'consumer_dag_s5' retrieved from /opt/airflow/dags/Sesion5/consumer_dag_dataset.py
[2025-06-05T02:34:07.556+0000] {logging_mixin.py:190} INFO - [2025-06-05T02:34:07.556+0000] {dag.py:3239} INFO - Sync 1 DAGs
[2025-06-05T02:34:07.611+0000] {logging_mixin.py:190} INFO - [2025-06-05T02:34:07.611+0000] {dag.py:4180} INFO - Setting next_dagrun for consumer_dag_s5 to None, run_after=None
[2025-06-05T02:34:07.660+0000] {processor.py:208} INFO - Processing /opt/airflow/dags/Sesion5/consumer_dag_dataset.py took 0.182 seconds
[2025-06-05T05:21:09.074+0000] {processor.py:186} INFO - Started process (PID=244) to work on /opt/airflow/dags/Sesion5/consumer_dag_dataset.py
[2025-06-05T05:21:09.075+0000] {processor.py:914} INFO - Processing file /opt/airflow/dags/Sesion5/consumer_dag_dataset.py for tasks to queue
[2025-06-05T05:21:09.080+0000] {logging_mixin.py:190} INFO - [2025-06-05T05:21:09.080+0000] {dagbag.py:588} INFO - Filling up the DagBag from /opt/airflow/dags/Sesion5/consumer_dag_dataset.py
[2025-06-05T05:21:09.110+0000] {processor.py:925} INFO - DAG(s) 'consumer_dag_s5' retrieved from /opt/airflow/dags/Sesion5/consumer_dag_dataset.py
[2025-06-05T05:21:09.174+0000] {logging_mixin.py:190} INFO - [2025-06-05T05:21:09.174+0000] {dag.py:3239} INFO - Sync 1 DAGs
[2025-06-05T05:21:09.271+0000] {logging_mixin.py:190} INFO - [2025-06-05T05:21:09.271+0000] {dag.py:4180} INFO - Setting next_dagrun for consumer_dag_s5 to None, run_after=None
[2025-06-05T05:21:09.346+0000] {processor.py:208} INFO - Processing /opt/airflow/dags/Sesion5/consumer_dag_dataset.py took 0.284 seconds
[2025-06-05T05:21:39.735+0000] {processor.py:186} INFO - Started process (PID=359) to work on /opt/airflow/dags/Sesion5/consumer_dag_dataset.py
[2025-06-05T05:21:39.736+0000] {processor.py:914} INFO - Processing file /opt/airflow/dags/Sesion5/consumer_dag_dataset.py for tasks to queue
[2025-06-05T05:21:39.739+0000] {logging_mixin.py:190} INFO - [2025-06-05T05:21:39.738+0000] {dagbag.py:588} INFO - Filling up the DagBag from /opt/airflow/dags/Sesion5/consumer_dag_dataset.py
[2025-06-05T05:21:39.745+0000] {processor.py:925} INFO - DAG(s) 'consumer_dag_s5' retrieved from /opt/airflow/dags/Sesion5/consumer_dag_dataset.py
[2025-06-05T05:21:39.764+0000] {logging_mixin.py:190} INFO - [2025-06-05T05:21:39.764+0000] {dag.py:3239} INFO - Sync 1 DAGs
[2025-06-05T05:21:39.791+0000] {logging_mixin.py:190} INFO - [2025-06-05T05:21:39.790+0000] {dag.py:4180} INFO - Setting next_dagrun for consumer_dag_s5 to None, run_after=None
[2025-06-05T05:21:39.821+0000] {processor.py:208} INFO - Processing /opt/airflow/dags/Sesion5/consumer_dag_dataset.py took 0.093 seconds
[2025-06-05T05:22:10.272+0000] {processor.py:186} INFO - Started process (PID=475) to work on /opt/airflow/dags/Sesion5/consumer_dag_dataset.py
[2025-06-05T05:22:10.273+0000] {processor.py:914} INFO - Processing file /opt/airflow/dags/Sesion5/consumer_dag_dataset.py for tasks to queue
[2025-06-05T05:22:10.276+0000] {logging_mixin.py:190} INFO - [2025-06-05T05:22:10.275+0000] {dagbag.py:588} INFO - Filling up the DagBag from /opt/airflow/dags/Sesion5/consumer_dag_dataset.py
[2025-06-05T05:22:10.285+0000] {processor.py:925} INFO - DAG(s) 'consumer_dag_s5' retrieved from /opt/airflow/dags/Sesion5/consumer_dag_dataset.py
[2025-06-05T05:22:10.299+0000] {logging_mixin.py:190} INFO - [2025-06-05T05:22:10.299+0000] {dag.py:3239} INFO - Sync 1 DAGs
[2025-06-05T05:22:10.319+0000] {logging_mixin.py:190} INFO - [2025-06-05T05:22:10.319+0000] {dag.py:4180} INFO - Setting next_dagrun for consumer_dag_s5 to None, run_after=None
[2025-06-05T05:22:10.341+0000] {processor.py:208} INFO - Processing /opt/airflow/dags/Sesion5/consumer_dag_dataset.py took 0.080 seconds
[2025-06-05T05:22:41.460+0000] {processor.py:186} INFO - Started process (PID=591) to work on /opt/airflow/dags/Sesion5/consumer_dag_dataset.py
[2025-06-05T05:22:41.460+0000] {processor.py:914} INFO - Processing file /opt/airflow/dags/Sesion5/consumer_dag_dataset.py for tasks to queue
[2025-06-05T05:22:41.462+0000] {logging_mixin.py:190} INFO - [2025-06-05T05:22:41.462+0000] {dagbag.py:588} INFO - Filling up the DagBag from /opt/airflow/dags/Sesion5/consumer_dag_dataset.py
[2025-06-05T05:22:41.467+0000] {processor.py:925} INFO - DAG(s) 'consumer_dag_s5' retrieved from /opt/airflow/dags/Sesion5/consumer_dag_dataset.py
[2025-06-05T05:22:41.481+0000] {logging_mixin.py:190} INFO - [2025-06-05T05:22:41.481+0000] {dag.py:3239} INFO - Sync 1 DAGs
[2025-06-05T05:22:41.509+0000] {logging_mixin.py:190} INFO - [2025-06-05T05:22:41.508+0000] {dag.py:4180} INFO - Setting next_dagrun for consumer_dag_s5 to None, run_after=None
[2025-06-05T05:22:41.533+0000] {processor.py:208} INFO - Processing /opt/airflow/dags/Sesion5/consumer_dag_dataset.py took 0.078 seconds
[2025-06-05T05:23:12.828+0000] {processor.py:186} INFO - Started process (PID=704) to work on /opt/airflow/dags/Sesion5/consumer_dag_dataset.py
[2025-06-05T05:23:12.830+0000] {processor.py:914} INFO - Processing file /opt/airflow/dags/Sesion5/consumer_dag_dataset.py for tasks to queue
[2025-06-05T05:23:12.833+0000] {logging_mixin.py:190} INFO - [2025-06-05T05:23:12.833+0000] {dagbag.py:588} INFO - Filling up the DagBag from /opt/airflow/dags/Sesion5/consumer_dag_dataset.py
[2025-06-05T05:23:12.840+0000] {processor.py:925} INFO - DAG(s) 'consumer_dag_s5' retrieved from /opt/airflow/dags/Sesion5/consumer_dag_dataset.py
[2025-06-05T05:23:12.871+0000] {logging_mixin.py:190} INFO - [2025-06-05T05:23:12.871+0000] {dag.py:3239} INFO - Sync 1 DAGs
[2025-06-05T05:23:12.906+0000] {logging_mixin.py:190} INFO - [2025-06-05T05:23:12.906+0000] {dag.py:4180} INFO - Setting next_dagrun for consumer_dag_s5 to None, run_after=None
[2025-06-05T05:23:12.932+0000] {processor.py:208} INFO - Processing /opt/airflow/dags/Sesion5/consumer_dag_dataset.py took 0.121 seconds
[2025-06-05T05:23:44.107+0000] {processor.py:186} INFO - Started process (PID=819) to work on /opt/airflow/dags/Sesion5/consumer_dag_dataset.py
[2025-06-05T05:23:44.108+0000] {processor.py:914} INFO - Processing file /opt/airflow/dags/Sesion5/consumer_dag_dataset.py for tasks to queue
[2025-06-05T05:23:44.110+0000] {logging_mixin.py:190} INFO - [2025-06-05T05:23:44.110+0000] {dagbag.py:588} INFO - Filling up the DagBag from /opt/airflow/dags/Sesion5/consumer_dag_dataset.py
[2025-06-05T05:23:44.117+0000] {processor.py:925} INFO - DAG(s) 'consumer_dag_s5' retrieved from /opt/airflow/dags/Sesion5/consumer_dag_dataset.py
[2025-06-05T05:23:44.140+0000] {logging_mixin.py:190} INFO - [2025-06-05T05:23:44.138+0000] {dag.py:3239} INFO - Sync 1 DAGs
[2025-06-05T05:23:44.185+0000] {logging_mixin.py:190} INFO - [2025-06-05T05:23:44.185+0000] {dag.py:4180} INFO - Setting next_dagrun for consumer_dag_s5 to None, run_after=None
[2025-06-05T05:23:44.212+0000] {processor.py:208} INFO - Processing /opt/airflow/dags/Sesion5/consumer_dag_dataset.py took 0.112 seconds
[2025-06-05T05:24:15.948+0000] {processor.py:186} INFO - Started process (PID=928) to work on /opt/airflow/dags/Sesion5/consumer_dag_dataset.py
[2025-06-05T05:24:15.949+0000] {processor.py:914} INFO - Processing file /opt/airflow/dags/Sesion5/consumer_dag_dataset.py for tasks to queue
[2025-06-05T05:24:15.951+0000] {logging_mixin.py:190} INFO - [2025-06-05T05:24:15.950+0000] {dagbag.py:588} INFO - Filling up the DagBag from /opt/airflow/dags/Sesion5/consumer_dag_dataset.py
[2025-06-05T05:24:15.958+0000] {processor.py:925} INFO - DAG(s) 'consumer_dag_s5' retrieved from /opt/airflow/dags/Sesion5/consumer_dag_dataset.py
[2025-06-05T05:24:16.010+0000] {logging_mixin.py:190} INFO - [2025-06-05T05:24:16.009+0000] {dag.py:3239} INFO - Sync 1 DAGs
[2025-06-05T05:24:16.046+0000] {logging_mixin.py:190} INFO - [2025-06-05T05:24:16.045+0000] {dag.py:4180} INFO - Setting next_dagrun for consumer_dag_s5 to None, run_after=None
[2025-06-05T05:24:16.071+0000] {processor.py:208} INFO - Processing /opt/airflow/dags/Sesion5/consumer_dag_dataset.py took 0.131 seconds
[2025-06-05T05:24:46.950+0000] {processor.py:186} INFO - Started process (PID=1043) to work on /opt/airflow/dags/Sesion5/consumer_dag_dataset.py
[2025-06-05T05:24:46.951+0000] {processor.py:914} INFO - Processing file /opt/airflow/dags/Sesion5/consumer_dag_dataset.py for tasks to queue
[2025-06-05T05:24:46.953+0000] {logging_mixin.py:190} INFO - [2025-06-05T05:24:46.953+0000] {dagbag.py:588} INFO - Filling up the DagBag from /opt/airflow/dags/Sesion5/consumer_dag_dataset.py
[2025-06-05T05:24:46.959+0000] {processor.py:925} INFO - DAG(s) 'consumer_dag_s5' retrieved from /opt/airflow/dags/Sesion5/consumer_dag_dataset.py
[2025-06-05T05:24:46.978+0000] {logging_mixin.py:190} INFO - [2025-06-05T05:24:46.978+0000] {dag.py:3239} INFO - Sync 1 DAGs
[2025-06-05T05:24:47.007+0000] {logging_mixin.py:190} INFO - [2025-06-05T05:24:47.006+0000] {dag.py:4180} INFO - Setting next_dagrun for consumer_dag_s5 to None, run_after=None
[2025-06-05T05:24:47.030+0000] {processor.py:208} INFO - Processing /opt/airflow/dags/Sesion5/consumer_dag_dataset.py took 0.087 seconds
[2025-06-05T05:25:18.322+0000] {processor.py:186} INFO - Started process (PID=1160) to work on /opt/airflow/dags/Sesion5/consumer_dag_dataset.py
[2025-06-05T05:25:18.323+0000] {processor.py:914} INFO - Processing file /opt/airflow/dags/Sesion5/consumer_dag_dataset.py for tasks to queue
[2025-06-05T05:25:18.325+0000] {logging_mixin.py:190} INFO - [2025-06-05T05:25:18.324+0000] {dagbag.py:588} INFO - Filling up the DagBag from /opt/airflow/dags/Sesion5/consumer_dag_dataset.py
[2025-06-05T05:25:18.330+0000] {processor.py:925} INFO - DAG(s) 'consumer_dag_s5' retrieved from /opt/airflow/dags/Sesion5/consumer_dag_dataset.py
[2025-06-05T05:25:18.345+0000] {logging_mixin.py:190} INFO - [2025-06-05T05:25:18.344+0000] {dag.py:3239} INFO - Sync 1 DAGs
[2025-06-05T05:25:18.364+0000] {logging_mixin.py:190} INFO - [2025-06-05T05:25:18.364+0000] {dag.py:4180} INFO - Setting next_dagrun for consumer_dag_s5 to None, run_after=None
[2025-06-05T05:25:18.382+0000] {processor.py:208} INFO - Processing /opt/airflow/dags/Sesion5/consumer_dag_dataset.py took 0.064 seconds
[2025-06-05T05:25:49.806+0000] {processor.py:186} INFO - Started process (PID=1279) to work on /opt/airflow/dags/Sesion5/consumer_dag_dataset.py
[2025-06-05T05:25:49.807+0000] {processor.py:914} INFO - Processing file /opt/airflow/dags/Sesion5/consumer_dag_dataset.py for tasks to queue
[2025-06-05T05:25:49.810+0000] {logging_mixin.py:190} INFO - [2025-06-05T05:25:49.809+0000] {dagbag.py:588} INFO - Filling up the DagBag from /opt/airflow/dags/Sesion5/consumer_dag_dataset.py
[2025-06-05T05:25:49.817+0000] {processor.py:925} INFO - DAG(s) 'consumer_dag_s5' retrieved from /opt/airflow/dags/Sesion5/consumer_dag_dataset.py
[2025-06-05T05:25:49.838+0000] {logging_mixin.py:190} INFO - [2025-06-05T05:25:49.838+0000] {dag.py:3239} INFO - Sync 1 DAGs
[2025-06-05T05:25:49.869+0000] {logging_mixin.py:190} INFO - [2025-06-05T05:25:49.869+0000] {dag.py:4180} INFO - Setting next_dagrun for consumer_dag_s5 to None, run_after=None
[2025-06-05T05:25:49.893+0000] {processor.py:208} INFO - Processing /opt/airflow/dags/Sesion5/consumer_dag_dataset.py took 0.097 seconds
[2025-06-05T05:26:21.072+0000] {processor.py:186} INFO - Started process (PID=1396) to work on /opt/airflow/dags/Sesion5/consumer_dag_dataset.py
[2025-06-05T05:26:21.073+0000] {processor.py:914} INFO - Processing file /opt/airflow/dags/Sesion5/consumer_dag_dataset.py for tasks to queue
[2025-06-05T05:26:21.076+0000] {logging_mixin.py:190} INFO - [2025-06-05T05:26:21.075+0000] {dagbag.py:588} INFO - Filling up the DagBag from /opt/airflow/dags/Sesion5/consumer_dag_dataset.py
[2025-06-05T05:26:21.082+0000] {processor.py:925} INFO - DAG(s) 'consumer_dag_s5' retrieved from /opt/airflow/dags/Sesion5/consumer_dag_dataset.py
[2025-06-05T05:26:21.103+0000] {logging_mixin.py:190} INFO - [2025-06-05T05:26:21.102+0000] {dag.py:3239} INFO - Sync 1 DAGs
[2025-06-05T05:26:21.132+0000] {logging_mixin.py:190} INFO - [2025-06-05T05:26:21.131+0000] {dag.py:4180} INFO - Setting next_dagrun for consumer_dag_s5 to None, run_after=None
[2025-06-05T05:26:21.155+0000] {processor.py:208} INFO - Processing /opt/airflow/dags/Sesion5/consumer_dag_dataset.py took 0.089 seconds
[2025-06-05T05:26:52.194+0000] {processor.py:186} INFO - Started process (PID=1509) to work on /opt/airflow/dags/Sesion5/consumer_dag_dataset.py
[2025-06-05T05:26:52.195+0000] {processor.py:914} INFO - Processing file /opt/airflow/dags/Sesion5/consumer_dag_dataset.py for tasks to queue
[2025-06-05T05:26:52.197+0000] {logging_mixin.py:190} INFO - [2025-06-05T05:26:52.197+0000] {dagbag.py:588} INFO - Filling up the DagBag from /opt/airflow/dags/Sesion5/consumer_dag_dataset.py
[2025-06-05T05:26:52.204+0000] {processor.py:925} INFO - DAG(s) 'consumer_dag_s5' retrieved from /opt/airflow/dags/Sesion5/consumer_dag_dataset.py
[2025-06-05T05:26:52.225+0000] {logging_mixin.py:190} INFO - [2025-06-05T05:26:52.225+0000] {dag.py:3239} INFO - Sync 1 DAGs
[2025-06-05T05:26:52.255+0000] {logging_mixin.py:190} INFO - [2025-06-05T05:26:52.255+0000] {dag.py:4180} INFO - Setting next_dagrun for consumer_dag_s5 to None, run_after=None
[2025-06-05T05:26:52.281+0000] {processor.py:208} INFO - Processing /opt/airflow/dags/Sesion5/consumer_dag_dataset.py took 0.095 seconds
[2025-06-05T05:27:23.770+0000] {processor.py:186} INFO - Started process (PID=1626) to work on /opt/airflow/dags/Sesion5/consumer_dag_dataset.py
[2025-06-05T05:27:23.771+0000] {processor.py:914} INFO - Processing file /opt/airflow/dags/Sesion5/consumer_dag_dataset.py for tasks to queue
[2025-06-05T05:27:23.773+0000] {logging_mixin.py:190} INFO - [2025-06-05T05:27:23.773+0000] {dagbag.py:588} INFO - Filling up the DagBag from /opt/airflow/dags/Sesion5/consumer_dag_dataset.py
[2025-06-05T05:27:23.780+0000] {processor.py:925} INFO - DAG(s) 'consumer_dag_s5' retrieved from /opt/airflow/dags/Sesion5/consumer_dag_dataset.py
[2025-06-05T05:27:23.803+0000] {logging_mixin.py:190} INFO - [2025-06-05T05:27:23.803+0000] {dag.py:3239} INFO - Sync 1 DAGs
[2025-06-05T05:27:23.835+0000] {logging_mixin.py:190} INFO - [2025-06-05T05:27:23.835+0000] {dag.py:4180} INFO - Setting next_dagrun for consumer_dag_s5 to None, run_after=None
[2025-06-05T05:27:23.861+0000] {processor.py:208} INFO - Processing /opt/airflow/dags/Sesion5/consumer_dag_dataset.py took 0.098 seconds
[2025-06-05T05:27:55.553+0000] {processor.py:186} INFO - Started process (PID=1739) to work on /opt/airflow/dags/Sesion5/consumer_dag_dataset.py
[2025-06-05T05:27:55.554+0000] {processor.py:914} INFO - Processing file /opt/airflow/dags/Sesion5/consumer_dag_dataset.py for tasks to queue
[2025-06-05T05:27:55.556+0000] {logging_mixin.py:190} INFO - [2025-06-05T05:27:55.556+0000] {dagbag.py:588} INFO - Filling up the DagBag from /opt/airflow/dags/Sesion5/consumer_dag_dataset.py
[2025-06-05T05:27:55.567+0000] {processor.py:925} INFO - DAG(s) 'consumer_dag_s5' retrieved from /opt/airflow/dags/Sesion5/consumer_dag_dataset.py
[2025-06-05T05:27:55.589+0000] {logging_mixin.py:190} INFO - [2025-06-05T05:27:55.589+0000] {dag.py:3239} INFO - Sync 1 DAGs
[2025-06-05T05:27:55.624+0000] {logging_mixin.py:190} INFO - [2025-06-05T05:27:55.624+0000] {dag.py:4180} INFO - Setting next_dagrun for consumer_dag_s5 to None, run_after=None
[2025-06-05T05:27:55.653+0000] {processor.py:208} INFO - Processing /opt/airflow/dags/Sesion5/consumer_dag_dataset.py took 0.112 seconds
[2025-06-05T05:28:26.891+0000] {processor.py:186} INFO - Started process (PID=1854) to work on /opt/airflow/dags/Sesion5/consumer_dag_dataset.py
[2025-06-05T05:28:26.892+0000] {processor.py:914} INFO - Processing file /opt/airflow/dags/Sesion5/consumer_dag_dataset.py for tasks to queue
[2025-06-05T05:28:26.894+0000] {logging_mixin.py:190} INFO - [2025-06-05T05:28:26.894+0000] {dagbag.py:588} INFO - Filling up the DagBag from /opt/airflow/dags/Sesion5/consumer_dag_dataset.py
[2025-06-05T05:28:26.903+0000] {processor.py:925} INFO - DAG(s) 'consumer_dag_s5' retrieved from /opt/airflow/dags/Sesion5/consumer_dag_dataset.py
[2025-06-05T05:28:26.925+0000] {logging_mixin.py:190} INFO - [2025-06-05T05:28:26.925+0000] {dag.py:3239} INFO - Sync 1 DAGs
[2025-06-05T05:28:26.956+0000] {logging_mixin.py:190} INFO - [2025-06-05T05:28:26.956+0000] {dag.py:4180} INFO - Setting next_dagrun for consumer_dag_s5 to None, run_after=None
[2025-06-05T05:28:26.981+0000] {processor.py:208} INFO - Processing /opt/airflow/dags/Sesion5/consumer_dag_dataset.py took 0.098 seconds
[2025-06-05T05:28:57.472+0000] {processor.py:186} INFO - Started process (PID=1963) to work on /opt/airflow/dags/Sesion5/consumer_dag_dataset.py
[2025-06-05T05:28:57.473+0000] {processor.py:914} INFO - Processing file /opt/airflow/dags/Sesion5/consumer_dag_dataset.py for tasks to queue
[2025-06-05T05:28:57.476+0000] {logging_mixin.py:190} INFO - [2025-06-05T05:28:57.475+0000] {dagbag.py:588} INFO - Filling up the DagBag from /opt/airflow/dags/Sesion5/consumer_dag_dataset.py
[2025-06-05T05:28:57.483+0000] {processor.py:925} INFO - DAG(s) 'consumer_dag_s5' retrieved from /opt/airflow/dags/Sesion5/consumer_dag_dataset.py
[2025-06-05T05:28:57.510+0000] {logging_mixin.py:190} INFO - [2025-06-05T05:28:57.510+0000] {dag.py:3239} INFO - Sync 1 DAGs
[2025-06-05T05:28:57.559+0000] {logging_mixin.py:190} INFO - [2025-06-05T05:28:57.559+0000] {dag.py:4180} INFO - Setting next_dagrun for consumer_dag_s5 to None, run_after=None
[2025-06-05T05:28:57.586+0000] {processor.py:208} INFO - Processing /opt/airflow/dags/Sesion5/consumer_dag_dataset.py took 0.121 seconds
[2025-06-05T05:29:29.255+0000] {processor.py:186} INFO - Started process (PID=2078) to work on /opt/airflow/dags/Sesion5/consumer_dag_dataset.py
[2025-06-05T05:29:29.256+0000] {processor.py:914} INFO - Processing file /opt/airflow/dags/Sesion5/consumer_dag_dataset.py for tasks to queue
[2025-06-05T05:29:29.259+0000] {logging_mixin.py:190} INFO - [2025-06-05T05:29:29.259+0000] {dagbag.py:588} INFO - Filling up the DagBag from /opt/airflow/dags/Sesion5/consumer_dag_dataset.py
[2025-06-05T05:29:29.266+0000] {processor.py:925} INFO - DAG(s) 'consumer_dag_s5' retrieved from /opt/airflow/dags/Sesion5/consumer_dag_dataset.py
[2025-06-05T05:29:29.288+0000] {logging_mixin.py:190} INFO - [2025-06-05T05:29:29.288+0000] {dag.py:3239} INFO - Sync 1 DAGs
[2025-06-05T05:29:29.318+0000] {logging_mixin.py:190} INFO - [2025-06-05T05:29:29.318+0000] {dag.py:4180} INFO - Setting next_dagrun for consumer_dag_s5 to None, run_after=None
[2025-06-05T05:29:29.343+0000] {processor.py:208} INFO - Processing /opt/airflow/dags/Sesion5/consumer_dag_dataset.py took 0.095 seconds
[2025-06-05T05:30:01.052+0000] {processor.py:186} INFO - Started process (PID=2201) to work on /opt/airflow/dags/Sesion5/consumer_dag_dataset.py
[2025-06-05T05:30:01.053+0000] {processor.py:914} INFO - Processing file /opt/airflow/dags/Sesion5/consumer_dag_dataset.py for tasks to queue
[2025-06-05T05:30:01.055+0000] {logging_mixin.py:190} INFO - [2025-06-05T05:30:01.054+0000] {dagbag.py:588} INFO - Filling up the DagBag from /opt/airflow/dags/Sesion5/consumer_dag_dataset.py
[2025-06-05T05:30:01.059+0000] {processor.py:925} INFO - DAG(s) 'consumer_dag_s5' retrieved from /opt/airflow/dags/Sesion5/consumer_dag_dataset.py
[2025-06-05T05:30:01.074+0000] {logging_mixin.py:190} INFO - [2025-06-05T05:30:01.074+0000] {dag.py:3239} INFO - Sync 1 DAGs
[2025-06-05T05:30:01.093+0000] {logging_mixin.py:190} INFO - [2025-06-05T05:30:01.093+0000] {dag.py:4180} INFO - Setting next_dagrun for consumer_dag_s5 to None, run_after=None
[2025-06-05T05:30:01.111+0000] {processor.py:208} INFO - Processing /opt/airflow/dags/Sesion5/consumer_dag_dataset.py took 0.064 seconds
[2025-06-05T05:30:32.083+0000] {processor.py:186} INFO - Started process (PID=2314) to work on /opt/airflow/dags/Sesion5/consumer_dag_dataset.py
[2025-06-05T05:30:32.084+0000] {processor.py:914} INFO - Processing file /opt/airflow/dags/Sesion5/consumer_dag_dataset.py for tasks to queue
[2025-06-05T05:30:32.088+0000] {logging_mixin.py:190} INFO - [2025-06-05T05:30:32.087+0000] {dagbag.py:588} INFO - Filling up the DagBag from /opt/airflow/dags/Sesion5/consumer_dag_dataset.py
[2025-06-05T05:30:32.096+0000] {processor.py:925} INFO - DAG(s) 'consumer_dag_s5' retrieved from /opt/airflow/dags/Sesion5/consumer_dag_dataset.py
[2025-06-05T05:30:32.121+0000] {logging_mixin.py:190} INFO - [2025-06-05T05:30:32.121+0000] {dag.py:3239} INFO - Sync 1 DAGs
[2025-06-05T05:30:32.158+0000] {logging_mixin.py:190} INFO - [2025-06-05T05:30:32.158+0000] {dag.py:4180} INFO - Setting next_dagrun for consumer_dag_s5 to None, run_after=None
[2025-06-05T05:30:32.201+0000] {processor.py:208} INFO - Processing /opt/airflow/dags/Sesion5/consumer_dag_dataset.py took 0.128 seconds
[2025-06-05T05:31:02.808+0000] {processor.py:186} INFO - Started process (PID=2423) to work on /opt/airflow/dags/Sesion5/consumer_dag_dataset.py
[2025-06-05T05:31:02.809+0000] {processor.py:914} INFO - Processing file /opt/airflow/dags/Sesion5/consumer_dag_dataset.py for tasks to queue
[2025-06-05T05:31:02.813+0000] {logging_mixin.py:190} INFO - [2025-06-05T05:31:02.813+0000] {dagbag.py:588} INFO - Filling up the DagBag from /opt/airflow/dags/Sesion5/consumer_dag_dataset.py
[2025-06-05T05:31:02.821+0000] {processor.py:925} INFO - DAG(s) 'consumer_dag_s5' retrieved from /opt/airflow/dags/Sesion5/consumer_dag_dataset.py
[2025-06-05T05:31:02.846+0000] {logging_mixin.py:190} INFO - [2025-06-05T05:31:02.846+0000] {dag.py:3239} INFO - Sync 1 DAGs
[2025-06-05T05:31:02.879+0000] {logging_mixin.py:190} INFO - [2025-06-05T05:31:02.879+0000] {dag.py:4180} INFO - Setting next_dagrun for consumer_dag_s5 to None, run_after=None
[2025-06-05T05:31:02.910+0000] {processor.py:208} INFO - Processing /opt/airflow/dags/Sesion5/consumer_dag_dataset.py took 0.110 seconds
[2025-06-05T05:31:34.465+0000] {processor.py:186} INFO - Started process (PID=2544) to work on /opt/airflow/dags/Sesion5/consumer_dag_dataset.py
[2025-06-05T05:31:34.466+0000] {processor.py:914} INFO - Processing file /opt/airflow/dags/Sesion5/consumer_dag_dataset.py for tasks to queue
[2025-06-05T05:31:34.469+0000] {logging_mixin.py:190} INFO - [2025-06-05T05:31:34.468+0000] {dagbag.py:588} INFO - Filling up the DagBag from /opt/airflow/dags/Sesion5/consumer_dag_dataset.py
[2025-06-05T05:31:34.476+0000] {processor.py:925} INFO - DAG(s) 'consumer_dag_s5' retrieved from /opt/airflow/dags/Sesion5/consumer_dag_dataset.py
[2025-06-05T05:31:34.499+0000] {logging_mixin.py:190} INFO - [2025-06-05T05:31:34.499+0000] {dag.py:3239} INFO - Sync 1 DAGs
[2025-06-05T05:31:34.531+0000] {logging_mixin.py:190} INFO - [2025-06-05T05:31:34.531+0000] {dag.py:4180} INFO - Setting next_dagrun for consumer_dag_s5 to None, run_after=None
[2025-06-05T05:31:34.557+0000] {processor.py:208} INFO - Processing /opt/airflow/dags/Sesion5/consumer_dag_dataset.py took 0.100 seconds
[2025-06-05T05:38:51.080+0000] {processor.py:186} INFO - Started process (PID=224) to work on /opt/airflow/dags/Sesion5/consumer_dag_dataset.py
[2025-06-05T05:38:51.088+0000] {processor.py:914} INFO - Processing file /opt/airflow/dags/Sesion5/consumer_dag_dataset.py for tasks to queue
[2025-06-05T05:38:51.099+0000] {logging_mixin.py:190} INFO - [2025-06-05T05:38:51.099+0000] {dagbag.py:588} INFO - Filling up the DagBag from /opt/airflow/dags/Sesion5/consumer_dag_dataset.py
[2025-06-05T05:38:51.124+0000] {processor.py:925} INFO - DAG(s) 'consumer_dag_s5' retrieved from /opt/airflow/dags/Sesion5/consumer_dag_dataset.py
[2025-06-05T05:38:51.201+0000] {logging_mixin.py:190} INFO - [2025-06-05T05:38:51.201+0000] {dag.py:3239} INFO - Sync 1 DAGs
[2025-06-05T05:38:51.333+0000] {logging_mixin.py:190} INFO - [2025-06-05T05:38:51.332+0000] {dag.py:4180} INFO - Setting next_dagrun for consumer_dag_s5 to None, run_after=None
[2025-06-05T05:38:51.422+0000] {processor.py:208} INFO - Processing /opt/airflow/dags/Sesion5/consumer_dag_dataset.py took 0.373 seconds
[2025-06-05T05:39:22.351+0000] {processor.py:186} INFO - Started process (PID=337) to work on /opt/airflow/dags/Sesion5/consumer_dag_dataset.py
[2025-06-05T05:39:22.352+0000] {processor.py:914} INFO - Processing file /opt/airflow/dags/Sesion5/consumer_dag_dataset.py for tasks to queue
[2025-06-05T05:39:22.358+0000] {logging_mixin.py:190} INFO - [2025-06-05T05:39:22.357+0000] {dagbag.py:588} INFO - Filling up the DagBag from /opt/airflow/dags/Sesion5/consumer_dag_dataset.py
[2025-06-05T05:39:22.366+0000] {processor.py:925} INFO - DAG(s) 'consumer_dag_s5' retrieved from /opt/airflow/dags/Sesion5/consumer_dag_dataset.py
[2025-06-05T05:39:22.387+0000] {logging_mixin.py:190} INFO - [2025-06-05T05:39:22.387+0000] {dag.py:3239} INFO - Sync 1 DAGs
[2025-06-05T05:39:22.415+0000] {logging_mixin.py:190} INFO - [2025-06-05T05:39:22.415+0000] {dag.py:4180} INFO - Setting next_dagrun for consumer_dag_s5 to None, run_after=None
[2025-06-05T05:39:22.438+0000] {processor.py:208} INFO - Processing /opt/airflow/dags/Sesion5/consumer_dag_dataset.py took 0.095 seconds
[2025-06-05T05:39:53.596+0000] {processor.py:186} INFO - Started process (PID=450) to work on /opt/airflow/dags/Sesion5/consumer_dag_dataset.py
[2025-06-05T05:39:53.599+0000] {processor.py:914} INFO - Processing file /opt/airflow/dags/Sesion5/consumer_dag_dataset.py for tasks to queue
[2025-06-05T05:39:53.600+0000] {logging_mixin.py:190} INFO - [2025-06-05T05:39:53.600+0000] {dagbag.py:588} INFO - Filling up the DagBag from /opt/airflow/dags/Sesion5/consumer_dag_dataset.py
[2025-06-05T05:39:53.609+0000] {processor.py:925} INFO - DAG(s) 'consumer_dag_s5' retrieved from /opt/airflow/dags/Sesion5/consumer_dag_dataset.py
[2025-06-05T05:39:53.657+0000] {logging_mixin.py:190} INFO - [2025-06-05T05:39:53.656+0000] {dag.py:3239} INFO - Sync 1 DAGs
[2025-06-05T05:39:53.694+0000] {logging_mixin.py:190} INFO - [2025-06-05T05:39:53.693+0000] {dag.py:4180} INFO - Setting next_dagrun for consumer_dag_s5 to None, run_after=None
[2025-06-05T05:39:53.720+0000] {processor.py:208} INFO - Processing /opt/airflow/dags/Sesion5/consumer_dag_dataset.py took 0.134 seconds
[2025-06-05T05:40:24.108+0000] {processor.py:186} INFO - Started process (PID=557) to work on /opt/airflow/dags/Sesion5/consumer_dag_dataset.py
[2025-06-05T05:40:24.109+0000] {processor.py:914} INFO - Processing file /opt/airflow/dags/Sesion5/consumer_dag_dataset.py for tasks to queue
[2025-06-05T05:40:24.110+0000] {logging_mixin.py:190} INFO - [2025-06-05T05:40:24.110+0000] {dagbag.py:588} INFO - Filling up the DagBag from /opt/airflow/dags/Sesion5/consumer_dag_dataset.py
[2025-06-05T05:40:24.118+0000] {processor.py:925} INFO - DAG(s) 'consumer_dag_s5' retrieved from /opt/airflow/dags/Sesion5/consumer_dag_dataset.py
[2025-06-05T05:40:24.139+0000] {logging_mixin.py:190} INFO - [2025-06-05T05:40:24.138+0000] {dag.py:3239} INFO - Sync 1 DAGs
[2025-06-05T05:40:24.174+0000] {logging_mixin.py:190} INFO - [2025-06-05T05:40:24.174+0000] {dag.py:4180} INFO - Setting next_dagrun for consumer_dag_s5 to None, run_after=None
[2025-06-05T05:40:24.209+0000] {processor.py:208} INFO - Processing /opt/airflow/dags/Sesion5/consumer_dag_dataset.py took 0.122 seconds
[2025-06-05T05:40:54.879+0000] {processor.py:186} INFO - Started process (PID=672) to work on /opt/airflow/dags/Sesion5/consumer_dag_dataset.py
[2025-06-05T05:40:54.879+0000] {processor.py:914} INFO - Processing file /opt/airflow/dags/Sesion5/consumer_dag_dataset.py for tasks to queue
[2025-06-05T05:40:54.880+0000] {logging_mixin.py:190} INFO - [2025-06-05T05:40:54.880+0000] {dagbag.py:588} INFO - Filling up the DagBag from /opt/airflow/dags/Sesion5/consumer_dag_dataset.py
[2025-06-05T05:40:54.886+0000] {processor.py:925} INFO - DAG(s) 'consumer_dag_s5' retrieved from /opt/airflow/dags/Sesion5/consumer_dag_dataset.py
[2025-06-05T05:40:54.900+0000] {logging_mixin.py:190} INFO - [2025-06-05T05:40:54.900+0000] {dag.py:3239} INFO - Sync 1 DAGs
[2025-06-05T05:40:54.921+0000] {logging_mixin.py:190} INFO - [2025-06-05T05:40:54.921+0000] {dag.py:4180} INFO - Setting next_dagrun for consumer_dag_s5 to None, run_after=None
[2025-06-05T05:40:54.938+0000] {processor.py:208} INFO - Processing /opt/airflow/dags/Sesion5/consumer_dag_dataset.py took 0.065 seconds
[2025-06-05T05:41:25.176+0000] {processor.py:186} INFO - Started process (PID=783) to work on /opt/airflow/dags/Sesion5/consumer_dag_dataset.py
[2025-06-05T05:41:25.177+0000] {processor.py:914} INFO - Processing file /opt/airflow/dags/Sesion5/consumer_dag_dataset.py for tasks to queue
[2025-06-05T05:41:25.178+0000] {logging_mixin.py:190} INFO - [2025-06-05T05:41:25.178+0000] {dagbag.py:588} INFO - Filling up the DagBag from /opt/airflow/dags/Sesion5/consumer_dag_dataset.py
[2025-06-05T05:41:25.185+0000] {processor.py:925} INFO - DAG(s) 'consumer_dag_s5' retrieved from /opt/airflow/dags/Sesion5/consumer_dag_dataset.py
[2025-06-05T05:41:25.209+0000] {logging_mixin.py:190} INFO - [2025-06-05T05:41:25.209+0000] {dag.py:3239} INFO - Sync 1 DAGs
[2025-06-05T05:41:25.238+0000] {logging_mixin.py:190} INFO - [2025-06-05T05:41:25.237+0000] {dag.py:4180} INFO - Setting next_dagrun for consumer_dag_s5 to None, run_after=None
[2025-06-05T05:41:25.261+0000] {processor.py:208} INFO - Processing /opt/airflow/dags/Sesion5/consumer_dag_dataset.py took 0.092 seconds
[2025-06-05T05:41:56.648+0000] {processor.py:186} INFO - Started process (PID=898) to work on /opt/airflow/dags/Sesion5/consumer_dag_dataset.py
[2025-06-05T05:41:56.649+0000] {processor.py:914} INFO - Processing file /opt/airflow/dags/Sesion5/consumer_dag_dataset.py for tasks to queue
[2025-06-05T05:41:56.650+0000] {logging_mixin.py:190} INFO - [2025-06-05T05:41:56.650+0000] {dagbag.py:588} INFO - Filling up the DagBag from /opt/airflow/dags/Sesion5/consumer_dag_dataset.py
[2025-06-05T05:41:56.657+0000] {processor.py:925} INFO - DAG(s) 'consumer_dag_s5' retrieved from /opt/airflow/dags/Sesion5/consumer_dag_dataset.py
[2025-06-05T05:41:56.679+0000] {logging_mixin.py:190} INFO - [2025-06-05T05:41:56.679+0000] {dag.py:3239} INFO - Sync 1 DAGs
[2025-06-05T05:41:56.711+0000] {logging_mixin.py:190} INFO - [2025-06-05T05:41:56.711+0000] {dag.py:4180} INFO - Setting next_dagrun for consumer_dag_s5 to None, run_after=None
[2025-06-05T05:41:56.734+0000] {processor.py:208} INFO - Processing /opt/airflow/dags/Sesion5/consumer_dag_dataset.py took 0.092 seconds
