[2025-06-05T02:01:18.499+0000] {processor.py:186} INFO - Started process (PID=207) to work on /opt/airflow/dags/Sesion5/DAG_bash_s5.py
[2025-06-05T02:01:18.500+0000] {processor.py:914} INFO - Processing file /opt/airflow/dags/Sesion5/DAG_bash_s5.py for tasks to queue
[2025-06-05T02:01:18.511+0000] {logging_mixin.py:190} INFO - [2025-06-05T02:01:18.507+0000] {dagbag.py:588} INFO - Filling up the DagBag from /opt/airflow/dags/Sesion5/DAG_bash_s5.py
[2025-06-05T02:01:18.566+0000] {processor.py:925} INFO - DAG(s) 'ejemplo_bash_dag_s5' retrieved from /opt/airflow/dags/Sesion5/DAG_bash_s5.py
[2025-06-05T02:01:18.727+0000] {logging_mixin.py:190} INFO - [2025-06-05T02:01:18.725+0000] {dag.py:3239} INFO - Sync 1 DAGs
[2025-06-05T02:01:18.859+0000] {logging_mixin.py:190} INFO - [2025-06-05T02:01:18.855+0000] {dag.py:4180} INFO - Setting next_dagrun for ejemplo_bash_dag_s5 to 2025-06-04 00:00:00+00:00, run_after=2025-06-05 00:00:00+00:00
[2025-06-05T02:01:18.911+0000] {processor.py:208} INFO - Processing /opt/airflow/dags/Sesion5/DAG_bash_s5.py took 0.442 seconds
[2025-06-05T02:01:51.517+0000] {processor.py:186} INFO - Started process (PID=318) to work on /opt/airflow/dags/Sesion5/DAG_bash_s5.py
[2025-06-05T02:01:51.520+0000] {processor.py:914} INFO - Processing file /opt/airflow/dags/Sesion5/DAG_bash_s5.py for tasks to queue
[2025-06-05T02:01:51.536+0000] {logging_mixin.py:190} INFO - [2025-06-05T02:01:51.527+0000] {dagbag.py:588} INFO - Filling up the DagBag from /opt/airflow/dags/Sesion5/DAG_bash_s5.py
[2025-06-05T02:01:51.592+0000] {processor.py:925} INFO - DAG(s) 'ejemplo_bash_dag_s5' retrieved from /opt/airflow/dags/Sesion5/DAG_bash_s5.py
[2025-06-05T02:01:51.707+0000] {logging_mixin.py:190} INFO - [2025-06-05T02:01:51.707+0000] {dag.py:3239} INFO - Sync 1 DAGs
[2025-06-05T02:01:51.825+0000] {logging_mixin.py:190} INFO - [2025-06-05T02:01:51.825+0000] {dag.py:4180} INFO - Setting next_dagrun for ejemplo_bash_dag_s5 to 2025-06-04 00:00:00+00:00, run_after=2025-06-05 00:00:00+00:00
[2025-06-05T02:01:52.089+0000] {processor.py:208} INFO - Processing /opt/airflow/dags/Sesion5/DAG_bash_s5.py took 0.608 seconds
[2025-06-05T02:02:24.386+0000] {processor.py:186} INFO - Started process (PID=432) to work on /opt/airflow/dags/Sesion5/DAG_bash_s5.py
[2025-06-05T02:02:24.397+0000] {processor.py:914} INFO - Processing file /opt/airflow/dags/Sesion5/DAG_bash_s5.py for tasks to queue
[2025-06-05T02:02:24.404+0000] {logging_mixin.py:190} INFO - [2025-06-05T02:02:24.403+0000] {dagbag.py:588} INFO - Filling up the DagBag from /opt/airflow/dags/Sesion5/DAG_bash_s5.py
[2025-06-05T02:02:24.454+0000] {processor.py:925} INFO - DAG(s) 'ejemplo_bash_dag_s5' retrieved from /opt/airflow/dags/Sesion5/DAG_bash_s5.py
[2025-06-05T02:02:24.605+0000] {logging_mixin.py:190} INFO - [2025-06-05T02:02:24.605+0000] {dag.py:3239} INFO - Sync 1 DAGs
[2025-06-05T02:02:24.763+0000] {logging_mixin.py:190} INFO - [2025-06-05T02:02:24.763+0000] {dag.py:4180} INFO - Setting next_dagrun for ejemplo_bash_dag_s5 to 2025-06-04 00:00:00+00:00, run_after=2025-06-05 00:00:00+00:00
[2025-06-05T02:02:24.886+0000] {processor.py:208} INFO - Processing /opt/airflow/dags/Sesion5/DAG_bash_s5.py took 0.516 seconds
[2025-06-05T02:04:28.787+0000] {processor.py:186} INFO - Started process (PID=191) to work on /opt/airflow/dags/Sesion5/DAG_bash_s5.py
[2025-06-05T02:04:28.792+0000] {processor.py:914} INFO - Processing file /opt/airflow/dags/Sesion5/DAG_bash_s5.py for tasks to queue
[2025-06-05T02:04:28.806+0000] {logging_mixin.py:190} INFO - [2025-06-05T02:04:28.801+0000] {dagbag.py:588} INFO - Filling up the DagBag from /opt/airflow/dags/Sesion5/DAG_bash_s5.py
[2025-06-05T02:04:28.825+0000] {processor.py:925} INFO - DAG(s) 'ejemplo_bash_dag_s5' retrieved from /opt/airflow/dags/Sesion5/DAG_bash_s5.py
[2025-06-05T02:04:28.901+0000] {logging_mixin.py:190} INFO - [2025-06-05T02:04:28.900+0000] {dag.py:3239} INFO - Sync 1 DAGs
[2025-06-05T02:04:28.961+0000] {logging_mixin.py:190} INFO - [2025-06-05T02:04:28.960+0000] {dag.py:4180} INFO - Setting next_dagrun for ejemplo_bash_dag_s5 to 2025-06-04 00:00:00+00:00, run_after=2025-06-05 00:00:00+00:00
[2025-06-05T02:04:29.021+0000] {processor.py:208} INFO - Processing /opt/airflow/dags/Sesion5/DAG_bash_s5.py took 0.247 seconds
[2025-06-05T02:04:59.627+0000] {processor.py:186} INFO - Started process (PID=303) to work on /opt/airflow/dags/Sesion5/DAG_bash_s5.py
[2025-06-05T02:04:59.628+0000] {processor.py:914} INFO - Processing file /opt/airflow/dags/Sesion5/DAG_bash_s5.py for tasks to queue
[2025-06-05T02:04:59.630+0000] {logging_mixin.py:190} INFO - [2025-06-05T02:04:59.630+0000] {dagbag.py:588} INFO - Filling up the DagBag from /opt/airflow/dags/Sesion5/DAG_bash_s5.py
[2025-06-05T02:04:59.639+0000] {processor.py:925} INFO - DAG(s) 'ejemplo_bash_dag_s5' retrieved from /opt/airflow/dags/Sesion5/DAG_bash_s5.py
[2025-06-05T02:04:59.664+0000] {logging_mixin.py:190} INFO - [2025-06-05T02:04:59.664+0000] {dag.py:3239} INFO - Sync 1 DAGs
[2025-06-05T02:04:59.703+0000] {logging_mixin.py:190} INFO - [2025-06-05T02:04:59.703+0000] {dag.py:4180} INFO - Setting next_dagrun for ejemplo_bash_dag_s5 to 2025-06-04 00:00:00+00:00, run_after=2025-06-05 00:00:00+00:00
[2025-06-05T02:04:59.724+0000] {processor.py:208} INFO - Processing /opt/airflow/dags/Sesion5/DAG_bash_s5.py took 0.104 seconds
[2025-06-05T02:05:30.039+0000] {processor.py:186} INFO - Started process (PID=415) to work on /opt/airflow/dags/Sesion5/DAG_bash_s5.py
[2025-06-05T02:05:30.040+0000] {processor.py:914} INFO - Processing file /opt/airflow/dags/Sesion5/DAG_bash_s5.py for tasks to queue
[2025-06-05T02:05:30.041+0000] {logging_mixin.py:190} INFO - [2025-06-05T02:05:30.041+0000] {dagbag.py:588} INFO - Filling up the DagBag from /opt/airflow/dags/Sesion5/DAG_bash_s5.py
[2025-06-05T02:05:30.048+0000] {processor.py:925} INFO - DAG(s) 'ejemplo_bash_dag_s5' retrieved from /opt/airflow/dags/Sesion5/DAG_bash_s5.py
[2025-06-05T02:05:30.065+0000] {logging_mixin.py:190} INFO - [2025-06-05T02:05:30.065+0000] {dag.py:3239} INFO - Sync 1 DAGs
[2025-06-05T02:05:30.086+0000] {logging_mixin.py:190} INFO - [2025-06-05T02:05:30.085+0000] {dag.py:4180} INFO - Setting next_dagrun for ejemplo_bash_dag_s5 to 2025-06-04 00:00:00+00:00, run_after=2025-06-05 00:00:00+00:00
[2025-06-05T02:05:30.100+0000] {processor.py:208} INFO - Processing /opt/airflow/dags/Sesion5/DAG_bash_s5.py took 0.066 seconds
[2025-06-05T02:06:01.373+0000] {processor.py:186} INFO - Started process (PID=530) to work on /opt/airflow/dags/Sesion5/DAG_bash_s5.py
[2025-06-05T02:06:01.374+0000] {processor.py:914} INFO - Processing file /opt/airflow/dags/Sesion5/DAG_bash_s5.py for tasks to queue
[2025-06-05T02:06:01.376+0000] {logging_mixin.py:190} INFO - [2025-06-05T02:06:01.376+0000] {dagbag.py:588} INFO - Filling up the DagBag from /opt/airflow/dags/Sesion5/DAG_bash_s5.py
[2025-06-05T02:06:01.385+0000] {processor.py:925} INFO - DAG(s) 'ejemplo_bash_dag_s5' retrieved from /opt/airflow/dags/Sesion5/DAG_bash_s5.py
[2025-06-05T02:06:01.409+0000] {logging_mixin.py:190} INFO - [2025-06-05T02:06:01.409+0000] {dag.py:3239} INFO - Sync 1 DAGs
[2025-06-05T02:06:01.439+0000] {logging_mixin.py:190} INFO - [2025-06-05T02:06:01.439+0000] {dag.py:4180} INFO - Setting next_dagrun for ejemplo_bash_dag_s5 to 2025-06-04 00:00:00+00:00, run_after=2025-06-05 00:00:00+00:00
[2025-06-05T02:06:01.458+0000] {processor.py:208} INFO - Processing /opt/airflow/dags/Sesion5/DAG_bash_s5.py took 0.092 seconds
[2025-06-05T02:06:32.509+0000] {processor.py:186} INFO - Started process (PID=643) to work on /opt/airflow/dags/Sesion5/DAG_bash_s5.py
[2025-06-05T02:06:32.510+0000] {processor.py:914} INFO - Processing file /opt/airflow/dags/Sesion5/DAG_bash_s5.py for tasks to queue
[2025-06-05T02:06:32.512+0000] {logging_mixin.py:190} INFO - [2025-06-05T02:06:32.512+0000] {dagbag.py:588} INFO - Filling up the DagBag from /opt/airflow/dags/Sesion5/DAG_bash_s5.py
[2025-06-05T02:06:32.522+0000] {processor.py:925} INFO - DAG(s) 'ejemplo_bash_dag_s5' retrieved from /opt/airflow/dags/Sesion5/DAG_bash_s5.py
[2025-06-05T02:06:32.552+0000] {logging_mixin.py:190} INFO - [2025-06-05T02:06:32.552+0000] {dag.py:3239} INFO - Sync 1 DAGs
[2025-06-05T02:06:32.580+0000] {logging_mixin.py:190} INFO - [2025-06-05T02:06:32.579+0000] {dag.py:4180} INFO - Setting next_dagrun for ejemplo_bash_dag_s5 to 2025-06-04 00:00:00+00:00, run_after=2025-06-05 00:00:00+00:00
[2025-06-05T02:06:32.615+0000] {processor.py:208} INFO - Processing /opt/airflow/dags/Sesion5/DAG_bash_s5.py took 0.114 seconds
[2025-06-05T02:07:03.522+0000] {processor.py:186} INFO - Started process (PID=758) to work on /opt/airflow/dags/Sesion5/DAG_bash_s5.py
[2025-06-05T02:07:03.523+0000] {processor.py:914} INFO - Processing file /opt/airflow/dags/Sesion5/DAG_bash_s5.py for tasks to queue
[2025-06-05T02:07:03.525+0000] {logging_mixin.py:190} INFO - [2025-06-05T02:07:03.525+0000] {dagbag.py:588} INFO - Filling up the DagBag from /opt/airflow/dags/Sesion5/DAG_bash_s5.py
[2025-06-05T02:07:03.535+0000] {processor.py:925} INFO - DAG(s) 'ejemplo_bash_dag_s5' retrieved from /opt/airflow/dags/Sesion5/DAG_bash_s5.py
[2025-06-05T02:07:03.563+0000] {logging_mixin.py:190} INFO - [2025-06-05T02:07:03.563+0000] {dag.py:3239} INFO - Sync 1 DAGs
[2025-06-05T02:07:03.591+0000] {logging_mixin.py:190} INFO - [2025-06-05T02:07:03.591+0000] {dag.py:4180} INFO - Setting next_dagrun for ejemplo_bash_dag_s5 to 2025-06-04 00:00:00+00:00, run_after=2025-06-05 00:00:00+00:00
[2025-06-05T02:07:03.612+0000] {processor.py:208} INFO - Processing /opt/airflow/dags/Sesion5/DAG_bash_s5.py took 0.098 seconds
[2025-06-05T02:07:34.841+0000] {processor.py:186} INFO - Started process (PID=875) to work on /opt/airflow/dags/Sesion5/DAG_bash_s5.py
[2025-06-05T02:07:34.842+0000] {processor.py:914} INFO - Processing file /opt/airflow/dags/Sesion5/DAG_bash_s5.py for tasks to queue
[2025-06-05T02:07:34.845+0000] {logging_mixin.py:190} INFO - [2025-06-05T02:07:34.845+0000] {dagbag.py:588} INFO - Filling up the DagBag from /opt/airflow/dags/Sesion5/DAG_bash_s5.py
[2025-06-05T02:07:34.854+0000] {processor.py:925} INFO - DAG(s) 'ejemplo_bash_dag_s5' retrieved from /opt/airflow/dags/Sesion5/DAG_bash_s5.py
[2025-06-05T02:07:34.879+0000] {logging_mixin.py:190} INFO - [2025-06-05T02:07:34.879+0000] {dag.py:3239} INFO - Sync 1 DAGs
[2025-06-05T02:07:34.909+0000] {logging_mixin.py:190} INFO - [2025-06-05T02:07:34.909+0000] {dag.py:4180} INFO - Setting next_dagrun for ejemplo_bash_dag_s5 to 2025-06-04 00:00:00+00:00, run_after=2025-06-05 00:00:00+00:00
[2025-06-05T02:07:34.928+0000] {processor.py:208} INFO - Processing /opt/airflow/dags/Sesion5/DAG_bash_s5.py took 0.093 seconds
[2025-06-05T02:08:05.931+0000] {processor.py:186} INFO - Started process (PID=990) to work on /opt/airflow/dags/Sesion5/DAG_bash_s5.py
[2025-06-05T02:08:05.932+0000] {processor.py:914} INFO - Processing file /opt/airflow/dags/Sesion5/DAG_bash_s5.py for tasks to queue
[2025-06-05T02:08:05.934+0000] {logging_mixin.py:190} INFO - [2025-06-05T02:08:05.934+0000] {dagbag.py:588} INFO - Filling up the DagBag from /opt/airflow/dags/Sesion5/DAG_bash_s5.py
[2025-06-05T02:08:05.940+0000] {processor.py:925} INFO - DAG(s) 'ejemplo_bash_dag_s5' retrieved from /opt/airflow/dags/Sesion5/DAG_bash_s5.py
[2025-06-05T02:08:05.957+0000] {logging_mixin.py:190} INFO - [2025-06-05T02:08:05.957+0000] {dag.py:3239} INFO - Sync 1 DAGs
[2025-06-05T02:08:05.982+0000] {logging_mixin.py:190} INFO - [2025-06-05T02:08:05.981+0000] {dag.py:4180} INFO - Setting next_dagrun for ejemplo_bash_dag_s5 to 2025-06-04 00:00:00+00:00, run_after=2025-06-05 00:00:00+00:00
[2025-06-05T02:08:05.997+0000] {processor.py:208} INFO - Processing /opt/airflow/dags/Sesion5/DAG_bash_s5.py took 0.071 seconds
[2025-06-05T02:08:37.387+0000] {processor.py:186} INFO - Started process (PID=1103) to work on /opt/airflow/dags/Sesion5/DAG_bash_s5.py
[2025-06-05T02:08:37.388+0000] {processor.py:914} INFO - Processing file /opt/airflow/dags/Sesion5/DAG_bash_s5.py for tasks to queue
[2025-06-05T02:08:37.390+0000] {logging_mixin.py:190} INFO - [2025-06-05T02:08:37.390+0000] {dagbag.py:588} INFO - Filling up the DagBag from /opt/airflow/dags/Sesion5/DAG_bash_s5.py
[2025-06-05T02:08:37.398+0000] {processor.py:925} INFO - DAG(s) 'ejemplo_bash_dag_s5' retrieved from /opt/airflow/dags/Sesion5/DAG_bash_s5.py
[2025-06-05T02:08:37.421+0000] {logging_mixin.py:190} INFO - [2025-06-05T02:08:37.421+0000] {dag.py:3239} INFO - Sync 1 DAGs
[2025-06-05T02:08:37.452+0000] {logging_mixin.py:190} INFO - [2025-06-05T02:08:37.451+0000] {dag.py:4180} INFO - Setting next_dagrun for ejemplo_bash_dag_s5 to 2025-06-04 00:00:00+00:00, run_after=2025-06-05 00:00:00+00:00
[2025-06-05T02:08:37.472+0000] {processor.py:208} INFO - Processing /opt/airflow/dags/Sesion5/DAG_bash_s5.py took 0.092 seconds
[2025-06-05T02:09:08.314+0000] {processor.py:186} INFO - Started process (PID=1220) to work on /opt/airflow/dags/Sesion5/DAG_bash_s5.py
[2025-06-05T02:09:08.315+0000] {processor.py:914} INFO - Processing file /opt/airflow/dags/Sesion5/DAG_bash_s5.py for tasks to queue
[2025-06-05T02:09:08.317+0000] {logging_mixin.py:190} INFO - [2025-06-05T02:09:08.317+0000] {dagbag.py:588} INFO - Filling up the DagBag from /opt/airflow/dags/Sesion5/DAG_bash_s5.py
[2025-06-05T02:09:08.326+0000] {processor.py:925} INFO - DAG(s) 'ejemplo_bash_dag_s5' retrieved from /opt/airflow/dags/Sesion5/DAG_bash_s5.py
[2025-06-05T02:09:08.350+0000] {logging_mixin.py:190} INFO - [2025-06-05T02:09:08.350+0000] {dag.py:3239} INFO - Sync 1 DAGs
[2025-06-05T02:09:08.381+0000] {logging_mixin.py:190} INFO - [2025-06-05T02:09:08.381+0000] {dag.py:4180} INFO - Setting next_dagrun for ejemplo_bash_dag_s5 to 2025-06-04 00:00:00+00:00, run_after=2025-06-05 00:00:00+00:00
[2025-06-05T02:09:08.401+0000] {processor.py:208} INFO - Processing /opt/airflow/dags/Sesion5/DAG_bash_s5.py took 0.093 seconds
[2025-06-05T02:09:39.175+0000] {processor.py:186} INFO - Started process (PID=1335) to work on /opt/airflow/dags/Sesion5/DAG_bash_s5.py
[2025-06-05T02:09:39.176+0000] {processor.py:914} INFO - Processing file /opt/airflow/dags/Sesion5/DAG_bash_s5.py for tasks to queue
[2025-06-05T02:09:39.178+0000] {logging_mixin.py:190} INFO - [2025-06-05T02:09:39.178+0000] {dagbag.py:588} INFO - Filling up the DagBag from /opt/airflow/dags/Sesion5/DAG_bash_s5.py
[2025-06-05T02:09:39.188+0000] {processor.py:925} INFO - DAG(s) 'ejemplo_bash_dag_s5' retrieved from /opt/airflow/dags/Sesion5/DAG_bash_s5.py
[2025-06-05T02:09:39.213+0000] {logging_mixin.py:190} INFO - [2025-06-05T02:09:39.213+0000] {dag.py:3239} INFO - Sync 1 DAGs
[2025-06-05T02:09:39.256+0000] {logging_mixin.py:190} INFO - [2025-06-05T02:09:39.254+0000] {dag.py:4180} INFO - Setting next_dagrun for ejemplo_bash_dag_s5 to 2025-06-04 00:00:00+00:00, run_after=2025-06-05 00:00:00+00:00
[2025-06-05T02:09:39.289+0000] {processor.py:208} INFO - Processing /opt/airflow/dags/Sesion5/DAG_bash_s5.py took 0.120 seconds
[2025-06-05T02:10:10.606+0000] {processor.py:186} INFO - Started process (PID=1453) to work on /opt/airflow/dags/Sesion5/DAG_bash_s5.py
[2025-06-05T02:10:10.607+0000] {processor.py:914} INFO - Processing file /opt/airflow/dags/Sesion5/DAG_bash_s5.py for tasks to queue
[2025-06-05T02:10:10.610+0000] {logging_mixin.py:190} INFO - [2025-06-05T02:10:10.609+0000] {dagbag.py:588} INFO - Filling up the DagBag from /opt/airflow/dags/Sesion5/DAG_bash_s5.py
[2025-06-05T02:10:10.618+0000] {processor.py:925} INFO - DAG(s) 'ejemplo_bash_dag_s5' retrieved from /opt/airflow/dags/Sesion5/DAG_bash_s5.py
[2025-06-05T02:10:10.646+0000] {logging_mixin.py:190} INFO - [2025-06-05T02:10:10.646+0000] {dag.py:3239} INFO - Sync 1 DAGs
[2025-06-05T02:10:10.677+0000] {logging_mixin.py:190} INFO - [2025-06-05T02:10:10.677+0000] {dag.py:4180} INFO - Setting next_dagrun for ejemplo_bash_dag_s5 to 2025-06-04 00:00:00+00:00, run_after=2025-06-05 00:00:00+00:00
[2025-06-05T02:10:10.697+0000] {processor.py:208} INFO - Processing /opt/airflow/dags/Sesion5/DAG_bash_s5.py took 0.097 seconds
[2025-06-05T02:10:41.684+0000] {processor.py:186} INFO - Started process (PID=1565) to work on /opt/airflow/dags/Sesion5/DAG_bash_s5.py
[2025-06-05T02:10:41.685+0000] {processor.py:914} INFO - Processing file /opt/airflow/dags/Sesion5/DAG_bash_s5.py for tasks to queue
[2025-06-05T02:10:41.687+0000] {logging_mixin.py:190} INFO - [2025-06-05T02:10:41.687+0000] {dagbag.py:588} INFO - Filling up the DagBag from /opt/airflow/dags/Sesion5/DAG_bash_s5.py
[2025-06-05T02:10:41.701+0000] {processor.py:925} INFO - DAG(s) 'ejemplo_bash_dag_s5' retrieved from /opt/airflow/dags/Sesion5/DAG_bash_s5.py
[2025-06-05T02:10:41.747+0000] {logging_mixin.py:190} INFO - [2025-06-05T02:10:41.747+0000] {dag.py:3239} INFO - Sync 1 DAGs
[2025-06-05T02:10:41.797+0000] {logging_mixin.py:190} INFO - [2025-06-05T02:10:41.796+0000] {dag.py:4180} INFO - Setting next_dagrun for ejemplo_bash_dag_s5 to 2025-06-04 00:00:00+00:00, run_after=2025-06-05 00:00:00+00:00
[2025-06-05T02:10:41.847+0000] {processor.py:208} INFO - Processing /opt/airflow/dags/Sesion5/DAG_bash_s5.py took 0.169 seconds
[2025-06-05T02:11:13.127+0000] {processor.py:186} INFO - Started process (PID=1680) to work on /opt/airflow/dags/Sesion5/DAG_bash_s5.py
[2025-06-05T02:11:13.132+0000] {processor.py:914} INFO - Processing file /opt/airflow/dags/Sesion5/DAG_bash_s5.py for tasks to queue
[2025-06-05T02:11:13.136+0000] {logging_mixin.py:190} INFO - [2025-06-05T02:11:13.136+0000] {dagbag.py:588} INFO - Filling up the DagBag from /opt/airflow/dags/Sesion5/DAG_bash_s5.py
[2025-06-05T02:11:13.147+0000] {processor.py:925} INFO - DAG(s) 'ejemplo_bash_dag_s5' retrieved from /opt/airflow/dags/Sesion5/DAG_bash_s5.py
[2025-06-05T02:11:13.172+0000] {logging_mixin.py:190} INFO - [2025-06-05T02:11:13.172+0000] {dag.py:3239} INFO - Sync 1 DAGs
[2025-06-05T02:11:13.202+0000] {logging_mixin.py:190} INFO - [2025-06-05T02:11:13.202+0000] {dag.py:4180} INFO - Setting next_dagrun for ejemplo_bash_dag_s5 to 2025-06-04 00:00:00+00:00, run_after=2025-06-05 00:00:00+00:00
[2025-06-05T02:11:13.223+0000] {processor.py:208} INFO - Processing /opt/airflow/dags/Sesion5/DAG_bash_s5.py took 0.107 seconds
[2025-06-05T02:11:44.171+0000] {processor.py:186} INFO - Started process (PID=1795) to work on /opt/airflow/dags/Sesion5/DAG_bash_s5.py
[2025-06-05T02:11:44.171+0000] {processor.py:914} INFO - Processing file /opt/airflow/dags/Sesion5/DAG_bash_s5.py for tasks to queue
[2025-06-05T02:11:44.173+0000] {logging_mixin.py:190} INFO - [2025-06-05T02:11:44.173+0000] {dagbag.py:588} INFO - Filling up the DagBag from /opt/airflow/dags/Sesion5/DAG_bash_s5.py
[2025-06-05T02:11:44.180+0000] {processor.py:925} INFO - DAG(s) 'ejemplo_bash_dag_s5' retrieved from /opt/airflow/dags/Sesion5/DAG_bash_s5.py
[2025-06-05T02:11:44.199+0000] {logging_mixin.py:190} INFO - [2025-06-05T02:11:44.198+0000] {dag.py:3239} INFO - Sync 1 DAGs
[2025-06-05T02:11:44.221+0000] {logging_mixin.py:190} INFO - [2025-06-05T02:11:44.221+0000] {dag.py:4180} INFO - Setting next_dagrun for ejemplo_bash_dag_s5 to 2025-06-04 00:00:00+00:00, run_after=2025-06-05 00:00:00+00:00
[2025-06-05T02:11:44.237+0000] {processor.py:208} INFO - Processing /opt/airflow/dags/Sesion5/DAG_bash_s5.py took 0.071 seconds
[2025-06-05T02:12:15.127+0000] {processor.py:186} INFO - Started process (PID=1910) to work on /opt/airflow/dags/Sesion5/DAG_bash_s5.py
[2025-06-05T02:12:15.130+0000] {processor.py:914} INFO - Processing file /opt/airflow/dags/Sesion5/DAG_bash_s5.py for tasks to queue
[2025-06-05T02:12:15.132+0000] {logging_mixin.py:190} INFO - [2025-06-05T02:12:15.131+0000] {dagbag.py:588} INFO - Filling up the DagBag from /opt/airflow/dags/Sesion5/DAG_bash_s5.py
[2025-06-05T02:12:15.141+0000] {processor.py:925} INFO - DAG(s) 'ejemplo_bash_dag_s5' retrieved from /opt/airflow/dags/Sesion5/DAG_bash_s5.py
[2025-06-05T02:12:15.165+0000] {logging_mixin.py:190} INFO - [2025-06-05T02:12:15.165+0000] {dag.py:3239} INFO - Sync 1 DAGs
[2025-06-05T02:12:15.195+0000] {logging_mixin.py:190} INFO - [2025-06-05T02:12:15.195+0000] {dag.py:4180} INFO - Setting next_dagrun for ejemplo_bash_dag_s5 to 2025-06-04 00:00:00+00:00, run_after=2025-06-05 00:00:00+00:00
[2025-06-05T02:12:15.215+0000] {processor.py:208} INFO - Processing /opt/airflow/dags/Sesion5/DAG_bash_s5.py took 0.096 seconds
[2025-06-05T02:12:46.328+0000] {processor.py:186} INFO - Started process (PID=2025) to work on /opt/airflow/dags/Sesion5/DAG_bash_s5.py
[2025-06-05T02:12:46.329+0000] {processor.py:914} INFO - Processing file /opt/airflow/dags/Sesion5/DAG_bash_s5.py for tasks to queue
[2025-06-05T02:12:46.330+0000] {logging_mixin.py:190} INFO - [2025-06-05T02:12:46.330+0000] {dagbag.py:588} INFO - Filling up the DagBag from /opt/airflow/dags/Sesion5/DAG_bash_s5.py
[2025-06-05T02:12:46.337+0000] {processor.py:925} INFO - DAG(s) 'ejemplo_bash_dag_s5' retrieved from /opt/airflow/dags/Sesion5/DAG_bash_s5.py
[2025-06-05T02:12:46.354+0000] {logging_mixin.py:190} INFO - [2025-06-05T02:12:46.353+0000] {dag.py:3239} INFO - Sync 1 DAGs
[2025-06-05T02:12:46.373+0000] {logging_mixin.py:190} INFO - [2025-06-05T02:12:46.373+0000] {dag.py:4180} INFO - Setting next_dagrun for ejemplo_bash_dag_s5 to 2025-06-04 00:00:00+00:00, run_after=2025-06-05 00:00:00+00:00
[2025-06-05T02:12:46.387+0000] {processor.py:208} INFO - Processing /opt/airflow/dags/Sesion5/DAG_bash_s5.py took 0.064 seconds
[2025-06-05T02:13:17.589+0000] {processor.py:186} INFO - Started process (PID=2140) to work on /opt/airflow/dags/Sesion5/DAG_bash_s5.py
[2025-06-05T02:13:17.590+0000] {processor.py:914} INFO - Processing file /opt/airflow/dags/Sesion5/DAG_bash_s5.py for tasks to queue
[2025-06-05T02:13:17.592+0000] {logging_mixin.py:190} INFO - [2025-06-05T02:13:17.592+0000] {dagbag.py:588} INFO - Filling up the DagBag from /opt/airflow/dags/Sesion5/DAG_bash_s5.py
[2025-06-05T02:13:17.598+0000] {processor.py:925} INFO - DAG(s) 'ejemplo_bash_dag_s5' retrieved from /opt/airflow/dags/Sesion5/DAG_bash_s5.py
[2025-06-05T02:13:17.615+0000] {logging_mixin.py:190} INFO - [2025-06-05T02:13:17.615+0000] {dag.py:3239} INFO - Sync 1 DAGs
[2025-06-05T02:13:17.635+0000] {logging_mixin.py:190} INFO - [2025-06-05T02:13:17.635+0000] {dag.py:4180} INFO - Setting next_dagrun for ejemplo_bash_dag_s5 to 2025-06-04 00:00:00+00:00, run_after=2025-06-05 00:00:00+00:00
[2025-06-05T02:13:17.650+0000] {processor.py:208} INFO - Processing /opt/airflow/dags/Sesion5/DAG_bash_s5.py took 0.065 seconds
[2025-06-05T02:13:48.726+0000] {processor.py:186} INFO - Started process (PID=2255) to work on /opt/airflow/dags/Sesion5/DAG_bash_s5.py
[2025-06-05T02:13:48.727+0000] {processor.py:914} INFO - Processing file /opt/airflow/dags/Sesion5/DAG_bash_s5.py for tasks to queue
[2025-06-05T02:13:48.729+0000] {logging_mixin.py:190} INFO - [2025-06-05T02:13:48.729+0000] {dagbag.py:588} INFO - Filling up the DagBag from /opt/airflow/dags/Sesion5/DAG_bash_s5.py
[2025-06-05T02:13:48.738+0000] {processor.py:925} INFO - DAG(s) 'ejemplo_bash_dag_s5' retrieved from /opt/airflow/dags/Sesion5/DAG_bash_s5.py
[2025-06-05T02:13:48.763+0000] {logging_mixin.py:190} INFO - [2025-06-05T02:13:48.763+0000] {dag.py:3239} INFO - Sync 1 DAGs
[2025-06-05T02:13:48.796+0000] {logging_mixin.py:190} INFO - [2025-06-05T02:13:48.796+0000] {dag.py:4180} INFO - Setting next_dagrun for ejemplo_bash_dag_s5 to 2025-06-04 00:00:00+00:00, run_after=2025-06-05 00:00:00+00:00
[2025-06-05T02:13:48.816+0000] {processor.py:208} INFO - Processing /opt/airflow/dags/Sesion5/DAG_bash_s5.py took 0.097 seconds
[2025-06-05T02:14:19.940+0000] {processor.py:186} INFO - Started process (PID=2369) to work on /opt/airflow/dags/Sesion5/DAG_bash_s5.py
[2025-06-05T02:14:19.941+0000] {processor.py:914} INFO - Processing file /opt/airflow/dags/Sesion5/DAG_bash_s5.py for tasks to queue
[2025-06-05T02:14:19.943+0000] {logging_mixin.py:190} INFO - [2025-06-05T02:14:19.943+0000] {dagbag.py:588} INFO - Filling up the DagBag from /opt/airflow/dags/Sesion5/DAG_bash_s5.py
[2025-06-05T02:14:19.951+0000] {processor.py:925} INFO - DAG(s) 'ejemplo_bash_dag_s5' retrieved from /opt/airflow/dags/Sesion5/DAG_bash_s5.py
[2025-06-05T02:14:19.976+0000] {logging_mixin.py:190} INFO - [2025-06-05T02:14:19.976+0000] {dag.py:3239} INFO - Sync 1 DAGs
[2025-06-05T02:14:20.007+0000] {logging_mixin.py:190} INFO - [2025-06-05T02:14:20.006+0000] {dag.py:4180} INFO - Setting next_dagrun for ejemplo_bash_dag_s5 to 2025-06-04 00:00:00+00:00, run_after=2025-06-05 00:00:00+00:00
[2025-06-05T02:14:20.026+0000] {processor.py:208} INFO - Processing /opt/airflow/dags/Sesion5/DAG_bash_s5.py took 0.092 seconds
[2025-06-05T02:14:51.122+0000] {processor.py:186} INFO - Started process (PID=2485) to work on /opt/airflow/dags/Sesion5/DAG_bash_s5.py
[2025-06-05T02:14:51.124+0000] {processor.py:914} INFO - Processing file /opt/airflow/dags/Sesion5/DAG_bash_s5.py for tasks to queue
[2025-06-05T02:14:51.134+0000] {logging_mixin.py:190} INFO - [2025-06-05T02:14:51.131+0000] {dagbag.py:588} INFO - Filling up the DagBag from /opt/airflow/dags/Sesion5/DAG_bash_s5.py
[2025-06-05T02:14:51.151+0000] {processor.py:925} INFO - DAG(s) 'ejemplo_bash_dag_s5' retrieved from /opt/airflow/dags/Sesion5/DAG_bash_s5.py
[2025-06-05T02:14:51.178+0000] {logging_mixin.py:190} INFO - [2025-06-05T02:14:51.178+0000] {dag.py:3239} INFO - Sync 1 DAGs
[2025-06-05T02:14:51.209+0000] {logging_mixin.py:190} INFO - [2025-06-05T02:14:51.208+0000] {dag.py:4180} INFO - Setting next_dagrun for ejemplo_bash_dag_s5 to 2025-06-04 00:00:00+00:00, run_after=2025-06-05 00:00:00+00:00
[2025-06-05T02:14:51.229+0000] {processor.py:208} INFO - Processing /opt/airflow/dags/Sesion5/DAG_bash_s5.py took 0.125 seconds
[2025-06-05T02:15:22.444+0000] {processor.py:186} INFO - Started process (PID=2600) to work on /opt/airflow/dags/Sesion5/DAG_bash_s5.py
[2025-06-05T02:15:22.445+0000] {processor.py:914} INFO - Processing file /opt/airflow/dags/Sesion5/DAG_bash_s5.py for tasks to queue
[2025-06-05T02:15:22.448+0000] {logging_mixin.py:190} INFO - [2025-06-05T02:15:22.447+0000] {dagbag.py:588} INFO - Filling up the DagBag from /opt/airflow/dags/Sesion5/DAG_bash_s5.py
[2025-06-05T02:15:22.456+0000] {processor.py:925} INFO - DAG(s) 'ejemplo_bash_dag_s5' retrieved from /opt/airflow/dags/Sesion5/DAG_bash_s5.py
[2025-06-05T02:15:22.483+0000] {logging_mixin.py:190} INFO - [2025-06-05T02:15:22.482+0000] {dag.py:3239} INFO - Sync 1 DAGs
[2025-06-05T02:15:22.513+0000] {logging_mixin.py:190} INFO - [2025-06-05T02:15:22.513+0000] {dag.py:4180} INFO - Setting next_dagrun for ejemplo_bash_dag_s5 to 2025-06-04 00:00:00+00:00, run_after=2025-06-05 00:00:00+00:00
[2025-06-05T02:15:22.533+0000] {processor.py:208} INFO - Processing /opt/airflow/dags/Sesion5/DAG_bash_s5.py took 0.095 seconds
[2025-06-05T02:15:53.544+0000] {processor.py:186} INFO - Started process (PID=2715) to work on /opt/airflow/dags/Sesion5/DAG_bash_s5.py
[2025-06-05T02:15:53.545+0000] {processor.py:914} INFO - Processing file /opt/airflow/dags/Sesion5/DAG_bash_s5.py for tasks to queue
[2025-06-05T02:15:53.547+0000] {logging_mixin.py:190} INFO - [2025-06-05T02:15:53.547+0000] {dagbag.py:588} INFO - Filling up the DagBag from /opt/airflow/dags/Sesion5/DAG_bash_s5.py
[2025-06-05T02:15:53.556+0000] {processor.py:925} INFO - DAG(s) 'ejemplo_bash_dag_s5' retrieved from /opt/airflow/dags/Sesion5/DAG_bash_s5.py
[2025-06-05T02:15:53.581+0000] {logging_mixin.py:190} INFO - [2025-06-05T02:15:53.580+0000] {dag.py:3239} INFO - Sync 1 DAGs
[2025-06-05T02:15:53.611+0000] {logging_mixin.py:190} INFO - [2025-06-05T02:15:53.610+0000] {dag.py:4180} INFO - Setting next_dagrun for ejemplo_bash_dag_s5 to 2025-06-04 00:00:00+00:00, run_after=2025-06-05 00:00:00+00:00
[2025-06-05T02:15:53.632+0000] {processor.py:208} INFO - Processing /opt/airflow/dags/Sesion5/DAG_bash_s5.py took 0.094 seconds
[2025-06-05T02:16:24.646+0000] {processor.py:186} INFO - Started process (PID=2830) to work on /opt/airflow/dags/Sesion5/DAG_bash_s5.py
[2025-06-05T02:16:24.647+0000] {processor.py:914} INFO - Processing file /opt/airflow/dags/Sesion5/DAG_bash_s5.py for tasks to queue
[2025-06-05T02:16:24.649+0000] {logging_mixin.py:190} INFO - [2025-06-05T02:16:24.649+0000] {dagbag.py:588} INFO - Filling up the DagBag from /opt/airflow/dags/Sesion5/DAG_bash_s5.py
[2025-06-05T02:16:24.655+0000] {processor.py:925} INFO - DAG(s) 'ejemplo_bash_dag_s5' retrieved from /opt/airflow/dags/Sesion5/DAG_bash_s5.py
[2025-06-05T02:16:24.678+0000] {logging_mixin.py:190} INFO - [2025-06-05T02:16:24.678+0000] {dag.py:3239} INFO - Sync 1 DAGs
[2025-06-05T02:16:24.714+0000] {logging_mixin.py:190} INFO - [2025-06-05T02:16:24.713+0000] {dag.py:4180} INFO - Setting next_dagrun for ejemplo_bash_dag_s5 to 2025-06-04 00:00:00+00:00, run_after=2025-06-05 00:00:00+00:00
[2025-06-05T02:16:24.736+0000] {processor.py:208} INFO - Processing /opt/airflow/dags/Sesion5/DAG_bash_s5.py took 0.096 seconds
[2025-06-05T02:16:56.046+0000] {processor.py:186} INFO - Started process (PID=2945) to work on /opt/airflow/dags/Sesion5/DAG_bash_s5.py
[2025-06-05T02:16:56.047+0000] {processor.py:914} INFO - Processing file /opt/airflow/dags/Sesion5/DAG_bash_s5.py for tasks to queue
[2025-06-05T02:16:56.048+0000] {logging_mixin.py:190} INFO - [2025-06-05T02:16:56.048+0000] {dagbag.py:588} INFO - Filling up the DagBag from /opt/airflow/dags/Sesion5/DAG_bash_s5.py
[2025-06-05T02:16:56.055+0000] {processor.py:925} INFO - DAG(s) 'ejemplo_bash_dag_s5' retrieved from /opt/airflow/dags/Sesion5/DAG_bash_s5.py
[2025-06-05T02:16:56.073+0000] {logging_mixin.py:190} INFO - [2025-06-05T02:16:56.073+0000] {dag.py:3239} INFO - Sync 1 DAGs
[2025-06-05T02:16:56.093+0000] {logging_mixin.py:190} INFO - [2025-06-05T02:16:56.093+0000] {dag.py:4180} INFO - Setting next_dagrun for ejemplo_bash_dag_s5 to 2025-06-04 00:00:00+00:00, run_after=2025-06-05 00:00:00+00:00
[2025-06-05T02:16:56.108+0000] {processor.py:208} INFO - Processing /opt/airflow/dags/Sesion5/DAG_bash_s5.py took 0.067 seconds
[2025-06-05T02:17:27.617+0000] {processor.py:186} INFO - Started process (PID=3060) to work on /opt/airflow/dags/Sesion5/DAG_bash_s5.py
[2025-06-05T02:17:27.618+0000] {processor.py:914} INFO - Processing file /opt/airflow/dags/Sesion5/DAG_bash_s5.py for tasks to queue
[2025-06-05T02:17:27.621+0000] {logging_mixin.py:190} INFO - [2025-06-05T02:17:27.620+0000] {dagbag.py:588} INFO - Filling up the DagBag from /opt/airflow/dags/Sesion5/DAG_bash_s5.py
[2025-06-05T02:17:27.629+0000] {processor.py:925} INFO - DAG(s) 'ejemplo_bash_dag_s5' retrieved from /opt/airflow/dags/Sesion5/DAG_bash_s5.py
[2025-06-05T02:17:27.657+0000] {logging_mixin.py:190} INFO - [2025-06-05T02:17:27.657+0000] {dag.py:3239} INFO - Sync 1 DAGs
[2025-06-05T02:17:27.688+0000] {logging_mixin.py:190} INFO - [2025-06-05T02:17:27.687+0000] {dag.py:4180} INFO - Setting next_dagrun for ejemplo_bash_dag_s5 to 2025-06-04 00:00:00+00:00, run_after=2025-06-05 00:00:00+00:00
[2025-06-05T02:17:27.880+0000] {processor.py:208} INFO - Processing /opt/airflow/dags/Sesion5/DAG_bash_s5.py took 0.269 seconds
[2025-06-05T02:17:58.786+0000] {processor.py:186} INFO - Started process (PID=3173) to work on /opt/airflow/dags/Sesion5/DAG_bash_s5.py
[2025-06-05T02:17:58.787+0000] {processor.py:914} INFO - Processing file /opt/airflow/dags/Sesion5/DAG_bash_s5.py for tasks to queue
[2025-06-05T02:17:58.789+0000] {logging_mixin.py:190} INFO - [2025-06-05T02:17:58.789+0000] {dagbag.py:588} INFO - Filling up the DagBag from /opt/airflow/dags/Sesion5/DAG_bash_s5.py
[2025-06-05T02:17:58.798+0000] {processor.py:925} INFO - DAG(s) 'ejemplo_bash_dag_s5' retrieved from /opt/airflow/dags/Sesion5/DAG_bash_s5.py
[2025-06-05T02:17:58.821+0000] {logging_mixin.py:190} INFO - [2025-06-05T02:17:58.820+0000] {dag.py:3239} INFO - Sync 1 DAGs
[2025-06-05T02:17:58.851+0000] {logging_mixin.py:190} INFO - [2025-06-05T02:17:58.851+0000] {dag.py:4180} INFO - Setting next_dagrun for ejemplo_bash_dag_s5 to 2025-06-04 00:00:00+00:00, run_after=2025-06-05 00:00:00+00:00
[2025-06-05T02:17:58.870+0000] {processor.py:208} INFO - Processing /opt/airflow/dags/Sesion5/DAG_bash_s5.py took 0.090 seconds
[2025-06-05T02:18:29.899+0000] {processor.py:186} INFO - Started process (PID=3290) to work on /opt/airflow/dags/Sesion5/DAG_bash_s5.py
[2025-06-05T02:18:29.900+0000] {processor.py:914} INFO - Processing file /opt/airflow/dags/Sesion5/DAG_bash_s5.py for tasks to queue
[2025-06-05T02:18:29.903+0000] {logging_mixin.py:190} INFO - [2025-06-05T02:18:29.902+0000] {dagbag.py:588} INFO - Filling up the DagBag from /opt/airflow/dags/Sesion5/DAG_bash_s5.py
[2025-06-05T02:18:29.911+0000] {processor.py:925} INFO - DAG(s) 'ejemplo_bash_dag_s5' retrieved from /opt/airflow/dags/Sesion5/DAG_bash_s5.py
[2025-06-05T02:18:29.936+0000] {logging_mixin.py:190} INFO - [2025-06-05T02:18:29.936+0000] {dag.py:3239} INFO - Sync 1 DAGs
[2025-06-05T02:18:29.978+0000] {logging_mixin.py:190} INFO - [2025-06-05T02:18:29.977+0000] {dag.py:4180} INFO - Setting next_dagrun for ejemplo_bash_dag_s5 to 2025-06-04 00:00:00+00:00, run_after=2025-06-05 00:00:00+00:00
[2025-06-05T02:18:30.007+0000] {processor.py:208} INFO - Processing /opt/airflow/dags/Sesion5/DAG_bash_s5.py took 0.115 seconds
[2025-06-05T02:19:01.260+0000] {processor.py:186} INFO - Started process (PID=3403) to work on /opt/airflow/dags/Sesion5/DAG_bash_s5.py
[2025-06-05T02:19:01.261+0000] {processor.py:914} INFO - Processing file /opt/airflow/dags/Sesion5/DAG_bash_s5.py for tasks to queue
[2025-06-05T02:19:01.263+0000] {logging_mixin.py:190} INFO - [2025-06-05T02:19:01.263+0000] {dagbag.py:588} INFO - Filling up the DagBag from /opt/airflow/dags/Sesion5/DAG_bash_s5.py
[2025-06-05T02:19:01.272+0000] {processor.py:925} INFO - DAG(s) 'ejemplo_bash_dag_s5' retrieved from /opt/airflow/dags/Sesion5/DAG_bash_s5.py
[2025-06-05T02:19:01.294+0000] {logging_mixin.py:190} INFO - [2025-06-05T02:19:01.294+0000] {dag.py:3239} INFO - Sync 1 DAGs
[2025-06-05T02:19:01.325+0000] {logging_mixin.py:190} INFO - [2025-06-05T02:19:01.325+0000] {dag.py:4180} INFO - Setting next_dagrun for ejemplo_bash_dag_s5 to 2025-06-04 00:00:00+00:00, run_after=2025-06-05 00:00:00+00:00
[2025-06-05T02:19:01.344+0000] {processor.py:208} INFO - Processing /opt/airflow/dags/Sesion5/DAG_bash_s5.py took 0.092 seconds
[2025-06-05T02:19:32.531+0000] {processor.py:186} INFO - Started process (PID=3520) to work on /opt/airflow/dags/Sesion5/DAG_bash_s5.py
[2025-06-05T02:19:32.532+0000] {processor.py:914} INFO - Processing file /opt/airflow/dags/Sesion5/DAG_bash_s5.py for tasks to queue
[2025-06-05T02:19:32.534+0000] {logging_mixin.py:190} INFO - [2025-06-05T02:19:32.534+0000] {dagbag.py:588} INFO - Filling up the DagBag from /opt/airflow/dags/Sesion5/DAG_bash_s5.py
[2025-06-05T02:19:32.543+0000] {processor.py:925} INFO - DAG(s) 'ejemplo_bash_dag_s5' retrieved from /opt/airflow/dags/Sesion5/DAG_bash_s5.py
[2025-06-05T02:19:32.567+0000] {logging_mixin.py:190} INFO - [2025-06-05T02:19:32.567+0000] {dag.py:3239} INFO - Sync 1 DAGs
[2025-06-05T02:19:32.598+0000] {logging_mixin.py:190} INFO - [2025-06-05T02:19:32.598+0000] {dag.py:4180} INFO - Setting next_dagrun for ejemplo_bash_dag_s5 to 2025-06-04 00:00:00+00:00, run_after=2025-06-05 00:00:00+00:00
[2025-06-05T02:19:32.801+0000] {processor.py:208} INFO - Processing /opt/airflow/dags/Sesion5/DAG_bash_s5.py took 0.277 seconds
[2025-06-05T02:20:03.406+0000] {processor.py:186} INFO - Started process (PID=3635) to work on /opt/airflow/dags/Sesion5/DAG_bash_s5.py
[2025-06-05T02:20:03.409+0000] {processor.py:914} INFO - Processing file /opt/airflow/dags/Sesion5/DAG_bash_s5.py for tasks to queue
[2025-06-05T02:20:03.415+0000] {logging_mixin.py:190} INFO - [2025-06-05T02:20:03.415+0000] {dagbag.py:588} INFO - Filling up the DagBag from /opt/airflow/dags/Sesion5/DAG_bash_s5.py
[2025-06-05T02:20:03.437+0000] {processor.py:925} INFO - DAG(s) 'ejemplo_bash_dag_s5' retrieved from /opt/airflow/dags/Sesion5/DAG_bash_s5.py
[2025-06-05T02:20:03.481+0000] {logging_mixin.py:190} INFO - [2025-06-05T02:20:03.481+0000] {dag.py:3239} INFO - Sync 1 DAGs
[2025-06-05T02:20:03.514+0000] {logging_mixin.py:190} INFO - [2025-06-05T02:20:03.514+0000] {dag.py:4180} INFO - Setting next_dagrun for ejemplo_bash_dag_s5 to 2025-06-04 00:00:00+00:00, run_after=2025-06-05 00:00:00+00:00
[2025-06-05T02:20:03.532+0000] {processor.py:208} INFO - Processing /opt/airflow/dags/Sesion5/DAG_bash_s5.py took 0.140 seconds
[2025-06-05T02:20:34.641+0000] {processor.py:186} INFO - Started process (PID=3748) to work on /opt/airflow/dags/Sesion5/DAG_bash_s5.py
[2025-06-05T02:20:34.642+0000] {processor.py:914} INFO - Processing file /opt/airflow/dags/Sesion5/DAG_bash_s5.py for tasks to queue
[2025-06-05T02:20:34.644+0000] {logging_mixin.py:190} INFO - [2025-06-05T02:20:34.644+0000] {dagbag.py:588} INFO - Filling up the DagBag from /opt/airflow/dags/Sesion5/DAG_bash_s5.py
[2025-06-05T02:20:34.652+0000] {processor.py:925} INFO - DAG(s) 'ejemplo_bash_dag_s5' retrieved from /opt/airflow/dags/Sesion5/DAG_bash_s5.py
[2025-06-05T02:20:34.675+0000] {logging_mixin.py:190} INFO - [2025-06-05T02:20:34.675+0000] {dag.py:3239} INFO - Sync 1 DAGs
[2025-06-05T02:20:34.706+0000] {logging_mixin.py:190} INFO - [2025-06-05T02:20:34.705+0000] {dag.py:4180} INFO - Setting next_dagrun for ejemplo_bash_dag_s5 to 2025-06-04 00:00:00+00:00, run_after=2025-06-05 00:00:00+00:00
[2025-06-05T02:20:34.725+0000] {processor.py:208} INFO - Processing /opt/airflow/dags/Sesion5/DAG_bash_s5.py took 0.091 seconds
[2025-06-05T02:21:05.892+0000] {processor.py:186} INFO - Started process (PID=3865) to work on /opt/airflow/dags/Sesion5/DAG_bash_s5.py
[2025-06-05T02:21:05.892+0000] {processor.py:914} INFO - Processing file /opt/airflow/dags/Sesion5/DAG_bash_s5.py for tasks to queue
[2025-06-05T02:21:05.894+0000] {logging_mixin.py:190} INFO - [2025-06-05T02:21:05.894+0000] {dagbag.py:588} INFO - Filling up the DagBag from /opt/airflow/dags/Sesion5/DAG_bash_s5.py
[2025-06-05T02:21:05.901+0000] {processor.py:925} INFO - DAG(s) 'ejemplo_bash_dag_s5' retrieved from /opt/airflow/dags/Sesion5/DAG_bash_s5.py
[2025-06-05T02:21:05.918+0000] {logging_mixin.py:190} INFO - [2025-06-05T02:21:05.917+0000] {dag.py:3239} INFO - Sync 1 DAGs
[2025-06-05T02:21:05.937+0000] {logging_mixin.py:190} INFO - [2025-06-05T02:21:05.937+0000] {dag.py:4180} INFO - Setting next_dagrun for ejemplo_bash_dag_s5 to 2025-06-04 00:00:00+00:00, run_after=2025-06-05 00:00:00+00:00
[2025-06-05T02:21:05.951+0000] {processor.py:208} INFO - Processing /opt/airflow/dags/Sesion5/DAG_bash_s5.py took 0.064 seconds
[2025-06-05T02:21:37.287+0000] {processor.py:186} INFO - Started process (PID=3978) to work on /opt/airflow/dags/Sesion5/DAG_bash_s5.py
[2025-06-05T02:21:37.288+0000] {processor.py:914} INFO - Processing file /opt/airflow/dags/Sesion5/DAG_bash_s5.py for tasks to queue
[2025-06-05T02:21:37.291+0000] {logging_mixin.py:190} INFO - [2025-06-05T02:21:37.290+0000] {dagbag.py:588} INFO - Filling up the DagBag from /opt/airflow/dags/Sesion5/DAG_bash_s5.py
[2025-06-05T02:21:37.299+0000] {processor.py:925} INFO - DAG(s) 'ejemplo_bash_dag_s5' retrieved from /opt/airflow/dags/Sesion5/DAG_bash_s5.py
[2025-06-05T02:21:37.323+0000] {logging_mixin.py:190} INFO - [2025-06-05T02:21:37.322+0000] {dag.py:3239} INFO - Sync 1 DAGs
[2025-06-05T02:21:37.356+0000] {logging_mixin.py:190} INFO - [2025-06-05T02:21:37.356+0000] {dag.py:4180} INFO - Setting next_dagrun for ejemplo_bash_dag_s5 to 2025-06-04 00:00:00+00:00, run_after=2025-06-05 00:00:00+00:00
[2025-06-05T02:21:37.377+0000] {processor.py:208} INFO - Processing /opt/airflow/dags/Sesion5/DAG_bash_s5.py took 0.097 seconds
[2025-06-05T02:22:08.719+0000] {processor.py:186} INFO - Started process (PID=4095) to work on /opt/airflow/dags/Sesion5/DAG_bash_s5.py
[2025-06-05T02:22:08.720+0000] {processor.py:914} INFO - Processing file /opt/airflow/dags/Sesion5/DAG_bash_s5.py for tasks to queue
[2025-06-05T02:22:08.723+0000] {logging_mixin.py:190} INFO - [2025-06-05T02:22:08.722+0000] {dagbag.py:588} INFO - Filling up the DagBag from /opt/airflow/dags/Sesion5/DAG_bash_s5.py
[2025-06-05T02:22:08.731+0000] {processor.py:925} INFO - DAG(s) 'ejemplo_bash_dag_s5' retrieved from /opt/airflow/dags/Sesion5/DAG_bash_s5.py
[2025-06-05T02:22:08.755+0000] {logging_mixin.py:190} INFO - [2025-06-05T02:22:08.755+0000] {dag.py:3239} INFO - Sync 1 DAGs
[2025-06-05T02:22:08.786+0000] {logging_mixin.py:190} INFO - [2025-06-05T02:22:08.786+0000] {dag.py:4180} INFO - Setting next_dagrun for ejemplo_bash_dag_s5 to 2025-06-04 00:00:00+00:00, run_after=2025-06-05 00:00:00+00:00
[2025-06-05T02:22:08.805+0000] {processor.py:208} INFO - Processing /opt/airflow/dags/Sesion5/DAG_bash_s5.py took 0.092 seconds
[2025-06-05T02:22:40.101+0000] {processor.py:186} INFO - Started process (PID=4210) to work on /opt/airflow/dags/Sesion5/DAG_bash_s5.py
[2025-06-05T02:22:40.102+0000] {processor.py:914} INFO - Processing file /opt/airflow/dags/Sesion5/DAG_bash_s5.py for tasks to queue
[2025-06-05T02:22:40.104+0000] {logging_mixin.py:190} INFO - [2025-06-05T02:22:40.104+0000] {dagbag.py:588} INFO - Filling up the DagBag from /opt/airflow/dags/Sesion5/DAG_bash_s5.py
[2025-06-05T02:22:40.113+0000] {processor.py:925} INFO - DAG(s) 'ejemplo_bash_dag_s5' retrieved from /opt/airflow/dags/Sesion5/DAG_bash_s5.py
[2025-06-05T02:22:40.135+0000] {logging_mixin.py:190} INFO - [2025-06-05T02:22:40.135+0000] {dag.py:3239} INFO - Sync 1 DAGs
[2025-06-05T02:22:40.156+0000] {logging_mixin.py:190} INFO - [2025-06-05T02:22:40.156+0000] {dag.py:4180} INFO - Setting next_dagrun for ejemplo_bash_dag_s5 to 2025-06-04 00:00:00+00:00, run_after=2025-06-05 00:00:00+00:00
[2025-06-05T02:22:40.170+0000] {processor.py:208} INFO - Processing /opt/airflow/dags/Sesion5/DAG_bash_s5.py took 0.074 seconds
[2025-06-05T02:23:11.229+0000] {processor.py:186} INFO - Started process (PID=4325) to work on /opt/airflow/dags/Sesion5/DAG_bash_s5.py
[2025-06-05T02:23:11.230+0000] {processor.py:914} INFO - Processing file /opt/airflow/dags/Sesion5/DAG_bash_s5.py for tasks to queue
[2025-06-05T02:23:11.232+0000] {logging_mixin.py:190} INFO - [2025-06-05T02:23:11.232+0000] {dagbag.py:588} INFO - Filling up the DagBag from /opt/airflow/dags/Sesion5/DAG_bash_s5.py
[2025-06-05T02:23:11.241+0000] {processor.py:925} INFO - DAG(s) 'ejemplo_bash_dag_s5' retrieved from /opt/airflow/dags/Sesion5/DAG_bash_s5.py
[2025-06-05T02:23:11.266+0000] {logging_mixin.py:190} INFO - [2025-06-05T02:23:11.266+0000] {dag.py:3239} INFO - Sync 1 DAGs
[2025-06-05T02:23:11.306+0000] {logging_mixin.py:190} INFO - [2025-06-05T02:23:11.306+0000] {dag.py:4180} INFO - Setting next_dagrun for ejemplo_bash_dag_s5 to 2025-06-04 00:00:00+00:00, run_after=2025-06-05 00:00:00+00:00
[2025-06-05T02:23:11.327+0000] {processor.py:208} INFO - Processing /opt/airflow/dags/Sesion5/DAG_bash_s5.py took 0.106 seconds
[2025-06-05T02:23:42.623+0000] {processor.py:186} INFO - Started process (PID=4440) to work on /opt/airflow/dags/Sesion5/DAG_bash_s5.py
[2025-06-05T02:23:42.624+0000] {processor.py:914} INFO - Processing file /opt/airflow/dags/Sesion5/DAG_bash_s5.py for tasks to queue
[2025-06-05T02:23:42.626+0000] {logging_mixin.py:190} INFO - [2025-06-05T02:23:42.625+0000] {dagbag.py:588} INFO - Filling up the DagBag from /opt/airflow/dags/Sesion5/DAG_bash_s5.py
[2025-06-05T02:23:42.632+0000] {processor.py:925} INFO - DAG(s) 'ejemplo_bash_dag_s5' retrieved from /opt/airflow/dags/Sesion5/DAG_bash_s5.py
[2025-06-05T02:23:42.651+0000] {logging_mixin.py:190} INFO - [2025-06-05T02:23:42.651+0000] {dag.py:3239} INFO - Sync 1 DAGs
[2025-06-05T02:23:42.671+0000] {logging_mixin.py:190} INFO - [2025-06-05T02:23:42.671+0000] {dag.py:4180} INFO - Setting next_dagrun for ejemplo_bash_dag_s5 to 2025-06-04 00:00:00+00:00, run_after=2025-06-05 00:00:00+00:00
[2025-06-05T02:23:42.686+0000] {processor.py:208} INFO - Processing /opt/airflow/dags/Sesion5/DAG_bash_s5.py took 0.067 seconds
[2025-06-05T02:24:13.910+0000] {processor.py:186} INFO - Started process (PID=4555) to work on /opt/airflow/dags/Sesion5/DAG_bash_s5.py
[2025-06-05T02:24:13.912+0000] {processor.py:914} INFO - Processing file /opt/airflow/dags/Sesion5/DAG_bash_s5.py for tasks to queue
[2025-06-05T02:24:13.915+0000] {logging_mixin.py:190} INFO - [2025-06-05T02:24:13.914+0000] {dagbag.py:588} INFO - Filling up the DagBag from /opt/airflow/dags/Sesion5/DAG_bash_s5.py
[2025-06-05T02:24:13.924+0000] {processor.py:925} INFO - DAG(s) 'ejemplo_bash_dag_s5' retrieved from /opt/airflow/dags/Sesion5/DAG_bash_s5.py
[2025-06-05T02:24:13.947+0000] {logging_mixin.py:190} INFO - [2025-06-05T02:24:13.947+0000] {dag.py:3239} INFO - Sync 1 DAGs
[2025-06-05T02:24:13.979+0000] {logging_mixin.py:190} INFO - [2025-06-05T02:24:13.979+0000] {dag.py:4180} INFO - Setting next_dagrun for ejemplo_bash_dag_s5 to 2025-06-04 00:00:00+00:00, run_after=2025-06-05 00:00:00+00:00
[2025-06-05T02:24:13.998+0000] {processor.py:208} INFO - Processing /opt/airflow/dags/Sesion5/DAG_bash_s5.py took 0.094 seconds
[2025-06-05T02:24:45.218+0000] {processor.py:186} INFO - Started process (PID=4670) to work on /opt/airflow/dags/Sesion5/DAG_bash_s5.py
[2025-06-05T02:24:45.219+0000] {processor.py:914} INFO - Processing file /opt/airflow/dags/Sesion5/DAG_bash_s5.py for tasks to queue
[2025-06-05T02:24:45.221+0000] {logging_mixin.py:190} INFO - [2025-06-05T02:24:45.221+0000] {dagbag.py:588} INFO - Filling up the DagBag from /opt/airflow/dags/Sesion5/DAG_bash_s5.py
[2025-06-05T02:24:45.227+0000] {processor.py:925} INFO - DAG(s) 'ejemplo_bash_dag_s5' retrieved from /opt/airflow/dags/Sesion5/DAG_bash_s5.py
[2025-06-05T02:24:45.253+0000] {logging_mixin.py:190} INFO - [2025-06-05T02:24:45.252+0000] {dag.py:3239} INFO - Sync 1 DAGs
[2025-06-05T02:24:45.279+0000] {logging_mixin.py:190} INFO - [2025-06-05T02:24:45.279+0000] {dag.py:4180} INFO - Setting next_dagrun for ejemplo_bash_dag_s5 to 2025-06-04 00:00:00+00:00, run_after=2025-06-05 00:00:00+00:00
[2025-06-05T02:24:45.293+0000] {processor.py:208} INFO - Processing /opt/airflow/dags/Sesion5/DAG_bash_s5.py took 0.080 seconds
[2025-06-05T02:25:16.565+0000] {processor.py:186} INFO - Started process (PID=4785) to work on /opt/airflow/dags/Sesion5/DAG_bash_s5.py
[2025-06-05T02:25:16.565+0000] {processor.py:914} INFO - Processing file /opt/airflow/dags/Sesion5/DAG_bash_s5.py for tasks to queue
[2025-06-05T02:25:16.568+0000] {logging_mixin.py:190} INFO - [2025-06-05T02:25:16.567+0000] {dagbag.py:588} INFO - Filling up the DagBag from /opt/airflow/dags/Sesion5/DAG_bash_s5.py
[2025-06-05T02:25:16.576+0000] {processor.py:925} INFO - DAG(s) 'ejemplo_bash_dag_s5' retrieved from /opt/airflow/dags/Sesion5/DAG_bash_s5.py
[2025-06-05T02:25:16.601+0000] {logging_mixin.py:190} INFO - [2025-06-05T02:25:16.601+0000] {dag.py:3239} INFO - Sync 1 DAGs
[2025-06-05T02:25:16.650+0000] {logging_mixin.py:190} INFO - [2025-06-05T02:25:16.650+0000] {dag.py:4180} INFO - Setting next_dagrun for ejemplo_bash_dag_s5 to 2025-06-04 00:00:00+00:00, run_after=2025-06-05 00:00:00+00:00
[2025-06-05T02:25:16.670+0000] {processor.py:208} INFO - Processing /opt/airflow/dags/Sesion5/DAG_bash_s5.py took 0.115 seconds
[2025-06-05T02:25:48.091+0000] {processor.py:186} INFO - Started process (PID=4915) to work on /opt/airflow/dags/Sesion5/DAG_bash_s5.py
[2025-06-05T02:25:48.092+0000] {processor.py:914} INFO - Processing file /opt/airflow/dags/Sesion5/DAG_bash_s5.py for tasks to queue
[2025-06-05T02:25:48.094+0000] {logging_mixin.py:190} INFO - [2025-06-05T02:25:48.094+0000] {dagbag.py:588} INFO - Filling up the DagBag from /opt/airflow/dags/Sesion5/DAG_bash_s5.py
[2025-06-05T02:25:48.100+0000] {processor.py:925} INFO - DAG(s) 'ejemplo_bash_dag_s5' retrieved from /opt/airflow/dags/Sesion5/DAG_bash_s5.py
[2025-06-05T02:25:48.117+0000] {logging_mixin.py:190} INFO - [2025-06-05T02:25:48.117+0000] {dag.py:3239} INFO - Sync 1 DAGs
[2025-06-05T02:25:48.137+0000] {logging_mixin.py:190} INFO - [2025-06-05T02:25:48.137+0000] {dag.py:4180} INFO - Setting next_dagrun for ejemplo_bash_dag_s5 to 2025-06-04 00:00:00+00:00, run_after=2025-06-05 00:00:00+00:00
[2025-06-05T02:25:48.327+0000] {processor.py:208} INFO - Processing /opt/airflow/dags/Sesion5/DAG_bash_s5.py took 0.241 seconds
[2025-06-05T02:26:19.472+0000] {processor.py:186} INFO - Started process (PID=5030) to work on /opt/airflow/dags/Sesion5/DAG_bash_s5.py
[2025-06-05T02:26:19.472+0000] {processor.py:914} INFO - Processing file /opt/airflow/dags/Sesion5/DAG_bash_s5.py for tasks to queue
[2025-06-05T02:26:19.474+0000] {logging_mixin.py:190} INFO - [2025-06-05T02:26:19.474+0000] {dagbag.py:588} INFO - Filling up the DagBag from /opt/airflow/dags/Sesion5/DAG_bash_s5.py
[2025-06-05T02:26:19.481+0000] {processor.py:925} INFO - DAG(s) 'ejemplo_bash_dag_s5' retrieved from /opt/airflow/dags/Sesion5/DAG_bash_s5.py
[2025-06-05T02:26:19.505+0000] {logging_mixin.py:190} INFO - [2025-06-05T02:26:19.504+0000] {dag.py:3239} INFO - Sync 1 DAGs
[2025-06-05T02:26:19.674+0000] {logging_mixin.py:190} INFO - [2025-06-05T02:26:19.674+0000] {dag.py:4180} INFO - Setting next_dagrun for ejemplo_bash_dag_s5 to 2025-06-04 00:00:00+00:00, run_after=2025-06-05 00:00:00+00:00
[2025-06-05T02:26:19.688+0000] {processor.py:208} INFO - Processing /opt/airflow/dags/Sesion5/DAG_bash_s5.py took 0.221 seconds
[2025-06-05T02:26:50.582+0000] {processor.py:186} INFO - Started process (PID=5145) to work on /opt/airflow/dags/Sesion5/DAG_bash_s5.py
[2025-06-05T02:26:50.583+0000] {processor.py:914} INFO - Processing file /opt/airflow/dags/Sesion5/DAG_bash_s5.py for tasks to queue
[2025-06-05T02:26:50.585+0000] {logging_mixin.py:190} INFO - [2025-06-05T02:26:50.584+0000] {dagbag.py:588} INFO - Filling up the DagBag from /opt/airflow/dags/Sesion5/DAG_bash_s5.py
[2025-06-05T02:26:50.591+0000] {processor.py:925} INFO - DAG(s) 'ejemplo_bash_dag_s5' retrieved from /opt/airflow/dags/Sesion5/DAG_bash_s5.py
[2025-06-05T02:26:50.609+0000] {logging_mixin.py:190} INFO - [2025-06-05T02:26:50.609+0000] {dag.py:3239} INFO - Sync 1 DAGs
[2025-06-05T02:26:50.629+0000] {logging_mixin.py:190} INFO - [2025-06-05T02:26:50.629+0000] {dag.py:4180} INFO - Setting next_dagrun for ejemplo_bash_dag_s5 to 2025-06-04 00:00:00+00:00, run_after=2025-06-05 00:00:00+00:00
[2025-06-05T02:26:50.643+0000] {processor.py:208} INFO - Processing /opt/airflow/dags/Sesion5/DAG_bash_s5.py took 0.066 seconds
[2025-06-05T02:27:21.779+0000] {processor.py:186} INFO - Started process (PID=5258) to work on /opt/airflow/dags/Sesion5/DAG_bash_s5.py
[2025-06-05T02:27:21.779+0000] {processor.py:914} INFO - Processing file /opt/airflow/dags/Sesion5/DAG_bash_s5.py for tasks to queue
[2025-06-05T02:27:21.782+0000] {logging_mixin.py:190} INFO - [2025-06-05T02:27:21.782+0000] {dagbag.py:588} INFO - Filling up the DagBag from /opt/airflow/dags/Sesion5/DAG_bash_s5.py
[2025-06-05T02:27:21.792+0000] {processor.py:925} INFO - DAG(s) 'ejemplo_bash_dag_s5' retrieved from /opt/airflow/dags/Sesion5/DAG_bash_s5.py
[2025-06-05T02:27:21.818+0000] {logging_mixin.py:190} INFO - [2025-06-05T02:27:21.818+0000] {dag.py:3239} INFO - Sync 1 DAGs
[2025-06-05T02:27:21.845+0000] {logging_mixin.py:190} INFO - [2025-06-05T02:27:21.845+0000] {dag.py:4180} INFO - Setting next_dagrun for ejemplo_bash_dag_s5 to 2025-06-04 00:00:00+00:00, run_after=2025-06-05 00:00:00+00:00
[2025-06-05T02:27:21.864+0000] {processor.py:208} INFO - Processing /opt/airflow/dags/Sesion5/DAG_bash_s5.py took 0.093 seconds
[2025-06-05T02:27:53.047+0000] {processor.py:186} INFO - Started process (PID=5375) to work on /opt/airflow/dags/Sesion5/DAG_bash_s5.py
[2025-06-05T02:27:53.048+0000] {processor.py:914} INFO - Processing file /opt/airflow/dags/Sesion5/DAG_bash_s5.py for tasks to queue
[2025-06-05T02:27:53.050+0000] {logging_mixin.py:190} INFO - [2025-06-05T02:27:53.050+0000] {dagbag.py:588} INFO - Filling up the DagBag from /opt/airflow/dags/Sesion5/DAG_bash_s5.py
[2025-06-05T02:27:53.057+0000] {processor.py:925} INFO - DAG(s) 'ejemplo_bash_dag_s5' retrieved from /opt/airflow/dags/Sesion5/DAG_bash_s5.py
[2025-06-05T02:27:53.074+0000] {logging_mixin.py:190} INFO - [2025-06-05T02:27:53.074+0000] {dag.py:3239} INFO - Sync 1 DAGs
[2025-06-05T02:27:53.094+0000] {logging_mixin.py:190} INFO - [2025-06-05T02:27:53.094+0000] {dag.py:4180} INFO - Setting next_dagrun for ejemplo_bash_dag_s5 to 2025-06-04 00:00:00+00:00, run_after=2025-06-05 00:00:00+00:00
[2025-06-05T02:27:53.231+0000] {processor.py:208} INFO - Processing /opt/airflow/dags/Sesion5/DAG_bash_s5.py took 0.189 seconds
[2025-06-05T02:28:24.609+0000] {processor.py:186} INFO - Started process (PID=5490) to work on /opt/airflow/dags/Sesion5/DAG_bash_s5.py
[2025-06-05T02:28:24.610+0000] {processor.py:914} INFO - Processing file /opt/airflow/dags/Sesion5/DAG_bash_s5.py for tasks to queue
[2025-06-05T02:28:24.612+0000] {logging_mixin.py:190} INFO - [2025-06-05T02:28:24.611+0000] {dagbag.py:588} INFO - Filling up the DagBag from /opt/airflow/dags/Sesion5/DAG_bash_s5.py
[2025-06-05T02:28:24.618+0000] {processor.py:925} INFO - DAG(s) 'ejemplo_bash_dag_s5' retrieved from /opt/airflow/dags/Sesion5/DAG_bash_s5.py
[2025-06-05T02:28:24.635+0000] {logging_mixin.py:190} INFO - [2025-06-05T02:28:24.635+0000] {dag.py:3239} INFO - Sync 1 DAGs
[2025-06-05T02:28:24.788+0000] {logging_mixin.py:190} INFO - [2025-06-05T02:28:24.788+0000] {dag.py:4180} INFO - Setting next_dagrun for ejemplo_bash_dag_s5 to 2025-06-04 00:00:00+00:00, run_after=2025-06-05 00:00:00+00:00
[2025-06-05T02:28:24.804+0000] {processor.py:208} INFO - Processing /opt/airflow/dags/Sesion5/DAG_bash_s5.py took 0.200 seconds
[2025-06-05T02:28:56.162+0000] {processor.py:186} INFO - Started process (PID=5603) to work on /opt/airflow/dags/Sesion5/DAG_bash_s5.py
[2025-06-05T02:28:56.163+0000] {processor.py:914} INFO - Processing file /opt/airflow/dags/Sesion5/DAG_bash_s5.py for tasks to queue
[2025-06-05T02:28:56.165+0000] {logging_mixin.py:190} INFO - [2025-06-05T02:28:56.165+0000] {dagbag.py:588} INFO - Filling up the DagBag from /opt/airflow/dags/Sesion5/DAG_bash_s5.py
[2025-06-05T02:28:56.174+0000] {processor.py:925} INFO - DAG(s) 'ejemplo_bash_dag_s5' retrieved from /opt/airflow/dags/Sesion5/DAG_bash_s5.py
[2025-06-05T02:28:56.197+0000] {logging_mixin.py:190} INFO - [2025-06-05T02:28:56.197+0000] {dag.py:3239} INFO - Sync 1 DAGs
[2025-06-05T02:28:56.231+0000] {logging_mixin.py:190} INFO - [2025-06-05T02:28:56.230+0000] {dag.py:4180} INFO - Setting next_dagrun for ejemplo_bash_dag_s5 to 2025-06-04 00:00:00+00:00, run_after=2025-06-05 00:00:00+00:00
[2025-06-05T02:28:56.253+0000] {processor.py:208} INFO - Processing /opt/airflow/dags/Sesion5/DAG_bash_s5.py took 0.100 seconds
[2025-06-05T02:29:27.616+0000] {processor.py:186} INFO - Started process (PID=5720) to work on /opt/airflow/dags/Sesion5/DAG_bash_s5.py
[2025-06-05T02:29:27.617+0000] {processor.py:914} INFO - Processing file /opt/airflow/dags/Sesion5/DAG_bash_s5.py for tasks to queue
[2025-06-05T02:29:27.619+0000] {logging_mixin.py:190} INFO - [2025-06-05T02:29:27.619+0000] {dagbag.py:588} INFO - Filling up the DagBag from /opt/airflow/dags/Sesion5/DAG_bash_s5.py
[2025-06-05T02:29:27.626+0000] {processor.py:925} INFO - DAG(s) 'ejemplo_bash_dag_s5' retrieved from /opt/airflow/dags/Sesion5/DAG_bash_s5.py
[2025-06-05T02:29:27.643+0000] {logging_mixin.py:190} INFO - [2025-06-05T02:29:27.643+0000] {dag.py:3239} INFO - Sync 1 DAGs
[2025-06-05T02:29:27.664+0000] {logging_mixin.py:190} INFO - [2025-06-05T02:29:27.663+0000] {dag.py:4180} INFO - Setting next_dagrun for ejemplo_bash_dag_s5 to 2025-06-04 00:00:00+00:00, run_after=2025-06-05 00:00:00+00:00
[2025-06-05T02:29:27.681+0000] {processor.py:208} INFO - Processing /opt/airflow/dags/Sesion5/DAG_bash_s5.py took 0.069 seconds
[2025-06-05T02:29:58.966+0000] {processor.py:186} INFO - Started process (PID=5835) to work on /opt/airflow/dags/Sesion5/DAG_bash_s5.py
[2025-06-05T02:29:58.967+0000] {processor.py:914} INFO - Processing file /opt/airflow/dags/Sesion5/DAG_bash_s5.py for tasks to queue
[2025-06-05T02:29:58.969+0000] {logging_mixin.py:190} INFO - [2025-06-05T02:29:58.969+0000] {dagbag.py:588} INFO - Filling up the DagBag from /opt/airflow/dags/Sesion5/DAG_bash_s5.py
[2025-06-05T02:29:58.977+0000] {processor.py:925} INFO - DAG(s) 'ejemplo_bash_dag_s5' retrieved from /opt/airflow/dags/Sesion5/DAG_bash_s5.py
[2025-06-05T02:29:59.000+0000] {logging_mixin.py:190} INFO - [2025-06-05T02:29:59.000+0000] {dag.py:3239} INFO - Sync 1 DAGs
[2025-06-05T02:29:59.030+0000] {logging_mixin.py:190} INFO - [2025-06-05T02:29:59.030+0000] {dag.py:4180} INFO - Setting next_dagrun for ejemplo_bash_dag_s5 to 2025-06-04 00:00:00+00:00, run_after=2025-06-05 00:00:00+00:00
[2025-06-05T02:29:59.221+0000] {processor.py:208} INFO - Processing /opt/airflow/dags/Sesion5/DAG_bash_s5.py took 0.262 seconds
[2025-06-05T02:30:29.450+0000] {processor.py:186} INFO - Started process (PID=5947) to work on /opt/airflow/dags/Sesion5/DAG_bash_s5.py
[2025-06-05T02:30:29.451+0000] {processor.py:914} INFO - Processing file /opt/airflow/dags/Sesion5/DAG_bash_s5.py for tasks to queue
[2025-06-05T02:30:29.453+0000] {logging_mixin.py:190} INFO - [2025-06-05T02:30:29.453+0000] {dagbag.py:588} INFO - Filling up the DagBag from /opt/airflow/dags/Sesion5/DAG_bash_s5.py
[2025-06-05T02:30:29.462+0000] {processor.py:925} INFO - DAG(s) 'ejemplo_bash_dag_s5' retrieved from /opt/airflow/dags/Sesion5/DAG_bash_s5.py
[2025-06-05T02:30:29.487+0000] {logging_mixin.py:190} INFO - [2025-06-05T02:30:29.487+0000] {dag.py:3239} INFO - Sync 1 DAGs
[2025-06-05T02:30:29.708+0000] {logging_mixin.py:190} INFO - [2025-06-05T02:30:29.708+0000] {dag.py:4180} INFO - Setting next_dagrun for ejemplo_bash_dag_s5 to 2025-06-04 00:00:00+00:00, run_after=2025-06-05 00:00:00+00:00
[2025-06-05T02:30:29.724+0000] {processor.py:208} INFO - Processing /opt/airflow/dags/Sesion5/DAG_bash_s5.py took 0.282 seconds
[2025-06-05T02:30:59.889+0000] {processor.py:186} INFO - Started process (PID=6056) to work on /opt/airflow/dags/Sesion5/DAG_bash_s5.py
[2025-06-05T02:30:59.892+0000] {processor.py:914} INFO - Processing file /opt/airflow/dags/Sesion5/DAG_bash_s5.py for tasks to queue
[2025-06-05T02:30:59.894+0000] {logging_mixin.py:190} INFO - [2025-06-05T02:30:59.894+0000] {dagbag.py:588} INFO - Filling up the DagBag from /opt/airflow/dags/Sesion5/DAG_bash_s5.py
[2025-06-05T02:30:59.903+0000] {processor.py:925} INFO - DAG(s) 'ejemplo_bash_dag_s5' retrieved from /opt/airflow/dags/Sesion5/DAG_bash_s5.py
[2025-06-05T02:30:59.928+0000] {logging_mixin.py:190} INFO - [2025-06-05T02:30:59.928+0000] {dag.py:3239} INFO - Sync 1 DAGs
[2025-06-05T02:30:59.962+0000] {logging_mixin.py:190} INFO - [2025-06-05T02:30:59.961+0000] {dag.py:4180} INFO - Setting next_dagrun for ejemplo_bash_dag_s5 to 2025-06-04 00:00:00+00:00, run_after=2025-06-05 00:00:00+00:00
[2025-06-05T02:30:59.981+0000] {processor.py:208} INFO - Processing /opt/airflow/dags/Sesion5/DAG_bash_s5.py took 0.103 seconds
[2025-06-05T02:31:30.239+0000] {processor.py:186} INFO - Started process (PID=6168) to work on /opt/airflow/dags/Sesion5/DAG_bash_s5.py
[2025-06-05T02:31:30.240+0000] {processor.py:914} INFO - Processing file /opt/airflow/dags/Sesion5/DAG_bash_s5.py for tasks to queue
[2025-06-05T02:31:30.242+0000] {logging_mixin.py:190} INFO - [2025-06-05T02:31:30.242+0000] {dagbag.py:588} INFO - Filling up the DagBag from /opt/airflow/dags/Sesion5/DAG_bash_s5.py
[2025-06-05T02:31:30.250+0000] {processor.py:925} INFO - DAG(s) 'ejemplo_bash_dag_s5' retrieved from /opt/airflow/dags/Sesion5/DAG_bash_s5.py
[2025-06-05T02:31:30.273+0000] {logging_mixin.py:190} INFO - [2025-06-05T02:31:30.272+0000] {dag.py:3239} INFO - Sync 1 DAGs
[2025-06-05T02:31:30.296+0000] {logging_mixin.py:190} INFO - [2025-06-05T02:31:30.295+0000] {dag.py:4180} INFO - Setting next_dagrun for ejemplo_bash_dag_s5 to 2025-06-04 00:00:00+00:00, run_after=2025-06-05 00:00:00+00:00
[2025-06-05T02:31:30.309+0000] {processor.py:208} INFO - Processing /opt/airflow/dags/Sesion5/DAG_bash_s5.py took 0.075 seconds
[2025-06-05T02:32:00.381+0000] {processor.py:186} INFO - Started process (PID=6283) to work on /opt/airflow/dags/Sesion5/DAG_bash_s5.py
[2025-06-05T02:32:00.382+0000] {processor.py:914} INFO - Processing file /opt/airflow/dags/Sesion5/DAG_bash_s5.py for tasks to queue
[2025-06-05T02:32:00.384+0000] {logging_mixin.py:190} INFO - [2025-06-05T02:32:00.383+0000] {dagbag.py:588} INFO - Filling up the DagBag from /opt/airflow/dags/Sesion5/DAG_bash_s5.py
[2025-06-05T02:32:00.390+0000] {processor.py:925} INFO - DAG(s) 'ejemplo_bash_dag_s5' retrieved from /opt/airflow/dags/Sesion5/DAG_bash_s5.py
[2025-06-05T02:32:00.416+0000] {logging_mixin.py:190} INFO - [2025-06-05T02:32:00.416+0000] {dag.py:3239} INFO - Sync 1 DAGs
[2025-06-05T02:32:00.447+0000] {logging_mixin.py:190} INFO - [2025-06-05T02:32:00.446+0000] {dag.py:4180} INFO - Setting next_dagrun for ejemplo_bash_dag_s5 to 2025-06-04 00:00:00+00:00, run_after=2025-06-05 00:00:00+00:00
[2025-06-05T02:32:00.467+0000] {processor.py:208} INFO - Processing /opt/airflow/dags/Sesion5/DAG_bash_s5.py took 0.092 seconds
[2025-06-05T02:32:31.014+0000] {processor.py:186} INFO - Started process (PID=6398) to work on /opt/airflow/dags/Sesion5/DAG_bash_s5.py
[2025-06-05T02:32:31.015+0000] {processor.py:914} INFO - Processing file /opt/airflow/dags/Sesion5/DAG_bash_s5.py for tasks to queue
[2025-06-05T02:32:31.017+0000] {logging_mixin.py:190} INFO - [2025-06-05T02:32:31.017+0000] {dagbag.py:588} INFO - Filling up the DagBag from /opt/airflow/dags/Sesion5/DAG_bash_s5.py
[2025-06-05T02:32:31.024+0000] {processor.py:925} INFO - DAG(s) 'ejemplo_bash_dag_s5' retrieved from /opt/airflow/dags/Sesion5/DAG_bash_s5.py
[2025-06-05T02:32:31.041+0000] {logging_mixin.py:190} INFO - [2025-06-05T02:32:31.041+0000] {dag.py:3239} INFO - Sync 1 DAGs
[2025-06-05T02:32:31.193+0000] {logging_mixin.py:190} INFO - [2025-06-05T02:32:31.193+0000] {dag.py:4180} INFO - Setting next_dagrun for ejemplo_bash_dag_s5 to 2025-06-04 00:00:00+00:00, run_after=2025-06-05 00:00:00+00:00
[2025-06-05T02:32:31.212+0000] {processor.py:208} INFO - Processing /opt/airflow/dags/Sesion5/DAG_bash_s5.py took 0.203 seconds
[2025-06-05T02:33:02.140+0000] {processor.py:186} INFO - Started process (PID=6513) to work on /opt/airflow/dags/Sesion5/DAG_bash_s5.py
[2025-06-05T02:33:02.141+0000] {processor.py:914} INFO - Processing file /opt/airflow/dags/Sesion5/DAG_bash_s5.py for tasks to queue
[2025-06-05T02:33:02.143+0000] {logging_mixin.py:190} INFO - [2025-06-05T02:33:02.143+0000] {dagbag.py:588} INFO - Filling up the DagBag from /opt/airflow/dags/Sesion5/DAG_bash_s5.py
[2025-06-05T02:33:02.149+0000] {processor.py:925} INFO - DAG(s) 'ejemplo_bash_dag_s5' retrieved from /opt/airflow/dags/Sesion5/DAG_bash_s5.py
[2025-06-05T02:33:02.311+0000] {logging_mixin.py:190} INFO - [2025-06-05T02:33:02.311+0000] {dag.py:3239} INFO - Sync 1 DAGs
[2025-06-05T02:33:02.331+0000] {logging_mixin.py:190} INFO - [2025-06-05T02:33:02.330+0000] {dag.py:4180} INFO - Setting next_dagrun for ejemplo_bash_dag_s5 to 2025-06-04 00:00:00+00:00, run_after=2025-06-05 00:00:00+00:00
[2025-06-05T02:33:02.344+0000] {processor.py:208} INFO - Processing /opt/airflow/dags/Sesion5/DAG_bash_s5.py took 0.209 seconds
[2025-06-05T02:33:32.747+0000] {processor.py:186} INFO - Started process (PID=6628) to work on /opt/airflow/dags/Sesion5/DAG_bash_s5.py
[2025-06-05T02:33:32.747+0000] {processor.py:914} INFO - Processing file /opt/airflow/dags/Sesion5/DAG_bash_s5.py for tasks to queue
[2025-06-05T02:33:32.749+0000] {logging_mixin.py:190} INFO - [2025-06-05T02:33:32.749+0000] {dagbag.py:588} INFO - Filling up the DagBag from /opt/airflow/dags/Sesion5/DAG_bash_s5.py
[2025-06-05T02:33:32.756+0000] {processor.py:925} INFO - DAG(s) 'ejemplo_bash_dag_s5' retrieved from /opt/airflow/dags/Sesion5/DAG_bash_s5.py
[2025-06-05T02:33:32.774+0000] {logging_mixin.py:190} INFO - [2025-06-05T02:33:32.774+0000] {dag.py:3239} INFO - Sync 1 DAGs
[2025-06-05T02:33:32.797+0000] {logging_mixin.py:190} INFO - [2025-06-05T02:33:32.797+0000] {dag.py:4180} INFO - Setting next_dagrun for ejemplo_bash_dag_s5 to 2025-06-04 00:00:00+00:00, run_after=2025-06-05 00:00:00+00:00
[2025-06-05T02:33:32.811+0000] {processor.py:208} INFO - Processing /opt/airflow/dags/Sesion5/DAG_bash_s5.py took 0.070 seconds
[2025-06-05T02:34:03.517+0000] {processor.py:186} INFO - Started process (PID=6743) to work on /opt/airflow/dags/Sesion5/DAG_bash_s5.py
[2025-06-05T02:34:03.518+0000] {processor.py:914} INFO - Processing file /opt/airflow/dags/Sesion5/DAG_bash_s5.py for tasks to queue
[2025-06-05T02:34:03.520+0000] {logging_mixin.py:190} INFO - [2025-06-05T02:34:03.520+0000] {dagbag.py:588} INFO - Filling up the DagBag from /opt/airflow/dags/Sesion5/DAG_bash_s5.py
[2025-06-05T02:34:03.529+0000] {processor.py:925} INFO - DAG(s) 'ejemplo_bash_dag_s5' retrieved from /opt/airflow/dags/Sesion5/DAG_bash_s5.py
[2025-06-05T02:34:03.547+0000] {logging_mixin.py:190} INFO - [2025-06-05T02:34:03.547+0000] {dag.py:3239} INFO - Sync 1 DAGs
[2025-06-05T02:34:03.572+0000] {logging_mixin.py:190} INFO - [2025-06-05T02:34:03.571+0000] {dag.py:4180} INFO - Setting next_dagrun for ejemplo_bash_dag_s5 to 2025-06-04 00:00:00+00:00, run_after=2025-06-05 00:00:00+00:00
[2025-06-05T02:34:03.589+0000] {processor.py:208} INFO - Processing /opt/airflow/dags/Sesion5/DAG_bash_s5.py took 0.078 seconds
[2025-06-05T05:21:07.055+0000] {processor.py:186} INFO - Started process (PID=209) to work on /opt/airflow/dags/Sesion5/DAG_bash_s5.py
[2025-06-05T05:21:07.062+0000] {processor.py:914} INFO - Processing file /opt/airflow/dags/Sesion5/DAG_bash_s5.py for tasks to queue
[2025-06-05T05:21:07.098+0000] {logging_mixin.py:190} INFO - [2025-06-05T05:21:07.096+0000] {dagbag.py:588} INFO - Filling up the DagBag from /opt/airflow/dags/Sesion5/DAG_bash_s5.py
[2025-06-05T05:21:07.141+0000] {processor.py:925} INFO - DAG(s) 'ejemplo_bash_dag_s5' retrieved from /opt/airflow/dags/Sesion5/DAG_bash_s5.py
[2025-06-05T05:21:07.283+0000] {logging_mixin.py:190} INFO - [2025-06-05T05:21:07.282+0000] {dag.py:3239} INFO - Sync 1 DAGs
[2025-06-05T05:21:07.428+0000] {logging_mixin.py:190} INFO - [2025-06-05T05:21:07.428+0000] {dag.py:4180} INFO - Setting next_dagrun for ejemplo_bash_dag_s5 to 2025-06-04 00:00:00+00:00, run_after=2025-06-05 00:00:00+00:00
[2025-06-05T05:21:07.555+0000] {processor.py:208} INFO - Processing /opt/airflow/dags/Sesion5/DAG_bash_s5.py took 0.525 seconds
[2025-06-05T05:21:37.836+0000] {processor.py:186} INFO - Started process (PID=323) to work on /opt/airflow/dags/Sesion5/DAG_bash_s5.py
[2025-06-05T05:21:37.837+0000] {processor.py:914} INFO - Processing file /opt/airflow/dags/Sesion5/DAG_bash_s5.py for tasks to queue
[2025-06-05T05:21:37.839+0000] {logging_mixin.py:190} INFO - [2025-06-05T05:21:37.839+0000] {dagbag.py:588} INFO - Filling up the DagBag from /opt/airflow/dags/Sesion5/DAG_bash_s5.py
[2025-06-05T05:21:37.849+0000] {processor.py:925} INFO - DAG(s) 'ejemplo_bash_dag_s5' retrieved from /opt/airflow/dags/Sesion5/DAG_bash_s5.py
[2025-06-05T05:21:37.874+0000] {logging_mixin.py:190} INFO - [2025-06-05T05:21:37.874+0000] {dag.py:3239} INFO - Sync 1 DAGs
[2025-06-05T05:21:37.905+0000] {logging_mixin.py:190} INFO - [2025-06-05T05:21:37.904+0000] {dag.py:4180} INFO - Setting next_dagrun for ejemplo_bash_dag_s5 to 2025-06-04 00:00:00+00:00, run_after=2025-06-05 00:00:00+00:00
[2025-06-05T05:21:37.926+0000] {processor.py:208} INFO - Processing /opt/airflow/dags/Sesion5/DAG_bash_s5.py took 0.096 seconds
