[2025-06-05T02:01:08.271+0000] {processor.py:186} INFO - Started process (PID=193) to work on /opt/airflow/dags/Sesion5/DAG_variables_1.py
[2025-06-05T02:01:08.274+0000] {processor.py:914} INFO - Processing file /opt/airflow/dags/Sesion5/DAG_variables_1.py for tasks to queue
[2025-06-05T02:01:08.279+0000] {logging_mixin.py:190} INFO - [2025-06-05T02:01:08.279+0000] {dagbag.py:588} INFO - Filling up the DagBag from /opt/airflow/dags/Sesion5/DAG_variables_1.py
[2025-06-05T02:01:17.708+0000] {processor.py:925} INFO - DAG(s) 'etl_with_variables_1' retrieved from /opt/airflow/dags/Sesion5/DAG_variables_1.py
[2025-06-05T02:01:17.781+0000] {logging_mixin.py:190} INFO - [2025-06-05T02:01:17.781+0000] {dag.py:3239} INFO - Sync 1 DAGs
[2025-06-05T02:01:17.822+0000] {logging_mixin.py:190} INFO - [2025-06-05T02:01:17.822+0000] {dag.py:4180} INFO - Setting next_dagrun for etl_with_variables_1 to None, run_after=None
[2025-06-05T02:01:17.889+0000] {processor.py:208} INFO - Processing /opt/airflow/dags/Sesion5/DAG_variables_1.py took 9.638 seconds
[2025-06-05T02:01:48.124+0000] {processor.py:186} INFO - Started process (PID=309) to work on /opt/airflow/dags/Sesion5/DAG_variables_1.py
[2025-06-05T02:01:48.125+0000] {processor.py:914} INFO - Processing file /opt/airflow/dags/Sesion5/DAG_variables_1.py for tasks to queue
[2025-06-05T02:01:48.127+0000] {logging_mixin.py:190} INFO - [2025-06-05T02:01:48.127+0000] {dagbag.py:588} INFO - Filling up the DagBag from /opt/airflow/dags/Sesion5/DAG_variables_1.py
[2025-06-05T02:01:51.061+0000] {processor.py:925} INFO - DAG(s) 'etl_with_variables_1' retrieved from /opt/airflow/dags/Sesion5/DAG_variables_1.py
[2025-06-05T02:01:51.131+0000] {logging_mixin.py:190} INFO - [2025-06-05T02:01:51.129+0000] {dag.py:3239} INFO - Sync 1 DAGs
[2025-06-05T02:01:51.227+0000] {logging_mixin.py:190} INFO - [2025-06-05T02:01:51.219+0000] {dag.py:4180} INFO - Setting next_dagrun for etl_with_variables_1 to None, run_after=None
[2025-06-05T02:01:51.291+0000] {processor.py:208} INFO - Processing /opt/airflow/dags/Sesion5/DAG_variables_1.py took 3.174 seconds
[2025-06-05T02:02:22.258+0000] {processor.py:186} INFO - Started process (PID=424) to work on /opt/airflow/dags/Sesion5/DAG_variables_1.py
[2025-06-05T02:02:22.262+0000] {processor.py:914} INFO - Processing file /opt/airflow/dags/Sesion5/DAG_variables_1.py for tasks to queue
[2025-06-05T02:02:22.279+0000] {logging_mixin.py:190} INFO - [2025-06-05T02:02:22.274+0000] {dagbag.py:588} INFO - Filling up the DagBag from /opt/airflow/dags/Sesion5/DAG_variables_1.py
[2025-06-05T02:02:24.172+0000] {processor.py:925} INFO - DAG(s) 'etl_with_variables_1' retrieved from /opt/airflow/dags/Sesion5/DAG_variables_1.py
[2025-06-05T02:02:24.195+0000] {logging_mixin.py:190} INFO - [2025-06-05T02:02:24.195+0000] {dag.py:3239} INFO - Sync 1 DAGs
[2025-06-05T02:02:24.226+0000] {logging_mixin.py:190} INFO - [2025-06-05T02:02:24.224+0000] {dag.py:4180} INFO - Setting next_dagrun for etl_with_variables_1 to None, run_after=None
[2025-06-05T02:02:24.296+0000] {processor.py:208} INFO - Processing /opt/airflow/dags/Sesion5/DAG_variables_1.py took 2.082 seconds
[2025-06-05T02:04:24.733+0000] {processor.py:186} INFO - Started process (PID=176) to work on /opt/airflow/dags/Sesion5/DAG_variables_1.py
[2025-06-05T02:04:24.802+0000] {processor.py:914} INFO - Processing file /opt/airflow/dags/Sesion5/DAG_variables_1.py for tasks to queue
[2025-06-05T02:04:24.813+0000] {logging_mixin.py:190} INFO - [2025-06-05T02:04:24.811+0000] {dagbag.py:588} INFO - Filling up the DagBag from /opt/airflow/dags/Sesion5/DAG_variables_1.py
[2025-06-05T02:04:27.710+0000] {processor.py:925} INFO - DAG(s) 'etl_with_variables_1' retrieved from /opt/airflow/dags/Sesion5/DAG_variables_1.py
[2025-06-05T02:04:27.751+0000] {logging_mixin.py:190} INFO - [2025-06-05T02:04:27.751+0000] {dag.py:3239} INFO - Sync 1 DAGs
[2025-06-05T02:04:27.777+0000] {logging_mixin.py:190} INFO - [2025-06-05T02:04:27.777+0000] {dag.py:4180} INFO - Setting next_dagrun for etl_with_variables_1 to None, run_after=None
[2025-06-05T02:04:27.807+0000] {processor.py:208} INFO - Processing /opt/airflow/dags/Sesion5/DAG_variables_1.py took 3.097 seconds
[2025-06-05T02:04:57.934+0000] {processor.py:186} INFO - Started process (PID=291) to work on /opt/airflow/dags/Sesion5/DAG_variables_1.py
[2025-06-05T02:04:57.935+0000] {processor.py:914} INFO - Processing file /opt/airflow/dags/Sesion5/DAG_variables_1.py for tasks to queue
[2025-06-05T02:04:57.937+0000] {logging_mixin.py:190} INFO - [2025-06-05T02:04:57.937+0000] {dagbag.py:588} INFO - Filling up the DagBag from /opt/airflow/dags/Sesion5/DAG_variables_1.py
[2025-06-05T02:04:58.496+0000] {processor.py:925} INFO - DAG(s) 'etl_with_variables_1' retrieved from /opt/airflow/dags/Sesion5/DAG_variables_1.py
[2025-06-05T02:04:58.512+0000] {logging_mixin.py:190} INFO - [2025-06-05T02:04:58.512+0000] {dag.py:3239} INFO - Sync 1 DAGs
[2025-06-05T02:04:58.526+0000] {logging_mixin.py:190} INFO - [2025-06-05T02:04:58.526+0000] {dag.py:4180} INFO - Setting next_dagrun for etl_with_variables_1 to None, run_after=None
[2025-06-05T02:04:58.552+0000] {processor.py:208} INFO - Processing /opt/airflow/dags/Sesion5/DAG_variables_1.py took 0.625 seconds
[2025-06-05T02:05:29.312+0000] {processor.py:186} INFO - Started process (PID=406) to work on /opt/airflow/dags/Sesion5/DAG_variables_1.py
[2025-06-05T02:05:29.313+0000] {processor.py:914} INFO - Processing file /opt/airflow/dags/Sesion5/DAG_variables_1.py for tasks to queue
[2025-06-05T02:05:29.315+0000] {logging_mixin.py:190} INFO - [2025-06-05T02:05:29.314+0000] {dagbag.py:588} INFO - Filling up the DagBag from /opt/airflow/dags/Sesion5/DAG_variables_1.py
[2025-06-05T02:05:29.944+0000] {processor.py:925} INFO - DAG(s) 'etl_with_variables_1' retrieved from /opt/airflow/dags/Sesion5/DAG_variables_1.py
[2025-06-05T02:05:29.960+0000] {logging_mixin.py:190} INFO - [2025-06-05T02:05:29.960+0000] {dag.py:3239} INFO - Sync 1 DAGs
[2025-06-05T02:05:29.977+0000] {logging_mixin.py:190} INFO - [2025-06-05T02:05:29.976+0000] {dag.py:4180} INFO - Setting next_dagrun for etl_with_variables_1 to None, run_after=None
[2025-06-05T02:05:29.993+0000] {processor.py:208} INFO - Processing /opt/airflow/dags/Sesion5/DAG_variables_1.py took 0.690 seconds
[2025-06-05T02:06:00.501+0000] {processor.py:186} INFO - Started process (PID=521) to work on /opt/airflow/dags/Sesion5/DAG_variables_1.py
[2025-06-05T02:06:00.502+0000] {processor.py:914} INFO - Processing file /opt/airflow/dags/Sesion5/DAG_variables_1.py for tasks to queue
[2025-06-05T02:06:00.504+0000] {logging_mixin.py:190} INFO - [2025-06-05T02:06:00.504+0000] {dagbag.py:588} INFO - Filling up the DagBag from /opt/airflow/dags/Sesion5/DAG_variables_1.py
[2025-06-05T02:06:01.295+0000] {processor.py:925} INFO - DAG(s) 'etl_with_variables_1' retrieved from /opt/airflow/dags/Sesion5/DAG_variables_1.py
[2025-06-05T02:06:01.315+0000] {logging_mixin.py:190} INFO - [2025-06-05T02:06:01.314+0000] {dag.py:3239} INFO - Sync 1 DAGs
[2025-06-05T02:06:01.330+0000] {logging_mixin.py:190} INFO - [2025-06-05T02:06:01.330+0000] {dag.py:4180} INFO - Setting next_dagrun for etl_with_variables_1 to None, run_after=None
[2025-06-05T02:06:01.345+0000] {processor.py:208} INFO - Processing /opt/airflow/dags/Sesion5/DAG_variables_1.py took 0.850 seconds
[2025-06-05T02:06:31.823+0000] {processor.py:186} INFO - Started process (PID=636) to work on /opt/airflow/dags/Sesion5/DAG_variables_1.py
[2025-06-05T02:06:31.824+0000] {processor.py:914} INFO - Processing file /opt/airflow/dags/Sesion5/DAG_variables_1.py for tasks to queue
[2025-06-05T02:06:31.826+0000] {logging_mixin.py:190} INFO - [2025-06-05T02:06:31.826+0000] {dagbag.py:588} INFO - Filling up the DagBag from /opt/airflow/dags/Sesion5/DAG_variables_1.py
[2025-06-05T02:06:32.402+0000] {processor.py:925} INFO - DAG(s) 'etl_with_variables_1' retrieved from /opt/airflow/dags/Sesion5/DAG_variables_1.py
[2025-06-05T02:06:32.425+0000] {logging_mixin.py:190} INFO - [2025-06-05T02:06:32.425+0000] {dag.py:3239} INFO - Sync 1 DAGs
[2025-06-05T02:06:32.440+0000] {logging_mixin.py:190} INFO - [2025-06-05T02:06:32.440+0000] {dag.py:4180} INFO - Setting next_dagrun for etl_with_variables_1 to None, run_after=None
[2025-06-05T02:06:32.457+0000] {processor.py:208} INFO - Processing /opt/airflow/dags/Sesion5/DAG_variables_1.py took 0.641 seconds
[2025-06-05T02:07:02.814+0000] {processor.py:186} INFO - Started process (PID=751) to work on /opt/airflow/dags/Sesion5/DAG_variables_1.py
[2025-06-05T02:07:02.816+0000] {processor.py:914} INFO - Processing file /opt/airflow/dags/Sesion5/DAG_variables_1.py for tasks to queue
[2025-06-05T02:07:02.824+0000] {logging_mixin.py:190} INFO - [2025-06-05T02:07:02.824+0000] {dagbag.py:588} INFO - Filling up the DagBag from /opt/airflow/dags/Sesion5/DAG_variables_1.py
[2025-06-05T02:07:03.485+0000] {processor.py:925} INFO - DAG(s) 'etl_with_variables_1' retrieved from /opt/airflow/dags/Sesion5/DAG_variables_1.py
[2025-06-05T02:07:03.515+0000] {logging_mixin.py:190} INFO - [2025-06-05T02:07:03.515+0000] {dag.py:3239} INFO - Sync 1 DAGs
[2025-06-05T02:07:03.531+0000] {logging_mixin.py:190} INFO - [2025-06-05T02:07:03.531+0000] {dag.py:4180} INFO - Setting next_dagrun for etl_with_variables_1 to None, run_after=None
[2025-06-05T02:07:03.551+0000] {processor.py:208} INFO - Processing /opt/airflow/dags/Sesion5/DAG_variables_1.py took 0.744 seconds
[2025-06-05T02:07:34.163+0000] {processor.py:186} INFO - Started process (PID=866) to work on /opt/airflow/dags/Sesion5/DAG_variables_1.py
[2025-06-05T02:07:34.164+0000] {processor.py:914} INFO - Processing file /opt/airflow/dags/Sesion5/DAG_variables_1.py for tasks to queue
[2025-06-05T02:07:34.166+0000] {logging_mixin.py:190} INFO - [2025-06-05T02:07:34.166+0000] {dagbag.py:588} INFO - Filling up the DagBag from /opt/airflow/dags/Sesion5/DAG_variables_1.py
[2025-06-05T02:07:34.738+0000] {processor.py:925} INFO - DAG(s) 'etl_with_variables_1' retrieved from /opt/airflow/dags/Sesion5/DAG_variables_1.py
[2025-06-05T02:07:34.755+0000] {logging_mixin.py:190} INFO - [2025-06-05T02:07:34.754+0000] {dag.py:3239} INFO - Sync 1 DAGs
[2025-06-05T02:07:34.771+0000] {logging_mixin.py:190} INFO - [2025-06-05T02:07:34.771+0000] {dag.py:4180} INFO - Setting next_dagrun for etl_with_variables_1 to None, run_after=None
[2025-06-05T02:07:34.787+0000] {processor.py:208} INFO - Processing /opt/airflow/dags/Sesion5/DAG_variables_1.py took 0.634 seconds
[2025-06-05T02:08:05.279+0000] {processor.py:186} INFO - Started process (PID=981) to work on /opt/airflow/dags/Sesion5/DAG_variables_1.py
[2025-06-05T02:08:05.280+0000] {processor.py:914} INFO - Processing file /opt/airflow/dags/Sesion5/DAG_variables_1.py for tasks to queue
[2025-06-05T02:08:05.282+0000] {logging_mixin.py:190} INFO - [2025-06-05T02:08:05.282+0000] {dagbag.py:588} INFO - Filling up the DagBag from /opt/airflow/dags/Sesion5/DAG_variables_1.py
[2025-06-05T02:08:05.822+0000] {processor.py:925} INFO - DAG(s) 'etl_with_variables_1' retrieved from /opt/airflow/dags/Sesion5/DAG_variables_1.py
[2025-06-05T02:08:05.841+0000] {logging_mixin.py:190} INFO - [2025-06-05T02:08:05.840+0000] {dag.py:3239} INFO - Sync 1 DAGs
[2025-06-05T02:08:05.856+0000] {logging_mixin.py:190} INFO - [2025-06-05T02:08:05.856+0000] {dag.py:4180} INFO - Setting next_dagrun for etl_with_variables_1 to None, run_after=None
[2025-06-05T02:08:05.873+0000] {processor.py:208} INFO - Processing /opt/airflow/dags/Sesion5/DAG_variables_1.py took 0.603 seconds
[2025-06-05T02:08:36.558+0000] {processor.py:186} INFO - Started process (PID=1096) to work on /opt/airflow/dags/Sesion5/DAG_variables_1.py
[2025-06-05T02:08:36.559+0000] {processor.py:914} INFO - Processing file /opt/airflow/dags/Sesion5/DAG_variables_1.py for tasks to queue
[2025-06-05T02:08:36.563+0000] {logging_mixin.py:190} INFO - [2025-06-05T02:08:36.562+0000] {dagbag.py:588} INFO - Filling up the DagBag from /opt/airflow/dags/Sesion5/DAG_variables_1.py
[2025-06-05T02:08:37.287+0000] {processor.py:925} INFO - DAG(s) 'etl_with_variables_1' retrieved from /opt/airflow/dags/Sesion5/DAG_variables_1.py
[2025-06-05T02:08:37.304+0000] {logging_mixin.py:190} INFO - [2025-06-05T02:08:37.304+0000] {dag.py:3239} INFO - Sync 1 DAGs
[2025-06-05T02:08:37.319+0000] {logging_mixin.py:190} INFO - [2025-06-05T02:08:37.319+0000] {dag.py:4180} INFO - Setting next_dagrun for etl_with_variables_1 to None, run_after=None
[2025-06-05T02:08:37.335+0000] {processor.py:208} INFO - Processing /opt/airflow/dags/Sesion5/DAG_variables_1.py took 0.787 seconds
[2025-06-05T02:09:07.628+0000] {processor.py:186} INFO - Started process (PID=1211) to work on /opt/airflow/dags/Sesion5/DAG_variables_1.py
[2025-06-05T02:09:07.633+0000] {processor.py:914} INFO - Processing file /opt/airflow/dags/Sesion5/DAG_variables_1.py for tasks to queue
[2025-06-05T02:09:07.640+0000] {logging_mixin.py:190} INFO - [2025-06-05T02:09:07.639+0000] {dagbag.py:588} INFO - Filling up the DagBag from /opt/airflow/dags/Sesion5/DAG_variables_1.py
[2025-06-05T02:09:08.214+0000] {processor.py:925} INFO - DAG(s) 'etl_with_variables_1' retrieved from /opt/airflow/dags/Sesion5/DAG_variables_1.py
[2025-06-05T02:09:08.230+0000] {logging_mixin.py:190} INFO - [2025-06-05T02:09:08.230+0000] {dag.py:3239} INFO - Sync 1 DAGs
[2025-06-05T02:09:08.246+0000] {logging_mixin.py:190} INFO - [2025-06-05T02:09:08.246+0000] {dag.py:4180} INFO - Setting next_dagrun for etl_with_variables_1 to None, run_after=None
[2025-06-05T02:09:08.262+0000] {processor.py:208} INFO - Processing /opt/airflow/dags/Sesion5/DAG_variables_1.py took 0.643 seconds
[2025-06-05T02:09:38.506+0000] {processor.py:186} INFO - Started process (PID=1326) to work on /opt/airflow/dags/Sesion5/DAG_variables_1.py
[2025-06-05T02:09:38.508+0000] {processor.py:914} INFO - Processing file /opt/airflow/dags/Sesion5/DAG_variables_1.py for tasks to queue
[2025-06-05T02:09:38.510+0000] {logging_mixin.py:190} INFO - [2025-06-05T02:09:38.510+0000] {dagbag.py:588} INFO - Filling up the DagBag from /opt/airflow/dags/Sesion5/DAG_variables_1.py
[2025-06-05T02:09:39.083+0000] {processor.py:925} INFO - DAG(s) 'etl_with_variables_1' retrieved from /opt/airflow/dags/Sesion5/DAG_variables_1.py
[2025-06-05T02:09:39.099+0000] {logging_mixin.py:190} INFO - [2025-06-05T02:09:39.098+0000] {dag.py:3239} INFO - Sync 1 DAGs
[2025-06-05T02:09:39.114+0000] {logging_mixin.py:190} INFO - [2025-06-05T02:09:39.114+0000] {dag.py:4180} INFO - Setting next_dagrun for etl_with_variables_1 to None, run_after=None
[2025-06-05T02:09:39.130+0000] {processor.py:208} INFO - Processing /opt/airflow/dags/Sesion5/DAG_variables_1.py took 0.631 seconds
[2025-06-05T02:10:09.941+0000] {processor.py:186} INFO - Started process (PID=1441) to work on /opt/airflow/dags/Sesion5/DAG_variables_1.py
[2025-06-05T02:10:09.943+0000] {processor.py:914} INFO - Processing file /opt/airflow/dags/Sesion5/DAG_variables_1.py for tasks to queue
[2025-06-05T02:10:09.946+0000] {logging_mixin.py:190} INFO - [2025-06-05T02:10:09.946+0000] {dagbag.py:588} INFO - Filling up the DagBag from /opt/airflow/dags/Sesion5/DAG_variables_1.py
[2025-06-05T02:10:10.505+0000] {processor.py:925} INFO - DAG(s) 'etl_with_variables_1' retrieved from /opt/airflow/dags/Sesion5/DAG_variables_1.py
[2025-06-05T02:10:10.524+0000] {logging_mixin.py:190} INFO - [2025-06-05T02:10:10.523+0000] {dag.py:3239} INFO - Sync 1 DAGs
[2025-06-05T02:10:10.539+0000] {logging_mixin.py:190} INFO - [2025-06-05T02:10:10.539+0000] {dag.py:4180} INFO - Setting next_dagrun for etl_with_variables_1 to None, run_after=None
[2025-06-05T02:10:10.553+0000] {processor.py:208} INFO - Processing /opt/airflow/dags/Sesion5/DAG_variables_1.py took 0.620 seconds
[2025-06-05T02:10:41.004+0000] {processor.py:186} INFO - Started process (PID=1556) to work on /opt/airflow/dags/Sesion5/DAG_variables_1.py
[2025-06-05T02:10:41.005+0000] {processor.py:914} INFO - Processing file /opt/airflow/dags/Sesion5/DAG_variables_1.py for tasks to queue
[2025-06-05T02:10:41.008+0000] {logging_mixin.py:190} INFO - [2025-06-05T02:10:41.007+0000] {dagbag.py:588} INFO - Filling up the DagBag from /opt/airflow/dags/Sesion5/DAG_variables_1.py
[2025-06-05T02:10:41.584+0000] {processor.py:925} INFO - DAG(s) 'etl_with_variables_1' retrieved from /opt/airflow/dags/Sesion5/DAG_variables_1.py
[2025-06-05T02:10:41.601+0000] {logging_mixin.py:190} INFO - [2025-06-05T02:10:41.601+0000] {dag.py:3239} INFO - Sync 1 DAGs
[2025-06-05T02:10:41.616+0000] {logging_mixin.py:190} INFO - [2025-06-05T02:10:41.616+0000] {dag.py:4180} INFO - Setting next_dagrun for etl_with_variables_1 to None, run_after=None
[2025-06-05T02:10:41.632+0000] {processor.py:208} INFO - Processing /opt/airflow/dags/Sesion5/DAG_variables_1.py took 0.635 seconds
[2025-06-05T02:11:12.197+0000] {processor.py:186} INFO - Started process (PID=1671) to work on /opt/airflow/dags/Sesion5/DAG_variables_1.py
[2025-06-05T02:11:12.198+0000] {processor.py:914} INFO - Processing file /opt/airflow/dags/Sesion5/DAG_variables_1.py for tasks to queue
[2025-06-05T02:11:12.200+0000] {logging_mixin.py:190} INFO - [2025-06-05T02:11:12.200+0000] {dagbag.py:588} INFO - Filling up the DagBag from /opt/airflow/dags/Sesion5/DAG_variables_1.py
[2025-06-05T02:11:12.943+0000] {processor.py:925} INFO - DAG(s) 'etl_with_variables_1' retrieved from /opt/airflow/dags/Sesion5/DAG_variables_1.py
[2025-06-05T02:11:12.981+0000] {logging_mixin.py:190} INFO - [2025-06-05T02:11:12.980+0000] {dag.py:3239} INFO - Sync 1 DAGs
[2025-06-05T02:11:13.018+0000] {logging_mixin.py:190} INFO - [2025-06-05T02:11:13.017+0000] {dag.py:4180} INFO - Setting next_dagrun for etl_with_variables_1 to None, run_after=None
[2025-06-05T02:11:13.049+0000] {processor.py:208} INFO - Processing /opt/airflow/dags/Sesion5/DAG_variables_1.py took 0.862 seconds
[2025-06-05T02:11:43.494+0000] {processor.py:186} INFO - Started process (PID=1786) to work on /opt/airflow/dags/Sesion5/DAG_variables_1.py
[2025-06-05T02:11:43.496+0000] {processor.py:914} INFO - Processing file /opt/airflow/dags/Sesion5/DAG_variables_1.py for tasks to queue
[2025-06-05T02:11:43.500+0000] {logging_mixin.py:190} INFO - [2025-06-05T02:11:43.499+0000] {dagbag.py:588} INFO - Filling up the DagBag from /opt/airflow/dags/Sesion5/DAG_variables_1.py
[2025-06-05T02:11:44.080+0000] {processor.py:925} INFO - DAG(s) 'etl_with_variables_1' retrieved from /opt/airflow/dags/Sesion5/DAG_variables_1.py
[2025-06-05T02:11:44.099+0000] {logging_mixin.py:190} INFO - [2025-06-05T02:11:44.099+0000] {dag.py:3239} INFO - Sync 1 DAGs
[2025-06-05T02:11:44.116+0000] {logging_mixin.py:190} INFO - [2025-06-05T02:11:44.116+0000] {dag.py:4180} INFO - Setting next_dagrun for etl_with_variables_1 to None, run_after=None
[2025-06-05T02:11:44.134+0000] {processor.py:208} INFO - Processing /opt/airflow/dags/Sesion5/DAG_variables_1.py took 0.649 seconds
[2025-06-05T02:12:14.477+0000] {processor.py:186} INFO - Started process (PID=1901) to work on /opt/airflow/dags/Sesion5/DAG_variables_1.py
[2025-06-05T02:12:14.478+0000] {processor.py:914} INFO - Processing file /opt/airflow/dags/Sesion5/DAG_variables_1.py for tasks to queue
[2025-06-05T02:12:14.480+0000] {logging_mixin.py:190} INFO - [2025-06-05T02:12:14.480+0000] {dagbag.py:588} INFO - Filling up the DagBag from /opt/airflow/dags/Sesion5/DAG_variables_1.py
[2025-06-05T02:12:15.028+0000] {processor.py:925} INFO - DAG(s) 'etl_with_variables_1' retrieved from /opt/airflow/dags/Sesion5/DAG_variables_1.py
[2025-06-05T02:12:15.047+0000] {logging_mixin.py:190} INFO - [2025-06-05T02:12:15.046+0000] {dag.py:3239} INFO - Sync 1 DAGs
[2025-06-05T02:12:15.062+0000] {logging_mixin.py:190} INFO - [2025-06-05T02:12:15.062+0000] {dag.py:4180} INFO - Setting next_dagrun for etl_with_variables_1 to None, run_after=None
[2025-06-05T02:12:15.079+0000] {processor.py:208} INFO - Processing /opt/airflow/dags/Sesion5/DAG_variables_1.py took 0.608 seconds
[2025-06-05T02:12:45.571+0000] {processor.py:186} INFO - Started process (PID=2016) to work on /opt/airflow/dags/Sesion5/DAG_variables_1.py
[2025-06-05T02:12:45.572+0000] {processor.py:914} INFO - Processing file /opt/airflow/dags/Sesion5/DAG_variables_1.py for tasks to queue
[2025-06-05T02:12:45.574+0000] {logging_mixin.py:190} INFO - [2025-06-05T02:12:45.574+0000] {dagbag.py:588} INFO - Filling up the DagBag from /opt/airflow/dags/Sesion5/DAG_variables_1.py
[2025-06-05T02:12:46.235+0000] {processor.py:925} INFO - DAG(s) 'etl_with_variables_1' retrieved from /opt/airflow/dags/Sesion5/DAG_variables_1.py
[2025-06-05T02:12:46.250+0000] {logging_mixin.py:190} INFO - [2025-06-05T02:12:46.250+0000] {dag.py:3239} INFO - Sync 1 DAGs
[2025-06-05T02:12:46.274+0000] {logging_mixin.py:190} INFO - [2025-06-05T02:12:46.274+0000] {dag.py:4180} INFO - Setting next_dagrun for etl_with_variables_1 to None, run_after=None
[2025-06-05T02:12:46.292+0000] {processor.py:208} INFO - Processing /opt/airflow/dags/Sesion5/DAG_variables_1.py took 0.728 seconds
[2025-06-05T02:13:16.914+0000] {processor.py:186} INFO - Started process (PID=2131) to work on /opt/airflow/dags/Sesion5/DAG_variables_1.py
[2025-06-05T02:13:16.915+0000] {processor.py:914} INFO - Processing file /opt/airflow/dags/Sesion5/DAG_variables_1.py for tasks to queue
[2025-06-05T02:13:16.917+0000] {logging_mixin.py:190} INFO - [2025-06-05T02:13:16.917+0000] {dagbag.py:588} INFO - Filling up the DagBag from /opt/airflow/dags/Sesion5/DAG_variables_1.py
[2025-06-05T02:13:17.496+0000] {processor.py:925} INFO - DAG(s) 'etl_with_variables_1' retrieved from /opt/airflow/dags/Sesion5/DAG_variables_1.py
[2025-06-05T02:13:17.512+0000] {logging_mixin.py:190} INFO - [2025-06-05T02:13:17.512+0000] {dag.py:3239} INFO - Sync 1 DAGs
[2025-06-05T02:13:17.527+0000] {logging_mixin.py:190} INFO - [2025-06-05T02:13:17.527+0000] {dag.py:4180} INFO - Setting next_dagrun for etl_with_variables_1 to None, run_after=None
[2025-06-05T02:13:17.543+0000] {processor.py:208} INFO - Processing /opt/airflow/dags/Sesion5/DAG_variables_1.py took 0.636 seconds
[2025-06-05T02:13:47.998+0000] {processor.py:186} INFO - Started process (PID=2246) to work on /opt/airflow/dags/Sesion5/DAG_variables_1.py
[2025-06-05T02:13:47.999+0000] {processor.py:914} INFO - Processing file /opt/airflow/dags/Sesion5/DAG_variables_1.py for tasks to queue
[2025-06-05T02:13:48.001+0000] {logging_mixin.py:190} INFO - [2025-06-05T02:13:48.001+0000] {dagbag.py:588} INFO - Filling up the DagBag from /opt/airflow/dags/Sesion5/DAG_variables_1.py
[2025-06-05T02:13:48.597+0000] {processor.py:925} INFO - DAG(s) 'etl_with_variables_1' retrieved from /opt/airflow/dags/Sesion5/DAG_variables_1.py
[2025-06-05T02:13:48.613+0000] {logging_mixin.py:190} INFO - [2025-06-05T02:13:48.613+0000] {dag.py:3239} INFO - Sync 1 DAGs
[2025-06-05T02:13:48.629+0000] {logging_mixin.py:190} INFO - [2025-06-05T02:13:48.629+0000] {dag.py:4180} INFO - Setting next_dagrun for etl_with_variables_1 to None, run_after=None
[2025-06-05T02:13:48.685+0000] {processor.py:208} INFO - Processing /opt/airflow/dags/Sesion5/DAG_variables_1.py took 0.694 seconds
[2025-06-05T02:14:19.215+0000] {processor.py:186} INFO - Started process (PID=2361) to work on /opt/airflow/dags/Sesion5/DAG_variables_1.py
[2025-06-05T02:14:19.215+0000] {processor.py:914} INFO - Processing file /opt/airflow/dags/Sesion5/DAG_variables_1.py for tasks to queue
[2025-06-05T02:14:19.218+0000] {logging_mixin.py:190} INFO - [2025-06-05T02:14:19.217+0000] {dagbag.py:588} INFO - Filling up the DagBag from /opt/airflow/dags/Sesion5/DAG_variables_1.py
[2025-06-05T02:14:19.821+0000] {processor.py:925} INFO - DAG(s) 'etl_with_variables_1' retrieved from /opt/airflow/dags/Sesion5/DAG_variables_1.py
[2025-06-05T02:14:19.850+0000] {logging_mixin.py:190} INFO - [2025-06-05T02:14:19.849+0000] {dag.py:3239} INFO - Sync 1 DAGs
[2025-06-05T02:14:19.865+0000] {logging_mixin.py:190} INFO - [2025-06-05T02:14:19.864+0000] {dag.py:4180} INFO - Setting next_dagrun for etl_with_variables_1 to None, run_after=None
[2025-06-05T02:14:19.882+0000] {processor.py:208} INFO - Processing /opt/airflow/dags/Sesion5/DAG_variables_1.py took 0.675 seconds
[2025-06-05T02:14:50.382+0000] {processor.py:186} INFO - Started process (PID=2476) to work on /opt/airflow/dags/Sesion5/DAG_variables_1.py
[2025-06-05T02:14:50.383+0000] {processor.py:914} INFO - Processing file /opt/airflow/dags/Sesion5/DAG_variables_1.py for tasks to queue
[2025-06-05T02:14:50.385+0000] {logging_mixin.py:190} INFO - [2025-06-05T02:14:50.385+0000] {dagbag.py:588} INFO - Filling up the DagBag from /opt/airflow/dags/Sesion5/DAG_variables_1.py
[2025-06-05T02:14:50.942+0000] {processor.py:925} INFO - DAG(s) 'etl_with_variables_1' retrieved from /opt/airflow/dags/Sesion5/DAG_variables_1.py
[2025-06-05T02:14:50.982+0000] {logging_mixin.py:190} INFO - [2025-06-05T02:14:50.981+0000] {dag.py:3239} INFO - Sync 1 DAGs
[2025-06-05T02:14:51.008+0000] {logging_mixin.py:190} INFO - [2025-06-05T02:14:51.008+0000] {dag.py:4180} INFO - Setting next_dagrun for etl_with_variables_1 to None, run_after=None
[2025-06-05T02:14:51.044+0000] {processor.py:208} INFO - Processing /opt/airflow/dags/Sesion5/DAG_variables_1.py took 0.671 seconds
[2025-06-05T02:15:21.788+0000] {processor.py:186} INFO - Started process (PID=2591) to work on /opt/airflow/dags/Sesion5/DAG_variables_1.py
[2025-06-05T02:15:21.789+0000] {processor.py:914} INFO - Processing file /opt/airflow/dags/Sesion5/DAG_variables_1.py for tasks to queue
[2025-06-05T02:15:21.791+0000] {logging_mixin.py:190} INFO - [2025-06-05T02:15:21.791+0000] {dagbag.py:588} INFO - Filling up the DagBag from /opt/airflow/dags/Sesion5/DAG_variables_1.py
[2025-06-05T02:15:22.346+0000] {processor.py:925} INFO - DAG(s) 'etl_with_variables_1' retrieved from /opt/airflow/dags/Sesion5/DAG_variables_1.py
[2025-06-05T02:15:22.363+0000] {logging_mixin.py:190} INFO - [2025-06-05T02:15:22.362+0000] {dag.py:3239} INFO - Sync 1 DAGs
[2025-06-05T02:15:22.378+0000] {logging_mixin.py:190} INFO - [2025-06-05T02:15:22.377+0000] {dag.py:4180} INFO - Setting next_dagrun for etl_with_variables_1 to None, run_after=None
[2025-06-05T02:15:22.395+0000] {processor.py:208} INFO - Processing /opt/airflow/dags/Sesion5/DAG_variables_1.py took 0.616 seconds
[2025-06-05T02:15:52.872+0000] {processor.py:186} INFO - Started process (PID=2706) to work on /opt/airflow/dags/Sesion5/DAG_variables_1.py
[2025-06-05T02:15:52.873+0000] {processor.py:914} INFO - Processing file /opt/airflow/dags/Sesion5/DAG_variables_1.py for tasks to queue
[2025-06-05T02:15:52.883+0000] {logging_mixin.py:190} INFO - [2025-06-05T02:15:52.877+0000] {dagbag.py:588} INFO - Filling up the DagBag from /opt/airflow/dags/Sesion5/DAG_variables_1.py
[2025-06-05T02:15:53.461+0000] {processor.py:925} INFO - DAG(s) 'etl_with_variables_1' retrieved from /opt/airflow/dags/Sesion5/DAG_variables_1.py
[2025-06-05T02:15:53.477+0000] {logging_mixin.py:190} INFO - [2025-06-05T02:15:53.476+0000] {dag.py:3239} INFO - Sync 1 DAGs
[2025-06-05T02:15:53.493+0000] {logging_mixin.py:190} INFO - [2025-06-05T02:15:53.493+0000] {dag.py:4180} INFO - Setting next_dagrun for etl_with_variables_1 to None, run_after=None
[2025-06-05T02:15:53.508+0000] {processor.py:208} INFO - Processing /opt/airflow/dags/Sesion5/DAG_variables_1.py took 0.644 seconds
[2025-06-05T02:16:23.899+0000] {processor.py:186} INFO - Started process (PID=2821) to work on /opt/airflow/dags/Sesion5/DAG_variables_1.py
[2025-06-05T02:16:23.900+0000] {processor.py:914} INFO - Processing file /opt/airflow/dags/Sesion5/DAG_variables_1.py for tasks to queue
[2025-06-05T02:16:23.902+0000] {logging_mixin.py:190} INFO - [2025-06-05T02:16:23.902+0000] {dagbag.py:588} INFO - Filling up the DagBag from /opt/airflow/dags/Sesion5/DAG_variables_1.py
[2025-06-05T02:16:24.554+0000] {processor.py:925} INFO - DAG(s) 'etl_with_variables_1' retrieved from /opt/airflow/dags/Sesion5/DAG_variables_1.py
[2025-06-05T02:16:24.569+0000] {logging_mixin.py:190} INFO - [2025-06-05T02:16:24.569+0000] {dag.py:3239} INFO - Sync 1 DAGs
[2025-06-05T02:16:24.583+0000] {logging_mixin.py:190} INFO - [2025-06-05T02:16:24.583+0000] {dag.py:4180} INFO - Setting next_dagrun for etl_with_variables_1 to None, run_after=None
[2025-06-05T02:16:24.599+0000] {processor.py:208} INFO - Processing /opt/airflow/dags/Sesion5/DAG_variables_1.py took 0.709 seconds
[2025-06-05T02:16:55.392+0000] {processor.py:186} INFO - Started process (PID=2936) to work on /opt/airflow/dags/Sesion5/DAG_variables_1.py
[2025-06-05T02:16:55.393+0000] {processor.py:914} INFO - Processing file /opt/airflow/dags/Sesion5/DAG_variables_1.py for tasks to queue
[2025-06-05T02:16:55.395+0000] {logging_mixin.py:190} INFO - [2025-06-05T02:16:55.395+0000] {dagbag.py:588} INFO - Filling up the DagBag from /opt/airflow/dags/Sesion5/DAG_variables_1.py
[2025-06-05T02:16:55.932+0000] {processor.py:925} INFO - DAG(s) 'etl_with_variables_1' retrieved from /opt/airflow/dags/Sesion5/DAG_variables_1.py
[2025-06-05T02:16:55.949+0000] {logging_mixin.py:190} INFO - [2025-06-05T02:16:55.949+0000] {dag.py:3239} INFO - Sync 1 DAGs
[2025-06-05T02:16:55.982+0000] {logging_mixin.py:190} INFO - [2025-06-05T02:16:55.982+0000] {dag.py:4180} INFO - Setting next_dagrun for etl_with_variables_1 to None, run_after=None
[2025-06-05T02:16:55.999+0000] {processor.py:208} INFO - Processing /opt/airflow/dags/Sesion5/DAG_variables_1.py took 0.614 seconds
[2025-06-05T02:17:26.785+0000] {processor.py:186} INFO - Started process (PID=3051) to work on /opt/airflow/dags/Sesion5/DAG_variables_1.py
[2025-06-05T02:17:26.785+0000] {processor.py:914} INFO - Processing file /opt/airflow/dags/Sesion5/DAG_variables_1.py for tasks to queue
[2025-06-05T02:17:26.788+0000] {logging_mixin.py:190} INFO - [2025-06-05T02:17:26.788+0000] {dagbag.py:588} INFO - Filling up the DagBag from /opt/airflow/dags/Sesion5/DAG_variables_1.py
[2025-06-05T02:17:27.505+0000] {processor.py:925} INFO - DAG(s) 'etl_with_variables_1' retrieved from /opt/airflow/dags/Sesion5/DAG_variables_1.py
[2025-06-05T02:17:27.529+0000] {logging_mixin.py:190} INFO - [2025-06-05T02:17:27.528+0000] {dag.py:3239} INFO - Sync 1 DAGs
[2025-06-05T02:17:27.547+0000] {logging_mixin.py:190} INFO - [2025-06-05T02:17:27.546+0000] {dag.py:4180} INFO - Setting next_dagrun for etl_with_variables_1 to None, run_after=None
[2025-06-05T02:17:27.564+0000] {processor.py:208} INFO - Processing /opt/airflow/dags/Sesion5/DAG_variables_1.py took 0.787 seconds
[2025-06-05T02:17:58.102+0000] {processor.py:186} INFO - Started process (PID=3166) to work on /opt/airflow/dags/Sesion5/DAG_variables_1.py
[2025-06-05T02:17:58.103+0000] {processor.py:914} INFO - Processing file /opt/airflow/dags/Sesion5/DAG_variables_1.py for tasks to queue
[2025-06-05T02:17:58.105+0000] {logging_mixin.py:190} INFO - [2025-06-05T02:17:58.105+0000] {dagbag.py:588} INFO - Filling up the DagBag from /opt/airflow/dags/Sesion5/DAG_variables_1.py
[2025-06-05T02:17:58.680+0000] {processor.py:925} INFO - DAG(s) 'etl_with_variables_1' retrieved from /opt/airflow/dags/Sesion5/DAG_variables_1.py
[2025-06-05T02:17:58.697+0000] {logging_mixin.py:190} INFO - [2025-06-05T02:17:58.697+0000] {dag.py:3239} INFO - Sync 1 DAGs
[2025-06-05T02:17:58.713+0000] {logging_mixin.py:190} INFO - [2025-06-05T02:17:58.713+0000] {dag.py:4180} INFO - Setting next_dagrun for etl_with_variables_1 to None, run_after=None
[2025-06-05T02:17:58.730+0000] {processor.py:208} INFO - Processing /opt/airflow/dags/Sesion5/DAG_variables_1.py took 0.635 seconds
[2025-06-05T02:18:29.143+0000] {processor.py:186} INFO - Started process (PID=3281) to work on /opt/airflow/dags/Sesion5/DAG_variables_1.py
[2025-06-05T02:18:29.144+0000] {processor.py:914} INFO - Processing file /opt/airflow/dags/Sesion5/DAG_variables_1.py for tasks to queue
[2025-06-05T02:18:29.146+0000] {logging_mixin.py:190} INFO - [2025-06-05T02:18:29.146+0000] {dagbag.py:588} INFO - Filling up the DagBag from /opt/airflow/dags/Sesion5/DAG_variables_1.py
[2025-06-05T02:18:29.804+0000] {processor.py:925} INFO - DAG(s) 'etl_with_variables_1' retrieved from /opt/airflow/dags/Sesion5/DAG_variables_1.py
[2025-06-05T02:18:29.821+0000] {logging_mixin.py:190} INFO - [2025-06-05T02:18:29.821+0000] {dag.py:3239} INFO - Sync 1 DAGs
[2025-06-05T02:18:29.835+0000] {logging_mixin.py:190} INFO - [2025-06-05T02:18:29.835+0000] {dag.py:4180} INFO - Setting next_dagrun for etl_with_variables_1 to None, run_after=None
[2025-06-05T02:18:29.851+0000] {processor.py:208} INFO - Processing /opt/airflow/dags/Sesion5/DAG_variables_1.py took 0.716 seconds
[2025-06-05T02:19:00.548+0000] {processor.py:186} INFO - Started process (PID=3396) to work on /opt/airflow/dags/Sesion5/DAG_variables_1.py
[2025-06-05T02:19:00.548+0000] {processor.py:914} INFO - Processing file /opt/airflow/dags/Sesion5/DAG_variables_1.py for tasks to queue
[2025-06-05T02:19:00.551+0000] {logging_mixin.py:190} INFO - [2025-06-05T02:19:00.550+0000] {dagbag.py:588} INFO - Filling up the DagBag from /opt/airflow/dags/Sesion5/DAG_variables_1.py
[2025-06-05T02:19:01.138+0000] {processor.py:925} INFO - DAG(s) 'etl_with_variables_1' retrieved from /opt/airflow/dags/Sesion5/DAG_variables_1.py
[2025-06-05T02:19:01.158+0000] {logging_mixin.py:190} INFO - [2025-06-05T02:19:01.158+0000] {dag.py:3239} INFO - Sync 1 DAGs
[2025-06-05T02:19:01.174+0000] {logging_mixin.py:190} INFO - [2025-06-05T02:19:01.174+0000] {dag.py:4180} INFO - Setting next_dagrun for etl_with_variables_1 to None, run_after=None
[2025-06-05T02:19:01.192+0000] {processor.py:208} INFO - Processing /opt/airflow/dags/Sesion5/DAG_variables_1.py took 0.651 seconds
[2025-06-05T02:19:31.770+0000] {processor.py:186} INFO - Started process (PID=3511) to work on /opt/airflow/dags/Sesion5/DAG_variables_1.py
[2025-06-05T02:19:31.772+0000] {processor.py:914} INFO - Processing file /opt/airflow/dags/Sesion5/DAG_variables_1.py for tasks to queue
[2025-06-05T02:19:31.776+0000] {logging_mixin.py:190} INFO - [2025-06-05T02:19:31.775+0000] {dagbag.py:588} INFO - Filling up the DagBag from /opt/airflow/dags/Sesion5/DAG_variables_1.py
[2025-06-05T02:19:32.400+0000] {processor.py:925} INFO - DAG(s) 'etl_with_variables_1' retrieved from /opt/airflow/dags/Sesion5/DAG_variables_1.py
[2025-06-05T02:19:32.426+0000] {logging_mixin.py:190} INFO - [2025-06-05T02:19:32.425+0000] {dag.py:3239} INFO - Sync 1 DAGs
[2025-06-05T02:19:32.446+0000] {logging_mixin.py:190} INFO - [2025-06-05T02:19:32.446+0000] {dag.py:4180} INFO - Setting next_dagrun for etl_with_variables_1 to None, run_after=None
[2025-06-05T02:19:32.493+0000] {processor.py:208} INFO - Processing /opt/airflow/dags/Sesion5/DAG_variables_1.py took 0.734 seconds
[2025-06-05T02:20:02.578+0000] {processor.py:186} INFO - Started process (PID=3626) to work on /opt/airflow/dags/Sesion5/DAG_variables_1.py
[2025-06-05T02:20:02.581+0000] {processor.py:914} INFO - Processing file /opt/airflow/dags/Sesion5/DAG_variables_1.py for tasks to queue
[2025-06-05T02:20:02.586+0000] {logging_mixin.py:190} INFO - [2025-06-05T02:20:02.585+0000] {dagbag.py:588} INFO - Filling up the DagBag from /opt/airflow/dags/Sesion5/DAG_variables_1.py
[2025-06-05T02:20:03.261+0000] {processor.py:925} INFO - DAG(s) 'etl_with_variables_1' retrieved from /opt/airflow/dags/Sesion5/DAG_variables_1.py
[2025-06-05T02:20:03.295+0000] {logging_mixin.py:190} INFO - [2025-06-05T02:20:03.295+0000] {dag.py:3239} INFO - Sync 1 DAGs
[2025-06-05T02:20:03.323+0000] {logging_mixin.py:190} INFO - [2025-06-05T02:20:03.323+0000] {dag.py:4180} INFO - Setting next_dagrun for etl_with_variables_1 to None, run_after=None
[2025-06-05T02:20:03.346+0000] {processor.py:208} INFO - Processing /opt/airflow/dags/Sesion5/DAG_variables_1.py took 0.780 seconds
[2025-06-05T02:20:33.943+0000] {processor.py:186} INFO - Started process (PID=3741) to work on /opt/airflow/dags/Sesion5/DAG_variables_1.py
[2025-06-05T02:20:33.944+0000] {processor.py:914} INFO - Processing file /opt/airflow/dags/Sesion5/DAG_variables_1.py for tasks to queue
[2025-06-05T02:20:33.946+0000] {logging_mixin.py:190} INFO - [2025-06-05T02:20:33.946+0000] {dagbag.py:588} INFO - Filling up the DagBag from /opt/airflow/dags/Sesion5/DAG_variables_1.py
[2025-06-05T02:20:34.537+0000] {processor.py:925} INFO - DAG(s) 'etl_with_variables_1' retrieved from /opt/airflow/dags/Sesion5/DAG_variables_1.py
[2025-06-05T02:20:34.556+0000] {logging_mixin.py:190} INFO - [2025-06-05T02:20:34.556+0000] {dag.py:3239} INFO - Sync 1 DAGs
[2025-06-05T02:20:34.571+0000] {logging_mixin.py:190} INFO - [2025-06-05T02:20:34.571+0000] {dag.py:4180} INFO - Setting next_dagrun for etl_with_variables_1 to None, run_after=None
[2025-06-05T02:20:34.587+0000] {processor.py:208} INFO - Processing /opt/airflow/dags/Sesion5/DAG_variables_1.py took 0.650 seconds
[2025-06-05T02:21:05.203+0000] {processor.py:186} INFO - Started process (PID=3856) to work on /opt/airflow/dags/Sesion5/DAG_variables_1.py
[2025-06-05T02:21:05.205+0000] {processor.py:914} INFO - Processing file /opt/airflow/dags/Sesion5/DAG_variables_1.py for tasks to queue
[2025-06-05T02:21:05.208+0000] {logging_mixin.py:190} INFO - [2025-06-05T02:21:05.208+0000] {dagbag.py:588} INFO - Filling up the DagBag from /opt/airflow/dags/Sesion5/DAG_variables_1.py
[2025-06-05T02:21:05.806+0000] {processor.py:925} INFO - DAG(s) 'etl_with_variables_1' retrieved from /opt/airflow/dags/Sesion5/DAG_variables_1.py
[2025-06-05T02:21:05.821+0000] {logging_mixin.py:190} INFO - [2025-06-05T02:21:05.821+0000] {dag.py:3239} INFO - Sync 1 DAGs
[2025-06-05T02:21:05.836+0000] {logging_mixin.py:190} INFO - [2025-06-05T02:21:05.836+0000] {dag.py:4180} INFO - Setting next_dagrun for etl_with_variables_1 to None, run_after=None
[2025-06-05T02:21:05.852+0000] {processor.py:208} INFO - Processing /opt/airflow/dags/Sesion5/DAG_variables_1.py took 0.664 seconds
[2025-06-05T02:21:36.594+0000] {processor.py:186} INFO - Started process (PID=3971) to work on /opt/airflow/dags/Sesion5/DAG_variables_1.py
[2025-06-05T02:21:36.595+0000] {processor.py:914} INFO - Processing file /opt/airflow/dags/Sesion5/DAG_variables_1.py for tasks to queue
[2025-06-05T02:21:36.597+0000] {logging_mixin.py:190} INFO - [2025-06-05T02:21:36.597+0000] {dagbag.py:588} INFO - Filling up the DagBag from /opt/airflow/dags/Sesion5/DAG_variables_1.py
[2025-06-05T02:21:37.188+0000] {processor.py:925} INFO - DAG(s) 'etl_with_variables_1' retrieved from /opt/airflow/dags/Sesion5/DAG_variables_1.py
[2025-06-05T02:21:37.205+0000] {logging_mixin.py:190} INFO - [2025-06-05T02:21:37.204+0000] {dag.py:3239} INFO - Sync 1 DAGs
[2025-06-05T02:21:37.219+0000] {logging_mixin.py:190} INFO - [2025-06-05T02:21:37.219+0000] {dag.py:4180} INFO - Setting next_dagrun for etl_with_variables_1 to None, run_after=None
[2025-06-05T02:21:37.237+0000] {processor.py:208} INFO - Processing /opt/airflow/dags/Sesion5/DAG_variables_1.py took 0.651 seconds
[2025-06-05T02:22:08.006+0000] {processor.py:186} INFO - Started process (PID=4086) to work on /opt/airflow/dags/Sesion5/DAG_variables_1.py
[2025-06-05T02:22:08.006+0000] {processor.py:914} INFO - Processing file /opt/airflow/dags/Sesion5/DAG_variables_1.py for tasks to queue
[2025-06-05T02:22:08.009+0000] {logging_mixin.py:190} INFO - [2025-06-05T02:22:08.009+0000] {dagbag.py:588} INFO - Filling up the DagBag from /opt/airflow/dags/Sesion5/DAG_variables_1.py
[2025-06-05T02:22:08.644+0000] {processor.py:925} INFO - DAG(s) 'etl_with_variables_1' retrieved from /opt/airflow/dags/Sesion5/DAG_variables_1.py
[2025-06-05T02:22:08.661+0000] {logging_mixin.py:190} INFO - [2025-06-05T02:22:08.660+0000] {dag.py:3239} INFO - Sync 1 DAGs
[2025-06-05T02:22:08.678+0000] {logging_mixin.py:190} INFO - [2025-06-05T02:22:08.678+0000] {dag.py:4180} INFO - Setting next_dagrun for etl_with_variables_1 to None, run_after=None
[2025-06-05T02:22:08.692+0000] {processor.py:208} INFO - Processing /opt/airflow/dags/Sesion5/DAG_variables_1.py took 0.694 seconds
[2025-06-05T02:22:39.449+0000] {processor.py:186} INFO - Started process (PID=4201) to work on /opt/airflow/dags/Sesion5/DAG_variables_1.py
[2025-06-05T02:22:39.450+0000] {processor.py:914} INFO - Processing file /opt/airflow/dags/Sesion5/DAG_variables_1.py for tasks to queue
[2025-06-05T02:22:39.452+0000] {logging_mixin.py:190} INFO - [2025-06-05T02:22:39.452+0000] {dagbag.py:588} INFO - Filling up the DagBag from /opt/airflow/dags/Sesion5/DAG_variables_1.py
[2025-06-05T02:22:40.012+0000] {processor.py:925} INFO - DAG(s) 'etl_with_variables_1' retrieved from /opt/airflow/dags/Sesion5/DAG_variables_1.py
[2025-06-05T02:22:40.034+0000] {logging_mixin.py:190} INFO - [2025-06-05T02:22:40.033+0000] {dag.py:3239} INFO - Sync 1 DAGs
[2025-06-05T02:22:40.051+0000] {logging_mixin.py:190} INFO - [2025-06-05T02:22:40.050+0000] {dag.py:4180} INFO - Setting next_dagrun for etl_with_variables_1 to None, run_after=None
[2025-06-05T02:22:40.066+0000] {processor.py:208} INFO - Processing /opt/airflow/dags/Sesion5/DAG_variables_1.py took 0.623 seconds
[2025-06-05T02:23:10.572+0000] {processor.py:186} INFO - Started process (PID=4316) to work on /opt/airflow/dags/Sesion5/DAG_variables_1.py
[2025-06-05T02:23:10.573+0000] {processor.py:914} INFO - Processing file /opt/airflow/dags/Sesion5/DAG_variables_1.py for tasks to queue
[2025-06-05T02:23:10.575+0000] {logging_mixin.py:190} INFO - [2025-06-05T02:23:10.575+0000] {dagbag.py:588} INFO - Filling up the DagBag from /opt/airflow/dags/Sesion5/DAG_variables_1.py
[2025-06-05T02:23:11.125+0000] {processor.py:925} INFO - DAG(s) 'etl_with_variables_1' retrieved from /opt/airflow/dags/Sesion5/DAG_variables_1.py
[2025-06-05T02:23:11.142+0000] {logging_mixin.py:190} INFO - [2025-06-05T02:23:11.141+0000] {dag.py:3239} INFO - Sync 1 DAGs
[2025-06-05T02:23:11.157+0000] {logging_mixin.py:190} INFO - [2025-06-05T02:23:11.157+0000] {dag.py:4180} INFO - Setting next_dagrun for etl_with_variables_1 to None, run_after=None
[2025-06-05T02:23:11.173+0000] {processor.py:208} INFO - Processing /opt/airflow/dags/Sesion5/DAG_variables_1.py took 0.609 seconds
[2025-06-05T02:23:41.747+0000] {processor.py:186} INFO - Started process (PID=4431) to work on /opt/airflow/dags/Sesion5/DAG_variables_1.py
[2025-06-05T02:23:41.750+0000] {processor.py:914} INFO - Processing file /opt/airflow/dags/Sesion5/DAG_variables_1.py for tasks to queue
[2025-06-05T02:23:41.754+0000] {logging_mixin.py:190} INFO - [2025-06-05T02:23:41.754+0000] {dagbag.py:588} INFO - Filling up the DagBag from /opt/airflow/dags/Sesion5/DAG_variables_1.py
[2025-06-05T02:23:42.504+0000] {processor.py:925} INFO - DAG(s) 'etl_with_variables_1' retrieved from /opt/airflow/dags/Sesion5/DAG_variables_1.py
[2025-06-05T02:23:42.521+0000] {logging_mixin.py:190} INFO - [2025-06-05T02:23:42.520+0000] {dag.py:3239} INFO - Sync 1 DAGs
[2025-06-05T02:23:42.537+0000] {logging_mixin.py:190} INFO - [2025-06-05T02:23:42.536+0000] {dag.py:4180} INFO - Setting next_dagrun for etl_with_variables_1 to None, run_after=None
[2025-06-05T02:23:42.568+0000] {processor.py:208} INFO - Processing /opt/airflow/dags/Sesion5/DAG_variables_1.py took 0.829 seconds
[2025-06-05T02:24:13.219+0000] {processor.py:186} INFO - Started process (PID=4546) to work on /opt/airflow/dags/Sesion5/DAG_variables_1.py
[2025-06-05T02:24:13.220+0000] {processor.py:914} INFO - Processing file /opt/airflow/dags/Sesion5/DAG_variables_1.py for tasks to queue
[2025-06-05T02:24:13.222+0000] {logging_mixin.py:190} INFO - [2025-06-05T02:24:13.222+0000] {dagbag.py:588} INFO - Filling up the DagBag from /opt/airflow/dags/Sesion5/DAG_variables_1.py
[2025-06-05T02:24:13.839+0000] {processor.py:925} INFO - DAG(s) 'etl_with_variables_1' retrieved from /opt/airflow/dags/Sesion5/DAG_variables_1.py
[2025-06-05T02:24:13.857+0000] {logging_mixin.py:190} INFO - [2025-06-05T02:24:13.856+0000] {dag.py:3239} INFO - Sync 1 DAGs
[2025-06-05T02:24:13.872+0000] {logging_mixin.py:190} INFO - [2025-06-05T02:24:13.872+0000] {dag.py:4180} INFO - Setting next_dagrun for etl_with_variables_1 to None, run_after=None
[2025-06-05T02:24:13.887+0000] {processor.py:208} INFO - Processing /opt/airflow/dags/Sesion5/DAG_variables_1.py took 0.676 seconds
[2025-06-05T02:24:44.531+0000] {processor.py:186} INFO - Started process (PID=4661) to work on /opt/airflow/dags/Sesion5/DAG_variables_1.py
[2025-06-05T02:24:44.531+0000] {processor.py:914} INFO - Processing file /opt/airflow/dags/Sesion5/DAG_variables_1.py for tasks to queue
[2025-06-05T02:24:44.534+0000] {logging_mixin.py:190} INFO - [2025-06-05T02:24:44.534+0000] {dagbag.py:588} INFO - Filling up the DagBag from /opt/airflow/dags/Sesion5/DAG_variables_1.py
[2025-06-05T02:24:45.084+0000] {processor.py:925} INFO - DAG(s) 'etl_with_variables_1' retrieved from /opt/airflow/dags/Sesion5/DAG_variables_1.py
[2025-06-05T02:24:45.108+0000] {logging_mixin.py:190} INFO - [2025-06-05T02:24:45.107+0000] {dag.py:3239} INFO - Sync 1 DAGs
[2025-06-05T02:24:45.125+0000] {logging_mixin.py:190} INFO - [2025-06-05T02:24:45.124+0000] {dag.py:4180} INFO - Setting next_dagrun for etl_with_variables_1 to None, run_after=None
[2025-06-05T02:24:45.140+0000] {processor.py:208} INFO - Processing /opt/airflow/dags/Sesion5/DAG_variables_1.py took 0.616 seconds
[2025-06-05T02:25:15.699+0000] {processor.py:186} INFO - Started process (PID=4776) to work on /opt/airflow/dags/Sesion5/DAG_variables_1.py
[2025-06-05T02:25:15.700+0000] {processor.py:914} INFO - Processing file /opt/airflow/dags/Sesion5/DAG_variables_1.py for tasks to queue
[2025-06-05T02:25:15.703+0000] {logging_mixin.py:190} INFO - [2025-06-05T02:25:15.702+0000] {dagbag.py:588} INFO - Filling up the DagBag from /opt/airflow/dags/Sesion5/DAG_variables_1.py
[2025-06-05T02:25:16.417+0000] {processor.py:925} INFO - DAG(s) 'etl_with_variables_1' retrieved from /opt/airflow/dags/Sesion5/DAG_variables_1.py
[2025-06-05T02:25:16.445+0000] {logging_mixin.py:190} INFO - [2025-06-05T02:25:16.445+0000] {dag.py:3239} INFO - Sync 1 DAGs
[2025-06-05T02:25:16.469+0000] {logging_mixin.py:190} INFO - [2025-06-05T02:25:16.466+0000] {dag.py:4180} INFO - Setting next_dagrun for etl_with_variables_1 to None, run_after=None
[2025-06-05T02:25:16.522+0000] {processor.py:208} INFO - Processing /opt/airflow/dags/Sesion5/DAG_variables_1.py took 0.829 seconds
[2025-06-05T02:25:47.340+0000] {processor.py:186} INFO - Started process (PID=4906) to work on /opt/airflow/dags/Sesion5/DAG_variables_1.py
[2025-06-05T02:25:47.341+0000] {processor.py:914} INFO - Processing file /opt/airflow/dags/Sesion5/DAG_variables_1.py for tasks to queue
[2025-06-05T02:25:47.343+0000] {logging_mixin.py:190} INFO - [2025-06-05T02:25:47.343+0000] {dagbag.py:588} INFO - Filling up the DagBag from /opt/airflow/dags/Sesion5/DAG_variables_1.py
[2025-06-05T02:25:47.984+0000] {processor.py:925} INFO - DAG(s) 'etl_with_variables_1' retrieved from /opt/airflow/dags/Sesion5/DAG_variables_1.py
[2025-06-05T02:25:48.011+0000] {logging_mixin.py:190} INFO - [2025-06-05T02:25:48.011+0000] {dag.py:3239} INFO - Sync 1 DAGs
[2025-06-05T02:25:48.027+0000] {logging_mixin.py:190} INFO - [2025-06-05T02:25:48.026+0000] {dag.py:4180} INFO - Setting next_dagrun for etl_with_variables_1 to None, run_after=None
[2025-06-05T02:25:48.045+0000] {processor.py:208} INFO - Processing /opt/airflow/dags/Sesion5/DAG_variables_1.py took 0.711 seconds
[2025-06-05T02:26:18.774+0000] {processor.py:186} INFO - Started process (PID=5021) to work on /opt/airflow/dags/Sesion5/DAG_variables_1.py
[2025-06-05T02:26:18.775+0000] {processor.py:914} INFO - Processing file /opt/airflow/dags/Sesion5/DAG_variables_1.py for tasks to queue
[2025-06-05T02:26:18.779+0000] {logging_mixin.py:190} INFO - [2025-06-05T02:26:18.778+0000] {dagbag.py:588} INFO - Filling up the DagBag from /opt/airflow/dags/Sesion5/DAG_variables_1.py
[2025-06-05T02:26:19.375+0000] {processor.py:925} INFO - DAG(s) 'etl_with_variables_1' retrieved from /opt/airflow/dags/Sesion5/DAG_variables_1.py
[2025-06-05T02:26:19.392+0000] {logging_mixin.py:190} INFO - [2025-06-05T02:26:19.392+0000] {dag.py:3239} INFO - Sync 1 DAGs
[2025-06-05T02:26:19.409+0000] {logging_mixin.py:190} INFO - [2025-06-05T02:26:19.408+0000] {dag.py:4180} INFO - Setting next_dagrun for etl_with_variables_1 to None, run_after=None
[2025-06-05T02:26:19.426+0000] {processor.py:208} INFO - Processing /opt/airflow/dags/Sesion5/DAG_variables_1.py took 0.663 seconds
[2025-06-05T02:26:49.885+0000] {processor.py:186} INFO - Started process (PID=5136) to work on /opt/airflow/dags/Sesion5/DAG_variables_1.py
[2025-06-05T02:26:49.886+0000] {processor.py:914} INFO - Processing file /opt/airflow/dags/Sesion5/DAG_variables_1.py for tasks to queue
[2025-06-05T02:26:49.888+0000] {logging_mixin.py:190} INFO - [2025-06-05T02:26:49.888+0000] {dagbag.py:588} INFO - Filling up the DagBag from /opt/airflow/dags/Sesion5/DAG_variables_1.py
[2025-06-05T02:26:50.491+0000] {processor.py:925} INFO - DAG(s) 'etl_with_variables_1' retrieved from /opt/airflow/dags/Sesion5/DAG_variables_1.py
[2025-06-05T02:26:50.508+0000] {logging_mixin.py:190} INFO - [2025-06-05T02:26:50.507+0000] {dag.py:3239} INFO - Sync 1 DAGs
[2025-06-05T02:26:50.523+0000] {logging_mixin.py:190} INFO - [2025-06-05T02:26:50.523+0000] {dag.py:4180} INFO - Setting next_dagrun for etl_with_variables_1 to None, run_after=None
[2025-06-05T02:26:50.539+0000] {processor.py:208} INFO - Processing /opt/airflow/dags/Sesion5/DAG_variables_1.py took 0.661 seconds
[2025-06-05T02:27:21.057+0000] {processor.py:186} INFO - Started process (PID=5251) to work on /opt/airflow/dags/Sesion5/DAG_variables_1.py
[2025-06-05T02:27:21.058+0000] {processor.py:914} INFO - Processing file /opt/airflow/dags/Sesion5/DAG_variables_1.py for tasks to queue
[2025-06-05T02:27:21.061+0000] {logging_mixin.py:190} INFO - [2025-06-05T02:27:21.060+0000] {dagbag.py:588} INFO - Filling up the DagBag from /opt/airflow/dags/Sesion5/DAG_variables_1.py
[2025-06-05T02:27:21.678+0000] {processor.py:925} INFO - DAG(s) 'etl_with_variables_1' retrieved from /opt/airflow/dags/Sesion5/DAG_variables_1.py
[2025-06-05T02:27:21.694+0000] {logging_mixin.py:190} INFO - [2025-06-05T02:27:21.693+0000] {dag.py:3239} INFO - Sync 1 DAGs
[2025-06-05T02:27:21.709+0000] {logging_mixin.py:190} INFO - [2025-06-05T02:27:21.708+0000] {dag.py:4180} INFO - Setting next_dagrun for etl_with_variables_1 to None, run_after=None
[2025-06-05T02:27:21.724+0000] {processor.py:208} INFO - Processing /opt/airflow/dags/Sesion5/DAG_variables_1.py took 0.674 seconds
[2025-06-05T02:27:52.384+0000] {processor.py:186} INFO - Started process (PID=5366) to work on /opt/airflow/dags/Sesion5/DAG_variables_1.py
[2025-06-05T02:27:52.385+0000] {processor.py:914} INFO - Processing file /opt/airflow/dags/Sesion5/DAG_variables_1.py for tasks to queue
[2025-06-05T02:27:52.391+0000] {logging_mixin.py:190} INFO - [2025-06-05T02:27:52.390+0000] {dagbag.py:588} INFO - Filling up the DagBag from /opt/airflow/dags/Sesion5/DAG_variables_1.py
[2025-06-05T02:27:52.954+0000] {processor.py:925} INFO - DAG(s) 'etl_with_variables_1' retrieved from /opt/airflow/dags/Sesion5/DAG_variables_1.py
[2025-06-05T02:27:52.970+0000] {logging_mixin.py:190} INFO - [2025-06-05T02:27:52.969+0000] {dag.py:3239} INFO - Sync 1 DAGs
[2025-06-05T02:27:52.984+0000] {logging_mixin.py:190} INFO - [2025-06-05T02:27:52.984+0000] {dag.py:4180} INFO - Setting next_dagrun for etl_with_variables_1 to None, run_after=None
[2025-06-05T02:27:53.002+0000] {processor.py:208} INFO - Processing /opt/airflow/dags/Sesion5/DAG_variables_1.py took 0.627 seconds
[2025-06-05T02:28:23.923+0000] {processor.py:186} INFO - Started process (PID=5481) to work on /opt/airflow/dags/Sesion5/DAG_variables_1.py
[2025-06-05T02:28:23.924+0000] {processor.py:914} INFO - Processing file /opt/airflow/dags/Sesion5/DAG_variables_1.py for tasks to queue
[2025-06-05T02:28:23.929+0000] {logging_mixin.py:190} INFO - [2025-06-05T02:28:23.929+0000] {dagbag.py:588} INFO - Filling up the DagBag from /opt/airflow/dags/Sesion5/DAG_variables_1.py
[2025-06-05T02:28:24.501+0000] {processor.py:925} INFO - DAG(s) 'etl_with_variables_1' retrieved from /opt/airflow/dags/Sesion5/DAG_variables_1.py
[2025-06-05T02:28:24.517+0000] {logging_mixin.py:190} INFO - [2025-06-05T02:28:24.516+0000] {dag.py:3239} INFO - Sync 1 DAGs
[2025-06-05T02:28:24.532+0000] {logging_mixin.py:190} INFO - [2025-06-05T02:28:24.532+0000] {dag.py:4180} INFO - Setting next_dagrun for etl_with_variables_1 to None, run_after=None
[2025-06-05T02:28:24.547+0000] {processor.py:208} INFO - Processing /opt/airflow/dags/Sesion5/DAG_variables_1.py took 0.634 seconds
[2025-06-05T02:28:55.458+0000] {processor.py:186} INFO - Started process (PID=5596) to work on /opt/airflow/dags/Sesion5/DAG_variables_1.py
[2025-06-05T02:28:55.459+0000] {processor.py:914} INFO - Processing file /opt/airflow/dags/Sesion5/DAG_variables_1.py for tasks to queue
[2025-06-05T02:28:55.462+0000] {logging_mixin.py:190} INFO - [2025-06-05T02:28:55.461+0000] {dagbag.py:588} INFO - Filling up the DagBag from /opt/airflow/dags/Sesion5/DAG_variables_1.py
[2025-06-05T02:28:56.061+0000] {processor.py:925} INFO - DAG(s) 'etl_with_variables_1' retrieved from /opt/airflow/dags/Sesion5/DAG_variables_1.py
[2025-06-05T02:28:56.079+0000] {logging_mixin.py:190} INFO - [2025-06-05T02:28:56.079+0000] {dag.py:3239} INFO - Sync 1 DAGs
[2025-06-05T02:28:56.094+0000] {logging_mixin.py:190} INFO - [2025-06-05T02:28:56.093+0000] {dag.py:4180} INFO - Setting next_dagrun for etl_with_variables_1 to None, run_after=None
[2025-06-05T02:28:56.110+0000] {processor.py:208} INFO - Processing /opt/airflow/dags/Sesion5/DAG_variables_1.py took 0.661 seconds
[2025-06-05T02:29:26.765+0000] {processor.py:186} INFO - Started process (PID=5711) to work on /opt/airflow/dags/Sesion5/DAG_variables_1.py
[2025-06-05T02:29:26.766+0000] {processor.py:914} INFO - Processing file /opt/airflow/dags/Sesion5/DAG_variables_1.py for tasks to queue
[2025-06-05T02:29:26.769+0000] {logging_mixin.py:190} INFO - [2025-06-05T02:29:26.768+0000] {dagbag.py:588} INFO - Filling up the DagBag from /opt/airflow/dags/Sesion5/DAG_variables_1.py
[2025-06-05T02:29:27.478+0000] {processor.py:925} INFO - DAG(s) 'etl_with_variables_1' retrieved from /opt/airflow/dags/Sesion5/DAG_variables_1.py
[2025-06-05T02:29:27.516+0000] {logging_mixin.py:190} INFO - [2025-06-05T02:29:27.513+0000] {dag.py:3239} INFO - Sync 1 DAGs
[2025-06-05T02:29:27.552+0000] {logging_mixin.py:190} INFO - [2025-06-05T02:29:27.552+0000] {dag.py:4180} INFO - Setting next_dagrun for etl_with_variables_1 to None, run_after=None
[2025-06-05T02:29:27.572+0000] {processor.py:208} INFO - Processing /opt/airflow/dags/Sesion5/DAG_variables_1.py took 0.814 seconds
[2025-06-05T02:29:58.253+0000] {processor.py:186} INFO - Started process (PID=5826) to work on /opt/airflow/dags/Sesion5/DAG_variables_1.py
[2025-06-05T02:29:58.254+0000] {processor.py:914} INFO - Processing file /opt/airflow/dags/Sesion5/DAG_variables_1.py for tasks to queue
[2025-06-05T02:29:58.258+0000] {logging_mixin.py:190} INFO - [2025-06-05T02:29:58.257+0000] {dagbag.py:588} INFO - Filling up the DagBag from /opt/airflow/dags/Sesion5/DAG_variables_1.py
[2025-06-05T02:29:58.889+0000] {processor.py:925} INFO - DAG(s) 'etl_with_variables_1' retrieved from /opt/airflow/dags/Sesion5/DAG_variables_1.py
[2025-06-05T02:29:58.906+0000] {logging_mixin.py:190} INFO - [2025-06-05T02:29:58.905+0000] {dag.py:3239} INFO - Sync 1 DAGs
[2025-06-05T02:29:58.921+0000] {logging_mixin.py:190} INFO - [2025-06-05T02:29:58.921+0000] {dag.py:4180} INFO - Setting next_dagrun for etl_with_variables_1 to None, run_after=None
[2025-06-05T02:29:58.938+0000] {processor.py:208} INFO - Processing /opt/airflow/dags/Sesion5/DAG_variables_1.py took 0.694 seconds
[2025-06-05T02:30:29.440+0000] {processor.py:186} INFO - Started process (PID=5944) to work on /opt/airflow/dags/Sesion5/DAG_variables_1.py
[2025-06-05T02:30:29.441+0000] {processor.py:914} INFO - Processing file /opt/airflow/dags/Sesion5/DAG_variables_1.py for tasks to queue
[2025-06-05T02:30:29.444+0000] {logging_mixin.py:190} INFO - [2025-06-05T02:30:29.443+0000] {dagbag.py:588} INFO - Filling up the DagBag from /opt/airflow/dags/Sesion5/DAG_variables_1.py
[2025-06-05T02:30:30.088+0000] {processor.py:925} INFO - DAG(s) 'etl_with_variables_1' retrieved from /opt/airflow/dags/Sesion5/DAG_variables_1.py
[2025-06-05T02:30:30.103+0000] {logging_mixin.py:190} INFO - [2025-06-05T02:30:30.102+0000] {dag.py:3239} INFO - Sync 1 DAGs
[2025-06-05T02:30:30.120+0000] {logging_mixin.py:190} INFO - [2025-06-05T02:30:30.119+0000] {dag.py:4180} INFO - Setting next_dagrun for etl_with_variables_1 to None, run_after=None
[2025-06-05T02:30:30.137+0000] {processor.py:208} INFO - Processing /opt/airflow/dags/Sesion5/DAG_variables_1.py took 0.703 seconds
[2025-06-05T02:31:00.456+0000] {processor.py:186} INFO - Started process (PID=6064) to work on /opt/airflow/dags/Sesion5/DAG_variables_1.py
[2025-06-05T02:31:00.457+0000] {processor.py:914} INFO - Processing file /opt/airflow/dags/Sesion5/DAG_variables_1.py for tasks to queue
[2025-06-05T02:31:00.459+0000] {logging_mixin.py:190} INFO - [2025-06-05T02:31:00.459+0000] {dagbag.py:588} INFO - Filling up the DagBag from /opt/airflow/dags/Sesion5/DAG_variables_1.py
[2025-06-05T02:31:01.154+0000] {processor.py:925} INFO - DAG(s) 'etl_with_variables_1' retrieved from /opt/airflow/dags/Sesion5/DAG_variables_1.py
[2025-06-05T02:31:01.173+0000] {logging_mixin.py:190} INFO - [2025-06-05T02:31:01.172+0000] {dag.py:3239} INFO - Sync 1 DAGs
[2025-06-05T02:31:01.187+0000] {logging_mixin.py:190} INFO - [2025-06-05T02:31:01.187+0000] {dag.py:4180} INFO - Setting next_dagrun for etl_with_variables_1 to None, run_after=None
[2025-06-05T02:31:01.203+0000] {processor.py:208} INFO - Processing /opt/airflow/dags/Sesion5/DAG_variables_1.py took 0.755 seconds
[2025-06-05T02:31:31.277+0000] {processor.py:186} INFO - Started process (PID=6176) to work on /opt/airflow/dags/Sesion5/DAG_variables_1.py
[2025-06-05T02:31:31.278+0000] {processor.py:914} INFO - Processing file /opt/airflow/dags/Sesion5/DAG_variables_1.py for tasks to queue
[2025-06-05T02:31:31.281+0000] {logging_mixin.py:190} INFO - [2025-06-05T02:31:31.280+0000] {dagbag.py:588} INFO - Filling up the DagBag from /opt/airflow/dags/Sesion5/DAG_variables_1.py
[2025-06-05T02:31:31.901+0000] {processor.py:925} INFO - DAG(s) 'etl_with_variables_1' retrieved from /opt/airflow/dags/Sesion5/DAG_variables_1.py
[2025-06-05T02:31:31.917+0000] {logging_mixin.py:190} INFO - [2025-06-05T02:31:31.917+0000] {dag.py:3239} INFO - Sync 1 DAGs
[2025-06-05T02:31:31.930+0000] {logging_mixin.py:190} INFO - [2025-06-05T02:31:31.930+0000] {dag.py:4180} INFO - Setting next_dagrun for etl_with_variables_1 to None, run_after=None
[2025-06-05T02:31:31.947+0000] {processor.py:208} INFO - Processing /opt/airflow/dags/Sesion5/DAG_variables_1.py took 0.676 seconds
[2025-06-05T02:32:02.414+0000] {processor.py:186} INFO - Started process (PID=6291) to work on /opt/airflow/dags/Sesion5/DAG_variables_1.py
[2025-06-05T02:32:02.415+0000] {processor.py:914} INFO - Processing file /opt/airflow/dags/Sesion5/DAG_variables_1.py for tasks to queue
[2025-06-05T02:32:02.417+0000] {logging_mixin.py:190} INFO - [2025-06-05T02:32:02.417+0000] {dagbag.py:588} INFO - Filling up the DagBag from /opt/airflow/dags/Sesion5/DAG_variables_1.py
[2025-06-05T02:32:02.999+0000] {processor.py:925} INFO - DAG(s) 'etl_with_variables_1' retrieved from /opt/airflow/dags/Sesion5/DAG_variables_1.py
[2025-06-05T02:32:03.015+0000] {logging_mixin.py:190} INFO - [2025-06-05T02:32:03.015+0000] {dag.py:3239} INFO - Sync 1 DAGs
[2025-06-05T02:32:03.030+0000] {logging_mixin.py:190} INFO - [2025-06-05T02:32:03.030+0000] {dag.py:4180} INFO - Setting next_dagrun for etl_with_variables_1 to None, run_after=None
[2025-06-05T02:32:03.048+0000] {processor.py:208} INFO - Processing /opt/airflow/dags/Sesion5/DAG_variables_1.py took 0.641 seconds
[2025-06-05T02:32:33.264+0000] {processor.py:186} INFO - Started process (PID=6406) to work on /opt/airflow/dags/Sesion5/DAG_variables_1.py
[2025-06-05T02:32:33.265+0000] {processor.py:914} INFO - Processing file /opt/airflow/dags/Sesion5/DAG_variables_1.py for tasks to queue
[2025-06-05T02:32:33.268+0000] {logging_mixin.py:190} INFO - [2025-06-05T02:32:33.267+0000] {dagbag.py:588} INFO - Filling up the DagBag from /opt/airflow/dags/Sesion5/DAG_variables_1.py
[2025-06-05T02:32:33.924+0000] {processor.py:925} INFO - DAG(s) 'etl_with_variables_1' retrieved from /opt/airflow/dags/Sesion5/DAG_variables_1.py
[2025-06-05T02:32:33.953+0000] {logging_mixin.py:190} INFO - [2025-06-05T02:32:33.952+0000] {dag.py:3239} INFO - Sync 1 DAGs
[2025-06-05T02:32:33.979+0000] {logging_mixin.py:190} INFO - [2025-06-05T02:32:33.979+0000] {dag.py:4180} INFO - Setting next_dagrun for etl_with_variables_1 to None, run_after=None
[2025-06-05T02:32:34.004+0000] {processor.py:208} INFO - Processing /opt/airflow/dags/Sesion5/DAG_variables_1.py took 0.747 seconds
[2025-06-05T02:33:04.198+0000] {processor.py:186} INFO - Started process (PID=6521) to work on /opt/airflow/dags/Sesion5/DAG_variables_1.py
[2025-06-05T02:33:04.199+0000] {processor.py:914} INFO - Processing file /opt/airflow/dags/Sesion5/DAG_variables_1.py for tasks to queue
[2025-06-05T02:33:04.202+0000] {logging_mixin.py:190} INFO - [2025-06-05T02:33:04.201+0000] {dagbag.py:588} INFO - Filling up the DagBag from /opt/airflow/dags/Sesion5/DAG_variables_1.py
[2025-06-05T02:33:04.791+0000] {processor.py:925} INFO - DAG(s) 'etl_with_variables_1' retrieved from /opt/airflow/dags/Sesion5/DAG_variables_1.py
[2025-06-05T02:33:04.809+0000] {logging_mixin.py:190} INFO - [2025-06-05T02:33:04.808+0000] {dag.py:3239} INFO - Sync 1 DAGs
[2025-06-05T02:33:04.824+0000] {logging_mixin.py:190} INFO - [2025-06-05T02:33:04.823+0000] {dag.py:4180} INFO - Setting next_dagrun for etl_with_variables_1 to None, run_after=None
[2025-06-05T02:33:04.840+0000] {processor.py:208} INFO - Processing /opt/airflow/dags/Sesion5/DAG_variables_1.py took 0.649 seconds
[2025-06-05T02:33:35.787+0000] {processor.py:186} INFO - Started process (PID=6636) to work on /opt/airflow/dags/Sesion5/DAG_variables_1.py
[2025-06-05T02:33:35.788+0000] {processor.py:914} INFO - Processing file /opt/airflow/dags/Sesion5/DAG_variables_1.py for tasks to queue
[2025-06-05T02:33:35.790+0000] {logging_mixin.py:190} INFO - [2025-06-05T02:33:35.790+0000] {dagbag.py:588} INFO - Filling up the DagBag from /opt/airflow/dags/Sesion5/DAG_variables_1.py
[2025-06-05T02:33:36.171+0000] {processor.py:925} INFO - DAG(s) 'etl_with_variables_1' retrieved from /opt/airflow/dags/Sesion5/DAG_variables_1.py
[2025-06-05T02:33:36.190+0000] {logging_mixin.py:190} INFO - [2025-06-05T02:33:36.189+0000] {dag.py:3239} INFO - Sync 1 DAGs
[2025-06-05T02:33:36.206+0000] {logging_mixin.py:190} INFO - [2025-06-05T02:33:36.205+0000] {dag.py:4180} INFO - Setting next_dagrun for etl_with_variables_1 to None, run_after=None
[2025-06-05T02:33:36.222+0000] {processor.py:208} INFO - Processing /opt/airflow/dags/Sesion5/DAG_variables_1.py took 0.442 seconds
[2025-06-05T02:34:06.578+0000] {processor.py:186} INFO - Started process (PID=6751) to work on /opt/airflow/dags/Sesion5/DAG_variables_1.py
[2025-06-05T02:34:06.579+0000] {processor.py:914} INFO - Processing file /opt/airflow/dags/Sesion5/DAG_variables_1.py for tasks to queue
[2025-06-05T02:34:06.581+0000] {logging_mixin.py:190} INFO - [2025-06-05T02:34:06.581+0000] {dagbag.py:588} INFO - Filling up the DagBag from /opt/airflow/dags/Sesion5/DAG_variables_1.py
[2025-06-05T02:34:07.003+0000] {processor.py:925} INFO - DAG(s) 'etl_with_variables_1' retrieved from /opt/airflow/dags/Sesion5/DAG_variables_1.py
[2025-06-05T02:34:07.022+0000] {logging_mixin.py:190} INFO - [2025-06-05T02:34:07.021+0000] {dag.py:3239} INFO - Sync 1 DAGs
[2025-06-05T02:34:07.039+0000] {logging_mixin.py:190} INFO - [2025-06-05T02:34:07.039+0000] {dag.py:4180} INFO - Setting next_dagrun for etl_with_variables_1 to None, run_after=None
[2025-06-05T02:34:07.058+0000] {processor.py:208} INFO - Processing /opt/airflow/dags/Sesion5/DAG_variables_1.py took 0.487 seconds
[2025-06-05T05:21:03.077+0000] {processor.py:186} INFO - Started process (PID=196) to work on /opt/airflow/dags/Sesion5/DAG_variables_1.py
[2025-06-05T05:21:03.089+0000] {processor.py:914} INFO - Processing file /opt/airflow/dags/Sesion5/DAG_variables_1.py for tasks to queue
[2025-06-05T05:21:03.095+0000] {logging_mixin.py:190} INFO - [2025-06-05T05:21:03.095+0000] {dagbag.py:588} INFO - Filling up the DagBag from /opt/airflow/dags/Sesion5/DAG_variables_1.py
[2025-06-05T05:21:05.669+0000] {processor.py:925} INFO - DAG(s) 'etl_with_variables_1' retrieved from /opt/airflow/dags/Sesion5/DAG_variables_1.py
[2025-06-05T05:21:05.838+0000] {logging_mixin.py:190} INFO - [2025-06-05T05:21:05.836+0000] {dag.py:3239} INFO - Sync 1 DAGs
[2025-06-05T05:21:05.894+0000] {logging_mixin.py:190} INFO - [2025-06-05T05:21:05.893+0000] {dag.py:4180} INFO - Setting next_dagrun for etl_with_variables_1 to None, run_after=None
[2025-06-05T05:21:05.978+0000] {processor.py:208} INFO - Processing /opt/airflow/dags/Sesion5/DAG_variables_1.py took 2.927 seconds
[2025-06-05T05:21:36.792+0000] {processor.py:186} INFO - Started process (PID=311) to work on /opt/airflow/dags/Sesion5/DAG_variables_1.py
[2025-06-05T05:21:36.802+0000] {processor.py:914} INFO - Processing file /opt/airflow/dags/Sesion5/DAG_variables_1.py for tasks to queue
[2025-06-05T05:21:36.811+0000] {logging_mixin.py:190} INFO - [2025-06-05T05:21:36.810+0000] {dagbag.py:588} INFO - Filling up the DagBag from /opt/airflow/dags/Sesion5/DAG_variables_1.py
[2025-06-05T05:21:37.480+0000] {processor.py:925} INFO - DAG(s) 'etl_with_variables_1' retrieved from /opt/airflow/dags/Sesion5/DAG_variables_1.py
[2025-06-05T05:21:37.503+0000] {logging_mixin.py:190} INFO - [2025-06-05T05:21:37.502+0000] {dag.py:3239} INFO - Sync 1 DAGs
[2025-06-05T05:21:37.518+0000] {logging_mixin.py:190} INFO - [2025-06-05T05:21:37.517+0000] {dag.py:4180} INFO - Setting next_dagrun for etl_with_variables_1 to None, run_after=None
[2025-06-05T05:21:37.534+0000] {processor.py:208} INFO - Processing /opt/airflow/dags/Sesion5/DAG_variables_1.py took 0.766 seconds
[2025-06-05T05:22:08.357+0000] {processor.py:186} INFO - Started process (PID=426) to work on /opt/airflow/dags/Sesion5/DAG_variables_1.py
[2025-06-05T05:22:08.359+0000] {processor.py:914} INFO - Processing file /opt/airflow/dags/Sesion5/DAG_variables_1.py for tasks to queue
[2025-06-05T05:22:08.362+0000] {logging_mixin.py:190} INFO - [2025-06-05T05:22:08.362+0000] {dagbag.py:588} INFO - Filling up the DagBag from /opt/airflow/dags/Sesion5/DAG_variables_1.py
[2025-06-05T05:22:08.953+0000] {processor.py:925} INFO - DAG(s) 'etl_with_variables_1' retrieved from /opt/airflow/dags/Sesion5/DAG_variables_1.py
[2025-06-05T05:22:08.971+0000] {logging_mixin.py:190} INFO - [2025-06-05T05:22:08.969+0000] {dag.py:3239} INFO - Sync 1 DAGs
[2025-06-05T05:22:08.985+0000] {logging_mixin.py:190} INFO - [2025-06-05T05:22:08.985+0000] {dag.py:4180} INFO - Setting next_dagrun for etl_with_variables_1 to None, run_after=None
[2025-06-05T05:22:09.002+0000] {processor.py:208} INFO - Processing /opt/airflow/dags/Sesion5/DAG_variables_1.py took 0.651 seconds
[2025-06-05T05:22:39.799+0000] {processor.py:186} INFO - Started process (PID=541) to work on /opt/airflow/dags/Sesion5/DAG_variables_1.py
[2025-06-05T05:22:39.800+0000] {processor.py:914} INFO - Processing file /opt/airflow/dags/Sesion5/DAG_variables_1.py for tasks to queue
[2025-06-05T05:22:39.802+0000] {logging_mixin.py:190} INFO - [2025-06-05T05:22:39.802+0000] {dagbag.py:588} INFO - Filling up the DagBag from /opt/airflow/dags/Sesion5/DAG_variables_1.py
[2025-06-05T05:22:40.365+0000] {processor.py:925} INFO - DAG(s) 'etl_with_variables_1' retrieved from /opt/airflow/dags/Sesion5/DAG_variables_1.py
[2025-06-05T05:22:40.381+0000] {logging_mixin.py:190} INFO - [2025-06-05T05:22:40.380+0000] {dag.py:3239} INFO - Sync 1 DAGs
[2025-06-05T05:22:40.394+0000] {logging_mixin.py:190} INFO - [2025-06-05T05:22:40.394+0000] {dag.py:4180} INFO - Setting next_dagrun for etl_with_variables_1 to None, run_after=None
[2025-06-05T05:22:40.416+0000] {processor.py:208} INFO - Processing /opt/airflow/dags/Sesion5/DAG_variables_1.py took 0.623 seconds
[2025-06-05T05:23:11.172+0000] {processor.py:186} INFO - Started process (PID=656) to work on /opt/airflow/dags/Sesion5/DAG_variables_1.py
[2025-06-05T05:23:11.173+0000] {processor.py:914} INFO - Processing file /opt/airflow/dags/Sesion5/DAG_variables_1.py for tasks to queue
[2025-06-05T05:23:11.175+0000] {logging_mixin.py:190} INFO - [2025-06-05T05:23:11.175+0000] {dagbag.py:588} INFO - Filling up the DagBag from /opt/airflow/dags/Sesion5/DAG_variables_1.py
[2025-06-05T05:23:11.910+0000] {processor.py:925} INFO - DAG(s) 'etl_with_variables_1' retrieved from /opt/airflow/dags/Sesion5/DAG_variables_1.py
[2025-06-05T05:23:11.927+0000] {logging_mixin.py:190} INFO - [2025-06-05T05:23:11.927+0000] {dag.py:3239} INFO - Sync 1 DAGs
[2025-06-05T05:23:11.945+0000] {logging_mixin.py:190} INFO - [2025-06-05T05:23:11.945+0000] {dag.py:4180} INFO - Setting next_dagrun for etl_with_variables_1 to None, run_after=None
[2025-06-05T05:23:11.966+0000] {processor.py:208} INFO - Processing /opt/airflow/dags/Sesion5/DAG_variables_1.py took 0.801 seconds
[2025-06-05T05:23:42.820+0000] {processor.py:186} INFO - Started process (PID=771) to work on /opt/airflow/dags/Sesion5/DAG_variables_1.py
[2025-06-05T05:23:42.820+0000] {processor.py:914} INFO - Processing file /opt/airflow/dags/Sesion5/DAG_variables_1.py for tasks to queue
[2025-06-05T05:23:42.823+0000] {logging_mixin.py:190} INFO - [2025-06-05T05:23:42.823+0000] {dagbag.py:588} INFO - Filling up the DagBag from /opt/airflow/dags/Sesion5/DAG_variables_1.py
[2025-06-05T05:23:43.432+0000] {processor.py:925} INFO - DAG(s) 'etl_with_variables_1' retrieved from /opt/airflow/dags/Sesion5/DAG_variables_1.py
[2025-06-05T05:23:43.448+0000] {logging_mixin.py:190} INFO - [2025-06-05T05:23:43.446+0000] {dag.py:3239} INFO - Sync 1 DAGs
[2025-06-05T05:23:43.461+0000] {logging_mixin.py:190} INFO - [2025-06-05T05:23:43.461+0000] {dag.py:4180} INFO - Setting next_dagrun for etl_with_variables_1 to None, run_after=None
[2025-06-05T05:23:43.477+0000] {processor.py:208} INFO - Processing /opt/airflow/dags/Sesion5/DAG_variables_1.py took 0.664 seconds
[2025-06-05T05:24:14.494+0000] {processor.py:186} INFO - Started process (PID=886) to work on /opt/airflow/dags/Sesion5/DAG_variables_1.py
[2025-06-05T05:24:14.496+0000] {processor.py:914} INFO - Processing file /opt/airflow/dags/Sesion5/DAG_variables_1.py for tasks to queue
[2025-06-05T05:24:14.498+0000] {logging_mixin.py:190} INFO - [2025-06-05T05:24:14.498+0000] {dagbag.py:588} INFO - Filling up the DagBag from /opt/airflow/dags/Sesion5/DAG_variables_1.py
[2025-06-05T05:24:15.163+0000] {processor.py:925} INFO - DAG(s) 'etl_with_variables_1' retrieved from /opt/airflow/dags/Sesion5/DAG_variables_1.py
[2025-06-05T05:24:15.179+0000] {logging_mixin.py:190} INFO - [2025-06-05T05:24:15.178+0000] {dag.py:3239} INFO - Sync 1 DAGs
[2025-06-05T05:24:15.195+0000] {logging_mixin.py:190} INFO - [2025-06-05T05:24:15.195+0000] {dag.py:4180} INFO - Setting next_dagrun for etl_with_variables_1 to None, run_after=None
[2025-06-05T05:24:15.211+0000] {processor.py:208} INFO - Processing /opt/airflow/dags/Sesion5/DAG_variables_1.py took 0.726 seconds
[2025-06-05T05:24:45.817+0000] {processor.py:186} INFO - Started process (PID=1001) to work on /opt/airflow/dags/Sesion5/DAG_variables_1.py
[2025-06-05T05:24:45.819+0000] {processor.py:914} INFO - Processing file /opt/airflow/dags/Sesion5/DAG_variables_1.py for tasks to queue
[2025-06-05T05:24:45.821+0000] {logging_mixin.py:190} INFO - [2025-06-05T05:24:45.821+0000] {dagbag.py:588} INFO - Filling up the DagBag from /opt/airflow/dags/Sesion5/DAG_variables_1.py
[2025-06-05T05:24:46.335+0000] {processor.py:925} INFO - DAG(s) 'etl_with_variables_1' retrieved from /opt/airflow/dags/Sesion5/DAG_variables_1.py
[2025-06-05T05:24:46.354+0000] {logging_mixin.py:190} INFO - [2025-06-05T05:24:46.353+0000] {dag.py:3239} INFO - Sync 1 DAGs
[2025-06-05T05:24:46.369+0000] {logging_mixin.py:190} INFO - [2025-06-05T05:24:46.368+0000] {dag.py:4180} INFO - Setting next_dagrun for etl_with_variables_1 to None, run_after=None
[2025-06-05T05:24:46.384+0000] {processor.py:208} INFO - Processing /opt/airflow/dags/Sesion5/DAG_variables_1.py took 0.578 seconds
[2025-06-05T05:25:17.086+0000] {processor.py:186} INFO - Started process (PID=1116) to work on /opt/airflow/dags/Sesion5/DAG_variables_1.py
[2025-06-05T05:25:17.087+0000] {processor.py:914} INFO - Processing file /opt/airflow/dags/Sesion5/DAG_variables_1.py for tasks to queue
[2025-06-05T05:25:17.089+0000] {logging_mixin.py:190} INFO - [2025-06-05T05:25:17.089+0000] {dagbag.py:588} INFO - Filling up the DagBag from /opt/airflow/dags/Sesion5/DAG_variables_1.py
[2025-06-05T05:25:17.723+0000] {processor.py:925} INFO - DAG(s) 'etl_with_variables_1' retrieved from /opt/airflow/dags/Sesion5/DAG_variables_1.py
[2025-06-05T05:25:17.739+0000] {logging_mixin.py:190} INFO - [2025-06-05T05:25:17.739+0000] {dag.py:3239} INFO - Sync 1 DAGs
[2025-06-05T05:25:17.756+0000] {logging_mixin.py:190} INFO - [2025-06-05T05:25:17.756+0000] {dag.py:4180} INFO - Setting next_dagrun for etl_with_variables_1 to None, run_after=None
[2025-06-05T05:25:17.776+0000] {processor.py:208} INFO - Processing /opt/airflow/dags/Sesion5/DAG_variables_1.py took 0.697 seconds
[2025-06-05T05:25:48.245+0000] {processor.py:186} INFO - Started process (PID=1231) to work on /opt/airflow/dags/Sesion5/DAG_variables_1.py
[2025-06-05T05:25:48.246+0000] {processor.py:914} INFO - Processing file /opt/airflow/dags/Sesion5/DAG_variables_1.py for tasks to queue
[2025-06-05T05:25:48.248+0000] {logging_mixin.py:190} INFO - [2025-06-05T05:25:48.247+0000] {dagbag.py:588} INFO - Filling up the DagBag from /opt/airflow/dags/Sesion5/DAG_variables_1.py
[2025-06-05T05:25:48.955+0000] {processor.py:925} INFO - DAG(s) 'etl_with_variables_1' retrieved from /opt/airflow/dags/Sesion5/DAG_variables_1.py
[2025-06-05T05:25:48.978+0000] {logging_mixin.py:190} INFO - [2025-06-05T05:25:48.977+0000] {dag.py:3239} INFO - Sync 1 DAGs
[2025-06-05T05:25:48.993+0000] {logging_mixin.py:190} INFO - [2025-06-05T05:25:48.993+0000] {dag.py:4180} INFO - Setting next_dagrun for etl_with_variables_1 to None, run_after=None
[2025-06-05T05:25:49.009+0000] {processor.py:208} INFO - Processing /opt/airflow/dags/Sesion5/DAG_variables_1.py took 0.771 seconds
[2025-06-05T05:26:19.408+0000] {processor.py:186} INFO - Started process (PID=1346) to work on /opt/airflow/dags/Sesion5/DAG_variables_1.py
[2025-06-05T05:26:19.409+0000] {processor.py:914} INFO - Processing file /opt/airflow/dags/Sesion5/DAG_variables_1.py for tasks to queue
[2025-06-05T05:26:19.413+0000] {logging_mixin.py:190} INFO - [2025-06-05T05:26:19.412+0000] {dagbag.py:588} INFO - Filling up the DagBag from /opt/airflow/dags/Sesion5/DAG_variables_1.py
[2025-06-05T05:26:19.982+0000] {processor.py:925} INFO - DAG(s) 'etl_with_variables_1' retrieved from /opt/airflow/dags/Sesion5/DAG_variables_1.py
[2025-06-05T05:26:20.015+0000] {logging_mixin.py:190} INFO - [2025-06-05T05:26:20.014+0000] {dag.py:3239} INFO - Sync 1 DAGs
[2025-06-05T05:26:20.029+0000] {logging_mixin.py:190} INFO - [2025-06-05T05:26:20.029+0000] {dag.py:4180} INFO - Setting next_dagrun for etl_with_variables_1 to None, run_after=None
[2025-06-05T05:26:20.045+0000] {processor.py:208} INFO - Processing /opt/airflow/dags/Sesion5/DAG_variables_1.py took 0.650 seconds
[2025-06-05T05:26:50.765+0000] {processor.py:186} INFO - Started process (PID=1461) to work on /opt/airflow/dags/Sesion5/DAG_variables_1.py
[2025-06-05T05:26:50.766+0000] {processor.py:914} INFO - Processing file /opt/airflow/dags/Sesion5/DAG_variables_1.py for tasks to queue
[2025-06-05T05:26:50.768+0000] {logging_mixin.py:190} INFO - [2025-06-05T05:26:50.768+0000] {dagbag.py:588} INFO - Filling up the DagBag from /opt/airflow/dags/Sesion5/DAG_variables_1.py
[2025-06-05T05:26:51.338+0000] {processor.py:925} INFO - DAG(s) 'etl_with_variables_1' retrieved from /opt/airflow/dags/Sesion5/DAG_variables_1.py
[2025-06-05T05:26:51.354+0000] {logging_mixin.py:190} INFO - [2025-06-05T05:26:51.354+0000] {dag.py:3239} INFO - Sync 1 DAGs
[2025-06-05T05:26:51.369+0000] {logging_mixin.py:190} INFO - [2025-06-05T05:26:51.369+0000] {dag.py:4180} INFO - Setting next_dagrun for etl_with_variables_1 to None, run_after=None
[2025-06-05T05:26:51.385+0000] {processor.py:208} INFO - Processing /opt/airflow/dags/Sesion5/DAG_variables_1.py took 0.638 seconds
[2025-06-05T05:27:21.967+0000] {processor.py:186} INFO - Started process (PID=1576) to work on /opt/airflow/dags/Sesion5/DAG_variables_1.py
[2025-06-05T05:27:21.968+0000] {processor.py:914} INFO - Processing file /opt/airflow/dags/Sesion5/DAG_variables_1.py for tasks to queue
[2025-06-05T05:27:21.970+0000] {logging_mixin.py:190} INFO - [2025-06-05T05:27:21.970+0000] {dagbag.py:588} INFO - Filling up the DagBag from /opt/airflow/dags/Sesion5/DAG_variables_1.py
[2025-06-05T05:27:22.615+0000] {processor.py:925} INFO - DAG(s) 'etl_with_variables_1' retrieved from /opt/airflow/dags/Sesion5/DAG_variables_1.py
[2025-06-05T05:27:22.633+0000] {logging_mixin.py:190} INFO - [2025-06-05T05:27:22.632+0000] {dag.py:3239} INFO - Sync 1 DAGs
[2025-06-05T05:27:22.651+0000] {logging_mixin.py:190} INFO - [2025-06-05T05:27:22.651+0000] {dag.py:4180} INFO - Setting next_dagrun for etl_with_variables_1 to None, run_after=None
[2025-06-05T05:27:22.667+0000] {processor.py:208} INFO - Processing /opt/airflow/dags/Sesion5/DAG_variables_1.py took 0.710 seconds
[2025-06-05T05:27:53.660+0000] {processor.py:186} INFO - Started process (PID=1691) to work on /opt/airflow/dags/Sesion5/DAG_variables_1.py
[2025-06-05T05:27:53.661+0000] {processor.py:914} INFO - Processing file /opt/airflow/dags/Sesion5/DAG_variables_1.py for tasks to queue
[2025-06-05T05:27:53.663+0000] {logging_mixin.py:190} INFO - [2025-06-05T05:27:53.663+0000] {dagbag.py:588} INFO - Filling up the DagBag from /opt/airflow/dags/Sesion5/DAG_variables_1.py
[2025-06-05T05:27:54.359+0000] {processor.py:925} INFO - DAG(s) 'etl_with_variables_1' retrieved from /opt/airflow/dags/Sesion5/DAG_variables_1.py
[2025-06-05T05:27:54.380+0000] {logging_mixin.py:190} INFO - [2025-06-05T05:27:54.377+0000] {dag.py:3239} INFO - Sync 1 DAGs
[2025-06-05T05:27:54.395+0000] {logging_mixin.py:190} INFO - [2025-06-05T05:27:54.395+0000] {dag.py:4180} INFO - Setting next_dagrun for etl_with_variables_1 to None, run_after=None
[2025-06-05T05:27:54.416+0000] {processor.py:208} INFO - Processing /opt/airflow/dags/Sesion5/DAG_variables_1.py took 0.763 seconds
[2025-06-05T05:28:25.330+0000] {processor.py:186} INFO - Started process (PID=1806) to work on /opt/airflow/dags/Sesion5/DAG_variables_1.py
[2025-06-05T05:28:25.331+0000] {processor.py:914} INFO - Processing file /opt/airflow/dags/Sesion5/DAG_variables_1.py for tasks to queue
[2025-06-05T05:28:25.333+0000] {logging_mixin.py:190} INFO - [2025-06-05T05:28:25.333+0000] {dagbag.py:588} INFO - Filling up the DagBag from /opt/airflow/dags/Sesion5/DAG_variables_1.py
[2025-06-05T05:28:25.948+0000] {processor.py:925} INFO - DAG(s) 'etl_with_variables_1' retrieved from /opt/airflow/dags/Sesion5/DAG_variables_1.py
[2025-06-05T05:28:25.965+0000] {logging_mixin.py:190} INFO - [2025-06-05T05:28:25.965+0000] {dag.py:3239} INFO - Sync 1 DAGs
[2025-06-05T05:28:25.983+0000] {logging_mixin.py:190} INFO - [2025-06-05T05:28:25.982+0000] {dag.py:4180} INFO - Setting next_dagrun for etl_with_variables_1 to None, run_after=None
[2025-06-05T05:28:26.000+0000] {processor.py:208} INFO - Processing /opt/airflow/dags/Sesion5/DAG_variables_1.py took 0.680 seconds
[2025-06-05T05:28:56.246+0000] {processor.py:186} INFO - Started process (PID=1921) to work on /opt/airflow/dags/Sesion5/DAG_variables_1.py
[2025-06-05T05:28:56.247+0000] {processor.py:914} INFO - Processing file /opt/airflow/dags/Sesion5/DAG_variables_1.py for tasks to queue
[2025-06-05T05:28:56.249+0000] {logging_mixin.py:190} INFO - [2025-06-05T05:28:56.249+0000] {dagbag.py:588} INFO - Filling up the DagBag from /opt/airflow/dags/Sesion5/DAG_variables_1.py
[2025-06-05T05:28:56.901+0000] {processor.py:925} INFO - DAG(s) 'etl_with_variables_1' retrieved from /opt/airflow/dags/Sesion5/DAG_variables_1.py
[2025-06-05T05:28:56.919+0000] {logging_mixin.py:190} INFO - [2025-06-05T05:28:56.918+0000] {dag.py:3239} INFO - Sync 1 DAGs
[2025-06-05T05:28:56.935+0000] {logging_mixin.py:190} INFO - [2025-06-05T05:28:56.934+0000] {dag.py:4180} INFO - Setting next_dagrun for etl_with_variables_1 to None, run_after=None
[2025-06-05T05:28:56.955+0000] {processor.py:208} INFO - Processing /opt/airflow/dags/Sesion5/DAG_variables_1.py took 0.716 seconds
[2025-06-05T05:29:27.965+0000] {processor.py:186} INFO - Started process (PID=2036) to work on /opt/airflow/dags/Sesion5/DAG_variables_1.py
[2025-06-05T05:29:27.966+0000] {processor.py:914} INFO - Processing file /opt/airflow/dags/Sesion5/DAG_variables_1.py for tasks to queue
[2025-06-05T05:29:27.968+0000] {logging_mixin.py:190} INFO - [2025-06-05T05:29:27.968+0000] {dagbag.py:588} INFO - Filling up the DagBag from /opt/airflow/dags/Sesion5/DAG_variables_1.py
[2025-06-05T05:29:28.512+0000] {processor.py:925} INFO - DAG(s) 'etl_with_variables_1' retrieved from /opt/airflow/dags/Sesion5/DAG_variables_1.py
[2025-06-05T05:29:28.528+0000] {logging_mixin.py:190} INFO - [2025-06-05T05:29:28.527+0000] {dag.py:3239} INFO - Sync 1 DAGs
[2025-06-05T05:29:28.543+0000] {logging_mixin.py:190} INFO - [2025-06-05T05:29:28.543+0000] {dag.py:4180} INFO - Setting next_dagrun for etl_with_variables_1 to None, run_after=None
[2025-06-05T05:29:28.558+0000] {processor.py:208} INFO - Processing /opt/airflow/dags/Sesion5/DAG_variables_1.py took 0.599 seconds
[2025-06-05T05:29:59.202+0000] {processor.py:186} INFO - Started process (PID=2151) to work on /opt/airflow/dags/Sesion5/DAG_variables_1.py
[2025-06-05T05:29:59.203+0000] {processor.py:914} INFO - Processing file /opt/airflow/dags/Sesion5/DAG_variables_1.py for tasks to queue
[2025-06-05T05:29:59.205+0000] {logging_mixin.py:190} INFO - [2025-06-05T05:29:59.204+0000] {dagbag.py:588} INFO - Filling up the DagBag from /opt/airflow/dags/Sesion5/DAG_variables_1.py
[2025-06-05T05:29:59.930+0000] {processor.py:925} INFO - DAG(s) 'etl_with_variables_1' retrieved from /opt/airflow/dags/Sesion5/DAG_variables_1.py
[2025-06-05T05:29:59.955+0000] {logging_mixin.py:190} INFO - [2025-06-05T05:29:59.952+0000] {dag.py:3239} INFO - Sync 1 DAGs
[2025-06-05T05:29:59.974+0000] {logging_mixin.py:190} INFO - [2025-06-05T05:29:59.974+0000] {dag.py:4180} INFO - Setting next_dagrun for etl_with_variables_1 to None, run_after=None
[2025-06-05T05:29:59.988+0000] {processor.py:208} INFO - Processing /opt/airflow/dags/Sesion5/DAG_variables_1.py took 0.794 seconds
[2025-06-05T05:30:30.475+0000] {processor.py:186} INFO - Started process (PID=2266) to work on /opt/airflow/dags/Sesion5/DAG_variables_1.py
[2025-06-05T05:30:30.476+0000] {processor.py:914} INFO - Processing file /opt/airflow/dags/Sesion5/DAG_variables_1.py for tasks to queue
[2025-06-05T05:30:30.478+0000] {logging_mixin.py:190} INFO - [2025-06-05T05:30:30.478+0000] {dagbag.py:588} INFO - Filling up the DagBag from /opt/airflow/dags/Sesion5/DAG_variables_1.py
[2025-06-05T05:30:31.167+0000] {processor.py:925} INFO - DAG(s) 'etl_with_variables_1' retrieved from /opt/airflow/dags/Sesion5/DAG_variables_1.py
[2025-06-05T05:30:31.190+0000] {logging_mixin.py:190} INFO - [2025-06-05T05:30:31.188+0000] {dag.py:3239} INFO - Sync 1 DAGs
[2025-06-05T05:30:31.210+0000] {logging_mixin.py:190} INFO - [2025-06-05T05:30:31.210+0000] {dag.py:4180} INFO - Setting next_dagrun for etl_with_variables_1 to None, run_after=None
[2025-06-05T05:30:31.230+0000] {processor.py:208} INFO - Processing /opt/airflow/dags/Sesion5/DAG_variables_1.py took 0.763 seconds
[2025-06-05T05:31:01.500+0000] {processor.py:186} INFO - Started process (PID=2381) to work on /opt/airflow/dags/Sesion5/DAG_variables_1.py
[2025-06-05T05:31:01.501+0000] {processor.py:914} INFO - Processing file /opt/airflow/dags/Sesion5/DAG_variables_1.py for tasks to queue
[2025-06-05T05:31:01.503+0000] {logging_mixin.py:190} INFO - [2025-06-05T05:31:01.503+0000] {dagbag.py:588} INFO - Filling up the DagBag from /opt/airflow/dags/Sesion5/DAG_variables_1.py
[2025-06-05T05:31:02.129+0000] {processor.py:925} INFO - DAG(s) 'etl_with_variables_1' retrieved from /opt/airflow/dags/Sesion5/DAG_variables_1.py
[2025-06-05T05:31:02.148+0000] {logging_mixin.py:190} INFO - [2025-06-05T05:31:02.147+0000] {dag.py:3239} INFO - Sync 1 DAGs
[2025-06-05T05:31:02.164+0000] {logging_mixin.py:190} INFO - [2025-06-05T05:31:02.164+0000] {dag.py:4180} INFO - Setting next_dagrun for etl_with_variables_1 to None, run_after=None
[2025-06-05T05:31:02.183+0000] {processor.py:208} INFO - Processing /opt/airflow/dags/Sesion5/DAG_variables_1.py took 0.691 seconds
[2025-06-05T05:31:32.662+0000] {processor.py:186} INFO - Started process (PID=2496) to work on /opt/airflow/dags/Sesion5/DAG_variables_1.py
[2025-06-05T05:31:32.664+0000] {processor.py:914} INFO - Processing file /opt/airflow/dags/Sesion5/DAG_variables_1.py for tasks to queue
[2025-06-05T05:31:32.667+0000] {logging_mixin.py:190} INFO - [2025-06-05T05:31:32.666+0000] {dagbag.py:588} INFO - Filling up the DagBag from /opt/airflow/dags/Sesion5/DAG_variables_1.py
[2025-06-05T05:31:33.371+0000] {processor.py:925} INFO - DAG(s) 'etl_with_variables_1' retrieved from /opt/airflow/dags/Sesion5/DAG_variables_1.py
[2025-06-05T05:31:33.394+0000] {logging_mixin.py:190} INFO - [2025-06-05T05:31:33.393+0000] {dag.py:3239} INFO - Sync 1 DAGs
[2025-06-05T05:31:33.414+0000] {logging_mixin.py:190} INFO - [2025-06-05T05:31:33.413+0000] {dag.py:4180} INFO - Setting next_dagrun for etl_with_variables_1 to None, run_after=None
[2025-06-05T05:31:33.433+0000] {processor.py:208} INFO - Processing /opt/airflow/dags/Sesion5/DAG_variables_1.py took 0.782 seconds
[2025-06-05T05:38:41.754+0000] {processor.py:186} INFO - Started process (PID=176) to work on /opt/airflow/dags/Sesion5/DAG_variables_1.py
[2025-06-05T05:38:41.773+0000] {processor.py:914} INFO - Processing file /opt/airflow/dags/Sesion5/DAG_variables_1.py for tasks to queue
[2025-06-05T05:38:41.786+0000] {logging_mixin.py:190} INFO - [2025-06-05T05:38:41.780+0000] {dagbag.py:588} INFO - Filling up the DagBag from /opt/airflow/dags/Sesion5/DAG_variables_1.py
[2025-06-05T05:38:47.795+0000] {processor.py:925} INFO - DAG(s) 'etl_with_variables_1' retrieved from /opt/airflow/dags/Sesion5/DAG_variables_1.py
[2025-06-05T05:38:47.932+0000] {logging_mixin.py:190} INFO - [2025-06-05T05:38:47.925+0000] {dag.py:3239} INFO - Sync 1 DAGs
[2025-06-05T05:38:47.983+0000] {logging_mixin.py:190} INFO - [2025-06-05T05:38:47.981+0000] {dag.py:4180} INFO - Setting next_dagrun for etl_with_variables_1 to None, run_after=None
[2025-06-05T05:38:48.038+0000] {processor.py:208} INFO - Processing /opt/airflow/dags/Sesion5/DAG_variables_1.py took 6.324 seconds
[2025-06-05T05:39:18.203+0000] {processor.py:186} INFO - Started process (PID=289) to work on /opt/airflow/dags/Sesion5/DAG_variables_1.py
[2025-06-05T05:39:18.204+0000] {processor.py:914} INFO - Processing file /opt/airflow/dags/Sesion5/DAG_variables_1.py for tasks to queue
[2025-06-05T05:39:18.206+0000] {logging_mixin.py:190} INFO - [2025-06-05T05:39:18.205+0000] {dagbag.py:588} INFO - Filling up the DagBag from /opt/airflow/dags/Sesion5/DAG_variables_1.py
[2025-06-05T05:39:19.086+0000] {processor.py:925} INFO - DAG(s) 'etl_with_variables_1' retrieved from /opt/airflow/dags/Sesion5/DAG_variables_1.py
[2025-06-05T05:39:19.107+0000] {logging_mixin.py:190} INFO - [2025-06-05T05:39:19.107+0000] {dag.py:3239} INFO - Sync 1 DAGs
[2025-06-05T05:39:19.122+0000] {logging_mixin.py:190} INFO - [2025-06-05T05:39:19.122+0000] {dag.py:4180} INFO - Setting next_dagrun for etl_with_variables_1 to None, run_after=None
[2025-06-05T05:39:19.139+0000] {processor.py:208} INFO - Processing /opt/airflow/dags/Sesion5/DAG_variables_1.py took 0.944 seconds
[2025-06-05T05:39:50.167+0000] {processor.py:186} INFO - Started process (PID=402) to work on /opt/airflow/dags/Sesion5/DAG_variables_1.py
[2025-06-05T05:39:50.168+0000] {processor.py:914} INFO - Processing file /opt/airflow/dags/Sesion5/DAG_variables_1.py for tasks to queue
[2025-06-05T05:39:50.169+0000] {logging_mixin.py:190} INFO - [2025-06-05T05:39:50.169+0000] {dagbag.py:588} INFO - Filling up the DagBag from /opt/airflow/dags/Sesion5/DAG_variables_1.py
[2025-06-05T05:39:50.850+0000] {processor.py:925} INFO - DAG(s) 'etl_with_variables_1' retrieved from /opt/airflow/dags/Sesion5/DAG_variables_1.py
[2025-06-05T05:39:50.865+0000] {logging_mixin.py:190} INFO - [2025-06-05T05:39:50.865+0000] {dag.py:3239} INFO - Sync 1 DAGs
[2025-06-05T05:39:50.880+0000] {logging_mixin.py:190} INFO - [2025-06-05T05:39:50.880+0000] {dag.py:4180} INFO - Setting next_dagrun for etl_with_variables_1 to None, run_after=None
[2025-06-05T05:39:50.897+0000] {processor.py:208} INFO - Processing /opt/airflow/dags/Sesion5/DAG_variables_1.py took 0.748 seconds
[2025-06-05T05:40:21.637+0000] {processor.py:186} INFO - Started process (PID=515) to work on /opt/airflow/dags/Sesion5/DAG_variables_1.py
[2025-06-05T05:40:21.641+0000] {processor.py:914} INFO - Processing file /opt/airflow/dags/Sesion5/DAG_variables_1.py for tasks to queue
[2025-06-05T05:40:21.643+0000] {logging_mixin.py:190} INFO - [2025-06-05T05:40:21.643+0000] {dagbag.py:588} INFO - Filling up the DagBag from /opt/airflow/dags/Sesion5/DAG_variables_1.py
[2025-06-05T05:40:22.546+0000] {processor.py:925} INFO - DAG(s) 'etl_with_variables_1' retrieved from /opt/airflow/dags/Sesion5/DAG_variables_1.py
[2025-06-05T05:40:22.561+0000] {logging_mixin.py:190} INFO - [2025-06-05T05:40:22.561+0000] {dag.py:3239} INFO - Sync 1 DAGs
[2025-06-05T05:40:22.579+0000] {logging_mixin.py:190} INFO - [2025-06-05T05:40:22.578+0000] {dag.py:4180} INFO - Setting next_dagrun for etl_with_variables_1 to None, run_after=None
[2025-06-05T05:40:22.596+0000] {processor.py:208} INFO - Processing /opt/airflow/dags/Sesion5/DAG_variables_1.py took 0.989 seconds
[2025-06-05T05:40:52.678+0000] {processor.py:186} INFO - Started process (PID=628) to work on /opt/airflow/dags/Sesion5/DAG_variables_1.py
[2025-06-05T05:40:52.680+0000] {processor.py:914} INFO - Processing file /opt/airflow/dags/Sesion5/DAG_variables_1.py for tasks to queue
[2025-06-05T05:40:52.681+0000] {logging_mixin.py:190} INFO - [2025-06-05T05:40:52.681+0000] {dagbag.py:588} INFO - Filling up the DagBag from /opt/airflow/dags/Sesion5/DAG_variables_1.py
[2025-06-05T05:40:53.276+0000] {processor.py:925} INFO - DAG(s) 'etl_with_variables_1' retrieved from /opt/airflow/dags/Sesion5/DAG_variables_1.py
[2025-06-05T05:40:53.295+0000] {logging_mixin.py:190} INFO - [2025-06-05T05:40:53.294+0000] {dag.py:3239} INFO - Sync 1 DAGs
[2025-06-05T05:40:53.311+0000] {logging_mixin.py:190} INFO - [2025-06-05T05:40:53.311+0000] {dag.py:4180} INFO - Setting next_dagrun for etl_with_variables_1 to None, run_after=None
[2025-06-05T05:40:53.329+0000] {processor.py:208} INFO - Processing /opt/airflow/dags/Sesion5/DAG_variables_1.py took 0.664 seconds
[2025-06-05T05:41:24.027+0000] {processor.py:186} INFO - Started process (PID=741) to work on /opt/airflow/dags/Sesion5/DAG_variables_1.py
[2025-06-05T05:41:24.027+0000] {processor.py:914} INFO - Processing file /opt/airflow/dags/Sesion5/DAG_variables_1.py for tasks to queue
[2025-06-05T05:41:24.029+0000] {logging_mixin.py:190} INFO - [2025-06-05T05:41:24.028+0000] {dagbag.py:588} INFO - Filling up the DagBag from /opt/airflow/dags/Sesion5/DAG_variables_1.py
[2025-06-05T05:41:24.594+0000] {processor.py:925} INFO - DAG(s) 'etl_with_variables_1' retrieved from /opt/airflow/dags/Sesion5/DAG_variables_1.py
[2025-06-05T05:41:24.612+0000] {logging_mixin.py:190} INFO - [2025-06-05T05:41:24.611+0000] {dag.py:3239} INFO - Sync 1 DAGs
[2025-06-05T05:41:24.641+0000] {logging_mixin.py:190} INFO - [2025-06-05T05:41:24.641+0000] {dag.py:4180} INFO - Setting next_dagrun for etl_with_variables_1 to None, run_after=None
[2025-06-05T05:41:24.666+0000] {processor.py:208} INFO - Processing /opt/airflow/dags/Sesion5/DAG_variables_1.py took 0.647 seconds
[2025-06-05T05:41:55.474+0000] {processor.py:186} INFO - Started process (PID=854) to work on /opt/airflow/dags/Sesion5/DAG_variables_1.py
[2025-06-05T05:41:55.475+0000] {processor.py:914} INFO - Processing file /opt/airflow/dags/Sesion5/DAG_variables_1.py for tasks to queue
[2025-06-05T05:41:55.476+0000] {logging_mixin.py:190} INFO - [2025-06-05T05:41:55.476+0000] {dagbag.py:588} INFO - Filling up the DagBag from /opt/airflow/dags/Sesion5/DAG_variables_1.py
[2025-06-05T05:41:56.073+0000] {processor.py:925} INFO - DAG(s) 'etl_with_variables_1' retrieved from /opt/airflow/dags/Sesion5/DAG_variables_1.py
[2025-06-05T05:41:56.089+0000] {logging_mixin.py:190} INFO - [2025-06-05T05:41:56.089+0000] {dag.py:3239} INFO - Sync 1 DAGs
[2025-06-05T05:41:56.104+0000] {logging_mixin.py:190} INFO - [2025-06-05T05:41:56.103+0000] {dag.py:4180} INFO - Setting next_dagrun for etl_with_variables_1 to None, run_after=None
[2025-06-05T05:41:56.119+0000] {processor.py:208} INFO - Processing /opt/airflow/dags/Sesion5/DAG_variables_1.py took 0.652 seconds
[2025-06-05T05:42:26.937+0000] {processor.py:186} INFO - Started process (PID=967) to work on /opt/airflow/dags/Sesion5/DAG_variables_1.py
[2025-06-05T05:42:26.938+0000] {processor.py:914} INFO - Processing file /opt/airflow/dags/Sesion5/DAG_variables_1.py for tasks to queue
[2025-06-05T05:42:26.942+0000] {logging_mixin.py:190} INFO - [2025-06-05T05:42:26.942+0000] {dagbag.py:588} INFO - Filling up the DagBag from /opt/airflow/dags/Sesion5/DAG_variables_1.py
[2025-06-05T05:42:27.713+0000] {processor.py:925} INFO - DAG(s) 'etl_with_variables_1' retrieved from /opt/airflow/dags/Sesion5/DAG_variables_1.py
[2025-06-05T05:42:27.728+0000] {logging_mixin.py:190} INFO - [2025-06-05T05:42:27.727+0000] {dag.py:3239} INFO - Sync 1 DAGs
[2025-06-05T05:42:27.743+0000] {logging_mixin.py:190} INFO - [2025-06-05T05:42:27.743+0000] {dag.py:4180} INFO - Setting next_dagrun for etl_with_variables_1 to None, run_after=None
[2025-06-05T05:42:27.759+0000] {processor.py:208} INFO - Processing /opt/airflow/dags/Sesion5/DAG_variables_1.py took 0.831 seconds
