[2025-06-05T02:01:08.221+0000] {processor.py:186} INFO - Started process (PID=190) to work on /opt/airflow/dags/Sesion5/DAG_Parametros.py
[2025-06-05T02:01:08.226+0000] {processor.py:914} INFO - Processing file /opt/airflow/dags/Sesion5/DAG_Parametros.py for tasks to queue
[2025-06-05T02:01:08.233+0000] {logging_mixin.py:190} INFO - [2025-06-05T02:01:08.232+0000] {dagbag.py:588} INFO - Filling up the DagBag from /opt/airflow/dags/Sesion5/DAG_Parametros.py
[2025-06-05T02:01:17.716+0000] {processor.py:925} INFO - DAG(s) 'etl_with_trigger_params' retrieved from /opt/airflow/dags/Sesion5/DAG_Parametros.py
[2025-06-05T02:01:17.818+0000] {logging_mixin.py:190} INFO - [2025-06-05T02:01:17.817+0000] {dag.py:3239} INFO - Sync 1 DAGs
[2025-06-05T02:01:17.866+0000] {logging_mixin.py:190} INFO - [2025-06-05T02:01:17.865+0000] {dag.py:4180} INFO - Setting next_dagrun for etl_with_trigger_params to None, run_after=None
[2025-06-05T02:01:17.930+0000] {processor.py:208} INFO - Processing /opt/airflow/dags/Sesion5/DAG_Parametros.py took 9.724 seconds
[2025-06-05T02:01:48.113+0000] {processor.py:186} INFO - Started process (PID=306) to work on /opt/airflow/dags/Sesion5/DAG_Parametros.py
[2025-06-05T02:01:48.114+0000] {processor.py:914} INFO - Processing file /opt/airflow/dags/Sesion5/DAG_Parametros.py for tasks to queue
[2025-06-05T02:01:48.116+0000] {logging_mixin.py:190} INFO - [2025-06-05T02:01:48.116+0000] {dagbag.py:588} INFO - Filling up the DagBag from /opt/airflow/dags/Sesion5/DAG_Parametros.py
[2025-06-05T02:01:51.094+0000] {processor.py:925} INFO - DAG(s) 'etl_with_trigger_params' retrieved from /opt/airflow/dags/Sesion5/DAG_Parametros.py
[2025-06-05T02:01:51.266+0000] {logging_mixin.py:190} INFO - [2025-06-05T02:01:51.265+0000] {dag.py:3239} INFO - Sync 1 DAGs
[2025-06-05T02:01:51.344+0000] {logging_mixin.py:190} INFO - [2025-06-05T02:01:51.343+0000] {dag.py:4180} INFO - Setting next_dagrun for etl_with_trigger_params to None, run_after=None
[2025-06-05T02:01:51.412+0000] {processor.py:208} INFO - Processing /opt/airflow/dags/Sesion5/DAG_Parametros.py took 3.305 seconds
[2025-06-05T02:02:22.164+0000] {processor.py:186} INFO - Started process (PID=421) to work on /opt/airflow/dags/Sesion5/DAG_Parametros.py
[2025-06-05T02:02:22.168+0000] {processor.py:914} INFO - Processing file /opt/airflow/dags/Sesion5/DAG_Parametros.py for tasks to queue
[2025-06-05T02:02:22.183+0000] {logging_mixin.py:190} INFO - [2025-06-05T02:02:22.180+0000] {dagbag.py:588} INFO - Filling up the DagBag from /opt/airflow/dags/Sesion5/DAG_Parametros.py
[2025-06-05T02:02:24.197+0000] {processor.py:925} INFO - DAG(s) 'etl_with_trigger_params' retrieved from /opt/airflow/dags/Sesion5/DAG_Parametros.py
[2025-06-05T02:02:24.273+0000] {logging_mixin.py:190} INFO - [2025-06-05T02:02:24.273+0000] {dag.py:3239} INFO - Sync 1 DAGs
[2025-06-05T02:02:24.302+0000] {logging_mixin.py:190} INFO - [2025-06-05T02:02:24.301+0000] {dag.py:4180} INFO - Setting next_dagrun for etl_with_trigger_params to None, run_after=None
[2025-06-05T02:02:24.352+0000] {processor.py:208} INFO - Processing /opt/airflow/dags/Sesion5/DAG_Parametros.py took 2.219 seconds
[2025-06-05T02:04:24.587+0000] {processor.py:186} INFO - Started process (PID=171) to work on /opt/airflow/dags/Sesion5/DAG_Parametros.py
[2025-06-05T02:04:24.604+0000] {processor.py:914} INFO - Processing file /opt/airflow/dags/Sesion5/DAG_Parametros.py for tasks to queue
[2025-06-05T02:04:24.611+0000] {logging_mixin.py:190} INFO - [2025-06-05T02:04:24.611+0000] {dagbag.py:588} INFO - Filling up the DagBag from /opt/airflow/dags/Sesion5/DAG_Parametros.py
[2025-06-05T02:04:27.716+0000] {processor.py:925} INFO - DAG(s) 'etl_with_trigger_params' retrieved from /opt/airflow/dags/Sesion5/DAG_Parametros.py
[2025-06-05T02:04:27.748+0000] {logging_mixin.py:190} INFO - [2025-06-05T02:04:27.747+0000] {dag.py:3239} INFO - Sync 1 DAGs
[2025-06-05T02:04:27.764+0000] {logging_mixin.py:190} INFO - [2025-06-05T02:04:27.764+0000] {dag.py:4180} INFO - Setting next_dagrun for etl_with_trigger_params to None, run_after=None
[2025-06-05T02:04:27.790+0000] {processor.py:208} INFO - Processing /opt/airflow/dags/Sesion5/DAG_Parametros.py took 3.254 seconds
[2025-06-05T02:04:57.921+0000] {processor.py:186} INFO - Started process (PID=288) to work on /opt/airflow/dags/Sesion5/DAG_Parametros.py
[2025-06-05T02:04:57.922+0000] {processor.py:914} INFO - Processing file /opt/airflow/dags/Sesion5/DAG_Parametros.py for tasks to queue
[2025-06-05T02:04:57.925+0000] {logging_mixin.py:190} INFO - [2025-06-05T02:04:57.924+0000] {dagbag.py:588} INFO - Filling up the DagBag from /opt/airflow/dags/Sesion5/DAG_Parametros.py
[2025-06-05T02:04:58.604+0000] {processor.py:925} INFO - DAG(s) 'etl_with_trigger_params' retrieved from /opt/airflow/dags/Sesion5/DAG_Parametros.py
[2025-06-05T02:04:58.618+0000] {logging_mixin.py:190} INFO - [2025-06-05T02:04:58.617+0000] {dag.py:3239} INFO - Sync 1 DAGs
[2025-06-05T02:04:58.628+0000] {logging_mixin.py:190} INFO - [2025-06-05T02:04:58.627+0000] {dag.py:4180} INFO - Setting next_dagrun for etl_with_trigger_params to None, run_after=None
[2025-06-05T02:04:58.642+0000] {processor.py:208} INFO - Processing /opt/airflow/dags/Sesion5/DAG_Parametros.py took 0.727 seconds
[2025-06-05T02:05:29.294+0000] {processor.py:186} INFO - Started process (PID=403) to work on /opt/airflow/dags/Sesion5/DAG_Parametros.py
[2025-06-05T02:05:29.295+0000] {processor.py:914} INFO - Processing file /opt/airflow/dags/Sesion5/DAG_Parametros.py for tasks to queue
[2025-06-05T02:05:29.297+0000] {logging_mixin.py:190} INFO - [2025-06-05T02:05:29.297+0000] {dagbag.py:588} INFO - Filling up the DagBag from /opt/airflow/dags/Sesion5/DAG_Parametros.py
[2025-06-05T02:05:29.943+0000] {processor.py:925} INFO - DAG(s) 'etl_with_trigger_params' retrieved from /opt/airflow/dags/Sesion5/DAG_Parametros.py
[2025-06-05T02:05:29.963+0000] {logging_mixin.py:190} INFO - [2025-06-05T02:05:29.962+0000] {dag.py:3239} INFO - Sync 1 DAGs
[2025-06-05T02:05:29.979+0000] {logging_mixin.py:190} INFO - [2025-06-05T02:05:29.979+0000] {dag.py:4180} INFO - Setting next_dagrun for etl_with_trigger_params to None, run_after=None
[2025-06-05T02:05:29.996+0000] {processor.py:208} INFO - Processing /opt/airflow/dags/Sesion5/DAG_Parametros.py took 0.709 seconds
[2025-06-05T02:06:00.490+0000] {processor.py:186} INFO - Started process (PID=518) to work on /opt/airflow/dags/Sesion5/DAG_Parametros.py
[2025-06-05T02:06:00.490+0000] {processor.py:914} INFO - Processing file /opt/airflow/dags/Sesion5/DAG_Parametros.py for tasks to queue
[2025-06-05T02:06:00.493+0000] {logging_mixin.py:190} INFO - [2025-06-05T02:06:00.493+0000] {dagbag.py:588} INFO - Filling up the DagBag from /opt/airflow/dags/Sesion5/DAG_Parametros.py
[2025-06-05T02:06:01.271+0000] {processor.py:925} INFO - DAG(s) 'etl_with_trigger_params' retrieved from /opt/airflow/dags/Sesion5/DAG_Parametros.py
[2025-06-05T02:06:01.292+0000] {logging_mixin.py:190} INFO - [2025-06-05T02:06:01.291+0000] {dag.py:3239} INFO - Sync 1 DAGs
[2025-06-05T02:06:01.307+0000] {logging_mixin.py:190} INFO - [2025-06-05T02:06:01.307+0000] {dag.py:4180} INFO - Setting next_dagrun for etl_with_trigger_params to None, run_after=None
[2025-06-05T02:06:01.323+0000] {processor.py:208} INFO - Processing /opt/airflow/dags/Sesion5/DAG_Parametros.py took 0.840 seconds
[2025-06-05T02:06:31.810+0000] {processor.py:186} INFO - Started process (PID=633) to work on /opt/airflow/dags/Sesion5/DAG_Parametros.py
[2025-06-05T02:06:31.812+0000] {processor.py:914} INFO - Processing file /opt/airflow/dags/Sesion5/DAG_Parametros.py for tasks to queue
[2025-06-05T02:06:31.814+0000] {logging_mixin.py:190} INFO - [2025-06-05T02:06:31.814+0000] {dagbag.py:588} INFO - Filling up the DagBag from /opt/airflow/dags/Sesion5/DAG_Parametros.py
[2025-06-05T02:06:32.495+0000] {processor.py:925} INFO - DAG(s) 'etl_with_trigger_params' retrieved from /opt/airflow/dags/Sesion5/DAG_Parametros.py
[2025-06-05T02:06:32.514+0000] {logging_mixin.py:190} INFO - [2025-06-05T02:06:32.513+0000] {dag.py:3239} INFO - Sync 1 DAGs
[2025-06-05T02:06:32.528+0000] {logging_mixin.py:190} INFO - [2025-06-05T02:06:32.528+0000] {dag.py:4180} INFO - Setting next_dagrun for etl_with_trigger_params to None, run_after=None
[2025-06-05T02:06:32.544+0000] {processor.py:208} INFO - Processing /opt/airflow/dags/Sesion5/DAG_Parametros.py took 0.741 seconds
[2025-06-05T02:07:02.803+0000] {processor.py:186} INFO - Started process (PID=748) to work on /opt/airflow/dags/Sesion5/DAG_Parametros.py
[2025-06-05T02:07:02.804+0000] {processor.py:914} INFO - Processing file /opt/airflow/dags/Sesion5/DAG_Parametros.py for tasks to queue
[2025-06-05T02:07:02.806+0000] {logging_mixin.py:190} INFO - [2025-06-05T02:07:02.806+0000] {dagbag.py:588} INFO - Filling up the DagBag from /opt/airflow/dags/Sesion5/DAG_Parametros.py
[2025-06-05T02:07:03.405+0000] {processor.py:925} INFO - DAG(s) 'etl_with_trigger_params' retrieved from /opt/airflow/dags/Sesion5/DAG_Parametros.py
[2025-06-05T02:07:03.424+0000] {logging_mixin.py:190} INFO - [2025-06-05T02:07:03.423+0000] {dag.py:3239} INFO - Sync 1 DAGs
[2025-06-05T02:07:03.438+0000] {logging_mixin.py:190} INFO - [2025-06-05T02:07:03.438+0000] {dag.py:4180} INFO - Setting next_dagrun for etl_with_trigger_params to None, run_after=None
[2025-06-05T02:07:03.455+0000] {processor.py:208} INFO - Processing /opt/airflow/dags/Sesion5/DAG_Parametros.py took 0.659 seconds
[2025-06-05T02:07:34.146+0000] {processor.py:186} INFO - Started process (PID=863) to work on /opt/airflow/dags/Sesion5/DAG_Parametros.py
[2025-06-05T02:07:34.150+0000] {processor.py:914} INFO - Processing file /opt/airflow/dags/Sesion5/DAG_Parametros.py for tasks to queue
[2025-06-05T02:07:34.157+0000] {logging_mixin.py:190} INFO - [2025-06-05T02:07:34.156+0000] {dagbag.py:588} INFO - Filling up the DagBag from /opt/airflow/dags/Sesion5/DAG_Parametros.py
[2025-06-05T02:07:34.771+0000] {processor.py:925} INFO - DAG(s) 'etl_with_trigger_params' retrieved from /opt/airflow/dags/Sesion5/DAG_Parametros.py
[2025-06-05T02:07:34.790+0000] {logging_mixin.py:190} INFO - [2025-06-05T02:07:34.790+0000] {dag.py:3239} INFO - Sync 1 DAGs
[2025-06-05T02:07:34.805+0000] {logging_mixin.py:190} INFO - [2025-06-05T02:07:34.805+0000] {dag.py:4180} INFO - Setting next_dagrun for etl_with_trigger_params to None, run_after=None
[2025-06-05T02:07:34.822+0000] {processor.py:208} INFO - Processing /opt/airflow/dags/Sesion5/DAG_Parametros.py took 0.694 seconds
[2025-06-05T02:08:05.262+0000] {processor.py:186} INFO - Started process (PID=978) to work on /opt/airflow/dags/Sesion5/DAG_Parametros.py
[2025-06-05T02:08:05.263+0000] {processor.py:914} INFO - Processing file /opt/airflow/dags/Sesion5/DAG_Parametros.py for tasks to queue
[2025-06-05T02:08:05.265+0000] {logging_mixin.py:190} INFO - [2025-06-05T02:08:05.265+0000] {dagbag.py:588} INFO - Filling up the DagBag from /opt/airflow/dags/Sesion5/DAG_Parametros.py
[2025-06-05T02:08:05.837+0000] {processor.py:925} INFO - DAG(s) 'etl_with_trigger_params' retrieved from /opt/airflow/dags/Sesion5/DAG_Parametros.py
[2025-06-05T02:08:05.858+0000] {logging_mixin.py:190} INFO - [2025-06-05T02:08:05.857+0000] {dag.py:3239} INFO - Sync 1 DAGs
[2025-06-05T02:08:05.874+0000] {logging_mixin.py:190} INFO - [2025-06-05T02:08:05.873+0000] {dag.py:4180} INFO - Setting next_dagrun for etl_with_trigger_params to None, run_after=None
[2025-06-05T02:08:05.889+0000] {processor.py:208} INFO - Processing /opt/airflow/dags/Sesion5/DAG_Parametros.py took 0.634 seconds
[2025-06-05T02:08:36.544+0000] {processor.py:186} INFO - Started process (PID=1093) to work on /opt/airflow/dags/Sesion5/DAG_Parametros.py
[2025-06-05T02:08:36.545+0000] {processor.py:914} INFO - Processing file /opt/airflow/dags/Sesion5/DAG_Parametros.py for tasks to queue
[2025-06-05T02:08:36.547+0000] {logging_mixin.py:190} INFO - [2025-06-05T02:08:36.547+0000] {dagbag.py:588} INFO - Filling up the DagBag from /opt/airflow/dags/Sesion5/DAG_Parametros.py
[2025-06-05T02:08:37.328+0000] {processor.py:925} INFO - DAG(s) 'etl_with_trigger_params' retrieved from /opt/airflow/dags/Sesion5/DAG_Parametros.py
[2025-06-05T02:08:37.346+0000] {logging_mixin.py:190} INFO - [2025-06-05T02:08:37.346+0000] {dag.py:3239} INFO - Sync 1 DAGs
[2025-06-05T02:08:37.359+0000] {logging_mixin.py:190} INFO - [2025-06-05T02:08:37.358+0000] {dag.py:4180} INFO - Setting next_dagrun for etl_with_trigger_params to None, run_after=None
[2025-06-05T02:08:37.376+0000] {processor.py:208} INFO - Processing /opt/airflow/dags/Sesion5/DAG_Parametros.py took 0.839 seconds
[2025-06-05T02:09:07.618+0000] {processor.py:186} INFO - Started process (PID=1208) to work on /opt/airflow/dags/Sesion5/DAG_Parametros.py
[2025-06-05T02:09:07.623+0000] {processor.py:914} INFO - Processing file /opt/airflow/dags/Sesion5/DAG_Parametros.py for tasks to queue
[2025-06-05T02:09:07.626+0000] {logging_mixin.py:190} INFO - [2025-06-05T02:09:07.626+0000] {dagbag.py:588} INFO - Filling up the DagBag from /opt/airflow/dags/Sesion5/DAG_Parametros.py
[2025-06-05T02:09:08.231+0000] {processor.py:925} INFO - DAG(s) 'etl_with_trigger_params' retrieved from /opt/airflow/dags/Sesion5/DAG_Parametros.py
[2025-06-05T02:09:08.250+0000] {logging_mixin.py:190} INFO - [2025-06-05T02:09:08.249+0000] {dag.py:3239} INFO - Sync 1 DAGs
[2025-06-05T02:09:08.265+0000] {logging_mixin.py:190} INFO - [2025-06-05T02:09:08.265+0000] {dag.py:4180} INFO - Setting next_dagrun for etl_with_trigger_params to None, run_after=None
[2025-06-05T02:09:08.280+0000] {processor.py:208} INFO - Processing /opt/airflow/dags/Sesion5/DAG_Parametros.py took 0.678 seconds
[2025-06-05T02:09:38.494+0000] {processor.py:186} INFO - Started process (PID=1323) to work on /opt/airflow/dags/Sesion5/DAG_Parametros.py
[2025-06-05T02:09:38.495+0000] {processor.py:914} INFO - Processing file /opt/airflow/dags/Sesion5/DAG_Parametros.py for tasks to queue
[2025-06-05T02:09:38.497+0000] {logging_mixin.py:190} INFO - [2025-06-05T02:09:38.497+0000] {dagbag.py:588} INFO - Filling up the DagBag from /opt/airflow/dags/Sesion5/DAG_Parametros.py
[2025-06-05T02:09:39.077+0000] {processor.py:925} INFO - DAG(s) 'etl_with_trigger_params' retrieved from /opt/airflow/dags/Sesion5/DAG_Parametros.py
[2025-06-05T02:09:39.097+0000] {logging_mixin.py:190} INFO - [2025-06-05T02:09:39.097+0000] {dag.py:3239} INFO - Sync 1 DAGs
[2025-06-05T02:09:39.113+0000] {logging_mixin.py:190} INFO - [2025-06-05T02:09:39.113+0000] {dag.py:4180} INFO - Setting next_dagrun for etl_with_trigger_params to None, run_after=None
[2025-06-05T02:09:39.130+0000] {processor.py:208} INFO - Processing /opt/airflow/dags/Sesion5/DAG_Parametros.py took 0.642 seconds
[2025-06-05T02:10:09.928+0000] {processor.py:186} INFO - Started process (PID=1438) to work on /opt/airflow/dags/Sesion5/DAG_Parametros.py
[2025-06-05T02:10:09.929+0000] {processor.py:914} INFO - Processing file /opt/airflow/dags/Sesion5/DAG_Parametros.py for tasks to queue
[2025-06-05T02:10:09.931+0000] {logging_mixin.py:190} INFO - [2025-06-05T02:10:09.931+0000] {dagbag.py:588} INFO - Filling up the DagBag from /opt/airflow/dags/Sesion5/DAG_Parametros.py
[2025-06-05T02:10:10.485+0000] {processor.py:925} INFO - DAG(s) 'etl_with_trigger_params' retrieved from /opt/airflow/dags/Sesion5/DAG_Parametros.py
[2025-06-05T02:10:10.506+0000] {logging_mixin.py:190} INFO - [2025-06-05T02:10:10.505+0000] {dag.py:3239} INFO - Sync 1 DAGs
[2025-06-05T02:10:10.521+0000] {logging_mixin.py:190} INFO - [2025-06-05T02:10:10.520+0000] {dag.py:4180} INFO - Setting next_dagrun for etl_with_trigger_params to None, run_after=None
[2025-06-05T02:10:10.536+0000] {processor.py:208} INFO - Processing /opt/airflow/dags/Sesion5/DAG_Parametros.py took 0.615 seconds
[2025-06-05T02:10:40.992+0000] {processor.py:186} INFO - Started process (PID=1553) to work on /opt/airflow/dags/Sesion5/DAG_Parametros.py
[2025-06-05T02:10:40.992+0000] {processor.py:914} INFO - Processing file /opt/airflow/dags/Sesion5/DAG_Parametros.py for tasks to queue
[2025-06-05T02:10:40.995+0000] {logging_mixin.py:190} INFO - [2025-06-05T02:10:40.994+0000] {dagbag.py:588} INFO - Filling up the DagBag from /opt/airflow/dags/Sesion5/DAG_Parametros.py
[2025-06-05T02:10:41.600+0000] {processor.py:925} INFO - DAG(s) 'etl_with_trigger_params' retrieved from /opt/airflow/dags/Sesion5/DAG_Parametros.py
[2025-06-05T02:10:41.620+0000] {logging_mixin.py:190} INFO - [2025-06-05T02:10:41.619+0000] {dag.py:3239} INFO - Sync 1 DAGs
[2025-06-05T02:10:41.635+0000] {logging_mixin.py:190} INFO - [2025-06-05T02:10:41.635+0000] {dag.py:4180} INFO - Setting next_dagrun for etl_with_trigger_params to None, run_after=None
[2025-06-05T02:10:41.650+0000] {processor.py:208} INFO - Processing /opt/airflow/dags/Sesion5/DAG_Parametros.py took 0.665 seconds
[2025-06-05T02:11:12.180+0000] {processor.py:186} INFO - Started process (PID=1668) to work on /opt/airflow/dags/Sesion5/DAG_Parametros.py
[2025-06-05T02:11:12.181+0000] {processor.py:914} INFO - Processing file /opt/airflow/dags/Sesion5/DAG_Parametros.py for tasks to queue
[2025-06-05T02:11:12.184+0000] {logging_mixin.py:190} INFO - [2025-06-05T02:11:12.183+0000] {dagbag.py:588} INFO - Filling up the DagBag from /opt/airflow/dags/Sesion5/DAG_Parametros.py
[2025-06-05T02:11:12.985+0000] {processor.py:925} INFO - DAG(s) 'etl_with_trigger_params' retrieved from /opt/airflow/dags/Sesion5/DAG_Parametros.py
[2025-06-05T02:11:13.028+0000] {logging_mixin.py:190} INFO - [2025-06-05T02:11:13.027+0000] {dag.py:3239} INFO - Sync 1 DAGs
[2025-06-05T02:11:13.047+0000] {logging_mixin.py:190} INFO - [2025-06-05T02:11:13.047+0000] {dag.py:4180} INFO - Setting next_dagrun for etl_with_trigger_params to None, run_after=None
[2025-06-05T02:11:13.074+0000] {processor.py:208} INFO - Processing /opt/airflow/dags/Sesion5/DAG_Parametros.py took 0.901 seconds
[2025-06-05T02:11:43.481+0000] {processor.py:186} INFO - Started process (PID=1783) to work on /opt/airflow/dags/Sesion5/DAG_Parametros.py
[2025-06-05T02:11:43.482+0000] {processor.py:914} INFO - Processing file /opt/airflow/dags/Sesion5/DAG_Parametros.py for tasks to queue
[2025-06-05T02:11:43.484+0000] {logging_mixin.py:190} INFO - [2025-06-05T02:11:43.484+0000] {dagbag.py:588} INFO - Filling up the DagBag from /opt/airflow/dags/Sesion5/DAG_Parametros.py
[2025-06-05T02:11:44.071+0000] {processor.py:925} INFO - DAG(s) 'etl_with_trigger_params' retrieved from /opt/airflow/dags/Sesion5/DAG_Parametros.py
[2025-06-05T02:11:44.091+0000] {logging_mixin.py:190} INFO - [2025-06-05T02:11:44.090+0000] {dag.py:3239} INFO - Sync 1 DAGs
[2025-06-05T02:11:44.109+0000] {logging_mixin.py:190} INFO - [2025-06-05T02:11:44.109+0000] {dag.py:4180} INFO - Setting next_dagrun for etl_with_trigger_params to None, run_after=None
[2025-06-05T02:11:44.127+0000] {processor.py:208} INFO - Processing /opt/airflow/dags/Sesion5/DAG_Parametros.py took 0.653 seconds
[2025-06-05T02:12:14.464+0000] {processor.py:186} INFO - Started process (PID=1898) to work on /opt/airflow/dags/Sesion5/DAG_Parametros.py
[2025-06-05T02:12:14.465+0000] {processor.py:914} INFO - Processing file /opt/airflow/dags/Sesion5/DAG_Parametros.py for tasks to queue
[2025-06-05T02:12:14.468+0000] {logging_mixin.py:190} INFO - [2025-06-05T02:12:14.467+0000] {dagbag.py:588} INFO - Filling up the DagBag from /opt/airflow/dags/Sesion5/DAG_Parametros.py
[2025-06-05T02:12:15.044+0000] {processor.py:925} INFO - DAG(s) 'etl_with_trigger_params' retrieved from /opt/airflow/dags/Sesion5/DAG_Parametros.py
[2025-06-05T02:12:15.065+0000] {logging_mixin.py:190} INFO - [2025-06-05T02:12:15.064+0000] {dag.py:3239} INFO - Sync 1 DAGs
[2025-06-05T02:12:15.080+0000] {logging_mixin.py:190} INFO - [2025-06-05T02:12:15.080+0000] {dag.py:4180} INFO - Setting next_dagrun for etl_with_trigger_params to None, run_after=None
[2025-06-05T02:12:15.095+0000] {processor.py:208} INFO - Processing /opt/airflow/dags/Sesion5/DAG_Parametros.py took 0.638 seconds
[2025-06-05T02:12:45.556+0000] {processor.py:186} INFO - Started process (PID=2013) to work on /opt/airflow/dags/Sesion5/DAG_Parametros.py
[2025-06-05T02:12:45.557+0000] {processor.py:914} INFO - Processing file /opt/airflow/dags/Sesion5/DAG_Parametros.py for tasks to queue
[2025-06-05T02:12:45.560+0000] {logging_mixin.py:190} INFO - [2025-06-05T02:12:45.560+0000] {dagbag.py:588} INFO - Filling up the DagBag from /opt/airflow/dags/Sesion5/DAG_Parametros.py
[2025-06-05T02:12:46.234+0000] {processor.py:925} INFO - DAG(s) 'etl_with_trigger_params' retrieved from /opt/airflow/dags/Sesion5/DAG_Parametros.py
[2025-06-05T02:12:46.253+0000] {logging_mixin.py:190} INFO - [2025-06-05T02:12:46.253+0000] {dag.py:3239} INFO - Sync 1 DAGs
[2025-06-05T02:12:46.267+0000] {logging_mixin.py:190} INFO - [2025-06-05T02:12:46.267+0000] {dag.py:4180} INFO - Setting next_dagrun for etl_with_trigger_params to None, run_after=None
[2025-06-05T02:12:46.283+0000] {processor.py:208} INFO - Processing /opt/airflow/dags/Sesion5/DAG_Parametros.py took 0.733 seconds
[2025-06-05T02:13:16.901+0000] {processor.py:186} INFO - Started process (PID=2128) to work on /opt/airflow/dags/Sesion5/DAG_Parametros.py
[2025-06-05T02:13:16.903+0000] {processor.py:914} INFO - Processing file /opt/airflow/dags/Sesion5/DAG_Parametros.py for tasks to queue
[2025-06-05T02:13:16.907+0000] {logging_mixin.py:190} INFO - [2025-06-05T02:13:16.906+0000] {dagbag.py:588} INFO - Filling up the DagBag from /opt/airflow/dags/Sesion5/DAG_Parametros.py
[2025-06-05T02:13:17.506+0000] {processor.py:925} INFO - DAG(s) 'etl_with_trigger_params' retrieved from /opt/airflow/dags/Sesion5/DAG_Parametros.py
[2025-06-05T02:13:17.525+0000] {logging_mixin.py:190} INFO - [2025-06-05T02:13:17.524+0000] {dag.py:3239} INFO - Sync 1 DAGs
[2025-06-05T02:13:17.540+0000] {logging_mixin.py:190} INFO - [2025-06-05T02:13:17.540+0000] {dag.py:4180} INFO - Setting next_dagrun for etl_with_trigger_params to None, run_after=None
[2025-06-05T02:13:17.555+0000] {processor.py:208} INFO - Processing /opt/airflow/dags/Sesion5/DAG_Parametros.py took 0.660 seconds
[2025-06-05T02:13:47.986+0000] {processor.py:186} INFO - Started process (PID=2243) to work on /opt/airflow/dags/Sesion5/DAG_Parametros.py
[2025-06-05T02:13:47.988+0000] {processor.py:914} INFO - Processing file /opt/airflow/dags/Sesion5/DAG_Parametros.py for tasks to queue
[2025-06-05T02:13:47.990+0000] {logging_mixin.py:190} INFO - [2025-06-05T02:13:47.990+0000] {dagbag.py:588} INFO - Filling up the DagBag from /opt/airflow/dags/Sesion5/DAG_Parametros.py
[2025-06-05T02:13:48.598+0000] {processor.py:925} INFO - DAG(s) 'etl_with_trigger_params' retrieved from /opt/airflow/dags/Sesion5/DAG_Parametros.py
[2025-06-05T02:13:48.616+0000] {logging_mixin.py:190} INFO - [2025-06-05T02:13:48.616+0000] {dag.py:3239} INFO - Sync 1 DAGs
[2025-06-05T02:13:48.637+0000] {logging_mixin.py:190} INFO - [2025-06-05T02:13:48.636+0000] {dag.py:4180} INFO - Setting next_dagrun for etl_with_trigger_params to None, run_after=None
[2025-06-05T02:13:48.657+0000] {processor.py:208} INFO - Processing /opt/airflow/dags/Sesion5/DAG_Parametros.py took 0.677 seconds
[2025-06-05T02:14:19.201+0000] {processor.py:186} INFO - Started process (PID=2358) to work on /opt/airflow/dags/Sesion5/DAG_Parametros.py
[2025-06-05T02:14:19.202+0000] {processor.py:914} INFO - Processing file /opt/airflow/dags/Sesion5/DAG_Parametros.py for tasks to queue
[2025-06-05T02:14:19.204+0000] {logging_mixin.py:190} INFO - [2025-06-05T02:14:19.204+0000] {dagbag.py:588} INFO - Filling up the DagBag from /opt/airflow/dags/Sesion5/DAG_Parametros.py
[2025-06-05T02:14:19.868+0000] {processor.py:925} INFO - DAG(s) 'etl_with_trigger_params' retrieved from /opt/airflow/dags/Sesion5/DAG_Parametros.py
[2025-06-05T02:14:19.888+0000] {logging_mixin.py:190} INFO - [2025-06-05T02:14:19.888+0000] {dag.py:3239} INFO - Sync 1 DAGs
[2025-06-05T02:14:19.902+0000] {logging_mixin.py:190} INFO - [2025-06-05T02:14:19.902+0000] {dag.py:4180} INFO - Setting next_dagrun for etl_with_trigger_params to None, run_after=None
[2025-06-05T02:14:19.925+0000] {processor.py:208} INFO - Processing /opt/airflow/dags/Sesion5/DAG_Parametros.py took 0.731 seconds
[2025-06-05T02:14:50.365+0000] {processor.py:186} INFO - Started process (PID=2473) to work on /opt/airflow/dags/Sesion5/DAG_Parametros.py
[2025-06-05T02:14:50.366+0000] {processor.py:914} INFO - Processing file /opt/airflow/dags/Sesion5/DAG_Parametros.py for tasks to queue
[2025-06-05T02:14:50.368+0000] {logging_mixin.py:190} INFO - [2025-06-05T02:14:50.368+0000] {dagbag.py:588} INFO - Filling up the DagBag from /opt/airflow/dags/Sesion5/DAG_Parametros.py
[2025-06-05T02:14:50.927+0000] {processor.py:925} INFO - DAG(s) 'etl_with_trigger_params' retrieved from /opt/airflow/dags/Sesion5/DAG_Parametros.py
[2025-06-05T02:14:50.947+0000] {logging_mixin.py:190} INFO - [2025-06-05T02:14:50.946+0000] {dag.py:3239} INFO - Sync 1 DAGs
[2025-06-05T02:14:50.962+0000] {logging_mixin.py:190} INFO - [2025-06-05T02:14:50.962+0000] {dag.py:4180} INFO - Setting next_dagrun for etl_with_trigger_params to None, run_after=None
[2025-06-05T02:14:50.979+0000] {processor.py:208} INFO - Processing /opt/airflow/dags/Sesion5/DAG_Parametros.py took 0.621 seconds
[2025-06-05T02:15:21.772+0000] {processor.py:186} INFO - Started process (PID=2588) to work on /opt/airflow/dags/Sesion5/DAG_Parametros.py
[2025-06-05T02:15:21.773+0000] {processor.py:914} INFO - Processing file /opt/airflow/dags/Sesion5/DAG_Parametros.py for tasks to queue
[2025-06-05T02:15:21.776+0000] {logging_mixin.py:190} INFO - [2025-06-05T02:15:21.775+0000] {dagbag.py:588} INFO - Filling up the DagBag from /opt/airflow/dags/Sesion5/DAG_Parametros.py
[2025-06-05T02:15:22.363+0000] {processor.py:925} INFO - DAG(s) 'etl_with_trigger_params' retrieved from /opt/airflow/dags/Sesion5/DAG_Parametros.py
[2025-06-05T02:15:22.382+0000] {logging_mixin.py:190} INFO - [2025-06-05T02:15:22.382+0000] {dag.py:3239} INFO - Sync 1 DAGs
[2025-06-05T02:15:22.399+0000] {logging_mixin.py:190} INFO - [2025-06-05T02:15:22.399+0000] {dag.py:4180} INFO - Setting next_dagrun for etl_with_trigger_params to None, run_after=None
[2025-06-05T02:15:22.415+0000] {processor.py:208} INFO - Processing /opt/airflow/dags/Sesion5/DAG_Parametros.py took 0.650 seconds
[2025-06-05T02:15:52.861+0000] {processor.py:186} INFO - Started process (PID=2703) to work on /opt/airflow/dags/Sesion5/DAG_Parametros.py
[2025-06-05T02:15:52.863+0000] {processor.py:914} INFO - Processing file /opt/airflow/dags/Sesion5/DAG_Parametros.py for tasks to queue
[2025-06-05T02:15:52.871+0000] {logging_mixin.py:190} INFO - [2025-06-05T02:15:52.871+0000] {dagbag.py:588} INFO - Filling up the DagBag from /opt/airflow/dags/Sesion5/DAG_Parametros.py
[2025-06-05T02:15:53.442+0000] {processor.py:925} INFO - DAG(s) 'etl_with_trigger_params' retrieved from /opt/airflow/dags/Sesion5/DAG_Parametros.py
[2025-06-05T02:15:53.462+0000] {logging_mixin.py:190} INFO - [2025-06-05T02:15:53.461+0000] {dag.py:3239} INFO - Sync 1 DAGs
[2025-06-05T02:15:53.479+0000] {logging_mixin.py:190} INFO - [2025-06-05T02:15:53.478+0000] {dag.py:4180} INFO - Setting next_dagrun for etl_with_trigger_params to None, run_after=None
[2025-06-05T02:15:53.495+0000] {processor.py:208} INFO - Processing /opt/airflow/dags/Sesion5/DAG_Parametros.py took 0.646 seconds
[2025-06-05T02:16:23.885+0000] {processor.py:186} INFO - Started process (PID=2818) to work on /opt/airflow/dags/Sesion5/DAG_Parametros.py
[2025-06-05T02:16:23.886+0000] {processor.py:914} INFO - Processing file /opt/airflow/dags/Sesion5/DAG_Parametros.py for tasks to queue
[2025-06-05T02:16:23.889+0000] {logging_mixin.py:190} INFO - [2025-06-05T02:16:23.888+0000] {dagbag.py:588} INFO - Filling up the DagBag from /opt/airflow/dags/Sesion5/DAG_Parametros.py
[2025-06-05T02:16:24.548+0000] {processor.py:925} INFO - DAG(s) 'etl_with_trigger_params' retrieved from /opt/airflow/dags/Sesion5/DAG_Parametros.py
[2025-06-05T02:16:24.568+0000] {logging_mixin.py:190} INFO - [2025-06-05T02:16:24.568+0000] {dag.py:3239} INFO - Sync 1 DAGs
[2025-06-05T02:16:24.583+0000] {logging_mixin.py:190} INFO - [2025-06-05T02:16:24.583+0000] {dag.py:4180} INFO - Setting next_dagrun for etl_with_trigger_params to None, run_after=None
[2025-06-05T02:16:24.599+0000] {processor.py:208} INFO - Processing /opt/airflow/dags/Sesion5/DAG_Parametros.py took 0.720 seconds
[2025-06-05T02:16:55.381+0000] {processor.py:186} INFO - Started process (PID=2933) to work on /opt/airflow/dags/Sesion5/DAG_Parametros.py
[2025-06-05T02:16:55.383+0000] {processor.py:914} INFO - Processing file /opt/airflow/dags/Sesion5/DAG_Parametros.py for tasks to queue
[2025-06-05T02:16:55.388+0000] {logging_mixin.py:190} INFO - [2025-06-05T02:16:55.387+0000] {dagbag.py:588} INFO - Filling up the DagBag from /opt/airflow/dags/Sesion5/DAG_Parametros.py
[2025-06-05T02:16:55.960+0000] {processor.py:925} INFO - DAG(s) 'etl_with_trigger_params' retrieved from /opt/airflow/dags/Sesion5/DAG_Parametros.py
[2025-06-05T02:16:55.980+0000] {logging_mixin.py:190} INFO - [2025-06-05T02:16:55.979+0000] {dag.py:3239} INFO - Sync 1 DAGs
[2025-06-05T02:16:55.995+0000] {logging_mixin.py:190} INFO - [2025-06-05T02:16:55.995+0000] {dag.py:4180} INFO - Setting next_dagrun for etl_with_trigger_params to None, run_after=None
[2025-06-05T02:16:56.011+0000] {processor.py:208} INFO - Processing /opt/airflow/dags/Sesion5/DAG_Parametros.py took 0.637 seconds
[2025-06-05T02:17:26.766+0000] {processor.py:186} INFO - Started process (PID=3048) to work on /opt/airflow/dags/Sesion5/DAG_Parametros.py
[2025-06-05T02:17:26.767+0000] {processor.py:914} INFO - Processing file /opt/airflow/dags/Sesion5/DAG_Parametros.py for tasks to queue
[2025-06-05T02:17:26.773+0000] {logging_mixin.py:190} INFO - [2025-06-05T02:17:26.772+0000] {dagbag.py:588} INFO - Filling up the DagBag from /opt/airflow/dags/Sesion5/DAG_Parametros.py
[2025-06-05T02:17:27.539+0000] {processor.py:925} INFO - DAG(s) 'etl_with_trigger_params' retrieved from /opt/airflow/dags/Sesion5/DAG_Parametros.py
[2025-06-05T02:17:27.558+0000] {logging_mixin.py:190} INFO - [2025-06-05T02:17:27.558+0000] {dag.py:3239} INFO - Sync 1 DAGs
[2025-06-05T02:17:27.575+0000] {logging_mixin.py:190} INFO - [2025-06-05T02:17:27.573+0000] {dag.py:4180} INFO - Setting next_dagrun for etl_with_trigger_params to None, run_after=None
[2025-06-05T02:17:27.591+0000] {processor.py:208} INFO - Processing /opt/airflow/dags/Sesion5/DAG_Parametros.py took 0.838 seconds
[2025-06-05T02:17:58.089+0000] {processor.py:186} INFO - Started process (PID=3163) to work on /opt/airflow/dags/Sesion5/DAG_Parametros.py
[2025-06-05T02:17:58.092+0000] {processor.py:914} INFO - Processing file /opt/airflow/dags/Sesion5/DAG_Parametros.py for tasks to queue
[2025-06-05T02:17:58.097+0000] {logging_mixin.py:190} INFO - [2025-06-05T02:17:58.096+0000] {dagbag.py:588} INFO - Filling up the DagBag from /opt/airflow/dags/Sesion5/DAG_Parametros.py
[2025-06-05T02:17:58.709+0000] {processor.py:925} INFO - DAG(s) 'etl_with_trigger_params' retrieved from /opt/airflow/dags/Sesion5/DAG_Parametros.py
[2025-06-05T02:17:58.729+0000] {logging_mixin.py:190} INFO - [2025-06-05T02:17:58.729+0000] {dag.py:3239} INFO - Sync 1 DAGs
[2025-06-05T02:17:58.744+0000] {logging_mixin.py:190} INFO - [2025-06-05T02:17:58.744+0000] {dag.py:4180} INFO - Setting next_dagrun for etl_with_trigger_params to None, run_after=None
[2025-06-05T02:17:58.768+0000] {processor.py:208} INFO - Processing /opt/airflow/dags/Sesion5/DAG_Parametros.py took 0.685 seconds
[2025-06-05T02:18:29.127+0000] {processor.py:186} INFO - Started process (PID=3278) to work on /opt/airflow/dags/Sesion5/DAG_Parametros.py
[2025-06-05T02:18:29.128+0000] {processor.py:914} INFO - Processing file /opt/airflow/dags/Sesion5/DAG_Parametros.py for tasks to queue
[2025-06-05T02:18:29.131+0000] {logging_mixin.py:190} INFO - [2025-06-05T02:18:29.130+0000] {dagbag.py:588} INFO - Filling up the DagBag from /opt/airflow/dags/Sesion5/DAG_Parametros.py
[2025-06-05T02:18:29.721+0000] {processor.py:925} INFO - DAG(s) 'etl_with_trigger_params' retrieved from /opt/airflow/dags/Sesion5/DAG_Parametros.py
[2025-06-05T02:18:29.742+0000] {logging_mixin.py:190} INFO - [2025-06-05T02:18:29.741+0000] {dag.py:3239} INFO - Sync 1 DAGs
[2025-06-05T02:18:29.768+0000] {logging_mixin.py:190} INFO - [2025-06-05T02:18:29.767+0000] {dag.py:4180} INFO - Setting next_dagrun for etl_with_trigger_params to None, run_after=None
[2025-06-05T02:18:29.791+0000] {processor.py:208} INFO - Processing /opt/airflow/dags/Sesion5/DAG_Parametros.py took 0.670 seconds
[2025-06-05T02:19:00.531+0000] {processor.py:186} INFO - Started process (PID=3393) to work on /opt/airflow/dags/Sesion5/DAG_Parametros.py
[2025-06-05T02:19:00.532+0000] {processor.py:914} INFO - Processing file /opt/airflow/dags/Sesion5/DAG_Parametros.py for tasks to queue
[2025-06-05T02:19:00.535+0000] {logging_mixin.py:190} INFO - [2025-06-05T02:19:00.534+0000] {dagbag.py:588} INFO - Filling up the DagBag from /opt/airflow/dags/Sesion5/DAG_Parametros.py
[2025-06-05T02:19:01.179+0000] {processor.py:925} INFO - DAG(s) 'etl_with_trigger_params' retrieved from /opt/airflow/dags/Sesion5/DAG_Parametros.py
[2025-06-05T02:19:01.226+0000] {logging_mixin.py:190} INFO - [2025-06-05T02:19:01.226+0000] {dag.py:3239} INFO - Sync 1 DAGs
[2025-06-05T02:19:01.240+0000] {logging_mixin.py:190} INFO - [2025-06-05T02:19:01.240+0000] {dag.py:4180} INFO - Setting next_dagrun for etl_with_trigger_params to None, run_after=None
[2025-06-05T02:19:01.259+0000] {processor.py:208} INFO - Processing /opt/airflow/dags/Sesion5/DAG_Parametros.py took 0.735 seconds
[2025-06-05T02:19:31.753+0000] {processor.py:186} INFO - Started process (PID=3508) to work on /opt/airflow/dags/Sesion5/DAG_Parametros.py
[2025-06-05T02:19:31.753+0000] {processor.py:914} INFO - Processing file /opt/airflow/dags/Sesion5/DAG_Parametros.py for tasks to queue
[2025-06-05T02:19:31.756+0000] {logging_mixin.py:190} INFO - [2025-06-05T02:19:31.756+0000] {dagbag.py:588} INFO - Filling up the DagBag from /opt/airflow/dags/Sesion5/DAG_Parametros.py
[2025-06-05T02:19:32.391+0000] {processor.py:925} INFO - DAG(s) 'etl_with_trigger_params' retrieved from /opt/airflow/dags/Sesion5/DAG_Parametros.py
[2025-06-05T02:19:32.415+0000] {logging_mixin.py:190} INFO - [2025-06-05T02:19:32.414+0000] {dag.py:3239} INFO - Sync 1 DAGs
[2025-06-05T02:19:32.439+0000] {logging_mixin.py:190} INFO - [2025-06-05T02:19:32.439+0000] {dag.py:4180} INFO - Setting next_dagrun for etl_with_trigger_params to None, run_after=None
[2025-06-05T02:19:32.463+0000] {processor.py:208} INFO - Processing /opt/airflow/dags/Sesion5/DAG_Parametros.py took 0.719 seconds
[2025-06-05T02:20:02.573+0000] {processor.py:186} INFO - Started process (PID=3623) to work on /opt/airflow/dags/Sesion5/DAG_Parametros.py
[2025-06-05T02:20:02.574+0000] {processor.py:914} INFO - Processing file /opt/airflow/dags/Sesion5/DAG_Parametros.py for tasks to queue
[2025-06-05T02:20:02.582+0000] {logging_mixin.py:190} INFO - [2025-06-05T02:20:02.580+0000] {dagbag.py:588} INFO - Filling up the DagBag from /opt/airflow/dags/Sesion5/DAG_Parametros.py
[2025-06-05T02:20:03.239+0000] {processor.py:925} INFO - DAG(s) 'etl_with_trigger_params' retrieved from /opt/airflow/dags/Sesion5/DAG_Parametros.py
[2025-06-05T02:20:03.276+0000] {logging_mixin.py:190} INFO - [2025-06-05T02:20:03.276+0000] {dag.py:3239} INFO - Sync 1 DAGs
[2025-06-05T02:20:03.308+0000] {logging_mixin.py:190} INFO - [2025-06-05T02:20:03.305+0000] {dag.py:4180} INFO - Setting next_dagrun for etl_with_trigger_params to None, run_after=None
[2025-06-05T02:20:03.344+0000] {processor.py:208} INFO - Processing /opt/airflow/dags/Sesion5/DAG_Parametros.py took 0.794 seconds
[2025-06-05T02:20:33.928+0000] {processor.py:186} INFO - Started process (PID=3738) to work on /opt/airflow/dags/Sesion5/DAG_Parametros.py
[2025-06-05T02:20:33.929+0000] {processor.py:914} INFO - Processing file /opt/airflow/dags/Sesion5/DAG_Parametros.py for tasks to queue
[2025-06-05T02:20:33.932+0000] {logging_mixin.py:190} INFO - [2025-06-05T02:20:33.931+0000] {dagbag.py:588} INFO - Filling up the DagBag from /opt/airflow/dags/Sesion5/DAG_Parametros.py
[2025-06-05T02:20:34.584+0000] {processor.py:925} INFO - DAG(s) 'etl_with_trigger_params' retrieved from /opt/airflow/dags/Sesion5/DAG_Parametros.py
[2025-06-05T02:20:34.606+0000] {logging_mixin.py:190} INFO - [2025-06-05T02:20:34.606+0000] {dag.py:3239} INFO - Sync 1 DAGs
[2025-06-05T02:20:34.621+0000] {logging_mixin.py:190} INFO - [2025-06-05T02:20:34.621+0000] {dag.py:4180} INFO - Setting next_dagrun for etl_with_trigger_params to None, run_after=None
[2025-06-05T02:20:34.636+0000] {processor.py:208} INFO - Processing /opt/airflow/dags/Sesion5/DAG_Parametros.py took 0.715 seconds
[2025-06-05T02:21:05.183+0000] {processor.py:186} INFO - Started process (PID=3853) to work on /opt/airflow/dags/Sesion5/DAG_Parametros.py
[2025-06-05T02:21:05.185+0000] {processor.py:914} INFO - Processing file /opt/airflow/dags/Sesion5/DAG_Parametros.py for tasks to queue
[2025-06-05T02:21:05.189+0000] {logging_mixin.py:190} INFO - [2025-06-05T02:21:05.188+0000] {dagbag.py:588} INFO - Filling up the DagBag from /opt/airflow/dags/Sesion5/DAG_Parametros.py
[2025-06-05T02:21:05.793+0000] {processor.py:925} INFO - DAG(s) 'etl_with_trigger_params' retrieved from /opt/airflow/dags/Sesion5/DAG_Parametros.py
[2025-06-05T02:21:05.814+0000] {logging_mixin.py:190} INFO - [2025-06-05T02:21:05.813+0000] {dag.py:3239} INFO - Sync 1 DAGs
[2025-06-05T02:21:05.829+0000] {logging_mixin.py:190} INFO - [2025-06-05T02:21:05.828+0000] {dag.py:4180} INFO - Setting next_dagrun for etl_with_trigger_params to None, run_after=None
[2025-06-05T02:21:05.845+0000] {processor.py:208} INFO - Processing /opt/airflow/dags/Sesion5/DAG_Parametros.py took 0.678 seconds
[2025-06-05T02:21:36.585+0000] {processor.py:186} INFO - Started process (PID=3968) to work on /opt/airflow/dags/Sesion5/DAG_Parametros.py
[2025-06-05T02:21:36.587+0000] {processor.py:914} INFO - Processing file /opt/airflow/dags/Sesion5/DAG_Parametros.py for tasks to queue
[2025-06-05T02:21:36.591+0000] {logging_mixin.py:190} INFO - [2025-06-05T02:21:36.590+0000] {dagbag.py:588} INFO - Filling up the DagBag from /opt/airflow/dags/Sesion5/DAG_Parametros.py
[2025-06-05T02:21:37.225+0000] {processor.py:925} INFO - DAG(s) 'etl_with_trigger_params' retrieved from /opt/airflow/dags/Sesion5/DAG_Parametros.py
[2025-06-05T02:21:37.244+0000] {logging_mixin.py:190} INFO - [2025-06-05T02:21:37.244+0000] {dag.py:3239} INFO - Sync 1 DAGs
[2025-06-05T02:21:37.257+0000] {logging_mixin.py:190} INFO - [2025-06-05T02:21:37.256+0000] {dag.py:4180} INFO - Setting next_dagrun for etl_with_trigger_params to None, run_after=None
[2025-06-05T02:21:37.274+0000] {processor.py:208} INFO - Processing /opt/airflow/dags/Sesion5/DAG_Parametros.py took 0.705 seconds
[2025-06-05T02:22:07.993+0000] {processor.py:186} INFO - Started process (PID=4083) to work on /opt/airflow/dags/Sesion5/DAG_Parametros.py
[2025-06-05T02:22:07.995+0000] {processor.py:914} INFO - Processing file /opt/airflow/dags/Sesion5/DAG_Parametros.py for tasks to queue
[2025-06-05T02:22:07.998+0000] {logging_mixin.py:190} INFO - [2025-06-05T02:22:07.997+0000] {dagbag.py:588} INFO - Filling up the DagBag from /opt/airflow/dags/Sesion5/DAG_Parametros.py
[2025-06-05T02:22:08.619+0000] {processor.py:925} INFO - DAG(s) 'etl_with_trigger_params' retrieved from /opt/airflow/dags/Sesion5/DAG_Parametros.py
[2025-06-05T02:22:08.639+0000] {logging_mixin.py:190} INFO - [2025-06-05T02:22:08.638+0000] {dag.py:3239} INFO - Sync 1 DAGs
[2025-06-05T02:22:08.655+0000] {logging_mixin.py:190} INFO - [2025-06-05T02:22:08.655+0000] {dag.py:4180} INFO - Setting next_dagrun for etl_with_trigger_params to None, run_after=None
[2025-06-05T02:22:08.671+0000] {processor.py:208} INFO - Processing /opt/airflow/dags/Sesion5/DAG_Parametros.py took 0.685 seconds
[2025-06-05T02:22:39.439+0000] {processor.py:186} INFO - Started process (PID=4198) to work on /opt/airflow/dags/Sesion5/DAG_Parametros.py
[2025-06-05T02:22:39.440+0000] {processor.py:914} INFO - Processing file /opt/airflow/dags/Sesion5/DAG_Parametros.py for tasks to queue
[2025-06-05T02:22:39.442+0000] {logging_mixin.py:190} INFO - [2025-06-05T02:22:39.442+0000] {dagbag.py:588} INFO - Filling up the DagBag from /opt/airflow/dags/Sesion5/DAG_Parametros.py
[2025-06-05T02:22:39.998+0000] {processor.py:925} INFO - DAG(s) 'etl_with_trigger_params' retrieved from /opt/airflow/dags/Sesion5/DAG_Parametros.py
[2025-06-05T02:22:40.020+0000] {logging_mixin.py:190} INFO - [2025-06-05T02:22:40.019+0000] {dag.py:3239} INFO - Sync 1 DAGs
[2025-06-05T02:22:40.035+0000] {logging_mixin.py:190} INFO - [2025-06-05T02:22:40.035+0000] {dag.py:4180} INFO - Setting next_dagrun for etl_with_trigger_params to None, run_after=None
[2025-06-05T02:22:40.051+0000] {processor.py:208} INFO - Processing /opt/airflow/dags/Sesion5/DAG_Parametros.py took 0.619 seconds
[2025-06-05T02:23:10.559+0000] {processor.py:186} INFO - Started process (PID=4313) to work on /opt/airflow/dags/Sesion5/DAG_Parametros.py
[2025-06-05T02:23:10.560+0000] {processor.py:914} INFO - Processing file /opt/airflow/dags/Sesion5/DAG_Parametros.py for tasks to queue
[2025-06-05T02:23:10.563+0000] {logging_mixin.py:190} INFO - [2025-06-05T02:23:10.562+0000] {dagbag.py:588} INFO - Filling up the DagBag from /opt/airflow/dags/Sesion5/DAG_Parametros.py
[2025-06-05T02:23:11.150+0000] {processor.py:925} INFO - DAG(s) 'etl_with_trigger_params' retrieved from /opt/airflow/dags/Sesion5/DAG_Parametros.py
[2025-06-05T02:23:11.170+0000] {logging_mixin.py:190} INFO - [2025-06-05T02:23:11.169+0000] {dag.py:3239} INFO - Sync 1 DAGs
[2025-06-05T02:23:11.186+0000] {logging_mixin.py:190} INFO - [2025-06-05T02:23:11.185+0000] {dag.py:4180} INFO - Setting next_dagrun for etl_with_trigger_params to None, run_after=None
[2025-06-05T02:23:11.201+0000] {processor.py:208} INFO - Processing /opt/airflow/dags/Sesion5/DAG_Parametros.py took 0.648 seconds
[2025-06-05T02:23:41.735+0000] {processor.py:186} INFO - Started process (PID=4428) to work on /opt/airflow/dags/Sesion5/DAG_Parametros.py
[2025-06-05T02:23:41.736+0000] {processor.py:914} INFO - Processing file /opt/airflow/dags/Sesion5/DAG_Parametros.py for tasks to queue
[2025-06-05T02:23:41.739+0000] {logging_mixin.py:190} INFO - [2025-06-05T02:23:41.739+0000] {dagbag.py:588} INFO - Filling up the DagBag from /opt/airflow/dags/Sesion5/DAG_Parametros.py
[2025-06-05T02:23:42.506+0000] {processor.py:925} INFO - DAG(s) 'etl_with_trigger_params' retrieved from /opt/airflow/dags/Sesion5/DAG_Parametros.py
[2025-06-05T02:23:42.525+0000] {logging_mixin.py:190} INFO - [2025-06-05T02:23:42.525+0000] {dag.py:3239} INFO - Sync 1 DAGs
[2025-06-05T02:23:42.540+0000] {logging_mixin.py:190} INFO - [2025-06-05T02:23:42.540+0000] {dag.py:4180} INFO - Setting next_dagrun for etl_with_trigger_params to None, run_after=None
[2025-06-05T02:23:42.568+0000] {processor.py:208} INFO - Processing /opt/airflow/dags/Sesion5/DAG_Parametros.py took 0.839 seconds
[2025-06-05T02:24:13.205+0000] {processor.py:186} INFO - Started process (PID=4543) to work on /opt/airflow/dags/Sesion5/DAG_Parametros.py
[2025-06-05T02:24:13.206+0000] {processor.py:914} INFO - Processing file /opt/airflow/dags/Sesion5/DAG_Parametros.py for tasks to queue
[2025-06-05T02:24:13.209+0000] {logging_mixin.py:190} INFO - [2025-06-05T02:24:13.209+0000] {dagbag.py:588} INFO - Filling up the DagBag from /opt/airflow/dags/Sesion5/DAG_Parametros.py
[2025-06-05T02:24:13.805+0000] {processor.py:925} INFO - DAG(s) 'etl_with_trigger_params' retrieved from /opt/airflow/dags/Sesion5/DAG_Parametros.py
[2025-06-05T02:24:13.825+0000] {logging_mixin.py:190} INFO - [2025-06-05T02:24:13.824+0000] {dag.py:3239} INFO - Sync 1 DAGs
[2025-06-05T02:24:13.840+0000] {logging_mixin.py:190} INFO - [2025-06-05T02:24:13.840+0000] {dag.py:4180} INFO - Setting next_dagrun for etl_with_trigger_params to None, run_after=None
[2025-06-05T02:24:13.856+0000] {processor.py:208} INFO - Processing /opt/airflow/dags/Sesion5/DAG_Parametros.py took 0.658 seconds
[2025-06-05T02:24:44.519+0000] {processor.py:186} INFO - Started process (PID=4658) to work on /opt/airflow/dags/Sesion5/DAG_Parametros.py
[2025-06-05T02:24:44.520+0000] {processor.py:914} INFO - Processing file /opt/airflow/dags/Sesion5/DAG_Parametros.py for tasks to queue
[2025-06-05T02:24:44.522+0000] {logging_mixin.py:190} INFO - [2025-06-05T02:24:44.522+0000] {dagbag.py:588} INFO - Filling up the DagBag from /opt/airflow/dags/Sesion5/DAG_Parametros.py
[2025-06-05T02:24:45.077+0000] {processor.py:925} INFO - DAG(s) 'etl_with_trigger_params' retrieved from /opt/airflow/dags/Sesion5/DAG_Parametros.py
[2025-06-05T02:24:45.116+0000] {logging_mixin.py:190} INFO - [2025-06-05T02:24:45.115+0000] {dag.py:3239} INFO - Sync 1 DAGs
[2025-06-05T02:24:45.152+0000] {logging_mixin.py:190} INFO - [2025-06-05T02:24:45.152+0000] {dag.py:4180} INFO - Setting next_dagrun for etl_with_trigger_params to None, run_after=None
[2025-06-05T02:24:45.168+0000] {processor.py:208} INFO - Processing /opt/airflow/dags/Sesion5/DAG_Parametros.py took 0.656 seconds
[2025-06-05T02:25:15.688+0000] {processor.py:186} INFO - Started process (PID=4773) to work on /opt/airflow/dags/Sesion5/DAG_Parametros.py
[2025-06-05T02:25:15.689+0000] {processor.py:914} INFO - Processing file /opt/airflow/dags/Sesion5/DAG_Parametros.py for tasks to queue
[2025-06-05T02:25:15.692+0000] {logging_mixin.py:190} INFO - [2025-06-05T02:25:15.691+0000] {dagbag.py:588} INFO - Filling up the DagBag from /opt/airflow/dags/Sesion5/DAG_Parametros.py
[2025-06-05T02:25:16.370+0000] {processor.py:925} INFO - DAG(s) 'etl_with_trigger_params' retrieved from /opt/airflow/dags/Sesion5/DAG_Parametros.py
[2025-06-05T02:25:16.393+0000] {logging_mixin.py:190} INFO - [2025-06-05T02:25:16.393+0000] {dag.py:3239} INFO - Sync 1 DAGs
[2025-06-05T02:25:16.414+0000] {logging_mixin.py:190} INFO - [2025-06-05T02:25:16.414+0000] {dag.py:4180} INFO - Setting next_dagrun for etl_with_trigger_params to None, run_after=None
[2025-06-05T02:25:16.447+0000] {processor.py:208} INFO - Processing /opt/airflow/dags/Sesion5/DAG_Parametros.py took 0.766 seconds
[2025-06-05T02:25:47.332+0000] {processor.py:186} INFO - Started process (PID=4903) to work on /opt/airflow/dags/Sesion5/DAG_Parametros.py
[2025-06-05T02:25:47.333+0000] {processor.py:914} INFO - Processing file /opt/airflow/dags/Sesion5/DAG_Parametros.py for tasks to queue
[2025-06-05T02:25:47.336+0000] {logging_mixin.py:190} INFO - [2025-06-05T02:25:47.335+0000] {dagbag.py:588} INFO - Filling up the DagBag from /opt/airflow/dags/Sesion5/DAG_Parametros.py
[2025-06-05T02:25:47.974+0000] {processor.py:925} INFO - DAG(s) 'etl_with_trigger_params' retrieved from /opt/airflow/dags/Sesion5/DAG_Parametros.py
[2025-06-05T02:25:48.006+0000] {logging_mixin.py:190} INFO - [2025-06-05T02:25:48.006+0000] {dag.py:3239} INFO - Sync 1 DAGs
[2025-06-05T02:25:48.022+0000] {logging_mixin.py:190} INFO - [2025-06-05T02:25:48.022+0000] {dag.py:4180} INFO - Setting next_dagrun for etl_with_trigger_params to None, run_after=None
[2025-06-05T02:25:48.040+0000] {processor.py:208} INFO - Processing /opt/airflow/dags/Sesion5/DAG_Parametros.py took 0.714 seconds
[2025-06-05T02:26:18.759+0000] {processor.py:186} INFO - Started process (PID=5018) to work on /opt/airflow/dags/Sesion5/DAG_Parametros.py
[2025-06-05T02:26:18.760+0000] {processor.py:914} INFO - Processing file /opt/airflow/dags/Sesion5/DAG_Parametros.py for tasks to queue
[2025-06-05T02:26:18.762+0000] {logging_mixin.py:190} INFO - [2025-06-05T02:26:18.762+0000] {dagbag.py:588} INFO - Filling up the DagBag from /opt/airflow/dags/Sesion5/DAG_Parametros.py
[2025-06-05T02:26:19.382+0000] {processor.py:925} INFO - DAG(s) 'etl_with_trigger_params' retrieved from /opt/airflow/dags/Sesion5/DAG_Parametros.py
[2025-06-05T02:26:19.400+0000] {logging_mixin.py:190} INFO - [2025-06-05T02:26:19.400+0000] {dag.py:3239} INFO - Sync 1 DAGs
[2025-06-05T02:26:19.416+0000] {logging_mixin.py:190} INFO - [2025-06-05T02:26:19.416+0000] {dag.py:4180} INFO - Setting next_dagrun for etl_with_trigger_params to None, run_after=None
[2025-06-05T02:26:19.433+0000] {processor.py:208} INFO - Processing /opt/airflow/dags/Sesion5/DAG_Parametros.py took 0.681 seconds
[2025-06-05T02:26:49.870+0000] {processor.py:186} INFO - Started process (PID=5133) to work on /opt/airflow/dags/Sesion5/DAG_Parametros.py
[2025-06-05T02:26:49.871+0000] {processor.py:914} INFO - Processing file /opt/airflow/dags/Sesion5/DAG_Parametros.py for tasks to queue
[2025-06-05T02:26:49.874+0000] {logging_mixin.py:190} INFO - [2025-06-05T02:26:49.874+0000] {dagbag.py:588} INFO - Filling up the DagBag from /opt/airflow/dags/Sesion5/DAG_Parametros.py
[2025-06-05T02:26:50.490+0000] {processor.py:925} INFO - DAG(s) 'etl_with_trigger_params' retrieved from /opt/airflow/dags/Sesion5/DAG_Parametros.py
[2025-06-05T02:26:50.510+0000] {logging_mixin.py:190} INFO - [2025-06-05T02:26:50.510+0000] {dag.py:3239} INFO - Sync 1 DAGs
[2025-06-05T02:26:50.525+0000] {logging_mixin.py:190} INFO - [2025-06-05T02:26:50.525+0000] {dag.py:4180} INFO - Setting next_dagrun for etl_with_trigger_params to None, run_after=None
[2025-06-05T02:26:50.540+0000] {processor.py:208} INFO - Processing /opt/airflow/dags/Sesion5/DAG_Parametros.py took 0.676 seconds
[2025-06-05T02:27:21.045+0000] {processor.py:186} INFO - Started process (PID=5248) to work on /opt/airflow/dags/Sesion5/DAG_Parametros.py
[2025-06-05T02:27:21.046+0000] {processor.py:914} INFO - Processing file /opt/airflow/dags/Sesion5/DAG_Parametros.py for tasks to queue
[2025-06-05T02:27:21.049+0000] {logging_mixin.py:190} INFO - [2025-06-05T02:27:21.048+0000] {dagbag.py:588} INFO - Filling up the DagBag from /opt/airflow/dags/Sesion5/DAG_Parametros.py
[2025-06-05T02:27:21.758+0000] {processor.py:925} INFO - DAG(s) 'etl_with_trigger_params' retrieved from /opt/airflow/dags/Sesion5/DAG_Parametros.py
[2025-06-05T02:27:21.777+0000] {logging_mixin.py:190} INFO - [2025-06-05T02:27:21.777+0000] {dag.py:3239} INFO - Sync 1 DAGs
[2025-06-05T02:27:21.792+0000] {logging_mixin.py:190} INFO - [2025-06-05T02:27:21.792+0000] {dag.py:4180} INFO - Setting next_dagrun for etl_with_trigger_params to None, run_after=None
[2025-06-05T02:27:21.808+0000] {processor.py:208} INFO - Processing /opt/airflow/dags/Sesion5/DAG_Parametros.py took 0.770 seconds
[2025-06-05T02:27:52.369+0000] {processor.py:186} INFO - Started process (PID=5363) to work on /opt/airflow/dags/Sesion5/DAG_Parametros.py
[2025-06-05T02:27:52.370+0000] {processor.py:914} INFO - Processing file /opt/airflow/dags/Sesion5/DAG_Parametros.py for tasks to queue
[2025-06-05T02:27:52.373+0000] {logging_mixin.py:190} INFO - [2025-06-05T02:27:52.373+0000] {dagbag.py:588} INFO - Filling up the DagBag from /opt/airflow/dags/Sesion5/DAG_Parametros.py
[2025-06-05T02:27:52.954+0000] {processor.py:925} INFO - DAG(s) 'etl_with_trigger_params' retrieved from /opt/airflow/dags/Sesion5/DAG_Parametros.py
[2025-06-05T02:27:52.972+0000] {logging_mixin.py:190} INFO - [2025-06-05T02:27:52.972+0000] {dag.py:3239} INFO - Sync 1 DAGs
[2025-06-05T02:27:52.987+0000] {logging_mixin.py:190} INFO - [2025-06-05T02:27:52.987+0000] {dag.py:4180} INFO - Setting next_dagrun for etl_with_trigger_params to None, run_after=None
[2025-06-05T02:27:53.004+0000] {processor.py:208} INFO - Processing /opt/airflow/dags/Sesion5/DAG_Parametros.py took 0.641 seconds
[2025-06-05T02:28:23.908+0000] {processor.py:186} INFO - Started process (PID=5478) to work on /opt/airflow/dags/Sesion5/DAG_Parametros.py
[2025-06-05T02:28:23.909+0000] {processor.py:914} INFO - Processing file /opt/airflow/dags/Sesion5/DAG_Parametros.py for tasks to queue
[2025-06-05T02:28:23.912+0000] {logging_mixin.py:190} INFO - [2025-06-05T02:28:23.911+0000] {dagbag.py:588} INFO - Filling up the DagBag from /opt/airflow/dags/Sesion5/DAG_Parametros.py
[2025-06-05T02:28:24.492+0000] {processor.py:925} INFO - DAG(s) 'etl_with_trigger_params' retrieved from /opt/airflow/dags/Sesion5/DAG_Parametros.py
[2025-06-05T02:28:24.512+0000] {logging_mixin.py:190} INFO - [2025-06-05T02:28:24.512+0000] {dag.py:3239} INFO - Sync 1 DAGs
[2025-06-05T02:28:24.530+0000] {logging_mixin.py:190} INFO - [2025-06-05T02:28:24.530+0000] {dag.py:4180} INFO - Setting next_dagrun for etl_with_trigger_params to None, run_after=None
[2025-06-05T02:28:24.546+0000] {processor.py:208} INFO - Processing /opt/airflow/dags/Sesion5/DAG_Parametros.py took 0.645 seconds
[2025-06-05T02:28:55.445+0000] {processor.py:186} INFO - Started process (PID=5593) to work on /opt/airflow/dags/Sesion5/DAG_Parametros.py
[2025-06-05T02:28:55.446+0000] {processor.py:914} INFO - Processing file /opt/airflow/dags/Sesion5/DAG_Parametros.py for tasks to queue
[2025-06-05T02:28:55.448+0000] {logging_mixin.py:190} INFO - [2025-06-05T02:28:55.448+0000] {dagbag.py:588} INFO - Filling up the DagBag from /opt/airflow/dags/Sesion5/DAG_Parametros.py
[2025-06-05T02:28:56.100+0000] {processor.py:925} INFO - DAG(s) 'etl_with_trigger_params' retrieved from /opt/airflow/dags/Sesion5/DAG_Parametros.py
[2025-06-05T02:28:56.121+0000] {logging_mixin.py:190} INFO - [2025-06-05T02:28:56.121+0000] {dag.py:3239} INFO - Sync 1 DAGs
[2025-06-05T02:28:56.134+0000] {logging_mixin.py:190} INFO - [2025-06-05T02:28:56.134+0000] {dag.py:4180} INFO - Setting next_dagrun for etl_with_trigger_params to None, run_after=None
[2025-06-05T02:28:56.154+0000] {processor.py:208} INFO - Processing /opt/airflow/dags/Sesion5/DAG_Parametros.py took 0.716 seconds
[2025-06-05T02:29:26.749+0000] {processor.py:186} INFO - Started process (PID=5708) to work on /opt/airflow/dags/Sesion5/DAG_Parametros.py
[2025-06-05T02:29:26.749+0000] {processor.py:914} INFO - Processing file /opt/airflow/dags/Sesion5/DAG_Parametros.py for tasks to queue
[2025-06-05T02:29:26.752+0000] {logging_mixin.py:190} INFO - [2025-06-05T02:29:26.752+0000] {dagbag.py:588} INFO - Filling up the DagBag from /opt/airflow/dags/Sesion5/DAG_Parametros.py
[2025-06-05T02:29:27.481+0000] {processor.py:925} INFO - DAG(s) 'etl_with_trigger_params' retrieved from /opt/airflow/dags/Sesion5/DAG_Parametros.py
[2025-06-05T02:29:27.536+0000] {logging_mixin.py:190} INFO - [2025-06-05T02:29:27.536+0000] {dag.py:3239} INFO - Sync 1 DAGs
[2025-06-05T02:29:27.559+0000] {logging_mixin.py:190} INFO - [2025-06-05T02:29:27.558+0000] {dag.py:4180} INFO - Setting next_dagrun for etl_with_trigger_params to None, run_after=None
[2025-06-05T02:29:27.578+0000] {processor.py:208} INFO - Processing /opt/airflow/dags/Sesion5/DAG_Parametros.py took 0.836 seconds
[2025-06-05T02:29:58.240+0000] {processor.py:186} INFO - Started process (PID=5823) to work on /opt/airflow/dags/Sesion5/DAG_Parametros.py
[2025-06-05T02:29:58.241+0000] {processor.py:914} INFO - Processing file /opt/airflow/dags/Sesion5/DAG_Parametros.py for tasks to queue
[2025-06-05T02:29:58.244+0000] {logging_mixin.py:190} INFO - [2025-06-05T02:29:58.244+0000] {dagbag.py:588} INFO - Filling up the DagBag from /opt/airflow/dags/Sesion5/DAG_Parametros.py
[2025-06-05T02:29:58.859+0000] {processor.py:925} INFO - DAG(s) 'etl_with_trigger_params' retrieved from /opt/airflow/dags/Sesion5/DAG_Parametros.py
[2025-06-05T02:29:58.882+0000] {logging_mixin.py:190} INFO - [2025-06-05T02:29:58.882+0000] {dag.py:3239} INFO - Sync 1 DAGs
[2025-06-05T02:29:58.898+0000] {logging_mixin.py:190} INFO - [2025-06-05T02:29:58.898+0000] {dag.py:4180} INFO - Setting next_dagrun for etl_with_trigger_params to None, run_after=None
[2025-06-05T02:29:58.915+0000] {processor.py:208} INFO - Processing /opt/airflow/dags/Sesion5/DAG_Parametros.py took 0.682 seconds
[2025-06-05T02:30:28.969+0000] {processor.py:186} INFO - Started process (PID=5938) to work on /opt/airflow/dags/Sesion5/DAG_Parametros.py
[2025-06-05T02:30:28.970+0000] {processor.py:914} INFO - Processing file /opt/airflow/dags/Sesion5/DAG_Parametros.py for tasks to queue
[2025-06-05T02:30:28.972+0000] {logging_mixin.py:190} INFO - [2025-06-05T02:30:28.972+0000] {dagbag.py:588} INFO - Filling up the DagBag from /opt/airflow/dags/Sesion5/DAG_Parametros.py
[2025-06-05T02:30:29.366+0000] {processor.py:925} INFO - DAG(s) 'etl_with_trigger_params' retrieved from /opt/airflow/dags/Sesion5/DAG_Parametros.py
[2025-06-05T02:30:29.380+0000] {logging_mixin.py:190} INFO - [2025-06-05T02:30:29.380+0000] {dag.py:3239} INFO - Sync 1 DAGs
[2025-06-05T02:30:29.390+0000] {logging_mixin.py:190} INFO - [2025-06-05T02:30:29.390+0000] {dag.py:4180} INFO - Setting next_dagrun for etl_with_trigger_params to None, run_after=None
[2025-06-05T02:30:29.403+0000] {processor.py:208} INFO - Processing /opt/airflow/dags/Sesion5/DAG_Parametros.py took 0.438 seconds
[2025-06-05T02:30:59.874+0000] {processor.py:186} INFO - Started process (PID=6053) to work on /opt/airflow/dags/Sesion5/DAG_Parametros.py
[2025-06-05T02:30:59.875+0000] {processor.py:914} INFO - Processing file /opt/airflow/dags/Sesion5/DAG_Parametros.py for tasks to queue
[2025-06-05T02:30:59.877+0000] {logging_mixin.py:190} INFO - [2025-06-05T02:30:59.877+0000] {dagbag.py:588} INFO - Filling up the DagBag from /opt/airflow/dags/Sesion5/DAG_Parametros.py
[2025-06-05T02:31:00.384+0000] {processor.py:925} INFO - DAG(s) 'etl_with_trigger_params' retrieved from /opt/airflow/dags/Sesion5/DAG_Parametros.py
[2025-06-05T02:31:00.399+0000] {logging_mixin.py:190} INFO - [2025-06-05T02:31:00.398+0000] {dag.py:3239} INFO - Sync 1 DAGs
[2025-06-05T02:31:00.408+0000] {logging_mixin.py:190} INFO - [2025-06-05T02:31:00.408+0000] {dag.py:4180} INFO - Setting next_dagrun for etl_with_trigger_params to None, run_after=None
[2025-06-05T02:31:00.420+0000] {processor.py:208} INFO - Processing /opt/airflow/dags/Sesion5/DAG_Parametros.py took 0.553 seconds
[2025-06-05T02:31:31.266+0000] {processor.py:186} INFO - Started process (PID=6173) to work on /opt/airflow/dags/Sesion5/DAG_Parametros.py
[2025-06-05T02:31:31.267+0000] {processor.py:914} INFO - Processing file /opt/airflow/dags/Sesion5/DAG_Parametros.py for tasks to queue
[2025-06-05T02:31:31.270+0000] {logging_mixin.py:190} INFO - [2025-06-05T02:31:31.269+0000] {dagbag.py:588} INFO - Filling up the DagBag from /opt/airflow/dags/Sesion5/DAG_Parametros.py
[2025-06-05T02:31:31.894+0000] {processor.py:925} INFO - DAG(s) 'etl_with_trigger_params' retrieved from /opt/airflow/dags/Sesion5/DAG_Parametros.py
[2025-06-05T02:31:31.916+0000] {logging_mixin.py:190} INFO - [2025-06-05T02:31:31.916+0000] {dag.py:3239} INFO - Sync 1 DAGs
[2025-06-05T02:31:31.930+0000] {logging_mixin.py:190} INFO - [2025-06-05T02:31:31.930+0000] {dag.py:4180} INFO - Setting next_dagrun for etl_with_trigger_params to None, run_after=None
[2025-06-05T02:31:31.947+0000] {processor.py:208} INFO - Processing /opt/airflow/dags/Sesion5/DAG_Parametros.py took 0.687 seconds
[2025-06-05T02:32:02.404+0000] {processor.py:186} INFO - Started process (PID=6288) to work on /opt/airflow/dags/Sesion5/DAG_Parametros.py
[2025-06-05T02:32:02.404+0000] {processor.py:914} INFO - Processing file /opt/airflow/dags/Sesion5/DAG_Parametros.py for tasks to queue
[2025-06-05T02:32:02.407+0000] {logging_mixin.py:190} INFO - [2025-06-05T02:32:02.406+0000] {dagbag.py:588} INFO - Filling up the DagBag from /opt/airflow/dags/Sesion5/DAG_Parametros.py
[2025-06-05T02:32:03.034+0000] {processor.py:925} INFO - DAG(s) 'etl_with_trigger_params' retrieved from /opt/airflow/dags/Sesion5/DAG_Parametros.py
[2025-06-05T02:32:03.054+0000] {logging_mixin.py:190} INFO - [2025-06-05T02:32:03.054+0000] {dag.py:3239} INFO - Sync 1 DAGs
[2025-06-05T02:32:03.068+0000] {logging_mixin.py:190} INFO - [2025-06-05T02:32:03.067+0000] {dag.py:4180} INFO - Setting next_dagrun for etl_with_trigger_params to None, run_after=None
[2025-06-05T02:32:03.094+0000] {processor.py:208} INFO - Processing /opt/airflow/dags/Sesion5/DAG_Parametros.py took 0.697 seconds
[2025-06-05T02:32:33.252+0000] {processor.py:186} INFO - Started process (PID=6403) to work on /opt/airflow/dags/Sesion5/DAG_Parametros.py
[2025-06-05T02:32:33.253+0000] {processor.py:914} INFO - Processing file /opt/airflow/dags/Sesion5/DAG_Parametros.py for tasks to queue
[2025-06-05T02:32:33.256+0000] {logging_mixin.py:190} INFO - [2025-06-05T02:32:33.255+0000] {dagbag.py:588} INFO - Filling up the DagBag from /opt/airflow/dags/Sesion5/DAG_Parametros.py
[2025-06-05T02:32:33.991+0000] {processor.py:925} INFO - DAG(s) 'etl_with_trigger_params' retrieved from /opt/airflow/dags/Sesion5/DAG_Parametros.py
[2025-06-05T02:32:34.014+0000] {logging_mixin.py:190} INFO - [2025-06-05T02:32:34.013+0000] {dag.py:3239} INFO - Sync 1 DAGs
[2025-06-05T02:32:34.028+0000] {logging_mixin.py:190} INFO - [2025-06-05T02:32:34.028+0000] {dag.py:4180} INFO - Setting next_dagrun for etl_with_trigger_params to None, run_after=None
[2025-06-05T02:32:34.043+0000] {processor.py:208} INFO - Processing /opt/airflow/dags/Sesion5/DAG_Parametros.py took 0.797 seconds
[2025-06-05T02:33:04.186+0000] {processor.py:186} INFO - Started process (PID=6518) to work on /opt/airflow/dags/Sesion5/DAG_Parametros.py
[2025-06-05T02:33:04.187+0000] {processor.py:914} INFO - Processing file /opt/airflow/dags/Sesion5/DAG_Parametros.py for tasks to queue
[2025-06-05T02:33:04.189+0000] {logging_mixin.py:190} INFO - [2025-06-05T02:33:04.189+0000] {dagbag.py:588} INFO - Filling up the DagBag from /opt/airflow/dags/Sesion5/DAG_Parametros.py
[2025-06-05T02:33:04.800+0000] {processor.py:925} INFO - DAG(s) 'etl_with_trigger_params' retrieved from /opt/airflow/dags/Sesion5/DAG_Parametros.py
[2025-06-05T02:33:04.819+0000] {logging_mixin.py:190} INFO - [2025-06-05T02:33:04.818+0000] {dag.py:3239} INFO - Sync 1 DAGs
[2025-06-05T02:33:04.834+0000] {logging_mixin.py:190} INFO - [2025-06-05T02:33:04.834+0000] {dag.py:4180} INFO - Setting next_dagrun for etl_with_trigger_params to None, run_after=None
[2025-06-05T02:33:04.850+0000] {processor.py:208} INFO - Processing /opt/airflow/dags/Sesion5/DAG_Parametros.py took 0.671 seconds
[2025-06-05T02:33:35.774+0000] {processor.py:186} INFO - Started process (PID=6633) to work on /opt/airflow/dags/Sesion5/DAG_Parametros.py
[2025-06-05T02:33:35.775+0000] {processor.py:914} INFO - Processing file /opt/airflow/dags/Sesion5/DAG_Parametros.py for tasks to queue
[2025-06-05T02:33:35.778+0000] {logging_mixin.py:190} INFO - [2025-06-05T02:33:35.778+0000] {dagbag.py:588} INFO - Filling up the DagBag from /opt/airflow/dags/Sesion5/DAG_Parametros.py
[2025-06-05T02:33:36.167+0000] {processor.py:925} INFO - DAG(s) 'etl_with_trigger_params' retrieved from /opt/airflow/dags/Sesion5/DAG_Parametros.py
[2025-06-05T02:33:36.191+0000] {logging_mixin.py:190} INFO - [2025-06-05T02:33:36.190+0000] {dag.py:3239} INFO - Sync 1 DAGs
[2025-06-05T02:33:36.206+0000] {logging_mixin.py:190} INFO - [2025-06-05T02:33:36.205+0000] {dag.py:4180} INFO - Setting next_dagrun for etl_with_trigger_params to None, run_after=None
[2025-06-05T02:33:36.222+0000] {processor.py:208} INFO - Processing /opt/airflow/dags/Sesion5/DAG_Parametros.py took 0.454 seconds
[2025-06-05T02:34:06.558+0000] {processor.py:186} INFO - Started process (PID=6748) to work on /opt/airflow/dags/Sesion5/DAG_Parametros.py
[2025-06-05T02:34:06.559+0000] {processor.py:914} INFO - Processing file /opt/airflow/dags/Sesion5/DAG_Parametros.py for tasks to queue
[2025-06-05T02:34:06.562+0000] {logging_mixin.py:190} INFO - [2025-06-05T02:34:06.562+0000] {dagbag.py:588} INFO - Filling up the DagBag from /opt/airflow/dags/Sesion5/DAG_Parametros.py
[2025-06-05T02:34:06.990+0000] {processor.py:925} INFO - DAG(s) 'etl_with_trigger_params' retrieved from /opt/airflow/dags/Sesion5/DAG_Parametros.py
[2025-06-05T02:34:07.013+0000] {logging_mixin.py:190} INFO - [2025-06-05T02:34:07.013+0000] {dag.py:3239} INFO - Sync 1 DAGs
[2025-06-05T02:34:07.031+0000] {logging_mixin.py:190} INFO - [2025-06-05T02:34:07.031+0000] {dag.py:4180} INFO - Setting next_dagrun for etl_with_trigger_params to None, run_after=None
[2025-06-05T02:34:07.048+0000] {processor.py:208} INFO - Processing /opt/airflow/dags/Sesion5/DAG_Parametros.py took 0.497 seconds
[2025-06-05T05:21:03.026+0000] {processor.py:186} INFO - Started process (PID=193) to work on /opt/airflow/dags/Sesion5/DAG_Parametros.py
[2025-06-05T05:21:03.042+0000] {processor.py:914} INFO - Processing file /opt/airflow/dags/Sesion5/DAG_Parametros.py for tasks to queue
[2025-06-05T05:21:03.057+0000] {logging_mixin.py:190} INFO - [2025-06-05T05:21:03.056+0000] {dagbag.py:588} INFO - Filling up the DagBag from /opt/airflow/dags/Sesion5/DAG_Parametros.py
[2025-06-05T05:21:05.621+0000] {processor.py:925} INFO - DAG(s) 'etl_with_trigger_params' retrieved from /opt/airflow/dags/Sesion5/DAG_Parametros.py
[2025-06-05T05:21:05.802+0000] {logging_mixin.py:190} INFO - [2025-06-05T05:21:05.802+0000] {dag.py:3239} INFO - Sync 1 DAGs
[2025-06-05T05:21:05.851+0000] {logging_mixin.py:190} INFO - [2025-06-05T05:21:05.845+0000] {dag.py:4180} INFO - Setting next_dagrun for etl_with_trigger_params to None, run_after=None
[2025-06-05T05:21:05.979+0000] {processor.py:208} INFO - Processing /opt/airflow/dags/Sesion5/DAG_Parametros.py took 2.995 seconds
[2025-06-05T05:21:36.726+0000] {processor.py:186} INFO - Started process (PID=308) to work on /opt/airflow/dags/Sesion5/DAG_Parametros.py
[2025-06-05T05:21:36.726+0000] {processor.py:914} INFO - Processing file /opt/airflow/dags/Sesion5/DAG_Parametros.py for tasks to queue
[2025-06-05T05:21:36.728+0000] {logging_mixin.py:190} INFO - [2025-06-05T05:21:36.728+0000] {dagbag.py:588} INFO - Filling up the DagBag from /opt/airflow/dags/Sesion5/DAG_Parametros.py
[2025-06-05T05:21:37.480+0000] {processor.py:925} INFO - DAG(s) 'etl_with_trigger_params' retrieved from /opt/airflow/dags/Sesion5/DAG_Parametros.py
[2025-06-05T05:21:37.498+0000] {logging_mixin.py:190} INFO - [2025-06-05T05:21:37.497+0000] {dag.py:3239} INFO - Sync 1 DAGs
[2025-06-05T05:21:37.513+0000] {logging_mixin.py:190} INFO - [2025-06-05T05:21:37.512+0000] {dag.py:4180} INFO - Setting next_dagrun for etl_with_trigger_params to None, run_after=None
[2025-06-05T05:21:37.530+0000] {processor.py:208} INFO - Processing /opt/airflow/dags/Sesion5/DAG_Parametros.py took 0.811 seconds
[2025-06-05T05:22:08.346+0000] {processor.py:186} INFO - Started process (PID=423) to work on /opt/airflow/dags/Sesion5/DAG_Parametros.py
[2025-06-05T05:22:08.347+0000] {processor.py:914} INFO - Processing file /opt/airflow/dags/Sesion5/DAG_Parametros.py for tasks to queue
[2025-06-05T05:22:08.350+0000] {logging_mixin.py:190} INFO - [2025-06-05T05:22:08.349+0000] {dagbag.py:588} INFO - Filling up the DagBag from /opt/airflow/dags/Sesion5/DAG_Parametros.py
[2025-06-05T05:22:08.994+0000] {processor.py:925} INFO - DAG(s) 'etl_with_trigger_params' retrieved from /opt/airflow/dags/Sesion5/DAG_Parametros.py
[2025-06-05T05:22:09.014+0000] {logging_mixin.py:190} INFO - [2025-06-05T05:22:09.014+0000] {dag.py:3239} INFO - Sync 1 DAGs
[2025-06-05T05:22:09.028+0000] {logging_mixin.py:190} INFO - [2025-06-05T05:22:09.028+0000] {dag.py:4180} INFO - Setting next_dagrun for etl_with_trigger_params to None, run_after=None
[2025-06-05T05:22:09.045+0000] {processor.py:208} INFO - Processing /opt/airflow/dags/Sesion5/DAG_Parametros.py took 0.705 seconds
[2025-06-05T05:22:39.788+0000] {processor.py:186} INFO - Started process (PID=538) to work on /opt/airflow/dags/Sesion5/DAG_Parametros.py
[2025-06-05T05:22:39.789+0000] {processor.py:914} INFO - Processing file /opt/airflow/dags/Sesion5/DAG_Parametros.py for tasks to queue
[2025-06-05T05:22:39.792+0000] {logging_mixin.py:190} INFO - [2025-06-05T05:22:39.792+0000] {dagbag.py:588} INFO - Filling up the DagBag from /opt/airflow/dags/Sesion5/DAG_Parametros.py
[2025-06-05T05:22:40.334+0000] {processor.py:925} INFO - DAG(s) 'etl_with_trigger_params' retrieved from /opt/airflow/dags/Sesion5/DAG_Parametros.py
[2025-06-05T05:22:40.353+0000] {logging_mixin.py:190} INFO - [2025-06-05T05:22:40.353+0000] {dag.py:3239} INFO - Sync 1 DAGs
[2025-06-05T05:22:40.368+0000] {logging_mixin.py:190} INFO - [2025-06-05T05:22:40.367+0000] {dag.py:4180} INFO - Setting next_dagrun for etl_with_trigger_params to None, run_after=None
[2025-06-05T05:22:40.383+0000] {processor.py:208} INFO - Processing /opt/airflow/dags/Sesion5/DAG_Parametros.py took 0.601 seconds
[2025-06-05T05:23:11.161+0000] {processor.py:186} INFO - Started process (PID=653) to work on /opt/airflow/dags/Sesion5/DAG_Parametros.py
[2025-06-05T05:23:11.162+0000] {processor.py:914} INFO - Processing file /opt/airflow/dags/Sesion5/DAG_Parametros.py for tasks to queue
[2025-06-05T05:23:11.165+0000] {logging_mixin.py:190} INFO - [2025-06-05T05:23:11.164+0000] {dagbag.py:588} INFO - Filling up the DagBag from /opt/airflow/dags/Sesion5/DAG_Parametros.py
[2025-06-05T05:23:11.998+0000] {processor.py:925} INFO - DAG(s) 'etl_with_trigger_params' retrieved from /opt/airflow/dags/Sesion5/DAG_Parametros.py
[2025-06-05T05:23:12.023+0000] {logging_mixin.py:190} INFO - [2025-06-05T05:23:12.022+0000] {dag.py:3239} INFO - Sync 1 DAGs
[2025-06-05T05:23:12.038+0000] {logging_mixin.py:190} INFO - [2025-06-05T05:23:12.038+0000] {dag.py:4180} INFO - Setting next_dagrun for etl_with_trigger_params to None, run_after=None
[2025-06-05T05:23:12.054+0000] {processor.py:208} INFO - Processing /opt/airflow/dags/Sesion5/DAG_Parametros.py took 0.899 seconds
[2025-06-05T05:23:42.816+0000] {processor.py:186} INFO - Started process (PID=768) to work on /opt/airflow/dags/Sesion5/DAG_Parametros.py
[2025-06-05T05:23:42.822+0000] {processor.py:914} INFO - Processing file /opt/airflow/dags/Sesion5/DAG_Parametros.py for tasks to queue
[2025-06-05T05:23:42.836+0000] {logging_mixin.py:190} INFO - [2025-06-05T05:23:42.833+0000] {dagbag.py:588} INFO - Filling up the DagBag from /opt/airflow/dags/Sesion5/DAG_Parametros.py
[2025-06-05T05:23:43.426+0000] {processor.py:925} INFO - DAG(s) 'etl_with_trigger_params' retrieved from /opt/airflow/dags/Sesion5/DAG_Parametros.py
[2025-06-05T05:23:43.445+0000] {logging_mixin.py:190} INFO - [2025-06-05T05:23:43.445+0000] {dag.py:3239} INFO - Sync 1 DAGs
[2025-06-05T05:23:43.468+0000] {logging_mixin.py:190} INFO - [2025-06-05T05:23:43.468+0000] {dag.py:4180} INFO - Setting next_dagrun for etl_with_trigger_params to None, run_after=None
[2025-06-05T05:23:43.484+0000] {processor.py:208} INFO - Processing /opt/airflow/dags/Sesion5/DAG_Parametros.py took 0.688 seconds
[2025-06-05T05:24:14.481+0000] {processor.py:186} INFO - Started process (PID=883) to work on /opt/airflow/dags/Sesion5/DAG_Parametros.py
[2025-06-05T05:24:14.483+0000] {processor.py:914} INFO - Processing file /opt/airflow/dags/Sesion5/DAG_Parametros.py for tasks to queue
[2025-06-05T05:24:14.485+0000] {logging_mixin.py:190} INFO - [2025-06-05T05:24:14.485+0000] {dagbag.py:588} INFO - Filling up the DagBag from /opt/airflow/dags/Sesion5/DAG_Parametros.py
[2025-06-05T05:24:15.114+0000] {processor.py:925} INFO - DAG(s) 'etl_with_trigger_params' retrieved from /opt/airflow/dags/Sesion5/DAG_Parametros.py
[2025-06-05T05:24:15.138+0000] {logging_mixin.py:190} INFO - [2025-06-05T05:24:15.138+0000] {dag.py:3239} INFO - Sync 1 DAGs
[2025-06-05T05:24:15.153+0000] {logging_mixin.py:190} INFO - [2025-06-05T05:24:15.152+0000] {dag.py:4180} INFO - Setting next_dagrun for etl_with_trigger_params to None, run_after=None
[2025-06-05T05:24:15.168+0000] {processor.py:208} INFO - Processing /opt/airflow/dags/Sesion5/DAG_Parametros.py took 0.697 seconds
[2025-06-05T05:24:45.802+0000] {processor.py:186} INFO - Started process (PID=998) to work on /opt/airflow/dags/Sesion5/DAG_Parametros.py
[2025-06-05T05:24:45.803+0000] {processor.py:914} INFO - Processing file /opt/airflow/dags/Sesion5/DAG_Parametros.py for tasks to queue
[2025-06-05T05:24:45.805+0000] {logging_mixin.py:190} INFO - [2025-06-05T05:24:45.805+0000] {dagbag.py:588} INFO - Filling up the DagBag from /opt/airflow/dags/Sesion5/DAG_Parametros.py
[2025-06-05T05:24:46.335+0000] {processor.py:925} INFO - DAG(s) 'etl_with_trigger_params' retrieved from /opt/airflow/dags/Sesion5/DAG_Parametros.py
[2025-06-05T05:24:46.356+0000] {logging_mixin.py:190} INFO - [2025-06-05T05:24:46.355+0000] {dag.py:3239} INFO - Sync 1 DAGs
[2025-06-05T05:24:46.370+0000] {logging_mixin.py:190} INFO - [2025-06-05T05:24:46.370+0000] {dag.py:4180} INFO - Setting next_dagrun for etl_with_trigger_params to None, run_after=None
[2025-06-05T05:24:46.385+0000] {processor.py:208} INFO - Processing /opt/airflow/dags/Sesion5/DAG_Parametros.py took 0.590 seconds
[2025-06-05T05:25:17.075+0000] {processor.py:186} INFO - Started process (PID=1113) to work on /opt/airflow/dags/Sesion5/DAG_Parametros.py
[2025-06-05T05:25:17.076+0000] {processor.py:914} INFO - Processing file /opt/airflow/dags/Sesion5/DAG_Parametros.py for tasks to queue
[2025-06-05T05:25:17.079+0000] {logging_mixin.py:190} INFO - [2025-06-05T05:25:17.078+0000] {dagbag.py:588} INFO - Filling up the DagBag from /opt/airflow/dags/Sesion5/DAG_Parametros.py
[2025-06-05T05:25:17.746+0000] {processor.py:925} INFO - DAG(s) 'etl_with_trigger_params' retrieved from /opt/airflow/dags/Sesion5/DAG_Parametros.py
[2025-06-05T05:25:17.765+0000] {logging_mixin.py:190} INFO - [2025-06-05T05:25:17.764+0000] {dag.py:3239} INFO - Sync 1 DAGs
[2025-06-05T05:25:17.785+0000] {logging_mixin.py:190} INFO - [2025-06-05T05:25:17.785+0000] {dag.py:4180} INFO - Setting next_dagrun for etl_with_trigger_params to None, run_after=None
[2025-06-05T05:25:17.802+0000] {processor.py:208} INFO - Processing /opt/airflow/dags/Sesion5/DAG_Parametros.py took 0.733 seconds
[2025-06-05T05:25:48.234+0000] {processor.py:186} INFO - Started process (PID=1228) to work on /opt/airflow/dags/Sesion5/DAG_Parametros.py
[2025-06-05T05:25:48.235+0000] {processor.py:914} INFO - Processing file /opt/airflow/dags/Sesion5/DAG_Parametros.py for tasks to queue
[2025-06-05T05:25:48.237+0000] {logging_mixin.py:190} INFO - [2025-06-05T05:25:48.237+0000] {dagbag.py:588} INFO - Filling up the DagBag from /opt/airflow/dags/Sesion5/DAG_Parametros.py
[2025-06-05T05:25:49.025+0000] {processor.py:925} INFO - DAG(s) 'etl_with_trigger_params' retrieved from /opt/airflow/dags/Sesion5/DAG_Parametros.py
[2025-06-05T05:25:49.050+0000] {logging_mixin.py:190} INFO - [2025-06-05T05:25:49.050+0000] {dag.py:3239} INFO - Sync 1 DAGs
[2025-06-05T05:25:49.064+0000] {logging_mixin.py:190} INFO - [2025-06-05T05:25:49.063+0000] {dag.py:4180} INFO - Setting next_dagrun for etl_with_trigger_params to None, run_after=None
[2025-06-05T05:25:49.083+0000] {processor.py:208} INFO - Processing /opt/airflow/dags/Sesion5/DAG_Parametros.py took 0.855 seconds
[2025-06-05T05:26:19.380+0000] {processor.py:186} INFO - Started process (PID=1343) to work on /opt/airflow/dags/Sesion5/DAG_Parametros.py
[2025-06-05T05:26:19.382+0000] {processor.py:914} INFO - Processing file /opt/airflow/dags/Sesion5/DAG_Parametros.py for tasks to queue
[2025-06-05T05:26:19.385+0000] {logging_mixin.py:190} INFO - [2025-06-05T05:26:19.384+0000] {dagbag.py:588} INFO - Filling up the DagBag from /opt/airflow/dags/Sesion5/DAG_Parametros.py
[2025-06-05T05:26:19.987+0000] {processor.py:925} INFO - DAG(s) 'etl_with_trigger_params' retrieved from /opt/airflow/dags/Sesion5/DAG_Parametros.py
[2025-06-05T05:26:20.004+0000] {logging_mixin.py:190} INFO - [2025-06-05T05:26:20.004+0000] {dag.py:3239} INFO - Sync 1 DAGs
[2025-06-05T05:26:20.018+0000] {logging_mixin.py:190} INFO - [2025-06-05T05:26:20.018+0000] {dag.py:4180} INFO - Setting next_dagrun for etl_with_trigger_params to None, run_after=None
[2025-06-05T05:26:20.033+0000] {processor.py:208} INFO - Processing /opt/airflow/dags/Sesion5/DAG_Parametros.py took 0.660 seconds
[2025-06-05T05:26:50.731+0000] {processor.py:186} INFO - Started process (PID=1458) to work on /opt/airflow/dags/Sesion5/DAG_Parametros.py
[2025-06-05T05:26:50.734+0000] {processor.py:914} INFO - Processing file /opt/airflow/dags/Sesion5/DAG_Parametros.py for tasks to queue
[2025-06-05T05:26:50.740+0000] {logging_mixin.py:190} INFO - [2025-06-05T05:26:50.740+0000] {dagbag.py:588} INFO - Filling up the DagBag from /opt/airflow/dags/Sesion5/DAG_Parametros.py
[2025-06-05T05:26:51.324+0000] {processor.py:925} INFO - DAG(s) 'etl_with_trigger_params' retrieved from /opt/airflow/dags/Sesion5/DAG_Parametros.py
[2025-06-05T05:26:51.344+0000] {logging_mixin.py:190} INFO - [2025-06-05T05:26:51.343+0000] {dag.py:3239} INFO - Sync 1 DAGs
[2025-06-05T05:26:51.359+0000] {logging_mixin.py:190} INFO - [2025-06-05T05:26:51.359+0000] {dag.py:4180} INFO - Setting next_dagrun for etl_with_trigger_params to None, run_after=None
[2025-06-05T05:26:51.374+0000] {processor.py:208} INFO - Processing /opt/airflow/dags/Sesion5/DAG_Parametros.py took 0.659 seconds
[2025-06-05T05:27:21.949+0000] {processor.py:186} INFO - Started process (PID=1573) to work on /opt/airflow/dags/Sesion5/DAG_Parametros.py
[2025-06-05T05:27:21.949+0000] {processor.py:914} INFO - Processing file /opt/airflow/dags/Sesion5/DAG_Parametros.py for tasks to queue
[2025-06-05T05:27:21.952+0000] {logging_mixin.py:190} INFO - [2025-06-05T05:27:21.952+0000] {dagbag.py:588} INFO - Filling up the DagBag from /opt/airflow/dags/Sesion5/DAG_Parametros.py
[2025-06-05T05:27:22.590+0000] {processor.py:925} INFO - DAG(s) 'etl_with_trigger_params' retrieved from /opt/airflow/dags/Sesion5/DAG_Parametros.py
[2025-06-05T05:27:22.612+0000] {logging_mixin.py:190} INFO - [2025-06-05T05:27:22.611+0000] {dag.py:3239} INFO - Sync 1 DAGs
[2025-06-05T05:27:22.629+0000] {logging_mixin.py:190} INFO - [2025-06-05T05:27:22.629+0000] {dag.py:4180} INFO - Setting next_dagrun for etl_with_trigger_params to None, run_after=None
[2025-06-05T05:27:22.646+0000] {processor.py:208} INFO - Processing /opt/airflow/dags/Sesion5/DAG_Parametros.py took 0.704 seconds
[2025-06-05T05:27:53.646+0000] {processor.py:186} INFO - Started process (PID=1688) to work on /opt/airflow/dags/Sesion5/DAG_Parametros.py
[2025-06-05T05:27:53.647+0000] {processor.py:914} INFO - Processing file /opt/airflow/dags/Sesion5/DAG_Parametros.py for tasks to queue
[2025-06-05T05:27:53.650+0000] {logging_mixin.py:190} INFO - [2025-06-05T05:27:53.650+0000] {dagbag.py:588} INFO - Filling up the DagBag from /opt/airflow/dags/Sesion5/DAG_Parametros.py
[2025-06-05T05:27:54.318+0000] {processor.py:925} INFO - DAG(s) 'etl_with_trigger_params' retrieved from /opt/airflow/dags/Sesion5/DAG_Parametros.py
[2025-06-05T05:27:54.341+0000] {logging_mixin.py:190} INFO - [2025-06-05T05:27:54.340+0000] {dag.py:3239} INFO - Sync 1 DAGs
[2025-06-05T05:27:54.357+0000] {logging_mixin.py:190} INFO - [2025-06-05T05:27:54.357+0000] {dag.py:4180} INFO - Setting next_dagrun for etl_with_trigger_params to None, run_after=None
[2025-06-05T05:27:54.376+0000] {processor.py:208} INFO - Processing /opt/airflow/dags/Sesion5/DAG_Parametros.py took 0.736 seconds
[2025-06-05T05:28:25.313+0000] {processor.py:186} INFO - Started process (PID=1803) to work on /opt/airflow/dags/Sesion5/DAG_Parametros.py
[2025-06-05T05:28:25.314+0000] {processor.py:914} INFO - Processing file /opt/airflow/dags/Sesion5/DAG_Parametros.py for tasks to queue
[2025-06-05T05:28:25.317+0000] {logging_mixin.py:190} INFO - [2025-06-05T05:28:25.317+0000] {dagbag.py:588} INFO - Filling up the DagBag from /opt/airflow/dags/Sesion5/DAG_Parametros.py
[2025-06-05T05:28:25.964+0000] {processor.py:925} INFO - DAG(s) 'etl_with_trigger_params' retrieved from /opt/airflow/dags/Sesion5/DAG_Parametros.py
[2025-06-05T05:28:25.985+0000] {logging_mixin.py:190} INFO - [2025-06-05T05:28:25.985+0000] {dag.py:3239} INFO - Sync 1 DAGs
[2025-06-05T05:28:26.002+0000] {logging_mixin.py:190} INFO - [2025-06-05T05:28:26.001+0000] {dag.py:4180} INFO - Setting next_dagrun for etl_with_trigger_params to None, run_after=None
[2025-06-05T05:28:26.018+0000] {processor.py:208} INFO - Processing /opt/airflow/dags/Sesion5/DAG_Parametros.py took 0.711 seconds
[2025-06-05T05:28:56.231+0000] {processor.py:186} INFO - Started process (PID=1918) to work on /opt/airflow/dags/Sesion5/DAG_Parametros.py
[2025-06-05T05:28:56.232+0000] {processor.py:914} INFO - Processing file /opt/airflow/dags/Sesion5/DAG_Parametros.py for tasks to queue
[2025-06-05T05:28:56.234+0000] {logging_mixin.py:190} INFO - [2025-06-05T05:28:56.234+0000] {dagbag.py:588} INFO - Filling up the DagBag from /opt/airflow/dags/Sesion5/DAG_Parametros.py
[2025-06-05T05:28:56.926+0000] {processor.py:925} INFO - DAG(s) 'etl_with_trigger_params' retrieved from /opt/airflow/dags/Sesion5/DAG_Parametros.py
[2025-06-05T05:28:56.947+0000] {logging_mixin.py:190} INFO - [2025-06-05T05:28:56.947+0000] {dag.py:3239} INFO - Sync 1 DAGs
[2025-06-05T05:28:56.963+0000] {logging_mixin.py:190} INFO - [2025-06-05T05:28:56.962+0000] {dag.py:4180} INFO - Setting next_dagrun for etl_with_trigger_params to None, run_after=None
[2025-06-05T05:28:56.979+0000] {processor.py:208} INFO - Processing /opt/airflow/dags/Sesion5/DAG_Parametros.py took 0.754 seconds
[2025-06-05T05:29:27.950+0000] {processor.py:186} INFO - Started process (PID=2033) to work on /opt/airflow/dags/Sesion5/DAG_Parametros.py
[2025-06-05T05:29:27.953+0000] {processor.py:914} INFO - Processing file /opt/airflow/dags/Sesion5/DAG_Parametros.py for tasks to queue
[2025-06-05T05:29:27.957+0000] {logging_mixin.py:190} INFO - [2025-06-05T05:29:27.956+0000] {dagbag.py:588} INFO - Filling up the DagBag from /opt/airflow/dags/Sesion5/DAG_Parametros.py
[2025-06-05T05:29:28.494+0000] {processor.py:925} INFO - DAG(s) 'etl_with_trigger_params' retrieved from /opt/airflow/dags/Sesion5/DAG_Parametros.py
[2025-06-05T05:29:28.512+0000] {logging_mixin.py:190} INFO - [2025-06-05T05:29:28.512+0000] {dag.py:3239} INFO - Sync 1 DAGs
[2025-06-05T05:29:28.529+0000] {logging_mixin.py:190} INFO - [2025-06-05T05:29:28.529+0000] {dag.py:4180} INFO - Setting next_dagrun for etl_with_trigger_params to None, run_after=None
[2025-06-05T05:29:28.545+0000] {processor.py:208} INFO - Processing /opt/airflow/dags/Sesion5/DAG_Parametros.py took 0.601 seconds
[2025-06-05T05:29:59.190+0000] {processor.py:186} INFO - Started process (PID=2148) to work on /opt/airflow/dags/Sesion5/DAG_Parametros.py
[2025-06-05T05:29:59.193+0000] {processor.py:914} INFO - Processing file /opt/airflow/dags/Sesion5/DAG_Parametros.py for tasks to queue
[2025-06-05T05:29:59.196+0000] {logging_mixin.py:190} INFO - [2025-06-05T05:29:59.196+0000] {dagbag.py:588} INFO - Filling up the DagBag from /opt/airflow/dags/Sesion5/DAG_Parametros.py
[2025-06-05T05:29:59.903+0000] {processor.py:925} INFO - DAG(s) 'etl_with_trigger_params' retrieved from /opt/airflow/dags/Sesion5/DAG_Parametros.py
[2025-06-05T05:29:59.923+0000] {logging_mixin.py:190} INFO - [2025-06-05T05:29:59.923+0000] {dag.py:3239} INFO - Sync 1 DAGs
[2025-06-05T05:29:59.938+0000] {logging_mixin.py:190} INFO - [2025-06-05T05:29:59.938+0000] {dag.py:4180} INFO - Setting next_dagrun for etl_with_trigger_params to None, run_after=None
[2025-06-05T05:29:59.962+0000] {processor.py:208} INFO - Processing /opt/airflow/dags/Sesion5/DAG_Parametros.py took 0.779 seconds
[2025-06-05T05:30:30.460+0000] {processor.py:186} INFO - Started process (PID=2263) to work on /opt/airflow/dags/Sesion5/DAG_Parametros.py
[2025-06-05T05:30:30.461+0000] {processor.py:914} INFO - Processing file /opt/airflow/dags/Sesion5/DAG_Parametros.py for tasks to queue
[2025-06-05T05:30:30.464+0000] {logging_mixin.py:190} INFO - [2025-06-05T05:30:30.464+0000] {dagbag.py:588} INFO - Filling up the DagBag from /opt/airflow/dags/Sesion5/DAG_Parametros.py
[2025-06-05T05:30:31.119+0000] {processor.py:925} INFO - DAG(s) 'etl_with_trigger_params' retrieved from /opt/airflow/dags/Sesion5/DAG_Parametros.py
[2025-06-05T05:30:31.148+0000] {logging_mixin.py:190} INFO - [2025-06-05T05:30:31.147+0000] {dag.py:3239} INFO - Sync 1 DAGs
[2025-06-05T05:30:31.165+0000] {logging_mixin.py:190} INFO - [2025-06-05T05:30:31.164+0000] {dag.py:4180} INFO - Setting next_dagrun for etl_with_trigger_params to None, run_after=None
[2025-06-05T05:30:31.185+0000] {processor.py:208} INFO - Processing /opt/airflow/dags/Sesion5/DAG_Parametros.py took 0.731 seconds
[2025-06-05T05:31:01.480+0000] {processor.py:186} INFO - Started process (PID=2378) to work on /opt/airflow/dags/Sesion5/DAG_Parametros.py
[2025-06-05T05:31:01.481+0000] {processor.py:914} INFO - Processing file /opt/airflow/dags/Sesion5/DAG_Parametros.py for tasks to queue
[2025-06-05T05:31:01.484+0000] {logging_mixin.py:190} INFO - [2025-06-05T05:31:01.484+0000] {dagbag.py:588} INFO - Filling up the DagBag from /opt/airflow/dags/Sesion5/DAG_Parametros.py
[2025-06-05T05:31:02.203+0000] {processor.py:925} INFO - DAG(s) 'etl_with_trigger_params' retrieved from /opt/airflow/dags/Sesion5/DAG_Parametros.py
[2025-06-05T05:31:02.226+0000] {logging_mixin.py:190} INFO - [2025-06-05T05:31:02.225+0000] {dag.py:3239} INFO - Sync 1 DAGs
[2025-06-05T05:31:02.242+0000] {logging_mixin.py:190} INFO - [2025-06-05T05:31:02.242+0000] {dag.py:4180} INFO - Setting next_dagrun for etl_with_trigger_params to None, run_after=None
[2025-06-05T05:31:02.260+0000] {processor.py:208} INFO - Processing /opt/airflow/dags/Sesion5/DAG_Parametros.py took 0.787 seconds
[2025-06-05T05:31:32.645+0000] {processor.py:186} INFO - Started process (PID=2493) to work on /opt/airflow/dags/Sesion5/DAG_Parametros.py
[2025-06-05T05:31:32.646+0000] {processor.py:914} INFO - Processing file /opt/airflow/dags/Sesion5/DAG_Parametros.py for tasks to queue
[2025-06-05T05:31:32.649+0000] {logging_mixin.py:190} INFO - [2025-06-05T05:31:32.648+0000] {dagbag.py:588} INFO - Filling up the DagBag from /opt/airflow/dags/Sesion5/DAG_Parametros.py
[2025-06-05T05:31:33.337+0000] {processor.py:925} INFO - DAG(s) 'etl_with_trigger_params' retrieved from /opt/airflow/dags/Sesion5/DAG_Parametros.py
[2025-06-05T05:31:33.374+0000] {logging_mixin.py:190} INFO - [2025-06-05T05:31:33.373+0000] {dag.py:3239} INFO - Sync 1 DAGs
[2025-06-05T05:31:33.393+0000] {logging_mixin.py:190} INFO - [2025-06-05T05:31:33.392+0000] {dag.py:4180} INFO - Setting next_dagrun for etl_with_trigger_params to None, run_after=None
[2025-06-05T05:31:33.416+0000] {processor.py:208} INFO - Processing /opt/airflow/dags/Sesion5/DAG_Parametros.py took 0.778 seconds
[2025-06-05T05:38:41.592+0000] {processor.py:186} INFO - Started process (PID=171) to work on /opt/airflow/dags/Sesion5/DAG_Parametros.py
[2025-06-05T05:38:41.612+0000] {processor.py:914} INFO - Processing file /opt/airflow/dags/Sesion5/DAG_Parametros.py for tasks to queue
[2025-06-05T05:38:41.630+0000] {logging_mixin.py:190} INFO - [2025-06-05T05:38:41.630+0000] {dagbag.py:588} INFO - Filling up the DagBag from /opt/airflow/dags/Sesion5/DAG_Parametros.py
[2025-06-05T05:38:47.728+0000] {processor.py:925} INFO - DAG(s) 'etl_with_trigger_params' retrieved from /opt/airflow/dags/Sesion5/DAG_Parametros.py
[2025-06-05T05:38:47.904+0000] {logging_mixin.py:190} INFO - [2025-06-05T05:38:47.903+0000] {dag.py:3239} INFO - Sync 1 DAGs
[2025-06-05T05:38:47.970+0000] {logging_mixin.py:190} INFO - [2025-06-05T05:38:47.969+0000] {dag.py:4180} INFO - Setting next_dagrun for etl_with_trigger_params to None, run_after=None
[2025-06-05T05:38:48.013+0000] {processor.py:208} INFO - Processing /opt/airflow/dags/Sesion5/DAG_Parametros.py took 6.461 seconds
[2025-06-05T05:39:18.180+0000] {processor.py:186} INFO - Started process (PID=286) to work on /opt/airflow/dags/Sesion5/DAG_Parametros.py
[2025-06-05T05:39:18.181+0000] {processor.py:914} INFO - Processing file /opt/airflow/dags/Sesion5/DAG_Parametros.py for tasks to queue
[2025-06-05T05:39:18.183+0000] {logging_mixin.py:190} INFO - [2025-06-05T05:39:18.182+0000] {dagbag.py:588} INFO - Filling up the DagBag from /opt/airflow/dags/Sesion5/DAG_Parametros.py
[2025-06-05T05:39:19.092+0000] {processor.py:925} INFO - DAG(s) 'etl_with_trigger_params' retrieved from /opt/airflow/dags/Sesion5/DAG_Parametros.py
[2025-06-05T05:39:19.116+0000] {logging_mixin.py:190} INFO - [2025-06-05T05:39:19.115+0000] {dag.py:3239} INFO - Sync 1 DAGs
[2025-06-05T05:39:19.131+0000] {logging_mixin.py:190} INFO - [2025-06-05T05:39:19.130+0000] {dag.py:4180} INFO - Setting next_dagrun for etl_with_trigger_params to None, run_after=None
[2025-06-05T05:39:19.146+0000] {processor.py:208} INFO - Processing /opt/airflow/dags/Sesion5/DAG_Parametros.py took 0.973 seconds
[2025-06-05T05:39:50.132+0000] {processor.py:186} INFO - Started process (PID=399) to work on /opt/airflow/dags/Sesion5/DAG_Parametros.py
[2025-06-05T05:39:50.133+0000] {processor.py:914} INFO - Processing file /opt/airflow/dags/Sesion5/DAG_Parametros.py for tasks to queue
[2025-06-05T05:39:50.134+0000] {logging_mixin.py:190} INFO - [2025-06-05T05:39:50.134+0000] {dagbag.py:588} INFO - Filling up the DagBag from /opt/airflow/dags/Sesion5/DAG_Parametros.py
[2025-06-05T05:39:50.760+0000] {processor.py:925} INFO - DAG(s) 'etl_with_trigger_params' retrieved from /opt/airflow/dags/Sesion5/DAG_Parametros.py
[2025-06-05T05:39:50.788+0000] {logging_mixin.py:190} INFO - [2025-06-05T05:39:50.787+0000] {dag.py:3239} INFO - Sync 1 DAGs
[2025-06-05T05:39:50.803+0000] {logging_mixin.py:190} INFO - [2025-06-05T05:39:50.803+0000] {dag.py:4180} INFO - Setting next_dagrun for etl_with_trigger_params to None, run_after=None
[2025-06-05T05:39:50.818+0000] {processor.py:208} INFO - Processing /opt/airflow/dags/Sesion5/DAG_Parametros.py took 0.693 seconds
[2025-06-05T05:40:21.580+0000] {processor.py:186} INFO - Started process (PID=512) to work on /opt/airflow/dags/Sesion5/DAG_Parametros.py
[2025-06-05T05:40:21.581+0000] {processor.py:914} INFO - Processing file /opt/airflow/dags/Sesion5/DAG_Parametros.py for tasks to queue
[2025-06-05T05:40:21.582+0000] {logging_mixin.py:190} INFO - [2025-06-05T05:40:21.582+0000] {dagbag.py:588} INFO - Filling up the DagBag from /opt/airflow/dags/Sesion5/DAG_Parametros.py
[2025-06-05T05:40:22.464+0000] {processor.py:925} INFO - DAG(s) 'etl_with_trigger_params' retrieved from /opt/airflow/dags/Sesion5/DAG_Parametros.py
[2025-06-05T05:40:22.484+0000] {logging_mixin.py:190} INFO - [2025-06-05T05:40:22.484+0000] {dag.py:3239} INFO - Sync 1 DAGs
[2025-06-05T05:40:22.501+0000] {logging_mixin.py:190} INFO - [2025-06-05T05:40:22.501+0000] {dag.py:4180} INFO - Setting next_dagrun for etl_with_trigger_params to None, run_after=None
[2025-06-05T05:40:22.517+0000] {processor.py:208} INFO - Processing /opt/airflow/dags/Sesion5/DAG_Parametros.py took 0.945 seconds
[2025-06-05T05:40:52.660+0000] {processor.py:186} INFO - Started process (PID=625) to work on /opt/airflow/dags/Sesion5/DAG_Parametros.py
[2025-06-05T05:40:52.660+0000] {processor.py:914} INFO - Processing file /opt/airflow/dags/Sesion5/DAG_Parametros.py for tasks to queue
[2025-06-05T05:40:52.662+0000] {logging_mixin.py:190} INFO - [2025-06-05T05:40:52.662+0000] {dagbag.py:588} INFO - Filling up the DagBag from /opt/airflow/dags/Sesion5/DAG_Parametros.py
[2025-06-05T05:40:53.320+0000] {processor.py:925} INFO - DAG(s) 'etl_with_trigger_params' retrieved from /opt/airflow/dags/Sesion5/DAG_Parametros.py
[2025-06-05T05:40:53.342+0000] {logging_mixin.py:190} INFO - [2025-06-05T05:40:53.342+0000] {dag.py:3239} INFO - Sync 1 DAGs
[2025-06-05T05:40:53.357+0000] {logging_mixin.py:190} INFO - [2025-06-05T05:40:53.357+0000] {dag.py:4180} INFO - Setting next_dagrun for etl_with_trigger_params to None, run_after=None
[2025-06-05T05:40:53.381+0000] {processor.py:208} INFO - Processing /opt/airflow/dags/Sesion5/DAG_Parametros.py took 0.729 seconds
[2025-06-05T05:41:24.006+0000] {processor.py:186} INFO - Started process (PID=738) to work on /opt/airflow/dags/Sesion5/DAG_Parametros.py
[2025-06-05T05:41:24.007+0000] {processor.py:914} INFO - Processing file /opt/airflow/dags/Sesion5/DAG_Parametros.py for tasks to queue
[2025-06-05T05:41:24.009+0000] {logging_mixin.py:190} INFO - [2025-06-05T05:41:24.008+0000] {dagbag.py:588} INFO - Filling up the DagBag from /opt/airflow/dags/Sesion5/DAG_Parametros.py
[2025-06-05T05:41:24.586+0000] {processor.py:925} INFO - DAG(s) 'etl_with_trigger_params' retrieved from /opt/airflow/dags/Sesion5/DAG_Parametros.py
[2025-06-05T05:41:24.626+0000] {logging_mixin.py:190} INFO - [2025-06-05T05:41:24.626+0000] {dag.py:3239} INFO - Sync 1 DAGs
[2025-06-05T05:41:24.653+0000] {logging_mixin.py:190} INFO - [2025-06-05T05:41:24.652+0000] {dag.py:4180} INFO - Setting next_dagrun for etl_with_trigger_params to None, run_after=None
[2025-06-05T05:41:24.685+0000] {processor.py:208} INFO - Processing /opt/airflow/dags/Sesion5/DAG_Parametros.py took 0.686 seconds
[2025-06-05T05:41:55.464+0000] {processor.py:186} INFO - Started process (PID=851) to work on /opt/airflow/dags/Sesion5/DAG_Parametros.py
[2025-06-05T05:41:55.465+0000] {processor.py:914} INFO - Processing file /opt/airflow/dags/Sesion5/DAG_Parametros.py for tasks to queue
[2025-06-05T05:41:55.467+0000] {logging_mixin.py:190} INFO - [2025-06-05T05:41:55.466+0000] {dagbag.py:588} INFO - Filling up the DagBag from /opt/airflow/dags/Sesion5/DAG_Parametros.py
[2025-06-05T05:41:56.118+0000] {processor.py:925} INFO - DAG(s) 'etl_with_trigger_params' retrieved from /opt/airflow/dags/Sesion5/DAG_Parametros.py
[2025-06-05T05:41:56.136+0000] {logging_mixin.py:190} INFO - [2025-06-05T05:41:56.135+0000] {dag.py:3239} INFO - Sync 1 DAGs
[2025-06-05T05:41:56.150+0000] {logging_mixin.py:190} INFO - [2025-06-05T05:41:56.150+0000] {dag.py:4180} INFO - Setting next_dagrun for etl_with_trigger_params to None, run_after=None
[2025-06-05T05:41:56.166+0000] {processor.py:208} INFO - Processing /opt/airflow/dags/Sesion5/DAG_Parametros.py took 0.709 seconds
[2025-06-05T05:42:26.918+0000] {processor.py:186} INFO - Started process (PID=964) to work on /opt/airflow/dags/Sesion5/DAG_Parametros.py
[2025-06-05T05:42:26.919+0000] {processor.py:914} INFO - Processing file /opt/airflow/dags/Sesion5/DAG_Parametros.py for tasks to queue
[2025-06-05T05:42:26.921+0000] {logging_mixin.py:190} INFO - [2025-06-05T05:42:26.921+0000] {dagbag.py:588} INFO - Filling up the DagBag from /opt/airflow/dags/Sesion5/DAG_Parametros.py
[2025-06-05T05:42:27.706+0000] {processor.py:925} INFO - DAG(s) 'etl_with_trigger_params' retrieved from /opt/airflow/dags/Sesion5/DAG_Parametros.py
[2025-06-05T05:42:27.726+0000] {logging_mixin.py:190} INFO - [2025-06-05T05:42:27.725+0000] {dag.py:3239} INFO - Sync 1 DAGs
[2025-06-05T05:42:27.742+0000] {logging_mixin.py:190} INFO - [2025-06-05T05:42:27.742+0000] {dag.py:4180} INFO - Setting next_dagrun for etl_with_trigger_params to None, run_after=None
[2025-06-05T05:42:27.758+0000] {processor.py:208} INFO - Processing /opt/airflow/dags/Sesion5/DAG_Parametros.py took 0.847 seconds
