[2025-06-05T02:01:07.387+0000] {processor.py:186} INFO - Started process (PID=173) to work on /opt/airflow/dags/Sesion5/DAG_Ejecucion_JAR.py
[2025-06-05T02:01:07.388+0000] {processor.py:914} INFO - Processing file /opt/airflow/dags/Sesion5/DAG_Ejecucion_JAR.py for tasks to queue
[2025-06-05T02:01:07.396+0000] {logging_mixin.py:190} INFO - [2025-06-05T02:01:07.395+0000] {dagbag.py:588} INFO - Filling up the DagBag from /opt/airflow/dags/Sesion5/DAG_Ejecucion_JAR.py
[2025-06-05T02:01:07.410+0000] {processor.py:925} INFO - DAG(s) 'dag_run_java_jar' retrieved from /opt/airflow/dags/Sesion5/DAG_Ejecucion_JAR.py
[2025-06-05T02:01:07.467+0000] {logging_mixin.py:190} INFO - [2025-06-05T02:01:07.467+0000] {dag.py:3239} INFO - Sync 1 DAGs
[2025-06-05T02:01:07.844+0000] {logging_mixin.py:190} INFO - [2025-06-05T02:01:07.844+0000] {dag.py:4180} INFO - Setting next_dagrun for dag_run_java_jar to 2024-10-01 00:00:00+00:00, run_after=2024-10-02 00:00:00+00:00
[2025-06-05T02:01:07.931+0000] {processor.py:208} INFO - Processing /opt/airflow/dags/Sesion5/DAG_Ejecucion_JAR.py took 0.565 seconds
[2025-06-05T02:01:38.221+0000] {processor.py:186} INFO - Started process (PID=291) to work on /opt/airflow/dags/Sesion5/DAG_Ejecucion_JAR.py
[2025-06-05T02:01:38.222+0000] {processor.py:914} INFO - Processing file /opt/airflow/dags/Sesion5/DAG_Ejecucion_JAR.py for tasks to queue
[2025-06-05T02:01:38.236+0000] {logging_mixin.py:190} INFO - [2025-06-05T02:01:38.236+0000] {dagbag.py:588} INFO - Filling up the DagBag from /opt/airflow/dags/Sesion5/DAG_Ejecucion_JAR.py
[2025-06-05T02:01:38.254+0000] {processor.py:925} INFO - DAG(s) 'dag_run_java_jar' retrieved from /opt/airflow/dags/Sesion5/DAG_Ejecucion_JAR.py
[2025-06-05T02:01:38.430+0000] {logging_mixin.py:190} INFO - [2025-06-05T02:01:38.429+0000] {dag.py:3239} INFO - Sync 1 DAGs
[2025-06-05T02:01:38.637+0000] {logging_mixin.py:190} INFO - [2025-06-05T02:01:38.636+0000] {dag.py:4180} INFO - Setting next_dagrun for dag_run_java_jar to 2024-10-01 00:00:00+00:00, run_after=2024-10-02 00:00:00+00:00
[2025-06-05T02:01:38.778+0000] {processor.py:208} INFO - Processing /opt/airflow/dags/Sesion5/DAG_Ejecucion_JAR.py took 0.606 seconds
[2025-06-05T02:02:09.458+0000] {processor.py:186} INFO - Started process (PID=406) to work on /opt/airflow/dags/Sesion5/DAG_Ejecucion_JAR.py
[2025-06-05T02:02:09.472+0000] {processor.py:914} INFO - Processing file /opt/airflow/dags/Sesion5/DAG_Ejecucion_JAR.py for tasks to queue
[2025-06-05T02:02:09.482+0000] {logging_mixin.py:190} INFO - [2025-06-05T02:02:09.482+0000] {dagbag.py:588} INFO - Filling up the DagBag from /opt/airflow/dags/Sesion5/DAG_Ejecucion_JAR.py
[2025-06-05T02:02:09.515+0000] {processor.py:925} INFO - DAG(s) 'dag_run_java_jar' retrieved from /opt/airflow/dags/Sesion5/DAG_Ejecucion_JAR.py
[2025-06-05T02:02:09.557+0000] {logging_mixin.py:190} INFO - [2025-06-05T02:02:09.557+0000] {dag.py:3239} INFO - Sync 1 DAGs
[2025-06-05T02:02:09.598+0000] {logging_mixin.py:190} INFO - [2025-06-05T02:02:09.598+0000] {dag.py:4180} INFO - Setting next_dagrun for dag_run_java_jar to 2024-10-01 00:00:00+00:00, run_after=2024-10-02 00:00:00+00:00
[2025-06-05T02:02:09.628+0000] {processor.py:208} INFO - Processing /opt/airflow/dags/Sesion5/DAG_Ejecucion_JAR.py took 0.204 seconds
[2025-06-05T02:04:23.896+0000] {processor.py:186} INFO - Started process (PID=157) to work on /opt/airflow/dags/Sesion5/DAG_Ejecucion_JAR.py
[2025-06-05T02:04:23.903+0000] {processor.py:914} INFO - Processing file /opt/airflow/dags/Sesion5/DAG_Ejecucion_JAR.py for tasks to queue
[2025-06-05T02:04:23.923+0000] {logging_mixin.py:190} INFO - [2025-06-05T02:04:23.923+0000] {dagbag.py:588} INFO - Filling up the DagBag from /opt/airflow/dags/Sesion5/DAG_Ejecucion_JAR.py
[2025-06-05T02:04:23.985+0000] {processor.py:925} INFO - DAG(s) 'dag_run_java_jar' retrieved from /opt/airflow/dags/Sesion5/DAG_Ejecucion_JAR.py
[2025-06-05T02:04:24.123+0000] {logging_mixin.py:190} INFO - [2025-06-05T02:04:24.122+0000] {dag.py:3239} INFO - Sync 1 DAGs
[2025-06-05T02:04:24.252+0000] {logging_mixin.py:190} INFO - [2025-06-05T02:04:24.251+0000] {dag.py:4180} INFO - Setting next_dagrun for dag_run_java_jar to 2024-10-01 00:00:00+00:00, run_after=2024-10-02 00:00:00+00:00
[2025-06-05T02:04:24.321+0000] {processor.py:208} INFO - Processing /opt/airflow/dags/Sesion5/DAG_Ejecucion_JAR.py took 0.458 seconds
[2025-06-05T02:04:54.758+0000] {processor.py:186} INFO - Started process (PID=273) to work on /opt/airflow/dags/Sesion5/DAG_Ejecucion_JAR.py
[2025-06-05T02:04:54.759+0000] {processor.py:914} INFO - Processing file /opt/airflow/dags/Sesion5/DAG_Ejecucion_JAR.py for tasks to queue
[2025-06-05T02:04:54.761+0000] {logging_mixin.py:190} INFO - [2025-06-05T02:04:54.761+0000] {dagbag.py:588} INFO - Filling up the DagBag from /opt/airflow/dags/Sesion5/DAG_Ejecucion_JAR.py
[2025-06-05T02:04:54.770+0000] {processor.py:925} INFO - DAG(s) 'dag_run_java_jar' retrieved from /opt/airflow/dags/Sesion5/DAG_Ejecucion_JAR.py
[2025-06-05T02:04:54.795+0000] {logging_mixin.py:190} INFO - [2025-06-05T02:04:54.795+0000] {dag.py:3239} INFO - Sync 1 DAGs
[2025-06-05T02:04:54.824+0000] {logging_mixin.py:190} INFO - [2025-06-05T02:04:54.824+0000] {dag.py:4180} INFO - Setting next_dagrun for dag_run_java_jar to 2024-10-01 00:00:00+00:00, run_after=2024-10-02 00:00:00+00:00
[2025-06-05T02:04:54.846+0000] {processor.py:208} INFO - Processing /opt/airflow/dags/Sesion5/DAG_Ejecucion_JAR.py took 0.095 seconds
[2025-06-05T02:05:25.096+0000] {processor.py:186} INFO - Started process (PID=388) to work on /opt/airflow/dags/Sesion5/DAG_Ejecucion_JAR.py
[2025-06-05T02:05:25.097+0000] {processor.py:914} INFO - Processing file /opt/airflow/dags/Sesion5/DAG_Ejecucion_JAR.py for tasks to queue
[2025-06-05T02:05:25.102+0000] {logging_mixin.py:190} INFO - [2025-06-05T02:05:25.101+0000] {dagbag.py:588} INFO - Filling up the DagBag from /opt/airflow/dags/Sesion5/DAG_Ejecucion_JAR.py
[2025-06-05T02:05:25.111+0000] {processor.py:925} INFO - DAG(s) 'dag_run_java_jar' retrieved from /opt/airflow/dags/Sesion5/DAG_Ejecucion_JAR.py
[2025-06-05T02:05:25.137+0000] {logging_mixin.py:190} INFO - [2025-06-05T02:05:25.137+0000] {dag.py:3239} INFO - Sync 1 DAGs
[2025-06-05T02:05:25.175+0000] {logging_mixin.py:190} INFO - [2025-06-05T02:05:25.174+0000] {dag.py:4180} INFO - Setting next_dagrun for dag_run_java_jar to 2024-10-01 00:00:00+00:00, run_after=2024-10-02 00:00:00+00:00
[2025-06-05T02:05:25.211+0000] {processor.py:208} INFO - Processing /opt/airflow/dags/Sesion5/DAG_Ejecucion_JAR.py took 0.122 seconds
[2025-06-05T02:05:55.322+0000] {processor.py:186} INFO - Started process (PID=503) to work on /opt/airflow/dags/Sesion5/DAG_Ejecucion_JAR.py
[2025-06-05T02:05:55.324+0000] {processor.py:914} INFO - Processing file /opt/airflow/dags/Sesion5/DAG_Ejecucion_JAR.py for tasks to queue
[2025-06-05T02:05:55.326+0000] {logging_mixin.py:190} INFO - [2025-06-05T02:05:55.326+0000] {dagbag.py:588} INFO - Filling up the DagBag from /opt/airflow/dags/Sesion5/DAG_Ejecucion_JAR.py
[2025-06-05T02:05:55.340+0000] {processor.py:925} INFO - DAG(s) 'dag_run_java_jar' retrieved from /opt/airflow/dags/Sesion5/DAG_Ejecucion_JAR.py
[2025-06-05T02:05:55.369+0000] {logging_mixin.py:190} INFO - [2025-06-05T02:05:55.369+0000] {dag.py:3239} INFO - Sync 1 DAGs
[2025-06-05T02:05:55.403+0000] {logging_mixin.py:190} INFO - [2025-06-05T02:05:55.403+0000] {dag.py:4180} INFO - Setting next_dagrun for dag_run_java_jar to 2024-10-01 00:00:00+00:00, run_after=2024-10-02 00:00:00+00:00
[2025-06-05T02:05:55.424+0000] {processor.py:208} INFO - Processing /opt/airflow/dags/Sesion5/DAG_Ejecucion_JAR.py took 0.110 seconds
[2025-06-05T02:06:25.624+0000] {processor.py:186} INFO - Started process (PID=618) to work on /opt/airflow/dags/Sesion5/DAG_Ejecucion_JAR.py
[2025-06-05T02:06:25.625+0000] {processor.py:914} INFO - Processing file /opt/airflow/dags/Sesion5/DAG_Ejecucion_JAR.py for tasks to queue
[2025-06-05T02:06:25.628+0000] {logging_mixin.py:190} INFO - [2025-06-05T02:06:25.628+0000] {dagbag.py:588} INFO - Filling up the DagBag from /opt/airflow/dags/Sesion5/DAG_Ejecucion_JAR.py
[2025-06-05T02:06:25.637+0000] {processor.py:925} INFO - DAG(s) 'dag_run_java_jar' retrieved from /opt/airflow/dags/Sesion5/DAG_Ejecucion_JAR.py
[2025-06-05T02:06:25.664+0000] {logging_mixin.py:190} INFO - [2025-06-05T02:06:25.663+0000] {dag.py:3239} INFO - Sync 1 DAGs
[2025-06-05T02:06:25.693+0000] {logging_mixin.py:190} INFO - [2025-06-05T02:06:25.693+0000] {dag.py:4180} INFO - Setting next_dagrun for dag_run_java_jar to 2024-10-01 00:00:00+00:00, run_after=2024-10-02 00:00:00+00:00
[2025-06-05T02:06:25.721+0000] {processor.py:208} INFO - Processing /opt/airflow/dags/Sesion5/DAG_Ejecucion_JAR.py took 0.104 seconds
[2025-06-05T02:06:56.636+0000] {processor.py:186} INFO - Started process (PID=733) to work on /opt/airflow/dags/Sesion5/DAG_Ejecucion_JAR.py
[2025-06-05T02:06:56.637+0000] {processor.py:914} INFO - Processing file /opt/airflow/dags/Sesion5/DAG_Ejecucion_JAR.py for tasks to queue
[2025-06-05T02:06:56.640+0000] {logging_mixin.py:190} INFO - [2025-06-05T02:06:56.639+0000] {dagbag.py:588} INFO - Filling up the DagBag from /opt/airflow/dags/Sesion5/DAG_Ejecucion_JAR.py
[2025-06-05T02:06:56.649+0000] {processor.py:925} INFO - DAG(s) 'dag_run_java_jar' retrieved from /opt/airflow/dags/Sesion5/DAG_Ejecucion_JAR.py
[2025-06-05T02:06:56.677+0000] {logging_mixin.py:190} INFO - [2025-06-05T02:06:56.677+0000] {dag.py:3239} INFO - Sync 1 DAGs
[2025-06-05T02:06:56.708+0000] {logging_mixin.py:190} INFO - [2025-06-05T02:06:56.707+0000] {dag.py:4180} INFO - Setting next_dagrun for dag_run_java_jar to 2024-10-01 00:00:00+00:00, run_after=2024-10-02 00:00:00+00:00
[2025-06-05T02:06:56.727+0000] {processor.py:208} INFO - Processing /opt/airflow/dags/Sesion5/DAG_Ejecucion_JAR.py took 0.098 seconds
[2025-06-05T02:07:26.828+0000] {processor.py:186} INFO - Started process (PID=848) to work on /opt/airflow/dags/Sesion5/DAG_Ejecucion_JAR.py
[2025-06-05T02:07:26.834+0000] {processor.py:914} INFO - Processing file /opt/airflow/dags/Sesion5/DAG_Ejecucion_JAR.py for tasks to queue
[2025-06-05T02:07:26.839+0000] {logging_mixin.py:190} INFO - [2025-06-05T02:07:26.838+0000] {dagbag.py:588} INFO - Filling up the DagBag from /opt/airflow/dags/Sesion5/DAG_Ejecucion_JAR.py
[2025-06-05T02:07:26.858+0000] {processor.py:925} INFO - DAG(s) 'dag_run_java_jar' retrieved from /opt/airflow/dags/Sesion5/DAG_Ejecucion_JAR.py
[2025-06-05T02:07:26.891+0000] {logging_mixin.py:190} INFO - [2025-06-05T02:07:26.891+0000] {dag.py:3239} INFO - Sync 1 DAGs
[2025-06-05T02:07:26.936+0000] {logging_mixin.py:190} INFO - [2025-06-05T02:07:26.936+0000] {dag.py:4180} INFO - Setting next_dagrun for dag_run_java_jar to 2024-10-01 00:00:00+00:00, run_after=2024-10-02 00:00:00+00:00
[2025-06-05T02:07:26.973+0000] {processor.py:208} INFO - Processing /opt/airflow/dags/Sesion5/DAG_Ejecucion_JAR.py took 0.161 seconds
[2025-06-05T02:07:57.051+0000] {processor.py:186} INFO - Started process (PID=963) to work on /opt/airflow/dags/Sesion5/DAG_Ejecucion_JAR.py
[2025-06-05T02:07:57.052+0000] {processor.py:914} INFO - Processing file /opt/airflow/dags/Sesion5/DAG_Ejecucion_JAR.py for tasks to queue
[2025-06-05T02:07:57.053+0000] {logging_mixin.py:190} INFO - [2025-06-05T02:07:57.053+0000] {dagbag.py:588} INFO - Filling up the DagBag from /opt/airflow/dags/Sesion5/DAG_Ejecucion_JAR.py
[2025-06-05T02:07:57.060+0000] {processor.py:925} INFO - DAG(s) 'dag_run_java_jar' retrieved from /opt/airflow/dags/Sesion5/DAG_Ejecucion_JAR.py
[2025-06-05T02:07:57.077+0000] {logging_mixin.py:190} INFO - [2025-06-05T02:07:57.076+0000] {dag.py:3239} INFO - Sync 1 DAGs
[2025-06-05T02:07:57.104+0000] {logging_mixin.py:190} INFO - [2025-06-05T02:07:57.103+0000] {dag.py:4180} INFO - Setting next_dagrun for dag_run_java_jar to 2024-10-01 00:00:00+00:00, run_after=2024-10-02 00:00:00+00:00
[2025-06-05T02:07:57.123+0000] {processor.py:208} INFO - Processing /opt/airflow/dags/Sesion5/DAG_Ejecucion_JAR.py took 0.077 seconds
[2025-06-05T02:08:27.371+0000] {processor.py:186} INFO - Started process (PID=1078) to work on /opt/airflow/dags/Sesion5/DAG_Ejecucion_JAR.py
[2025-06-05T02:08:27.372+0000] {processor.py:914} INFO - Processing file /opt/airflow/dags/Sesion5/DAG_Ejecucion_JAR.py for tasks to queue
[2025-06-05T02:08:27.375+0000] {logging_mixin.py:190} INFO - [2025-06-05T02:08:27.374+0000] {dagbag.py:588} INFO - Filling up the DagBag from /opt/airflow/dags/Sesion5/DAG_Ejecucion_JAR.py
[2025-06-05T02:08:27.384+0000] {processor.py:925} INFO - DAG(s) 'dag_run_java_jar' retrieved from /opt/airflow/dags/Sesion5/DAG_Ejecucion_JAR.py
[2025-06-05T02:08:27.410+0000] {logging_mixin.py:190} INFO - [2025-06-05T02:08:27.410+0000] {dag.py:3239} INFO - Sync 1 DAGs
[2025-06-05T02:08:27.441+0000] {logging_mixin.py:190} INFO - [2025-06-05T02:08:27.440+0000] {dag.py:4180} INFO - Setting next_dagrun for dag_run_java_jar to 2024-10-01 00:00:00+00:00, run_after=2024-10-02 00:00:00+00:00
[2025-06-05T02:08:27.464+0000] {processor.py:208} INFO - Processing /opt/airflow/dags/Sesion5/DAG_Ejecucion_JAR.py took 0.100 seconds
[2025-06-05T02:08:58.416+0000] {processor.py:186} INFO - Started process (PID=1193) to work on /opt/airflow/dags/Sesion5/DAG_Ejecucion_JAR.py
[2025-06-05T02:08:58.417+0000] {processor.py:914} INFO - Processing file /opt/airflow/dags/Sesion5/DAG_Ejecucion_JAR.py for tasks to queue
[2025-06-05T02:08:58.420+0000] {logging_mixin.py:190} INFO - [2025-06-05T02:08:58.419+0000] {dagbag.py:588} INFO - Filling up the DagBag from /opt/airflow/dags/Sesion5/DAG_Ejecucion_JAR.py
[2025-06-05T02:08:58.432+0000] {processor.py:925} INFO - DAG(s) 'dag_run_java_jar' retrieved from /opt/airflow/dags/Sesion5/DAG_Ejecucion_JAR.py
[2025-06-05T02:08:58.463+0000] {logging_mixin.py:190} INFO - [2025-06-05T02:08:58.462+0000] {dag.py:3239} INFO - Sync 1 DAGs
[2025-06-05T02:08:58.493+0000] {logging_mixin.py:190} INFO - [2025-06-05T02:08:58.493+0000] {dag.py:4180} INFO - Setting next_dagrun for dag_run_java_jar to 2024-10-01 00:00:00+00:00, run_after=2024-10-02 00:00:00+00:00
[2025-06-05T02:08:58.513+0000] {processor.py:208} INFO - Processing /opt/airflow/dags/Sesion5/DAG_Ejecucion_JAR.py took 0.104 seconds
[2025-06-05T02:09:29.318+0000] {processor.py:186} INFO - Started process (PID=1308) to work on /opt/airflow/dags/Sesion5/DAG_Ejecucion_JAR.py
[2025-06-05T02:09:29.319+0000] {processor.py:914} INFO - Processing file /opt/airflow/dags/Sesion5/DAG_Ejecucion_JAR.py for tasks to queue
[2025-06-05T02:09:29.322+0000] {logging_mixin.py:190} INFO - [2025-06-05T02:09:29.322+0000] {dagbag.py:588} INFO - Filling up the DagBag from /opt/airflow/dags/Sesion5/DAG_Ejecucion_JAR.py
[2025-06-05T02:09:29.331+0000] {processor.py:925} INFO - DAG(s) 'dag_run_java_jar' retrieved from /opt/airflow/dags/Sesion5/DAG_Ejecucion_JAR.py
[2025-06-05T02:09:29.358+0000] {logging_mixin.py:190} INFO - [2025-06-05T02:09:29.357+0000] {dag.py:3239} INFO - Sync 1 DAGs
[2025-06-05T02:09:29.392+0000] {logging_mixin.py:190} INFO - [2025-06-05T02:09:29.392+0000] {dag.py:4180} INFO - Setting next_dagrun for dag_run_java_jar to 2024-10-01 00:00:00+00:00, run_after=2024-10-02 00:00:00+00:00
[2025-06-05T02:09:29.412+0000] {processor.py:208} INFO - Processing /opt/airflow/dags/Sesion5/DAG_Ejecucion_JAR.py took 0.100 seconds
[2025-06-05T02:09:59.696+0000] {processor.py:186} INFO - Started process (PID=1423) to work on /opt/airflow/dags/Sesion5/DAG_Ejecucion_JAR.py
[2025-06-05T02:09:59.697+0000] {processor.py:914} INFO - Processing file /opt/airflow/dags/Sesion5/DAG_Ejecucion_JAR.py for tasks to queue
[2025-06-05T02:09:59.699+0000] {logging_mixin.py:190} INFO - [2025-06-05T02:09:59.699+0000] {dagbag.py:588} INFO - Filling up the DagBag from /opt/airflow/dags/Sesion5/DAG_Ejecucion_JAR.py
[2025-06-05T02:09:59.709+0000] {processor.py:925} INFO - DAG(s) 'dag_run_java_jar' retrieved from /opt/airflow/dags/Sesion5/DAG_Ejecucion_JAR.py
[2025-06-05T02:09:59.734+0000] {logging_mixin.py:190} INFO - [2025-06-05T02:09:59.734+0000] {dag.py:3239} INFO - Sync 1 DAGs
[2025-06-05T02:09:59.766+0000] {logging_mixin.py:190} INFO - [2025-06-05T02:09:59.766+0000] {dag.py:4180} INFO - Setting next_dagrun for dag_run_java_jar to 2024-10-01 00:00:00+00:00, run_after=2024-10-02 00:00:00+00:00
[2025-06-05T02:09:59.825+0000] {processor.py:208} INFO - Processing /opt/airflow/dags/Sesion5/DAG_Ejecucion_JAR.py took 0.137 seconds
[2025-06-05T02:10:30.788+0000] {processor.py:186} INFO - Started process (PID=1538) to work on /opt/airflow/dags/Sesion5/DAG_Ejecucion_JAR.py
[2025-06-05T02:10:30.789+0000] {processor.py:914} INFO - Processing file /opt/airflow/dags/Sesion5/DAG_Ejecucion_JAR.py for tasks to queue
[2025-06-05T02:10:30.792+0000] {logging_mixin.py:190} INFO - [2025-06-05T02:10:30.791+0000] {dagbag.py:588} INFO - Filling up the DagBag from /opt/airflow/dags/Sesion5/DAG_Ejecucion_JAR.py
[2025-06-05T02:10:30.801+0000] {processor.py:925} INFO - DAG(s) 'dag_run_java_jar' retrieved from /opt/airflow/dags/Sesion5/DAG_Ejecucion_JAR.py
[2025-06-05T02:10:30.827+0000] {logging_mixin.py:190} INFO - [2025-06-05T02:10:30.826+0000] {dag.py:3239} INFO - Sync 1 DAGs
[2025-06-05T02:10:30.857+0000] {logging_mixin.py:190} INFO - [2025-06-05T02:10:30.857+0000] {dag.py:4180} INFO - Setting next_dagrun for dag_run_java_jar to 2024-10-01 00:00:00+00:00, run_after=2024-10-02 00:00:00+00:00
[2025-06-05T02:10:30.878+0000] {processor.py:208} INFO - Processing /opt/airflow/dags/Sesion5/DAG_Ejecucion_JAR.py took 0.104 seconds
[2025-06-05T02:11:00.949+0000] {processor.py:186} INFO - Started process (PID=1653) to work on /opt/airflow/dags/Sesion5/DAG_Ejecucion_JAR.py
[2025-06-05T02:11:00.950+0000] {processor.py:914} INFO - Processing file /opt/airflow/dags/Sesion5/DAG_Ejecucion_JAR.py for tasks to queue
[2025-06-05T02:11:00.953+0000] {logging_mixin.py:190} INFO - [2025-06-05T02:11:00.953+0000] {dagbag.py:588} INFO - Filling up the DagBag from /opt/airflow/dags/Sesion5/DAG_Ejecucion_JAR.py
[2025-06-05T02:11:00.963+0000] {processor.py:925} INFO - DAG(s) 'dag_run_java_jar' retrieved from /opt/airflow/dags/Sesion5/DAG_Ejecucion_JAR.py
[2025-06-05T02:11:00.988+0000] {logging_mixin.py:190} INFO - [2025-06-05T02:11:00.988+0000] {dag.py:3239} INFO - Sync 1 DAGs
[2025-06-05T02:11:01.043+0000] {logging_mixin.py:190} INFO - [2025-06-05T02:11:01.043+0000] {dag.py:4180} INFO - Setting next_dagrun for dag_run_java_jar to 2024-10-01 00:00:00+00:00, run_after=2024-10-02 00:00:00+00:00
[2025-06-05T02:11:01.086+0000] {processor.py:208} INFO - Processing /opt/airflow/dags/Sesion5/DAG_Ejecucion_JAR.py took 0.144 seconds
[2025-06-05T02:11:31.288+0000] {processor.py:186} INFO - Started process (PID=1768) to work on /opt/airflow/dags/Sesion5/DAG_Ejecucion_JAR.py
[2025-06-05T02:11:31.289+0000] {processor.py:914} INFO - Processing file /opt/airflow/dags/Sesion5/DAG_Ejecucion_JAR.py for tasks to queue
[2025-06-05T02:11:31.292+0000] {logging_mixin.py:190} INFO - [2025-06-05T02:11:31.291+0000] {dagbag.py:588} INFO - Filling up the DagBag from /opt/airflow/dags/Sesion5/DAG_Ejecucion_JAR.py
[2025-06-05T02:11:31.301+0000] {processor.py:925} INFO - DAG(s) 'dag_run_java_jar' retrieved from /opt/airflow/dags/Sesion5/DAG_Ejecucion_JAR.py
[2025-06-05T02:11:31.326+0000] {logging_mixin.py:190} INFO - [2025-06-05T02:11:31.326+0000] {dag.py:3239} INFO - Sync 1 DAGs
[2025-06-05T02:11:31.361+0000] {logging_mixin.py:190} INFO - [2025-06-05T02:11:31.361+0000] {dag.py:4180} INFO - Setting next_dagrun for dag_run_java_jar to 2024-10-01 00:00:00+00:00, run_after=2024-10-02 00:00:00+00:00
[2025-06-05T02:11:31.384+0000] {processor.py:208} INFO - Processing /opt/airflow/dags/Sesion5/DAG_Ejecucion_JAR.py took 0.103 seconds
[2025-06-05T02:12:02.274+0000] {processor.py:186} INFO - Started process (PID=1883) to work on /opt/airflow/dags/Sesion5/DAG_Ejecucion_JAR.py
[2025-06-05T02:12:02.276+0000] {processor.py:914} INFO - Processing file /opt/airflow/dags/Sesion5/DAG_Ejecucion_JAR.py for tasks to queue
[2025-06-05T02:12:02.279+0000] {logging_mixin.py:190} INFO - [2025-06-05T02:12:02.279+0000] {dagbag.py:588} INFO - Filling up the DagBag from /opt/airflow/dags/Sesion5/DAG_Ejecucion_JAR.py
[2025-06-05T02:12:02.288+0000] {processor.py:925} INFO - DAG(s) 'dag_run_java_jar' retrieved from /opt/airflow/dags/Sesion5/DAG_Ejecucion_JAR.py
[2025-06-05T02:12:02.313+0000] {logging_mixin.py:190} INFO - [2025-06-05T02:12:02.313+0000] {dag.py:3239} INFO - Sync 1 DAGs
[2025-06-05T02:12:02.344+0000] {logging_mixin.py:190} INFO - [2025-06-05T02:12:02.344+0000] {dag.py:4180} INFO - Setting next_dagrun for dag_run_java_jar to 2024-10-01 00:00:00+00:00, run_after=2024-10-02 00:00:00+00:00
[2025-06-05T02:12:02.365+0000] {processor.py:208} INFO - Processing /opt/airflow/dags/Sesion5/DAG_Ejecucion_JAR.py took 0.097 seconds
[2025-06-05T02:12:33.364+0000] {processor.py:186} INFO - Started process (PID=1998) to work on /opt/airflow/dags/Sesion5/DAG_Ejecucion_JAR.py
[2025-06-05T02:12:33.365+0000] {processor.py:914} INFO - Processing file /opt/airflow/dags/Sesion5/DAG_Ejecucion_JAR.py for tasks to queue
[2025-06-05T02:12:33.368+0000] {logging_mixin.py:190} INFO - [2025-06-05T02:12:33.368+0000] {dagbag.py:588} INFO - Filling up the DagBag from /opt/airflow/dags/Sesion5/DAG_Ejecucion_JAR.py
[2025-06-05T02:12:33.377+0000] {processor.py:925} INFO - DAG(s) 'dag_run_java_jar' retrieved from /opt/airflow/dags/Sesion5/DAG_Ejecucion_JAR.py
[2025-06-05T02:12:33.402+0000] {logging_mixin.py:190} INFO - [2025-06-05T02:12:33.402+0000] {dag.py:3239} INFO - Sync 1 DAGs
[2025-06-05T02:12:33.432+0000] {logging_mixin.py:190} INFO - [2025-06-05T02:12:33.432+0000] {dag.py:4180} INFO - Setting next_dagrun for dag_run_java_jar to 2024-10-01 00:00:00+00:00, run_after=2024-10-02 00:00:00+00:00
[2025-06-05T02:12:33.454+0000] {processor.py:208} INFO - Processing /opt/airflow/dags/Sesion5/DAG_Ejecucion_JAR.py took 0.096 seconds
[2025-06-05T02:13:03.704+0000] {processor.py:186} INFO - Started process (PID=2113) to work on /opt/airflow/dags/Sesion5/DAG_Ejecucion_JAR.py
[2025-06-05T02:13:03.705+0000] {processor.py:914} INFO - Processing file /opt/airflow/dags/Sesion5/DAG_Ejecucion_JAR.py for tasks to queue
[2025-06-05T02:13:03.708+0000] {logging_mixin.py:190} INFO - [2025-06-05T02:13:03.707+0000] {dagbag.py:588} INFO - Filling up the DagBag from /opt/airflow/dags/Sesion5/DAG_Ejecucion_JAR.py
[2025-06-05T02:13:03.716+0000] {processor.py:925} INFO - DAG(s) 'dag_run_java_jar' retrieved from /opt/airflow/dags/Sesion5/DAG_Ejecucion_JAR.py
[2025-06-05T02:13:03.742+0000] {logging_mixin.py:190} INFO - [2025-06-05T02:13:03.742+0000] {dag.py:3239} INFO - Sync 1 DAGs
[2025-06-05T02:13:03.774+0000] {logging_mixin.py:190} INFO - [2025-06-05T02:13:03.774+0000] {dag.py:4180} INFO - Setting next_dagrun for dag_run_java_jar to 2024-10-01 00:00:00+00:00, run_after=2024-10-02 00:00:00+00:00
[2025-06-05T02:13:03.798+0000] {processor.py:208} INFO - Processing /opt/airflow/dags/Sesion5/DAG_Ejecucion_JAR.py took 0.100 seconds
[2025-06-05T02:13:34.777+0000] {processor.py:186} INFO - Started process (PID=2228) to work on /opt/airflow/dags/Sesion5/DAG_Ejecucion_JAR.py
[2025-06-05T02:13:34.778+0000] {processor.py:914} INFO - Processing file /opt/airflow/dags/Sesion5/DAG_Ejecucion_JAR.py for tasks to queue
[2025-06-05T02:13:34.780+0000] {logging_mixin.py:190} INFO - [2025-06-05T02:13:34.780+0000] {dagbag.py:588} INFO - Filling up the DagBag from /opt/airflow/dags/Sesion5/DAG_Ejecucion_JAR.py
[2025-06-05T02:13:34.789+0000] {processor.py:925} INFO - DAG(s) 'dag_run_java_jar' retrieved from /opt/airflow/dags/Sesion5/DAG_Ejecucion_JAR.py
[2025-06-05T02:13:34.814+0000] {logging_mixin.py:190} INFO - [2025-06-05T02:13:34.814+0000] {dag.py:3239} INFO - Sync 1 DAGs
[2025-06-05T02:13:34.848+0000] {logging_mixin.py:190} INFO - [2025-06-05T02:13:34.848+0000] {dag.py:4180} INFO - Setting next_dagrun for dag_run_java_jar to 2024-10-01 00:00:00+00:00, run_after=2024-10-02 00:00:00+00:00
[2025-06-05T02:13:34.868+0000] {processor.py:208} INFO - Processing /opt/airflow/dags/Sesion5/DAG_Ejecucion_JAR.py took 0.098 seconds
[2025-06-05T02:14:04.959+0000] {processor.py:186} INFO - Started process (PID=2343) to work on /opt/airflow/dags/Sesion5/DAG_Ejecucion_JAR.py
[2025-06-05T02:14:04.962+0000] {processor.py:914} INFO - Processing file /opt/airflow/dags/Sesion5/DAG_Ejecucion_JAR.py for tasks to queue
[2025-06-05T02:14:04.966+0000] {logging_mixin.py:190} INFO - [2025-06-05T02:14:04.966+0000] {dagbag.py:588} INFO - Filling up the DagBag from /opt/airflow/dags/Sesion5/DAG_Ejecucion_JAR.py
[2025-06-05T02:14:04.985+0000] {processor.py:925} INFO - DAG(s) 'dag_run_java_jar' retrieved from /opt/airflow/dags/Sesion5/DAG_Ejecucion_JAR.py
[2025-06-05T02:14:05.021+0000] {logging_mixin.py:190} INFO - [2025-06-05T02:14:05.020+0000] {dag.py:3239} INFO - Sync 1 DAGs
[2025-06-05T02:14:05.057+0000] {logging_mixin.py:190} INFO - [2025-06-05T02:14:05.057+0000] {dag.py:4180} INFO - Setting next_dagrun for dag_run_java_jar to 2024-10-01 00:00:00+00:00, run_after=2024-10-02 00:00:00+00:00
[2025-06-05T02:14:05.077+0000] {processor.py:208} INFO - Processing /opt/airflow/dags/Sesion5/DAG_Ejecucion_JAR.py took 0.131 seconds
[2025-06-05T02:14:35.159+0000] {processor.py:186} INFO - Started process (PID=2458) to work on /opt/airflow/dags/Sesion5/DAG_Ejecucion_JAR.py
[2025-06-05T02:14:35.160+0000] {processor.py:914} INFO - Processing file /opt/airflow/dags/Sesion5/DAG_Ejecucion_JAR.py for tasks to queue
[2025-06-05T02:14:35.163+0000] {logging_mixin.py:190} INFO - [2025-06-05T02:14:35.162+0000] {dagbag.py:588} INFO - Filling up the DagBag from /opt/airflow/dags/Sesion5/DAG_Ejecucion_JAR.py
[2025-06-05T02:14:35.171+0000] {processor.py:925} INFO - DAG(s) 'dag_run_java_jar' retrieved from /opt/airflow/dags/Sesion5/DAG_Ejecucion_JAR.py
[2025-06-05T02:14:35.196+0000] {logging_mixin.py:190} INFO - [2025-06-05T02:14:35.196+0000] {dag.py:3239} INFO - Sync 1 DAGs
[2025-06-05T02:14:35.227+0000] {logging_mixin.py:190} INFO - [2025-06-05T02:14:35.227+0000] {dag.py:4180} INFO - Setting next_dagrun for dag_run_java_jar to 2024-10-01 00:00:00+00:00, run_after=2024-10-02 00:00:00+00:00
[2025-06-05T02:14:35.250+0000] {processor.py:208} INFO - Processing /opt/airflow/dags/Sesion5/DAG_Ejecucion_JAR.py took 0.098 seconds
[2025-06-05T02:15:05.558+0000] {processor.py:186} INFO - Started process (PID=2573) to work on /opt/airflow/dags/Sesion5/DAG_Ejecucion_JAR.py
[2025-06-05T02:15:05.561+0000] {processor.py:914} INFO - Processing file /opt/airflow/dags/Sesion5/DAG_Ejecucion_JAR.py for tasks to queue
[2025-06-05T02:15:05.565+0000] {logging_mixin.py:190} INFO - [2025-06-05T02:15:05.565+0000] {dagbag.py:588} INFO - Filling up the DagBag from /opt/airflow/dags/Sesion5/DAG_Ejecucion_JAR.py
[2025-06-05T02:15:05.578+0000] {processor.py:925} INFO - DAG(s) 'dag_run_java_jar' retrieved from /opt/airflow/dags/Sesion5/DAG_Ejecucion_JAR.py
[2025-06-05T02:15:05.605+0000] {logging_mixin.py:190} INFO - [2025-06-05T02:15:05.605+0000] {dag.py:3239} INFO - Sync 1 DAGs
[2025-06-05T02:15:05.634+0000] {logging_mixin.py:190} INFO - [2025-06-05T02:15:05.633+0000] {dag.py:4180} INFO - Setting next_dagrun for dag_run_java_jar to 2024-10-01 00:00:00+00:00, run_after=2024-10-02 00:00:00+00:00
[2025-06-05T02:15:05.654+0000] {processor.py:208} INFO - Processing /opt/airflow/dags/Sesion5/DAG_Ejecucion_JAR.py took 0.103 seconds
[2025-06-05T02:15:36.608+0000] {processor.py:186} INFO - Started process (PID=2688) to work on /opt/airflow/dags/Sesion5/DAG_Ejecucion_JAR.py
[2025-06-05T02:15:36.609+0000] {processor.py:914} INFO - Processing file /opt/airflow/dags/Sesion5/DAG_Ejecucion_JAR.py for tasks to queue
[2025-06-05T02:15:36.613+0000] {logging_mixin.py:190} INFO - [2025-06-05T02:15:36.612+0000] {dagbag.py:588} INFO - Filling up the DagBag from /opt/airflow/dags/Sesion5/DAG_Ejecucion_JAR.py
[2025-06-05T02:15:36.621+0000] {processor.py:925} INFO - DAG(s) 'dag_run_java_jar' retrieved from /opt/airflow/dags/Sesion5/DAG_Ejecucion_JAR.py
[2025-06-05T02:15:36.649+0000] {logging_mixin.py:190} INFO - [2025-06-05T02:15:36.648+0000] {dag.py:3239} INFO - Sync 1 DAGs
[2025-06-05T02:15:36.692+0000] {logging_mixin.py:190} INFO - [2025-06-05T02:15:36.691+0000] {dag.py:4180} INFO - Setting next_dagrun for dag_run_java_jar to 2024-10-01 00:00:00+00:00, run_after=2024-10-02 00:00:00+00:00
[2025-06-05T02:15:36.711+0000] {processor.py:208} INFO - Processing /opt/airflow/dags/Sesion5/DAG_Ejecucion_JAR.py took 0.109 seconds
[2025-06-05T02:16:07.679+0000] {processor.py:186} INFO - Started process (PID=2803) to work on /opt/airflow/dags/Sesion5/DAG_Ejecucion_JAR.py
[2025-06-05T02:16:07.680+0000] {processor.py:914} INFO - Processing file /opt/airflow/dags/Sesion5/DAG_Ejecucion_JAR.py for tasks to queue
[2025-06-05T02:16:07.685+0000] {logging_mixin.py:190} INFO - [2025-06-05T02:16:07.685+0000] {dagbag.py:588} INFO - Filling up the DagBag from /opt/airflow/dags/Sesion5/DAG_Ejecucion_JAR.py
[2025-06-05T02:16:07.694+0000] {processor.py:925} INFO - DAG(s) 'dag_run_java_jar' retrieved from /opt/airflow/dags/Sesion5/DAG_Ejecucion_JAR.py
[2025-06-05T02:16:07.719+0000] {logging_mixin.py:190} INFO - [2025-06-05T02:16:07.719+0000] {dag.py:3239} INFO - Sync 1 DAGs
[2025-06-05T02:16:07.749+0000] {logging_mixin.py:190} INFO - [2025-06-05T02:16:07.749+0000] {dag.py:4180} INFO - Setting next_dagrun for dag_run_java_jar to 2024-10-01 00:00:00+00:00, run_after=2024-10-02 00:00:00+00:00
[2025-06-05T02:16:07.771+0000] {processor.py:208} INFO - Processing /opt/airflow/dags/Sesion5/DAG_Ejecucion_JAR.py took 0.112 seconds
[2025-06-05T02:16:38.159+0000] {processor.py:186} INFO - Started process (PID=2918) to work on /opt/airflow/dags/Sesion5/DAG_Ejecucion_JAR.py
[2025-06-05T02:16:38.160+0000] {processor.py:914} INFO - Processing file /opt/airflow/dags/Sesion5/DAG_Ejecucion_JAR.py for tasks to queue
[2025-06-05T02:16:38.163+0000] {logging_mixin.py:190} INFO - [2025-06-05T02:16:38.162+0000] {dagbag.py:588} INFO - Filling up the DagBag from /opt/airflow/dags/Sesion5/DAG_Ejecucion_JAR.py
[2025-06-05T02:16:38.171+0000] {processor.py:925} INFO - DAG(s) 'dag_run_java_jar' retrieved from /opt/airflow/dags/Sesion5/DAG_Ejecucion_JAR.py
[2025-06-05T02:16:38.197+0000] {logging_mixin.py:190} INFO - [2025-06-05T02:16:38.196+0000] {dag.py:3239} INFO - Sync 1 DAGs
[2025-06-05T02:16:38.227+0000] {logging_mixin.py:190} INFO - [2025-06-05T02:16:38.227+0000] {dag.py:4180} INFO - Setting next_dagrun for dag_run_java_jar to 2024-10-01 00:00:00+00:00, run_after=2024-10-02 00:00:00+00:00
[2025-06-05T02:16:38.249+0000] {processor.py:208} INFO - Processing /opt/airflow/dags/Sesion5/DAG_Ejecucion_JAR.py took 0.097 seconds
[2025-06-05T02:17:08.484+0000] {processor.py:186} INFO - Started process (PID=3033) to work on /opt/airflow/dags/Sesion5/DAG_Ejecucion_JAR.py
[2025-06-05T02:17:08.485+0000] {processor.py:914} INFO - Processing file /opt/airflow/dags/Sesion5/DAG_Ejecucion_JAR.py for tasks to queue
[2025-06-05T02:17:08.488+0000] {logging_mixin.py:190} INFO - [2025-06-05T02:17:08.488+0000] {dagbag.py:588} INFO - Filling up the DagBag from /opt/airflow/dags/Sesion5/DAG_Ejecucion_JAR.py
[2025-06-05T02:17:08.497+0000] {processor.py:925} INFO - DAG(s) 'dag_run_java_jar' retrieved from /opt/airflow/dags/Sesion5/DAG_Ejecucion_JAR.py
[2025-06-05T02:17:08.522+0000] {logging_mixin.py:190} INFO - [2025-06-05T02:17:08.521+0000] {dag.py:3239} INFO - Sync 1 DAGs
[2025-06-05T02:17:08.555+0000] {logging_mixin.py:190} INFO - [2025-06-05T02:17:08.554+0000] {dag.py:4180} INFO - Setting next_dagrun for dag_run_java_jar to 2024-10-01 00:00:00+00:00, run_after=2024-10-02 00:00:00+00:00
[2025-06-05T02:17:08.623+0000] {processor.py:208} INFO - Processing /opt/airflow/dags/Sesion5/DAG_Ejecucion_JAR.py took 0.146 seconds
[2025-06-05T02:17:38.869+0000] {processor.py:186} INFO - Started process (PID=3148) to work on /opt/airflow/dags/Sesion5/DAG_Ejecucion_JAR.py
[2025-06-05T02:17:38.870+0000] {processor.py:914} INFO - Processing file /opt/airflow/dags/Sesion5/DAG_Ejecucion_JAR.py for tasks to queue
[2025-06-05T02:17:38.873+0000] {logging_mixin.py:190} INFO - [2025-06-05T02:17:38.872+0000] {dagbag.py:588} INFO - Filling up the DagBag from /opt/airflow/dags/Sesion5/DAG_Ejecucion_JAR.py
[2025-06-05T02:17:38.882+0000] {processor.py:925} INFO - DAG(s) 'dag_run_java_jar' retrieved from /opt/airflow/dags/Sesion5/DAG_Ejecucion_JAR.py
[2025-06-05T02:17:38.907+0000] {logging_mixin.py:190} INFO - [2025-06-05T02:17:38.907+0000] {dag.py:3239} INFO - Sync 1 DAGs
[2025-06-05T02:17:38.938+0000] {logging_mixin.py:190} INFO - [2025-06-05T02:17:38.937+0000] {dag.py:4180} INFO - Setting next_dagrun for dag_run_java_jar to 2024-10-01 00:00:00+00:00, run_after=2024-10-02 00:00:00+00:00
[2025-06-05T02:17:38.959+0000] {processor.py:208} INFO - Processing /opt/airflow/dags/Sesion5/DAG_Ejecucion_JAR.py took 0.096 seconds
[2025-06-05T02:18:09.883+0000] {processor.py:186} INFO - Started process (PID=3263) to work on /opt/airflow/dags/Sesion5/DAG_Ejecucion_JAR.py
[2025-06-05T02:18:09.884+0000] {processor.py:914} INFO - Processing file /opt/airflow/dags/Sesion5/DAG_Ejecucion_JAR.py for tasks to queue
[2025-06-05T02:18:09.886+0000] {logging_mixin.py:190} INFO - [2025-06-05T02:18:09.886+0000] {dagbag.py:588} INFO - Filling up the DagBag from /opt/airflow/dags/Sesion5/DAG_Ejecucion_JAR.py
[2025-06-05T02:18:09.895+0000] {processor.py:925} INFO - DAG(s) 'dag_run_java_jar' retrieved from /opt/airflow/dags/Sesion5/DAG_Ejecucion_JAR.py
[2025-06-05T02:18:09.920+0000] {logging_mixin.py:190} INFO - [2025-06-05T02:18:09.920+0000] {dag.py:3239} INFO - Sync 1 DAGs
[2025-06-05T02:18:09.950+0000] {logging_mixin.py:190} INFO - [2025-06-05T02:18:09.950+0000] {dag.py:4180} INFO - Setting next_dagrun for dag_run_java_jar to 2024-10-01 00:00:00+00:00, run_after=2024-10-02 00:00:00+00:00
[2025-06-05T02:18:09.972+0000] {processor.py:208} INFO - Processing /opt/airflow/dags/Sesion5/DAG_Ejecucion_JAR.py took 0.096 seconds
[2025-06-05T02:18:40.283+0000] {processor.py:186} INFO - Started process (PID=3378) to work on /opt/airflow/dags/Sesion5/DAG_Ejecucion_JAR.py
[2025-06-05T02:18:40.284+0000] {processor.py:914} INFO - Processing file /opt/airflow/dags/Sesion5/DAG_Ejecucion_JAR.py for tasks to queue
[2025-06-05T02:18:40.287+0000] {logging_mixin.py:190} INFO - [2025-06-05T02:18:40.286+0000] {dagbag.py:588} INFO - Filling up the DagBag from /opt/airflow/dags/Sesion5/DAG_Ejecucion_JAR.py
[2025-06-05T02:18:40.296+0000] {processor.py:925} INFO - DAG(s) 'dag_run_java_jar' retrieved from /opt/airflow/dags/Sesion5/DAG_Ejecucion_JAR.py
[2025-06-05T02:18:40.322+0000] {logging_mixin.py:190} INFO - [2025-06-05T02:18:40.321+0000] {dag.py:3239} INFO - Sync 1 DAGs
[2025-06-05T02:18:40.369+0000] {logging_mixin.py:190} INFO - [2025-06-05T02:18:40.369+0000] {dag.py:4180} INFO - Setting next_dagrun for dag_run_java_jar to 2024-10-01 00:00:00+00:00, run_after=2024-10-02 00:00:00+00:00
[2025-06-05T02:18:40.396+0000] {processor.py:208} INFO - Processing /opt/airflow/dags/Sesion5/DAG_Ejecucion_JAR.py took 0.120 seconds
[2025-06-05T02:19:10.493+0000] {processor.py:186} INFO - Started process (PID=3493) to work on /opt/airflow/dags/Sesion5/DAG_Ejecucion_JAR.py
[2025-06-05T02:19:10.494+0000] {processor.py:914} INFO - Processing file /opt/airflow/dags/Sesion5/DAG_Ejecucion_JAR.py for tasks to queue
[2025-06-05T02:19:10.497+0000] {logging_mixin.py:190} INFO - [2025-06-05T02:19:10.497+0000] {dagbag.py:588} INFO - Filling up the DagBag from /opt/airflow/dags/Sesion5/DAG_Ejecucion_JAR.py
[2025-06-05T02:19:10.509+0000] {processor.py:925} INFO - DAG(s) 'dag_run_java_jar' retrieved from /opt/airflow/dags/Sesion5/DAG_Ejecucion_JAR.py
[2025-06-05T02:19:10.533+0000] {logging_mixin.py:190} INFO - [2025-06-05T02:19:10.533+0000] {dag.py:3239} INFO - Sync 1 DAGs
[2025-06-05T02:19:10.563+0000] {logging_mixin.py:190} INFO - [2025-06-05T02:19:10.562+0000] {dag.py:4180} INFO - Setting next_dagrun for dag_run_java_jar to 2024-10-01 00:00:00+00:00, run_after=2024-10-02 00:00:00+00:00
[2025-06-05T02:19:10.585+0000] {processor.py:208} INFO - Processing /opt/airflow/dags/Sesion5/DAG_Ejecucion_JAR.py took 0.100 seconds
[2025-06-05T02:19:41.283+0000] {processor.py:186} INFO - Started process (PID=3608) to work on /opt/airflow/dags/Sesion5/DAG_Ejecucion_JAR.py
[2025-06-05T02:19:41.284+0000] {processor.py:914} INFO - Processing file /opt/airflow/dags/Sesion5/DAG_Ejecucion_JAR.py for tasks to queue
[2025-06-05T02:19:41.288+0000] {logging_mixin.py:190} INFO - [2025-06-05T02:19:41.286+0000] {dagbag.py:588} INFO - Filling up the DagBag from /opt/airflow/dags/Sesion5/DAG_Ejecucion_JAR.py
[2025-06-05T02:19:41.309+0000] {processor.py:925} INFO - DAG(s) 'dag_run_java_jar' retrieved from /opt/airflow/dags/Sesion5/DAG_Ejecucion_JAR.py
[2025-06-05T02:19:41.352+0000] {logging_mixin.py:190} INFO - [2025-06-05T02:19:41.352+0000] {dag.py:3239} INFO - Sync 1 DAGs
[2025-06-05T02:19:41.392+0000] {logging_mixin.py:190} INFO - [2025-06-05T02:19:41.392+0000] {dag.py:4180} INFO - Setting next_dagrun for dag_run_java_jar to 2024-10-01 00:00:00+00:00, run_after=2024-10-02 00:00:00+00:00
[2025-06-05T02:19:41.411+0000] {processor.py:208} INFO - Processing /opt/airflow/dags/Sesion5/DAG_Ejecucion_JAR.py took 0.138 seconds
[2025-06-05T02:20:11.687+0000] {processor.py:186} INFO - Started process (PID=3723) to work on /opt/airflow/dags/Sesion5/DAG_Ejecucion_JAR.py
[2025-06-05T02:20:11.688+0000] {processor.py:914} INFO - Processing file /opt/airflow/dags/Sesion5/DAG_Ejecucion_JAR.py for tasks to queue
[2025-06-05T02:20:11.691+0000] {logging_mixin.py:190} INFO - [2025-06-05T02:20:11.690+0000] {dagbag.py:588} INFO - Filling up the DagBag from /opt/airflow/dags/Sesion5/DAG_Ejecucion_JAR.py
[2025-06-05T02:20:11.700+0000] {processor.py:925} INFO - DAG(s) 'dag_run_java_jar' retrieved from /opt/airflow/dags/Sesion5/DAG_Ejecucion_JAR.py
[2025-06-05T02:20:11.727+0000] {logging_mixin.py:190} INFO - [2025-06-05T02:20:11.726+0000] {dag.py:3239} INFO - Sync 1 DAGs
[2025-06-05T02:20:11.756+0000] {logging_mixin.py:190} INFO - [2025-06-05T02:20:11.756+0000] {dag.py:4180} INFO - Setting next_dagrun for dag_run_java_jar to 2024-10-01 00:00:00+00:00, run_after=2024-10-02 00:00:00+00:00
[2025-06-05T02:20:11.779+0000] {processor.py:208} INFO - Processing /opt/airflow/dags/Sesion5/DAG_Ejecucion_JAR.py took 0.099 seconds
[2025-06-05T02:20:41.906+0000] {processor.py:186} INFO - Started process (PID=3838) to work on /opt/airflow/dags/Sesion5/DAG_Ejecucion_JAR.py
[2025-06-05T02:20:41.907+0000] {processor.py:914} INFO - Processing file /opt/airflow/dags/Sesion5/DAG_Ejecucion_JAR.py for tasks to queue
[2025-06-05T02:20:41.910+0000] {logging_mixin.py:190} INFO - [2025-06-05T02:20:41.909+0000] {dagbag.py:588} INFO - Filling up the DagBag from /opt/airflow/dags/Sesion5/DAG_Ejecucion_JAR.py
[2025-06-05T02:20:41.919+0000] {processor.py:925} INFO - DAG(s) 'dag_run_java_jar' retrieved from /opt/airflow/dags/Sesion5/DAG_Ejecucion_JAR.py
[2025-06-05T02:20:41.961+0000] {logging_mixin.py:190} INFO - [2025-06-05T02:20:41.961+0000] {dag.py:3239} INFO - Sync 1 DAGs
[2025-06-05T02:20:41.994+0000] {logging_mixin.py:190} INFO - [2025-06-05T02:20:41.993+0000] {dag.py:4180} INFO - Setting next_dagrun for dag_run_java_jar to 2024-10-01 00:00:00+00:00, run_after=2024-10-02 00:00:00+00:00
[2025-06-05T02:20:42.014+0000] {processor.py:208} INFO - Processing /opt/airflow/dags/Sesion5/DAG_Ejecucion_JAR.py took 0.115 seconds
[2025-06-05T02:21:12.241+0000] {processor.py:186} INFO - Started process (PID=3953) to work on /opt/airflow/dags/Sesion5/DAG_Ejecucion_JAR.py
[2025-06-05T02:21:12.242+0000] {processor.py:914} INFO - Processing file /opt/airflow/dags/Sesion5/DAG_Ejecucion_JAR.py for tasks to queue
[2025-06-05T02:21:12.244+0000] {logging_mixin.py:190} INFO - [2025-06-05T02:21:12.244+0000] {dagbag.py:588} INFO - Filling up the DagBag from /opt/airflow/dags/Sesion5/DAG_Ejecucion_JAR.py
[2025-06-05T02:21:12.253+0000] {processor.py:925} INFO - DAG(s) 'dag_run_java_jar' retrieved from /opt/airflow/dags/Sesion5/DAG_Ejecucion_JAR.py
[2025-06-05T02:21:12.312+0000] {logging_mixin.py:190} INFO - [2025-06-05T02:21:12.311+0000] {dag.py:3239} INFO - Sync 1 DAGs
[2025-06-05T02:21:12.379+0000] {logging_mixin.py:190} INFO - [2025-06-05T02:21:12.379+0000] {dag.py:4180} INFO - Setting next_dagrun for dag_run_java_jar to 2024-10-01 00:00:00+00:00, run_after=2024-10-02 00:00:00+00:00
[2025-06-05T02:21:12.407+0000] {processor.py:208} INFO - Processing /opt/airflow/dags/Sesion5/DAG_Ejecucion_JAR.py took 0.173 seconds
[2025-06-05T02:21:43.186+0000] {processor.py:186} INFO - Started process (PID=4053) to work on /opt/airflow/dags/Sesion5/DAG_Ejecucion_JAR.py
[2025-06-05T02:21:43.187+0000] {processor.py:914} INFO - Processing file /opt/airflow/dags/Sesion5/DAG_Ejecucion_JAR.py for tasks to queue
[2025-06-05T02:21:43.189+0000] {logging_mixin.py:190} INFO - [2025-06-05T02:21:43.189+0000] {dagbag.py:588} INFO - Filling up the DagBag from /opt/airflow/dags/Sesion5/DAG_Ejecucion_JAR.py
[2025-06-05T02:21:43.199+0000] {processor.py:925} INFO - DAG(s) 'dag_run_java_jar' retrieved from /opt/airflow/dags/Sesion5/DAG_Ejecucion_JAR.py
[2025-06-05T02:21:43.224+0000] {logging_mixin.py:190} INFO - [2025-06-05T02:21:43.224+0000] {dag.py:3239} INFO - Sync 1 DAGs
[2025-06-05T02:21:43.255+0000] {logging_mixin.py:190} INFO - [2025-06-05T02:21:43.254+0000] {dag.py:4180} INFO - Setting next_dagrun for dag_run_java_jar to 2024-10-01 00:00:00+00:00, run_after=2024-10-02 00:00:00+00:00
[2025-06-05T02:21:43.449+0000] {processor.py:208} INFO - Processing /opt/airflow/dags/Sesion5/DAG_Ejecucion_JAR.py took 0.271 seconds
[2025-06-05T02:22:13.683+0000] {processor.py:186} INFO - Started process (PID=4166) to work on /opt/airflow/dags/Sesion5/DAG_Ejecucion_JAR.py
[2025-06-05T02:22:13.684+0000] {processor.py:914} INFO - Processing file /opt/airflow/dags/Sesion5/DAG_Ejecucion_JAR.py for tasks to queue
[2025-06-05T02:22:13.686+0000] {logging_mixin.py:190} INFO - [2025-06-05T02:22:13.686+0000] {dagbag.py:588} INFO - Filling up the DagBag from /opt/airflow/dags/Sesion5/DAG_Ejecucion_JAR.py
[2025-06-05T02:22:13.695+0000] {processor.py:925} INFO - DAG(s) 'dag_run_java_jar' retrieved from /opt/airflow/dags/Sesion5/DAG_Ejecucion_JAR.py
[2025-06-05T02:22:13.719+0000] {logging_mixin.py:190} INFO - [2025-06-05T02:22:13.719+0000] {dag.py:3239} INFO - Sync 1 DAGs
[2025-06-05T02:22:13.748+0000] {logging_mixin.py:190} INFO - [2025-06-05T02:22:13.748+0000] {dag.py:4180} INFO - Setting next_dagrun for dag_run_java_jar to 2024-10-01 00:00:00+00:00, run_after=2024-10-02 00:00:00+00:00
[2025-06-05T02:22:13.767+0000] {processor.py:208} INFO - Processing /opt/airflow/dags/Sesion5/DAG_Ejecucion_JAR.py took 0.091 seconds
[2025-06-05T02:22:44.253+0000] {processor.py:186} INFO - Started process (PID=4266) to work on /opt/airflow/dags/Sesion5/DAG_Ejecucion_JAR.py
[2025-06-05T02:22:44.254+0000] {processor.py:914} INFO - Processing file /opt/airflow/dags/Sesion5/DAG_Ejecucion_JAR.py for tasks to queue
[2025-06-05T02:22:44.260+0000] {logging_mixin.py:190} INFO - [2025-06-05T02:22:44.259+0000] {dagbag.py:588} INFO - Filling up the DagBag from /opt/airflow/dags/Sesion5/DAG_Ejecucion_JAR.py
[2025-06-05T02:22:44.271+0000] {processor.py:925} INFO - DAG(s) 'dag_run_java_jar' retrieved from /opt/airflow/dags/Sesion5/DAG_Ejecucion_JAR.py
[2025-06-05T02:22:44.295+0000] {logging_mixin.py:190} INFO - [2025-06-05T02:22:44.295+0000] {dag.py:3239} INFO - Sync 1 DAGs
[2025-06-05T02:22:44.324+0000] {logging_mixin.py:190} INFO - [2025-06-05T02:22:44.324+0000] {dag.py:4180} INFO - Setting next_dagrun for dag_run_java_jar to 2024-10-01 00:00:00+00:00, run_after=2024-10-02 00:00:00+00:00
[2025-06-05T02:22:44.346+0000] {processor.py:208} INFO - Processing /opt/airflow/dags/Sesion5/DAG_Ejecucion_JAR.py took 0.111 seconds
[2025-06-05T02:23:14.414+0000] {processor.py:186} INFO - Started process (PID=4381) to work on /opt/airflow/dags/Sesion5/DAG_Ejecucion_JAR.py
[2025-06-05T02:23:14.419+0000] {processor.py:914} INFO - Processing file /opt/airflow/dags/Sesion5/DAG_Ejecucion_JAR.py for tasks to queue
[2025-06-05T02:23:14.427+0000] {logging_mixin.py:190} INFO - [2025-06-05T02:23:14.424+0000] {dagbag.py:588} INFO - Filling up the DagBag from /opt/airflow/dags/Sesion5/DAG_Ejecucion_JAR.py
[2025-06-05T02:23:14.449+0000] {processor.py:925} INFO - DAG(s) 'dag_run_java_jar' retrieved from /opt/airflow/dags/Sesion5/DAG_Ejecucion_JAR.py
[2025-06-05T02:23:14.518+0000] {logging_mixin.py:190} INFO - [2025-06-05T02:23:14.518+0000] {dag.py:3239} INFO - Sync 1 DAGs
[2025-06-05T02:23:14.588+0000] {logging_mixin.py:190} INFO - [2025-06-05T02:23:14.588+0000] {dag.py:4180} INFO - Setting next_dagrun for dag_run_java_jar to 2024-10-01 00:00:00+00:00, run_after=2024-10-02 00:00:00+00:00
[2025-06-05T02:23:14.610+0000] {processor.py:208} INFO - Processing /opt/airflow/dags/Sesion5/DAG_Ejecucion_JAR.py took 0.212 seconds
[2025-06-05T02:23:45.474+0000] {processor.py:186} INFO - Started process (PID=4496) to work on /opt/airflow/dags/Sesion5/DAG_Ejecucion_JAR.py
[2025-06-05T02:23:45.475+0000] {processor.py:914} INFO - Processing file /opt/airflow/dags/Sesion5/DAG_Ejecucion_JAR.py for tasks to queue
[2025-06-05T02:23:45.478+0000] {logging_mixin.py:190} INFO - [2025-06-05T02:23:45.477+0000] {dagbag.py:588} INFO - Filling up the DagBag from /opt/airflow/dags/Sesion5/DAG_Ejecucion_JAR.py
[2025-06-05T02:23:45.487+0000] {processor.py:925} INFO - DAG(s) 'dag_run_java_jar' retrieved from /opt/airflow/dags/Sesion5/DAG_Ejecucion_JAR.py
[2025-06-05T02:23:45.511+0000] {logging_mixin.py:190} INFO - [2025-06-05T02:23:45.511+0000] {dag.py:3239} INFO - Sync 1 DAGs
[2025-06-05T02:23:45.542+0000] {logging_mixin.py:190} INFO - [2025-06-05T02:23:45.541+0000] {dag.py:4180} INFO - Setting next_dagrun for dag_run_java_jar to 2024-10-01 00:00:00+00:00, run_after=2024-10-02 00:00:00+00:00
[2025-06-05T02:23:45.738+0000] {processor.py:208} INFO - Processing /opt/airflow/dags/Sesion5/DAG_Ejecucion_JAR.py took 0.271 seconds
[2025-06-05T02:24:16.330+0000] {processor.py:186} INFO - Started process (PID=4611) to work on /opt/airflow/dags/Sesion5/DAG_Ejecucion_JAR.py
[2025-06-05T02:24:16.331+0000] {processor.py:914} INFO - Processing file /opt/airflow/dags/Sesion5/DAG_Ejecucion_JAR.py for tasks to queue
[2025-06-05T02:24:16.333+0000] {logging_mixin.py:190} INFO - [2025-06-05T02:24:16.333+0000] {dagbag.py:588} INFO - Filling up the DagBag from /opt/airflow/dags/Sesion5/DAG_Ejecucion_JAR.py
[2025-06-05T02:24:16.343+0000] {processor.py:925} INFO - DAG(s) 'dag_run_java_jar' retrieved from /opt/airflow/dags/Sesion5/DAG_Ejecucion_JAR.py
[2025-06-05T02:24:16.369+0000] {logging_mixin.py:190} INFO - [2025-06-05T02:24:16.369+0000] {dag.py:3239} INFO - Sync 1 DAGs
[2025-06-05T02:24:16.405+0000] {logging_mixin.py:190} INFO - [2025-06-05T02:24:16.405+0000] {dag.py:4180} INFO - Setting next_dagrun for dag_run_java_jar to 2024-10-01 00:00:00+00:00, run_after=2024-10-02 00:00:00+00:00
[2025-06-05T02:24:16.427+0000] {processor.py:208} INFO - Processing /opt/airflow/dags/Sesion5/DAG_Ejecucion_JAR.py took 0.105 seconds
[2025-06-05T02:24:46.558+0000] {processor.py:186} INFO - Started process (PID=4726) to work on /opt/airflow/dags/Sesion5/DAG_Ejecucion_JAR.py
[2025-06-05T02:24:46.559+0000] {processor.py:914} INFO - Processing file /opt/airflow/dags/Sesion5/DAG_Ejecucion_JAR.py for tasks to queue
[2025-06-05T02:24:46.562+0000] {logging_mixin.py:190} INFO - [2025-06-05T02:24:46.561+0000] {dagbag.py:588} INFO - Filling up the DagBag from /opt/airflow/dags/Sesion5/DAG_Ejecucion_JAR.py
[2025-06-05T02:24:46.570+0000] {processor.py:925} INFO - DAG(s) 'dag_run_java_jar' retrieved from /opt/airflow/dags/Sesion5/DAG_Ejecucion_JAR.py
[2025-06-05T02:24:46.595+0000] {logging_mixin.py:190} INFO - [2025-06-05T02:24:46.595+0000] {dag.py:3239} INFO - Sync 1 DAGs
[2025-06-05T02:24:46.625+0000] {logging_mixin.py:190} INFO - [2025-06-05T02:24:46.624+0000] {dag.py:4180} INFO - Setting next_dagrun for dag_run_java_jar to 2024-10-01 00:00:00+00:00, run_after=2024-10-02 00:00:00+00:00
[2025-06-05T02:24:46.644+0000] {processor.py:208} INFO - Processing /opt/airflow/dags/Sesion5/DAG_Ejecucion_JAR.py took 0.093 seconds
[2025-06-05T02:25:16.787+0000] {processor.py:186} INFO - Started process (PID=4800) to work on /opt/airflow/dags/Sesion5/DAG_Ejecucion_JAR.py
[2025-06-05T02:25:16.788+0000] {processor.py:914} INFO - Processing file /opt/airflow/dags/Sesion5/DAG_Ejecucion_JAR.py for tasks to queue
[2025-06-05T02:25:16.790+0000] {logging_mixin.py:190} INFO - [2025-06-05T02:25:16.790+0000] {dagbag.py:588} INFO - Filling up the DagBag from /opt/airflow/dags/Sesion5/DAG_Ejecucion_JAR.py
[2025-06-05T02:25:16.799+0000] {processor.py:925} INFO - DAG(s) 'dag_run_java_jar' retrieved from /opt/airflow/dags/Sesion5/DAG_Ejecucion_JAR.py
[2025-06-05T02:25:16.824+0000] {logging_mixin.py:190} INFO - [2025-06-05T02:25:16.823+0000] {dag.py:3239} INFO - Sync 1 DAGs
[2025-06-05T02:25:16.855+0000] {logging_mixin.py:190} INFO - [2025-06-05T02:25:16.854+0000] {dag.py:4180} INFO - Setting next_dagrun for dag_run_java_jar to 2024-10-01 00:00:00+00:00, run_after=2024-10-02 00:00:00+00:00
[2025-06-05T02:25:16.875+0000] {processor.py:208} INFO - Processing /opt/airflow/dags/Sesion5/DAG_Ejecucion_JAR.py took 0.095 seconds
[2025-06-05T02:25:47.095+0000] {processor.py:186} INFO - Started process (PID=4888) to work on /opt/airflow/dags/Sesion5/DAG_Ejecucion_JAR.py
[2025-06-05T02:25:47.096+0000] {processor.py:914} INFO - Processing file /opt/airflow/dags/Sesion5/DAG_Ejecucion_JAR.py for tasks to queue
[2025-06-05T02:25:47.099+0000] {logging_mixin.py:190} INFO - [2025-06-05T02:25:47.099+0000] {dagbag.py:588} INFO - Filling up the DagBag from /opt/airflow/dags/Sesion5/DAG_Ejecucion_JAR.py
[2025-06-05T02:25:47.111+0000] {processor.py:925} INFO - DAG(s) 'dag_run_java_jar' retrieved from /opt/airflow/dags/Sesion5/DAG_Ejecucion_JAR.py
[2025-06-05T02:25:47.136+0000] {logging_mixin.py:190} INFO - [2025-06-05T02:25:47.135+0000] {dag.py:3239} INFO - Sync 1 DAGs
[2025-06-05T02:25:47.189+0000] {logging_mixin.py:190} INFO - [2025-06-05T02:25:47.189+0000] {dag.py:4180} INFO - Setting next_dagrun for dag_run_java_jar to 2024-10-01 00:00:00+00:00, run_after=2024-10-02 00:00:00+00:00
[2025-06-05T02:25:47.259+0000] {processor.py:208} INFO - Processing /opt/airflow/dags/Sesion5/DAG_Ejecucion_JAR.py took 0.172 seconds
[2025-06-05T02:26:17.369+0000] {processor.py:186} INFO - Started process (PID=5003) to work on /opt/airflow/dags/Sesion5/DAG_Ejecucion_JAR.py
[2025-06-05T02:26:17.372+0000] {processor.py:914} INFO - Processing file /opt/airflow/dags/Sesion5/DAG_Ejecucion_JAR.py for tasks to queue
[2025-06-05T02:26:17.380+0000] {logging_mixin.py:190} INFO - [2025-06-05T02:26:17.379+0000] {dagbag.py:588} INFO - Filling up the DagBag from /opt/airflow/dags/Sesion5/DAG_Ejecucion_JAR.py
[2025-06-05T02:26:17.394+0000] {processor.py:925} INFO - DAG(s) 'dag_run_java_jar' retrieved from /opt/airflow/dags/Sesion5/DAG_Ejecucion_JAR.py
[2025-06-05T02:26:17.430+0000] {logging_mixin.py:190} INFO - [2025-06-05T02:26:17.430+0000] {dag.py:3239} INFO - Sync 1 DAGs
[2025-06-05T02:26:17.673+0000] {logging_mixin.py:190} INFO - [2025-06-05T02:26:17.673+0000] {dag.py:4180} INFO - Setting next_dagrun for dag_run_java_jar to 2024-10-01 00:00:00+00:00, run_after=2024-10-02 00:00:00+00:00
[2025-06-05T02:26:17.689+0000] {processor.py:208} INFO - Processing /opt/airflow/dags/Sesion5/DAG_Ejecucion_JAR.py took 0.328 seconds
[2025-06-05T02:26:48.697+0000] {processor.py:186} INFO - Started process (PID=5118) to work on /opt/airflow/dags/Sesion5/DAG_Ejecucion_JAR.py
[2025-06-05T02:26:48.698+0000] {processor.py:914} INFO - Processing file /opt/airflow/dags/Sesion5/DAG_Ejecucion_JAR.py for tasks to queue
[2025-06-05T02:26:48.701+0000] {logging_mixin.py:190} INFO - [2025-06-05T02:26:48.701+0000] {dagbag.py:588} INFO - Filling up the DagBag from /opt/airflow/dags/Sesion5/DAG_Ejecucion_JAR.py
[2025-06-05T02:26:48.710+0000] {processor.py:925} INFO - DAG(s) 'dag_run_java_jar' retrieved from /opt/airflow/dags/Sesion5/DAG_Ejecucion_JAR.py
[2025-06-05T02:26:48.734+0000] {logging_mixin.py:190} INFO - [2025-06-05T02:26:48.734+0000] {dag.py:3239} INFO - Sync 1 DAGs
[2025-06-05T02:26:48.772+0000] {logging_mixin.py:190} INFO - [2025-06-05T02:26:48.771+0000] {dag.py:4180} INFO - Setting next_dagrun for dag_run_java_jar to 2024-10-01 00:00:00+00:00, run_after=2024-10-02 00:00:00+00:00
[2025-06-05T02:26:48.799+0000] {processor.py:208} INFO - Processing /opt/airflow/dags/Sesion5/DAG_Ejecucion_JAR.py took 0.109 seconds
[2025-06-05T02:27:18.845+0000] {processor.py:186} INFO - Started process (PID=5233) to work on /opt/airflow/dags/Sesion5/DAG_Ejecucion_JAR.py
[2025-06-05T02:27:18.846+0000] {processor.py:914} INFO - Processing file /opt/airflow/dags/Sesion5/DAG_Ejecucion_JAR.py for tasks to queue
[2025-06-05T02:27:18.849+0000] {logging_mixin.py:190} INFO - [2025-06-05T02:27:18.848+0000] {dagbag.py:588} INFO - Filling up the DagBag from /opt/airflow/dags/Sesion5/DAG_Ejecucion_JAR.py
[2025-06-05T02:27:18.855+0000] {processor.py:925} INFO - DAG(s) 'dag_run_java_jar' retrieved from /opt/airflow/dags/Sesion5/DAG_Ejecucion_JAR.py
[2025-06-05T02:27:18.874+0000] {logging_mixin.py:190} INFO - [2025-06-05T02:27:18.874+0000] {dag.py:3239} INFO - Sync 1 DAGs
[2025-06-05T02:27:18.895+0000] {logging_mixin.py:190} INFO - [2025-06-05T02:27:18.895+0000] {dag.py:4180} INFO - Setting next_dagrun for dag_run_java_jar to 2024-10-01 00:00:00+00:00, run_after=2024-10-02 00:00:00+00:00
[2025-06-05T02:27:18.910+0000] {processor.py:208} INFO - Processing /opt/airflow/dags/Sesion5/DAG_Ejecucion_JAR.py took 0.070 seconds
[2025-06-05T02:27:49.129+0000] {processor.py:186} INFO - Started process (PID=5348) to work on /opt/airflow/dags/Sesion5/DAG_Ejecucion_JAR.py
[2025-06-05T02:27:49.135+0000] {processor.py:914} INFO - Processing file /opt/airflow/dags/Sesion5/DAG_Ejecucion_JAR.py for tasks to queue
[2025-06-05T02:27:49.140+0000] {logging_mixin.py:190} INFO - [2025-06-05T02:27:49.140+0000] {dagbag.py:588} INFO - Filling up the DagBag from /opt/airflow/dags/Sesion5/DAG_Ejecucion_JAR.py
[2025-06-05T02:27:49.161+0000] {processor.py:925} INFO - DAG(s) 'dag_run_java_jar' retrieved from /opt/airflow/dags/Sesion5/DAG_Ejecucion_JAR.py
[2025-06-05T02:27:49.215+0000] {logging_mixin.py:190} INFO - [2025-06-05T02:27:49.215+0000] {dag.py:3239} INFO - Sync 1 DAGs
[2025-06-05T02:27:49.277+0000] {logging_mixin.py:190} INFO - [2025-06-05T02:27:49.276+0000] {dag.py:4180} INFO - Setting next_dagrun for dag_run_java_jar to 2024-10-01 00:00:00+00:00, run_after=2024-10-02 00:00:00+00:00
[2025-06-05T02:27:49.314+0000] {processor.py:208} INFO - Processing /opt/airflow/dags/Sesion5/DAG_Ejecucion_JAR.py took 0.212 seconds
[2025-06-05T02:28:19.403+0000] {processor.py:186} INFO - Started process (PID=5463) to work on /opt/airflow/dags/Sesion5/DAG_Ejecucion_JAR.py
[2025-06-05T02:28:19.404+0000] {processor.py:914} INFO - Processing file /opt/airflow/dags/Sesion5/DAG_Ejecucion_JAR.py for tasks to queue
[2025-06-05T02:28:19.407+0000] {logging_mixin.py:190} INFO - [2025-06-05T02:28:19.406+0000] {dagbag.py:588} INFO - Filling up the DagBag from /opt/airflow/dags/Sesion5/DAG_Ejecucion_JAR.py
[2025-06-05T02:28:19.416+0000] {processor.py:925} INFO - DAG(s) 'dag_run_java_jar' retrieved from /opt/airflow/dags/Sesion5/DAG_Ejecucion_JAR.py
[2025-06-05T02:28:19.440+0000] {logging_mixin.py:190} INFO - [2025-06-05T02:28:19.440+0000] {dag.py:3239} INFO - Sync 1 DAGs
[2025-06-05T02:28:19.763+0000] {logging_mixin.py:190} INFO - [2025-06-05T02:28:19.762+0000] {dag.py:4180} INFO - Setting next_dagrun for dag_run_java_jar to 2024-10-01 00:00:00+00:00, run_after=2024-10-02 00:00:00+00:00
[2025-06-05T02:28:19.804+0000] {processor.py:208} INFO - Processing /opt/airflow/dags/Sesion5/DAG_Ejecucion_JAR.py took 0.408 seconds
[2025-06-05T02:28:50.236+0000] {processor.py:186} INFO - Started process (PID=5578) to work on /opt/airflow/dags/Sesion5/DAG_Ejecucion_JAR.py
[2025-06-05T02:28:50.237+0000] {processor.py:914} INFO - Processing file /opt/airflow/dags/Sesion5/DAG_Ejecucion_JAR.py for tasks to queue
[2025-06-05T02:28:50.240+0000] {logging_mixin.py:190} INFO - [2025-06-05T02:28:50.240+0000] {dagbag.py:588} INFO - Filling up the DagBag from /opt/airflow/dags/Sesion5/DAG_Ejecucion_JAR.py
[2025-06-05T02:28:50.249+0000] {processor.py:925} INFO - DAG(s) 'dag_run_java_jar' retrieved from /opt/airflow/dags/Sesion5/DAG_Ejecucion_JAR.py
[2025-06-05T02:28:50.273+0000] {logging_mixin.py:190} INFO - [2025-06-05T02:28:50.273+0000] {dag.py:3239} INFO - Sync 1 DAGs
[2025-06-05T02:28:50.305+0000] {logging_mixin.py:190} INFO - [2025-06-05T02:28:50.304+0000] {dag.py:4180} INFO - Setting next_dagrun for dag_run_java_jar to 2024-10-01 00:00:00+00:00, run_after=2024-10-02 00:00:00+00:00
[2025-06-05T02:28:50.331+0000] {processor.py:208} INFO - Processing /opt/airflow/dags/Sesion5/DAG_Ejecucion_JAR.py took 0.101 seconds
[2025-06-05T02:29:20.564+0000] {processor.py:186} INFO - Started process (PID=5693) to work on /opt/airflow/dags/Sesion5/DAG_Ejecucion_JAR.py
[2025-06-05T02:29:20.565+0000] {processor.py:914} INFO - Processing file /opt/airflow/dags/Sesion5/DAG_Ejecucion_JAR.py for tasks to queue
[2025-06-05T02:29:20.568+0000] {logging_mixin.py:190} INFO - [2025-06-05T02:29:20.568+0000] {dagbag.py:588} INFO - Filling up the DagBag from /opt/airflow/dags/Sesion5/DAG_Ejecucion_JAR.py
[2025-06-05T02:29:20.580+0000] {processor.py:925} INFO - DAG(s) 'dag_run_java_jar' retrieved from /opt/airflow/dags/Sesion5/DAG_Ejecucion_JAR.py
[2025-06-05T02:29:20.606+0000] {logging_mixin.py:190} INFO - [2025-06-05T02:29:20.606+0000] {dag.py:3239} INFO - Sync 1 DAGs
[2025-06-05T02:29:20.636+0000] {logging_mixin.py:190} INFO - [2025-06-05T02:29:20.636+0000] {dag.py:4180} INFO - Setting next_dagrun for dag_run_java_jar to 2024-10-01 00:00:00+00:00, run_after=2024-10-02 00:00:00+00:00
[2025-06-05T02:29:20.656+0000] {processor.py:208} INFO - Processing /opt/airflow/dags/Sesion5/DAG_Ejecucion_JAR.py took 0.099 seconds
[2025-06-05T02:29:51.070+0000] {processor.py:186} INFO - Started process (PID=5808) to work on /opt/airflow/dags/Sesion5/DAG_Ejecucion_JAR.py
[2025-06-05T02:29:51.071+0000] {processor.py:914} INFO - Processing file /opt/airflow/dags/Sesion5/DAG_Ejecucion_JAR.py for tasks to queue
[2025-06-05T02:29:51.075+0000] {logging_mixin.py:190} INFO - [2025-06-05T02:29:51.075+0000] {dagbag.py:588} INFO - Filling up the DagBag from /opt/airflow/dags/Sesion5/DAG_Ejecucion_JAR.py
[2025-06-05T02:29:51.088+0000] {processor.py:925} INFO - DAG(s) 'dag_run_java_jar' retrieved from /opt/airflow/dags/Sesion5/DAG_Ejecucion_JAR.py
[2025-06-05T02:29:51.112+0000] {logging_mixin.py:190} INFO - [2025-06-05T02:29:51.112+0000] {dag.py:3239} INFO - Sync 1 DAGs
[2025-06-05T02:29:51.143+0000] {logging_mixin.py:190} INFO - [2025-06-05T02:29:51.142+0000] {dag.py:4180} INFO - Setting next_dagrun for dag_run_java_jar to 2024-10-01 00:00:00+00:00, run_after=2024-10-02 00:00:00+00:00
[2025-06-05T02:29:51.167+0000] {processor.py:208} INFO - Processing /opt/airflow/dags/Sesion5/DAG_Ejecucion_JAR.py took 0.104 seconds
[2025-06-05T02:30:21.544+0000] {processor.py:186} INFO - Started process (PID=5923) to work on /opt/airflow/dags/Sesion5/DAG_Ejecucion_JAR.py
[2025-06-05T02:30:21.545+0000] {processor.py:914} INFO - Processing file /opt/airflow/dags/Sesion5/DAG_Ejecucion_JAR.py for tasks to queue
[2025-06-05T02:30:21.547+0000] {logging_mixin.py:190} INFO - [2025-06-05T02:30:21.547+0000] {dagbag.py:588} INFO - Filling up the DagBag from /opt/airflow/dags/Sesion5/DAG_Ejecucion_JAR.py
[2025-06-05T02:30:21.557+0000] {processor.py:925} INFO - DAG(s) 'dag_run_java_jar' retrieved from /opt/airflow/dags/Sesion5/DAG_Ejecucion_JAR.py
[2025-06-05T02:30:21.583+0000] {logging_mixin.py:190} INFO - [2025-06-05T02:30:21.583+0000] {dag.py:3239} INFO - Sync 1 DAGs
[2025-06-05T02:30:21.846+0000] {logging_mixin.py:190} INFO - [2025-06-05T02:30:21.846+0000] {dag.py:4180} INFO - Setting next_dagrun for dag_run_java_jar to 2024-10-01 00:00:00+00:00, run_after=2024-10-02 00:00:00+00:00
[2025-06-05T02:30:21.869+0000] {processor.py:208} INFO - Processing /opt/airflow/dags/Sesion5/DAG_Ejecucion_JAR.py took 0.331 seconds
[2025-06-05T02:30:52.419+0000] {processor.py:186} INFO - Started process (PID=6038) to work on /opt/airflow/dags/Sesion5/DAG_Ejecucion_JAR.py
[2025-06-05T02:30:52.420+0000] {processor.py:914} INFO - Processing file /opt/airflow/dags/Sesion5/DAG_Ejecucion_JAR.py for tasks to queue
[2025-06-05T02:30:52.427+0000] {logging_mixin.py:190} INFO - [2025-06-05T02:30:52.424+0000] {dagbag.py:588} INFO - Filling up the DagBag from /opt/airflow/dags/Sesion5/DAG_Ejecucion_JAR.py
[2025-06-05T02:30:52.443+0000] {processor.py:925} INFO - DAG(s) 'dag_run_java_jar' retrieved from /opt/airflow/dags/Sesion5/DAG_Ejecucion_JAR.py
[2025-06-05T02:30:52.670+0000] {logging_mixin.py:190} INFO - [2025-06-05T02:30:52.670+0000] {dag.py:3239} INFO - Sync 1 DAGs
[2025-06-05T02:30:52.694+0000] {logging_mixin.py:190} INFO - [2025-06-05T02:30:52.694+0000] {dag.py:4180} INFO - Setting next_dagrun for dag_run_java_jar to 2024-10-01 00:00:00+00:00, run_after=2024-10-02 00:00:00+00:00
[2025-06-05T02:30:52.713+0000] {processor.py:208} INFO - Processing /opt/airflow/dags/Sesion5/DAG_Ejecucion_JAR.py took 0.302 seconds
[2025-06-05T02:31:23.074+0000] {processor.py:186} INFO - Started process (PID=6153) to work on /opt/airflow/dags/Sesion5/DAG_Ejecucion_JAR.py
[2025-06-05T02:31:23.074+0000] {processor.py:914} INFO - Processing file /opt/airflow/dags/Sesion5/DAG_Ejecucion_JAR.py for tasks to queue
[2025-06-05T02:31:23.077+0000] {logging_mixin.py:190} INFO - [2025-06-05T02:31:23.077+0000] {dagbag.py:588} INFO - Filling up the DagBag from /opt/airflow/dags/Sesion5/DAG_Ejecucion_JAR.py
[2025-06-05T02:31:23.086+0000] {processor.py:925} INFO - DAG(s) 'dag_run_java_jar' retrieved from /opt/airflow/dags/Sesion5/DAG_Ejecucion_JAR.py
[2025-06-05T02:31:23.112+0000] {logging_mixin.py:190} INFO - [2025-06-05T02:31:23.112+0000] {dag.py:3239} INFO - Sync 1 DAGs
[2025-06-05T02:31:23.141+0000] {logging_mixin.py:190} INFO - [2025-06-05T02:31:23.141+0000] {dag.py:4180} INFO - Setting next_dagrun for dag_run_java_jar to 2024-10-01 00:00:00+00:00, run_after=2024-10-02 00:00:00+00:00
[2025-06-05T02:31:23.163+0000] {processor.py:208} INFO - Processing /opt/airflow/dags/Sesion5/DAG_Ejecucion_JAR.py took 0.096 seconds
[2025-06-05T02:31:54.150+0000] {processor.py:186} INFO - Started process (PID=6268) to work on /opt/airflow/dags/Sesion5/DAG_Ejecucion_JAR.py
[2025-06-05T02:31:54.152+0000] {processor.py:914} INFO - Processing file /opt/airflow/dags/Sesion5/DAG_Ejecucion_JAR.py for tasks to queue
[2025-06-05T02:31:54.154+0000] {logging_mixin.py:190} INFO - [2025-06-05T02:31:54.154+0000] {dagbag.py:588} INFO - Filling up the DagBag from /opt/airflow/dags/Sesion5/DAG_Ejecucion_JAR.py
[2025-06-05T02:31:54.166+0000] {processor.py:925} INFO - DAG(s) 'dag_run_java_jar' retrieved from /opt/airflow/dags/Sesion5/DAG_Ejecucion_JAR.py
[2025-06-05T02:31:54.203+0000] {logging_mixin.py:190} INFO - [2025-06-05T02:31:54.203+0000] {dag.py:3239} INFO - Sync 1 DAGs
[2025-06-05T02:31:54.251+0000] {logging_mixin.py:190} INFO - [2025-06-05T02:31:54.251+0000] {dag.py:4180} INFO - Setting next_dagrun for dag_run_java_jar to 2024-10-01 00:00:00+00:00, run_after=2024-10-02 00:00:00+00:00
[2025-06-05T02:31:54.274+0000] {processor.py:208} INFO - Processing /opt/airflow/dags/Sesion5/DAG_Ejecucion_JAR.py took 0.135 seconds
[2025-06-05T02:32:24.610+0000] {processor.py:186} INFO - Started process (PID=6383) to work on /opt/airflow/dags/Sesion5/DAG_Ejecucion_JAR.py
[2025-06-05T02:32:24.611+0000] {processor.py:914} INFO - Processing file /opt/airflow/dags/Sesion5/DAG_Ejecucion_JAR.py for tasks to queue
[2025-06-05T02:32:24.614+0000] {logging_mixin.py:190} INFO - [2025-06-05T02:32:24.613+0000] {dagbag.py:588} INFO - Filling up the DagBag from /opt/airflow/dags/Sesion5/DAG_Ejecucion_JAR.py
[2025-06-05T02:32:24.624+0000] {processor.py:925} INFO - DAG(s) 'dag_run_java_jar' retrieved from /opt/airflow/dags/Sesion5/DAG_Ejecucion_JAR.py
[2025-06-05T02:32:24.648+0000] {logging_mixin.py:190} INFO - [2025-06-05T02:32:24.648+0000] {dag.py:3239} INFO - Sync 1 DAGs
[2025-06-05T02:32:24.869+0000] {logging_mixin.py:190} INFO - [2025-06-05T02:32:24.869+0000] {dag.py:4180} INFO - Setting next_dagrun for dag_run_java_jar to 2024-10-01 00:00:00+00:00, run_after=2024-10-02 00:00:00+00:00
[2025-06-05T02:32:24.896+0000] {processor.py:208} INFO - Processing /opt/airflow/dags/Sesion5/DAG_Ejecucion_JAR.py took 0.293 seconds
[2025-06-05T02:32:55.763+0000] {processor.py:186} INFO - Started process (PID=6498) to work on /opt/airflow/dags/Sesion5/DAG_Ejecucion_JAR.py
[2025-06-05T02:32:55.765+0000] {processor.py:914} INFO - Processing file /opt/airflow/dags/Sesion5/DAG_Ejecucion_JAR.py for tasks to queue
[2025-06-05T02:32:55.772+0000] {logging_mixin.py:190} INFO - [2025-06-05T02:32:55.771+0000] {dagbag.py:588} INFO - Filling up the DagBag from /opt/airflow/dags/Sesion5/DAG_Ejecucion_JAR.py
[2025-06-05T02:32:55.792+0000] {processor.py:925} INFO - DAG(s) 'dag_run_java_jar' retrieved from /opt/airflow/dags/Sesion5/DAG_Ejecucion_JAR.py
[2025-06-05T02:32:56.026+0000] {logging_mixin.py:190} INFO - [2025-06-05T02:32:56.026+0000] {dag.py:3239} INFO - Sync 1 DAGs
[2025-06-05T02:32:56.055+0000] {logging_mixin.py:190} INFO - [2025-06-05T02:32:56.055+0000] {dag.py:4180} INFO - Setting next_dagrun for dag_run_java_jar to 2024-10-01 00:00:00+00:00, run_after=2024-10-02 00:00:00+00:00
[2025-06-05T02:32:56.073+0000] {processor.py:208} INFO - Processing /opt/airflow/dags/Sesion5/DAG_Ejecucion_JAR.py took 0.327 seconds
[2025-06-05T02:33:26.496+0000] {processor.py:186} INFO - Started process (PID=6613) to work on /opt/airflow/dags/Sesion5/DAG_Ejecucion_JAR.py
[2025-06-05T02:33:26.499+0000] {processor.py:914} INFO - Processing file /opt/airflow/dags/Sesion5/DAG_Ejecucion_JAR.py for tasks to queue
[2025-06-05T02:33:26.506+0000] {logging_mixin.py:190} INFO - [2025-06-05T02:33:26.505+0000] {dagbag.py:588} INFO - Filling up the DagBag from /opt/airflow/dags/Sesion5/DAG_Ejecucion_JAR.py
[2025-06-05T02:33:26.516+0000] {processor.py:925} INFO - DAG(s) 'dag_run_java_jar' retrieved from /opt/airflow/dags/Sesion5/DAG_Ejecucion_JAR.py
[2025-06-05T02:33:26.549+0000] {logging_mixin.py:190} INFO - [2025-06-05T02:33:26.549+0000] {dag.py:3239} INFO - Sync 1 DAGs
[2025-06-05T02:33:26.602+0000] {logging_mixin.py:190} INFO - [2025-06-05T02:33:26.602+0000] {dag.py:4180} INFO - Setting next_dagrun for dag_run_java_jar to 2024-10-01 00:00:00+00:00, run_after=2024-10-02 00:00:00+00:00
[2025-06-05T02:33:26.639+0000] {processor.py:208} INFO - Processing /opt/airflow/dags/Sesion5/DAG_Ejecucion_JAR.py took 0.152 seconds
[2025-06-05T02:33:57.194+0000] {processor.py:186} INFO - Started process (PID=6728) to work on /opt/airflow/dags/Sesion5/DAG_Ejecucion_JAR.py
[2025-06-05T02:33:57.196+0000] {processor.py:914} INFO - Processing file /opt/airflow/dags/Sesion5/DAG_Ejecucion_JAR.py for tasks to queue
[2025-06-05T02:33:57.203+0000] {logging_mixin.py:190} INFO - [2025-06-05T02:33:57.201+0000] {dagbag.py:588} INFO - Filling up the DagBag from /opt/airflow/dags/Sesion5/DAG_Ejecucion_JAR.py
[2025-06-05T02:33:57.217+0000] {processor.py:925} INFO - DAG(s) 'dag_run_java_jar' retrieved from /opt/airflow/dags/Sesion5/DAG_Ejecucion_JAR.py
[2025-06-05T02:33:57.248+0000] {logging_mixin.py:190} INFO - [2025-06-05T02:33:57.247+0000] {dag.py:3239} INFO - Sync 1 DAGs
[2025-06-05T02:33:57.301+0000] {logging_mixin.py:190} INFO - [2025-06-05T02:33:57.301+0000] {dag.py:4180} INFO - Setting next_dagrun for dag_run_java_jar to 2024-10-01 00:00:00+00:00, run_after=2024-10-02 00:00:00+00:00
[2025-06-05T02:33:57.354+0000] {processor.py:208} INFO - Processing /opt/airflow/dags/Sesion5/DAG_Ejecucion_JAR.py took 0.168 seconds
[2025-06-05T05:21:02.248+0000] {processor.py:186} INFO - Started process (PID=178) to work on /opt/airflow/dags/Sesion5/DAG_Ejecucion_JAR.py
[2025-06-05T05:21:02.255+0000] {processor.py:914} INFO - Processing file /opt/airflow/dags/Sesion5/DAG_Ejecucion_JAR.py for tasks to queue
[2025-06-05T05:21:02.278+0000] {logging_mixin.py:190} INFO - [2025-06-05T05:21:02.266+0000] {dagbag.py:588} INFO - Filling up the DagBag from /opt/airflow/dags/Sesion5/DAG_Ejecucion_JAR.py
[2025-06-05T05:21:02.328+0000] {processor.py:925} INFO - DAG(s) 'dag_run_java_jar' retrieved from /opt/airflow/dags/Sesion5/DAG_Ejecucion_JAR.py
[2025-06-05T05:21:02.466+0000] {logging_mixin.py:190} INFO - [2025-06-05T05:21:02.466+0000] {dag.py:3239} INFO - Sync 1 DAGs
[2025-06-05T05:21:02.684+0000] {logging_mixin.py:190} INFO - [2025-06-05T05:21:02.684+0000] {dag.py:4180} INFO - Setting next_dagrun for dag_run_java_jar to 2024-10-01 00:00:00+00:00, run_after=2024-10-02 00:00:00+00:00
[2025-06-05T05:21:02.774+0000] {processor.py:208} INFO - Processing /opt/airflow/dags/Sesion5/DAG_Ejecucion_JAR.py took 0.561 seconds
[2025-06-05T05:21:33.236+0000] {processor.py:186} INFO - Started process (PID=293) to work on /opt/airflow/dags/Sesion5/DAG_Ejecucion_JAR.py
[2025-06-05T05:21:33.238+0000] {processor.py:914} INFO - Processing file /opt/airflow/dags/Sesion5/DAG_Ejecucion_JAR.py for tasks to queue
[2025-06-05T05:21:33.242+0000] {logging_mixin.py:190} INFO - [2025-06-05T05:21:33.242+0000] {dagbag.py:588} INFO - Filling up the DagBag from /opt/airflow/dags/Sesion5/DAG_Ejecucion_JAR.py
[2025-06-05T05:21:33.280+0000] {processor.py:925} INFO - DAG(s) 'dag_run_java_jar' retrieved from /opt/airflow/dags/Sesion5/DAG_Ejecucion_JAR.py
[2025-06-05T05:21:33.542+0000] {logging_mixin.py:190} INFO - [2025-06-05T05:21:33.540+0000] {dag.py:3239} INFO - Sync 1 DAGs
[2025-06-05T05:21:33.612+0000] {logging_mixin.py:190} INFO - [2025-06-05T05:21:33.612+0000] {dag.py:4180} INFO - Setting next_dagrun for dag_run_java_jar to 2024-10-01 00:00:00+00:00, run_after=2024-10-02 00:00:00+00:00
[2025-06-05T05:21:33.649+0000] {processor.py:208} INFO - Processing /opt/airflow/dags/Sesion5/DAG_Ejecucion_JAR.py took 0.439 seconds
[2025-06-05T05:22:04.139+0000] {processor.py:186} INFO - Started process (PID=408) to work on /opt/airflow/dags/Sesion5/DAG_Ejecucion_JAR.py
[2025-06-05T05:22:04.140+0000] {processor.py:914} INFO - Processing file /opt/airflow/dags/Sesion5/DAG_Ejecucion_JAR.py for tasks to queue
[2025-06-05T05:22:04.143+0000] {logging_mixin.py:190} INFO - [2025-06-05T05:22:04.142+0000] {dagbag.py:588} INFO - Filling up the DagBag from /opt/airflow/dags/Sesion5/DAG_Ejecucion_JAR.py
[2025-06-05T05:22:04.153+0000] {processor.py:925} INFO - DAG(s) 'dag_run_java_jar' retrieved from /opt/airflow/dags/Sesion5/DAG_Ejecucion_JAR.py
[2025-06-05T05:22:04.177+0000] {logging_mixin.py:190} INFO - [2025-06-05T05:22:04.177+0000] {dag.py:3239} INFO - Sync 1 DAGs
[2025-06-05T05:22:04.253+0000] {logging_mixin.py:190} INFO - [2025-06-05T05:22:04.253+0000] {dag.py:4180} INFO - Setting next_dagrun for dag_run_java_jar to 2024-10-01 00:00:00+00:00, run_after=2024-10-02 00:00:00+00:00
[2025-06-05T05:22:04.284+0000] {processor.py:208} INFO - Processing /opt/airflow/dags/Sesion5/DAG_Ejecucion_JAR.py took 0.152 seconds
[2025-06-05T05:22:34.627+0000] {processor.py:186} INFO - Started process (PID=523) to work on /opt/airflow/dags/Sesion5/DAG_Ejecucion_JAR.py
[2025-06-05T05:22:34.628+0000] {processor.py:914} INFO - Processing file /opt/airflow/dags/Sesion5/DAG_Ejecucion_JAR.py for tasks to queue
[2025-06-05T05:22:34.630+0000] {logging_mixin.py:190} INFO - [2025-06-05T05:22:34.630+0000] {dagbag.py:588} INFO - Filling up the DagBag from /opt/airflow/dags/Sesion5/DAG_Ejecucion_JAR.py
[2025-06-05T05:22:34.639+0000] {processor.py:925} INFO - DAG(s) 'dag_run_java_jar' retrieved from /opt/airflow/dags/Sesion5/DAG_Ejecucion_JAR.py
[2025-06-05T05:22:34.664+0000] {logging_mixin.py:190} INFO - [2025-06-05T05:22:34.664+0000] {dag.py:3239} INFO - Sync 1 DAGs
[2025-06-05T05:22:34.696+0000] {logging_mixin.py:190} INFO - [2025-06-05T05:22:34.694+0000] {dag.py:4180} INFO - Setting next_dagrun for dag_run_java_jar to 2024-10-01 00:00:00+00:00, run_after=2024-10-02 00:00:00+00:00
[2025-06-05T05:22:34.725+0000] {processor.py:208} INFO - Processing /opt/airflow/dags/Sesion5/DAG_Ejecucion_JAR.py took 0.105 seconds
[2025-06-05T05:23:04.991+0000] {processor.py:186} INFO - Started process (PID=638) to work on /opt/airflow/dags/Sesion5/DAG_Ejecucion_JAR.py
[2025-06-05T05:23:04.992+0000] {processor.py:914} INFO - Processing file /opt/airflow/dags/Sesion5/DAG_Ejecucion_JAR.py for tasks to queue
[2025-06-05T05:23:04.994+0000] {logging_mixin.py:190} INFO - [2025-06-05T05:23:04.994+0000] {dagbag.py:588} INFO - Filling up the DagBag from /opt/airflow/dags/Sesion5/DAG_Ejecucion_JAR.py
[2025-06-05T05:23:05.003+0000] {processor.py:925} INFO - DAG(s) 'dag_run_java_jar' retrieved from /opt/airflow/dags/Sesion5/DAG_Ejecucion_JAR.py
[2025-06-05T05:23:05.027+0000] {logging_mixin.py:190} INFO - [2025-06-05T05:23:05.027+0000] {dag.py:3239} INFO - Sync 1 DAGs
[2025-06-05T05:23:05.057+0000] {logging_mixin.py:190} INFO - [2025-06-05T05:23:05.057+0000] {dag.py:4180} INFO - Setting next_dagrun for dag_run_java_jar to 2024-10-01 00:00:00+00:00, run_after=2024-10-02 00:00:00+00:00
[2025-06-05T05:23:05.076+0000] {processor.py:208} INFO - Processing /opt/airflow/dags/Sesion5/DAG_Ejecucion_JAR.py took 0.092 seconds
[2025-06-05T05:23:35.635+0000] {processor.py:186} INFO - Started process (PID=753) to work on /opt/airflow/dags/Sesion5/DAG_Ejecucion_JAR.py
[2025-06-05T05:23:35.636+0000] {processor.py:914} INFO - Processing file /opt/airflow/dags/Sesion5/DAG_Ejecucion_JAR.py for tasks to queue
[2025-06-05T05:23:35.638+0000] {logging_mixin.py:190} INFO - [2025-06-05T05:23:35.637+0000] {dagbag.py:588} INFO - Filling up the DagBag from /opt/airflow/dags/Sesion5/DAG_Ejecucion_JAR.py
[2025-06-05T05:23:35.646+0000] {processor.py:925} INFO - DAG(s) 'dag_run_java_jar' retrieved from /opt/airflow/dags/Sesion5/DAG_Ejecucion_JAR.py
[2025-06-05T05:23:35.670+0000] {logging_mixin.py:190} INFO - [2025-06-05T05:23:35.670+0000] {dag.py:3239} INFO - Sync 1 DAGs
[2025-06-05T05:23:35.700+0000] {logging_mixin.py:190} INFO - [2025-06-05T05:23:35.700+0000] {dag.py:4180} INFO - Setting next_dagrun for dag_run_java_jar to 2024-10-01 00:00:00+00:00, run_after=2024-10-02 00:00:00+00:00
[2025-06-05T05:23:35.721+0000] {processor.py:208} INFO - Processing /opt/airflow/dags/Sesion5/DAG_Ejecucion_JAR.py took 0.093 seconds
[2025-06-05T05:24:06.310+0000] {processor.py:186} INFO - Started process (PID=868) to work on /opt/airflow/dags/Sesion5/DAG_Ejecucion_JAR.py
[2025-06-05T05:24:06.311+0000] {processor.py:914} INFO - Processing file /opt/airflow/dags/Sesion5/DAG_Ejecucion_JAR.py for tasks to queue
[2025-06-05T05:24:06.313+0000] {logging_mixin.py:190} INFO - [2025-06-05T05:24:06.313+0000] {dagbag.py:588} INFO - Filling up the DagBag from /opt/airflow/dags/Sesion5/DAG_Ejecucion_JAR.py
[2025-06-05T05:24:06.322+0000] {processor.py:925} INFO - DAG(s) 'dag_run_java_jar' retrieved from /opt/airflow/dags/Sesion5/DAG_Ejecucion_JAR.py
[2025-06-05T05:24:06.347+0000] {logging_mixin.py:190} INFO - [2025-06-05T05:24:06.346+0000] {dag.py:3239} INFO - Sync 1 DAGs
[2025-06-05T05:24:06.378+0000] {logging_mixin.py:190} INFO - [2025-06-05T05:24:06.377+0000] {dag.py:4180} INFO - Setting next_dagrun for dag_run_java_jar to 2024-10-01 00:00:00+00:00, run_after=2024-10-02 00:00:00+00:00
[2025-06-05T05:24:06.405+0000] {processor.py:208} INFO - Processing /opt/airflow/dags/Sesion5/DAG_Ejecucion_JAR.py took 0.101 seconds
[2025-06-05T05:24:36.638+0000] {processor.py:186} INFO - Started process (PID=983) to work on /opt/airflow/dags/Sesion5/DAG_Ejecucion_JAR.py
[2025-06-05T05:24:36.639+0000] {processor.py:914} INFO - Processing file /opt/airflow/dags/Sesion5/DAG_Ejecucion_JAR.py for tasks to queue
[2025-06-05T05:24:36.641+0000] {logging_mixin.py:190} INFO - [2025-06-05T05:24:36.641+0000] {dagbag.py:588} INFO - Filling up the DagBag from /opt/airflow/dags/Sesion5/DAG_Ejecucion_JAR.py
[2025-06-05T05:24:36.650+0000] {processor.py:925} INFO - DAG(s) 'dag_run_java_jar' retrieved from /opt/airflow/dags/Sesion5/DAG_Ejecucion_JAR.py
[2025-06-05T05:24:36.674+0000] {logging_mixin.py:190} INFO - [2025-06-05T05:24:36.674+0000] {dag.py:3239} INFO - Sync 1 DAGs
[2025-06-05T05:24:36.703+0000] {logging_mixin.py:190} INFO - [2025-06-05T05:24:36.703+0000] {dag.py:4180} INFO - Setting next_dagrun for dag_run_java_jar to 2024-10-01 00:00:00+00:00, run_after=2024-10-02 00:00:00+00:00
[2025-06-05T05:24:36.723+0000] {processor.py:208} INFO - Processing /opt/airflow/dags/Sesion5/DAG_Ejecucion_JAR.py took 0.092 seconds
[2025-06-05T05:25:06.880+0000] {processor.py:186} INFO - Started process (PID=1098) to work on /opt/airflow/dags/Sesion5/DAG_Ejecucion_JAR.py
[2025-06-05T05:25:06.881+0000] {processor.py:914} INFO - Processing file /opt/airflow/dags/Sesion5/DAG_Ejecucion_JAR.py for tasks to queue
[2025-06-05T05:25:06.884+0000] {logging_mixin.py:190} INFO - [2025-06-05T05:25:06.883+0000] {dagbag.py:588} INFO - Filling up the DagBag from /opt/airflow/dags/Sesion5/DAG_Ejecucion_JAR.py
[2025-06-05T05:25:06.893+0000] {processor.py:925} INFO - DAG(s) 'dag_run_java_jar' retrieved from /opt/airflow/dags/Sesion5/DAG_Ejecucion_JAR.py
[2025-06-05T05:25:06.921+0000] {logging_mixin.py:190} INFO - [2025-06-05T05:25:06.920+0000] {dag.py:3239} INFO - Sync 1 DAGs
[2025-06-05T05:25:06.955+0000] {logging_mixin.py:190} INFO - [2025-06-05T05:25:06.954+0000] {dag.py:4180} INFO - Setting next_dagrun for dag_run_java_jar to 2024-10-01 00:00:00+00:00, run_after=2024-10-02 00:00:00+00:00
[2025-06-05T05:25:06.982+0000] {processor.py:208} INFO - Processing /opt/airflow/dags/Sesion5/DAG_Ejecucion_JAR.py took 0.108 seconds
[2025-06-05T05:25:37.049+0000] {processor.py:186} INFO - Started process (PID=1213) to work on /opt/airflow/dags/Sesion5/DAG_Ejecucion_JAR.py
[2025-06-05T05:25:37.050+0000] {processor.py:914} INFO - Processing file /opt/airflow/dags/Sesion5/DAG_Ejecucion_JAR.py for tasks to queue
[2025-06-05T05:25:37.053+0000] {logging_mixin.py:190} INFO - [2025-06-05T05:25:37.053+0000] {dagbag.py:588} INFO - Filling up the DagBag from /opt/airflow/dags/Sesion5/DAG_Ejecucion_JAR.py
[2025-06-05T05:25:37.062+0000] {processor.py:925} INFO - DAG(s) 'dag_run_java_jar' retrieved from /opt/airflow/dags/Sesion5/DAG_Ejecucion_JAR.py
[2025-06-05T05:25:37.086+0000] {logging_mixin.py:190} INFO - [2025-06-05T05:25:37.086+0000] {dag.py:3239} INFO - Sync 1 DAGs
[2025-06-05T05:25:37.116+0000] {logging_mixin.py:190} INFO - [2025-06-05T05:25:37.116+0000] {dag.py:4180} INFO - Setting next_dagrun for dag_run_java_jar to 2024-10-01 00:00:00+00:00, run_after=2024-10-02 00:00:00+00:00
[2025-06-05T05:25:37.148+0000] {processor.py:208} INFO - Processing /opt/airflow/dags/Sesion5/DAG_Ejecucion_JAR.py took 0.106 seconds
[2025-06-05T05:26:07.190+0000] {processor.py:186} INFO - Started process (PID=1328) to work on /opt/airflow/dags/Sesion5/DAG_Ejecucion_JAR.py
[2025-06-05T05:26:07.191+0000] {processor.py:914} INFO - Processing file /opt/airflow/dags/Sesion5/DAG_Ejecucion_JAR.py for tasks to queue
[2025-06-05T05:26:07.193+0000] {logging_mixin.py:190} INFO - [2025-06-05T05:26:07.193+0000] {dagbag.py:588} INFO - Filling up the DagBag from /opt/airflow/dags/Sesion5/DAG_Ejecucion_JAR.py
[2025-06-05T05:26:07.202+0000] {processor.py:925} INFO - DAG(s) 'dag_run_java_jar' retrieved from /opt/airflow/dags/Sesion5/DAG_Ejecucion_JAR.py
[2025-06-05T05:26:07.226+0000] {logging_mixin.py:190} INFO - [2025-06-05T05:26:07.226+0000] {dag.py:3239} INFO - Sync 1 DAGs
[2025-06-05T05:26:07.265+0000] {logging_mixin.py:190} INFO - [2025-06-05T05:26:07.263+0000] {dag.py:4180} INFO - Setting next_dagrun for dag_run_java_jar to 2024-10-01 00:00:00+00:00, run_after=2024-10-02 00:00:00+00:00
[2025-06-05T05:26:07.295+0000] {processor.py:208} INFO - Processing /opt/airflow/dags/Sesion5/DAG_Ejecucion_JAR.py took 0.111 seconds
[2025-06-05T05:26:37.518+0000] {processor.py:186} INFO - Started process (PID=1443) to work on /opt/airflow/dags/Sesion5/DAG_Ejecucion_JAR.py
[2025-06-05T05:26:37.519+0000] {processor.py:914} INFO - Processing file /opt/airflow/dags/Sesion5/DAG_Ejecucion_JAR.py for tasks to queue
[2025-06-05T05:26:37.522+0000] {logging_mixin.py:190} INFO - [2025-06-05T05:26:37.522+0000] {dagbag.py:588} INFO - Filling up the DagBag from /opt/airflow/dags/Sesion5/DAG_Ejecucion_JAR.py
[2025-06-05T05:26:37.532+0000] {processor.py:925} INFO - DAG(s) 'dag_run_java_jar' retrieved from /opt/airflow/dags/Sesion5/DAG_Ejecucion_JAR.py
[2025-06-05T05:26:37.559+0000] {logging_mixin.py:190} INFO - [2025-06-05T05:26:37.558+0000] {dag.py:3239} INFO - Sync 1 DAGs
[2025-06-05T05:26:37.590+0000] {logging_mixin.py:190} INFO - [2025-06-05T05:26:37.590+0000] {dag.py:4180} INFO - Setting next_dagrun for dag_run_java_jar to 2024-10-01 00:00:00+00:00, run_after=2024-10-02 00:00:00+00:00
[2025-06-05T05:26:37.614+0000] {processor.py:208} INFO - Processing /opt/airflow/dags/Sesion5/DAG_Ejecucion_JAR.py took 0.102 seconds
[2025-06-05T05:27:07.749+0000] {processor.py:186} INFO - Started process (PID=1558) to work on /opt/airflow/dags/Sesion5/DAG_Ejecucion_JAR.py
[2025-06-05T05:27:07.750+0000] {processor.py:914} INFO - Processing file /opt/airflow/dags/Sesion5/DAG_Ejecucion_JAR.py for tasks to queue
[2025-06-05T05:27:07.752+0000] {logging_mixin.py:190} INFO - [2025-06-05T05:27:07.752+0000] {dagbag.py:588} INFO - Filling up the DagBag from /opt/airflow/dags/Sesion5/DAG_Ejecucion_JAR.py
[2025-06-05T05:27:07.761+0000] {processor.py:925} INFO - DAG(s) 'dag_run_java_jar' retrieved from /opt/airflow/dags/Sesion5/DAG_Ejecucion_JAR.py
[2025-06-05T05:27:07.787+0000] {logging_mixin.py:190} INFO - [2025-06-05T05:27:07.787+0000] {dag.py:3239} INFO - Sync 1 DAGs
[2025-06-05T05:27:07.817+0000] {logging_mixin.py:190} INFO - [2025-06-05T05:27:07.817+0000] {dag.py:4180} INFO - Setting next_dagrun for dag_run_java_jar to 2024-10-01 00:00:00+00:00, run_after=2024-10-02 00:00:00+00:00
[2025-06-05T05:27:07.840+0000] {processor.py:208} INFO - Processing /opt/airflow/dags/Sesion5/DAG_Ejecucion_JAR.py took 0.098 seconds
[2025-06-05T05:27:38.335+0000] {processor.py:186} INFO - Started process (PID=1673) to work on /opt/airflow/dags/Sesion5/DAG_Ejecucion_JAR.py
[2025-06-05T05:27:38.336+0000] {processor.py:914} INFO - Processing file /opt/airflow/dags/Sesion5/DAG_Ejecucion_JAR.py for tasks to queue
[2025-06-05T05:27:38.339+0000] {logging_mixin.py:190} INFO - [2025-06-05T05:27:38.338+0000] {dagbag.py:588} INFO - Filling up the DagBag from /opt/airflow/dags/Sesion5/DAG_Ejecucion_JAR.py
[2025-06-05T05:27:38.350+0000] {processor.py:925} INFO - DAG(s) 'dag_run_java_jar' retrieved from /opt/airflow/dags/Sesion5/DAG_Ejecucion_JAR.py
[2025-06-05T05:27:38.379+0000] {logging_mixin.py:190} INFO - [2025-06-05T05:27:38.379+0000] {dag.py:3239} INFO - Sync 1 DAGs
[2025-06-05T05:27:38.449+0000] {logging_mixin.py:190} INFO - [2025-06-05T05:27:38.448+0000] {dag.py:4180} INFO - Setting next_dagrun for dag_run_java_jar to 2024-10-01 00:00:00+00:00, run_after=2024-10-02 00:00:00+00:00
[2025-06-05T05:27:38.503+0000] {processor.py:208} INFO - Processing /opt/airflow/dags/Sesion5/DAG_Ejecucion_JAR.py took 0.177 seconds
[2025-06-05T05:28:09.004+0000] {processor.py:186} INFO - Started process (PID=1788) to work on /opt/airflow/dags/Sesion5/DAG_Ejecucion_JAR.py
[2025-06-05T05:28:09.005+0000] {processor.py:914} INFO - Processing file /opt/airflow/dags/Sesion5/DAG_Ejecucion_JAR.py for tasks to queue
[2025-06-05T05:28:09.009+0000] {logging_mixin.py:190} INFO - [2025-06-05T05:28:09.009+0000] {dagbag.py:588} INFO - Filling up the DagBag from /opt/airflow/dags/Sesion5/DAG_Ejecucion_JAR.py
[2025-06-05T05:28:09.022+0000] {processor.py:925} INFO - DAG(s) 'dag_run_java_jar' retrieved from /opt/airflow/dags/Sesion5/DAG_Ejecucion_JAR.py
[2025-06-05T05:28:09.054+0000] {logging_mixin.py:190} INFO - [2025-06-05T05:28:09.054+0000] {dag.py:3239} INFO - Sync 1 DAGs
[2025-06-05T05:28:09.089+0000] {logging_mixin.py:190} INFO - [2025-06-05T05:28:09.088+0000] {dag.py:4180} INFO - Setting next_dagrun for dag_run_java_jar to 2024-10-01 00:00:00+00:00, run_after=2024-10-02 00:00:00+00:00
[2025-06-05T05:28:09.109+0000] {processor.py:208} INFO - Processing /opt/airflow/dags/Sesion5/DAG_Ejecucion_JAR.py took 0.112 seconds
[2025-06-05T05:28:40.034+0000] {processor.py:186} INFO - Started process (PID=1903) to work on /opt/airflow/dags/Sesion5/DAG_Ejecucion_JAR.py
[2025-06-05T05:28:40.035+0000] {processor.py:914} INFO - Processing file /opt/airflow/dags/Sesion5/DAG_Ejecucion_JAR.py for tasks to queue
[2025-06-05T05:28:40.037+0000] {logging_mixin.py:190} INFO - [2025-06-05T05:28:40.037+0000] {dagbag.py:588} INFO - Filling up the DagBag from /opt/airflow/dags/Sesion5/DAG_Ejecucion_JAR.py
[2025-06-05T05:28:40.046+0000] {processor.py:925} INFO - DAG(s) 'dag_run_java_jar' retrieved from /opt/airflow/dags/Sesion5/DAG_Ejecucion_JAR.py
[2025-06-05T05:28:40.071+0000] {logging_mixin.py:190} INFO - [2025-06-05T05:28:40.070+0000] {dag.py:3239} INFO - Sync 1 DAGs
[2025-06-05T05:28:40.101+0000] {logging_mixin.py:190} INFO - [2025-06-05T05:28:40.100+0000] {dag.py:4180} INFO - Setting next_dagrun for dag_run_java_jar to 2024-10-01 00:00:00+00:00, run_after=2024-10-02 00:00:00+00:00
[2025-06-05T05:28:40.120+0000] {processor.py:208} INFO - Processing /opt/airflow/dags/Sesion5/DAG_Ejecucion_JAR.py took 0.093 seconds
[2025-06-05T05:29:10.743+0000] {processor.py:186} INFO - Started process (PID=2018) to work on /opt/airflow/dags/Sesion5/DAG_Ejecucion_JAR.py
[2025-06-05T05:29:10.746+0000] {processor.py:914} INFO - Processing file /opt/airflow/dags/Sesion5/DAG_Ejecucion_JAR.py for tasks to queue
[2025-06-05T05:29:10.748+0000] {logging_mixin.py:190} INFO - [2025-06-05T05:29:10.748+0000] {dagbag.py:588} INFO - Filling up the DagBag from /opt/airflow/dags/Sesion5/DAG_Ejecucion_JAR.py
[2025-06-05T05:29:10.758+0000] {processor.py:925} INFO - DAG(s) 'dag_run_java_jar' retrieved from /opt/airflow/dags/Sesion5/DAG_Ejecucion_JAR.py
[2025-06-05T05:29:10.783+0000] {logging_mixin.py:190} INFO - [2025-06-05T05:29:10.782+0000] {dag.py:3239} INFO - Sync 1 DAGs
[2025-06-05T05:29:10.812+0000] {logging_mixin.py:190} INFO - [2025-06-05T05:29:10.812+0000] {dag.py:4180} INFO - Setting next_dagrun for dag_run_java_jar to 2024-10-01 00:00:00+00:00, run_after=2024-10-02 00:00:00+00:00
[2025-06-05T05:29:10.835+0000] {processor.py:208} INFO - Processing /opt/airflow/dags/Sesion5/DAG_Ejecucion_JAR.py took 0.099 seconds
[2025-06-05T05:29:40.987+0000] {processor.py:186} INFO - Started process (PID=2133) to work on /opt/airflow/dags/Sesion5/DAG_Ejecucion_JAR.py
[2025-06-05T05:29:40.988+0000] {processor.py:914} INFO - Processing file /opt/airflow/dags/Sesion5/DAG_Ejecucion_JAR.py for tasks to queue
[2025-06-05T05:29:40.990+0000] {logging_mixin.py:190} INFO - [2025-06-05T05:29:40.990+0000] {dagbag.py:588} INFO - Filling up the DagBag from /opt/airflow/dags/Sesion5/DAG_Ejecucion_JAR.py
[2025-06-05T05:29:40.998+0000] {processor.py:925} INFO - DAG(s) 'dag_run_java_jar' retrieved from /opt/airflow/dags/Sesion5/DAG_Ejecucion_JAR.py
[2025-06-05T05:29:41.022+0000] {logging_mixin.py:190} INFO - [2025-06-05T05:29:41.022+0000] {dag.py:3239} INFO - Sync 1 DAGs
[2025-06-05T05:29:41.052+0000] {logging_mixin.py:190} INFO - [2025-06-05T05:29:41.052+0000] {dag.py:4180} INFO - Setting next_dagrun for dag_run_java_jar to 2024-10-01 00:00:00+00:00, run_after=2024-10-02 00:00:00+00:00
[2025-06-05T05:29:41.072+0000] {processor.py:208} INFO - Processing /opt/airflow/dags/Sesion5/DAG_Ejecucion_JAR.py took 0.092 seconds
[2025-06-05T05:30:11.179+0000] {processor.py:186} INFO - Started process (PID=2248) to work on /opt/airflow/dags/Sesion5/DAG_Ejecucion_JAR.py
[2025-06-05T05:30:11.181+0000] {processor.py:914} INFO - Processing file /opt/airflow/dags/Sesion5/DAG_Ejecucion_JAR.py for tasks to queue
[2025-06-05T05:30:11.188+0000] {logging_mixin.py:190} INFO - [2025-06-05T05:30:11.186+0000] {dagbag.py:588} INFO - Filling up the DagBag from /opt/airflow/dags/Sesion5/DAG_Ejecucion_JAR.py
[2025-06-05T05:30:11.203+0000] {processor.py:925} INFO - DAG(s) 'dag_run_java_jar' retrieved from /opt/airflow/dags/Sesion5/DAG_Ejecucion_JAR.py
[2025-06-05T05:30:11.240+0000] {logging_mixin.py:190} INFO - [2025-06-05T05:30:11.240+0000] {dag.py:3239} INFO - Sync 1 DAGs
[2025-06-05T05:30:11.273+0000] {logging_mixin.py:190} INFO - [2025-06-05T05:30:11.273+0000] {dag.py:4180} INFO - Setting next_dagrun for dag_run_java_jar to 2024-10-01 00:00:00+00:00, run_after=2024-10-02 00:00:00+00:00
[2025-06-05T05:30:11.303+0000] {processor.py:208} INFO - Processing /opt/airflow/dags/Sesion5/DAG_Ejecucion_JAR.py took 0.136 seconds
[2025-06-05T05:30:42.162+0000] {processor.py:186} INFO - Started process (PID=2363) to work on /opt/airflow/dags/Sesion5/DAG_Ejecucion_JAR.py
[2025-06-05T05:30:42.163+0000] {processor.py:914} INFO - Processing file /opt/airflow/dags/Sesion5/DAG_Ejecucion_JAR.py for tasks to queue
[2025-06-05T05:30:42.167+0000] {logging_mixin.py:190} INFO - [2025-06-05T05:30:42.167+0000] {dagbag.py:588} INFO - Filling up the DagBag from /opt/airflow/dags/Sesion5/DAG_Ejecucion_JAR.py
[2025-06-05T05:30:42.180+0000] {processor.py:925} INFO - DAG(s) 'dag_run_java_jar' retrieved from /opt/airflow/dags/Sesion5/DAG_Ejecucion_JAR.py
[2025-06-05T05:30:42.222+0000] {logging_mixin.py:190} INFO - [2025-06-05T05:30:42.222+0000] {dag.py:3239} INFO - Sync 1 DAGs
[2025-06-05T05:30:42.299+0000] {logging_mixin.py:190} INFO - [2025-06-05T05:30:42.299+0000] {dag.py:4180} INFO - Setting next_dagrun for dag_run_java_jar to 2024-10-01 00:00:00+00:00, run_after=2024-10-02 00:00:00+00:00
[2025-06-05T05:30:42.319+0000] {processor.py:208} INFO - Processing /opt/airflow/dags/Sesion5/DAG_Ejecucion_JAR.py took 0.166 seconds
[2025-06-05T05:31:12.381+0000] {processor.py:186} INFO - Started process (PID=2478) to work on /opt/airflow/dags/Sesion5/DAG_Ejecucion_JAR.py
[2025-06-05T05:31:12.382+0000] {processor.py:914} INFO - Processing file /opt/airflow/dags/Sesion5/DAG_Ejecucion_JAR.py for tasks to queue
[2025-06-05T05:31:12.386+0000] {logging_mixin.py:190} INFO - [2025-06-05T05:31:12.385+0000] {dagbag.py:588} INFO - Filling up the DagBag from /opt/airflow/dags/Sesion5/DAG_Ejecucion_JAR.py
[2025-06-05T05:31:12.395+0000] {processor.py:925} INFO - DAG(s) 'dag_run_java_jar' retrieved from /opt/airflow/dags/Sesion5/DAG_Ejecucion_JAR.py
[2025-06-05T05:31:12.422+0000] {logging_mixin.py:190} INFO - [2025-06-05T05:31:12.422+0000] {dag.py:3239} INFO - Sync 1 DAGs
[2025-06-05T05:31:12.464+0000] {logging_mixin.py:190} INFO - [2025-06-05T05:31:12.464+0000] {dag.py:4180} INFO - Setting next_dagrun for dag_run_java_jar to 2024-10-01 00:00:00+00:00, run_after=2024-10-02 00:00:00+00:00
[2025-06-05T05:31:12.512+0000] {processor.py:208} INFO - Processing /opt/airflow/dags/Sesion5/DAG_Ejecucion_JAR.py took 0.139 seconds
[2025-06-05T05:31:42.772+0000] {processor.py:186} INFO - Started process (PID=2593) to work on /opt/airflow/dags/Sesion5/DAG_Ejecucion_JAR.py
[2025-06-05T05:31:42.773+0000] {processor.py:914} INFO - Processing file /opt/airflow/dags/Sesion5/DAG_Ejecucion_JAR.py for tasks to queue
[2025-06-05T05:31:42.775+0000] {logging_mixin.py:190} INFO - [2025-06-05T05:31:42.775+0000] {dagbag.py:588} INFO - Filling up the DagBag from /opt/airflow/dags/Sesion5/DAG_Ejecucion_JAR.py
[2025-06-05T05:31:42.785+0000] {processor.py:925} INFO - DAG(s) 'dag_run_java_jar' retrieved from /opt/airflow/dags/Sesion5/DAG_Ejecucion_JAR.py
[2025-06-05T05:31:42.813+0000] {logging_mixin.py:190} INFO - [2025-06-05T05:31:42.812+0000] {dag.py:3239} INFO - Sync 1 DAGs
[2025-06-05T05:31:42.845+0000] {logging_mixin.py:190} INFO - [2025-06-05T05:31:42.845+0000] {dag.py:4180} INFO - Setting next_dagrun for dag_run_java_jar to 2024-10-01 00:00:00+00:00, run_after=2024-10-02 00:00:00+00:00
[2025-06-05T05:31:42.868+0000] {processor.py:208} INFO - Processing /opt/airflow/dags/Sesion5/DAG_Ejecucion_JAR.py took 0.102 seconds
[2025-06-05T05:38:41.024+0000] {processor.py:186} INFO - Started process (PID=158) to work on /opt/airflow/dags/Sesion5/DAG_Ejecucion_JAR.py
[2025-06-05T05:38:41.069+0000] {processor.py:914} INFO - Processing file /opt/airflow/dags/Sesion5/DAG_Ejecucion_JAR.py for tasks to queue
[2025-06-05T05:38:41.075+0000] {logging_mixin.py:190} INFO - [2025-06-05T05:38:41.073+0000] {dagbag.py:588} INFO - Filling up the DagBag from /opt/airflow/dags/Sesion5/DAG_Ejecucion_JAR.py
[2025-06-05T05:38:41.157+0000] {processor.py:925} INFO - DAG(s) 'dag_run_java_jar' retrieved from /opt/airflow/dags/Sesion5/DAG_Ejecucion_JAR.py
[2025-06-05T05:38:41.297+0000] {logging_mixin.py:190} INFO - [2025-06-05T05:38:41.287+0000] {dag.py:3239} INFO - Sync 1 DAGs
[2025-06-05T05:38:41.365+0000] {logging_mixin.py:190} INFO - [2025-06-05T05:38:41.365+0000] {dag.py:4180} INFO - Setting next_dagrun for dag_run_java_jar to 2024-10-01 00:00:00+00:00, run_after=2024-10-02 00:00:00+00:00
[2025-06-05T05:38:41.402+0000] {processor.py:208} INFO - Processing /opt/airflow/dags/Sesion5/DAG_Ejecucion_JAR.py took 0.406 seconds
[2025-06-05T05:39:11.903+0000] {processor.py:186} INFO - Started process (PID=271) to work on /opt/airflow/dags/Sesion5/DAG_Ejecucion_JAR.py
[2025-06-05T05:39:11.906+0000] {processor.py:914} INFO - Processing file /opt/airflow/dags/Sesion5/DAG_Ejecucion_JAR.py for tasks to queue
[2025-06-05T05:39:11.914+0000] {logging_mixin.py:190} INFO - [2025-06-05T05:39:11.913+0000] {dagbag.py:588} INFO - Filling up the DagBag from /opt/airflow/dags/Sesion5/DAG_Ejecucion_JAR.py
[2025-06-05T05:39:11.959+0000] {processor.py:925} INFO - DAG(s) 'dag_run_java_jar' retrieved from /opt/airflow/dags/Sesion5/DAG_Ejecucion_JAR.py
[2025-06-05T05:39:11.996+0000] {logging_mixin.py:190} INFO - [2025-06-05T05:39:11.996+0000] {dag.py:3239} INFO - Sync 1 DAGs
[2025-06-05T05:39:12.068+0000] {logging_mixin.py:190} INFO - [2025-06-05T05:39:12.068+0000] {dag.py:4180} INFO - Setting next_dagrun for dag_run_java_jar to 2024-10-01 00:00:00+00:00, run_after=2024-10-02 00:00:00+00:00
[2025-06-05T05:39:12.099+0000] {processor.py:208} INFO - Processing /opt/airflow/dags/Sesion5/DAG_Ejecucion_JAR.py took 0.211 seconds
[2025-06-05T05:39:42.953+0000] {processor.py:186} INFO - Started process (PID=384) to work on /opt/airflow/dags/Sesion5/DAG_Ejecucion_JAR.py
[2025-06-05T05:39:42.957+0000] {processor.py:914} INFO - Processing file /opt/airflow/dags/Sesion5/DAG_Ejecucion_JAR.py for tasks to queue
[2025-06-05T05:39:42.959+0000] {logging_mixin.py:190} INFO - [2025-06-05T05:39:42.959+0000] {dagbag.py:588} INFO - Filling up the DagBag from /opt/airflow/dags/Sesion5/DAG_Ejecucion_JAR.py
[2025-06-05T05:39:42.968+0000] {processor.py:925} INFO - DAG(s) 'dag_run_java_jar' retrieved from /opt/airflow/dags/Sesion5/DAG_Ejecucion_JAR.py
[2025-06-05T05:39:42.994+0000] {logging_mixin.py:190} INFO - [2025-06-05T05:39:42.994+0000] {dag.py:3239} INFO - Sync 1 DAGs
[2025-06-05T05:39:43.025+0000] {logging_mixin.py:190} INFO - [2025-06-05T05:39:43.025+0000] {dag.py:4180} INFO - Setting next_dagrun for dag_run_java_jar to 2024-10-01 00:00:00+00:00, run_after=2024-10-02 00:00:00+00:00
[2025-06-05T05:39:43.062+0000] {processor.py:208} INFO - Processing /opt/airflow/dags/Sesion5/DAG_Ejecucion_JAR.py took 0.115 seconds
[2025-06-05T05:40:13.345+0000] {processor.py:186} INFO - Started process (PID=497) to work on /opt/airflow/dags/Sesion5/DAG_Ejecucion_JAR.py
[2025-06-05T05:40:13.346+0000] {processor.py:914} INFO - Processing file /opt/airflow/dags/Sesion5/DAG_Ejecucion_JAR.py for tasks to queue
[2025-06-05T05:40:13.347+0000] {logging_mixin.py:190} INFO - [2025-06-05T05:40:13.347+0000] {dagbag.py:588} INFO - Filling up the DagBag from /opt/airflow/dags/Sesion5/DAG_Ejecucion_JAR.py
[2025-06-05T05:40:13.363+0000] {processor.py:925} INFO - DAG(s) 'dag_run_java_jar' retrieved from /opt/airflow/dags/Sesion5/DAG_Ejecucion_JAR.py
[2025-06-05T05:40:13.402+0000] {logging_mixin.py:190} INFO - [2025-06-05T05:40:13.402+0000] {dag.py:3239} INFO - Sync 1 DAGs
[2025-06-05T05:40:13.441+0000] {logging_mixin.py:190} INFO - [2025-06-05T05:40:13.440+0000] {dag.py:4180} INFO - Setting next_dagrun for dag_run_java_jar to 2024-10-01 00:00:00+00:00, run_after=2024-10-02 00:00:00+00:00
[2025-06-05T05:40:13.485+0000] {processor.py:208} INFO - Processing /opt/airflow/dags/Sesion5/DAG_Ejecucion_JAR.py took 0.151 seconds
