[2025-06-05T02:01:07.421+0000] {processor.py:186} INFO - Started process (PID=175) to work on /opt/airflow/dags/Sesion5/DAG_Jar.py
[2025-06-05T02:01:07.434+0000] {processor.py:914} INFO - Processing file /opt/airflow/dags/Sesion5/DAG_Jar.py for tasks to queue
[2025-06-05T02:01:07.461+0000] {logging_mixin.py:190} INFO - [2025-06-05T02:01:07.450+0000] {dagbag.py:588} INFO - Filling up the DagBag from /opt/airflow/dags/Sesion5/DAG_Jar.py
[2025-06-05T02:01:07.515+0000] {processor.py:925} INFO - DAG(s) 'run_jar_dag' retrieved from /opt/airflow/dags/Sesion5/DAG_Jar.py
[2025-06-05T02:01:07.555+0000] {logging_mixin.py:190} INFO - [2025-06-05T02:01:07.554+0000] {dag.py:3239} INFO - Sync 1 DAGs
[2025-06-05T02:01:07.833+0000] {logging_mixin.py:190} INFO - [2025-06-05T02:01:07.826+0000] {dag.py:4180} INFO - Setting next_dagrun for run_jar_dag to 2025-06-05 00:00:00+00:00, run_after=2025-06-06 00:00:00+00:00
[2025-06-05T02:01:07.904+0000] {processor.py:208} INFO - Processing /opt/airflow/dags/Sesion5/DAG_Jar.py took 0.530 seconds
[2025-06-05T02:01:38.261+0000] {processor.py:186} INFO - Started process (PID=294) to work on /opt/airflow/dags/Sesion5/DAG_Jar.py
[2025-06-05T02:01:38.286+0000] {processor.py:914} INFO - Processing file /opt/airflow/dags/Sesion5/DAG_Jar.py for tasks to queue
[2025-06-05T02:01:38.305+0000] {logging_mixin.py:190} INFO - [2025-06-05T02:01:38.294+0000] {dagbag.py:588} INFO - Filling up the DagBag from /opt/airflow/dags/Sesion5/DAG_Jar.py
[2025-06-05T02:01:38.386+0000] {processor.py:925} INFO - DAG(s) 'run_jar_dag' retrieved from /opt/airflow/dags/Sesion5/DAG_Jar.py
[2025-06-05T02:01:38.464+0000] {logging_mixin.py:190} INFO - [2025-06-05T02:01:38.463+0000] {dag.py:3239} INFO - Sync 1 DAGs
[2025-06-05T02:01:38.658+0000] {logging_mixin.py:190} INFO - [2025-06-05T02:01:38.657+0000] {dag.py:4180} INFO - Setting next_dagrun for run_jar_dag to 2025-06-05 00:00:00+00:00, run_after=2025-06-06 00:00:00+00:00
[2025-06-05T02:01:38.802+0000] {processor.py:208} INFO - Processing /opt/airflow/dags/Sesion5/DAG_Jar.py took 0.558 seconds
[2025-06-05T02:02:09.451+0000] {processor.py:186} INFO - Started process (PID=408) to work on /opt/airflow/dags/Sesion5/DAG_Jar.py
[2025-06-05T02:02:09.452+0000] {processor.py:914} INFO - Processing file /opt/airflow/dags/Sesion5/DAG_Jar.py for tasks to queue
[2025-06-05T02:02:09.455+0000] {logging_mixin.py:190} INFO - [2025-06-05T02:02:09.455+0000] {dagbag.py:588} INFO - Filling up the DagBag from /opt/airflow/dags/Sesion5/DAG_Jar.py
[2025-06-05T02:02:09.472+0000] {processor.py:925} INFO - DAG(s) 'run_jar_dag' retrieved from /opt/airflow/dags/Sesion5/DAG_Jar.py
[2025-06-05T02:02:09.553+0000] {logging_mixin.py:190} INFO - [2025-06-05T02:02:09.549+0000] {dag.py:3239} INFO - Sync 1 DAGs
[2025-06-05T02:02:09.701+0000] {logging_mixin.py:190} INFO - [2025-06-05T02:02:09.701+0000] {dag.py:4180} INFO - Setting next_dagrun for run_jar_dag to 2025-06-05 00:00:00+00:00, run_after=2025-06-06 00:00:00+00:00
[2025-06-05T02:02:09.768+0000] {processor.py:208} INFO - Processing /opt/airflow/dags/Sesion5/DAG_Jar.py took 0.331 seconds
[2025-06-05T02:04:23.953+0000] {processor.py:186} INFO - Started process (PID=161) to work on /opt/airflow/dags/Sesion5/DAG_Jar.py
[2025-06-05T02:04:23.958+0000] {processor.py:914} INFO - Processing file /opt/airflow/dags/Sesion5/DAG_Jar.py for tasks to queue
[2025-06-05T02:04:23.970+0000] {logging_mixin.py:190} INFO - [2025-06-05T02:04:23.970+0000] {dagbag.py:588} INFO - Filling up the DagBag from /opt/airflow/dags/Sesion5/DAG_Jar.py
[2025-06-05T02:04:24.020+0000] {processor.py:925} INFO - DAG(s) 'run_jar_dag' retrieved from /opt/airflow/dags/Sesion5/DAG_Jar.py
[2025-06-05T02:04:24.137+0000] {logging_mixin.py:190} INFO - [2025-06-05T02:04:24.137+0000] {dag.py:3239} INFO - Sync 1 DAGs
[2025-06-05T02:04:24.253+0000] {logging_mixin.py:190} INFO - [2025-06-05T02:04:24.253+0000] {dag.py:4180} INFO - Setting next_dagrun for run_jar_dag to 2025-06-05 00:00:00+00:00, run_after=2025-06-06 00:00:00+00:00
[2025-06-05T02:04:24.340+0000] {processor.py:208} INFO - Processing /opt/airflow/dags/Sesion5/DAG_Jar.py took 0.445 seconds
[2025-06-05T02:04:54.774+0000] {processor.py:186} INFO - Started process (PID=276) to work on /opt/airflow/dags/Sesion5/DAG_Jar.py
[2025-06-05T02:04:54.775+0000] {processor.py:914} INFO - Processing file /opt/airflow/dags/Sesion5/DAG_Jar.py for tasks to queue
[2025-06-05T02:04:54.777+0000] {logging_mixin.py:190} INFO - [2025-06-05T02:04:54.777+0000] {dagbag.py:588} INFO - Filling up the DagBag from /opt/airflow/dags/Sesion5/DAG_Jar.py
[2025-06-05T02:04:54.787+0000] {processor.py:925} INFO - DAG(s) 'run_jar_dag' retrieved from /opt/airflow/dags/Sesion5/DAG_Jar.py
[2025-06-05T02:04:54.818+0000] {logging_mixin.py:190} INFO - [2025-06-05T02:04:54.818+0000] {dag.py:3239} INFO - Sync 1 DAGs
[2025-06-05T02:04:54.853+0000] {logging_mixin.py:190} INFO - [2025-06-05T02:04:54.852+0000] {dag.py:4180} INFO - Setting next_dagrun for run_jar_dag to 2025-06-05 00:00:00+00:00, run_after=2025-06-06 00:00:00+00:00
[2025-06-05T02:04:54.870+0000] {processor.py:208} INFO - Processing /opt/airflow/dags/Sesion5/DAG_Jar.py took 0.104 seconds
[2025-06-05T02:05:25.110+0000] {processor.py:186} INFO - Started process (PID=391) to work on /opt/airflow/dags/Sesion5/DAG_Jar.py
[2025-06-05T02:05:25.111+0000] {processor.py:914} INFO - Processing file /opt/airflow/dags/Sesion5/DAG_Jar.py for tasks to queue
[2025-06-05T02:05:25.114+0000] {logging_mixin.py:190} INFO - [2025-06-05T02:05:25.113+0000] {dagbag.py:588} INFO - Filling up the DagBag from /opt/airflow/dags/Sesion5/DAG_Jar.py
[2025-06-05T02:05:25.124+0000] {processor.py:925} INFO - DAG(s) 'run_jar_dag' retrieved from /opt/airflow/dags/Sesion5/DAG_Jar.py
[2025-06-05T02:05:25.145+0000] {logging_mixin.py:190} INFO - [2025-06-05T02:05:25.144+0000] {dag.py:3239} INFO - Sync 1 DAGs
[2025-06-05T02:05:25.208+0000] {logging_mixin.py:190} INFO - [2025-06-05T02:05:25.208+0000] {dag.py:4180} INFO - Setting next_dagrun for run_jar_dag to 2025-06-05 00:00:00+00:00, run_after=2025-06-06 00:00:00+00:00
[2025-06-05T02:05:25.239+0000] {processor.py:208} INFO - Processing /opt/airflow/dags/Sesion5/DAG_Jar.py took 0.136 seconds
[2025-06-05T02:05:55.335+0000] {processor.py:186} INFO - Started process (PID=506) to work on /opt/airflow/dags/Sesion5/DAG_Jar.py
[2025-06-05T02:05:55.336+0000] {processor.py:914} INFO - Processing file /opt/airflow/dags/Sesion5/DAG_Jar.py for tasks to queue
[2025-06-05T02:05:55.338+0000] {logging_mixin.py:190} INFO - [2025-06-05T02:05:55.337+0000] {dagbag.py:588} INFO - Filling up the DagBag from /opt/airflow/dags/Sesion5/DAG_Jar.py
[2025-06-05T02:05:55.351+0000] {processor.py:925} INFO - DAG(s) 'run_jar_dag' retrieved from /opt/airflow/dags/Sesion5/DAG_Jar.py
[2025-06-05T02:05:55.379+0000] {logging_mixin.py:190} INFO - [2025-06-05T02:05:55.379+0000] {dag.py:3239} INFO - Sync 1 DAGs
[2025-06-05T02:05:55.415+0000] {logging_mixin.py:190} INFO - [2025-06-05T02:05:55.415+0000] {dag.py:4180} INFO - Setting next_dagrun for run_jar_dag to 2025-06-05 00:00:00+00:00, run_after=2025-06-06 00:00:00+00:00
[2025-06-05T02:05:55.433+0000] {processor.py:208} INFO - Processing /opt/airflow/dags/Sesion5/DAG_Jar.py took 0.106 seconds
[2025-06-05T02:06:25.643+0000] {processor.py:186} INFO - Started process (PID=621) to work on /opt/airflow/dags/Sesion5/DAG_Jar.py
[2025-06-05T02:06:25.643+0000] {processor.py:914} INFO - Processing file /opt/airflow/dags/Sesion5/DAG_Jar.py for tasks to queue
[2025-06-05T02:06:25.646+0000] {logging_mixin.py:190} INFO - [2025-06-05T02:06:25.646+0000] {dagbag.py:588} INFO - Filling up the DagBag from /opt/airflow/dags/Sesion5/DAG_Jar.py
[2025-06-05T02:06:25.657+0000] {processor.py:925} INFO - DAG(s) 'run_jar_dag' retrieved from /opt/airflow/dags/Sesion5/DAG_Jar.py
[2025-06-05T02:06:25.676+0000] {logging_mixin.py:190} INFO - [2025-06-05T02:06:25.676+0000] {dag.py:3239} INFO - Sync 1 DAGs
[2025-06-05T02:06:25.709+0000] {logging_mixin.py:190} INFO - [2025-06-05T02:06:25.709+0000] {dag.py:4180} INFO - Setting next_dagrun for run_jar_dag to 2025-06-05 00:00:00+00:00, run_after=2025-06-06 00:00:00+00:00
[2025-06-05T02:06:25.741+0000] {processor.py:208} INFO - Processing /opt/airflow/dags/Sesion5/DAG_Jar.py took 0.111 seconds
[2025-06-05T02:06:56.647+0000] {processor.py:186} INFO - Started process (PID=736) to work on /opt/airflow/dags/Sesion5/DAG_Jar.py
[2025-06-05T02:06:56.648+0000] {processor.py:914} INFO - Processing file /opt/airflow/dags/Sesion5/DAG_Jar.py for tasks to queue
[2025-06-05T02:06:56.650+0000] {logging_mixin.py:190} INFO - [2025-06-05T02:06:56.650+0000] {dagbag.py:588} INFO - Filling up the DagBag from /opt/airflow/dags/Sesion5/DAG_Jar.py
[2025-06-05T02:06:56.663+0000] {processor.py:925} INFO - DAG(s) 'run_jar_dag' retrieved from /opt/airflow/dags/Sesion5/DAG_Jar.py
[2025-06-05T02:06:56.689+0000] {logging_mixin.py:190} INFO - [2025-06-05T02:06:56.689+0000] {dag.py:3239} INFO - Sync 1 DAGs
[2025-06-05T02:06:56.724+0000] {logging_mixin.py:190} INFO - [2025-06-05T02:06:56.724+0000] {dag.py:4180} INFO - Setting next_dagrun for run_jar_dag to 2025-06-05 00:00:00+00:00, run_after=2025-06-06 00:00:00+00:00
[2025-06-05T02:06:56.743+0000] {processor.py:208} INFO - Processing /opt/airflow/dags/Sesion5/DAG_Jar.py took 0.104 seconds
[2025-06-05T02:07:26.852+0000] {processor.py:186} INFO - Started process (PID=851) to work on /opt/airflow/dags/Sesion5/DAG_Jar.py
[2025-06-05T02:07:26.853+0000] {processor.py:914} INFO - Processing file /opt/airflow/dags/Sesion5/DAG_Jar.py for tasks to queue
[2025-06-05T02:07:26.859+0000] {logging_mixin.py:190} INFO - [2025-06-05T02:07:26.857+0000] {dagbag.py:588} INFO - Filling up the DagBag from /opt/airflow/dags/Sesion5/DAG_Jar.py
[2025-06-05T02:07:26.891+0000] {processor.py:925} INFO - DAG(s) 'run_jar_dag' retrieved from /opt/airflow/dags/Sesion5/DAG_Jar.py
[2025-06-05T02:07:26.949+0000] {logging_mixin.py:190} INFO - [2025-06-05T02:07:26.949+0000] {dag.py:3239} INFO - Sync 1 DAGs
[2025-06-05T02:07:27.012+0000] {logging_mixin.py:190} INFO - [2025-06-05T02:07:27.011+0000] {dag.py:4180} INFO - Setting next_dagrun for run_jar_dag to 2025-06-05 00:00:00+00:00, run_after=2025-06-06 00:00:00+00:00
[2025-06-05T02:07:27.041+0000] {processor.py:208} INFO - Processing /opt/airflow/dags/Sesion5/DAG_Jar.py took 0.206 seconds
[2025-06-05T02:07:57.109+0000] {processor.py:186} INFO - Started process (PID=966) to work on /opt/airflow/dags/Sesion5/DAG_Jar.py
[2025-06-05T02:07:57.110+0000] {processor.py:914} INFO - Processing file /opt/airflow/dags/Sesion5/DAG_Jar.py for tasks to queue
[2025-06-05T02:07:57.113+0000] {logging_mixin.py:190} INFO - [2025-06-05T02:07:57.112+0000] {dagbag.py:588} INFO - Filling up the DagBag from /opt/airflow/dags/Sesion5/DAG_Jar.py
[2025-06-05T02:07:57.124+0000] {processor.py:925} INFO - DAG(s) 'run_jar_dag' retrieved from /opt/airflow/dags/Sesion5/DAG_Jar.py
[2025-06-05T02:07:57.144+0000] {logging_mixin.py:190} INFO - [2025-06-05T02:07:57.144+0000] {dag.py:3239} INFO - Sync 1 DAGs
[2025-06-05T02:07:57.177+0000] {logging_mixin.py:190} INFO - [2025-06-05T02:07:57.176+0000] {dag.py:4180} INFO - Setting next_dagrun for run_jar_dag to 2025-06-05 00:00:00+00:00, run_after=2025-06-06 00:00:00+00:00
[2025-06-05T02:07:57.195+0000] {processor.py:208} INFO - Processing /opt/airflow/dags/Sesion5/DAG_Jar.py took 0.093 seconds
[2025-06-05T02:08:27.380+0000] {processor.py:186} INFO - Started process (PID=1081) to work on /opt/airflow/dags/Sesion5/DAG_Jar.py
[2025-06-05T02:08:27.381+0000] {processor.py:914} INFO - Processing file /opt/airflow/dags/Sesion5/DAG_Jar.py for tasks to queue
[2025-06-05T02:08:27.384+0000] {logging_mixin.py:190} INFO - [2025-06-05T02:08:27.383+0000] {dagbag.py:588} INFO - Filling up the DagBag from /opt/airflow/dags/Sesion5/DAG_Jar.py
[2025-06-05T02:08:27.394+0000] {processor.py:925} INFO - DAG(s) 'run_jar_dag' retrieved from /opt/airflow/dags/Sesion5/DAG_Jar.py
[2025-06-05T02:08:27.415+0000] {logging_mixin.py:190} INFO - [2025-06-05T02:08:27.415+0000] {dag.py:3239} INFO - Sync 1 DAGs
[2025-06-05T02:08:27.456+0000] {logging_mixin.py:190} INFO - [2025-06-05T02:08:27.456+0000] {dag.py:4180} INFO - Setting next_dagrun for run_jar_dag to 2025-06-05 00:00:00+00:00, run_after=2025-06-06 00:00:00+00:00
[2025-06-05T02:08:27.475+0000] {processor.py:208} INFO - Processing /opt/airflow/dags/Sesion5/DAG_Jar.py took 0.101 seconds
[2025-06-05T02:08:58.428+0000] {processor.py:186} INFO - Started process (PID=1196) to work on /opt/airflow/dags/Sesion5/DAG_Jar.py
[2025-06-05T02:08:58.428+0000] {processor.py:914} INFO - Processing file /opt/airflow/dags/Sesion5/DAG_Jar.py for tasks to queue
[2025-06-05T02:08:58.430+0000] {logging_mixin.py:190} INFO - [2025-06-05T02:08:58.430+0000] {dagbag.py:588} INFO - Filling up the DagBag from /opt/airflow/dags/Sesion5/DAG_Jar.py
[2025-06-05T02:08:58.441+0000] {processor.py:925} INFO - DAG(s) 'run_jar_dag' retrieved from /opt/airflow/dags/Sesion5/DAG_Jar.py
[2025-06-05T02:08:58.467+0000] {logging_mixin.py:190} INFO - [2025-06-05T02:08:58.467+0000] {dag.py:3239} INFO - Sync 1 DAGs
[2025-06-05T02:08:58.501+0000] {logging_mixin.py:190} INFO - [2025-06-05T02:08:58.501+0000] {dag.py:4180} INFO - Setting next_dagrun for run_jar_dag to 2025-06-05 00:00:00+00:00, run_after=2025-06-06 00:00:00+00:00
[2025-06-05T02:08:58.521+0000] {processor.py:208} INFO - Processing /opt/airflow/dags/Sesion5/DAG_Jar.py took 0.101 seconds
[2025-06-05T02:09:29.329+0000] {processor.py:186} INFO - Started process (PID=1311) to work on /opt/airflow/dags/Sesion5/DAG_Jar.py
[2025-06-05T02:09:29.330+0000] {processor.py:914} INFO - Processing file /opt/airflow/dags/Sesion5/DAG_Jar.py for tasks to queue
[2025-06-05T02:09:29.332+0000] {logging_mixin.py:190} INFO - [2025-06-05T02:09:29.332+0000] {dagbag.py:588} INFO - Filling up the DagBag from /opt/airflow/dags/Sesion5/DAG_Jar.py
[2025-06-05T02:09:29.344+0000] {processor.py:925} INFO - DAG(s) 'run_jar_dag' retrieved from /opt/airflow/dags/Sesion5/DAG_Jar.py
[2025-06-05T02:09:29.365+0000] {logging_mixin.py:190} INFO - [2025-06-05T02:09:29.364+0000] {dag.py:3239} INFO - Sync 1 DAGs
[2025-06-05T02:09:29.400+0000] {logging_mixin.py:190} INFO - [2025-06-05T02:09:29.400+0000] {dag.py:4180} INFO - Setting next_dagrun for run_jar_dag to 2025-06-05 00:00:00+00:00, run_after=2025-06-06 00:00:00+00:00
[2025-06-05T02:09:29.422+0000] {processor.py:208} INFO - Processing /opt/airflow/dags/Sesion5/DAG_Jar.py took 0.100 seconds
[2025-06-05T02:09:59.705+0000] {processor.py:186} INFO - Started process (PID=1426) to work on /opt/airflow/dags/Sesion5/DAG_Jar.py
[2025-06-05T02:09:59.706+0000] {processor.py:914} INFO - Processing file /opt/airflow/dags/Sesion5/DAG_Jar.py for tasks to queue
[2025-06-05T02:09:59.708+0000] {logging_mixin.py:190} INFO - [2025-06-05T02:09:59.708+0000] {dagbag.py:588} INFO - Filling up the DagBag from /opt/airflow/dags/Sesion5/DAG_Jar.py
[2025-06-05T02:09:59.720+0000] {processor.py:925} INFO - DAG(s) 'run_jar_dag' retrieved from /opt/airflow/dags/Sesion5/DAG_Jar.py
[2025-06-05T02:09:59.740+0000] {logging_mixin.py:190} INFO - [2025-06-05T02:09:59.740+0000] {dag.py:3239} INFO - Sync 1 DAGs
[2025-06-05T02:09:59.773+0000] {logging_mixin.py:190} INFO - [2025-06-05T02:09:59.772+0000] {dag.py:4180} INFO - Setting next_dagrun for run_jar_dag to 2025-06-05 00:00:00+00:00, run_after=2025-06-06 00:00:00+00:00
[2025-06-05T02:09:59.821+0000] {processor.py:208} INFO - Processing /opt/airflow/dags/Sesion5/DAG_Jar.py took 0.123 seconds
[2025-06-05T02:10:30.794+0000] {processor.py:186} INFO - Started process (PID=1541) to work on /opt/airflow/dags/Sesion5/DAG_Jar.py
[2025-06-05T02:10:30.795+0000] {processor.py:914} INFO - Processing file /opt/airflow/dags/Sesion5/DAG_Jar.py for tasks to queue
[2025-06-05T02:10:30.798+0000] {logging_mixin.py:190} INFO - [2025-06-05T02:10:30.797+0000] {dagbag.py:588} INFO - Filling up the DagBag from /opt/airflow/dags/Sesion5/DAG_Jar.py
[2025-06-05T02:10:30.810+0000] {processor.py:925} INFO - DAG(s) 'run_jar_dag' retrieved from /opt/airflow/dags/Sesion5/DAG_Jar.py
[2025-06-05T02:10:30.829+0000] {logging_mixin.py:190} INFO - [2025-06-05T02:10:30.829+0000] {dag.py:3239} INFO - Sync 1 DAGs
[2025-06-05T02:10:30.860+0000] {logging_mixin.py:190} INFO - [2025-06-05T02:10:30.860+0000] {dag.py:4180} INFO - Setting next_dagrun for run_jar_dag to 2025-06-05 00:00:00+00:00, run_after=2025-06-06 00:00:00+00:00
[2025-06-05T02:10:30.886+0000] {processor.py:208} INFO - Processing /opt/airflow/dags/Sesion5/DAG_Jar.py took 0.103 seconds
[2025-06-05T02:11:00.959+0000] {processor.py:186} INFO - Started process (PID=1656) to work on /opt/airflow/dags/Sesion5/DAG_Jar.py
[2025-06-05T02:11:00.960+0000] {processor.py:914} INFO - Processing file /opt/airflow/dags/Sesion5/DAG_Jar.py for tasks to queue
[2025-06-05T02:11:00.962+0000] {logging_mixin.py:190} INFO - [2025-06-05T02:11:00.962+0000] {dagbag.py:588} INFO - Filling up the DagBag from /opt/airflow/dags/Sesion5/DAG_Jar.py
[2025-06-05T02:11:00.973+0000] {processor.py:925} INFO - DAG(s) 'run_jar_dag' retrieved from /opt/airflow/dags/Sesion5/DAG_Jar.py
[2025-06-05T02:11:00.999+0000] {logging_mixin.py:190} INFO - [2025-06-05T02:11:00.999+0000] {dag.py:3239} INFO - Sync 1 DAGs
[2025-06-05T02:11:01.042+0000] {logging_mixin.py:190} INFO - [2025-06-05T02:11:01.041+0000] {dag.py:4180} INFO - Setting next_dagrun for run_jar_dag to 2025-06-05 00:00:00+00:00, run_after=2025-06-06 00:00:00+00:00
[2025-06-05T02:11:01.071+0000] {processor.py:208} INFO - Processing /opt/airflow/dags/Sesion5/DAG_Jar.py took 0.119 seconds
[2025-06-05T02:11:31.299+0000] {processor.py:186} INFO - Started process (PID=1771) to work on /opt/airflow/dags/Sesion5/DAG_Jar.py
[2025-06-05T02:11:31.300+0000] {processor.py:914} INFO - Processing file /opt/airflow/dags/Sesion5/DAG_Jar.py for tasks to queue
[2025-06-05T02:11:31.302+0000] {logging_mixin.py:190} INFO - [2025-06-05T02:11:31.302+0000] {dagbag.py:588} INFO - Filling up the DagBag from /opt/airflow/dags/Sesion5/DAG_Jar.py
[2025-06-05T02:11:31.312+0000] {processor.py:925} INFO - DAG(s) 'run_jar_dag' retrieved from /opt/airflow/dags/Sesion5/DAG_Jar.py
[2025-06-05T02:11:31.332+0000] {logging_mixin.py:190} INFO - [2025-06-05T02:11:31.332+0000] {dag.py:3239} INFO - Sync 1 DAGs
[2025-06-05T02:11:31.365+0000] {logging_mixin.py:190} INFO - [2025-06-05T02:11:31.365+0000] {dag.py:4180} INFO - Setting next_dagrun for run_jar_dag to 2025-06-05 00:00:00+00:00, run_after=2025-06-06 00:00:00+00:00
[2025-06-05T02:11:31.386+0000] {processor.py:208} INFO - Processing /opt/airflow/dags/Sesion5/DAG_Jar.py took 0.094 seconds
[2025-06-05T02:12:02.289+0000] {processor.py:186} INFO - Started process (PID=1886) to work on /opt/airflow/dags/Sesion5/DAG_Jar.py
[2025-06-05T02:12:02.290+0000] {processor.py:914} INFO - Processing file /opt/airflow/dags/Sesion5/DAG_Jar.py for tasks to queue
[2025-06-05T02:12:02.292+0000] {logging_mixin.py:190} INFO - [2025-06-05T02:12:02.292+0000] {dagbag.py:588} INFO - Filling up the DagBag from /opt/airflow/dags/Sesion5/DAG_Jar.py
[2025-06-05T02:12:02.302+0000] {processor.py:925} INFO - DAG(s) 'run_jar_dag' retrieved from /opt/airflow/dags/Sesion5/DAG_Jar.py
[2025-06-05T02:12:02.321+0000] {logging_mixin.py:190} INFO - [2025-06-05T02:12:02.321+0000] {dag.py:3239} INFO - Sync 1 DAGs
[2025-06-05T02:12:02.354+0000] {logging_mixin.py:190} INFO - [2025-06-05T02:12:02.353+0000] {dag.py:4180} INFO - Setting next_dagrun for run_jar_dag to 2025-06-05 00:00:00+00:00, run_after=2025-06-06 00:00:00+00:00
[2025-06-05T02:12:02.373+0000] {processor.py:208} INFO - Processing /opt/airflow/dags/Sesion5/DAG_Jar.py took 0.093 seconds
[2025-06-05T02:12:33.380+0000] {processor.py:186} INFO - Started process (PID=2001) to work on /opt/airflow/dags/Sesion5/DAG_Jar.py
[2025-06-05T02:12:33.381+0000] {processor.py:914} INFO - Processing file /opt/airflow/dags/Sesion5/DAG_Jar.py for tasks to queue
[2025-06-05T02:12:33.383+0000] {logging_mixin.py:190} INFO - [2025-06-05T02:12:33.383+0000] {dagbag.py:588} INFO - Filling up the DagBag from /opt/airflow/dags/Sesion5/DAG_Jar.py
[2025-06-05T02:12:33.393+0000] {processor.py:925} INFO - DAG(s) 'run_jar_dag' retrieved from /opt/airflow/dags/Sesion5/DAG_Jar.py
[2025-06-05T02:12:33.413+0000] {logging_mixin.py:190} INFO - [2025-06-05T02:12:33.413+0000] {dag.py:3239} INFO - Sync 1 DAGs
[2025-06-05T02:12:33.446+0000] {logging_mixin.py:190} INFO - [2025-06-05T02:12:33.445+0000] {dag.py:4180} INFO - Setting next_dagrun for run_jar_dag to 2025-06-05 00:00:00+00:00, run_after=2025-06-06 00:00:00+00:00
[2025-06-05T02:12:33.466+0000] {processor.py:208} INFO - Processing /opt/airflow/dags/Sesion5/DAG_Jar.py took 0.095 seconds
[2025-06-05T02:13:03.720+0000] {processor.py:186} INFO - Started process (PID=2116) to work on /opt/airflow/dags/Sesion5/DAG_Jar.py
[2025-06-05T02:13:03.721+0000] {processor.py:914} INFO - Processing file /opt/airflow/dags/Sesion5/DAG_Jar.py for tasks to queue
[2025-06-05T02:13:03.724+0000] {logging_mixin.py:190} INFO - [2025-06-05T02:13:03.723+0000] {dagbag.py:588} INFO - Filling up the DagBag from /opt/airflow/dags/Sesion5/DAG_Jar.py
[2025-06-05T02:13:03.734+0000] {processor.py:925} INFO - DAG(s) 'run_jar_dag' retrieved from /opt/airflow/dags/Sesion5/DAG_Jar.py
[2025-06-05T02:13:03.756+0000] {logging_mixin.py:190} INFO - [2025-06-05T02:13:03.756+0000] {dag.py:3239} INFO - Sync 1 DAGs
[2025-06-05T02:13:03.792+0000] {logging_mixin.py:190} INFO - [2025-06-05T02:13:03.791+0000] {dag.py:4180} INFO - Setting next_dagrun for run_jar_dag to 2025-06-05 00:00:00+00:00, run_after=2025-06-06 00:00:00+00:00
[2025-06-05T02:13:03.810+0000] {processor.py:208} INFO - Processing /opt/airflow/dags/Sesion5/DAG_Jar.py took 0.099 seconds
[2025-06-05T02:13:34.788+0000] {processor.py:186} INFO - Started process (PID=2231) to work on /opt/airflow/dags/Sesion5/DAG_Jar.py
[2025-06-05T02:13:34.789+0000] {processor.py:914} INFO - Processing file /opt/airflow/dags/Sesion5/DAG_Jar.py for tasks to queue
[2025-06-05T02:13:34.791+0000] {logging_mixin.py:190} INFO - [2025-06-05T02:13:34.791+0000] {dagbag.py:588} INFO - Filling up the DagBag from /opt/airflow/dags/Sesion5/DAG_Jar.py
[2025-06-05T02:13:34.802+0000] {processor.py:925} INFO - DAG(s) 'run_jar_dag' retrieved from /opt/airflow/dags/Sesion5/DAG_Jar.py
[2025-06-05T02:13:34.822+0000] {logging_mixin.py:190} INFO - [2025-06-05T02:13:34.822+0000] {dag.py:3239} INFO - Sync 1 DAGs
[2025-06-05T02:13:34.856+0000] {logging_mixin.py:190} INFO - [2025-06-05T02:13:34.854+0000] {dag.py:4180} INFO - Setting next_dagrun for run_jar_dag to 2025-06-05 00:00:00+00:00, run_after=2025-06-06 00:00:00+00:00
[2025-06-05T02:13:34.879+0000] {processor.py:208} INFO - Processing /opt/airflow/dags/Sesion5/DAG_Jar.py took 0.099 seconds
[2025-06-05T02:14:04.980+0000] {processor.py:186} INFO - Started process (PID=2346) to work on /opt/airflow/dags/Sesion5/DAG_Jar.py
[2025-06-05T02:14:04.983+0000] {processor.py:914} INFO - Processing file /opt/airflow/dags/Sesion5/DAG_Jar.py for tasks to queue
[2025-06-05T02:14:04.988+0000] {logging_mixin.py:190} INFO - [2025-06-05T02:14:04.986+0000] {dagbag.py:588} INFO - Filling up the DagBag from /opt/airflow/dags/Sesion5/DAG_Jar.py
[2025-06-05T02:14:05.005+0000] {processor.py:925} INFO - DAG(s) 'run_jar_dag' retrieved from /opt/airflow/dags/Sesion5/DAG_Jar.py
[2025-06-05T02:14:05.027+0000] {logging_mixin.py:190} INFO - [2025-06-05T02:14:05.027+0000] {dag.py:3239} INFO - Sync 1 DAGs
[2025-06-05T02:14:05.060+0000] {logging_mixin.py:190} INFO - [2025-06-05T02:14:05.060+0000] {dag.py:4180} INFO - Setting next_dagrun for run_jar_dag to 2025-06-05 00:00:00+00:00, run_after=2025-06-06 00:00:00+00:00
[2025-06-05T02:14:05.080+0000] {processor.py:208} INFO - Processing /opt/airflow/dags/Sesion5/DAG_Jar.py took 0.117 seconds
[2025-06-05T02:14:35.168+0000] {processor.py:186} INFO - Started process (PID=2461) to work on /opt/airflow/dags/Sesion5/DAG_Jar.py
[2025-06-05T02:14:35.169+0000] {processor.py:914} INFO - Processing file /opt/airflow/dags/Sesion5/DAG_Jar.py for tasks to queue
[2025-06-05T02:14:35.172+0000] {logging_mixin.py:190} INFO - [2025-06-05T02:14:35.172+0000] {dagbag.py:588} INFO - Filling up the DagBag from /opt/airflow/dags/Sesion5/DAG_Jar.py
[2025-06-05T02:14:35.182+0000] {processor.py:925} INFO - DAG(s) 'run_jar_dag' retrieved from /opt/airflow/dags/Sesion5/DAG_Jar.py
[2025-06-05T02:14:35.202+0000] {logging_mixin.py:190} INFO - [2025-06-05T02:14:35.202+0000] {dag.py:3239} INFO - Sync 1 DAGs
[2025-06-05T02:14:35.236+0000] {logging_mixin.py:190} INFO - [2025-06-05T02:14:35.236+0000] {dag.py:4180} INFO - Setting next_dagrun for run_jar_dag to 2025-06-05 00:00:00+00:00, run_after=2025-06-06 00:00:00+00:00
[2025-06-05T02:14:35.256+0000] {processor.py:208} INFO - Processing /opt/airflow/dags/Sesion5/DAG_Jar.py took 0.095 seconds
[2025-06-05T02:15:05.574+0000] {processor.py:186} INFO - Started process (PID=2576) to work on /opt/airflow/dags/Sesion5/DAG_Jar.py
[2025-06-05T02:15:05.574+0000] {processor.py:914} INFO - Processing file /opt/airflow/dags/Sesion5/DAG_Jar.py for tasks to queue
[2025-06-05T02:15:05.577+0000] {logging_mixin.py:190} INFO - [2025-06-05T02:15:05.577+0000] {dagbag.py:588} INFO - Filling up the DagBag from /opt/airflow/dags/Sesion5/DAG_Jar.py
[2025-06-05T02:15:05.587+0000] {processor.py:925} INFO - DAG(s) 'run_jar_dag' retrieved from /opt/airflow/dags/Sesion5/DAG_Jar.py
[2025-06-05T02:15:05.607+0000] {logging_mixin.py:190} INFO - [2025-06-05T02:15:05.607+0000] {dag.py:3239} INFO - Sync 1 DAGs
[2025-06-05T02:15:05.636+0000] {logging_mixin.py:190} INFO - [2025-06-05T02:15:05.636+0000] {dag.py:4180} INFO - Setting next_dagrun for run_jar_dag to 2025-06-05 00:00:00+00:00, run_after=2025-06-06 00:00:00+00:00
[2025-06-05T02:15:05.656+0000] {processor.py:208} INFO - Processing /opt/airflow/dags/Sesion5/DAG_Jar.py took 0.090 seconds
[2025-06-05T02:15:36.618+0000] {processor.py:186} INFO - Started process (PID=2691) to work on /opt/airflow/dags/Sesion5/DAG_Jar.py
[2025-06-05T02:15:36.619+0000] {processor.py:914} INFO - Processing file /opt/airflow/dags/Sesion5/DAG_Jar.py for tasks to queue
[2025-06-05T02:15:36.622+0000] {logging_mixin.py:190} INFO - [2025-06-05T02:15:36.621+0000] {dagbag.py:588} INFO - Filling up the DagBag from /opt/airflow/dags/Sesion5/DAG_Jar.py
[2025-06-05T02:15:36.632+0000] {processor.py:925} INFO - DAG(s) 'run_jar_dag' retrieved from /opt/airflow/dags/Sesion5/DAG_Jar.py
[2025-06-05T02:15:36.674+0000] {logging_mixin.py:190} INFO - [2025-06-05T02:15:36.674+0000] {dag.py:3239} INFO - Sync 1 DAGs
[2025-06-05T02:15:36.711+0000] {logging_mixin.py:190} INFO - [2025-06-05T02:15:36.711+0000] {dag.py:4180} INFO - Setting next_dagrun for run_jar_dag to 2025-06-05 00:00:00+00:00, run_after=2025-06-06 00:00:00+00:00
[2025-06-05T02:15:36.733+0000] {processor.py:208} INFO - Processing /opt/airflow/dags/Sesion5/DAG_Jar.py took 0.122 seconds
[2025-06-05T02:16:07.688+0000] {processor.py:186} INFO - Started process (PID=2806) to work on /opt/airflow/dags/Sesion5/DAG_Jar.py
[2025-06-05T02:16:07.689+0000] {processor.py:914} INFO - Processing file /opt/airflow/dags/Sesion5/DAG_Jar.py for tasks to queue
[2025-06-05T02:16:07.692+0000] {logging_mixin.py:190} INFO - [2025-06-05T02:16:07.692+0000] {dagbag.py:588} INFO - Filling up the DagBag from /opt/airflow/dags/Sesion5/DAG_Jar.py
[2025-06-05T02:16:07.703+0000] {processor.py:925} INFO - DAG(s) 'run_jar_dag' retrieved from /opt/airflow/dags/Sesion5/DAG_Jar.py
[2025-06-05T02:16:07.723+0000] {logging_mixin.py:190} INFO - [2025-06-05T02:16:07.722+0000] {dag.py:3239} INFO - Sync 1 DAGs
[2025-06-05T02:16:07.756+0000] {logging_mixin.py:190} INFO - [2025-06-05T02:16:07.755+0000] {dag.py:4180} INFO - Setting next_dagrun for run_jar_dag to 2025-06-05 00:00:00+00:00, run_after=2025-06-06 00:00:00+00:00
[2025-06-05T02:16:07.777+0000] {processor.py:208} INFO - Processing /opt/airflow/dags/Sesion5/DAG_Jar.py took 0.101 seconds
[2025-06-05T02:16:38.177+0000] {processor.py:186} INFO - Started process (PID=2921) to work on /opt/airflow/dags/Sesion5/DAG_Jar.py
[2025-06-05T02:16:38.177+0000] {processor.py:914} INFO - Processing file /opt/airflow/dags/Sesion5/DAG_Jar.py for tasks to queue
[2025-06-05T02:16:38.180+0000] {logging_mixin.py:190} INFO - [2025-06-05T02:16:38.180+0000] {dagbag.py:588} INFO - Filling up the DagBag from /opt/airflow/dags/Sesion5/DAG_Jar.py
[2025-06-05T02:16:38.190+0000] {processor.py:925} INFO - DAG(s) 'run_jar_dag' retrieved from /opt/airflow/dags/Sesion5/DAG_Jar.py
[2025-06-05T02:16:38.209+0000] {logging_mixin.py:190} INFO - [2025-06-05T02:16:38.209+0000] {dag.py:3239} INFO - Sync 1 DAGs
[2025-06-05T02:16:38.242+0000] {logging_mixin.py:190} INFO - [2025-06-05T02:16:38.242+0000] {dag.py:4180} INFO - Setting next_dagrun for run_jar_dag to 2025-06-05 00:00:00+00:00, run_after=2025-06-06 00:00:00+00:00
[2025-06-05T02:16:38.261+0000] {processor.py:208} INFO - Processing /opt/airflow/dags/Sesion5/DAG_Jar.py took 0.095 seconds
[2025-06-05T02:17:08.496+0000] {processor.py:186} INFO - Started process (PID=3036) to work on /opt/airflow/dags/Sesion5/DAG_Jar.py
[2025-06-05T02:17:08.497+0000] {processor.py:914} INFO - Processing file /opt/airflow/dags/Sesion5/DAG_Jar.py for tasks to queue
[2025-06-05T02:17:08.500+0000] {logging_mixin.py:190} INFO - [2025-06-05T02:17:08.499+0000] {dagbag.py:588} INFO - Filling up the DagBag from /opt/airflow/dags/Sesion5/DAG_Jar.py
[2025-06-05T02:17:08.510+0000] {processor.py:925} INFO - DAG(s) 'run_jar_dag' retrieved from /opt/airflow/dags/Sesion5/DAG_Jar.py
[2025-06-05T02:17:08.529+0000] {logging_mixin.py:190} INFO - [2025-06-05T02:17:08.529+0000] {dag.py:3239} INFO - Sync 1 DAGs
[2025-06-05T02:17:08.586+0000] {logging_mixin.py:190} INFO - [2025-06-05T02:17:08.586+0000] {dag.py:4180} INFO - Setting next_dagrun for run_jar_dag to 2025-06-05 00:00:00+00:00, run_after=2025-06-06 00:00:00+00:00
[2025-06-05T02:17:08.607+0000] {processor.py:208} INFO - Processing /opt/airflow/dags/Sesion5/DAG_Jar.py took 0.118 seconds
[2025-06-05T02:17:38.880+0000] {processor.py:186} INFO - Started process (PID=3151) to work on /opt/airflow/dags/Sesion5/DAG_Jar.py
[2025-06-05T02:17:38.881+0000] {processor.py:914} INFO - Processing file /opt/airflow/dags/Sesion5/DAG_Jar.py for tasks to queue
[2025-06-05T02:17:38.883+0000] {logging_mixin.py:190} INFO - [2025-06-05T02:17:38.883+0000] {dagbag.py:588} INFO - Filling up the DagBag from /opt/airflow/dags/Sesion5/DAG_Jar.py
[2025-06-05T02:17:38.894+0000] {processor.py:925} INFO - DAG(s) 'run_jar_dag' retrieved from /opt/airflow/dags/Sesion5/DAG_Jar.py
[2025-06-05T02:17:38.913+0000] {logging_mixin.py:190} INFO - [2025-06-05T02:17:38.913+0000] {dag.py:3239} INFO - Sync 1 DAGs
[2025-06-05T02:17:38.952+0000] {logging_mixin.py:190} INFO - [2025-06-05T02:17:38.952+0000] {dag.py:4180} INFO - Setting next_dagrun for run_jar_dag to 2025-06-05 00:00:00+00:00, run_after=2025-06-06 00:00:00+00:00
[2025-06-05T02:17:38.973+0000] {processor.py:208} INFO - Processing /opt/airflow/dags/Sesion5/DAG_Jar.py took 0.100 seconds
[2025-06-05T02:18:09.892+0000] {processor.py:186} INFO - Started process (PID=3266) to work on /opt/airflow/dags/Sesion5/DAG_Jar.py
[2025-06-05T02:18:09.893+0000] {processor.py:914} INFO - Processing file /opt/airflow/dags/Sesion5/DAG_Jar.py for tasks to queue
[2025-06-05T02:18:09.895+0000] {logging_mixin.py:190} INFO - [2025-06-05T02:18:09.895+0000] {dagbag.py:588} INFO - Filling up the DagBag from /opt/airflow/dags/Sesion5/DAG_Jar.py
[2025-06-05T02:18:09.906+0000] {processor.py:925} INFO - DAG(s) 'run_jar_dag' retrieved from /opt/airflow/dags/Sesion5/DAG_Jar.py
[2025-06-05T02:18:09.943+0000] {logging_mixin.py:190} INFO - [2025-06-05T02:18:09.941+0000] {dag.py:3239} INFO - Sync 1 DAGs
[2025-06-05T02:18:09.983+0000] {logging_mixin.py:190} INFO - [2025-06-05T02:18:09.983+0000] {dag.py:4180} INFO - Setting next_dagrun for run_jar_dag to 2025-06-05 00:00:00+00:00, run_after=2025-06-06 00:00:00+00:00
[2025-06-05T02:18:10.001+0000] {processor.py:208} INFO - Processing /opt/airflow/dags/Sesion5/DAG_Jar.py took 0.116 seconds
[2025-06-05T02:18:40.293+0000] {processor.py:186} INFO - Started process (PID=3381) to work on /opt/airflow/dags/Sesion5/DAG_Jar.py
[2025-06-05T02:18:40.294+0000] {processor.py:914} INFO - Processing file /opt/airflow/dags/Sesion5/DAG_Jar.py for tasks to queue
[2025-06-05T02:18:40.296+0000] {logging_mixin.py:190} INFO - [2025-06-05T02:18:40.296+0000] {dagbag.py:588} INFO - Filling up the DagBag from /opt/airflow/dags/Sesion5/DAG_Jar.py
[2025-06-05T02:18:40.311+0000] {processor.py:925} INFO - DAG(s) 'run_jar_dag' retrieved from /opt/airflow/dags/Sesion5/DAG_Jar.py
[2025-06-05T02:18:40.330+0000] {logging_mixin.py:190} INFO - [2025-06-05T02:18:40.330+0000] {dag.py:3239} INFO - Sync 1 DAGs
[2025-06-05T02:18:40.376+0000] {logging_mixin.py:190} INFO - [2025-06-05T02:18:40.376+0000] {dag.py:4180} INFO - Setting next_dagrun for run_jar_dag to 2025-06-05 00:00:00+00:00, run_after=2025-06-06 00:00:00+00:00
[2025-06-05T02:18:40.399+0000] {processor.py:208} INFO - Processing /opt/airflow/dags/Sesion5/DAG_Jar.py took 0.113 seconds
[2025-06-05T02:19:10.507+0000] {processor.py:186} INFO - Started process (PID=3496) to work on /opt/airflow/dags/Sesion5/DAG_Jar.py
[2025-06-05T02:19:10.507+0000] {processor.py:914} INFO - Processing file /opt/airflow/dags/Sesion5/DAG_Jar.py for tasks to queue
[2025-06-05T02:19:10.510+0000] {logging_mixin.py:190} INFO - [2025-06-05T02:19:10.509+0000] {dagbag.py:588} INFO - Filling up the DagBag from /opt/airflow/dags/Sesion5/DAG_Jar.py
[2025-06-05T02:19:10.521+0000] {processor.py:925} INFO - DAG(s) 'run_jar_dag' retrieved from /opt/airflow/dags/Sesion5/DAG_Jar.py
[2025-06-05T02:19:10.540+0000] {logging_mixin.py:190} INFO - [2025-06-05T02:19:10.539+0000] {dag.py:3239} INFO - Sync 1 DAGs
[2025-06-05T02:19:10.572+0000] {logging_mixin.py:190} INFO - [2025-06-05T02:19:10.572+0000] {dag.py:4180} INFO - Setting next_dagrun for run_jar_dag to 2025-06-05 00:00:00+00:00, run_after=2025-06-06 00:00:00+00:00
[2025-06-05T02:19:10.591+0000] {processor.py:208} INFO - Processing /opt/airflow/dags/Sesion5/DAG_Jar.py took 0.093 seconds
[2025-06-05T02:19:41.312+0000] {processor.py:186} INFO - Started process (PID=3611) to work on /opt/airflow/dags/Sesion5/DAG_Jar.py
[2025-06-05T02:19:41.313+0000] {processor.py:914} INFO - Processing file /opt/airflow/dags/Sesion5/DAG_Jar.py for tasks to queue
[2025-06-05T02:19:41.317+0000] {logging_mixin.py:190} INFO - [2025-06-05T02:19:41.317+0000] {dagbag.py:588} INFO - Filling up the DagBag from /opt/airflow/dags/Sesion5/DAG_Jar.py
[2025-06-05T02:19:41.336+0000] {processor.py:925} INFO - DAG(s) 'run_jar_dag' retrieved from /opt/airflow/dags/Sesion5/DAG_Jar.py
[2025-06-05T02:19:41.367+0000] {logging_mixin.py:190} INFO - [2025-06-05T02:19:41.367+0000] {dag.py:3239} INFO - Sync 1 DAGs
[2025-06-05T02:19:41.400+0000] {logging_mixin.py:190} INFO - [2025-06-05T02:19:41.400+0000] {dag.py:4180} INFO - Setting next_dagrun for run_jar_dag to 2025-06-05 00:00:00+00:00, run_after=2025-06-06 00:00:00+00:00
[2025-06-05T02:19:41.419+0000] {processor.py:208} INFO - Processing /opt/airflow/dags/Sesion5/DAG_Jar.py took 0.126 seconds
[2025-06-05T02:20:11.697+0000] {processor.py:186} INFO - Started process (PID=3726) to work on /opt/airflow/dags/Sesion5/DAG_Jar.py
[2025-06-05T02:20:11.698+0000] {processor.py:914} INFO - Processing file /opt/airflow/dags/Sesion5/DAG_Jar.py for tasks to queue
[2025-06-05T02:20:11.700+0000] {logging_mixin.py:190} INFO - [2025-06-05T02:20:11.700+0000] {dagbag.py:588} INFO - Filling up the DagBag from /opt/airflow/dags/Sesion5/DAG_Jar.py
[2025-06-05T02:20:11.711+0000] {processor.py:925} INFO - DAG(s) 'run_jar_dag' retrieved from /opt/airflow/dags/Sesion5/DAG_Jar.py
[2025-06-05T02:20:11.734+0000] {logging_mixin.py:190} INFO - [2025-06-05T02:20:11.734+0000] {dag.py:3239} INFO - Sync 1 DAGs
[2025-06-05T02:20:11.767+0000] {logging_mixin.py:190} INFO - [2025-06-05T02:20:11.767+0000] {dag.py:4180} INFO - Setting next_dagrun for run_jar_dag to 2025-06-05 00:00:00+00:00, run_after=2025-06-06 00:00:00+00:00
[2025-06-05T02:20:11.786+0000] {processor.py:208} INFO - Processing /opt/airflow/dags/Sesion5/DAG_Jar.py took 0.096 seconds
[2025-06-05T02:20:41.913+0000] {processor.py:186} INFO - Started process (PID=3841) to work on /opt/airflow/dags/Sesion5/DAG_Jar.py
[2025-06-05T02:20:41.914+0000] {processor.py:914} INFO - Processing file /opt/airflow/dags/Sesion5/DAG_Jar.py for tasks to queue
[2025-06-05T02:20:41.916+0000] {logging_mixin.py:190} INFO - [2025-06-05T02:20:41.916+0000] {dagbag.py:588} INFO - Filling up the DagBag from /opt/airflow/dags/Sesion5/DAG_Jar.py
[2025-06-05T02:20:41.927+0000] {processor.py:925} INFO - DAG(s) 'run_jar_dag' retrieved from /opt/airflow/dags/Sesion5/DAG_Jar.py
[2025-06-05T02:20:41.950+0000] {logging_mixin.py:190} INFO - [2025-06-05T02:20:41.950+0000] {dag.py:3239} INFO - Sync 1 DAGs
[2025-06-05T02:20:41.982+0000] {logging_mixin.py:190} INFO - [2025-06-05T02:20:41.982+0000] {dag.py:4180} INFO - Setting next_dagrun for run_jar_dag to 2025-06-05 00:00:00+00:00, run_after=2025-06-06 00:00:00+00:00
[2025-06-05T02:20:42.003+0000] {processor.py:208} INFO - Processing /opt/airflow/dags/Sesion5/DAG_Jar.py took 0.097 seconds
[2025-06-05T02:21:12.249+0000] {processor.py:186} INFO - Started process (PID=3956) to work on /opt/airflow/dags/Sesion5/DAG_Jar.py
[2025-06-05T02:21:12.250+0000] {processor.py:914} INFO - Processing file /opt/airflow/dags/Sesion5/DAG_Jar.py for tasks to queue
[2025-06-05T02:21:12.252+0000] {logging_mixin.py:190} INFO - [2025-06-05T02:21:12.252+0000] {dagbag.py:588} INFO - Filling up the DagBag from /opt/airflow/dags/Sesion5/DAG_Jar.py
[2025-06-05T02:21:12.267+0000] {processor.py:925} INFO - DAG(s) 'run_jar_dag' retrieved from /opt/airflow/dags/Sesion5/DAG_Jar.py
[2025-06-05T02:21:12.301+0000] {logging_mixin.py:190} INFO - [2025-06-05T02:21:12.301+0000] {dag.py:3239} INFO - Sync 1 DAGs
[2025-06-05T02:21:12.366+0000] {logging_mixin.py:190} INFO - [2025-06-05T02:21:12.366+0000] {dag.py:4180} INFO - Setting next_dagrun for run_jar_dag to 2025-06-05 00:00:00+00:00, run_after=2025-06-06 00:00:00+00:00
[2025-06-05T02:21:12.404+0000] {processor.py:208} INFO - Processing /opt/airflow/dags/Sesion5/DAG_Jar.py took 0.162 seconds
[2025-06-05T02:21:43.195+0000] {processor.py:186} INFO - Started process (PID=4056) to work on /opt/airflow/dags/Sesion5/DAG_Jar.py
[2025-06-05T02:21:43.196+0000] {processor.py:914} INFO - Processing file /opt/airflow/dags/Sesion5/DAG_Jar.py for tasks to queue
[2025-06-05T02:21:43.198+0000] {logging_mixin.py:190} INFO - [2025-06-05T02:21:43.198+0000] {dagbag.py:588} INFO - Filling up the DagBag from /opt/airflow/dags/Sesion5/DAG_Jar.py
[2025-06-05T02:21:43.208+0000] {processor.py:925} INFO - DAG(s) 'run_jar_dag' retrieved from /opt/airflow/dags/Sesion5/DAG_Jar.py
[2025-06-05T02:21:43.228+0000] {logging_mixin.py:190} INFO - [2025-06-05T02:21:43.228+0000] {dag.py:3239} INFO - Sync 1 DAGs
[2025-06-05T02:21:43.261+0000] {logging_mixin.py:190} INFO - [2025-06-05T02:21:43.260+0000] {dag.py:4180} INFO - Setting next_dagrun for run_jar_dag to 2025-06-05 00:00:00+00:00, run_after=2025-06-06 00:00:00+00:00
[2025-06-05T02:21:43.451+0000] {processor.py:208} INFO - Processing /opt/airflow/dags/Sesion5/DAG_Jar.py took 0.263 seconds
[2025-06-05T02:22:13.805+0000] {processor.py:186} INFO - Started process (PID=4171) to work on /opt/airflow/dags/Sesion5/DAG_Jar.py
[2025-06-05T02:22:13.806+0000] {processor.py:914} INFO - Processing file /opt/airflow/dags/Sesion5/DAG_Jar.py for tasks to queue
[2025-06-05T02:22:13.808+0000] {logging_mixin.py:190} INFO - [2025-06-05T02:22:13.808+0000] {dagbag.py:588} INFO - Filling up the DagBag from /opt/airflow/dags/Sesion5/DAG_Jar.py
[2025-06-05T02:22:13.817+0000] {processor.py:925} INFO - DAG(s) 'run_jar_dag' retrieved from /opt/airflow/dags/Sesion5/DAG_Jar.py
[2025-06-05T02:22:13.837+0000] {logging_mixin.py:190} INFO - [2025-06-05T02:22:13.836+0000] {dag.py:3239} INFO - Sync 1 DAGs
[2025-06-05T02:22:13.867+0000] {logging_mixin.py:190} INFO - [2025-06-05T02:22:13.867+0000] {dag.py:4180} INFO - Setting next_dagrun for run_jar_dag to 2025-06-05 00:00:00+00:00, run_after=2025-06-06 00:00:00+00:00
[2025-06-05T02:22:13.886+0000] {processor.py:208} INFO - Processing /opt/airflow/dags/Sesion5/DAG_Jar.py took 0.088 seconds
[2025-06-05T02:22:44.261+0000] {processor.py:186} INFO - Started process (PID=4269) to work on /opt/airflow/dags/Sesion5/DAG_Jar.py
[2025-06-05T02:22:44.262+0000] {processor.py:914} INFO - Processing file /opt/airflow/dags/Sesion5/DAG_Jar.py for tasks to queue
[2025-06-05T02:22:44.264+0000] {logging_mixin.py:190} INFO - [2025-06-05T02:22:44.264+0000] {dagbag.py:588} INFO - Filling up the DagBag from /opt/airflow/dags/Sesion5/DAG_Jar.py
[2025-06-05T02:22:44.274+0000] {processor.py:925} INFO - DAG(s) 'run_jar_dag' retrieved from /opt/airflow/dags/Sesion5/DAG_Jar.py
[2025-06-05T02:22:44.293+0000] {logging_mixin.py:190} INFO - [2025-06-05T02:22:44.293+0000] {dag.py:3239} INFO - Sync 1 DAGs
[2025-06-05T02:22:44.327+0000] {logging_mixin.py:190} INFO - [2025-06-05T02:22:44.327+0000] {dag.py:4180} INFO - Setting next_dagrun for run_jar_dag to 2025-06-05 00:00:00+00:00, run_after=2025-06-06 00:00:00+00:00
[2025-06-05T02:22:44.349+0000] {processor.py:208} INFO - Processing /opt/airflow/dags/Sesion5/DAG_Jar.py took 0.096 seconds
[2025-06-05T02:23:14.437+0000] {processor.py:186} INFO - Started process (PID=4384) to work on /opt/airflow/dags/Sesion5/DAG_Jar.py
[2025-06-05T02:23:14.442+0000] {processor.py:914} INFO - Processing file /opt/airflow/dags/Sesion5/DAG_Jar.py for tasks to queue
[2025-06-05T02:23:14.447+0000] {logging_mixin.py:190} INFO - [2025-06-05T02:23:14.447+0000] {dagbag.py:588} INFO - Filling up the DagBag from /opt/airflow/dags/Sesion5/DAG_Jar.py
[2025-06-05T02:23:14.463+0000] {processor.py:925} INFO - DAG(s) 'run_jar_dag' retrieved from /opt/airflow/dags/Sesion5/DAG_Jar.py
[2025-06-05T02:23:14.510+0000] {logging_mixin.py:190} INFO - [2025-06-05T02:23:14.510+0000] {dag.py:3239} INFO - Sync 1 DAGs
[2025-06-05T02:23:14.587+0000] {logging_mixin.py:190} INFO - [2025-06-05T02:23:14.586+0000] {dag.py:4180} INFO - Setting next_dagrun for run_jar_dag to 2025-06-05 00:00:00+00:00, run_after=2025-06-06 00:00:00+00:00
[2025-06-05T02:23:14.608+0000] {processor.py:208} INFO - Processing /opt/airflow/dags/Sesion5/DAG_Jar.py took 0.186 seconds
[2025-06-05T02:23:45.484+0000] {processor.py:186} INFO - Started process (PID=4499) to work on /opt/airflow/dags/Sesion5/DAG_Jar.py
[2025-06-05T02:23:45.485+0000] {processor.py:914} INFO - Processing file /opt/airflow/dags/Sesion5/DAG_Jar.py for tasks to queue
[2025-06-05T02:23:45.488+0000] {logging_mixin.py:190} INFO - [2025-06-05T02:23:45.487+0000] {dagbag.py:588} INFO - Filling up the DagBag from /opt/airflow/dags/Sesion5/DAG_Jar.py
[2025-06-05T02:23:45.499+0000] {processor.py:925} INFO - DAG(s) 'run_jar_dag' retrieved from /opt/airflow/dags/Sesion5/DAG_Jar.py
[2025-06-05T02:23:45.519+0000] {logging_mixin.py:190} INFO - [2025-06-05T02:23:45.519+0000] {dag.py:3239} INFO - Sync 1 DAGs
[2025-06-05T02:23:45.556+0000] {logging_mixin.py:190} INFO - [2025-06-05T02:23:45.556+0000] {dag.py:4180} INFO - Setting next_dagrun for run_jar_dag to 2025-06-05 00:00:00+00:00, run_after=2025-06-06 00:00:00+00:00
[2025-06-05T02:23:45.576+0000] {processor.py:208} INFO - Processing /opt/airflow/dags/Sesion5/DAG_Jar.py took 0.098 seconds
[2025-06-05T02:24:16.340+0000] {processor.py:186} INFO - Started process (PID=4614) to work on /opt/airflow/dags/Sesion5/DAG_Jar.py
[2025-06-05T02:24:16.340+0000] {processor.py:914} INFO - Processing file /opt/airflow/dags/Sesion5/DAG_Jar.py for tasks to queue
[2025-06-05T02:24:16.343+0000] {logging_mixin.py:190} INFO - [2025-06-05T02:24:16.342+0000] {dagbag.py:588} INFO - Filling up the DagBag from /opt/airflow/dags/Sesion5/DAG_Jar.py
[2025-06-05T02:24:16.354+0000] {processor.py:925} INFO - DAG(s) 'run_jar_dag' retrieved from /opt/airflow/dags/Sesion5/DAG_Jar.py
[2025-06-05T02:24:16.375+0000] {logging_mixin.py:190} INFO - [2025-06-05T02:24:16.375+0000] {dag.py:3239} INFO - Sync 1 DAGs
[2025-06-05T02:24:16.408+0000] {logging_mixin.py:190} INFO - [2025-06-05T02:24:16.408+0000] {dag.py:4180} INFO - Setting next_dagrun for run_jar_dag to 2025-06-05 00:00:00+00:00, run_after=2025-06-06 00:00:00+00:00
[2025-06-05T02:24:16.427+0000] {processor.py:208} INFO - Processing /opt/airflow/dags/Sesion5/DAG_Jar.py took 0.095 seconds
[2025-06-05T02:24:46.566+0000] {processor.py:186} INFO - Started process (PID=4729) to work on /opt/airflow/dags/Sesion5/DAG_Jar.py
[2025-06-05T02:24:46.567+0000] {processor.py:914} INFO - Processing file /opt/airflow/dags/Sesion5/DAG_Jar.py for tasks to queue
[2025-06-05T02:24:46.570+0000] {logging_mixin.py:190} INFO - [2025-06-05T02:24:46.570+0000] {dagbag.py:588} INFO - Filling up the DagBag from /opt/airflow/dags/Sesion5/DAG_Jar.py
[2025-06-05T02:24:46.580+0000] {processor.py:925} INFO - DAG(s) 'run_jar_dag' retrieved from /opt/airflow/dags/Sesion5/DAG_Jar.py
[2025-06-05T02:24:46.603+0000] {logging_mixin.py:190} INFO - [2025-06-05T02:24:46.603+0000] {dag.py:3239} INFO - Sync 1 DAGs
[2025-06-05T02:24:46.636+0000] {logging_mixin.py:190} INFO - [2025-06-05T02:24:46.636+0000] {dag.py:4180} INFO - Setting next_dagrun for run_jar_dag to 2025-06-05 00:00:00+00:00, run_after=2025-06-06 00:00:00+00:00
[2025-06-05T02:24:46.654+0000] {processor.py:208} INFO - Processing /opt/airflow/dags/Sesion5/DAG_Jar.py took 0.095 seconds
[2025-06-05T02:25:16.794+0000] {processor.py:186} INFO - Started process (PID=4803) to work on /opt/airflow/dags/Sesion5/DAG_Jar.py
[2025-06-05T02:25:16.795+0000] {processor.py:914} INFO - Processing file /opt/airflow/dags/Sesion5/DAG_Jar.py for tasks to queue
[2025-06-05T02:25:16.798+0000] {logging_mixin.py:190} INFO - [2025-06-05T02:25:16.797+0000] {dagbag.py:588} INFO - Filling up the DagBag from /opt/airflow/dags/Sesion5/DAG_Jar.py
[2025-06-05T02:25:16.808+0000] {processor.py:925} INFO - DAG(s) 'run_jar_dag' retrieved from /opt/airflow/dags/Sesion5/DAG_Jar.py
[2025-06-05T02:25:16.828+0000] {logging_mixin.py:190} INFO - [2025-06-05T02:25:16.827+0000] {dag.py:3239} INFO - Sync 1 DAGs
[2025-06-05T02:25:16.860+0000] {logging_mixin.py:190} INFO - [2025-06-05T02:25:16.860+0000] {dag.py:4180} INFO - Setting next_dagrun for run_jar_dag to 2025-06-05 00:00:00+00:00, run_after=2025-06-06 00:00:00+00:00
[2025-06-05T02:25:16.879+0000] {processor.py:208} INFO - Processing /opt/airflow/dags/Sesion5/DAG_Jar.py took 0.092 seconds
[2025-06-05T02:25:47.114+0000] {processor.py:186} INFO - Started process (PID=4891) to work on /opt/airflow/dags/Sesion5/DAG_Jar.py
[2025-06-05T02:25:47.115+0000] {processor.py:914} INFO - Processing file /opt/airflow/dags/Sesion5/DAG_Jar.py for tasks to queue
[2025-06-05T02:25:47.118+0000] {logging_mixin.py:190} INFO - [2025-06-05T02:25:47.117+0000] {dagbag.py:588} INFO - Filling up the DagBag from /opt/airflow/dags/Sesion5/DAG_Jar.py
[2025-06-05T02:25:47.128+0000] {processor.py:925} INFO - DAG(s) 'run_jar_dag' retrieved from /opt/airflow/dags/Sesion5/DAG_Jar.py
[2025-06-05T02:25:47.164+0000] {logging_mixin.py:190} INFO - [2025-06-05T02:25:47.164+0000] {dag.py:3239} INFO - Sync 1 DAGs
[2025-06-05T02:25:47.201+0000] {logging_mixin.py:190} INFO - [2025-06-05T02:25:47.201+0000] {dag.py:4180} INFO - Setting next_dagrun for run_jar_dag to 2025-06-05 00:00:00+00:00, run_after=2025-06-06 00:00:00+00:00
[2025-06-05T02:25:47.236+0000] {processor.py:208} INFO - Processing /opt/airflow/dags/Sesion5/DAG_Jar.py took 0.134 seconds
[2025-06-05T02:26:17.384+0000] {processor.py:186} INFO - Started process (PID=5006) to work on /opt/airflow/dags/Sesion5/DAG_Jar.py
[2025-06-05T02:26:17.385+0000] {processor.py:914} INFO - Processing file /opt/airflow/dags/Sesion5/DAG_Jar.py for tasks to queue
[2025-06-05T02:26:17.389+0000] {logging_mixin.py:190} INFO - [2025-06-05T02:26:17.389+0000] {dagbag.py:588} INFO - Filling up the DagBag from /opt/airflow/dags/Sesion5/DAG_Jar.py
[2025-06-05T02:26:17.411+0000] {processor.py:925} INFO - DAG(s) 'run_jar_dag' retrieved from /opt/airflow/dags/Sesion5/DAG_Jar.py
[2025-06-05T02:26:17.489+0000] {logging_mixin.py:190} INFO - [2025-06-05T02:26:17.489+0000] {dag.py:3239} INFO - Sync 1 DAGs
[2025-06-05T02:26:17.697+0000] {logging_mixin.py:190} INFO - [2025-06-05T02:26:17.696+0000] {dag.py:4180} INFO - Setting next_dagrun for run_jar_dag to 2025-06-05 00:00:00+00:00, run_after=2025-06-06 00:00:00+00:00
[2025-06-05T02:26:17.713+0000] {processor.py:208} INFO - Processing /opt/airflow/dags/Sesion5/DAG_Jar.py took 0.343 seconds
[2025-06-05T02:26:48.712+0000] {processor.py:186} INFO - Started process (PID=5121) to work on /opt/airflow/dags/Sesion5/DAG_Jar.py
[2025-06-05T02:26:48.712+0000] {processor.py:914} INFO - Processing file /opt/airflow/dags/Sesion5/DAG_Jar.py for tasks to queue
[2025-06-05T02:26:48.715+0000] {logging_mixin.py:190} INFO - [2025-06-05T02:26:48.715+0000] {dagbag.py:588} INFO - Filling up the DagBag from /opt/airflow/dags/Sesion5/DAG_Jar.py
[2025-06-05T02:26:48.725+0000] {processor.py:925} INFO - DAG(s) 'run_jar_dag' retrieved from /opt/airflow/dags/Sesion5/DAG_Jar.py
[2025-06-05T02:26:48.745+0000] {logging_mixin.py:190} INFO - [2025-06-05T02:26:48.745+0000] {dag.py:3239} INFO - Sync 1 DAGs
[2025-06-05T02:26:48.811+0000] {logging_mixin.py:190} INFO - [2025-06-05T02:26:48.811+0000] {dag.py:4180} INFO - Setting next_dagrun for run_jar_dag to 2025-06-05 00:00:00+00:00, run_after=2025-06-06 00:00:00+00:00
[2025-06-05T02:26:48.830+0000] {processor.py:208} INFO - Processing /opt/airflow/dags/Sesion5/DAG_Jar.py took 0.128 seconds
[2025-06-05T02:27:18.942+0000] {processor.py:186} INFO - Started process (PID=5238) to work on /opt/airflow/dags/Sesion5/DAG_Jar.py
[2025-06-05T02:27:18.943+0000] {processor.py:914} INFO - Processing file /opt/airflow/dags/Sesion5/DAG_Jar.py for tasks to queue
[2025-06-05T02:27:18.946+0000] {logging_mixin.py:190} INFO - [2025-06-05T02:27:18.945+0000] {dagbag.py:588} INFO - Filling up the DagBag from /opt/airflow/dags/Sesion5/DAG_Jar.py
[2025-06-05T02:27:18.956+0000] {processor.py:925} INFO - DAG(s) 'run_jar_dag' retrieved from /opt/airflow/dags/Sesion5/DAG_Jar.py
[2025-06-05T02:27:19.002+0000] {logging_mixin.py:190} INFO - [2025-06-05T02:27:19.001+0000] {dag.py:3239} INFO - Sync 1 DAGs
[2025-06-05T02:27:19.033+0000] {logging_mixin.py:190} INFO - [2025-06-05T02:27:19.033+0000] {dag.py:4180} INFO - Setting next_dagrun for run_jar_dag to 2025-06-05 00:00:00+00:00, run_after=2025-06-06 00:00:00+00:00
[2025-06-05T02:27:19.048+0000] {processor.py:208} INFO - Processing /opt/airflow/dags/Sesion5/DAG_Jar.py took 0.113 seconds
[2025-06-05T02:27:49.140+0000] {processor.py:186} INFO - Started process (PID=5351) to work on /opt/airflow/dags/Sesion5/DAG_Jar.py
[2025-06-05T02:27:49.149+0000] {processor.py:914} INFO - Processing file /opt/airflow/dags/Sesion5/DAG_Jar.py for tasks to queue
[2025-06-05T02:27:49.161+0000] {logging_mixin.py:190} INFO - [2025-06-05T02:27:49.161+0000] {dagbag.py:588} INFO - Filling up the DagBag from /opt/airflow/dags/Sesion5/DAG_Jar.py
[2025-06-05T02:27:49.184+0000] {processor.py:925} INFO - DAG(s) 'run_jar_dag' retrieved from /opt/airflow/dags/Sesion5/DAG_Jar.py
[2025-06-05T02:27:49.233+0000] {logging_mixin.py:190} INFO - [2025-06-05T02:27:49.233+0000] {dag.py:3239} INFO - Sync 1 DAGs
[2025-06-05T02:27:49.299+0000] {logging_mixin.py:190} INFO - [2025-06-05T02:27:49.298+0000] {dag.py:4180} INFO - Setting next_dagrun for run_jar_dag to 2025-06-05 00:00:00+00:00, run_after=2025-06-06 00:00:00+00:00
[2025-06-05T02:27:49.321+0000] {processor.py:208} INFO - Processing /opt/airflow/dags/Sesion5/DAG_Jar.py took 0.202 seconds
[2025-06-05T02:28:19.413+0000] {processor.py:186} INFO - Started process (PID=5466) to work on /opt/airflow/dags/Sesion5/DAG_Jar.py
[2025-06-05T02:28:19.414+0000] {processor.py:914} INFO - Processing file /opt/airflow/dags/Sesion5/DAG_Jar.py for tasks to queue
[2025-06-05T02:28:19.416+0000] {logging_mixin.py:190} INFO - [2025-06-05T02:28:19.416+0000] {dagbag.py:588} INFO - Filling up the DagBag from /opt/airflow/dags/Sesion5/DAG_Jar.py
[2025-06-05T02:28:19.427+0000] {processor.py:925} INFO - DAG(s) 'run_jar_dag' retrieved from /opt/airflow/dags/Sesion5/DAG_Jar.py
[2025-06-05T02:28:19.447+0000] {logging_mixin.py:190} INFO - [2025-06-05T02:28:19.447+0000] {dag.py:3239} INFO - Sync 1 DAGs
[2025-06-05T02:28:19.874+0000] {logging_mixin.py:190} INFO - [2025-06-05T02:28:19.874+0000] {dag.py:4180} INFO - Setting next_dagrun for run_jar_dag to 2025-06-05 00:00:00+00:00, run_after=2025-06-06 00:00:00+00:00
[2025-06-05T02:28:19.939+0000] {processor.py:208} INFO - Processing /opt/airflow/dags/Sesion5/DAG_Jar.py took 0.533 seconds
[2025-06-05T02:28:50.253+0000] {processor.py:186} INFO - Started process (PID=5581) to work on /opt/airflow/dags/Sesion5/DAG_Jar.py
[2025-06-05T02:28:50.254+0000] {processor.py:914} INFO - Processing file /opt/airflow/dags/Sesion5/DAG_Jar.py for tasks to queue
[2025-06-05T02:28:50.257+0000] {logging_mixin.py:190} INFO - [2025-06-05T02:28:50.257+0000] {dagbag.py:588} INFO - Filling up the DagBag from /opt/airflow/dags/Sesion5/DAG_Jar.py
[2025-06-05T02:28:50.267+0000] {processor.py:925} INFO - DAG(s) 'run_jar_dag' retrieved from /opt/airflow/dags/Sesion5/DAG_Jar.py
[2025-06-05T02:28:50.288+0000] {logging_mixin.py:190} INFO - [2025-06-05T02:28:50.288+0000] {dag.py:3239} INFO - Sync 1 DAGs
[2025-06-05T02:28:50.325+0000] {logging_mixin.py:190} INFO - [2025-06-05T02:28:50.325+0000] {dag.py:4180} INFO - Setting next_dagrun for run_jar_dag to 2025-06-05 00:00:00+00:00, run_after=2025-06-06 00:00:00+00:00
[2025-06-05T02:28:50.359+0000] {processor.py:208} INFO - Processing /opt/airflow/dags/Sesion5/DAG_Jar.py took 0.116 seconds
[2025-06-05T02:29:20.576+0000] {processor.py:186} INFO - Started process (PID=5696) to work on /opt/airflow/dags/Sesion5/DAG_Jar.py
[2025-06-05T02:29:20.577+0000] {processor.py:914} INFO - Processing file /opt/airflow/dags/Sesion5/DAG_Jar.py for tasks to queue
[2025-06-05T02:29:20.580+0000] {logging_mixin.py:190} INFO - [2025-06-05T02:29:20.580+0000] {dagbag.py:588} INFO - Filling up the DagBag from /opt/airflow/dags/Sesion5/DAG_Jar.py
[2025-06-05T02:29:20.592+0000] {processor.py:925} INFO - DAG(s) 'run_jar_dag' retrieved from /opt/airflow/dags/Sesion5/DAG_Jar.py
[2025-06-05T02:29:20.615+0000] {logging_mixin.py:190} INFO - [2025-06-05T02:29:20.614+0000] {dag.py:3239} INFO - Sync 1 DAGs
[2025-06-05T02:29:20.651+0000] {logging_mixin.py:190} INFO - [2025-06-05T02:29:20.651+0000] {dag.py:4180} INFO - Setting next_dagrun for run_jar_dag to 2025-06-05 00:00:00+00:00, run_after=2025-06-06 00:00:00+00:00
[2025-06-05T02:29:20.670+0000] {processor.py:208} INFO - Processing /opt/airflow/dags/Sesion5/DAG_Jar.py took 0.101 seconds
[2025-06-05T02:29:51.081+0000] {processor.py:186} INFO - Started process (PID=5811) to work on /opt/airflow/dags/Sesion5/DAG_Jar.py
[2025-06-05T02:29:51.082+0000] {processor.py:914} INFO - Processing file /opt/airflow/dags/Sesion5/DAG_Jar.py for tasks to queue
[2025-06-05T02:29:51.086+0000] {logging_mixin.py:190} INFO - [2025-06-05T02:29:51.086+0000] {dagbag.py:588} INFO - Filling up the DagBag from /opt/airflow/dags/Sesion5/DAG_Jar.py
[2025-06-05T02:29:51.097+0000] {processor.py:925} INFO - DAG(s) 'run_jar_dag' retrieved from /opt/airflow/dags/Sesion5/DAG_Jar.py
[2025-06-05T02:29:51.116+0000] {logging_mixin.py:190} INFO - [2025-06-05T02:29:51.116+0000] {dag.py:3239} INFO - Sync 1 DAGs
[2025-06-05T02:29:51.148+0000] {logging_mixin.py:190} INFO - [2025-06-05T02:29:51.148+0000] {dag.py:4180} INFO - Setting next_dagrun for run_jar_dag to 2025-06-05 00:00:00+00:00, run_after=2025-06-06 00:00:00+00:00
[2025-06-05T02:29:51.167+0000] {processor.py:208} INFO - Processing /opt/airflow/dags/Sesion5/DAG_Jar.py took 0.094 seconds
[2025-06-05T02:30:21.559+0000] {processor.py:186} INFO - Started process (PID=5926) to work on /opt/airflow/dags/Sesion5/DAG_Jar.py
[2025-06-05T02:30:21.560+0000] {processor.py:914} INFO - Processing file /opt/airflow/dags/Sesion5/DAG_Jar.py for tasks to queue
[2025-06-05T02:30:21.562+0000] {logging_mixin.py:190} INFO - [2025-06-05T02:30:21.562+0000] {dagbag.py:588} INFO - Filling up the DagBag from /opt/airflow/dags/Sesion5/DAG_Jar.py
[2025-06-05T02:30:21.572+0000] {processor.py:925} INFO - DAG(s) 'run_jar_dag' retrieved from /opt/airflow/dags/Sesion5/DAG_Jar.py
[2025-06-05T02:30:21.595+0000] {logging_mixin.py:190} INFO - [2025-06-05T02:30:21.595+0000] {dag.py:3239} INFO - Sync 1 DAGs
[2025-06-05T02:30:21.864+0000] {logging_mixin.py:190} INFO - [2025-06-05T02:30:21.864+0000] {dag.py:4180} INFO - Setting next_dagrun for run_jar_dag to 2025-06-05 00:00:00+00:00, run_after=2025-06-06 00:00:00+00:00
[2025-06-05T02:30:21.882+0000] {processor.py:208} INFO - Processing /opt/airflow/dags/Sesion5/DAG_Jar.py took 0.333 seconds
[2025-06-05T02:30:52.436+0000] {processor.py:186} INFO - Started process (PID=6041) to work on /opt/airflow/dags/Sesion5/DAG_Jar.py
[2025-06-05T02:30:52.439+0000] {processor.py:914} INFO - Processing file /opt/airflow/dags/Sesion5/DAG_Jar.py for tasks to queue
[2025-06-05T02:30:52.443+0000] {logging_mixin.py:190} INFO - [2025-06-05T02:30:52.442+0000] {dagbag.py:588} INFO - Filling up the DagBag from /opt/airflow/dags/Sesion5/DAG_Jar.py
[2025-06-05T02:30:52.458+0000] {processor.py:925} INFO - DAG(s) 'run_jar_dag' retrieved from /opt/airflow/dags/Sesion5/DAG_Jar.py
[2025-06-05T02:30:52.510+0000] {logging_mixin.py:190} INFO - [2025-06-05T02:30:52.510+0000] {dag.py:3239} INFO - Sync 1 DAGs
[2025-06-05T02:30:52.762+0000] {logging_mixin.py:190} INFO - [2025-06-05T02:30:52.760+0000] {dag.py:4180} INFO - Setting next_dagrun for run_jar_dag to 2025-06-05 00:00:00+00:00, run_after=2025-06-06 00:00:00+00:00
[2025-06-05T02:30:52.792+0000] {processor.py:208} INFO - Processing /opt/airflow/dags/Sesion5/DAG_Jar.py took 0.366 seconds
[2025-06-05T02:31:23.089+0000] {processor.py:186} INFO - Started process (PID=6156) to work on /opt/airflow/dags/Sesion5/DAG_Jar.py
[2025-06-05T02:31:23.090+0000] {processor.py:914} INFO - Processing file /opt/airflow/dags/Sesion5/DAG_Jar.py for tasks to queue
[2025-06-05T02:31:23.092+0000] {logging_mixin.py:190} INFO - [2025-06-05T02:31:23.092+0000] {dagbag.py:588} INFO - Filling up the DagBag from /opt/airflow/dags/Sesion5/DAG_Jar.py
[2025-06-05T02:31:23.103+0000] {processor.py:925} INFO - DAG(s) 'run_jar_dag' retrieved from /opt/airflow/dags/Sesion5/DAG_Jar.py
[2025-06-05T02:31:23.123+0000] {logging_mixin.py:190} INFO - [2025-06-05T02:31:23.123+0000] {dag.py:3239} INFO - Sync 1 DAGs
[2025-06-05T02:31:23.155+0000] {logging_mixin.py:190} INFO - [2025-06-05T02:31:23.155+0000] {dag.py:4180} INFO - Setting next_dagrun for run_jar_dag to 2025-06-05 00:00:00+00:00, run_after=2025-06-06 00:00:00+00:00
[2025-06-05T02:31:23.175+0000] {processor.py:208} INFO - Processing /opt/airflow/dags/Sesion5/DAG_Jar.py took 0.095 seconds
[2025-06-05T02:31:54.182+0000] {processor.py:186} INFO - Started process (PID=6271) to work on /opt/airflow/dags/Sesion5/DAG_Jar.py
[2025-06-05T02:31:54.190+0000] {processor.py:914} INFO - Processing file /opt/airflow/dags/Sesion5/DAG_Jar.py for tasks to queue
[2025-06-05T02:31:54.194+0000] {logging_mixin.py:190} INFO - [2025-06-05T02:31:54.193+0000] {dagbag.py:588} INFO - Filling up the DagBag from /opt/airflow/dags/Sesion5/DAG_Jar.py
[2025-06-05T02:31:54.207+0000] {processor.py:925} INFO - DAG(s) 'run_jar_dag' retrieved from /opt/airflow/dags/Sesion5/DAG_Jar.py
[2025-06-05T02:31:54.245+0000] {logging_mixin.py:190} INFO - [2025-06-05T02:31:54.244+0000] {dag.py:3239} INFO - Sync 1 DAGs
[2025-06-05T02:31:54.298+0000] {logging_mixin.py:190} INFO - [2025-06-05T02:31:54.298+0000] {dag.py:4180} INFO - Setting next_dagrun for run_jar_dag to 2025-06-05 00:00:00+00:00, run_after=2025-06-06 00:00:00+00:00
[2025-06-05T02:31:54.317+0000] {processor.py:208} INFO - Processing /opt/airflow/dags/Sesion5/DAG_Jar.py took 0.156 seconds
[2025-06-05T02:32:24.625+0000] {processor.py:186} INFO - Started process (PID=6386) to work on /opt/airflow/dags/Sesion5/DAG_Jar.py
[2025-06-05T02:32:24.625+0000] {processor.py:914} INFO - Processing file /opt/airflow/dags/Sesion5/DAG_Jar.py for tasks to queue
[2025-06-05T02:32:24.628+0000] {logging_mixin.py:190} INFO - [2025-06-05T02:32:24.627+0000] {dagbag.py:588} INFO - Filling up the DagBag from /opt/airflow/dags/Sesion5/DAG_Jar.py
[2025-06-05T02:32:24.638+0000] {processor.py:925} INFO - DAG(s) 'run_jar_dag' retrieved from /opt/airflow/dags/Sesion5/DAG_Jar.py
[2025-06-05T02:32:24.657+0000] {logging_mixin.py:190} INFO - [2025-06-05T02:32:24.657+0000] {dag.py:3239} INFO - Sync 1 DAGs
[2025-06-05T02:32:24.875+0000] {logging_mixin.py:190} INFO - [2025-06-05T02:32:24.874+0000] {dag.py:4180} INFO - Setting next_dagrun for run_jar_dag to 2025-06-05 00:00:00+00:00, run_after=2025-06-06 00:00:00+00:00
[2025-06-05T02:32:24.917+0000] {processor.py:208} INFO - Processing /opt/airflow/dags/Sesion5/DAG_Jar.py took 0.302 seconds
[2025-06-05T02:32:55.780+0000] {processor.py:186} INFO - Started process (PID=6501) to work on /opt/airflow/dags/Sesion5/DAG_Jar.py
[2025-06-05T02:32:55.782+0000] {processor.py:914} INFO - Processing file /opt/airflow/dags/Sesion5/DAG_Jar.py for tasks to queue
[2025-06-05T02:32:55.787+0000] {logging_mixin.py:190} INFO - [2025-06-05T02:32:55.787+0000] {dagbag.py:588} INFO - Filling up the DagBag from /opt/airflow/dags/Sesion5/DAG_Jar.py
[2025-06-05T02:32:55.799+0000] {processor.py:925} INFO - DAG(s) 'run_jar_dag' retrieved from /opt/airflow/dags/Sesion5/DAG_Jar.py
[2025-06-05T02:32:55.818+0000] {logging_mixin.py:190} INFO - [2025-06-05T02:32:55.817+0000] {dag.py:3239} INFO - Sync 1 DAGs
[2025-06-05T02:32:56.050+0000] {logging_mixin.py:190} INFO - [2025-06-05T02:32:56.049+0000] {dag.py:4180} INFO - Setting next_dagrun for run_jar_dag to 2025-06-05 00:00:00+00:00, run_after=2025-06-06 00:00:00+00:00
[2025-06-05T02:32:56.068+0000] {processor.py:208} INFO - Processing /opt/airflow/dags/Sesion5/DAG_Jar.py took 0.306 seconds
[2025-06-05T02:33:26.526+0000] {processor.py:186} INFO - Started process (PID=6616) to work on /opt/airflow/dags/Sesion5/DAG_Jar.py
[2025-06-05T02:33:26.527+0000] {processor.py:914} INFO - Processing file /opt/airflow/dags/Sesion5/DAG_Jar.py for tasks to queue
[2025-06-05T02:33:26.531+0000] {logging_mixin.py:190} INFO - [2025-06-05T02:33:26.530+0000] {dagbag.py:588} INFO - Filling up the DagBag from /opt/airflow/dags/Sesion5/DAG_Jar.py
[2025-06-05T02:33:26.547+0000] {processor.py:925} INFO - DAG(s) 'run_jar_dag' retrieved from /opt/airflow/dags/Sesion5/DAG_Jar.py
[2025-06-05T02:33:26.615+0000] {logging_mixin.py:190} INFO - [2025-06-05T02:33:26.615+0000] {dag.py:3239} INFO - Sync 1 DAGs
[2025-06-05T02:33:26.665+0000] {logging_mixin.py:190} INFO - [2025-06-05T02:33:26.665+0000] {dag.py:4180} INFO - Setting next_dagrun for run_jar_dag to 2025-06-05 00:00:00+00:00, run_after=2025-06-06 00:00:00+00:00
[2025-06-05T02:33:26.685+0000] {processor.py:208} INFO - Processing /opt/airflow/dags/Sesion5/DAG_Jar.py took 0.182 seconds
[2025-06-05T02:33:57.215+0000] {processor.py:186} INFO - Started process (PID=6731) to work on /opt/airflow/dags/Sesion5/DAG_Jar.py
[2025-06-05T02:33:57.218+0000] {processor.py:914} INFO - Processing file /opt/airflow/dags/Sesion5/DAG_Jar.py for tasks to queue
[2025-06-05T02:33:57.234+0000] {logging_mixin.py:190} INFO - [2025-06-05T02:33:57.234+0000] {dagbag.py:588} INFO - Filling up the DagBag from /opt/airflow/dags/Sesion5/DAG_Jar.py
[2025-06-05T02:33:57.268+0000] {processor.py:925} INFO - DAG(s) 'run_jar_dag' retrieved from /opt/airflow/dags/Sesion5/DAG_Jar.py
[2025-06-05T02:33:57.315+0000] {logging_mixin.py:190} INFO - [2025-06-05T02:33:57.315+0000] {dag.py:3239} INFO - Sync 1 DAGs
[2025-06-05T02:33:57.375+0000] {logging_mixin.py:190} INFO - [2025-06-05T02:33:57.375+0000] {dag.py:4180} INFO - Setting next_dagrun for run_jar_dag to 2025-06-05 00:00:00+00:00, run_after=2025-06-06 00:00:00+00:00
[2025-06-05T02:33:57.427+0000] {processor.py:208} INFO - Processing /opt/airflow/dags/Sesion5/DAG_Jar.py took 0.222 seconds
[2025-06-05T05:21:02.267+0000] {processor.py:186} INFO - Started process (PID=181) to work on /opt/airflow/dags/Sesion5/DAG_Jar.py
[2025-06-05T05:21:02.269+0000] {processor.py:914} INFO - Processing file /opt/airflow/dags/Sesion5/DAG_Jar.py for tasks to queue
[2025-06-05T05:21:02.272+0000] {logging_mixin.py:190} INFO - [2025-06-05T05:21:02.271+0000] {dagbag.py:588} INFO - Filling up the DagBag from /opt/airflow/dags/Sesion5/DAG_Jar.py
[2025-06-05T05:21:02.359+0000] {processor.py:925} INFO - DAG(s) 'run_jar_dag' retrieved from /opt/airflow/dags/Sesion5/DAG_Jar.py
[2025-06-05T05:21:02.451+0000] {logging_mixin.py:190} INFO - [2025-06-05T05:21:02.450+0000] {dag.py:3239} INFO - Sync 1 DAGs
[2025-06-05T05:21:02.692+0000] {logging_mixin.py:190} INFO - [2025-06-05T05:21:02.692+0000] {dag.py:4180} INFO - Setting next_dagrun for run_jar_dag to 2025-06-05 00:00:00+00:00, run_after=2025-06-06 00:00:00+00:00
[2025-06-05T05:21:02.752+0000] {processor.py:208} INFO - Processing /opt/airflow/dags/Sesion5/DAG_Jar.py took 0.495 seconds
[2025-06-05T05:21:33.271+0000] {processor.py:186} INFO - Started process (PID=296) to work on /opt/airflow/dags/Sesion5/DAG_Jar.py
[2025-06-05T05:21:33.277+0000] {processor.py:914} INFO - Processing file /opt/airflow/dags/Sesion5/DAG_Jar.py for tasks to queue
[2025-06-05T05:21:33.288+0000] {logging_mixin.py:190} INFO - [2025-06-05T05:21:33.287+0000] {dagbag.py:588} INFO - Filling up the DagBag from /opt/airflow/dags/Sesion5/DAG_Jar.py
[2025-06-05T05:21:33.313+0000] {processor.py:925} INFO - DAG(s) 'run_jar_dag' retrieved from /opt/airflow/dags/Sesion5/DAG_Jar.py
[2025-06-05T05:21:33.525+0000] {logging_mixin.py:190} INFO - [2025-06-05T05:21:33.525+0000] {dag.py:3239} INFO - Sync 1 DAGs
[2025-06-05T05:21:33.601+0000] {logging_mixin.py:190} INFO - [2025-06-05T05:21:33.600+0000] {dag.py:4180} INFO - Setting next_dagrun for run_jar_dag to 2025-06-05 00:00:00+00:00, run_after=2025-06-06 00:00:00+00:00
[2025-06-05T05:21:33.641+0000] {processor.py:208} INFO - Processing /opt/airflow/dags/Sesion5/DAG_Jar.py took 0.392 seconds
