[2025-06-05T02:01:17.993+0000] {processor.py:186} INFO - Started process (PID=203) to work on /opt/airflow/dags/Sesion5/DAG_variables.py
[2025-06-05T02:01:17.993+0000] {processor.py:914} INFO - Processing file /opt/airflow/dags/Sesion5/DAG_variables.py for tasks to queue
[2025-06-05T02:01:17.995+0000] {logging_mixin.py:190} INFO - [2025-06-05T02:01:17.995+0000] {dagbag.py:588} INFO - Filling up the DagBag from /opt/airflow/dags/Sesion5/DAG_variables.py
[2025-06-05T02:01:19.216+0000] {processor.py:925} INFO - DAG(s) 'etl_with_variables' retrieved from /opt/airflow/dags/Sesion5/DAG_variables.py
[2025-06-05T02:01:19.255+0000] {logging_mixin.py:190} INFO - [2025-06-05T02:01:19.255+0000] {dag.py:3239} INFO - Sync 1 DAGs
[2025-06-05T02:01:19.276+0000] {logging_mixin.py:190} INFO - [2025-06-05T02:01:19.275+0000] {dag.py:4180} INFO - Setting next_dagrun for etl_with_variables to None, run_after=None
[2025-06-05T02:01:19.332+0000] {processor.py:208} INFO - Processing /opt/airflow/dags/Sesion5/DAG_variables.py took 1.344 seconds
[2025-06-05T02:01:51.617+0000] {processor.py:186} INFO - Started process (PID=321) to work on /opt/airflow/dags/Sesion5/DAG_variables.py
[2025-06-05T02:01:51.619+0000] {processor.py:914} INFO - Processing file /opt/airflow/dags/Sesion5/DAG_variables.py for tasks to queue
[2025-06-05T02:01:51.622+0000] {logging_mixin.py:190} INFO - [2025-06-05T02:01:51.622+0000] {dagbag.py:588} INFO - Filling up the DagBag from /opt/airflow/dags/Sesion5/DAG_variables.py
[2025-06-05T02:01:53.167+0000] {processor.py:925} INFO - DAG(s) 'etl_with_variables' retrieved from /opt/airflow/dags/Sesion5/DAG_variables.py
[2025-06-05T02:01:53.228+0000] {logging_mixin.py:190} INFO - [2025-06-05T02:01:53.227+0000] {dag.py:3239} INFO - Sync 1 DAGs
[2025-06-05T02:01:53.274+0000] {logging_mixin.py:190} INFO - [2025-06-05T02:01:53.273+0000] {dag.py:4180} INFO - Setting next_dagrun for etl_with_variables to None, run_after=None
[2025-06-05T02:01:53.335+0000] {processor.py:208} INFO - Processing /opt/airflow/dags/Sesion5/DAG_variables.py took 1.728 seconds
[2025-06-05T02:02:24.573+0000] {processor.py:186} INFO - Started process (PID=436) to work on /opt/airflow/dags/Sesion5/DAG_variables.py
[2025-06-05T02:02:24.580+0000] {processor.py:914} INFO - Processing file /opt/airflow/dags/Sesion5/DAG_variables.py for tasks to queue
[2025-06-05T02:02:24.593+0000] {logging_mixin.py:190} INFO - [2025-06-05T02:02:24.589+0000] {dagbag.py:588} INFO - Filling up the DagBag from /opt/airflow/dags/Sesion5/DAG_variables.py
[2025-06-05T02:02:29.911+0000] {logging_mixin.py:190} INFO - [2025-06-05T02:02:29.911+0000] {process_utils.py:266} INFO - Waiting up to 5 seconds for processes to exit...
[2025-06-05T02:02:29.915+0000] {logging_mixin.py:190} WARNING - Exception ignored in: <function WeakKeyDictionary.__init__.<locals>.remove at 0x757d80aeaf20>
[2025-06-05T02:02:29.916+0000] {logging_mixin.py:190} WARNING - Traceback (most recent call last):
[2025-06-05T02:02:29.920+0000] {logging_mixin.py:190} WARNING -   File "/usr/local/lib/python3.12/weakref.py", line 369, in remove
[2025-06-05T02:02:29.921+0000] {logging_mixin.py:190} WARNING -     def remove(k, selfref=ref(self)):
[2025-06-05T02:02:29.922+0000] {logging_mixin.py:190} WARNING -   File "/home/airflow/.local/lib/python3.12/site-packages/airflow/dag_processing/manager.py", line 466, in _exit_gracefully
[2025-06-05T02:02:29.927+0000] {logging_mixin.py:190} WARNING -     self.log.debug("Current Stacktrace is: %s", "\n".join(map(str, inspect.stack())))
[2025-06-05T02:02:29.928+0000] {logging_mixin.py:190} WARNING -                                                                    ^^^^^^^^^^^^^^^
[2025-06-05T02:02:29.929+0000] {logging_mixin.py:190} WARNING -   File "/usr/local/lib/python3.12/inspect.py", line 1777, in stack
[2025-06-05T02:02:29.929+0000] {logging_mixin.py:190} WARNING -     return getouterframes(sys._getframe(1), context)
[2025-06-05T02:02:29.931+0000] {logging_mixin.py:190} WARNING -            ^^^^^^^^^^^^^^^^^^^^^^^^^^^^^^^^^^^^^^^^^
[2025-06-05T02:02:29.931+0000] {logging_mixin.py:190} WARNING -   File "/usr/local/lib/python3.12/inspect.py", line 1752, in getouterframes
[2025-06-05T02:02:29.932+0000] {logging_mixin.py:190} WARNING -     traceback_info = getframeinfo(frame, context)
[2025-06-05T02:02:29.936+0000] {logging_mixin.py:190} WARNING -                      ^^^^^^^^^^^^^^^^^^^^^^^^^^^^
[2025-06-05T02:02:29.939+0000] {logging_mixin.py:190} WARNING -   File "/usr/local/lib/python3.12/inspect.py", line 1714, in getframeinfo
[2025-06-05T02:02:29.940+0000] {logging_mixin.py:190} WARNING -     lines, lnum = findsource(frame)
[2025-06-05T02:02:29.941+0000] {logging_mixin.py:190} WARNING -                   ^^^^^^^^^^^^^^^^^
[2025-06-05T02:02:29.941+0000] {logging_mixin.py:190} WARNING -   File "/usr/local/lib/python3.12/inspect.py", line 1090, in findsource
[2025-06-05T02:02:29.945+0000] {logging_mixin.py:190} WARNING -     module = getmodule(object, file)
[2025-06-05T02:02:29.945+0000] {logging_mixin.py:190} WARNING -              ^^^^^^^^^^^^^^^^^^^^^^^
[2025-06-05T02:02:29.947+0000] {logging_mixin.py:190} WARNING -   File "/usr/local/lib/python3.12/inspect.py", line 1016, in getmodule
[2025-06-05T02:02:29.949+0000] {logging_mixin.py:190} WARNING -     os.path.realpath(f)] = module.__name__
[2025-06-05T02:02:29.950+0000] {logging_mixin.py:190} WARNING -     ^^^^^^^^^^^^^^^^^^^
[2025-06-05T02:02:29.951+0000] {logging_mixin.py:190} WARNING -   File "<frozen posixpath>", line 427, in realpath
[2025-06-05T02:02:29.953+0000] {logging_mixin.py:190} WARNING -   File "<frozen posixpath>", line 462, in _joinrealpath
[2025-06-05T02:02:29.954+0000] {logging_mixin.py:190} WARNING -   File "/home/airflow/.local/lib/python3.12/site-packages/airflow/dag_processing/manager.py", line 466, in _exit_gracefully
[2025-06-05T02:02:29.954+0000] {logging_mixin.py:190} WARNING -     self.log.debug("Current Stacktrace is: %s", "\n".join(map(str, inspect.stack())))
[2025-06-05T02:02:29.957+0000] {logging_mixin.py:190} WARNING -                                                                    ^^^^^^^^^^^^^^^
[2025-06-05T02:02:29.958+0000] {logging_mixin.py:190} WARNING -   File "/usr/local/lib/python3.12/inspect.py", line 1777, in stack
[2025-06-05T02:02:29.960+0000] {logging_mixin.py:190} WARNING -     return getouterframes(sys._getframe(1), context)
[2025-06-05T02:02:29.961+0000] {logging_mixin.py:190} WARNING -            ^^^^^^^^^^^^^^^^^^^^^^^^^^^^^^^^^^^^^^^^^
[2025-06-05T02:02:29.962+0000] {logging_mixin.py:190} WARNING -   File "/usr/local/lib/python3.12/inspect.py", line 1752, in getouterframes
[2025-06-05T02:02:29.965+0000] {logging_mixin.py:190} WARNING -     traceback_info = getframeinfo(frame, context)
[2025-06-05T02:02:29.966+0000] {logging_mixin.py:190} WARNING -                      ^^^^^^^^^^^^^^^^^^^^^^^^^^^^
[2025-06-05T02:02:29.968+0000] {logging_mixin.py:190} WARNING -   File "/usr/local/lib/python3.12/inspect.py", line 1714, in getframeinfo
[2025-06-05T02:02:29.971+0000] {logging_mixin.py:190} WARNING -     lines, lnum = findsource(frame)
[2025-06-05T02:02:29.972+0000] {logging_mixin.py:190} WARNING -                   ^^^^^^^^^^^^^^^^^
[2025-06-05T02:02:29.972+0000] {logging_mixin.py:190} WARNING -   File "/usr/local/lib/python3.12/inspect.py", line 1078, in findsource
[2025-06-05T02:02:29.974+0000] {logging_mixin.py:190} WARNING -     file = getsourcefile(object)
[2025-06-05T02:02:29.976+0000] {logging_mixin.py:190} WARNING -            ^^^^^^^^^^^^^^^^^^^^^
[2025-06-05T02:02:29.977+0000] {logging_mixin.py:190} WARNING -   File "/usr/local/lib/python3.12/inspect.py", line 970, in getsourcefile
[2025-06-05T02:02:29.979+0000] {logging_mixin.py:190} WARNING -     module = getmodule(object, filename)
[2025-06-05T02:02:29.980+0000] {logging_mixin.py:190} WARNING -              ^^^^^^^^^^^^^^^^^^^^^^^^^^^
[2025-06-05T02:02:29.980+0000] {logging_mixin.py:190} WARNING -   File "/usr/local/lib/python3.12/inspect.py", line 1007, in getmodule
[2025-06-05T02:02:29.981+0000] {logging_mixin.py:190} WARNING -     if ismodule(module) and hasattr(module, '__file__'):
[2025-06-05T02:02:29.981+0000] {logging_mixin.py:190} WARNING -                             ^^^^^^^^^^^^^^^^^^^^^^^^^^^
[2025-06-05T02:02:29.981+0000] {logging_mixin.py:190} WARNING -   File "/home/airflow/.local/lib/python3.12/site-packages/airflow/utils/deprecation_tools.py", line 46, in getattr_with_deprecation
[2025-06-05T02:02:29.984+0000] {logging_mixin.py:190} WARNING -     raise AttributeError(f"The module `{module!r}` has no attribute `{name!r}`")
[2025-06-05T02:02:29.985+0000] {logging_mixin.py:190} WARNING -           ^^^^^^^^^^^^^^^^^^^^^^^^^^^^^^^^^^^^^^^^^^^^^^^^^^^^^^^^^^^^^^^^^^^^^^
[2025-06-05T02:02:29.986+0000] {logging_mixin.py:190} WARNING -   File "/home/airflow/.local/lib/python3.12/site-packages/airflow/dag_processing/manager.py", line 470, in _exit_gracefully
[2025-06-05T02:02:29.987+0000] {logging_mixin.py:190} WARNING -     sys.exit(os.EX_OK)
[2025-06-05T02:02:29.989+0000] {logging_mixin.py:190} WARNING - SystemExit: 0
[2025-06-05T02:02:30.435+0000] {processor.py:925} INFO - DAG(s) 'etl_with_variables' retrieved from /opt/airflow/dags/Sesion5/DAG_variables.py
[2025-06-05T02:02:30.484+0000] {logging_mixin.py:190} INFO - [2025-06-05T02:02:30.483+0000] {dag.py:3239} INFO - Sync 1 DAGs
[2025-06-05T02:02:30.530+0000] {logging_mixin.py:190} INFO - [2025-06-05T02:02:30.529+0000] {dag.py:4180} INFO - Setting next_dagrun for etl_with_variables to None, run_after=None
[2025-06-05T02:02:30.563+0000] {processor.py:208} INFO - Processing /opt/airflow/dags/Sesion5/DAG_variables.py took 6.033 seconds
[2025-06-05T02:04:27.859+0000] {processor.py:186} INFO - Started process (PID=185) to work on /opt/airflow/dags/Sesion5/DAG_variables.py
[2025-06-05T02:04:27.860+0000] {processor.py:914} INFO - Processing file /opt/airflow/dags/Sesion5/DAG_variables.py for tasks to queue
[2025-06-05T02:04:27.867+0000] {logging_mixin.py:190} INFO - [2025-06-05T02:04:27.866+0000] {dagbag.py:588} INFO - Filling up the DagBag from /opt/airflow/dags/Sesion5/DAG_variables.py
[2025-06-05T02:04:28.653+0000] {processor.py:925} INFO - DAG(s) 'etl_with_variables' retrieved from /opt/airflow/dags/Sesion5/DAG_variables.py
[2025-06-05T02:04:28.682+0000] {logging_mixin.py:190} INFO - [2025-06-05T02:04:28.682+0000] {dag.py:3239} INFO - Sync 1 DAGs
[2025-06-05T02:04:28.698+0000] {logging_mixin.py:190} INFO - [2025-06-05T02:04:28.698+0000] {dag.py:4180} INFO - Setting next_dagrun for etl_with_variables to None, run_after=None
[2025-06-05T02:04:28.714+0000] {processor.py:208} INFO - Processing /opt/airflow/dags/Sesion5/DAG_variables.py took 0.863 seconds
[2025-06-05T02:04:59.617+0000] {processor.py:186} INFO - Started process (PID=300) to work on /opt/airflow/dags/Sesion5/DAG_variables.py
[2025-06-05T02:04:59.618+0000] {processor.py:914} INFO - Processing file /opt/airflow/dags/Sesion5/DAG_variables.py for tasks to queue
[2025-06-05T02:04:59.620+0000] {logging_mixin.py:190} INFO - [2025-06-05T02:04:59.620+0000] {dagbag.py:588} INFO - Filling up the DagBag from /opt/airflow/dags/Sesion5/DAG_variables.py
[2025-06-05T02:05:00.266+0000] {processor.py:925} INFO - DAG(s) 'etl_with_variables' retrieved from /opt/airflow/dags/Sesion5/DAG_variables.py
[2025-06-05T02:05:00.278+0000] {logging_mixin.py:190} INFO - [2025-06-05T02:05:00.278+0000] {dag.py:3239} INFO - Sync 1 DAGs
[2025-06-05T02:05:00.288+0000] {logging_mixin.py:190} INFO - [2025-06-05T02:05:00.288+0000] {dag.py:4180} INFO - Setting next_dagrun for etl_with_variables to None, run_after=None
[2025-06-05T02:05:00.303+0000] {processor.py:208} INFO - Processing /opt/airflow/dags/Sesion5/DAG_variables.py took 0.693 seconds
[2025-06-05T02:05:30.366+0000] {processor.py:186} INFO - Started process (PID=433) to work on /opt/airflow/dags/Sesion5/DAG_variables.py
[2025-06-05T02:05:30.367+0000] {processor.py:914} INFO - Processing file /opt/airflow/dags/Sesion5/DAG_variables.py for tasks to queue
[2025-06-05T02:05:30.370+0000] {logging_mixin.py:190} INFO - [2025-06-05T02:05:30.370+0000] {dagbag.py:588} INFO - Filling up the DagBag from /opt/airflow/dags/Sesion5/DAG_variables.py
[2025-06-05T02:05:30.793+0000] {processor.py:925} INFO - DAG(s) 'etl_with_variables' retrieved from /opt/airflow/dags/Sesion5/DAG_variables.py
[2025-06-05T02:05:30.808+0000] {logging_mixin.py:190} INFO - [2025-06-05T02:05:30.808+0000] {dag.py:3239} INFO - Sync 1 DAGs
[2025-06-05T02:05:30.819+0000] {logging_mixin.py:190} INFO - [2025-06-05T02:05:30.819+0000] {dag.py:4180} INFO - Setting next_dagrun for etl_with_variables to None, run_after=None
[2025-06-05T02:05:30.833+0000] {processor.py:208} INFO - Processing /opt/airflow/dags/Sesion5/DAG_variables.py took 0.473 seconds
[2025-06-05T02:06:01.629+0000] {processor.py:186} INFO - Started process (PID=550) to work on /opt/airflow/dags/Sesion5/DAG_variables.py
[2025-06-05T02:06:01.629+0000] {processor.py:914} INFO - Processing file /opt/airflow/dags/Sesion5/DAG_variables.py for tasks to queue
[2025-06-05T02:06:01.631+0000] {logging_mixin.py:190} INFO - [2025-06-05T02:06:01.631+0000] {dagbag.py:588} INFO - Filling up the DagBag from /opt/airflow/dags/Sesion5/DAG_variables.py
[2025-06-05T02:06:02.069+0000] {processor.py:925} INFO - DAG(s) 'etl_with_variables' retrieved from /opt/airflow/dags/Sesion5/DAG_variables.py
[2025-06-05T02:06:02.087+0000] {logging_mixin.py:190} INFO - [2025-06-05T02:06:02.086+0000] {dag.py:3239} INFO - Sync 1 DAGs
[2025-06-05T02:06:02.097+0000] {logging_mixin.py:190} INFO - [2025-06-05T02:06:02.097+0000] {dag.py:4180} INFO - Setting next_dagrun for etl_with_variables to None, run_after=None
[2025-06-05T02:06:02.109+0000] {processor.py:208} INFO - Processing /opt/airflow/dags/Sesion5/DAG_variables.py took 0.486 seconds
[2025-06-05T02:06:32.788+0000] {processor.py:186} INFO - Started process (PID=663) to work on /opt/airflow/dags/Sesion5/DAG_variables.py
[2025-06-05T02:06:32.789+0000] {processor.py:914} INFO - Processing file /opt/airflow/dags/Sesion5/DAG_variables.py for tasks to queue
[2025-06-05T02:06:32.791+0000] {logging_mixin.py:190} INFO - [2025-06-05T02:06:32.791+0000] {dagbag.py:588} INFO - Filling up the DagBag from /opt/airflow/dags/Sesion5/DAG_variables.py
[2025-06-05T02:06:33.372+0000] {processor.py:925} INFO - DAG(s) 'etl_with_variables' retrieved from /opt/airflow/dags/Sesion5/DAG_variables.py
[2025-06-05T02:06:33.385+0000] {logging_mixin.py:190} INFO - [2025-06-05T02:06:33.385+0000] {dag.py:3239} INFO - Sync 1 DAGs
[2025-06-05T02:06:33.395+0000] {logging_mixin.py:190} INFO - [2025-06-05T02:06:33.395+0000] {dag.py:4180} INFO - Setting next_dagrun for etl_with_variables to None, run_after=None
[2025-06-05T02:06:33.407+0000] {processor.py:208} INFO - Processing /opt/airflow/dags/Sesion5/DAG_variables.py took 0.627 seconds
[2025-06-05T02:07:03.718+0000] {processor.py:186} INFO - Started process (PID=773) to work on /opt/airflow/dags/Sesion5/DAG_variables.py
[2025-06-05T02:07:03.719+0000] {processor.py:914} INFO - Processing file /opt/airflow/dags/Sesion5/DAG_variables.py for tasks to queue
[2025-06-05T02:07:03.721+0000] {logging_mixin.py:190} INFO - [2025-06-05T02:07:03.721+0000] {dagbag.py:588} INFO - Filling up the DagBag from /opt/airflow/dags/Sesion5/DAG_variables.py
[2025-06-05T02:07:04.339+0000] {processor.py:925} INFO - DAG(s) 'etl_with_variables' retrieved from /opt/airflow/dags/Sesion5/DAG_variables.py
[2025-06-05T02:07:04.363+0000] {logging_mixin.py:190} INFO - [2025-06-05T02:07:04.362+0000] {dag.py:3239} INFO - Sync 1 DAGs
[2025-06-05T02:07:04.378+0000] {logging_mixin.py:190} INFO - [2025-06-05T02:07:04.378+0000] {dag.py:4180} INFO - Setting next_dagrun for etl_with_variables to None, run_after=None
[2025-06-05T02:07:04.400+0000] {processor.py:208} INFO - Processing /opt/airflow/dags/Sesion5/DAG_variables.py took 0.689 seconds
[2025-06-05T02:07:35.183+0000] {processor.py:186} INFO - Started process (PID=900) to work on /opt/airflow/dags/Sesion5/DAG_variables.py
[2025-06-05T02:07:35.183+0000] {processor.py:914} INFO - Processing file /opt/airflow/dags/Sesion5/DAG_variables.py for tasks to queue
[2025-06-05T02:07:35.186+0000] {logging_mixin.py:190} INFO - [2025-06-05T02:07:35.185+0000] {dagbag.py:588} INFO - Filling up the DagBag from /opt/airflow/dags/Sesion5/DAG_variables.py
[2025-06-05T02:07:35.934+0000] {processor.py:925} INFO - DAG(s) 'etl_with_variables' retrieved from /opt/airflow/dags/Sesion5/DAG_variables.py
[2025-06-05T02:07:35.951+0000] {logging_mixin.py:190} INFO - [2025-06-05T02:07:35.950+0000] {dag.py:3239} INFO - Sync 1 DAGs
[2025-06-05T02:07:35.968+0000] {logging_mixin.py:190} INFO - [2025-06-05T02:07:35.967+0000] {dag.py:4180} INFO - Setting next_dagrun for etl_with_variables to None, run_after=None
[2025-06-05T02:07:35.983+0000] {processor.py:208} INFO - Processing /opt/airflow/dags/Sesion5/DAG_variables.py took 0.807 seconds
[2025-06-05T02:08:06.496+0000] {processor.py:186} INFO - Started process (PID=1013) to work on /opt/airflow/dags/Sesion5/DAG_variables.py
[2025-06-05T02:08:06.498+0000] {processor.py:914} INFO - Processing file /opt/airflow/dags/Sesion5/DAG_variables.py for tasks to queue
[2025-06-05T02:08:06.500+0000] {logging_mixin.py:190} INFO - [2025-06-05T02:08:06.500+0000] {dagbag.py:588} INFO - Filling up the DagBag from /opt/airflow/dags/Sesion5/DAG_variables.py
[2025-06-05T02:08:07.212+0000] {processor.py:925} INFO - DAG(s) 'etl_with_variables' retrieved from /opt/airflow/dags/Sesion5/DAG_variables.py
[2025-06-05T02:08:07.229+0000] {logging_mixin.py:190} INFO - [2025-06-05T02:08:07.229+0000] {dag.py:3239} INFO - Sync 1 DAGs
[2025-06-05T02:08:07.245+0000] {logging_mixin.py:190} INFO - [2025-06-05T02:08:07.244+0000] {dag.py:4180} INFO - Setting next_dagrun for etl_with_variables to None, run_after=None
[2025-06-05T02:08:07.260+0000] {processor.py:208} INFO - Processing /opt/airflow/dags/Sesion5/DAG_variables.py took 0.773 seconds
[2025-06-05T02:08:37.649+0000] {processor.py:186} INFO - Started process (PID=1123) to work on /opt/airflow/dags/Sesion5/DAG_variables.py
[2025-06-05T02:08:37.650+0000] {processor.py:914} INFO - Processing file /opt/airflow/dags/Sesion5/DAG_variables.py for tasks to queue
[2025-06-05T02:08:37.653+0000] {logging_mixin.py:190} INFO - [2025-06-05T02:08:37.652+0000] {dagbag.py:588} INFO - Filling up the DagBag from /opt/airflow/dags/Sesion5/DAG_variables.py
[2025-06-05T02:08:38.259+0000] {processor.py:925} INFO - DAG(s) 'etl_with_variables' retrieved from /opt/airflow/dags/Sesion5/DAG_variables.py
[2025-06-05T02:08:38.282+0000] {logging_mixin.py:190} INFO - [2025-06-05T02:08:38.281+0000] {dag.py:3239} INFO - Sync 1 DAGs
[2025-06-05T02:08:38.300+0000] {logging_mixin.py:190} INFO - [2025-06-05T02:08:38.300+0000] {dag.py:4180} INFO - Setting next_dagrun for etl_with_variables to None, run_after=None
[2025-06-05T02:08:38.316+0000] {processor.py:208} INFO - Processing /opt/airflow/dags/Sesion5/DAG_variables.py took 0.674 seconds
[2025-06-05T02:09:08.440+0000] {processor.py:186} INFO - Started process (PID=1228) to work on /opt/airflow/dags/Sesion5/DAG_variables.py
[2025-06-05T02:09:08.441+0000] {processor.py:914} INFO - Processing file /opt/airflow/dags/Sesion5/DAG_variables.py for tasks to queue
[2025-06-05T02:09:08.444+0000] {logging_mixin.py:190} INFO - [2025-06-05T02:09:08.443+0000] {dagbag.py:588} INFO - Filling up the DagBag from /opt/airflow/dags/Sesion5/DAG_variables.py
[2025-06-05T02:09:09.047+0000] {processor.py:925} INFO - DAG(s) 'etl_with_variables' retrieved from /opt/airflow/dags/Sesion5/DAG_variables.py
[2025-06-05T02:09:09.064+0000] {logging_mixin.py:190} INFO - [2025-06-05T02:09:09.064+0000] {dag.py:3239} INFO - Sync 1 DAGs
[2025-06-05T02:09:09.080+0000] {logging_mixin.py:190} INFO - [2025-06-05T02:09:09.080+0000] {dag.py:4180} INFO - Setting next_dagrun for etl_with_variables to None, run_after=None
[2025-06-05T02:09:09.096+0000] {processor.py:208} INFO - Processing /opt/airflow/dags/Sesion5/DAG_variables.py took 0.662 seconds
[2025-06-05T02:09:39.314+0000] {processor.py:186} INFO - Started process (PID=1345) to work on /opt/airflow/dags/Sesion5/DAG_variables.py
[2025-06-05T02:09:39.315+0000] {processor.py:914} INFO - Processing file /opt/airflow/dags/Sesion5/DAG_variables.py for tasks to queue
[2025-06-05T02:09:39.316+0000] {logging_mixin.py:190} INFO - [2025-06-05T02:09:39.316+0000] {dagbag.py:588} INFO - Filling up the DagBag from /opt/airflow/dags/Sesion5/DAG_variables.py
[2025-06-05T02:09:39.797+0000] {processor.py:925} INFO - DAG(s) 'etl_with_variables' retrieved from /opt/airflow/dags/Sesion5/DAG_variables.py
[2025-06-05T02:09:39.809+0000] {logging_mixin.py:190} INFO - [2025-06-05T02:09:39.809+0000] {dag.py:3239} INFO - Sync 1 DAGs
[2025-06-05T02:09:39.820+0000] {logging_mixin.py:190} INFO - [2025-06-05T02:09:39.820+0000] {dag.py:4180} INFO - Setting next_dagrun for etl_with_variables to None, run_after=None
[2025-06-05T02:09:39.833+0000] {processor.py:208} INFO - Processing /opt/airflow/dags/Sesion5/DAG_variables.py took 0.524 seconds
[2025-06-05T02:10:10.583+0000] {processor.py:186} INFO - Started process (PID=1450) to work on /opt/airflow/dags/Sesion5/DAG_variables.py
[2025-06-05T02:10:10.585+0000] {processor.py:914} INFO - Processing file /opt/airflow/dags/Sesion5/DAG_variables.py for tasks to queue
[2025-06-05T02:10:10.588+0000] {logging_mixin.py:190} INFO - [2025-06-05T02:10:10.587+0000] {dagbag.py:588} INFO - Filling up the DagBag from /opt/airflow/dags/Sesion5/DAG_variables.py
[2025-06-05T02:10:11.281+0000] {processor.py:925} INFO - DAG(s) 'etl_with_variables' retrieved from /opt/airflow/dags/Sesion5/DAG_variables.py
[2025-06-05T02:10:11.298+0000] {logging_mixin.py:190} INFO - [2025-06-05T02:10:11.298+0000] {dag.py:3239} INFO - Sync 1 DAGs
[2025-06-05T02:10:11.313+0000] {logging_mixin.py:190} INFO - [2025-06-05T02:10:11.313+0000] {dag.py:4180} INFO - Setting next_dagrun for etl_with_variables to None, run_after=None
[2025-06-05T02:10:11.329+0000] {processor.py:208} INFO - Processing /opt/airflow/dags/Sesion5/DAG_variables.py took 0.753 seconds
[2025-06-05T02:10:41.975+0000] {processor.py:186} INFO - Started process (PID=1580) to work on /opt/airflow/dags/Sesion5/DAG_variables.py
[2025-06-05T02:10:41.976+0000] {processor.py:914} INFO - Processing file /opt/airflow/dags/Sesion5/DAG_variables.py for tasks to queue
[2025-06-05T02:10:41.979+0000] {logging_mixin.py:190} INFO - [2025-06-05T02:10:41.978+0000] {dagbag.py:588} INFO - Filling up the DagBag from /opt/airflow/dags/Sesion5/DAG_variables.py
[2025-06-05T02:10:42.595+0000] {processor.py:925} INFO - DAG(s) 'etl_with_variables' retrieved from /opt/airflow/dags/Sesion5/DAG_variables.py
[2025-06-05T02:10:42.611+0000] {logging_mixin.py:190} INFO - [2025-06-05T02:10:42.610+0000] {dag.py:3239} INFO - Sync 1 DAGs
[2025-06-05T02:10:42.626+0000] {logging_mixin.py:190} INFO - [2025-06-05T02:10:42.625+0000] {dag.py:4180} INFO - Setting next_dagrun for etl_with_variables to None, run_after=None
[2025-06-05T02:10:42.643+0000] {processor.py:208} INFO - Processing /opt/airflow/dags/Sesion5/DAG_variables.py took 0.675 seconds
[2025-06-05T02:11:13.446+0000] {processor.py:186} INFO - Started process (PID=1700) to work on /opt/airflow/dags/Sesion5/DAG_variables.py
[2025-06-05T02:11:13.447+0000] {processor.py:914} INFO - Processing file /opt/airflow/dags/Sesion5/DAG_variables.py for tasks to queue
[2025-06-05T02:11:13.450+0000] {logging_mixin.py:190} INFO - [2025-06-05T02:11:13.449+0000] {dagbag.py:588} INFO - Filling up the DagBag from /opt/airflow/dags/Sesion5/DAG_variables.py
[2025-06-05T02:11:14.033+0000] {processor.py:925} INFO - DAG(s) 'etl_with_variables' retrieved from /opt/airflow/dags/Sesion5/DAG_variables.py
[2025-06-05T02:11:14.053+0000] {logging_mixin.py:190} INFO - [2025-06-05T02:11:14.052+0000] {dag.py:3239} INFO - Sync 1 DAGs
[2025-06-05T02:11:14.068+0000] {logging_mixin.py:190} INFO - [2025-06-05T02:11:14.067+0000] {dag.py:4180} INFO - Setting next_dagrun for etl_with_variables to None, run_after=None
[2025-06-05T02:11:14.084+0000] {processor.py:208} INFO - Processing /opt/airflow/dags/Sesion5/DAG_variables.py took 0.645 seconds
[2025-06-05T02:11:44.485+0000] {processor.py:186} INFO - Started process (PID=1815) to work on /opt/airflow/dags/Sesion5/DAG_variables.py
[2025-06-05T02:11:44.486+0000] {processor.py:914} INFO - Processing file /opt/airflow/dags/Sesion5/DAG_variables.py for tasks to queue
[2025-06-05T02:11:44.488+0000] {logging_mixin.py:190} INFO - [2025-06-05T02:11:44.488+0000] {dagbag.py:588} INFO - Filling up the DagBag from /opt/airflow/dags/Sesion5/DAG_variables.py
[2025-06-05T02:11:45.102+0000] {processor.py:925} INFO - DAG(s) 'etl_with_variables' retrieved from /opt/airflow/dags/Sesion5/DAG_variables.py
[2025-06-05T02:11:45.125+0000] {logging_mixin.py:190} INFO - [2025-06-05T02:11:45.124+0000] {dag.py:3239} INFO - Sync 1 DAGs
[2025-06-05T02:11:45.142+0000] {logging_mixin.py:190} INFO - [2025-06-05T02:11:45.142+0000] {dag.py:4180} INFO - Setting next_dagrun for etl_with_variables to None, run_after=None
[2025-06-05T02:11:45.173+0000] {processor.py:208} INFO - Processing /opt/airflow/dags/Sesion5/DAG_variables.py took 0.695 seconds
[2025-06-05T02:12:15.343+0000] {processor.py:186} INFO - Started process (PID=1925) to work on /opt/airflow/dags/Sesion5/DAG_variables.py
[2025-06-05T02:12:15.344+0000] {processor.py:914} INFO - Processing file /opt/airflow/dags/Sesion5/DAG_variables.py for tasks to queue
[2025-06-05T02:12:15.347+0000] {logging_mixin.py:190} INFO - [2025-06-05T02:12:15.347+0000] {dagbag.py:588} INFO - Filling up the DagBag from /opt/airflow/dags/Sesion5/DAG_variables.py
[2025-06-05T02:12:15.927+0000] {processor.py:925} INFO - DAG(s) 'etl_with_variables' retrieved from /opt/airflow/dags/Sesion5/DAG_variables.py
[2025-06-05T02:12:15.946+0000] {logging_mixin.py:190} INFO - [2025-06-05T02:12:15.945+0000] {dag.py:3239} INFO - Sync 1 DAGs
[2025-06-05T02:12:15.961+0000] {logging_mixin.py:190} INFO - [2025-06-05T02:12:15.961+0000] {dag.py:4180} INFO - Setting next_dagrun for etl_with_variables to None, run_after=None
[2025-06-05T02:12:15.977+0000] {processor.py:208} INFO - Processing /opt/airflow/dags/Sesion5/DAG_variables.py took 0.641 seconds
[2025-06-05T02:12:46.589+0000] {processor.py:186} INFO - Started process (PID=2043) to work on /opt/airflow/dags/Sesion5/DAG_variables.py
[2025-06-05T02:12:46.590+0000] {processor.py:914} INFO - Processing file /opt/airflow/dags/Sesion5/DAG_variables.py for tasks to queue
[2025-06-05T02:12:46.598+0000] {logging_mixin.py:190} INFO - [2025-06-05T02:12:46.598+0000] {dagbag.py:588} INFO - Filling up the DagBag from /opt/airflow/dags/Sesion5/DAG_variables.py
[2025-06-05T02:12:47.327+0000] {processor.py:925} INFO - DAG(s) 'etl_with_variables' retrieved from /opt/airflow/dags/Sesion5/DAG_variables.py
[2025-06-05T02:12:47.344+0000] {logging_mixin.py:190} INFO - [2025-06-05T02:12:47.344+0000] {dag.py:3239} INFO - Sync 1 DAGs
[2025-06-05T02:12:47.359+0000] {logging_mixin.py:190} INFO - [2025-06-05T02:12:47.359+0000] {dag.py:4180} INFO - Setting next_dagrun for etl_with_variables to None, run_after=None
[2025-06-05T02:12:47.376+0000] {processor.py:208} INFO - Processing /opt/airflow/dags/Sesion5/DAG_variables.py took 0.803 seconds
[2025-06-05T02:13:17.816+0000] {processor.py:186} INFO - Started process (PID=2158) to work on /opt/airflow/dags/Sesion5/DAG_variables.py
[2025-06-05T02:13:17.817+0000] {processor.py:914} INFO - Processing file /opt/airflow/dags/Sesion5/DAG_variables.py for tasks to queue
[2025-06-05T02:13:17.819+0000] {logging_mixin.py:190} INFO - [2025-06-05T02:13:17.818+0000] {dagbag.py:588} INFO - Filling up the DagBag from /opt/airflow/dags/Sesion5/DAG_variables.py
[2025-06-05T02:13:18.543+0000] {processor.py:925} INFO - DAG(s) 'etl_with_variables' retrieved from /opt/airflow/dags/Sesion5/DAG_variables.py
[2025-06-05T02:13:18.561+0000] {logging_mixin.py:190} INFO - [2025-06-05T02:13:18.560+0000] {dag.py:3239} INFO - Sync 1 DAGs
[2025-06-05T02:13:18.576+0000] {logging_mixin.py:190} INFO - [2025-06-05T02:13:18.576+0000] {dag.py:4180} INFO - Setting next_dagrun for etl_with_variables to None, run_after=None
[2025-06-05T02:13:18.592+0000] {processor.py:208} INFO - Processing /opt/airflow/dags/Sesion5/DAG_variables.py took 0.784 seconds
[2025-06-05T02:13:48.978+0000] {processor.py:186} INFO - Started process (PID=2275) to work on /opt/airflow/dags/Sesion5/DAG_variables.py
[2025-06-05T02:13:48.979+0000] {processor.py:914} INFO - Processing file /opt/airflow/dags/Sesion5/DAG_variables.py for tasks to queue
[2025-06-05T02:13:48.981+0000] {logging_mixin.py:190} INFO - [2025-06-05T02:13:48.980+0000] {dagbag.py:588} INFO - Filling up the DagBag from /opt/airflow/dags/Sesion5/DAG_variables.py
[2025-06-05T02:13:49.375+0000] {processor.py:925} INFO - DAG(s) 'etl_with_variables' retrieved from /opt/airflow/dags/Sesion5/DAG_variables.py
[2025-06-05T02:13:49.388+0000] {logging_mixin.py:190} INFO - [2025-06-05T02:13:49.388+0000] {dag.py:3239} INFO - Sync 1 DAGs
[2025-06-05T02:13:49.399+0000] {logging_mixin.py:190} INFO - [2025-06-05T02:13:49.399+0000] {dag.py:4180} INFO - Setting next_dagrun for etl_with_variables to None, run_after=None
[2025-06-05T02:13:49.411+0000] {processor.py:208} INFO - Processing /opt/airflow/dags/Sesion5/DAG_variables.py took 0.438 seconds
[2025-06-05T02:14:20.194+0000] {processor.py:186} INFO - Started process (PID=2388) to work on /opt/airflow/dags/Sesion5/DAG_variables.py
[2025-06-05T02:14:20.195+0000] {processor.py:914} INFO - Processing file /opt/airflow/dags/Sesion5/DAG_variables.py for tasks to queue
[2025-06-05T02:14:20.198+0000] {logging_mixin.py:190} INFO - [2025-06-05T02:14:20.198+0000] {dagbag.py:588} INFO - Filling up the DagBag from /opt/airflow/dags/Sesion5/DAG_variables.py
[2025-06-05T02:14:20.788+0000] {processor.py:925} INFO - DAG(s) 'etl_with_variables' retrieved from /opt/airflow/dags/Sesion5/DAG_variables.py
[2025-06-05T02:14:20.806+0000] {logging_mixin.py:190} INFO - [2025-06-05T02:14:20.805+0000] {dag.py:3239} INFO - Sync 1 DAGs
[2025-06-05T02:14:20.826+0000] {logging_mixin.py:190} INFO - [2025-06-05T02:14:20.825+0000] {dag.py:4180} INFO - Setting next_dagrun for etl_with_variables to None, run_after=None
[2025-06-05T02:14:20.845+0000] {processor.py:208} INFO - Processing /opt/airflow/dags/Sesion5/DAG_variables.py took 0.658 seconds
[2025-06-05T02:14:51.489+0000] {processor.py:186} INFO - Started process (PID=2508) to work on /opt/airflow/dags/Sesion5/DAG_variables.py
[2025-06-05T02:14:51.495+0000] {processor.py:914} INFO - Processing file /opt/airflow/dags/Sesion5/DAG_variables.py for tasks to queue
[2025-06-05T02:14:51.501+0000] {logging_mixin.py:190} INFO - [2025-06-05T02:14:51.501+0000] {dagbag.py:588} INFO - Filling up the DagBag from /opt/airflow/dags/Sesion5/DAG_variables.py
[2025-06-05T02:14:52.252+0000] {processor.py:925} INFO - DAG(s) 'etl_with_variables' retrieved from /opt/airflow/dags/Sesion5/DAG_variables.py
[2025-06-05T02:14:52.268+0000] {logging_mixin.py:190} INFO - [2025-06-05T02:14:52.268+0000] {dag.py:3239} INFO - Sync 1 DAGs
[2025-06-05T02:14:52.283+0000] {logging_mixin.py:190} INFO - [2025-06-05T02:14:52.283+0000] {dag.py:4180} INFO - Setting next_dagrun for etl_with_variables to None, run_after=None
[2025-06-05T02:14:52.300+0000] {processor.py:208} INFO - Processing /opt/airflow/dags/Sesion5/DAG_variables.py took 0.824 seconds
[2025-06-05T02:15:22.789+0000] {processor.py:186} INFO - Started process (PID=2625) to work on /opt/airflow/dags/Sesion5/DAG_variables.py
[2025-06-05T02:15:22.790+0000] {processor.py:914} INFO - Processing file /opt/airflow/dags/Sesion5/DAG_variables.py for tasks to queue
[2025-06-05T02:15:22.791+0000] {logging_mixin.py:190} INFO - [2025-06-05T02:15:22.791+0000] {dagbag.py:588} INFO - Filling up the DagBag from /opt/airflow/dags/Sesion5/DAG_variables.py
[2025-06-05T02:15:23.198+0000] {processor.py:925} INFO - DAG(s) 'etl_with_variables' retrieved from /opt/airflow/dags/Sesion5/DAG_variables.py
[2025-06-05T02:15:23.211+0000] {logging_mixin.py:190} INFO - [2025-06-05T02:15:23.211+0000] {dag.py:3239} INFO - Sync 1 DAGs
[2025-06-05T02:15:23.221+0000] {logging_mixin.py:190} INFO - [2025-06-05T02:15:23.221+0000] {dag.py:4180} INFO - Setting next_dagrun for etl_with_variables to None, run_after=None
[2025-06-05T02:15:23.234+0000] {processor.py:208} INFO - Processing /opt/airflow/dags/Sesion5/DAG_variables.py took 0.450 seconds
[2025-06-05T02:15:53.877+0000] {processor.py:186} INFO - Started process (PID=2740) to work on /opt/airflow/dags/Sesion5/DAG_variables.py
[2025-06-05T02:15:53.878+0000] {processor.py:914} INFO - Processing file /opt/airflow/dags/Sesion5/DAG_variables.py for tasks to queue
[2025-06-05T02:15:53.880+0000] {logging_mixin.py:190} INFO - [2025-06-05T02:15:53.880+0000] {dagbag.py:588} INFO - Filling up the DagBag from /opt/airflow/dags/Sesion5/DAG_variables.py
[2025-06-05T02:15:54.498+0000] {processor.py:925} INFO - DAG(s) 'etl_with_variables' retrieved from /opt/airflow/dags/Sesion5/DAG_variables.py
[2025-06-05T02:15:54.517+0000] {logging_mixin.py:190} INFO - [2025-06-05T02:15:54.516+0000] {dag.py:3239} INFO - Sync 1 DAGs
[2025-06-05T02:15:54.533+0000] {logging_mixin.py:190} INFO - [2025-06-05T02:15:54.533+0000] {dag.py:4180} INFO - Setting next_dagrun for etl_with_variables to None, run_after=None
[2025-06-05T02:15:54.549+0000] {processor.py:208} INFO - Processing /opt/airflow/dags/Sesion5/DAG_variables.py took 0.679 seconds
[2025-06-05T02:16:25.033+0000] {processor.py:186} INFO - Started process (PID=2855) to work on /opt/airflow/dags/Sesion5/DAG_variables.py
[2025-06-05T02:16:25.034+0000] {processor.py:914} INFO - Processing file /opt/airflow/dags/Sesion5/DAG_variables.py for tasks to queue
[2025-06-05T02:16:25.036+0000] {logging_mixin.py:190} INFO - [2025-06-05T02:16:25.036+0000] {dagbag.py:588} INFO - Filling up the DagBag from /opt/airflow/dags/Sesion5/DAG_variables.py
[2025-06-05T02:16:25.440+0000] {processor.py:925} INFO - DAG(s) 'etl_with_variables' retrieved from /opt/airflow/dags/Sesion5/DAG_variables.py
[2025-06-05T02:16:25.453+0000] {logging_mixin.py:190} INFO - [2025-06-05T02:16:25.452+0000] {dag.py:3239} INFO - Sync 1 DAGs
[2025-06-05T02:16:25.463+0000] {logging_mixin.py:190} INFO - [2025-06-05T02:16:25.463+0000] {dag.py:4180} INFO - Setting next_dagrun for etl_with_variables to None, run_after=None
[2025-06-05T02:16:25.475+0000] {processor.py:208} INFO - Processing /opt/airflow/dags/Sesion5/DAG_variables.py took 0.447 seconds
[2025-06-05T02:16:56.535+0000] {processor.py:186} INFO - Started process (PID=2970) to work on /opt/airflow/dags/Sesion5/DAG_variables.py
[2025-06-05T02:16:56.536+0000] {processor.py:914} INFO - Processing file /opt/airflow/dags/Sesion5/DAG_variables.py for tasks to queue
[2025-06-05T02:16:56.543+0000] {logging_mixin.py:190} INFO - [2025-06-05T02:16:56.542+0000] {dagbag.py:588} INFO - Filling up the DagBag from /opt/airflow/dags/Sesion5/DAG_variables.py
[2025-06-05T02:16:57.162+0000] {processor.py:925} INFO - DAG(s) 'etl_with_variables' retrieved from /opt/airflow/dags/Sesion5/DAG_variables.py
[2025-06-05T02:16:57.192+0000] {logging_mixin.py:190} INFO - [2025-06-05T02:16:57.191+0000] {dag.py:3239} INFO - Sync 1 DAGs
[2025-06-05T02:16:57.217+0000] {logging_mixin.py:190} INFO - [2025-06-05T02:16:57.217+0000] {dag.py:4180} INFO - Setting next_dagrun for etl_with_variables to None, run_after=None
[2025-06-05T02:16:57.236+0000] {processor.py:208} INFO - Processing /opt/airflow/dags/Sesion5/DAG_variables.py took 0.712 seconds
[2025-06-05T02:17:28.068+0000] {processor.py:186} INFO - Started process (PID=3088) to work on /opt/airflow/dags/Sesion5/DAG_variables.py
[2025-06-05T02:17:28.069+0000] {processor.py:914} INFO - Processing file /opt/airflow/dags/Sesion5/DAG_variables.py for tasks to queue
[2025-06-05T02:17:28.071+0000] {logging_mixin.py:190} INFO - [2025-06-05T02:17:28.071+0000] {dagbag.py:588} INFO - Filling up the DagBag from /opt/airflow/dags/Sesion5/DAG_variables.py
[2025-06-05T02:17:28.703+0000] {processor.py:925} INFO - DAG(s) 'etl_with_variables' retrieved from /opt/airflow/dags/Sesion5/DAG_variables.py
[2025-06-05T02:17:28.718+0000] {logging_mixin.py:190} INFO - [2025-06-05T02:17:28.717+0000] {dag.py:3239} INFO - Sync 1 DAGs
[2025-06-05T02:17:28.732+0000] {logging_mixin.py:190} INFO - [2025-06-05T02:17:28.732+0000] {dag.py:4180} INFO - Setting next_dagrun for etl_with_variables to None, run_after=None
[2025-06-05T02:17:28.749+0000] {processor.py:208} INFO - Processing /opt/airflow/dags/Sesion5/DAG_variables.py took 0.688 seconds
[2025-06-05T02:17:59.070+0000] {processor.py:186} INFO - Started process (PID=3198) to work on /opt/airflow/dags/Sesion5/DAG_variables.py
[2025-06-05T02:17:59.073+0000] {processor.py:914} INFO - Processing file /opt/airflow/dags/Sesion5/DAG_variables.py for tasks to queue
[2025-06-05T02:17:59.075+0000] {logging_mixin.py:190} INFO - [2025-06-05T02:17:59.075+0000] {dagbag.py:588} INFO - Filling up the DagBag from /opt/airflow/dags/Sesion5/DAG_variables.py
[2025-06-05T02:17:59.732+0000] {processor.py:925} INFO - DAG(s) 'etl_with_variables' retrieved from /opt/airflow/dags/Sesion5/DAG_variables.py
[2025-06-05T02:17:59.749+0000] {logging_mixin.py:190} INFO - [2025-06-05T02:17:59.748+0000] {dag.py:3239} INFO - Sync 1 DAGs
[2025-06-05T02:17:59.764+0000] {logging_mixin.py:190} INFO - [2025-06-05T02:17:59.763+0000] {dag.py:4180} INFO - Setting next_dagrun for etl_with_variables to None, run_after=None
[2025-06-05T02:17:59.782+0000] {processor.py:208} INFO - Processing /opt/airflow/dags/Sesion5/DAG_variables.py took 0.721 seconds
[2025-06-05T02:18:30.277+0000] {processor.py:186} INFO - Started process (PID=3308) to work on /opt/airflow/dags/Sesion5/DAG_variables.py
[2025-06-05T02:18:30.277+0000] {processor.py:914} INFO - Processing file /opt/airflow/dags/Sesion5/DAG_variables.py for tasks to queue
[2025-06-05T02:18:30.280+0000] {logging_mixin.py:190} INFO - [2025-06-05T02:18:30.280+0000] {dagbag.py:588} INFO - Filling up the DagBag from /opt/airflow/dags/Sesion5/DAG_variables.py
[2025-06-05T02:18:30.916+0000] {processor.py:925} INFO - DAG(s) 'etl_with_variables' retrieved from /opt/airflow/dags/Sesion5/DAG_variables.py
[2025-06-05T02:18:30.932+0000] {logging_mixin.py:190} INFO - [2025-06-05T02:18:30.932+0000] {dag.py:3239} INFO - Sync 1 DAGs
[2025-06-05T02:18:30.946+0000] {logging_mixin.py:190} INFO - [2025-06-05T02:18:30.946+0000] {dag.py:4180} INFO - Setting next_dagrun for etl_with_variables to None, run_after=None
[2025-06-05T02:18:30.963+0000] {processor.py:208} INFO - Processing /opt/airflow/dags/Sesion5/DAG_variables.py took 0.698 seconds
[2025-06-05T02:19:01.602+0000] {processor.py:186} INFO - Started process (PID=3428) to work on /opt/airflow/dags/Sesion5/DAG_variables.py
[2025-06-05T02:19:01.603+0000] {processor.py:914} INFO - Processing file /opt/airflow/dags/Sesion5/DAG_variables.py for tasks to queue
[2025-06-05T02:19:01.606+0000] {logging_mixin.py:190} INFO - [2025-06-05T02:19:01.606+0000] {dagbag.py:588} INFO - Filling up the DagBag from /opt/airflow/dags/Sesion5/DAG_variables.py
[2025-06-05T02:19:02.206+0000] {processor.py:925} INFO - DAG(s) 'etl_with_variables' retrieved from /opt/airflow/dags/Sesion5/DAG_variables.py
[2025-06-05T02:19:02.223+0000] {logging_mixin.py:190} INFO - [2025-06-05T02:19:02.223+0000] {dag.py:3239} INFO - Sync 1 DAGs
[2025-06-05T02:19:02.238+0000] {logging_mixin.py:190} INFO - [2025-06-05T02:19:02.238+0000] {dag.py:4180} INFO - Setting next_dagrun for etl_with_variables to None, run_after=None
[2025-06-05T02:19:02.255+0000] {processor.py:208} INFO - Processing /opt/airflow/dags/Sesion5/DAG_variables.py took 0.661 seconds
[2025-06-05T02:19:33.216+0000] {processor.py:186} INFO - Started process (PID=3543) to work on /opt/airflow/dags/Sesion5/DAG_variables.py
[2025-06-05T02:19:33.217+0000] {processor.py:914} INFO - Processing file /opt/airflow/dags/Sesion5/DAG_variables.py for tasks to queue
[2025-06-05T02:19:33.219+0000] {logging_mixin.py:190} INFO - [2025-06-05T02:19:33.219+0000] {dagbag.py:588} INFO - Filling up the DagBag from /opt/airflow/dags/Sesion5/DAG_variables.py
[2025-06-05T02:19:33.787+0000] {processor.py:925} INFO - DAG(s) 'etl_with_variables' retrieved from /opt/airflow/dags/Sesion5/DAG_variables.py
[2025-06-05T02:19:33.803+0000] {logging_mixin.py:190} INFO - [2025-06-05T02:19:33.803+0000] {dag.py:3239} INFO - Sync 1 DAGs
[2025-06-05T02:19:33.818+0000] {logging_mixin.py:190} INFO - [2025-06-05T02:19:33.817+0000] {dag.py:4180} INFO - Setting next_dagrun for etl_with_variables to None, run_after=None
[2025-06-05T02:19:33.835+0000] {processor.py:208} INFO - Processing /opt/airflow/dags/Sesion5/DAG_variables.py took 0.627 seconds
[2025-06-05T02:20:03.922+0000] {processor.py:186} INFO - Started process (PID=3665) to work on /opt/airflow/dags/Sesion5/DAG_variables.py
[2025-06-05T02:20:03.923+0000] {processor.py:914} INFO - Processing file /opt/airflow/dags/Sesion5/DAG_variables.py for tasks to queue
[2025-06-05T02:20:03.925+0000] {logging_mixin.py:190} INFO - [2025-06-05T02:20:03.924+0000] {dagbag.py:588} INFO - Filling up the DagBag from /opt/airflow/dags/Sesion5/DAG_variables.py
[2025-06-05T02:20:04.330+0000] {processor.py:925} INFO - DAG(s) 'etl_with_variables' retrieved from /opt/airflow/dags/Sesion5/DAG_variables.py
[2025-06-05T02:20:04.343+0000] {logging_mixin.py:190} INFO - [2025-06-05T02:20:04.342+0000] {dag.py:3239} INFO - Sync 1 DAGs
[2025-06-05T02:20:04.353+0000] {logging_mixin.py:190} INFO - [2025-06-05T02:20:04.353+0000] {dag.py:4180} INFO - Setting next_dagrun for etl_with_variables to None, run_after=None
[2025-06-05T02:20:04.366+0000] {processor.py:208} INFO - Processing /opt/airflow/dags/Sesion5/DAG_variables.py took 0.448 seconds
[2025-06-05T02:20:35.038+0000] {processor.py:186} INFO - Started process (PID=3778) to work on /opt/airflow/dags/Sesion5/DAG_variables.py
[2025-06-05T02:20:35.039+0000] {processor.py:914} INFO - Processing file /opt/airflow/dags/Sesion5/DAG_variables.py for tasks to queue
[2025-06-05T02:20:35.042+0000] {logging_mixin.py:190} INFO - [2025-06-05T02:20:35.042+0000] {dagbag.py:588} INFO - Filling up the DagBag from /opt/airflow/dags/Sesion5/DAG_variables.py
[2025-06-05T02:20:35.624+0000] {processor.py:925} INFO - DAG(s) 'etl_with_variables' retrieved from /opt/airflow/dags/Sesion5/DAG_variables.py
[2025-06-05T02:20:35.642+0000] {logging_mixin.py:190} INFO - [2025-06-05T02:20:35.641+0000] {dag.py:3239} INFO - Sync 1 DAGs
[2025-06-05T02:20:35.656+0000] {logging_mixin.py:190} INFO - [2025-06-05T02:20:35.656+0000] {dag.py:4180} INFO - Setting next_dagrun for etl_with_variables to None, run_after=None
[2025-06-05T02:20:35.669+0000] {processor.py:208} INFO - Processing /opt/airflow/dags/Sesion5/DAG_variables.py took 0.649 seconds
[2025-06-05T02:21:06.238+0000] {processor.py:186} INFO - Started process (PID=3893) to work on /opt/airflow/dags/Sesion5/DAG_variables.py
[2025-06-05T02:21:06.238+0000] {processor.py:914} INFO - Processing file /opt/airflow/dags/Sesion5/DAG_variables.py for tasks to queue
[2025-06-05T02:21:06.241+0000] {logging_mixin.py:190} INFO - [2025-06-05T02:21:06.240+0000] {dagbag.py:588} INFO - Filling up the DagBag from /opt/airflow/dags/Sesion5/DAG_variables.py
[2025-06-05T02:21:06.856+0000] {processor.py:925} INFO - DAG(s) 'etl_with_variables' retrieved from /opt/airflow/dags/Sesion5/DAG_variables.py
[2025-06-05T02:21:06.875+0000] {logging_mixin.py:190} INFO - [2025-06-05T02:21:06.874+0000] {dag.py:3239} INFO - Sync 1 DAGs
[2025-06-05T02:21:06.889+0000] {logging_mixin.py:190} INFO - [2025-06-05T02:21:06.889+0000] {dag.py:4180} INFO - Setting next_dagrun for etl_with_variables to None, run_after=None
[2025-06-05T02:21:06.905+0000] {processor.py:208} INFO - Processing /opt/airflow/dags/Sesion5/DAG_variables.py took 0.674 seconds
[2025-06-05T02:21:38.164+0000] {processor.py:186} INFO - Started process (PID=4013) to work on /opt/airflow/dags/Sesion5/DAG_variables.py
[2025-06-05T02:21:38.165+0000] {processor.py:914} INFO - Processing file /opt/airflow/dags/Sesion5/DAG_variables.py for tasks to queue
[2025-06-05T02:21:38.168+0000] {logging_mixin.py:190} INFO - [2025-06-05T02:21:38.168+0000] {dagbag.py:588} INFO - Filling up the DagBag from /opt/airflow/dags/Sesion5/DAG_variables.py
[2025-06-05T02:21:38.789+0000] {processor.py:925} INFO - DAG(s) 'etl_with_variables' retrieved from /opt/airflow/dags/Sesion5/DAG_variables.py
[2025-06-05T02:21:38.806+0000] {logging_mixin.py:190} INFO - [2025-06-05T02:21:38.806+0000] {dag.py:3239} INFO - Sync 1 DAGs
[2025-06-05T02:21:38.821+0000] {logging_mixin.py:190} INFO - [2025-06-05T02:21:38.821+0000] {dag.py:4180} INFO - Setting next_dagrun for etl_with_variables to None, run_after=None
[2025-06-05T02:21:38.839+0000] {processor.py:208} INFO - Processing /opt/airflow/dags/Sesion5/DAG_variables.py took 0.682 seconds
[2025-06-05T02:22:09.061+0000] {processor.py:186} INFO - Started process (PID=4115) to work on /opt/airflow/dags/Sesion5/DAG_variables.py
[2025-06-05T02:22:09.062+0000] {processor.py:914} INFO - Processing file /opt/airflow/dags/Sesion5/DAG_variables.py for tasks to queue
[2025-06-05T02:22:09.064+0000] {logging_mixin.py:190} INFO - [2025-06-05T02:22:09.064+0000] {dagbag.py:588} INFO - Filling up the DagBag from /opt/airflow/dags/Sesion5/DAG_variables.py
[2025-06-05T02:22:09.736+0000] {processor.py:925} INFO - DAG(s) 'etl_with_variables' retrieved from /opt/airflow/dags/Sesion5/DAG_variables.py
[2025-06-05T02:22:09.751+0000] {logging_mixin.py:190} INFO - [2025-06-05T02:22:09.750+0000] {dag.py:3239} INFO - Sync 1 DAGs
[2025-06-05T02:22:09.766+0000] {logging_mixin.py:190} INFO - [2025-06-05T02:22:09.766+0000] {dag.py:4180} INFO - Setting next_dagrun for etl_with_variables to None, run_after=None
[2025-06-05T02:22:09.783+0000] {processor.py:208} INFO - Processing /opt/airflow/dags/Sesion5/DAG_variables.py took 0.729 seconds
[2025-06-05T02:22:40.533+0000] {processor.py:186} INFO - Started process (PID=4235) to work on /opt/airflow/dags/Sesion5/DAG_variables.py
[2025-06-05T02:22:40.534+0000] {processor.py:914} INFO - Processing file /opt/airflow/dags/Sesion5/DAG_variables.py for tasks to queue
[2025-06-05T02:22:40.536+0000] {logging_mixin.py:190} INFO - [2025-06-05T02:22:40.536+0000] {dagbag.py:588} INFO - Filling up the DagBag from /opt/airflow/dags/Sesion5/DAG_variables.py
[2025-06-05T02:22:41.122+0000] {processor.py:925} INFO - DAG(s) 'etl_with_variables' retrieved from /opt/airflow/dags/Sesion5/DAG_variables.py
[2025-06-05T02:22:41.140+0000] {logging_mixin.py:190} INFO - [2025-06-05T02:22:41.140+0000] {dag.py:3239} INFO - Sync 1 DAGs
[2025-06-05T02:22:41.155+0000] {logging_mixin.py:190} INFO - [2025-06-05T02:22:41.155+0000] {dag.py:4180} INFO - Setting next_dagrun for etl_with_variables to None, run_after=None
[2025-06-05T02:22:41.171+0000] {processor.py:208} INFO - Processing /opt/airflow/dags/Sesion5/DAG_variables.py took 0.646 seconds
[2025-06-05T02:23:11.569+0000] {processor.py:186} INFO - Started process (PID=4348) to work on /opt/airflow/dags/Sesion5/DAG_variables.py
[2025-06-05T02:23:11.570+0000] {processor.py:914} INFO - Processing file /opt/airflow/dags/Sesion5/DAG_variables.py for tasks to queue
[2025-06-05T02:23:11.572+0000] {logging_mixin.py:190} INFO - [2025-06-05T02:23:11.572+0000] {dagbag.py:588} INFO - Filling up the DagBag from /opt/airflow/dags/Sesion5/DAG_variables.py
[2025-06-05T02:23:12.147+0000] {processor.py:925} INFO - DAG(s) 'etl_with_variables' retrieved from /opt/airflow/dags/Sesion5/DAG_variables.py
[2025-06-05T02:23:12.164+0000] {logging_mixin.py:190} INFO - [2025-06-05T02:23:12.163+0000] {dag.py:3239} INFO - Sync 1 DAGs
[2025-06-05T02:23:12.178+0000] {logging_mixin.py:190} INFO - [2025-06-05T02:23:12.178+0000] {dag.py:4180} INFO - Setting next_dagrun for etl_with_variables to None, run_after=None
[2025-06-05T02:23:12.198+0000] {processor.py:208} INFO - Processing /opt/airflow/dags/Sesion5/DAG_variables.py took 0.636 seconds
[2025-06-05T02:23:43.128+0000] {processor.py:186} INFO - Started process (PID=4463) to work on /opt/airflow/dags/Sesion5/DAG_variables.py
[2025-06-05T02:23:43.129+0000] {processor.py:914} INFO - Processing file /opt/airflow/dags/Sesion5/DAG_variables.py for tasks to queue
[2025-06-05T02:23:43.131+0000] {logging_mixin.py:190} INFO - [2025-06-05T02:23:43.131+0000] {dagbag.py:588} INFO - Filling up the DagBag from /opt/airflow/dags/Sesion5/DAG_variables.py
[2025-06-05T02:23:43.678+0000] {processor.py:925} INFO - DAG(s) 'etl_with_variables' retrieved from /opt/airflow/dags/Sesion5/DAG_variables.py
[2025-06-05T02:23:43.694+0000] {logging_mixin.py:190} INFO - [2025-06-05T02:23:43.694+0000] {dag.py:3239} INFO - Sync 1 DAGs
[2025-06-05T02:23:43.710+0000] {logging_mixin.py:190} INFO - [2025-06-05T02:23:43.710+0000] {dag.py:4180} INFO - Setting next_dagrun for etl_with_variables to None, run_after=None
[2025-06-05T02:23:43.728+0000] {processor.py:208} INFO - Processing /opt/airflow/dags/Sesion5/DAG_variables.py took 0.607 seconds
[2025-06-05T02:24:14.175+0000] {processor.py:186} INFO - Started process (PID=4575) to work on /opt/airflow/dags/Sesion5/DAG_variables.py
[2025-06-05T02:24:14.176+0000] {processor.py:914} INFO - Processing file /opt/airflow/dags/Sesion5/DAG_variables.py for tasks to queue
[2025-06-05T02:24:14.177+0000] {logging_mixin.py:190} INFO - [2025-06-05T02:24:14.177+0000] {dagbag.py:588} INFO - Filling up the DagBag from /opt/airflow/dags/Sesion5/DAG_variables.py
[2025-06-05T02:24:14.574+0000] {processor.py:925} INFO - DAG(s) 'etl_with_variables' retrieved from /opt/airflow/dags/Sesion5/DAG_variables.py
[2025-06-05T02:24:14.591+0000] {logging_mixin.py:190} INFO - [2025-06-05T02:24:14.591+0000] {dag.py:3239} INFO - Sync 1 DAGs
[2025-06-05T02:24:14.609+0000] {logging_mixin.py:190} INFO - [2025-06-05T02:24:14.609+0000] {dag.py:4180} INFO - Setting next_dagrun for etl_with_variables to None, run_after=None
[2025-06-05T02:24:14.627+0000] {processor.py:208} INFO - Processing /opt/airflow/dags/Sesion5/DAG_variables.py took 0.457 seconds
[2025-06-05T02:24:45.553+0000] {processor.py:186} INFO - Started process (PID=4688) to work on /opt/airflow/dags/Sesion5/DAG_variables.py
[2025-06-05T02:24:45.555+0000] {processor.py:914} INFO - Processing file /opt/airflow/dags/Sesion5/DAG_variables.py for tasks to queue
[2025-06-05T02:24:45.560+0000] {logging_mixin.py:190} INFO - [2025-06-05T02:24:45.560+0000] {dagbag.py:588} INFO - Filling up the DagBag from /opt/airflow/dags/Sesion5/DAG_variables.py
[2025-06-05T02:24:46.226+0000] {processor.py:925} INFO - DAG(s) 'etl_with_variables' retrieved from /opt/airflow/dags/Sesion5/DAG_variables.py
[2025-06-05T02:24:46.244+0000] {logging_mixin.py:190} INFO - [2025-06-05T02:24:46.243+0000] {dag.py:3239} INFO - Sync 1 DAGs
[2025-06-05T02:24:46.259+0000] {logging_mixin.py:190} INFO - [2025-06-05T02:24:46.258+0000] {dag.py:4180} INFO - Setting next_dagrun for etl_with_variables to None, run_after=None
[2025-06-05T02:24:46.277+0000] {processor.py:208} INFO - Processing /opt/airflow/dags/Sesion5/DAG_variables.py took 0.732 seconds
[2025-06-05T02:25:16.920+0000] {processor.py:186} INFO - Started process (PID=4813) to work on /opt/airflow/dags/Sesion5/DAG_variables.py
[2025-06-05T02:25:16.920+0000] {processor.py:914} INFO - Processing file /opt/airflow/dags/Sesion5/DAG_variables.py for tasks to queue
[2025-06-05T02:25:16.923+0000] {logging_mixin.py:190} INFO - [2025-06-05T02:25:16.922+0000] {dagbag.py:588} INFO - Filling up the DagBag from /opt/airflow/dags/Sesion5/DAG_variables.py
[2025-06-05T02:25:17.536+0000] {processor.py:925} INFO - DAG(s) 'etl_with_variables' retrieved from /opt/airflow/dags/Sesion5/DAG_variables.py
[2025-06-05T02:25:17.554+0000] {logging_mixin.py:190} INFO - [2025-06-05T02:25:17.553+0000] {dag.py:3239} INFO - Sync 1 DAGs
[2025-06-05T02:25:17.570+0000] {logging_mixin.py:190} INFO - [2025-06-05T02:25:17.570+0000] {dag.py:4180} INFO - Setting next_dagrun for etl_with_variables to None, run_after=None
[2025-06-05T02:25:17.593+0000] {processor.py:208} INFO - Processing /opt/airflow/dags/Sesion5/DAG_variables.py took 0.680 seconds
[2025-06-05T02:25:48.499+0000] {processor.py:186} INFO - Started process (PID=4928) to work on /opt/airflow/dags/Sesion5/DAG_variables.py
[2025-06-05T02:25:48.499+0000] {processor.py:914} INFO - Processing file /opt/airflow/dags/Sesion5/DAG_variables.py for tasks to queue
[2025-06-05T02:25:48.502+0000] {logging_mixin.py:190} INFO - [2025-06-05T02:25:48.501+0000] {dagbag.py:588} INFO - Filling up the DagBag from /opt/airflow/dags/Sesion5/DAG_variables.py
[2025-06-05T02:25:49.045+0000] {processor.py:925} INFO - DAG(s) 'etl_with_variables' retrieved from /opt/airflow/dags/Sesion5/DAG_variables.py
[2025-06-05T02:25:49.063+0000] {logging_mixin.py:190} INFO - [2025-06-05T02:25:49.062+0000] {dag.py:3239} INFO - Sync 1 DAGs
[2025-06-05T02:25:49.078+0000] {logging_mixin.py:190} INFO - [2025-06-05T02:25:49.078+0000] {dag.py:4180} INFO - Setting next_dagrun for etl_with_variables to None, run_after=None
[2025-06-05T02:25:49.114+0000] {processor.py:208} INFO - Processing /opt/airflow/dags/Sesion5/DAG_variables.py took 0.623 seconds
[2025-06-05T02:26:20.006+0000] {processor.py:186} INFO - Started process (PID=5045) to work on /opt/airflow/dags/Sesion5/DAG_variables.py
[2025-06-05T02:26:20.007+0000] {processor.py:914} INFO - Processing file /opt/airflow/dags/Sesion5/DAG_variables.py for tasks to queue
[2025-06-05T02:26:20.009+0000] {logging_mixin.py:190} INFO - [2025-06-05T02:26:20.009+0000] {dagbag.py:588} INFO - Filling up the DagBag from /opt/airflow/dags/Sesion5/DAG_variables.py
[2025-06-05T02:26:20.612+0000] {processor.py:925} INFO - DAG(s) 'etl_with_variables' retrieved from /opt/airflow/dags/Sesion5/DAG_variables.py
[2025-06-05T02:26:20.627+0000] {logging_mixin.py:190} INFO - [2025-06-05T02:26:20.627+0000] {dag.py:3239} INFO - Sync 1 DAGs
[2025-06-05T02:26:20.643+0000] {logging_mixin.py:190} INFO - [2025-06-05T02:26:20.643+0000] {dag.py:4180} INFO - Setting next_dagrun for etl_with_variables to None, run_after=None
[2025-06-05T02:26:20.657+0000] {processor.py:208} INFO - Processing /opt/airflow/dags/Sesion5/DAG_variables.py took 0.657 seconds
[2025-06-05T02:26:50.811+0000] {processor.py:186} INFO - Started process (PID=5163) to work on /opt/airflow/dags/Sesion5/DAG_variables.py
[2025-06-05T02:26:50.812+0000] {processor.py:914} INFO - Processing file /opt/airflow/dags/Sesion5/DAG_variables.py for tasks to queue
[2025-06-05T02:26:50.814+0000] {logging_mixin.py:190} INFO - [2025-06-05T02:26:50.814+0000] {dagbag.py:588} INFO - Filling up the DagBag from /opt/airflow/dags/Sesion5/DAG_variables.py
[2025-06-05T02:26:51.283+0000] {processor.py:925} INFO - DAG(s) 'etl_with_variables' retrieved from /opt/airflow/dags/Sesion5/DAG_variables.py
[2025-06-05T02:26:51.297+0000] {logging_mixin.py:190} INFO - [2025-06-05T02:26:51.297+0000] {dag.py:3239} INFO - Sync 1 DAGs
[2025-06-05T02:26:51.313+0000] {logging_mixin.py:190} INFO - [2025-06-05T02:26:51.313+0000] {dag.py:4180} INFO - Setting next_dagrun for etl_with_variables to None, run_after=None
[2025-06-05T02:26:51.326+0000] {processor.py:208} INFO - Processing /opt/airflow/dags/Sesion5/DAG_variables.py took 0.522 seconds
[2025-06-05T02:27:22.035+0000] {processor.py:186} INFO - Started process (PID=5278) to work on /opt/airflow/dags/Sesion5/DAG_variables.py
[2025-06-05T02:27:22.036+0000] {processor.py:914} INFO - Processing file /opt/airflow/dags/Sesion5/DAG_variables.py for tasks to queue
[2025-06-05T02:27:22.038+0000] {logging_mixin.py:190} INFO - [2025-06-05T02:27:22.038+0000] {dagbag.py:588} INFO - Filling up the DagBag from /opt/airflow/dags/Sesion5/DAG_variables.py
[2025-06-05T02:27:22.641+0000] {processor.py:925} INFO - DAG(s) 'etl_with_variables' retrieved from /opt/airflow/dags/Sesion5/DAG_variables.py
[2025-06-05T02:27:22.659+0000] {logging_mixin.py:190} INFO - [2025-06-05T02:27:22.658+0000] {dag.py:3239} INFO - Sync 1 DAGs
[2025-06-05T02:27:22.675+0000] {logging_mixin.py:190} INFO - [2025-06-05T02:27:22.675+0000] {dag.py:4180} INFO - Setting next_dagrun for etl_with_variables to None, run_after=None
[2025-06-05T02:27:22.692+0000] {processor.py:208} INFO - Processing /opt/airflow/dags/Sesion5/DAG_variables.py took 0.665 seconds
[2025-06-05T02:27:53.996+0000] {processor.py:186} INFO - Started process (PID=5403) to work on /opt/airflow/dags/Sesion5/DAG_variables.py
[2025-06-05T02:27:53.997+0000] {processor.py:914} INFO - Processing file /opt/airflow/dags/Sesion5/DAG_variables.py for tasks to queue
[2025-06-05T02:27:53.999+0000] {logging_mixin.py:190} INFO - [2025-06-05T02:27:53.999+0000] {dagbag.py:588} INFO - Filling up the DagBag from /opt/airflow/dags/Sesion5/DAG_variables.py
[2025-06-05T02:27:54.725+0000] {processor.py:925} INFO - DAG(s) 'etl_with_variables' retrieved from /opt/airflow/dags/Sesion5/DAG_variables.py
[2025-06-05T02:27:54.754+0000] {logging_mixin.py:190} INFO - [2025-06-05T02:27:54.753+0000] {dag.py:3239} INFO - Sync 1 DAGs
[2025-06-05T02:27:54.785+0000] {logging_mixin.py:190} INFO - [2025-06-05T02:27:54.783+0000] {dag.py:4180} INFO - Setting next_dagrun for etl_with_variables to None, run_after=None
[2025-06-05T02:27:54.811+0000] {processor.py:208} INFO - Processing /opt/airflow/dags/Sesion5/DAG_variables.py took 0.822 seconds
[2025-06-05T02:28:25.224+0000] {processor.py:186} INFO - Started process (PID=5508) to work on /opt/airflow/dags/Sesion5/DAG_variables.py
[2025-06-05T02:28:25.225+0000] {processor.py:914} INFO - Processing file /opt/airflow/dags/Sesion5/DAG_variables.py for tasks to queue
[2025-06-05T02:28:25.227+0000] {logging_mixin.py:190} INFO - [2025-06-05T02:28:25.227+0000] {dagbag.py:588} INFO - Filling up the DagBag from /opt/airflow/dags/Sesion5/DAG_variables.py
[2025-06-05T02:28:25.841+0000] {processor.py:925} INFO - DAG(s) 'etl_with_variables' retrieved from /opt/airflow/dags/Sesion5/DAG_variables.py
[2025-06-05T02:28:25.859+0000] {logging_mixin.py:190} INFO - [2025-06-05T02:28:25.859+0000] {dag.py:3239} INFO - Sync 1 DAGs
[2025-06-05T02:28:25.875+0000] {logging_mixin.py:190} INFO - [2025-06-05T02:28:25.874+0000] {dag.py:4180} INFO - Setting next_dagrun for etl_with_variables to None, run_after=None
[2025-06-05T02:28:25.891+0000] {processor.py:208} INFO - Processing /opt/airflow/dags/Sesion5/DAG_variables.py took 0.674 seconds
[2025-06-05T02:28:56.407+0000] {processor.py:186} INFO - Started process (PID=5618) to work on /opt/airflow/dags/Sesion5/DAG_variables.py
[2025-06-05T02:28:56.408+0000] {processor.py:914} INFO - Processing file /opt/airflow/dags/Sesion5/DAG_variables.py for tasks to queue
[2025-06-05T02:28:56.410+0000] {logging_mixin.py:190} INFO - [2025-06-05T02:28:56.410+0000] {dagbag.py:588} INFO - Filling up the DagBag from /opt/airflow/dags/Sesion5/DAG_variables.py
[2025-06-05T02:28:57.041+0000] {processor.py:925} INFO - DAG(s) 'etl_with_variables' retrieved from /opt/airflow/dags/Sesion5/DAG_variables.py
[2025-06-05T02:28:57.060+0000] {logging_mixin.py:190} INFO - [2025-06-05T02:28:57.060+0000] {dag.py:3239} INFO - Sync 1 DAGs
[2025-06-05T02:28:57.075+0000] {logging_mixin.py:190} INFO - [2025-06-05T02:28:57.075+0000] {dag.py:4180} INFO - Setting next_dagrun for etl_with_variables to None, run_after=None
[2025-06-05T02:28:57.090+0000] {processor.py:208} INFO - Processing /opt/airflow/dags/Sesion5/DAG_variables.py took 0.691 seconds
[2025-06-05T02:29:27.848+0000] {processor.py:186} INFO - Started process (PID=5738) to work on /opt/airflow/dags/Sesion5/DAG_variables.py
[2025-06-05T02:29:27.849+0000] {processor.py:914} INFO - Processing file /opt/airflow/dags/Sesion5/DAG_variables.py for tasks to queue
[2025-06-05T02:29:27.852+0000] {logging_mixin.py:190} INFO - [2025-06-05T02:29:27.851+0000] {dagbag.py:588} INFO - Filling up the DagBag from /opt/airflow/dags/Sesion5/DAG_variables.py
[2025-06-05T02:29:28.438+0000] {processor.py:925} INFO - DAG(s) 'etl_with_variables' retrieved from /opt/airflow/dags/Sesion5/DAG_variables.py
[2025-06-05T02:29:28.457+0000] {logging_mixin.py:190} INFO - [2025-06-05T02:29:28.456+0000] {dag.py:3239} INFO - Sync 1 DAGs
[2025-06-05T02:29:28.472+0000] {logging_mixin.py:190} INFO - [2025-06-05T02:29:28.472+0000] {dag.py:4180} INFO - Setting next_dagrun for etl_with_variables to None, run_after=None
[2025-06-05T02:29:28.491+0000] {processor.py:208} INFO - Processing /opt/airflow/dags/Sesion5/DAG_variables.py took 0.650 seconds
[2025-06-05T02:29:59.583+0000] {processor.py:186} INFO - Started process (PID=5858) to work on /opt/airflow/dags/Sesion5/DAG_variables.py
[2025-06-05T02:29:59.585+0000] {processor.py:914} INFO - Processing file /opt/airflow/dags/Sesion5/DAG_variables.py for tasks to queue
[2025-06-05T02:29:59.590+0000] {logging_mixin.py:190} INFO - [2025-06-05T02:29:59.588+0000] {dagbag.py:588} INFO - Filling up the DagBag from /opt/airflow/dags/Sesion5/DAG_variables.py
[2025-06-05T02:30:00.277+0000] {processor.py:925} INFO - DAG(s) 'etl_with_variables' retrieved from /opt/airflow/dags/Sesion5/DAG_variables.py
[2025-06-05T02:30:00.307+0000] {logging_mixin.py:190} INFO - [2025-06-05T02:30:00.306+0000] {dag.py:3239} INFO - Sync 1 DAGs
[2025-06-05T02:30:00.350+0000] {logging_mixin.py:190} INFO - [2025-06-05T02:30:00.346+0000] {dag.py:4180} INFO - Setting next_dagrun for etl_with_variables to None, run_after=None
[2025-06-05T02:30:00.399+0000] {processor.py:208} INFO - Processing /opt/airflow/dags/Sesion5/DAG_variables.py took 0.824 seconds
[2025-06-05T02:30:30.508+0000] {processor.py:186} INFO - Started process (PID=5973) to work on /opt/airflow/dags/Sesion5/DAG_variables.py
[2025-06-05T02:30:30.509+0000] {processor.py:914} INFO - Processing file /opt/airflow/dags/Sesion5/DAG_variables.py for tasks to queue
[2025-06-05T02:30:30.512+0000] {logging_mixin.py:190} INFO - [2025-06-05T02:30:30.511+0000] {dagbag.py:588} INFO - Filling up the DagBag from /opt/airflow/dags/Sesion5/DAG_variables.py
[2025-06-05T02:30:31.085+0000] {processor.py:925} INFO - DAG(s) 'etl_with_variables' retrieved from /opt/airflow/dags/Sesion5/DAG_variables.py
[2025-06-05T02:30:31.099+0000] {logging_mixin.py:190} INFO - [2025-06-05T02:30:31.098+0000] {dag.py:3239} INFO - Sync 1 DAGs
[2025-06-05T02:30:31.116+0000] {logging_mixin.py:190} INFO - [2025-06-05T02:30:31.115+0000] {dag.py:4180} INFO - Setting next_dagrun for etl_with_variables to None, run_after=None
[2025-06-05T02:30:31.132+0000] {processor.py:208} INFO - Processing /opt/airflow/dags/Sesion5/DAG_variables.py took 0.631 seconds
[2025-06-05T02:31:01.259+0000] {processor.py:186} INFO - Started process (PID=6093) to work on /opt/airflow/dags/Sesion5/DAG_variables.py
[2025-06-05T02:31:01.260+0000] {processor.py:914} INFO - Processing file /opt/airflow/dags/Sesion5/DAG_variables.py for tasks to queue
[2025-06-05T02:31:01.262+0000] {logging_mixin.py:190} INFO - [2025-06-05T02:31:01.262+0000] {dagbag.py:588} INFO - Filling up the DagBag from /opt/airflow/dags/Sesion5/DAG_variables.py
[2025-06-05T02:31:01.659+0000] {processor.py:925} INFO - DAG(s) 'etl_with_variables' retrieved from /opt/airflow/dags/Sesion5/DAG_variables.py
[2025-06-05T02:31:01.672+0000] {logging_mixin.py:190} INFO - [2025-06-05T02:31:01.672+0000] {dag.py:3239} INFO - Sync 1 DAGs
[2025-06-05T02:31:01.682+0000] {logging_mixin.py:190} INFO - [2025-06-05T02:31:01.682+0000] {dag.py:4180} INFO - Setting next_dagrun for etl_with_variables to None, run_after=None
[2025-06-05T02:31:01.695+0000] {processor.py:208} INFO - Processing /opt/airflow/dags/Sesion5/DAG_variables.py took 0.443 seconds
[2025-06-05T02:31:32.284+0000] {processor.py:186} INFO - Started process (PID=6205) to work on /opt/airflow/dags/Sesion5/DAG_variables.py
[2025-06-05T02:31:32.285+0000] {processor.py:914} INFO - Processing file /opt/airflow/dags/Sesion5/DAG_variables.py for tasks to queue
[2025-06-05T02:31:32.287+0000] {logging_mixin.py:190} INFO - [2025-06-05T02:31:32.287+0000] {dagbag.py:588} INFO - Filling up the DagBag from /opt/airflow/dags/Sesion5/DAG_variables.py
[2025-06-05T02:31:32.901+0000] {processor.py:925} INFO - DAG(s) 'etl_with_variables' retrieved from /opt/airflow/dags/Sesion5/DAG_variables.py
[2025-06-05T02:31:32.934+0000] {logging_mixin.py:190} INFO - [2025-06-05T02:31:32.934+0000] {dag.py:3239} INFO - Sync 1 DAGs
[2025-06-05T02:31:32.951+0000] {logging_mixin.py:190} INFO - [2025-06-05T02:31:32.951+0000] {dag.py:4180} INFO - Setting next_dagrun for etl_with_variables to None, run_after=None
[2025-06-05T02:31:32.967+0000] {processor.py:208} INFO - Processing /opt/airflow/dags/Sesion5/DAG_variables.py took 0.690 seconds
[2025-06-05T02:32:03.638+0000] {processor.py:186} INFO - Started process (PID=6318) to work on /opt/airflow/dags/Sesion5/DAG_variables.py
[2025-06-05T02:32:03.641+0000] {processor.py:914} INFO - Processing file /opt/airflow/dags/Sesion5/DAG_variables.py for tasks to queue
[2025-06-05T02:32:03.644+0000] {logging_mixin.py:190} INFO - [2025-06-05T02:32:03.644+0000] {dagbag.py:588} INFO - Filling up the DagBag from /opt/airflow/dags/Sesion5/DAG_variables.py
[2025-06-05T02:32:04.251+0000] {processor.py:925} INFO - DAG(s) 'etl_with_variables' retrieved from /opt/airflow/dags/Sesion5/DAG_variables.py
[2025-06-05T02:32:04.281+0000] {logging_mixin.py:190} INFO - [2025-06-05T02:32:04.280+0000] {dag.py:3239} INFO - Sync 1 DAGs
[2025-06-05T02:32:04.302+0000] {logging_mixin.py:190} INFO - [2025-06-05T02:32:04.301+0000] {dag.py:4180} INFO - Setting next_dagrun for etl_with_variables to None, run_after=None
[2025-06-05T02:32:04.327+0000] {processor.py:208} INFO - Processing /opt/airflow/dags/Sesion5/DAG_variables.py took 0.717 seconds
[2025-06-05T02:32:34.743+0000] {processor.py:186} INFO - Started process (PID=6433) to work on /opt/airflow/dags/Sesion5/DAG_variables.py
[2025-06-05T02:32:34.744+0000] {processor.py:914} INFO - Processing file /opt/airflow/dags/Sesion5/DAG_variables.py for tasks to queue
[2025-06-05T02:32:34.747+0000] {logging_mixin.py:190} INFO - [2025-06-05T02:32:34.746+0000] {dagbag.py:588} INFO - Filling up the DagBag from /opt/airflow/dags/Sesion5/DAG_variables.py
[2025-06-05T02:32:35.434+0000] {processor.py:925} INFO - DAG(s) 'etl_with_variables' retrieved from /opt/airflow/dags/Sesion5/DAG_variables.py
[2025-06-05T02:32:35.452+0000] {logging_mixin.py:190} INFO - [2025-06-05T02:32:35.451+0000] {dag.py:3239} INFO - Sync 1 DAGs
[2025-06-05T02:32:35.469+0000] {logging_mixin.py:190} INFO - [2025-06-05T02:32:35.468+0000] {dag.py:4180} INFO - Setting next_dagrun for etl_with_variables to None, run_after=None
[2025-06-05T02:32:35.486+0000] {processor.py:208} INFO - Processing /opt/airflow/dags/Sesion5/DAG_variables.py took 0.749 seconds
[2025-06-05T02:33:05.826+0000] {processor.py:186} INFO - Started process (PID=6555) to work on /opt/airflow/dags/Sesion5/DAG_variables.py
[2025-06-05T02:33:05.827+0000] {processor.py:914} INFO - Processing file /opt/airflow/dags/Sesion5/DAG_variables.py for tasks to queue
[2025-06-05T02:33:05.830+0000] {logging_mixin.py:190} INFO - [2025-06-05T02:33:05.830+0000] {dagbag.py:588} INFO - Filling up the DagBag from /opt/airflow/dags/Sesion5/DAG_variables.py
[2025-06-05T02:33:06.657+0000] {processor.py:925} INFO - DAG(s) 'etl_with_variables' retrieved from /opt/airflow/dags/Sesion5/DAG_variables.py
[2025-06-05T02:33:06.674+0000] {logging_mixin.py:190} INFO - [2025-06-05T02:33:06.674+0000] {dag.py:3239} INFO - Sync 1 DAGs
[2025-06-05T02:33:06.690+0000] {logging_mixin.py:190} INFO - [2025-06-05T02:33:06.690+0000] {dag.py:4180} INFO - Setting next_dagrun for etl_with_variables to None, run_after=None
[2025-06-05T02:33:06.706+0000] {processor.py:208} INFO - Processing /opt/airflow/dags/Sesion5/DAG_variables.py took 0.895 seconds
[2025-06-05T02:33:36.805+0000] {processor.py:186} INFO - Started process (PID=6675) to work on /opt/airflow/dags/Sesion5/DAG_variables.py
[2025-06-05T02:33:36.806+0000] {processor.py:914} INFO - Processing file /opt/airflow/dags/Sesion5/DAG_variables.py for tasks to queue
[2025-06-05T02:33:36.809+0000] {logging_mixin.py:190} INFO - [2025-06-05T02:33:36.809+0000] {dagbag.py:588} INFO - Filling up the DagBag from /opt/airflow/dags/Sesion5/DAG_variables.py
[2025-06-05T02:33:37.293+0000] {processor.py:925} INFO - DAG(s) 'etl_with_variables' retrieved from /opt/airflow/dags/Sesion5/DAG_variables.py
[2025-06-05T02:33:37.311+0000] {logging_mixin.py:190} INFO - [2025-06-05T02:33:37.310+0000] {dag.py:3239} INFO - Sync 1 DAGs
[2025-06-05T02:33:37.327+0000] {logging_mixin.py:190} INFO - [2025-06-05T02:33:37.327+0000] {dag.py:4180} INFO - Setting next_dagrun for etl_with_variables to None, run_after=None
[2025-06-05T02:33:37.343+0000] {processor.py:208} INFO - Processing /opt/airflow/dags/Sesion5/DAG_variables.py took 0.547 seconds
[2025-06-05T02:34:07.752+0000] {processor.py:186} INFO - Started process (PID=6798) to work on /opt/airflow/dags/Sesion5/DAG_variables.py
[2025-06-05T02:34:07.754+0000] {processor.py:914} INFO - Processing file /opt/airflow/dags/Sesion5/DAG_variables.py for tasks to queue
[2025-06-05T02:34:07.758+0000] {logging_mixin.py:190} INFO - [2025-06-05T02:34:07.757+0000] {dagbag.py:588} INFO - Filling up the DagBag from /opt/airflow/dags/Sesion5/DAG_variables.py
[2025-06-05T02:34:08.207+0000] {processor.py:925} INFO - DAG(s) 'etl_with_variables' retrieved from /opt/airflow/dags/Sesion5/DAG_variables.py
[2025-06-05T02:34:08.241+0000] {logging_mixin.py:190} INFO - [2025-06-05T02:34:08.240+0000] {dag.py:3239} INFO - Sync 1 DAGs
[2025-06-05T02:34:08.270+0000] {logging_mixin.py:190} INFO - [2025-06-05T02:34:08.270+0000] {dag.py:4180} INFO - Setting next_dagrun for etl_with_variables to None, run_after=None
[2025-06-05T02:34:08.300+0000] {processor.py:208} INFO - Processing /opt/airflow/dags/Sesion5/DAG_variables.py took 0.557 seconds
[2025-06-05T05:21:06.090+0000] {processor.py:186} INFO - Started process (PID=205) to work on /opt/airflow/dags/Sesion5/DAG_variables.py
[2025-06-05T05:21:06.092+0000] {processor.py:914} INFO - Processing file /opt/airflow/dags/Sesion5/DAG_variables.py for tasks to queue
[2025-06-05T05:21:06.098+0000] {logging_mixin.py:190} INFO - [2025-06-05T05:21:06.098+0000] {dagbag.py:588} INFO - Filling up the DagBag from /opt/airflow/dags/Sesion5/DAG_variables.py
[2025-06-05T05:21:07.586+0000] {processor.py:925} INFO - DAG(s) 'etl_with_variables' retrieved from /opt/airflow/dags/Sesion5/DAG_variables.py
[2025-06-05T05:21:07.615+0000] {logging_mixin.py:190} INFO - [2025-06-05T05:21:07.615+0000] {dag.py:3239} INFO - Sync 1 DAGs
[2025-06-05T05:21:07.631+0000] {logging_mixin.py:190} INFO - [2025-06-05T05:21:07.631+0000] {dag.py:4180} INFO - Setting next_dagrun for etl_with_variables to None, run_after=None
[2025-06-05T05:21:07.651+0000] {processor.py:208} INFO - Processing /opt/airflow/dags/Sesion5/DAG_variables.py took 1.581 seconds
[2025-06-05T05:21:37.826+0000] {processor.py:186} INFO - Started process (PID=320) to work on /opt/airflow/dags/Sesion5/DAG_variables.py
[2025-06-05T05:21:37.827+0000] {processor.py:914} INFO - Processing file /opt/airflow/dags/Sesion5/DAG_variables.py for tasks to queue
[2025-06-05T05:21:37.829+0000] {logging_mixin.py:190} INFO - [2025-06-05T05:21:37.829+0000] {dagbag.py:588} INFO - Filling up the DagBag from /opt/airflow/dags/Sesion5/DAG_variables.py
[2025-06-05T05:21:38.324+0000] {processor.py:925} INFO - DAG(s) 'etl_with_variables' retrieved from /opt/airflow/dags/Sesion5/DAG_variables.py
[2025-06-05T05:21:38.336+0000] {logging_mixin.py:190} INFO - [2025-06-05T05:21:38.336+0000] {dag.py:3239} INFO - Sync 1 DAGs
[2025-06-05T05:21:38.346+0000] {logging_mixin.py:190} INFO - [2025-06-05T05:21:38.346+0000] {dag.py:4180} INFO - Setting next_dagrun for etl_with_variables to None, run_after=None
[2025-06-05T05:21:38.358+0000] {processor.py:208} INFO - Processing /opt/airflow/dags/Sesion5/DAG_variables.py took 0.539 seconds
