[2025-06-05T02:01:20.627+0000] {processor.py:186} INFO - Started process (PID=234) to work on /opt/airflow/dags/Sesion5/Dataset_S5_1.py
[2025-06-05T02:01:20.634+0000] {processor.py:914} INFO - Processing file /opt/airflow/dags/Sesion5/Dataset_S5_1.py for tasks to queue
[2025-06-05T02:01:20.643+0000] {logging_mixin.py:190} INFO - [2025-06-05T02:01:20.643+0000] {dagbag.py:588} INFO - Filling up the DagBag from /opt/airflow/dags/Sesion5/Dataset_S5_1.py
[2025-06-05T02:01:20.678+0000] {processor.py:925} INFO - DAG(s) 'producer_dag_S5_ej2' retrieved from /opt/airflow/dags/Sesion5/Dataset_S5_1.py
[2025-06-05T02:01:20.737+0000] {logging_mixin.py:190} INFO - [2025-06-05T02:01:20.737+0000] {dag.py:3239} INFO - Sync 1 DAGs
[2025-06-05T02:01:20.842+0000] {logging_mixin.py:190} INFO - [2025-06-05T02:01:20.842+0000] {dag.py:4180} INFO - Setting next_dagrun for producer_dag_S5_ej2 to 2025-06-04 00:00:00+00:00, run_after=2025-06-05 00:00:00+00:00
[2025-06-05T02:01:20.948+0000] {processor.py:208} INFO - Processing /opt/airflow/dags/Sesion5/Dataset_S5_1.py took 0.360 seconds
[2025-06-05T02:01:53.691+0000] {processor.py:186} INFO - Started process (PID=347) to work on /opt/airflow/dags/Sesion5/Dataset_S5_1.py
[2025-06-05T02:01:53.694+0000] {processor.py:914} INFO - Processing file /opt/airflow/dags/Sesion5/Dataset_S5_1.py for tasks to queue
[2025-06-05T02:01:53.699+0000] {logging_mixin.py:190} INFO - [2025-06-05T02:01:53.699+0000] {dagbag.py:588} INFO - Filling up the DagBag from /opt/airflow/dags/Sesion5/Dataset_S5_1.py
[2025-06-05T02:01:53.779+0000] {processor.py:925} INFO - DAG(s) 'producer_dag_S5_ej2' retrieved from /opt/airflow/dags/Sesion5/Dataset_S5_1.py
[2025-06-05T02:01:53.905+0000] {logging_mixin.py:190} INFO - [2025-06-05T02:01:53.903+0000] {dag.py:3239} INFO - Sync 1 DAGs
[2025-06-05T02:01:54.121+0000] {logging_mixin.py:190} INFO - [2025-06-05T02:01:54.121+0000] {dag.py:4180} INFO - Setting next_dagrun for producer_dag_S5_ej2 to 2025-06-04 00:00:00+00:00, run_after=2025-06-05 00:00:00+00:00
[2025-06-05T02:01:54.269+0000] {processor.py:208} INFO - Processing /opt/airflow/dags/Sesion5/Dataset_S5_1.py took 0.602 seconds
[2025-06-05T02:04:29.953+0000] {processor.py:186} INFO - Started process (PID=214) to work on /opt/airflow/dags/Sesion5/Dataset_S5_1.py
[2025-06-05T02:04:29.970+0000] {processor.py:914} INFO - Processing file /opt/airflow/dags/Sesion5/Dataset_S5_1.py for tasks to queue
[2025-06-05T02:04:29.982+0000] {logging_mixin.py:190} INFO - [2025-06-05T02:04:29.979+0000] {dagbag.py:588} INFO - Filling up the DagBag from /opt/airflow/dags/Sesion5/Dataset_S5_1.py
[2025-06-05T02:04:30.030+0000] {processor.py:925} INFO - DAG(s) 'producer_dag_S5_ej2' retrieved from /opt/airflow/dags/Sesion5/Dataset_S5_1.py
[2025-06-05T02:04:30.072+0000] {logging_mixin.py:190} INFO - [2025-06-05T02:04:30.071+0000] {dag.py:3239} INFO - Sync 1 DAGs
[2025-06-05T02:04:30.132+0000] {logging_mixin.py:190} INFO - [2025-06-05T02:04:30.130+0000] {dag.py:4180} INFO - Setting next_dagrun for producer_dag_S5_ej2 to 2025-06-04 00:00:00+00:00, run_after=2025-06-05 00:00:00+00:00
[2025-06-05T02:04:30.203+0000] {processor.py:208} INFO - Processing /opt/airflow/dags/Sesion5/Dataset_S5_1.py took 0.286 seconds
[2025-06-05T02:05:00.349+0000] {processor.py:186} INFO - Started process (PID=329) to work on /opt/airflow/dags/Sesion5/Dataset_S5_1.py
[2025-06-05T02:05:00.350+0000] {processor.py:914} INFO - Processing file /opt/airflow/dags/Sesion5/Dataset_S5_1.py for tasks to queue
[2025-06-05T02:05:00.353+0000] {logging_mixin.py:190} INFO - [2025-06-05T02:05:00.352+0000] {dagbag.py:588} INFO - Filling up the DagBag from /opt/airflow/dags/Sesion5/Dataset_S5_1.py
[2025-06-05T02:05:00.364+0000] {processor.py:925} INFO - DAG(s) 'producer_dag_S5_ej2' retrieved from /opt/airflow/dags/Sesion5/Dataset_S5_1.py
[2025-06-05T02:05:00.387+0000] {logging_mixin.py:190} INFO - [2025-06-05T02:05:00.386+0000] {dag.py:3239} INFO - Sync 1 DAGs
[2025-06-05T02:05:00.424+0000] {logging_mixin.py:190} INFO - [2025-06-05T02:05:00.423+0000] {dag.py:4180} INFO - Setting next_dagrun for producer_dag_S5_ej2 to 2025-06-04 00:00:00+00:00, run_after=2025-06-05 00:00:00+00:00
[2025-06-05T02:05:00.451+0000] {processor.py:208} INFO - Processing /opt/airflow/dags/Sesion5/Dataset_S5_1.py took 0.108 seconds
[2025-06-05T02:05:30.885+0000] {processor.py:186} INFO - Started process (PID=444) to work on /opt/airflow/dags/Sesion5/Dataset_S5_1.py
[2025-06-05T02:05:30.886+0000] {processor.py:914} INFO - Processing file /opt/airflow/dags/Sesion5/Dataset_S5_1.py for tasks to queue
[2025-06-05T02:05:30.888+0000] {logging_mixin.py:190} INFO - [2025-06-05T02:05:30.888+0000] {dagbag.py:588} INFO - Filling up the DagBag from /opt/airflow/dags/Sesion5/Dataset_S5_1.py
[2025-06-05T02:05:30.899+0000] {processor.py:925} INFO - DAG(s) 'producer_dag_S5_ej2' retrieved from /opt/airflow/dags/Sesion5/Dataset_S5_1.py
[2025-06-05T02:05:30.921+0000] {logging_mixin.py:190} INFO - [2025-06-05T02:05:30.921+0000] {dag.py:3239} INFO - Sync 1 DAGs
[2025-06-05T02:05:30.955+0000] {logging_mixin.py:190} INFO - [2025-06-05T02:05:30.955+0000] {dag.py:4180} INFO - Setting next_dagrun for producer_dag_S5_ej2 to 2025-06-04 00:00:00+00:00, run_after=2025-06-05 00:00:00+00:00
[2025-06-05T02:05:30.978+0000] {processor.py:208} INFO - Processing /opt/airflow/dags/Sesion5/Dataset_S5_1.py took 0.100 seconds
[2025-06-05T02:06:02.157+0000] {processor.py:186} INFO - Started process (PID=559) to work on /opt/airflow/dags/Sesion5/Dataset_S5_1.py
[2025-06-05T02:06:02.158+0000] {processor.py:914} INFO - Processing file /opt/airflow/dags/Sesion5/Dataset_S5_1.py for tasks to queue
[2025-06-05T02:06:02.160+0000] {logging_mixin.py:190} INFO - [2025-06-05T02:06:02.160+0000] {dagbag.py:588} INFO - Filling up the DagBag from /opt/airflow/dags/Sesion5/Dataset_S5_1.py
[2025-06-05T02:06:02.171+0000] {processor.py:925} INFO - DAG(s) 'producer_dag_S5_ej2' retrieved from /opt/airflow/dags/Sesion5/Dataset_S5_1.py
[2025-06-05T02:06:02.210+0000] {logging_mixin.py:190} INFO - [2025-06-05T02:06:02.210+0000] {dag.py:3239} INFO - Sync 1 DAGs
[2025-06-05T02:06:02.245+0000] {logging_mixin.py:190} INFO - [2025-06-05T02:06:02.245+0000] {dag.py:4180} INFO - Setting next_dagrun for producer_dag_S5_ej2 to 2025-06-04 00:00:00+00:00, run_after=2025-06-05 00:00:00+00:00
[2025-06-05T02:06:02.268+0000] {processor.py:208} INFO - Processing /opt/airflow/dags/Sesion5/Dataset_S5_1.py took 0.118 seconds
[2025-06-05T02:06:32.984+0000] {processor.py:186} INFO - Started process (PID=674) to work on /opt/airflow/dags/Sesion5/Dataset_S5_1.py
[2025-06-05T02:06:32.985+0000] {processor.py:914} INFO - Processing file /opt/airflow/dags/Sesion5/Dataset_S5_1.py for tasks to queue
[2025-06-05T02:06:32.987+0000] {logging_mixin.py:190} INFO - [2025-06-05T02:06:32.986+0000] {dagbag.py:588} INFO - Filling up the DagBag from /opt/airflow/dags/Sesion5/Dataset_S5_1.py
[2025-06-05T02:06:32.999+0000] {processor.py:925} INFO - DAG(s) 'producer_dag_S5_ej2' retrieved from /opt/airflow/dags/Sesion5/Dataset_S5_1.py
[2025-06-05T02:06:33.021+0000] {logging_mixin.py:190} INFO - [2025-06-05T02:06:33.021+0000] {dag.py:3239} INFO - Sync 1 DAGs
[2025-06-05T02:06:33.052+0000] {logging_mixin.py:190} INFO - [2025-06-05T02:06:33.052+0000] {dag.py:4180} INFO - Setting next_dagrun for producer_dag_S5_ej2 to 2025-06-04 00:00:00+00:00, run_after=2025-06-05 00:00:00+00:00
[2025-06-05T02:06:33.077+0000] {processor.py:208} INFO - Processing /opt/airflow/dags/Sesion5/Dataset_S5_1.py took 0.100 seconds
[2025-06-05T02:07:04.098+0000] {processor.py:186} INFO - Started process (PID=789) to work on /opt/airflow/dags/Sesion5/Dataset_S5_1.py
[2025-06-05T02:07:04.099+0000] {processor.py:914} INFO - Processing file /opt/airflow/dags/Sesion5/Dataset_S5_1.py for tasks to queue
[2025-06-05T02:07:04.101+0000] {logging_mixin.py:190} INFO - [2025-06-05T02:07:04.101+0000] {dagbag.py:588} INFO - Filling up the DagBag from /opt/airflow/dags/Sesion5/Dataset_S5_1.py
[2025-06-05T02:07:04.112+0000] {processor.py:925} INFO - DAG(s) 'producer_dag_S5_ej2' retrieved from /opt/airflow/dags/Sesion5/Dataset_S5_1.py
[2025-06-05T02:07:04.135+0000] {logging_mixin.py:190} INFO - [2025-06-05T02:07:04.135+0000] {dag.py:3239} INFO - Sync 1 DAGs
[2025-06-05T02:07:04.169+0000] {logging_mixin.py:190} INFO - [2025-06-05T02:07:04.169+0000] {dag.py:4180} INFO - Setting next_dagrun for producer_dag_S5_ej2 to 2025-06-04 00:00:00+00:00, run_after=2025-06-05 00:00:00+00:00
[2025-06-05T02:07:04.195+0000] {processor.py:208} INFO - Processing /opt/airflow/dags/Sesion5/Dataset_S5_1.py took 0.105 seconds
[2025-06-05T02:07:35.190+0000] {processor.py:186} INFO - Started process (PID=903) to work on /opt/airflow/dags/Sesion5/Dataset_S5_1.py
[2025-06-05T02:07:35.191+0000] {processor.py:914} INFO - Processing file /opt/airflow/dags/Sesion5/Dataset_S5_1.py for tasks to queue
[2025-06-05T02:07:35.193+0000] {logging_mixin.py:190} INFO - [2025-06-05T02:07:35.193+0000] {dagbag.py:588} INFO - Filling up the DagBag from /opt/airflow/dags/Sesion5/Dataset_S5_1.py
[2025-06-05T02:07:35.204+0000] {processor.py:925} INFO - DAG(s) 'producer_dag_S5_ej2' retrieved from /opt/airflow/dags/Sesion5/Dataset_S5_1.py
[2025-06-05T02:07:35.225+0000] {logging_mixin.py:190} INFO - [2025-06-05T02:07:35.225+0000] {dag.py:3239} INFO - Sync 1 DAGs
[2025-06-05T02:07:35.260+0000] {logging_mixin.py:190} INFO - [2025-06-05T02:07:35.259+0000] {dag.py:4180} INFO - Setting next_dagrun for producer_dag_S5_ej2 to 2025-06-04 00:00:00+00:00, run_after=2025-06-05 00:00:00+00:00
[2025-06-05T02:07:35.284+0000] {processor.py:208} INFO - Processing /opt/airflow/dags/Sesion5/Dataset_S5_1.py took 0.101 seconds
[2025-06-05T02:08:06.579+0000] {processor.py:186} INFO - Started process (PID=1019) to work on /opt/airflow/dags/Sesion5/Dataset_S5_1.py
[2025-06-05T02:08:06.580+0000] {processor.py:914} INFO - Processing file /opt/airflow/dags/Sesion5/Dataset_S5_1.py for tasks to queue
[2025-06-05T02:08:06.583+0000] {logging_mixin.py:190} INFO - [2025-06-05T02:08:06.582+0000] {dagbag.py:588} INFO - Filling up the DagBag from /opt/airflow/dags/Sesion5/Dataset_S5_1.py
[2025-06-05T02:08:06.594+0000] {processor.py:925} INFO - DAG(s) 'producer_dag_S5_ej2' retrieved from /opt/airflow/dags/Sesion5/Dataset_S5_1.py
[2025-06-05T02:08:06.617+0000] {logging_mixin.py:190} INFO - [2025-06-05T02:08:06.616+0000] {dag.py:3239} INFO - Sync 1 DAGs
[2025-06-05T02:08:06.650+0000] {logging_mixin.py:190} INFO - [2025-06-05T02:08:06.650+0000] {dag.py:4180} INFO - Setting next_dagrun for producer_dag_S5_ej2 to 2025-06-04 00:00:00+00:00, run_after=2025-06-05 00:00:00+00:00
[2025-06-05T02:08:06.677+0000] {processor.py:208} INFO - Processing /opt/airflow/dags/Sesion5/Dataset_S5_1.py took 0.105 seconds
[2025-06-05T02:08:37.830+0000] {processor.py:186} INFO - Started process (PID=1134) to work on /opt/airflow/dags/Sesion5/Dataset_S5_1.py
[2025-06-05T02:08:37.831+0000] {processor.py:914} INFO - Processing file /opt/airflow/dags/Sesion5/Dataset_S5_1.py for tasks to queue
[2025-06-05T02:08:37.833+0000] {logging_mixin.py:190} INFO - [2025-06-05T02:08:37.833+0000] {dagbag.py:588} INFO - Filling up the DagBag from /opt/airflow/dags/Sesion5/Dataset_S5_1.py
[2025-06-05T02:08:37.844+0000] {processor.py:925} INFO - DAG(s) 'producer_dag_S5_ej2' retrieved from /opt/airflow/dags/Sesion5/Dataset_S5_1.py
[2025-06-05T02:08:37.864+0000] {logging_mixin.py:190} INFO - [2025-06-05T02:08:37.864+0000] {dag.py:3239} INFO - Sync 1 DAGs
[2025-06-05T02:08:37.895+0000] {logging_mixin.py:190} INFO - [2025-06-05T02:08:37.894+0000] {dag.py:4180} INFO - Setting next_dagrun for producer_dag_S5_ej2 to 2025-06-04 00:00:00+00:00, run_after=2025-06-05 00:00:00+00:00
[2025-06-05T02:08:37.917+0000] {processor.py:208} INFO - Processing /opt/airflow/dags/Sesion5/Dataset_S5_1.py took 0.094 seconds
[2025-06-05T02:09:08.865+0000] {processor.py:186} INFO - Started process (PID=1249) to work on /opt/airflow/dags/Sesion5/Dataset_S5_1.py
[2025-06-05T02:09:08.866+0000] {processor.py:914} INFO - Processing file /opt/airflow/dags/Sesion5/Dataset_S5_1.py for tasks to queue
[2025-06-05T02:09:08.868+0000] {logging_mixin.py:190} INFO - [2025-06-05T02:09:08.868+0000] {dagbag.py:588} INFO - Filling up the DagBag from /opt/airflow/dags/Sesion5/Dataset_S5_1.py
[2025-06-05T02:09:08.879+0000] {processor.py:925} INFO - DAG(s) 'producer_dag_S5_ej2' retrieved from /opt/airflow/dags/Sesion5/Dataset_S5_1.py
[2025-06-05T02:09:08.902+0000] {logging_mixin.py:190} INFO - [2025-06-05T02:09:08.902+0000] {dag.py:3239} INFO - Sync 1 DAGs
[2025-06-05T02:09:08.936+0000] {logging_mixin.py:190} INFO - [2025-06-05T02:09:08.935+0000] {dag.py:4180} INFO - Setting next_dagrun for producer_dag_S5_ej2 to 2025-06-04 00:00:00+00:00, run_after=2025-06-05 00:00:00+00:00
[2025-06-05T02:09:08.961+0000] {processor.py:208} INFO - Processing /opt/airflow/dags/Sesion5/Dataset_S5_1.py took 0.103 seconds
[2025-06-05T02:09:40.155+0000] {processor.py:186} INFO - Started process (PID=1366) to work on /opt/airflow/dags/Sesion5/Dataset_S5_1.py
[2025-06-05T02:09:40.156+0000] {processor.py:914} INFO - Processing file /opt/airflow/dags/Sesion5/Dataset_S5_1.py for tasks to queue
[2025-06-05T02:09:40.158+0000] {logging_mixin.py:190} INFO - [2025-06-05T02:09:40.158+0000] {dagbag.py:588} INFO - Filling up the DagBag from /opt/airflow/dags/Sesion5/Dataset_S5_1.py
[2025-06-05T02:09:40.169+0000] {processor.py:925} INFO - DAG(s) 'producer_dag_S5_ej2' retrieved from /opt/airflow/dags/Sesion5/Dataset_S5_1.py
[2025-06-05T02:09:40.192+0000] {logging_mixin.py:190} INFO - [2025-06-05T02:09:40.192+0000] {dag.py:3239} INFO - Sync 1 DAGs
[2025-06-05T02:09:40.223+0000] {logging_mixin.py:190} INFO - [2025-06-05T02:09:40.223+0000] {dag.py:4180} INFO - Setting next_dagrun for producer_dag_S5_ej2 to 2025-06-04 00:00:00+00:00, run_after=2025-06-05 00:00:00+00:00
[2025-06-05T02:09:40.247+0000] {processor.py:208} INFO - Processing /opt/airflow/dags/Sesion5/Dataset_S5_1.py took 0.102 seconds
[2025-06-05T02:10:11.303+0000] {processor.py:186} INFO - Started process (PID=1479) to work on /opt/airflow/dags/Sesion5/Dataset_S5_1.py
[2025-06-05T02:10:11.304+0000] {processor.py:914} INFO - Processing file /opt/airflow/dags/Sesion5/Dataset_S5_1.py for tasks to queue
[2025-06-05T02:10:11.307+0000] {logging_mixin.py:190} INFO - [2025-06-05T02:10:11.307+0000] {dagbag.py:588} INFO - Filling up the DagBag from /opt/airflow/dags/Sesion5/Dataset_S5_1.py
[2025-06-05T02:10:11.318+0000] {processor.py:925} INFO - DAG(s) 'producer_dag_S5_ej2' retrieved from /opt/airflow/dags/Sesion5/Dataset_S5_1.py
[2025-06-05T02:10:11.340+0000] {logging_mixin.py:190} INFO - [2025-06-05T02:10:11.340+0000] {dag.py:3239} INFO - Sync 1 DAGs
[2025-06-05T02:10:11.369+0000] {logging_mixin.py:190} INFO - [2025-06-05T02:10:11.369+0000] {dag.py:4180} INFO - Setting next_dagrun for producer_dag_S5_ej2 to 2025-06-04 00:00:00+00:00, run_after=2025-06-05 00:00:00+00:00
[2025-06-05T02:10:11.394+0000] {processor.py:208} INFO - Processing /opt/airflow/dags/Sesion5/Dataset_S5_1.py took 0.098 seconds
[2025-06-05T02:10:42.267+0000] {processor.py:186} INFO - Started process (PID=1594) to work on /opt/airflow/dags/Sesion5/Dataset_S5_1.py
[2025-06-05T02:10:42.267+0000] {processor.py:914} INFO - Processing file /opt/airflow/dags/Sesion5/Dataset_S5_1.py for tasks to queue
[2025-06-05T02:10:42.269+0000] {logging_mixin.py:190} INFO - [2025-06-05T02:10:42.269+0000] {dagbag.py:588} INFO - Filling up the DagBag from /opt/airflow/dags/Sesion5/Dataset_S5_1.py
[2025-06-05T02:10:42.278+0000] {processor.py:925} INFO - DAG(s) 'producer_dag_S5_ej2' retrieved from /opt/airflow/dags/Sesion5/Dataset_S5_1.py
[2025-06-05T02:10:42.301+0000] {logging_mixin.py:190} INFO - [2025-06-05T02:10:42.301+0000] {dag.py:3239} INFO - Sync 1 DAGs
[2025-06-05T02:10:42.336+0000] {logging_mixin.py:190} INFO - [2025-06-05T02:10:42.336+0000] {dag.py:4180} INFO - Setting next_dagrun for producer_dag_S5_ej2 to 2025-06-04 00:00:00+00:00, run_after=2025-06-05 00:00:00+00:00
[2025-06-05T02:10:42.361+0000] {processor.py:208} INFO - Processing /opt/airflow/dags/Sesion5/Dataset_S5_1.py took 0.101 seconds
[2025-06-05T02:11:13.598+0000] {processor.py:186} INFO - Started process (PID=1709) to work on /opt/airflow/dags/Sesion5/Dataset_S5_1.py
[2025-06-05T02:11:13.599+0000] {processor.py:914} INFO - Processing file /opt/airflow/dags/Sesion5/Dataset_S5_1.py for tasks to queue
[2025-06-05T02:11:13.601+0000] {logging_mixin.py:190} INFO - [2025-06-05T02:11:13.601+0000] {dagbag.py:588} INFO - Filling up the DagBag from /opt/airflow/dags/Sesion5/Dataset_S5_1.py
[2025-06-05T02:11:13.611+0000] {processor.py:925} INFO - DAG(s) 'producer_dag_S5_ej2' retrieved from /opt/airflow/dags/Sesion5/Dataset_S5_1.py
[2025-06-05T02:11:13.633+0000] {logging_mixin.py:190} INFO - [2025-06-05T02:11:13.633+0000] {dag.py:3239} INFO - Sync 1 DAGs
[2025-06-05T02:11:13.666+0000] {logging_mixin.py:190} INFO - [2025-06-05T02:11:13.666+0000] {dag.py:4180} INFO - Setting next_dagrun for producer_dag_S5_ej2 to 2025-06-04 00:00:00+00:00, run_after=2025-06-05 00:00:00+00:00
[2025-06-05T02:11:13.693+0000] {processor.py:208} INFO - Processing /opt/airflow/dags/Sesion5/Dataset_S5_1.py took 0.102 seconds
[2025-06-05T02:11:44.647+0000] {processor.py:186} INFO - Started process (PID=1824) to work on /opt/airflow/dags/Sesion5/Dataset_S5_1.py
[2025-06-05T02:11:44.647+0000] {processor.py:914} INFO - Processing file /opt/airflow/dags/Sesion5/Dataset_S5_1.py for tasks to queue
[2025-06-05T02:11:44.650+0000] {logging_mixin.py:190} INFO - [2025-06-05T02:11:44.649+0000] {dagbag.py:588} INFO - Filling up the DagBag from /opt/airflow/dags/Sesion5/Dataset_S5_1.py
[2025-06-05T02:11:44.660+0000] {processor.py:925} INFO - DAG(s) 'producer_dag_S5_ej2' retrieved from /opt/airflow/dags/Sesion5/Dataset_S5_1.py
[2025-06-05T02:11:44.682+0000] {logging_mixin.py:190} INFO - [2025-06-05T02:11:44.681+0000] {dag.py:3239} INFO - Sync 1 DAGs
[2025-06-05T02:11:44.713+0000] {logging_mixin.py:190} INFO - [2025-06-05T02:11:44.713+0000] {dag.py:4180} INFO - Setting next_dagrun for producer_dag_S5_ej2 to 2025-06-04 00:00:00+00:00, run_after=2025-06-05 00:00:00+00:00
[2025-06-05T02:11:44.748+0000] {processor.py:208} INFO - Processing /opt/airflow/dags/Sesion5/Dataset_S5_1.py took 0.108 seconds
[2025-06-05T02:12:15.612+0000] {processor.py:186} INFO - Started process (PID=1939) to work on /opt/airflow/dags/Sesion5/Dataset_S5_1.py
[2025-06-05T02:12:15.613+0000] {processor.py:914} INFO - Processing file /opt/airflow/dags/Sesion5/Dataset_S5_1.py for tasks to queue
[2025-06-05T02:12:15.615+0000] {logging_mixin.py:190} INFO - [2025-06-05T02:12:15.615+0000] {dagbag.py:588} INFO - Filling up the DagBag from /opt/airflow/dags/Sesion5/Dataset_S5_1.py
[2025-06-05T02:12:15.625+0000] {processor.py:925} INFO - DAG(s) 'producer_dag_S5_ej2' retrieved from /opt/airflow/dags/Sesion5/Dataset_S5_1.py
[2025-06-05T02:12:15.651+0000] {logging_mixin.py:190} INFO - [2025-06-05T02:12:15.651+0000] {dag.py:3239} INFO - Sync 1 DAGs
[2025-06-05T02:12:15.685+0000] {logging_mixin.py:190} INFO - [2025-06-05T02:12:15.684+0000] {dag.py:4180} INFO - Setting next_dagrun for producer_dag_S5_ej2 to 2025-06-04 00:00:00+00:00, run_after=2025-06-05 00:00:00+00:00
[2025-06-05T02:12:15.710+0000] {processor.py:208} INFO - Processing /opt/airflow/dags/Sesion5/Dataset_S5_1.py took 0.104 seconds
[2025-06-05T02:12:46.916+0000] {processor.py:186} INFO - Started process (PID=2054) to work on /opt/airflow/dags/Sesion5/Dataset_S5_1.py
[2025-06-05T02:12:46.918+0000] {processor.py:914} INFO - Processing file /opt/airflow/dags/Sesion5/Dataset_S5_1.py for tasks to queue
[2025-06-05T02:12:46.922+0000] {logging_mixin.py:190} INFO - [2025-06-05T02:12:46.921+0000] {dagbag.py:588} INFO - Filling up the DagBag from /opt/airflow/dags/Sesion5/Dataset_S5_1.py
[2025-06-05T02:12:46.933+0000] {processor.py:925} INFO - DAG(s) 'producer_dag_S5_ej2' retrieved from /opt/airflow/dags/Sesion5/Dataset_S5_1.py
[2025-06-05T02:12:46.963+0000] {logging_mixin.py:190} INFO - [2025-06-05T02:12:46.963+0000] {dag.py:3239} INFO - Sync 1 DAGs
[2025-06-05T02:12:47.007+0000] {logging_mixin.py:190} INFO - [2025-06-05T02:12:47.006+0000] {dag.py:4180} INFO - Setting next_dagrun for producer_dag_S5_ej2 to 2025-06-04 00:00:00+00:00, run_after=2025-06-05 00:00:00+00:00
[2025-06-05T02:12:47.028+0000] {processor.py:208} INFO - Processing /opt/airflow/dags/Sesion5/Dataset_S5_1.py took 0.119 seconds
[2025-06-05T02:13:18.051+0000] {processor.py:186} INFO - Started process (PID=2169) to work on /opt/airflow/dags/Sesion5/Dataset_S5_1.py
[2025-06-05T02:13:18.052+0000] {processor.py:914} INFO - Processing file /opt/airflow/dags/Sesion5/Dataset_S5_1.py for tasks to queue
[2025-06-05T02:13:18.054+0000] {logging_mixin.py:190} INFO - [2025-06-05T02:13:18.054+0000] {dagbag.py:588} INFO - Filling up the DagBag from /opt/airflow/dags/Sesion5/Dataset_S5_1.py
[2025-06-05T02:13:18.064+0000] {processor.py:925} INFO - DAG(s) 'producer_dag_S5_ej2' retrieved from /opt/airflow/dags/Sesion5/Dataset_S5_1.py
[2025-06-05T02:13:18.084+0000] {logging_mixin.py:190} INFO - [2025-06-05T02:13:18.083+0000] {dag.py:3239} INFO - Sync 1 DAGs
[2025-06-05T02:13:18.118+0000] {logging_mixin.py:190} INFO - [2025-06-05T02:13:18.118+0000] {dag.py:4180} INFO - Setting next_dagrun for producer_dag_S5_ej2 to 2025-06-04 00:00:00+00:00, run_after=2025-06-05 00:00:00+00:00
[2025-06-05T02:13:18.148+0000] {processor.py:208} INFO - Processing /opt/airflow/dags/Sesion5/Dataset_S5_1.py took 0.104 seconds
[2025-06-05T02:13:49.456+0000] {processor.py:186} INFO - Started process (PID=2284) to work on /opt/airflow/dags/Sesion5/Dataset_S5_1.py
[2025-06-05T02:13:49.457+0000] {processor.py:914} INFO - Processing file /opt/airflow/dags/Sesion5/Dataset_S5_1.py for tasks to queue
[2025-06-05T02:13:49.460+0000] {logging_mixin.py:190} INFO - [2025-06-05T02:13:49.459+0000] {dagbag.py:588} INFO - Filling up the DagBag from /opt/airflow/dags/Sesion5/Dataset_S5_1.py
[2025-06-05T02:13:49.470+0000] {processor.py:925} INFO - DAG(s) 'producer_dag_S5_ej2' retrieved from /opt/airflow/dags/Sesion5/Dataset_S5_1.py
[2025-06-05T02:13:49.492+0000] {logging_mixin.py:190} INFO - [2025-06-05T02:13:49.492+0000] {dag.py:3239} INFO - Sync 1 DAGs
[2025-06-05T02:13:49.526+0000] {logging_mixin.py:190} INFO - [2025-06-05T02:13:49.526+0000] {dag.py:4180} INFO - Setting next_dagrun for producer_dag_S5_ej2 to 2025-06-04 00:00:00+00:00, run_after=2025-06-05 00:00:00+00:00
[2025-06-05T02:13:49.571+0000] {processor.py:208} INFO - Processing /opt/airflow/dags/Sesion5/Dataset_S5_1.py took 0.122 seconds
[2025-06-05T02:14:20.356+0000] {processor.py:186} INFO - Started process (PID=2399) to work on /opt/airflow/dags/Sesion5/Dataset_S5_1.py
[2025-06-05T02:14:20.357+0000] {processor.py:914} INFO - Processing file /opt/airflow/dags/Sesion5/Dataset_S5_1.py for tasks to queue
[2025-06-05T02:14:20.368+0000] {logging_mixin.py:190} INFO - [2025-06-05T02:14:20.365+0000] {dagbag.py:588} INFO - Filling up the DagBag from /opt/airflow/dags/Sesion5/Dataset_S5_1.py
[2025-06-05T02:14:20.389+0000] {processor.py:925} INFO - DAG(s) 'producer_dag_S5_ej2' retrieved from /opt/airflow/dags/Sesion5/Dataset_S5_1.py
[2025-06-05T02:14:20.477+0000] {logging_mixin.py:190} INFO - [2025-06-05T02:14:20.477+0000] {dag.py:3239} INFO - Sync 1 DAGs
[2025-06-05T02:14:20.532+0000] {logging_mixin.py:190} INFO - [2025-06-05T02:14:20.532+0000] {dag.py:4180} INFO - Setting next_dagrun for producer_dag_S5_ej2 to 2025-06-04 00:00:00+00:00, run_after=2025-06-05 00:00:00+00:00
[2025-06-05T02:14:20.557+0000] {processor.py:208} INFO - Processing /opt/airflow/dags/Sesion5/Dataset_S5_1.py took 0.210 seconds
[2025-06-05T02:14:51.722+0000] {processor.py:186} INFO - Started process (PID=2514) to work on /opt/airflow/dags/Sesion5/Dataset_S5_1.py
[2025-06-05T02:14:51.725+0000] {processor.py:914} INFO - Processing file /opt/airflow/dags/Sesion5/Dataset_S5_1.py for tasks to queue
[2025-06-05T02:14:51.730+0000] {logging_mixin.py:190} INFO - [2025-06-05T02:14:51.729+0000] {dagbag.py:588} INFO - Filling up the DagBag from /opt/airflow/dags/Sesion5/Dataset_S5_1.py
[2025-06-05T02:14:51.743+0000] {processor.py:925} INFO - DAG(s) 'producer_dag_S5_ej2' retrieved from /opt/airflow/dags/Sesion5/Dataset_S5_1.py
[2025-06-05T02:14:51.767+0000] {logging_mixin.py:190} INFO - [2025-06-05T02:14:51.766+0000] {dag.py:3239} INFO - Sync 1 DAGs
[2025-06-05T02:14:51.799+0000] {logging_mixin.py:190} INFO - [2025-06-05T02:14:51.798+0000] {dag.py:4180} INFO - Setting next_dagrun for producer_dag_S5_ej2 to 2025-06-04 00:00:00+00:00, run_after=2025-06-05 00:00:00+00:00
[2025-06-05T02:14:51.823+0000] {processor.py:208} INFO - Processing /opt/airflow/dags/Sesion5/Dataset_S5_1.py took 0.116 seconds
[2025-06-05T02:15:23.271+0000] {processor.py:186} INFO - Started process (PID=2631) to work on /opt/airflow/dags/Sesion5/Dataset_S5_1.py
[2025-06-05T02:15:23.272+0000] {processor.py:914} INFO - Processing file /opt/airflow/dags/Sesion5/Dataset_S5_1.py for tasks to queue
[2025-06-05T02:15:23.275+0000] {logging_mixin.py:190} INFO - [2025-06-05T02:15:23.274+0000] {dagbag.py:588} INFO - Filling up the DagBag from /opt/airflow/dags/Sesion5/Dataset_S5_1.py
[2025-06-05T02:15:23.286+0000] {processor.py:925} INFO - DAG(s) 'producer_dag_S5_ej2' retrieved from /opt/airflow/dags/Sesion5/Dataset_S5_1.py
[2025-06-05T02:15:23.311+0000] {logging_mixin.py:190} INFO - [2025-06-05T02:15:23.310+0000] {dag.py:3239} INFO - Sync 1 DAGs
[2025-06-05T02:15:23.344+0000] {logging_mixin.py:190} INFO - [2025-06-05T02:15:23.344+0000] {dag.py:4180} INFO - Setting next_dagrun for producer_dag_S5_ej2 to 2025-06-04 00:00:00+00:00, run_after=2025-06-05 00:00:00+00:00
[2025-06-05T02:15:23.370+0000] {processor.py:208} INFO - Processing /opt/airflow/dags/Sesion5/Dataset_S5_1.py took 0.106 seconds
[2025-06-05T02:15:53.885+0000] {processor.py:186} INFO - Started process (PID=2743) to work on /opt/airflow/dags/Sesion5/Dataset_S5_1.py
[2025-06-05T02:15:53.886+0000] {processor.py:914} INFO - Processing file /opt/airflow/dags/Sesion5/Dataset_S5_1.py for tasks to queue
[2025-06-05T02:15:53.888+0000] {logging_mixin.py:190} INFO - [2025-06-05T02:15:53.888+0000] {dagbag.py:588} INFO - Filling up the DagBag from /opt/airflow/dags/Sesion5/Dataset_S5_1.py
[2025-06-05T02:15:53.899+0000] {processor.py:925} INFO - DAG(s) 'producer_dag_S5_ej2' retrieved from /opt/airflow/dags/Sesion5/Dataset_S5_1.py
[2025-06-05T02:15:53.922+0000] {logging_mixin.py:190} INFO - [2025-06-05T02:15:53.921+0000] {dag.py:3239} INFO - Sync 1 DAGs
[2025-06-05T02:15:53.958+0000] {logging_mixin.py:190} INFO - [2025-06-05T02:15:53.958+0000] {dag.py:4180} INFO - Setting next_dagrun for producer_dag_S5_ej2 to 2025-06-04 00:00:00+00:00, run_after=2025-06-05 00:00:00+00:00
[2025-06-05T02:15:53.984+0000] {processor.py:208} INFO - Processing /opt/airflow/dags/Sesion5/Dataset_S5_1.py took 0.106 seconds
[2025-06-05T02:16:25.512+0000] {processor.py:186} INFO - Started process (PID=2861) to work on /opt/airflow/dags/Sesion5/Dataset_S5_1.py
[2025-06-05T02:16:25.513+0000] {processor.py:914} INFO - Processing file /opt/airflow/dags/Sesion5/Dataset_S5_1.py for tasks to queue
[2025-06-05T02:16:25.516+0000] {logging_mixin.py:190} INFO - [2025-06-05T02:16:25.515+0000] {dagbag.py:588} INFO - Filling up the DagBag from /opt/airflow/dags/Sesion5/Dataset_S5_1.py
[2025-06-05T02:16:25.527+0000] {processor.py:925} INFO - DAG(s) 'producer_dag_S5_ej2' retrieved from /opt/airflow/dags/Sesion5/Dataset_S5_1.py
[2025-06-05T02:16:25.558+0000] {logging_mixin.py:190} INFO - [2025-06-05T02:16:25.558+0000] {dag.py:3239} INFO - Sync 1 DAGs
[2025-06-05T02:16:25.617+0000] {logging_mixin.py:190} INFO - [2025-06-05T02:16:25.617+0000] {dag.py:4180} INFO - Setting next_dagrun for producer_dag_S5_ej2 to 2025-06-04 00:00:00+00:00, run_after=2025-06-05 00:00:00+00:00
[2025-06-05T02:16:25.647+0000] {processor.py:208} INFO - Processing /opt/airflow/dags/Sesion5/Dataset_S5_1.py took 0.141 seconds
[2025-06-05T02:16:56.594+0000] {processor.py:186} INFO - Started process (PID=2973) to work on /opt/airflow/dags/Sesion5/Dataset_S5_1.py
[2025-06-05T02:16:56.597+0000] {processor.py:914} INFO - Processing file /opt/airflow/dags/Sesion5/Dataset_S5_1.py for tasks to queue
[2025-06-05T02:16:56.600+0000] {logging_mixin.py:190} INFO - [2025-06-05T02:16:56.600+0000] {dagbag.py:588} INFO - Filling up the DagBag from /opt/airflow/dags/Sesion5/Dataset_S5_1.py
[2025-06-05T02:16:56.623+0000] {processor.py:925} INFO - DAG(s) 'producer_dag_S5_ej2' retrieved from /opt/airflow/dags/Sesion5/Dataset_S5_1.py
[2025-06-05T02:16:56.647+0000] {logging_mixin.py:190} INFO - [2025-06-05T02:16:56.646+0000] {dag.py:3239} INFO - Sync 1 DAGs
[2025-06-05T02:16:56.681+0000] {logging_mixin.py:190} INFO - [2025-06-05T02:16:56.681+0000] {dag.py:4180} INFO - Setting next_dagrun for producer_dag_S5_ej2 to 2025-06-04 00:00:00+00:00, run_after=2025-06-05 00:00:00+00:00
[2025-06-05T02:16:56.706+0000] {processor.py:208} INFO - Processing /opt/airflow/dags/Sesion5/Dataset_S5_1.py took 0.124 seconds
[2025-06-05T02:17:28.027+0000] {processor.py:186} INFO - Started process (PID=3083) to work on /opt/airflow/dags/Sesion5/Dataset_S5_1.py
[2025-06-05T02:17:28.029+0000] {processor.py:914} INFO - Processing file /opt/airflow/dags/Sesion5/Dataset_S5_1.py for tasks to queue
[2025-06-05T02:17:28.031+0000] {logging_mixin.py:190} INFO - [2025-06-05T02:17:28.031+0000] {dagbag.py:588} INFO - Filling up the DagBag from /opt/airflow/dags/Sesion5/Dataset_S5_1.py
[2025-06-05T02:17:28.041+0000] {processor.py:925} INFO - DAG(s) 'producer_dag_S5_ej2' retrieved from /opt/airflow/dags/Sesion5/Dataset_S5_1.py
[2025-06-05T02:17:28.062+0000] {logging_mixin.py:190} INFO - [2025-06-05T02:17:28.061+0000] {dag.py:3239} INFO - Sync 1 DAGs
[2025-06-05T02:17:28.094+0000] {logging_mixin.py:190} INFO - [2025-06-05T02:17:28.094+0000] {dag.py:4180} INFO - Setting next_dagrun for producer_dag_S5_ej2 to 2025-06-04 00:00:00+00:00, run_after=2025-06-05 00:00:00+00:00
[2025-06-05T02:17:28.120+0000] {processor.py:208} INFO - Processing /opt/airflow/dags/Sesion5/Dataset_S5_1.py took 0.104 seconds
[2025-06-05T02:17:59.249+0000] {processor.py:186} INFO - Started process (PID=3204) to work on /opt/airflow/dags/Sesion5/Dataset_S5_1.py
[2025-06-05T02:17:59.250+0000] {processor.py:914} INFO - Processing file /opt/airflow/dags/Sesion5/Dataset_S5_1.py for tasks to queue
[2025-06-05T02:17:59.253+0000] {logging_mixin.py:190} INFO - [2025-06-05T02:17:59.252+0000] {dagbag.py:588} INFO - Filling up the DagBag from /opt/airflow/dags/Sesion5/Dataset_S5_1.py
[2025-06-05T02:17:59.264+0000] {processor.py:925} INFO - DAG(s) 'producer_dag_S5_ej2' retrieved from /opt/airflow/dags/Sesion5/Dataset_S5_1.py
[2025-06-05T02:17:59.287+0000] {logging_mixin.py:190} INFO - [2025-06-05T02:17:59.287+0000] {dag.py:3239} INFO - Sync 1 DAGs
[2025-06-05T02:17:59.319+0000] {logging_mixin.py:190} INFO - [2025-06-05T02:17:59.319+0000] {dag.py:4180} INFO - Setting next_dagrun for producer_dag_S5_ej2 to 2025-06-04 00:00:00+00:00, run_after=2025-06-05 00:00:00+00:00
[2025-06-05T02:17:59.342+0000] {processor.py:208} INFO - Processing /opt/airflow/dags/Sesion5/Dataset_S5_1.py took 0.101 seconds
[2025-06-05T02:18:30.504+0000] {processor.py:186} INFO - Started process (PID=3319) to work on /opt/airflow/dags/Sesion5/Dataset_S5_1.py
[2025-06-05T02:18:30.506+0000] {processor.py:914} INFO - Processing file /opt/airflow/dags/Sesion5/Dataset_S5_1.py for tasks to queue
[2025-06-05T02:18:30.513+0000] {logging_mixin.py:190} INFO - [2025-06-05T02:18:30.510+0000] {dagbag.py:588} INFO - Filling up the DagBag from /opt/airflow/dags/Sesion5/Dataset_S5_1.py
[2025-06-05T02:18:30.552+0000] {processor.py:925} INFO - DAG(s) 'producer_dag_S5_ej2' retrieved from /opt/airflow/dags/Sesion5/Dataset_S5_1.py
[2025-06-05T02:18:30.590+0000] {logging_mixin.py:190} INFO - [2025-06-05T02:18:30.590+0000] {dag.py:3239} INFO - Sync 1 DAGs
[2025-06-05T02:18:30.621+0000] {logging_mixin.py:190} INFO - [2025-06-05T02:18:30.621+0000] {dag.py:4180} INFO - Setting next_dagrun for producer_dag_S5_ej2 to 2025-06-04 00:00:00+00:00, run_after=2025-06-05 00:00:00+00:00
[2025-06-05T02:18:30.646+0000] {processor.py:208} INFO - Processing /opt/airflow/dags/Sesion5/Dataset_S5_1.py took 0.165 seconds
[2025-06-05T02:19:01.700+0000] {processor.py:186} INFO - Started process (PID=3434) to work on /opt/airflow/dags/Sesion5/Dataset_S5_1.py
[2025-06-05T02:19:01.701+0000] {processor.py:914} INFO - Processing file /opt/airflow/dags/Sesion5/Dataset_S5_1.py for tasks to queue
[2025-06-05T02:19:01.703+0000] {logging_mixin.py:190} INFO - [2025-06-05T02:19:01.703+0000] {dagbag.py:588} INFO - Filling up the DagBag from /opt/airflow/dags/Sesion5/Dataset_S5_1.py
[2025-06-05T02:19:01.714+0000] {processor.py:925} INFO - DAG(s) 'producer_dag_S5_ej2' retrieved from /opt/airflow/dags/Sesion5/Dataset_S5_1.py
[2025-06-05T02:19:01.737+0000] {logging_mixin.py:190} INFO - [2025-06-05T02:19:01.737+0000] {dag.py:3239} INFO - Sync 1 DAGs
[2025-06-05T02:19:01.771+0000] {logging_mixin.py:190} INFO - [2025-06-05T02:19:01.770+0000] {dag.py:4180} INFO - Setting next_dagrun for producer_dag_S5_ej2 to 2025-06-04 00:00:00+00:00, run_after=2025-06-05 00:00:00+00:00
[2025-06-05T02:19:01.795+0000] {processor.py:208} INFO - Processing /opt/airflow/dags/Sesion5/Dataset_S5_1.py took 0.102 seconds
[2025-06-05T02:19:33.394+0000] {processor.py:186} INFO - Started process (PID=3549) to work on /opt/airflow/dags/Sesion5/Dataset_S5_1.py
[2025-06-05T02:19:33.395+0000] {processor.py:914} INFO - Processing file /opt/airflow/dags/Sesion5/Dataset_S5_1.py for tasks to queue
[2025-06-05T02:19:33.397+0000] {logging_mixin.py:190} INFO - [2025-06-05T02:19:33.397+0000] {dagbag.py:588} INFO - Filling up the DagBag from /opt/airflow/dags/Sesion5/Dataset_S5_1.py
[2025-06-05T02:19:33.408+0000] {processor.py:925} INFO - DAG(s) 'producer_dag_S5_ej2' retrieved from /opt/airflow/dags/Sesion5/Dataset_S5_1.py
[2025-06-05T02:19:33.430+0000] {logging_mixin.py:190} INFO - [2025-06-05T02:19:33.430+0000] {dag.py:3239} INFO - Sync 1 DAGs
[2025-06-05T02:19:33.460+0000] {logging_mixin.py:190} INFO - [2025-06-05T02:19:33.460+0000] {dag.py:4180} INFO - Setting next_dagrun for producer_dag_S5_ej2 to 2025-06-04 00:00:00+00:00, run_after=2025-06-05 00:00:00+00:00
[2025-06-05T02:19:33.652+0000] {processor.py:208} INFO - Processing /opt/airflow/dags/Sesion5/Dataset_S5_1.py took 0.265 seconds
[2025-06-05T02:20:03.833+0000] {processor.py:186} INFO - Started process (PID=3660) to work on /opt/airflow/dags/Sesion5/Dataset_S5_1.py
[2025-06-05T02:20:03.833+0000] {processor.py:914} INFO - Processing file /opt/airflow/dags/Sesion5/Dataset_S5_1.py for tasks to queue
[2025-06-05T02:20:03.835+0000] {logging_mixin.py:190} INFO - [2025-06-05T02:20:03.835+0000] {dagbag.py:588} INFO - Filling up the DagBag from /opt/airflow/dags/Sesion5/Dataset_S5_1.py
[2025-06-05T02:20:03.842+0000] {processor.py:925} INFO - DAG(s) 'producer_dag_S5_ej2' retrieved from /opt/airflow/dags/Sesion5/Dataset_S5_1.py
[2025-06-05T02:20:03.858+0000] {logging_mixin.py:190} INFO - [2025-06-05T02:20:03.858+0000] {dag.py:3239} INFO - Sync 1 DAGs
[2025-06-05T02:20:03.879+0000] {logging_mixin.py:190} INFO - [2025-06-05T02:20:03.879+0000] {dag.py:4180} INFO - Setting next_dagrun for producer_dag_S5_ej2 to 2025-06-04 00:00:00+00:00, run_after=2025-06-05 00:00:00+00:00
[2025-06-05T02:20:03.897+0000] {processor.py:208} INFO - Processing /opt/airflow/dags/Sesion5/Dataset_S5_1.py took 0.069 seconds
[2025-06-05T02:20:34.957+0000] {processor.py:186} INFO - Started process (PID=3773) to work on /opt/airflow/dags/Sesion5/Dataset_S5_1.py
[2025-06-05T02:20:34.958+0000] {processor.py:914} INFO - Processing file /opt/airflow/dags/Sesion5/Dataset_S5_1.py for tasks to queue
[2025-06-05T02:20:34.961+0000] {logging_mixin.py:190} INFO - [2025-06-05T02:20:34.961+0000] {dagbag.py:588} INFO - Filling up the DagBag from /opt/airflow/dags/Sesion5/Dataset_S5_1.py
[2025-06-05T02:20:34.972+0000] {processor.py:925} INFO - DAG(s) 'producer_dag_S5_ej2' retrieved from /opt/airflow/dags/Sesion5/Dataset_S5_1.py
[2025-06-05T02:20:34.994+0000] {logging_mixin.py:190} INFO - [2025-06-05T02:20:34.994+0000] {dag.py:3239} INFO - Sync 1 DAGs
[2025-06-05T02:20:35.025+0000] {logging_mixin.py:190} INFO - [2025-06-05T02:20:35.025+0000] {dag.py:4180} INFO - Setting next_dagrun for producer_dag_S5_ej2 to 2025-06-04 00:00:00+00:00, run_after=2025-06-05 00:00:00+00:00
[2025-06-05T02:20:35.049+0000] {processor.py:208} INFO - Processing /opt/airflow/dags/Sesion5/Dataset_S5_1.py took 0.099 seconds
[2025-06-05T02:21:06.219+0000] {processor.py:186} INFO - Started process (PID=3890) to work on /opt/airflow/dags/Sesion5/Dataset_S5_1.py
[2025-06-05T02:21:06.220+0000] {processor.py:914} INFO - Processing file /opt/airflow/dags/Sesion5/Dataset_S5_1.py for tasks to queue
[2025-06-05T02:21:06.222+0000] {logging_mixin.py:190} INFO - [2025-06-05T02:21:06.221+0000] {dagbag.py:588} INFO - Filling up the DagBag from /opt/airflow/dags/Sesion5/Dataset_S5_1.py
[2025-06-05T02:21:06.237+0000] {processor.py:925} INFO - DAG(s) 'producer_dag_S5_ej2' retrieved from /opt/airflow/dags/Sesion5/Dataset_S5_1.py
[2025-06-05T02:21:06.269+0000] {logging_mixin.py:190} INFO - [2025-06-05T02:21:06.269+0000] {dag.py:3239} INFO - Sync 1 DAGs
[2025-06-05T02:21:06.301+0000] {logging_mixin.py:190} INFO - [2025-06-05T02:21:06.301+0000] {dag.py:4180} INFO - Setting next_dagrun for producer_dag_S5_ej2 to 2025-06-04 00:00:00+00:00, run_after=2025-06-05 00:00:00+00:00
[2025-06-05T02:21:06.326+0000] {processor.py:208} INFO - Processing /opt/airflow/dags/Sesion5/Dataset_S5_1.py took 0.115 seconds
[2025-06-05T02:21:37.844+0000] {processor.py:186} INFO - Started process (PID=4003) to work on /opt/airflow/dags/Sesion5/Dataset_S5_1.py
[2025-06-05T02:21:37.845+0000] {processor.py:914} INFO - Processing file /opt/airflow/dags/Sesion5/Dataset_S5_1.py for tasks to queue
[2025-06-05T02:21:37.848+0000] {logging_mixin.py:190} INFO - [2025-06-05T02:21:37.847+0000] {dagbag.py:588} INFO - Filling up the DagBag from /opt/airflow/dags/Sesion5/Dataset_S5_1.py
[2025-06-05T02:21:37.860+0000] {processor.py:925} INFO - DAG(s) 'producer_dag_S5_ej2' retrieved from /opt/airflow/dags/Sesion5/Dataset_S5_1.py
[2025-06-05T02:21:37.891+0000] {logging_mixin.py:190} INFO - [2025-06-05T02:21:37.890+0000] {dag.py:3239} INFO - Sync 1 DAGs
[2025-06-05T02:21:37.924+0000] {logging_mixin.py:190} INFO - [2025-06-05T02:21:37.924+0000] {dag.py:4180} INFO - Setting next_dagrun for producer_dag_S5_ej2 to 2025-06-04 00:00:00+00:00, run_after=2025-06-05 00:00:00+00:00
[2025-06-05T02:21:38.113+0000] {processor.py:208} INFO - Processing /opt/airflow/dags/Sesion5/Dataset_S5_1.py took 0.276 seconds
[2025-06-05T02:22:09.277+0000] {processor.py:186} INFO - Started process (PID=4124) to work on /opt/airflow/dags/Sesion5/Dataset_S5_1.py
[2025-06-05T02:22:09.278+0000] {processor.py:914} INFO - Processing file /opt/airflow/dags/Sesion5/Dataset_S5_1.py for tasks to queue
[2025-06-05T02:22:09.285+0000] {logging_mixin.py:190} INFO - [2025-06-05T02:22:09.285+0000] {dagbag.py:588} INFO - Filling up the DagBag from /opt/airflow/dags/Sesion5/Dataset_S5_1.py
[2025-06-05T02:22:09.307+0000] {processor.py:925} INFO - DAG(s) 'producer_dag_S5_ej2' retrieved from /opt/airflow/dags/Sesion5/Dataset_S5_1.py
[2025-06-05T02:22:09.378+0000] {logging_mixin.py:190} INFO - [2025-06-05T02:22:09.376+0000] {dag.py:3239} INFO - Sync 1 DAGs
[2025-06-05T02:22:09.445+0000] {logging_mixin.py:190} INFO - [2025-06-05T02:22:09.442+0000] {dag.py:4180} INFO - Setting next_dagrun for producer_dag_S5_ej2 to 2025-06-04 00:00:00+00:00, run_after=2025-06-05 00:00:00+00:00
[2025-06-05T02:22:09.474+0000] {processor.py:208} INFO - Processing /opt/airflow/dags/Sesion5/Dataset_S5_1.py took 0.203 seconds
[2025-06-05T02:22:40.544+0000] {processor.py:186} INFO - Started process (PID=4238) to work on /opt/airflow/dags/Sesion5/Dataset_S5_1.py
[2025-06-05T02:22:40.546+0000] {processor.py:914} INFO - Processing file /opt/airflow/dags/Sesion5/Dataset_S5_1.py for tasks to queue
[2025-06-05T02:22:40.554+0000] {logging_mixin.py:190} INFO - [2025-06-05T02:22:40.553+0000] {dagbag.py:588} INFO - Filling up the DagBag from /opt/airflow/dags/Sesion5/Dataset_S5_1.py
[2025-06-05T02:22:40.571+0000] {processor.py:925} INFO - DAG(s) 'producer_dag_S5_ej2' retrieved from /opt/airflow/dags/Sesion5/Dataset_S5_1.py
[2025-06-05T02:22:40.594+0000] {logging_mixin.py:190} INFO - [2025-06-05T02:22:40.594+0000] {dag.py:3239} INFO - Sync 1 DAGs
[2025-06-05T02:22:40.631+0000] {logging_mixin.py:190} INFO - [2025-06-05T02:22:40.630+0000] {dag.py:4180} INFO - Setting next_dagrun for producer_dag_S5_ej2 to 2025-06-04 00:00:00+00:00, run_after=2025-06-05 00:00:00+00:00
[2025-06-05T02:22:40.655+0000] {processor.py:208} INFO - Processing /opt/airflow/dags/Sesion5/Dataset_S5_1.py took 0.122 seconds
[2025-06-05T02:23:11.657+0000] {processor.py:186} INFO - Started process (PID=4354) to work on /opt/airflow/dags/Sesion5/Dataset_S5_1.py
[2025-06-05T02:23:11.658+0000] {processor.py:914} INFO - Processing file /opt/airflow/dags/Sesion5/Dataset_S5_1.py for tasks to queue
[2025-06-05T02:23:11.661+0000] {logging_mixin.py:190} INFO - [2025-06-05T02:23:11.661+0000] {dagbag.py:588} INFO - Filling up the DagBag from /opt/airflow/dags/Sesion5/Dataset_S5_1.py
[2025-06-05T02:23:11.672+0000] {processor.py:925} INFO - DAG(s) 'producer_dag_S5_ej2' retrieved from /opt/airflow/dags/Sesion5/Dataset_S5_1.py
[2025-06-05T02:23:11.694+0000] {logging_mixin.py:190} INFO - [2025-06-05T02:23:11.694+0000] {dag.py:3239} INFO - Sync 1 DAGs
[2025-06-05T02:23:11.726+0000] {logging_mixin.py:190} INFO - [2025-06-05T02:23:11.725+0000] {dag.py:4180} INFO - Setting next_dagrun for producer_dag_S5_ej2 to 2025-06-04 00:00:00+00:00, run_after=2025-06-05 00:00:00+00:00
[2025-06-05T02:23:11.752+0000] {processor.py:208} INFO - Processing /opt/airflow/dags/Sesion5/Dataset_S5_1.py took 0.102 seconds
[2025-06-05T02:23:43.372+0000] {processor.py:186} INFO - Started process (PID=4469) to work on /opt/airflow/dags/Sesion5/Dataset_S5_1.py
[2025-06-05T02:23:43.373+0000] {processor.py:914} INFO - Processing file /opt/airflow/dags/Sesion5/Dataset_S5_1.py for tasks to queue
[2025-06-05T02:23:43.375+0000] {logging_mixin.py:190} INFO - [2025-06-05T02:23:43.375+0000] {dagbag.py:588} INFO - Filling up the DagBag from /opt/airflow/dags/Sesion5/Dataset_S5_1.py
[2025-06-05T02:23:43.386+0000] {processor.py:925} INFO - DAG(s) 'producer_dag_S5_ej2' retrieved from /opt/airflow/dags/Sesion5/Dataset_S5_1.py
[2025-06-05T02:23:43.409+0000] {logging_mixin.py:190} INFO - [2025-06-05T02:23:43.409+0000] {dag.py:3239} INFO - Sync 1 DAGs
[2025-06-05T02:23:43.443+0000] {logging_mixin.py:190} INFO - [2025-06-05T02:23:43.443+0000] {dag.py:4180} INFO - Setting next_dagrun for producer_dag_S5_ej2 to 2025-06-04 00:00:00+00:00, run_after=2025-06-05 00:00:00+00:00
[2025-06-05T02:23:43.632+0000] {processor.py:208} INFO - Processing /opt/airflow/dags/Sesion5/Dataset_S5_1.py took 0.267 seconds
[2025-06-05T02:24:14.704+0000] {processor.py:186} INFO - Started process (PID=4584) to work on /opt/airflow/dags/Sesion5/Dataset_S5_1.py
[2025-06-05T02:24:14.705+0000] {processor.py:914} INFO - Processing file /opt/airflow/dags/Sesion5/Dataset_S5_1.py for tasks to queue
[2025-06-05T02:24:14.708+0000] {logging_mixin.py:190} INFO - [2025-06-05T02:24:14.707+0000] {dagbag.py:588} INFO - Filling up the DagBag from /opt/airflow/dags/Sesion5/Dataset_S5_1.py
[2025-06-05T02:24:14.724+0000] {processor.py:925} INFO - DAG(s) 'producer_dag_S5_ej2' retrieved from /opt/airflow/dags/Sesion5/Dataset_S5_1.py
[2025-06-05T02:24:14.771+0000] {logging_mixin.py:190} INFO - [2025-06-05T02:24:14.769+0000] {dag.py:3239} INFO - Sync 1 DAGs
[2025-06-05T02:24:14.879+0000] {logging_mixin.py:190} INFO - [2025-06-05T02:24:14.879+0000] {dag.py:4180} INFO - Setting next_dagrun for producer_dag_S5_ej2 to 2025-06-04 00:00:00+00:00, run_after=2025-06-05 00:00:00+00:00
[2025-06-05T02:24:14.962+0000] {processor.py:208} INFO - Processing /opt/airflow/dags/Sesion5/Dataset_S5_1.py took 0.269 seconds
[2025-06-05T02:24:45.835+0000] {processor.py:186} INFO - Started process (PID=4699) to work on /opt/airflow/dags/Sesion5/Dataset_S5_1.py
[2025-06-05T02:24:45.836+0000] {processor.py:914} INFO - Processing file /opt/airflow/dags/Sesion5/Dataset_S5_1.py for tasks to queue
[2025-06-05T02:24:45.839+0000] {logging_mixin.py:190} INFO - [2025-06-05T02:24:45.838+0000] {dagbag.py:588} INFO - Filling up the DagBag from /opt/airflow/dags/Sesion5/Dataset_S5_1.py
[2025-06-05T02:24:45.848+0000] {processor.py:925} INFO - DAG(s) 'producer_dag_S5_ej2' retrieved from /opt/airflow/dags/Sesion5/Dataset_S5_1.py
[2025-06-05T02:24:45.869+0000] {logging_mixin.py:190} INFO - [2025-06-05T02:24:45.869+0000] {dag.py:3239} INFO - Sync 1 DAGs
[2025-06-05T02:24:45.899+0000] {logging_mixin.py:190} INFO - [2025-06-05T02:24:45.898+0000] {dag.py:4180} INFO - Setting next_dagrun for producer_dag_S5_ej2 to 2025-06-04 00:00:00+00:00, run_after=2025-06-05 00:00:00+00:00
[2025-06-05T02:24:45.950+0000] {processor.py:208} INFO - Processing /opt/airflow/dags/Sesion5/Dataset_S5_1.py took 0.121 seconds
[2025-06-05T02:25:17.237+0000] {processor.py:186} INFO - Started process (PID=4829) to work on /opt/airflow/dags/Sesion5/Dataset_S5_1.py
[2025-06-05T02:25:17.237+0000] {processor.py:914} INFO - Processing file /opt/airflow/dags/Sesion5/Dataset_S5_1.py for tasks to queue
[2025-06-05T02:25:17.240+0000] {logging_mixin.py:190} INFO - [2025-06-05T02:25:17.240+0000] {dagbag.py:588} INFO - Filling up the DagBag from /opt/airflow/dags/Sesion5/Dataset_S5_1.py
[2025-06-05T02:25:17.260+0000] {processor.py:925} INFO - DAG(s) 'producer_dag_S5_ej2' retrieved from /opt/airflow/dags/Sesion5/Dataset_S5_1.py
[2025-06-05T02:25:17.311+0000] {logging_mixin.py:190} INFO - [2025-06-05T02:25:17.311+0000] {dag.py:3239} INFO - Sync 1 DAGs
[2025-06-05T02:25:17.360+0000] {logging_mixin.py:190} INFO - [2025-06-05T02:25:17.360+0000] {dag.py:4180} INFO - Setting next_dagrun for producer_dag_S5_ej2 to 2025-06-04 00:00:00+00:00, run_after=2025-06-05 00:00:00+00:00
[2025-06-05T02:25:17.394+0000] {processor.py:208} INFO - Processing /opt/airflow/dags/Sesion5/Dataset_S5_1.py took 0.174 seconds
[2025-06-05T02:25:49.165+0000] {processor.py:186} INFO - Started process (PID=4944) to work on /opt/airflow/dags/Sesion5/Dataset_S5_1.py
[2025-06-05T02:25:49.166+0000] {processor.py:914} INFO - Processing file /opt/airflow/dags/Sesion5/Dataset_S5_1.py for tasks to queue
[2025-06-05T02:25:49.168+0000] {logging_mixin.py:190} INFO - [2025-06-05T02:25:49.168+0000] {dagbag.py:588} INFO - Filling up the DagBag from /opt/airflow/dags/Sesion5/Dataset_S5_1.py
[2025-06-05T02:25:49.179+0000] {processor.py:925} INFO - DAG(s) 'producer_dag_S5_ej2' retrieved from /opt/airflow/dags/Sesion5/Dataset_S5_1.py
[2025-06-05T02:25:49.201+0000] {logging_mixin.py:190} INFO - [2025-06-05T02:25:49.201+0000] {dag.py:3239} INFO - Sync 1 DAGs
[2025-06-05T02:25:49.232+0000] {logging_mixin.py:190} INFO - [2025-06-05T02:25:49.231+0000] {dag.py:4180} INFO - Setting next_dagrun for producer_dag_S5_ej2 to 2025-06-04 00:00:00+00:00, run_after=2025-06-05 00:00:00+00:00
[2025-06-05T02:25:49.418+0000] {processor.py:208} INFO - Processing /opt/airflow/dags/Sesion5/Dataset_S5_1.py took 0.260 seconds
[2025-06-05T02:26:20.707+0000] {processor.py:186} INFO - Started process (PID=5059) to work on /opt/airflow/dags/Sesion5/Dataset_S5_1.py
[2025-06-05T02:26:20.708+0000] {processor.py:914} INFO - Processing file /opt/airflow/dags/Sesion5/Dataset_S5_1.py for tasks to queue
[2025-06-05T02:26:20.710+0000] {logging_mixin.py:190} INFO - [2025-06-05T02:26:20.710+0000] {dagbag.py:588} INFO - Filling up the DagBag from /opt/airflow/dags/Sesion5/Dataset_S5_1.py
[2025-06-05T02:26:20.720+0000] {processor.py:925} INFO - DAG(s) 'producer_dag_S5_ej2' retrieved from /opt/airflow/dags/Sesion5/Dataset_S5_1.py
[2025-06-05T02:26:20.741+0000] {logging_mixin.py:190} INFO - [2025-06-05T02:26:20.741+0000] {dag.py:3239} INFO - Sync 1 DAGs
[2025-06-05T02:26:20.990+0000] {logging_mixin.py:190} INFO - [2025-06-05T02:26:20.989+0000] {dag.py:4180} INFO - Setting next_dagrun for producer_dag_S5_ej2 to 2025-06-04 00:00:00+00:00, run_after=2025-06-05 00:00:00+00:00
[2025-06-05T02:26:21.026+0000] {processor.py:208} INFO - Processing /opt/airflow/dags/Sesion5/Dataset_S5_1.py took 0.326 seconds
[2025-06-05T02:26:51.360+0000] {processor.py:186} INFO - Started process (PID=5176) to work on /opt/airflow/dags/Sesion5/Dataset_S5_1.py
[2025-06-05T02:26:51.361+0000] {processor.py:914} INFO - Processing file /opt/airflow/dags/Sesion5/Dataset_S5_1.py for tasks to queue
[2025-06-05T02:26:51.364+0000] {logging_mixin.py:190} INFO - [2025-06-05T02:26:51.363+0000] {dagbag.py:588} INFO - Filling up the DagBag from /opt/airflow/dags/Sesion5/Dataset_S5_1.py
[2025-06-05T02:26:51.374+0000] {processor.py:925} INFO - DAG(s) 'producer_dag_S5_ej2' retrieved from /opt/airflow/dags/Sesion5/Dataset_S5_1.py
[2025-06-05T02:26:51.398+0000] {logging_mixin.py:190} INFO - [2025-06-05T02:26:51.398+0000] {dag.py:3239} INFO - Sync 1 DAGs
[2025-06-05T02:26:51.430+0000] {logging_mixin.py:190} INFO - [2025-06-05T02:26:51.430+0000] {dag.py:4180} INFO - Setting next_dagrun for producer_dag_S5_ej2 to 2025-06-04 00:00:00+00:00, run_after=2025-06-05 00:00:00+00:00
[2025-06-05T02:26:51.454+0000] {processor.py:208} INFO - Processing /opt/airflow/dags/Sesion5/Dataset_S5_1.py took 0.101 seconds
[2025-06-05T02:27:22.236+0000] {processor.py:186} INFO - Started process (PID=5289) to work on /opt/airflow/dags/Sesion5/Dataset_S5_1.py
[2025-06-05T02:27:22.237+0000] {processor.py:914} INFO - Processing file /opt/airflow/dags/Sesion5/Dataset_S5_1.py for tasks to queue
[2025-06-05T02:27:22.239+0000] {logging_mixin.py:190} INFO - [2025-06-05T02:27:22.239+0000] {dagbag.py:588} INFO - Filling up the DagBag from /opt/airflow/dags/Sesion5/Dataset_S5_1.py
[2025-06-05T02:27:22.249+0000] {processor.py:925} INFO - DAG(s) 'producer_dag_S5_ej2' retrieved from /opt/airflow/dags/Sesion5/Dataset_S5_1.py
[2025-06-05T02:27:22.271+0000] {logging_mixin.py:190} INFO - [2025-06-05T02:27:22.271+0000] {dag.py:3239} INFO - Sync 1 DAGs
[2025-06-05T02:27:22.301+0000] {logging_mixin.py:190} INFO - [2025-06-05T02:27:22.301+0000] {dag.py:4180} INFO - Setting next_dagrun for producer_dag_S5_ej2 to 2025-06-04 00:00:00+00:00, run_after=2025-06-05 00:00:00+00:00
[2025-06-05T02:27:22.334+0000] {processor.py:208} INFO - Processing /opt/airflow/dags/Sesion5/Dataset_S5_1.py took 0.107 seconds
[2025-06-05T02:27:53.754+0000] {processor.py:186} INFO - Started process (PID=5398) to work on /opt/airflow/dags/Sesion5/Dataset_S5_1.py
[2025-06-05T02:27:53.755+0000] {processor.py:914} INFO - Processing file /opt/airflow/dags/Sesion5/Dataset_S5_1.py for tasks to queue
[2025-06-05T02:27:53.757+0000] {logging_mixin.py:190} INFO - [2025-06-05T02:27:53.757+0000] {dagbag.py:588} INFO - Filling up the DagBag from /opt/airflow/dags/Sesion5/Dataset_S5_1.py
[2025-06-05T02:27:53.768+0000] {processor.py:925} INFO - DAG(s) 'producer_dag_S5_ej2' retrieved from /opt/airflow/dags/Sesion5/Dataset_S5_1.py
[2025-06-05T02:27:53.790+0000] {logging_mixin.py:190} INFO - [2025-06-05T02:27:53.790+0000] {dag.py:3239} INFO - Sync 1 DAGs
[2025-06-05T02:27:53.824+0000] {logging_mixin.py:190} INFO - [2025-06-05T02:27:53.824+0000] {dag.py:4180} INFO - Setting next_dagrun for producer_dag_S5_ej2 to 2025-06-04 00:00:00+00:00, run_after=2025-06-05 00:00:00+00:00
[2025-06-05T02:27:54.055+0000] {processor.py:208} INFO - Processing /opt/airflow/dags/Sesion5/Dataset_S5_1.py took 0.308 seconds
[2025-06-05T02:28:25.829+0000] {processor.py:186} INFO - Started process (PID=5519) to work on /opt/airflow/dags/Sesion5/Dataset_S5_1.py
[2025-06-05T02:28:25.830+0000] {processor.py:914} INFO - Processing file /opt/airflow/dags/Sesion5/Dataset_S5_1.py for tasks to queue
[2025-06-05T02:28:25.832+0000] {logging_mixin.py:190} INFO - [2025-06-05T02:28:25.832+0000] {dagbag.py:588} INFO - Filling up the DagBag from /opt/airflow/dags/Sesion5/Dataset_S5_1.py
[2025-06-05T02:28:25.843+0000] {processor.py:925} INFO - DAG(s) 'producer_dag_S5_ej2' retrieved from /opt/airflow/dags/Sesion5/Dataset_S5_1.py
[2025-06-05T02:28:25.865+0000] {logging_mixin.py:190} INFO - [2025-06-05T02:28:25.865+0000] {dag.py:3239} INFO - Sync 1 DAGs
[2025-06-05T02:28:26.075+0000] {logging_mixin.py:190} INFO - [2025-06-05T02:28:26.075+0000] {dag.py:4180} INFO - Setting next_dagrun for producer_dag_S5_ej2 to 2025-06-04 00:00:00+00:00, run_after=2025-06-05 00:00:00+00:00
[2025-06-05T02:28:26.097+0000] {processor.py:208} INFO - Processing /opt/airflow/dags/Sesion5/Dataset_S5_1.py took 0.276 seconds
[2025-06-05T02:28:56.805+0000] {processor.py:186} INFO - Started process (PID=5634) to work on /opt/airflow/dags/Sesion5/Dataset_S5_1.py
[2025-06-05T02:28:56.807+0000] {processor.py:914} INFO - Processing file /opt/airflow/dags/Sesion5/Dataset_S5_1.py for tasks to queue
[2025-06-05T02:28:56.810+0000] {logging_mixin.py:190} INFO - [2025-06-05T02:28:56.810+0000] {dagbag.py:588} INFO - Filling up the DagBag from /opt/airflow/dags/Sesion5/Dataset_S5_1.py
[2025-06-05T02:28:56.821+0000] {processor.py:925} INFO - DAG(s) 'producer_dag_S5_ej2' retrieved from /opt/airflow/dags/Sesion5/Dataset_S5_1.py
[2025-06-05T02:28:56.843+0000] {logging_mixin.py:190} INFO - [2025-06-05T02:28:56.843+0000] {dag.py:3239} INFO - Sync 1 DAGs
[2025-06-05T02:28:56.876+0000] {logging_mixin.py:190} INFO - [2025-06-05T02:28:56.876+0000] {dag.py:4180} INFO - Setting next_dagrun for producer_dag_S5_ej2 to 2025-06-04 00:00:00+00:00, run_after=2025-06-05 00:00:00+00:00
[2025-06-05T02:28:56.901+0000] {processor.py:208} INFO - Processing /opt/airflow/dags/Sesion5/Dataset_S5_1.py took 0.105 seconds
[2025-06-05T02:29:28.118+0000] {processor.py:186} INFO - Started process (PID=5749) to work on /opt/airflow/dags/Sesion5/Dataset_S5_1.py
[2025-06-05T02:29:28.119+0000] {processor.py:914} INFO - Processing file /opt/airflow/dags/Sesion5/Dataset_S5_1.py for tasks to queue
[2025-06-05T02:29:28.121+0000] {logging_mixin.py:190} INFO - [2025-06-05T02:29:28.121+0000] {dagbag.py:588} INFO - Filling up the DagBag from /opt/airflow/dags/Sesion5/Dataset_S5_1.py
[2025-06-05T02:29:28.131+0000] {processor.py:925} INFO - DAG(s) 'producer_dag_S5_ej2' retrieved from /opt/airflow/dags/Sesion5/Dataset_S5_1.py
[2025-06-05T02:29:28.152+0000] {logging_mixin.py:190} INFO - [2025-06-05T02:29:28.151+0000] {dag.py:3239} INFO - Sync 1 DAGs
[2025-06-05T02:29:28.186+0000] {logging_mixin.py:190} INFO - [2025-06-05T02:29:28.186+0000] {dag.py:4180} INFO - Setting next_dagrun for producer_dag_S5_ej2 to 2025-06-04 00:00:00+00:00, run_after=2025-06-05 00:00:00+00:00
[2025-06-05T02:29:28.210+0000] {processor.py:208} INFO - Processing /opt/airflow/dags/Sesion5/Dataset_S5_1.py took 0.099 seconds
[2025-06-05T02:29:59.800+0000] {processor.py:186} INFO - Started process (PID=5864) to work on /opt/airflow/dags/Sesion5/Dataset_S5_1.py
[2025-06-05T02:29:59.801+0000] {processor.py:914} INFO - Processing file /opt/airflow/dags/Sesion5/Dataset_S5_1.py for tasks to queue
[2025-06-05T02:29:59.803+0000] {logging_mixin.py:190} INFO - [2025-06-05T02:29:59.803+0000] {dagbag.py:588} INFO - Filling up the DagBag from /opt/airflow/dags/Sesion5/Dataset_S5_1.py
[2025-06-05T02:29:59.829+0000] {processor.py:925} INFO - DAG(s) 'producer_dag_S5_ej2' retrieved from /opt/airflow/dags/Sesion5/Dataset_S5_1.py
[2025-06-05T02:29:59.873+0000] {logging_mixin.py:190} INFO - [2025-06-05T02:29:59.873+0000] {dag.py:3239} INFO - Sync 1 DAGs
[2025-06-05T02:29:59.919+0000] {logging_mixin.py:190} INFO - [2025-06-05T02:29:59.919+0000] {dag.py:4180} INFO - Setting next_dagrun for producer_dag_S5_ej2 to 2025-06-04 00:00:00+00:00, run_after=2025-06-05 00:00:00+00:00
[2025-06-05T02:30:00.158+0000] {processor.py:208} INFO - Processing /opt/airflow/dags/Sesion5/Dataset_S5_1.py took 0.366 seconds
[2025-06-05T02:30:30.785+0000] {processor.py:186} INFO - Started process (PID=5979) to work on /opt/airflow/dags/Sesion5/Dataset_S5_1.py
[2025-06-05T02:30:30.786+0000] {processor.py:914} INFO - Processing file /opt/airflow/dags/Sesion5/Dataset_S5_1.py for tasks to queue
[2025-06-05T02:30:30.789+0000] {logging_mixin.py:190} INFO - [2025-06-05T02:30:30.788+0000] {dagbag.py:588} INFO - Filling up the DagBag from /opt/airflow/dags/Sesion5/Dataset_S5_1.py
[2025-06-05T02:30:30.800+0000] {processor.py:925} INFO - DAG(s) 'producer_dag_S5_ej2' retrieved from /opt/airflow/dags/Sesion5/Dataset_S5_1.py
[2025-06-05T02:30:30.822+0000] {logging_mixin.py:190} INFO - [2025-06-05T02:30:30.822+0000] {dag.py:3239} INFO - Sync 1 DAGs
[2025-06-05T02:30:31.055+0000] {logging_mixin.py:190} INFO - [2025-06-05T02:30:31.055+0000] {dag.py:4180} INFO - Setting next_dagrun for producer_dag_S5_ej2 to 2025-06-04 00:00:00+00:00, run_after=2025-06-05 00:00:00+00:00
[2025-06-05T02:30:31.078+0000] {processor.py:208} INFO - Processing /opt/airflow/dags/Sesion5/Dataset_S5_1.py took 0.302 seconds
[2025-06-05T02:31:01.158+0000] {processor.py:186} INFO - Started process (PID=6088) to work on /opt/airflow/dags/Sesion5/Dataset_S5_1.py
[2025-06-05T02:31:01.159+0000] {processor.py:914} INFO - Processing file /opt/airflow/dags/Sesion5/Dataset_S5_1.py for tasks to queue
[2025-06-05T02:31:01.162+0000] {logging_mixin.py:190} INFO - [2025-06-05T02:31:01.161+0000] {dagbag.py:588} INFO - Filling up the DagBag from /opt/airflow/dags/Sesion5/Dataset_S5_1.py
[2025-06-05T02:31:01.173+0000] {processor.py:925} INFO - DAG(s) 'producer_dag_S5_ej2' retrieved from /opt/airflow/dags/Sesion5/Dataset_S5_1.py
[2025-06-05T02:31:01.196+0000] {logging_mixin.py:190} INFO - [2025-06-05T02:31:01.196+0000] {dag.py:3239} INFO - Sync 1 DAGs
[2025-06-05T02:31:01.228+0000] {logging_mixin.py:190} INFO - [2025-06-05T02:31:01.227+0000] {dag.py:4180} INFO - Setting next_dagrun for producer_dag_S5_ej2 to 2025-06-04 00:00:00+00:00, run_after=2025-06-05 00:00:00+00:00
[2025-06-05T02:31:01.252+0000] {processor.py:208} INFO - Processing /opt/airflow/dags/Sesion5/Dataset_S5_1.py took 0.101 seconds
[2025-06-05T02:31:32.293+0000] {processor.py:186} INFO - Started process (PID=6208) to work on /opt/airflow/dags/Sesion5/Dataset_S5_1.py
[2025-06-05T02:31:32.294+0000] {processor.py:914} INFO - Processing file /opt/airflow/dags/Sesion5/Dataset_S5_1.py for tasks to queue
[2025-06-05T02:31:32.296+0000] {logging_mixin.py:190} INFO - [2025-06-05T02:31:32.295+0000] {dagbag.py:588} INFO - Filling up the DagBag from /opt/airflow/dags/Sesion5/Dataset_S5_1.py
[2025-06-05T02:31:32.306+0000] {processor.py:925} INFO - DAG(s) 'producer_dag_S5_ej2' retrieved from /opt/airflow/dags/Sesion5/Dataset_S5_1.py
[2025-06-05T02:31:32.329+0000] {logging_mixin.py:190} INFO - [2025-06-05T02:31:32.328+0000] {dag.py:3239} INFO - Sync 1 DAGs
[2025-06-05T02:31:32.378+0000] {logging_mixin.py:190} INFO - [2025-06-05T02:31:32.376+0000] {dag.py:4180} INFO - Setting next_dagrun for producer_dag_S5_ej2 to 2025-06-04 00:00:00+00:00, run_after=2025-06-05 00:00:00+00:00
[2025-06-05T02:31:32.411+0000] {processor.py:208} INFO - Processing /opt/airflow/dags/Sesion5/Dataset_S5_1.py took 0.125 seconds
[2025-06-05T02:32:03.817+0000] {processor.py:186} INFO - Started process (PID=6324) to work on /opt/airflow/dags/Sesion5/Dataset_S5_1.py
[2025-06-05T02:32:03.818+0000] {processor.py:914} INFO - Processing file /opt/airflow/dags/Sesion5/Dataset_S5_1.py for tasks to queue
[2025-06-05T02:32:03.820+0000] {logging_mixin.py:190} INFO - [2025-06-05T02:32:03.820+0000] {dagbag.py:588} INFO - Filling up the DagBag from /opt/airflow/dags/Sesion5/Dataset_S5_1.py
[2025-06-05T02:32:03.831+0000] {processor.py:925} INFO - DAG(s) 'producer_dag_S5_ej2' retrieved from /opt/airflow/dags/Sesion5/Dataset_S5_1.py
[2025-06-05T02:32:03.853+0000] {logging_mixin.py:190} INFO - [2025-06-05T02:32:03.853+0000] {dag.py:3239} INFO - Sync 1 DAGs
[2025-06-05T02:32:03.886+0000] {logging_mixin.py:190} INFO - [2025-06-05T02:32:03.885+0000] {dag.py:4180} INFO - Setting next_dagrun for producer_dag_S5_ej2 to 2025-06-04 00:00:00+00:00, run_after=2025-06-05 00:00:00+00:00
[2025-06-05T02:32:04.207+0000] {processor.py:208} INFO - Processing /opt/airflow/dags/Sesion5/Dataset_S5_1.py took 0.397 seconds
[2025-06-05T02:32:34.822+0000] {processor.py:186} INFO - Started process (PID=6439) to work on /opt/airflow/dags/Sesion5/Dataset_S5_1.py
[2025-06-05T02:32:34.823+0000] {processor.py:914} INFO - Processing file /opt/airflow/dags/Sesion5/Dataset_S5_1.py for tasks to queue
[2025-06-05T02:32:34.826+0000] {logging_mixin.py:190} INFO - [2025-06-05T02:32:34.825+0000] {dagbag.py:588} INFO - Filling up the DagBag from /opt/airflow/dags/Sesion5/Dataset_S5_1.py
[2025-06-05T02:32:34.836+0000] {processor.py:925} INFO - DAG(s) 'producer_dag_S5_ej2' retrieved from /opt/airflow/dags/Sesion5/Dataset_S5_1.py
[2025-06-05T02:32:34.871+0000] {logging_mixin.py:190} INFO - [2025-06-05T02:32:34.871+0000] {dag.py:3239} INFO - Sync 1 DAGs
[2025-06-05T02:32:35.079+0000] {logging_mixin.py:190} INFO - [2025-06-05T02:32:35.079+0000] {dag.py:4180} INFO - Setting next_dagrun for producer_dag_S5_ej2 to 2025-06-04 00:00:00+00:00, run_after=2025-06-05 00:00:00+00:00
[2025-06-05T02:32:35.123+0000] {processor.py:208} INFO - Processing /opt/airflow/dags/Sesion5/Dataset_S5_1.py took 0.307 seconds
[2025-06-05T02:33:05.504+0000] {processor.py:186} INFO - Started process (PID=6548) to work on /opt/airflow/dags/Sesion5/Dataset_S5_1.py
[2025-06-05T02:33:05.505+0000] {processor.py:914} INFO - Processing file /opt/airflow/dags/Sesion5/Dataset_S5_1.py for tasks to queue
[2025-06-05T02:33:05.508+0000] {logging_mixin.py:190} INFO - [2025-06-05T02:33:05.507+0000] {dagbag.py:588} INFO - Filling up the DagBag from /opt/airflow/dags/Sesion5/Dataset_S5_1.py
[2025-06-05T02:33:05.518+0000] {processor.py:925} INFO - DAG(s) 'producer_dag_S5_ej2' retrieved from /opt/airflow/dags/Sesion5/Dataset_S5_1.py
[2025-06-05T02:33:05.712+0000] {logging_mixin.py:190} INFO - [2025-06-05T02:33:05.712+0000] {dag.py:3239} INFO - Sync 1 DAGs
[2025-06-05T02:33:05.744+0000] {logging_mixin.py:190} INFO - [2025-06-05T02:33:05.744+0000] {dag.py:4180} INFO - Setting next_dagrun for producer_dag_S5_ej2 to 2025-06-04 00:00:00+00:00, run_after=2025-06-05 00:00:00+00:00
[2025-06-05T02:33:05.779+0000] {processor.py:208} INFO - Processing /opt/airflow/dags/Sesion5/Dataset_S5_1.py took 0.281 seconds
[2025-06-05T02:33:36.601+0000] {processor.py:186} INFO - Started process (PID=6665) to work on /opt/airflow/dags/Sesion5/Dataset_S5_1.py
[2025-06-05T02:33:36.602+0000] {processor.py:914} INFO - Processing file /opt/airflow/dags/Sesion5/Dataset_S5_1.py for tasks to queue
[2025-06-05T02:33:36.605+0000] {logging_mixin.py:190} INFO - [2025-06-05T02:33:36.604+0000] {dagbag.py:588} INFO - Filling up the DagBag from /opt/airflow/dags/Sesion5/Dataset_S5_1.py
[2025-06-05T02:33:36.616+0000] {processor.py:925} INFO - DAG(s) 'producer_dag_S5_ej2' retrieved from /opt/airflow/dags/Sesion5/Dataset_S5_1.py
[2025-06-05T02:33:36.638+0000] {logging_mixin.py:190} INFO - [2025-06-05T02:33:36.638+0000] {dag.py:3239} INFO - Sync 1 DAGs
[2025-06-05T02:33:36.679+0000] {logging_mixin.py:190} INFO - [2025-06-05T02:33:36.678+0000] {dag.py:4180} INFO - Setting next_dagrun for producer_dag_S5_ej2 to 2025-06-04 00:00:00+00:00, run_after=2025-06-05 00:00:00+00:00
[2025-06-05T02:33:36.735+0000] {processor.py:208} INFO - Processing /opt/airflow/dags/Sesion5/Dataset_S5_1.py took 0.142 seconds
[2025-06-05T02:34:07.354+0000] {processor.py:186} INFO - Started process (PID=6778) to work on /opt/airflow/dags/Sesion5/Dataset_S5_1.py
[2025-06-05T02:34:07.355+0000] {processor.py:914} INFO - Processing file /opt/airflow/dags/Sesion5/Dataset_S5_1.py for tasks to queue
[2025-06-05T02:34:07.358+0000] {logging_mixin.py:190} INFO - [2025-06-05T02:34:07.357+0000] {dagbag.py:588} INFO - Filling up the DagBag from /opt/airflow/dags/Sesion5/Dataset_S5_1.py
[2025-06-05T02:34:07.369+0000] {processor.py:925} INFO - DAG(s) 'producer_dag_S5_ej2' retrieved from /opt/airflow/dags/Sesion5/Dataset_S5_1.py
[2025-06-05T02:34:07.390+0000] {logging_mixin.py:190} INFO - [2025-06-05T02:34:07.390+0000] {dag.py:3239} INFO - Sync 1 DAGs
[2025-06-05T02:34:07.422+0000] {logging_mixin.py:190} INFO - [2025-06-05T02:34:07.422+0000] {dag.py:4180} INFO - Setting next_dagrun for producer_dag_S5_ej2 to 2025-06-04 00:00:00+00:00, run_after=2025-06-05 00:00:00+00:00
[2025-06-05T02:34:07.447+0000] {processor.py:208} INFO - Processing /opt/airflow/dags/Sesion5/Dataset_S5_1.py took 0.100 seconds
[2025-06-05T05:21:08.634+0000] {processor.py:186} INFO - Started process (PID=234) to work on /opt/airflow/dags/Sesion5/Dataset_S5_1.py
[2025-06-05T05:21:08.635+0000] {processor.py:914} INFO - Processing file /opt/airflow/dags/Sesion5/Dataset_S5_1.py for tasks to queue
[2025-06-05T05:21:08.638+0000] {logging_mixin.py:190} INFO - [2025-06-05T05:21:08.637+0000] {dagbag.py:588} INFO - Filling up the DagBag from /opt/airflow/dags/Sesion5/Dataset_S5_1.py
[2025-06-05T05:21:08.682+0000] {processor.py:925} INFO - DAG(s) 'producer_dag_S5_ej2' retrieved from /opt/airflow/dags/Sesion5/Dataset_S5_1.py
[2025-06-05T05:21:08.796+0000] {logging_mixin.py:190} INFO - [2025-06-05T05:21:08.795+0000] {dag.py:3239} INFO - Sync 1 DAGs
[2025-06-05T05:21:08.916+0000] {logging_mixin.py:190} INFO - [2025-06-05T05:21:08.916+0000] {dag.py:4180} INFO - Setting next_dagrun for producer_dag_S5_ej2 to 2025-06-04 00:00:00+00:00, run_after=2025-06-05 00:00:00+00:00
[2025-06-05T05:21:08.996+0000] {processor.py:208} INFO - Processing /opt/airflow/dags/Sesion5/Dataset_S5_1.py took 0.376 seconds
[2025-06-05T05:21:39.635+0000] {processor.py:186} INFO - Started process (PID=351) to work on /opt/airflow/dags/Sesion5/Dataset_S5_1.py
[2025-06-05T05:21:39.636+0000] {processor.py:914} INFO - Processing file /opt/airflow/dags/Sesion5/Dataset_S5_1.py for tasks to queue
[2025-06-05T05:21:39.637+0000] {logging_mixin.py:190} INFO - [2025-06-05T05:21:39.637+0000] {dagbag.py:588} INFO - Filling up the DagBag from /opt/airflow/dags/Sesion5/Dataset_S5_1.py
[2025-06-05T05:21:39.645+0000] {processor.py:925} INFO - DAG(s) 'producer_dag_S5_ej2' retrieved from /opt/airflow/dags/Sesion5/Dataset_S5_1.py
[2025-06-05T05:21:39.660+0000] {logging_mixin.py:190} INFO - [2025-06-05T05:21:39.660+0000] {dag.py:3239} INFO - Sync 1 DAGs
[2025-06-05T05:21:39.681+0000] {logging_mixin.py:190} INFO - [2025-06-05T05:21:39.681+0000] {dag.py:4180} INFO - Setting next_dagrun for producer_dag_S5_ej2 to 2025-06-04 00:00:00+00:00, run_after=2025-06-05 00:00:00+00:00
[2025-06-05T05:21:39.699+0000] {processor.py:208} INFO - Processing /opt/airflow/dags/Sesion5/Dataset_S5_1.py took 0.069 seconds
