[2025-06-05T02:01:20.046+0000] {processor.py:186} INFO - Started process (PID=227) to work on /opt/airflow/dags/Sesion5/Dataset_S5_4.py
[2025-06-05T02:01:20.052+0000] {processor.py:914} INFO - Processing file /opt/airflow/dags/Sesion5/Dataset_S5_4.py for tasks to queue
[2025-06-05T02:01:20.067+0000] {logging_mixin.py:190} INFO - [2025-06-05T02:01:20.066+0000] {dagbag.py:588} INFO - Filling up the DagBag from /opt/airflow/dags/Sesion5/Dataset_S5_4.py
[2025-06-05T02:01:20.120+0000] {processor.py:925} INFO - DAG(s) 'final_dag_ej2' retrieved from /opt/airflow/dags/Sesion5/Dataset_S5_4.py
[2025-06-05T02:01:20.292+0000] {logging_mixin.py:190} INFO - [2025-06-05T02:01:20.292+0000] {dag.py:3239} INFO - Sync 1 DAGs
[2025-06-05T02:01:20.451+0000] {logging_mixin.py:190} INFO - [2025-06-05T02:01:20.450+0000] {dag.py:4180} INFO - Setting next_dagrun for final_dag_ej2 to None, run_after=None
[2025-06-05T02:01:20.522+0000] {processor.py:208} INFO - Processing /opt/airflow/dags/Sesion5/Dataset_S5_4.py took 0.527 seconds
[2025-06-05T02:01:53.540+0000] {processor.py:186} INFO - Started process (PID=342) to work on /opt/airflow/dags/Sesion5/Dataset_S5_4.py
[2025-06-05T02:01:53.545+0000] {processor.py:914} INFO - Processing file /opt/airflow/dags/Sesion5/Dataset_S5_4.py for tasks to queue
[2025-06-05T02:01:53.550+0000] {logging_mixin.py:190} INFO - [2025-06-05T02:01:53.550+0000] {dagbag.py:588} INFO - Filling up the DagBag from /opt/airflow/dags/Sesion5/Dataset_S5_4.py
[2025-06-05T02:01:53.563+0000] {processor.py:925} INFO - DAG(s) 'final_dag_ej2' retrieved from /opt/airflow/dags/Sesion5/Dataset_S5_4.py
[2025-06-05T02:01:53.683+0000] {logging_mixin.py:190} INFO - [2025-06-05T02:01:53.681+0000] {dag.py:3239} INFO - Sync 1 DAGs
[2025-06-05T02:01:53.837+0000] {logging_mixin.py:190} INFO - [2025-06-05T02:01:53.837+0000] {dag.py:4180} INFO - Setting next_dagrun for final_dag_ej2 to None, run_after=None
[2025-06-05T02:01:54.079+0000] {processor.py:208} INFO - Processing /opt/airflow/dags/Sesion5/Dataset_S5_4.py took 0.574 seconds
[2025-06-05T02:04:29.633+0000] {processor.py:186} INFO - Started process (PID=209) to work on /opt/airflow/dags/Sesion5/Dataset_S5_4.py
[2025-06-05T02:04:29.648+0000] {processor.py:914} INFO - Processing file /opt/airflow/dags/Sesion5/Dataset_S5_4.py for tasks to queue
[2025-06-05T02:04:29.668+0000] {logging_mixin.py:190} INFO - [2025-06-05T02:04:29.666+0000] {dagbag.py:588} INFO - Filling up the DagBag from /opt/airflow/dags/Sesion5/Dataset_S5_4.py
[2025-06-05T02:04:29.711+0000] {processor.py:925} INFO - DAG(s) 'final_dag_ej2' retrieved from /opt/airflow/dags/Sesion5/Dataset_S5_4.py
[2025-06-05T02:04:29.848+0000] {logging_mixin.py:190} INFO - [2025-06-05T02:04:29.837+0000] {dag.py:3239} INFO - Sync 1 DAGs
[2025-06-05T02:04:30.028+0000] {logging_mixin.py:190} INFO - [2025-06-05T02:04:30.023+0000] {dag.py:4180} INFO - Setting next_dagrun for final_dag_ej2 to None, run_after=None
[2025-06-05T02:04:30.156+0000] {processor.py:208} INFO - Processing /opt/airflow/dags/Sesion5/Dataset_S5_4.py took 0.560 seconds
[2025-06-05T02:05:00.340+0000] {processor.py:186} INFO - Started process (PID=326) to work on /opt/airflow/dags/Sesion5/Dataset_S5_4.py
[2025-06-05T02:05:00.341+0000] {processor.py:914} INFO - Processing file /opt/airflow/dags/Sesion5/Dataset_S5_4.py for tasks to queue
[2025-06-05T02:05:00.344+0000] {logging_mixin.py:190} INFO - [2025-06-05T02:05:00.344+0000] {dagbag.py:588} INFO - Filling up the DagBag from /opt/airflow/dags/Sesion5/Dataset_S5_4.py
[2025-06-05T02:05:00.351+0000] {processor.py:925} INFO - DAG(s) 'final_dag_ej2' retrieved from /opt/airflow/dags/Sesion5/Dataset_S5_4.py
[2025-06-05T02:05:00.373+0000] {logging_mixin.py:190} INFO - [2025-06-05T02:05:00.372+0000] {dag.py:3239} INFO - Sync 1 DAGs
[2025-06-05T02:05:00.422+0000] {logging_mixin.py:190} INFO - [2025-06-05T02:05:00.422+0000] {dag.py:4180} INFO - Setting next_dagrun for final_dag_ej2 to None, run_after=None
[2025-06-05T02:05:00.450+0000] {processor.py:208} INFO - Processing /opt/airflow/dags/Sesion5/Dataset_S5_4.py took 0.116 seconds
[2025-06-05T02:05:30.875+0000] {processor.py:186} INFO - Started process (PID=441) to work on /opt/airflow/dags/Sesion5/Dataset_S5_4.py
[2025-06-05T02:05:30.876+0000] {processor.py:914} INFO - Processing file /opt/airflow/dags/Sesion5/Dataset_S5_4.py for tasks to queue
[2025-06-05T02:05:30.878+0000] {logging_mixin.py:190} INFO - [2025-06-05T02:05:30.878+0000] {dagbag.py:588} INFO - Filling up the DagBag from /opt/airflow/dags/Sesion5/Dataset_S5_4.py
[2025-06-05T02:05:30.886+0000] {processor.py:925} INFO - DAG(s) 'final_dag_ej2' retrieved from /opt/airflow/dags/Sesion5/Dataset_S5_4.py
[2025-06-05T02:05:30.908+0000] {logging_mixin.py:190} INFO - [2025-06-05T02:05:30.907+0000] {dag.py:3239} INFO - Sync 1 DAGs
[2025-06-05T02:05:30.938+0000] {logging_mixin.py:190} INFO - [2025-06-05T02:05:30.938+0000] {dag.py:4180} INFO - Setting next_dagrun for final_dag_ej2 to None, run_after=None
[2025-06-05T02:05:30.964+0000] {processor.py:208} INFO - Processing /opt/airflow/dags/Sesion5/Dataset_S5_4.py took 0.096 seconds
[2025-06-05T02:06:02.146+0000] {processor.py:186} INFO - Started process (PID=556) to work on /opt/airflow/dags/Sesion5/Dataset_S5_4.py
[2025-06-05T02:06:02.147+0000] {processor.py:914} INFO - Processing file /opt/airflow/dags/Sesion5/Dataset_S5_4.py for tasks to queue
[2025-06-05T02:06:02.149+0000] {logging_mixin.py:190} INFO - [2025-06-05T02:06:02.149+0000] {dagbag.py:588} INFO - Filling up the DagBag from /opt/airflow/dags/Sesion5/Dataset_S5_4.py
[2025-06-05T02:06:02.157+0000] {processor.py:925} INFO - DAG(s) 'final_dag_ej2' retrieved from /opt/airflow/dags/Sesion5/Dataset_S5_4.py
[2025-06-05T02:06:02.180+0000] {logging_mixin.py:190} INFO - [2025-06-05T02:06:02.179+0000] {dag.py:3239} INFO - Sync 1 DAGs
[2025-06-05T02:06:02.211+0000] {logging_mixin.py:190} INFO - [2025-06-05T02:06:02.211+0000] {dag.py:4180} INFO - Setting next_dagrun for final_dag_ej2 to None, run_after=None
[2025-06-05T02:06:02.238+0000] {processor.py:208} INFO - Processing /opt/airflow/dags/Sesion5/Dataset_S5_4.py took 0.098 seconds
[2025-06-05T02:06:32.852+0000] {processor.py:186} INFO - Started process (PID=669) to work on /opt/airflow/dags/Sesion5/Dataset_S5_4.py
[2025-06-05T02:06:32.853+0000] {processor.py:914} INFO - Processing file /opt/airflow/dags/Sesion5/Dataset_S5_4.py for tasks to queue
[2025-06-05T02:06:32.856+0000] {logging_mixin.py:190} INFO - [2025-06-05T02:06:32.855+0000] {dagbag.py:588} INFO - Filling up the DagBag from /opt/airflow/dags/Sesion5/Dataset_S5_4.py
[2025-06-05T02:06:32.863+0000] {processor.py:925} INFO - DAG(s) 'final_dag_ej2' retrieved from /opt/airflow/dags/Sesion5/Dataset_S5_4.py
[2025-06-05T02:06:32.886+0000] {logging_mixin.py:190} INFO - [2025-06-05T02:06:32.885+0000] {dag.py:3239} INFO - Sync 1 DAGs
[2025-06-05T02:06:32.916+0000] {logging_mixin.py:190} INFO - [2025-06-05T02:06:32.916+0000] {dag.py:4180} INFO - Setting next_dagrun for final_dag_ej2 to None, run_after=None
[2025-06-05T02:06:32.943+0000] {processor.py:208} INFO - Processing /opt/airflow/dags/Sesion5/Dataset_S5_4.py took 0.103 seconds
[2025-06-05T02:07:03.953+0000] {processor.py:186} INFO - Started process (PID=784) to work on /opt/airflow/dags/Sesion5/Dataset_S5_4.py
[2025-06-05T02:07:03.956+0000] {processor.py:914} INFO - Processing file /opt/airflow/dags/Sesion5/Dataset_S5_4.py for tasks to queue
[2025-06-05T02:07:03.960+0000] {logging_mixin.py:190} INFO - [2025-06-05T02:07:03.959+0000] {dagbag.py:588} INFO - Filling up the DagBag from /opt/airflow/dags/Sesion5/Dataset_S5_4.py
[2025-06-05T02:07:03.967+0000] {processor.py:925} INFO - DAG(s) 'final_dag_ej2' retrieved from /opt/airflow/dags/Sesion5/Dataset_S5_4.py
[2025-06-05T02:07:03.988+0000] {logging_mixin.py:190} INFO - [2025-06-05T02:07:03.987+0000] {dag.py:3239} INFO - Sync 1 DAGs
[2025-06-05T02:07:04.031+0000] {logging_mixin.py:190} INFO - [2025-06-05T02:07:04.031+0000] {dag.py:4180} INFO - Setting next_dagrun for final_dag_ej2 to None, run_after=None
[2025-06-05T02:07:04.057+0000] {processor.py:208} INFO - Processing /opt/airflow/dags/Sesion5/Dataset_S5_4.py took 0.111 seconds
[2025-06-05T02:07:35.095+0000] {processor.py:186} INFO - Started process (PID=895) to work on /opt/airflow/dags/Sesion5/Dataset_S5_4.py
[2025-06-05T02:07:35.095+0000] {processor.py:914} INFO - Processing file /opt/airflow/dags/Sesion5/Dataset_S5_4.py for tasks to queue
[2025-06-05T02:07:35.097+0000] {logging_mixin.py:190} INFO - [2025-06-05T02:07:35.097+0000] {dagbag.py:588} INFO - Filling up the DagBag from /opt/airflow/dags/Sesion5/Dataset_S5_4.py
[2025-06-05T02:07:35.102+0000] {processor.py:925} INFO - DAG(s) 'final_dag_ej2' retrieved from /opt/airflow/dags/Sesion5/Dataset_S5_4.py
[2025-06-05T02:07:35.117+0000] {logging_mixin.py:190} INFO - [2025-06-05T02:07:35.117+0000] {dag.py:3239} INFO - Sync 1 DAGs
[2025-06-05T02:07:35.137+0000] {logging_mixin.py:190} INFO - [2025-06-05T02:07:35.137+0000] {dag.py:4180} INFO - Setting next_dagrun for final_dag_ej2 to None, run_after=None
[2025-06-05T02:07:35.155+0000] {processor.py:208} INFO - Processing /opt/airflow/dags/Sesion5/Dataset_S5_4.py took 0.065 seconds
[2025-06-05T02:08:06.330+0000] {processor.py:186} INFO - Started process (PID=1008) to work on /opt/airflow/dags/Sesion5/Dataset_S5_4.py
[2025-06-05T02:08:06.333+0000] {processor.py:914} INFO - Processing file /opt/airflow/dags/Sesion5/Dataset_S5_4.py for tasks to queue
[2025-06-05T02:08:06.338+0000] {logging_mixin.py:190} INFO - [2025-06-05T02:08:06.338+0000] {dagbag.py:588} INFO - Filling up the DagBag from /opt/airflow/dags/Sesion5/Dataset_S5_4.py
[2025-06-05T02:08:06.351+0000] {processor.py:925} INFO - DAG(s) 'final_dag_ej2' retrieved from /opt/airflow/dags/Sesion5/Dataset_S5_4.py
[2025-06-05T02:08:06.414+0000] {logging_mixin.py:190} INFO - [2025-06-05T02:08:06.414+0000] {dag.py:3239} INFO - Sync 1 DAGs
[2025-06-05T02:08:06.464+0000] {logging_mixin.py:190} INFO - [2025-06-05T02:08:06.464+0000] {dag.py:4180} INFO - Setting next_dagrun for final_dag_ej2 to None, run_after=None
[2025-06-05T02:08:06.518+0000] {processor.py:208} INFO - Processing /opt/airflow/dags/Sesion5/Dataset_S5_4.py took 0.218 seconds
[2025-06-05T02:08:37.699+0000] {processor.py:186} INFO - Started process (PID=1128) to work on /opt/airflow/dags/Sesion5/Dataset_S5_4.py
[2025-06-05T02:08:37.700+0000] {processor.py:914} INFO - Processing file /opt/airflow/dags/Sesion5/Dataset_S5_4.py for tasks to queue
[2025-06-05T02:08:37.703+0000] {logging_mixin.py:190} INFO - [2025-06-05T02:08:37.702+0000] {dagbag.py:588} INFO - Filling up the DagBag from /opt/airflow/dags/Sesion5/Dataset_S5_4.py
[2025-06-05T02:08:37.710+0000] {processor.py:925} INFO - DAG(s) 'final_dag_ej2' retrieved from /opt/airflow/dags/Sesion5/Dataset_S5_4.py
[2025-06-05T02:08:37.732+0000] {logging_mixin.py:190} INFO - [2025-06-05T02:08:37.732+0000] {dag.py:3239} INFO - Sync 1 DAGs
[2025-06-05T02:08:37.761+0000] {logging_mixin.py:190} INFO - [2025-06-05T02:08:37.761+0000] {dag.py:4180} INFO - Setting next_dagrun for final_dag_ej2 to None, run_after=None
[2025-06-05T02:08:37.787+0000] {processor.py:208} INFO - Processing /opt/airflow/dags/Sesion5/Dataset_S5_4.py took 0.096 seconds
[2025-06-05T02:09:08.730+0000] {processor.py:186} INFO - Started process (PID=1244) to work on /opt/airflow/dags/Sesion5/Dataset_S5_4.py
[2025-06-05T02:09:08.731+0000] {processor.py:914} INFO - Processing file /opt/airflow/dags/Sesion5/Dataset_S5_4.py for tasks to queue
[2025-06-05T02:09:08.734+0000] {logging_mixin.py:190} INFO - [2025-06-05T02:09:08.733+0000] {dagbag.py:588} INFO - Filling up the DagBag from /opt/airflow/dags/Sesion5/Dataset_S5_4.py
[2025-06-05T02:09:08.741+0000] {processor.py:925} INFO - DAG(s) 'final_dag_ej2' retrieved from /opt/airflow/dags/Sesion5/Dataset_S5_4.py
[2025-06-05T02:09:08.760+0000] {logging_mixin.py:190} INFO - [2025-06-05T02:09:08.759+0000] {dag.py:3239} INFO - Sync 1 DAGs
[2025-06-05T02:09:08.790+0000] {logging_mixin.py:190} INFO - [2025-06-05T02:09:08.790+0000] {dag.py:4180} INFO - Setting next_dagrun for final_dag_ej2 to None, run_after=None
[2025-06-05T02:09:08.823+0000] {processor.py:208} INFO - Processing /opt/airflow/dags/Sesion5/Dataset_S5_4.py took 0.099 seconds
[2025-06-05T02:09:40.038+0000] {processor.py:186} INFO - Started process (PID=1361) to work on /opt/airflow/dags/Sesion5/Dataset_S5_4.py
[2025-06-05T02:09:40.039+0000] {processor.py:914} INFO - Processing file /opt/airflow/dags/Sesion5/Dataset_S5_4.py for tasks to queue
[2025-06-05T02:09:40.041+0000] {logging_mixin.py:190} INFO - [2025-06-05T02:09:40.040+0000] {dagbag.py:588} INFO - Filling up the DagBag from /opt/airflow/dags/Sesion5/Dataset_S5_4.py
[2025-06-05T02:09:40.046+0000] {processor.py:925} INFO - DAG(s) 'final_dag_ej2' retrieved from /opt/airflow/dags/Sesion5/Dataset_S5_4.py
[2025-06-05T02:09:40.061+0000] {logging_mixin.py:190} INFO - [2025-06-05T02:09:40.061+0000] {dag.py:3239} INFO - Sync 1 DAGs
[2025-06-05T02:09:40.084+0000] {logging_mixin.py:190} INFO - [2025-06-05T02:09:40.084+0000] {dag.py:4180} INFO - Setting next_dagrun for final_dag_ej2 to None, run_after=None
[2025-06-05T02:09:40.112+0000] {processor.py:208} INFO - Processing /opt/airflow/dags/Sesion5/Dataset_S5_4.py took 0.079 seconds
[2025-06-05T02:10:11.143+0000] {processor.py:186} INFO - Started process (PID=1474) to work on /opt/airflow/dags/Sesion5/Dataset_S5_4.py
[2025-06-05T02:10:11.146+0000] {processor.py:914} INFO - Processing file /opt/airflow/dags/Sesion5/Dataset_S5_4.py for tasks to queue
[2025-06-05T02:10:11.151+0000] {logging_mixin.py:190} INFO - [2025-06-05T02:10:11.150+0000] {dagbag.py:588} INFO - Filling up the DagBag from /opt/airflow/dags/Sesion5/Dataset_S5_4.py
[2025-06-05T02:10:11.160+0000] {processor.py:925} INFO - DAG(s) 'final_dag_ej2' retrieved from /opt/airflow/dags/Sesion5/Dataset_S5_4.py
[2025-06-05T02:10:11.187+0000] {logging_mixin.py:190} INFO - [2025-06-05T02:10:11.186+0000] {dag.py:3239} INFO - Sync 1 DAGs
[2025-06-05T02:10:11.229+0000] {logging_mixin.py:190} INFO - [2025-06-05T02:10:11.229+0000] {dag.py:4180} INFO - Setting next_dagrun for final_dag_ej2 to None, run_after=None
[2025-06-05T02:10:11.263+0000] {processor.py:208} INFO - Processing /opt/airflow/dags/Sesion5/Dataset_S5_4.py took 0.126 seconds
[2025-06-05T02:10:42.132+0000] {processor.py:186} INFO - Started process (PID=1589) to work on /opt/airflow/dags/Sesion5/Dataset_S5_4.py
[2025-06-05T02:10:42.134+0000] {processor.py:914} INFO - Processing file /opt/airflow/dags/Sesion5/Dataset_S5_4.py for tasks to queue
[2025-06-05T02:10:42.140+0000] {logging_mixin.py:190} INFO - [2025-06-05T02:10:42.139+0000] {dagbag.py:588} INFO - Filling up the DagBag from /opt/airflow/dags/Sesion5/Dataset_S5_4.py
[2025-06-05T02:10:42.154+0000] {processor.py:925} INFO - DAG(s) 'final_dag_ej2' retrieved from /opt/airflow/dags/Sesion5/Dataset_S5_4.py
[2025-06-05T02:10:42.176+0000] {logging_mixin.py:190} INFO - [2025-06-05T02:10:42.175+0000] {dag.py:3239} INFO - Sync 1 DAGs
[2025-06-05T02:10:42.204+0000] {logging_mixin.py:190} INFO - [2025-06-05T02:10:42.204+0000] {dag.py:4180} INFO - Setting next_dagrun for final_dag_ej2 to None, run_after=None
[2025-06-05T02:10:42.229+0000] {processor.py:208} INFO - Processing /opt/airflow/dags/Sesion5/Dataset_S5_4.py took 0.114 seconds
[2025-06-05T02:11:13.454+0000] {processor.py:186} INFO - Started process (PID=1703) to work on /opt/airflow/dags/Sesion5/Dataset_S5_4.py
[2025-06-05T02:11:13.455+0000] {processor.py:914} INFO - Processing file /opt/airflow/dags/Sesion5/Dataset_S5_4.py for tasks to queue
[2025-06-05T02:11:13.458+0000] {logging_mixin.py:190} INFO - [2025-06-05T02:11:13.457+0000] {dagbag.py:588} INFO - Filling up the DagBag from /opt/airflow/dags/Sesion5/Dataset_S5_4.py
[2025-06-05T02:11:13.465+0000] {processor.py:925} INFO - DAG(s) 'final_dag_ej2' retrieved from /opt/airflow/dags/Sesion5/Dataset_S5_4.py
[2025-06-05T02:11:13.486+0000] {logging_mixin.py:190} INFO - [2025-06-05T02:11:13.486+0000] {dag.py:3239} INFO - Sync 1 DAGs
[2025-06-05T02:11:13.530+0000] {logging_mixin.py:190} INFO - [2025-06-05T02:11:13.529+0000] {dag.py:4180} INFO - Setting next_dagrun for final_dag_ej2 to None, run_after=None
[2025-06-05T02:11:13.557+0000] {processor.py:208} INFO - Processing /opt/airflow/dags/Sesion5/Dataset_S5_4.py took 0.109 seconds
[2025-06-05T02:11:44.493+0000] {processor.py:186} INFO - Started process (PID=1818) to work on /opt/airflow/dags/Sesion5/Dataset_S5_4.py
[2025-06-05T02:11:44.494+0000] {processor.py:914} INFO - Processing file /opt/airflow/dags/Sesion5/Dataset_S5_4.py for tasks to queue
[2025-06-05T02:11:44.496+0000] {logging_mixin.py:190} INFO - [2025-06-05T02:11:44.496+0000] {dagbag.py:588} INFO - Filling up the DagBag from /opt/airflow/dags/Sesion5/Dataset_S5_4.py
[2025-06-05T02:11:44.503+0000] {processor.py:925} INFO - DAG(s) 'final_dag_ej2' retrieved from /opt/airflow/dags/Sesion5/Dataset_S5_4.py
[2025-06-05T02:11:44.524+0000] {logging_mixin.py:190} INFO - [2025-06-05T02:11:44.524+0000] {dag.py:3239} INFO - Sync 1 DAGs
[2025-06-05T02:11:44.556+0000] {logging_mixin.py:190} INFO - [2025-06-05T02:11:44.555+0000] {dag.py:4180} INFO - Setting next_dagrun for final_dag_ej2 to None, run_after=None
[2025-06-05T02:11:44.582+0000] {processor.py:208} INFO - Processing /opt/airflow/dags/Sesion5/Dataset_S5_4.py took 0.096 seconds
[2025-06-05T02:12:15.490+0000] {processor.py:186} INFO - Started process (PID=1934) to work on /opt/airflow/dags/Sesion5/Dataset_S5_4.py
[2025-06-05T02:12:15.491+0000] {processor.py:914} INFO - Processing file /opt/airflow/dags/Sesion5/Dataset_S5_4.py for tasks to queue
[2025-06-05T02:12:15.494+0000] {logging_mixin.py:190} INFO - [2025-06-05T02:12:15.493+0000] {dagbag.py:588} INFO - Filling up the DagBag from /opt/airflow/dags/Sesion5/Dataset_S5_4.py
[2025-06-05T02:12:15.501+0000] {processor.py:925} INFO - DAG(s) 'final_dag_ej2' retrieved from /opt/airflow/dags/Sesion5/Dataset_S5_4.py
[2025-06-05T02:12:15.521+0000] {logging_mixin.py:190} INFO - [2025-06-05T02:12:15.521+0000] {dag.py:3239} INFO - Sync 1 DAGs
[2025-06-05T02:12:15.549+0000] {logging_mixin.py:190} INFO - [2025-06-05T02:12:15.549+0000] {dag.py:4180} INFO - Setting next_dagrun for final_dag_ej2 to None, run_after=None
[2025-06-05T02:12:15.574+0000] {processor.py:208} INFO - Processing /opt/airflow/dags/Sesion5/Dataset_S5_4.py took 0.090 seconds
[2025-06-05T02:12:46.752+0000] {processor.py:186} INFO - Started process (PID=2049) to work on /opt/airflow/dags/Sesion5/Dataset_S5_4.py
[2025-06-05T02:12:46.753+0000] {processor.py:914} INFO - Processing file /opt/airflow/dags/Sesion5/Dataset_S5_4.py for tasks to queue
[2025-06-05T02:12:46.756+0000] {logging_mixin.py:190} INFO - [2025-06-05T02:12:46.755+0000] {dagbag.py:588} INFO - Filling up the DagBag from /opt/airflow/dags/Sesion5/Dataset_S5_4.py
[2025-06-05T02:12:46.763+0000] {processor.py:925} INFO - DAG(s) 'final_dag_ej2' retrieved from /opt/airflow/dags/Sesion5/Dataset_S5_4.py
[2025-06-05T02:12:46.785+0000] {logging_mixin.py:190} INFO - [2025-06-05T02:12:46.785+0000] {dag.py:3239} INFO - Sync 1 DAGs
[2025-06-05T02:12:46.820+0000] {logging_mixin.py:190} INFO - [2025-06-05T02:12:46.819+0000] {dag.py:4180} INFO - Setting next_dagrun for final_dag_ej2 to None, run_after=None
[2025-06-05T02:12:46.864+0000] {processor.py:208} INFO - Processing /opt/airflow/dags/Sesion5/Dataset_S5_4.py took 0.119 seconds
[2025-06-05T02:13:17.923+0000] {processor.py:186} INFO - Started process (PID=2164) to work on /opt/airflow/dags/Sesion5/Dataset_S5_4.py
[2025-06-05T02:13:17.923+0000] {processor.py:914} INFO - Processing file /opt/airflow/dags/Sesion5/Dataset_S5_4.py for tasks to queue
[2025-06-05T02:13:17.926+0000] {logging_mixin.py:190} INFO - [2025-06-05T02:13:17.925+0000] {dagbag.py:588} INFO - Filling up the DagBag from /opt/airflow/dags/Sesion5/Dataset_S5_4.py
[2025-06-05T02:13:17.933+0000] {processor.py:925} INFO - DAG(s) 'final_dag_ej2' retrieved from /opt/airflow/dags/Sesion5/Dataset_S5_4.py
[2025-06-05T02:13:17.954+0000] {logging_mixin.py:190} INFO - [2025-06-05T02:13:17.954+0000] {dag.py:3239} INFO - Sync 1 DAGs
[2025-06-05T02:13:17.985+0000] {logging_mixin.py:190} INFO - [2025-06-05T02:13:17.985+0000] {dag.py:4180} INFO - Setting next_dagrun for final_dag_ej2 to None, run_after=None
[2025-06-05T02:13:18.011+0000] {processor.py:208} INFO - Processing /opt/airflow/dags/Sesion5/Dataset_S5_4.py took 0.095 seconds
[2025-06-05T02:13:49.447+0000] {processor.py:186} INFO - Started process (PID=2281) to work on /opt/airflow/dags/Sesion5/Dataset_S5_4.py
[2025-06-05T02:13:49.448+0000] {processor.py:914} INFO - Processing file /opt/airflow/dags/Sesion5/Dataset_S5_4.py for tasks to queue
[2025-06-05T02:13:49.451+0000] {logging_mixin.py:190} INFO - [2025-06-05T02:13:49.451+0000] {dagbag.py:588} INFO - Filling up the DagBag from /opt/airflow/dags/Sesion5/Dataset_S5_4.py
[2025-06-05T02:13:49.458+0000] {processor.py:925} INFO - DAG(s) 'final_dag_ej2' retrieved from /opt/airflow/dags/Sesion5/Dataset_S5_4.py
[2025-06-05T02:13:49.481+0000] {logging_mixin.py:190} INFO - [2025-06-05T02:13:49.481+0000] {dag.py:3239} INFO - Sync 1 DAGs
[2025-06-05T02:13:49.512+0000] {logging_mixin.py:190} INFO - [2025-06-05T02:13:49.512+0000] {dag.py:4180} INFO - Setting next_dagrun for final_dag_ej2 to None, run_after=None
[2025-06-05T02:13:49.550+0000] {processor.py:208} INFO - Processing /opt/airflow/dags/Sesion5/Dataset_S5_4.py took 0.109 seconds
[2025-06-05T02:14:20.223+0000] {processor.py:186} INFO - Started process (PID=2393) to work on /opt/airflow/dags/Sesion5/Dataset_S5_4.py
[2025-06-05T02:14:20.224+0000] {processor.py:914} INFO - Processing file /opt/airflow/dags/Sesion5/Dataset_S5_4.py for tasks to queue
[2025-06-05T02:14:20.226+0000] {logging_mixin.py:190} INFO - [2025-06-05T02:14:20.226+0000] {dagbag.py:588} INFO - Filling up the DagBag from /opt/airflow/dags/Sesion5/Dataset_S5_4.py
[2025-06-05T02:14:20.234+0000] {processor.py:925} INFO - DAG(s) 'final_dag_ej2' retrieved from /opt/airflow/dags/Sesion5/Dataset_S5_4.py
[2025-06-05T02:14:20.257+0000] {logging_mixin.py:190} INFO - [2025-06-05T02:14:20.256+0000] {dag.py:3239} INFO - Sync 1 DAGs
[2025-06-05T02:14:20.288+0000] {logging_mixin.py:190} INFO - [2025-06-05T02:14:20.287+0000] {dag.py:4180} INFO - Setting next_dagrun for final_dag_ej2 to None, run_after=None
[2025-06-05T02:14:20.314+0000] {processor.py:208} INFO - Processing /opt/airflow/dags/Sesion5/Dataset_S5_4.py took 0.098 seconds
[2025-06-05T02:14:51.454+0000] {processor.py:186} INFO - Started process (PID=2505) to work on /opt/airflow/dags/Sesion5/Dataset_S5_4.py
[2025-06-05T02:14:51.455+0000] {processor.py:914} INFO - Processing file /opt/airflow/dags/Sesion5/Dataset_S5_4.py for tasks to queue
[2025-06-05T02:14:51.457+0000] {logging_mixin.py:190} INFO - [2025-06-05T02:14:51.456+0000] {dagbag.py:588} INFO - Filling up the DagBag from /opt/airflow/dags/Sesion5/Dataset_S5_4.py
[2025-06-05T02:14:51.468+0000] {processor.py:925} INFO - DAG(s) 'final_dag_ej2' retrieved from /opt/airflow/dags/Sesion5/Dataset_S5_4.py
[2025-06-05T02:14:51.493+0000] {logging_mixin.py:190} INFO - [2025-06-05T02:14:51.493+0000] {dag.py:3239} INFO - Sync 1 DAGs
[2025-06-05T02:14:51.557+0000] {logging_mixin.py:190} INFO - [2025-06-05T02:14:51.557+0000] {dag.py:4180} INFO - Setting next_dagrun for final_dag_ej2 to None, run_after=None
[2025-06-05T02:14:51.621+0000] {processor.py:208} INFO - Processing /opt/airflow/dags/Sesion5/Dataset_S5_4.py took 0.174 seconds
[2025-06-05T02:15:22.665+0000] {processor.py:186} INFO - Started process (PID=2618) to work on /opt/airflow/dags/Sesion5/Dataset_S5_4.py
[2025-06-05T02:15:22.666+0000] {processor.py:914} INFO - Processing file /opt/airflow/dags/Sesion5/Dataset_S5_4.py for tasks to queue
[2025-06-05T02:15:22.669+0000] {logging_mixin.py:190} INFO - [2025-06-05T02:15:22.668+0000] {dagbag.py:588} INFO - Filling up the DagBag from /opt/airflow/dags/Sesion5/Dataset_S5_4.py
[2025-06-05T02:15:22.679+0000] {processor.py:925} INFO - DAG(s) 'final_dag_ej2' retrieved from /opt/airflow/dags/Sesion5/Dataset_S5_4.py
[2025-06-05T02:15:22.707+0000] {logging_mixin.py:190} INFO - [2025-06-05T02:15:22.707+0000] {dag.py:3239} INFO - Sync 1 DAGs
[2025-06-05T02:15:22.736+0000] {logging_mixin.py:190} INFO - [2025-06-05T02:15:22.735+0000] {dag.py:4180} INFO - Setting next_dagrun for final_dag_ej2 to None, run_after=None
[2025-06-05T02:15:22.762+0000] {processor.py:208} INFO - Processing /opt/airflow/dags/Sesion5/Dataset_S5_4.py took 0.103 seconds
[2025-06-05T02:15:53.787+0000] {processor.py:186} INFO - Started process (PID=2735) to work on /opt/airflow/dags/Sesion5/Dataset_S5_4.py
[2025-06-05T02:15:53.788+0000] {processor.py:914} INFO - Processing file /opt/airflow/dags/Sesion5/Dataset_S5_4.py for tasks to queue
[2025-06-05T02:15:53.789+0000] {logging_mixin.py:190} INFO - [2025-06-05T02:15:53.789+0000] {dagbag.py:588} INFO - Filling up the DagBag from /opt/airflow/dags/Sesion5/Dataset_S5_4.py
[2025-06-05T02:15:53.795+0000] {processor.py:925} INFO - DAG(s) 'final_dag_ej2' retrieved from /opt/airflow/dags/Sesion5/Dataset_S5_4.py
[2025-06-05T02:15:53.810+0000] {logging_mixin.py:190} INFO - [2025-06-05T02:15:53.810+0000] {dag.py:3239} INFO - Sync 1 DAGs
[2025-06-05T02:15:53.830+0000] {logging_mixin.py:190} INFO - [2025-06-05T02:15:53.830+0000] {dag.py:4180} INFO - Setting next_dagrun for final_dag_ej2 to None, run_after=None
[2025-06-05T02:15:53.849+0000] {processor.py:208} INFO - Processing /opt/airflow/dags/Sesion5/Dataset_S5_4.py took 0.067 seconds
[2025-06-05T02:16:24.926+0000] {processor.py:186} INFO - Started process (PID=2848) to work on /opt/airflow/dags/Sesion5/Dataset_S5_4.py
[2025-06-05T02:16:24.926+0000] {processor.py:914} INFO - Processing file /opt/airflow/dags/Sesion5/Dataset_S5_4.py for tasks to queue
[2025-06-05T02:16:24.929+0000] {logging_mixin.py:190} INFO - [2025-06-05T02:16:24.928+0000] {dagbag.py:588} INFO - Filling up the DagBag from /opt/airflow/dags/Sesion5/Dataset_S5_4.py
[2025-06-05T02:16:24.936+0000] {processor.py:925} INFO - DAG(s) 'final_dag_ej2' retrieved from /opt/airflow/dags/Sesion5/Dataset_S5_4.py
[2025-06-05T02:16:24.957+0000] {logging_mixin.py:190} INFO - [2025-06-05T02:16:24.957+0000] {dag.py:3239} INFO - Sync 1 DAGs
[2025-06-05T02:16:24.987+0000] {logging_mixin.py:190} INFO - [2025-06-05T02:16:24.987+0000] {dag.py:4180} INFO - Setting next_dagrun for final_dag_ej2 to None, run_after=None
[2025-06-05T02:16:25.011+0000] {processor.py:208} INFO - Processing /opt/airflow/dags/Sesion5/Dataset_S5_4.py took 0.093 seconds
[2025-06-05T02:16:56.339+0000] {processor.py:186} INFO - Started process (PID=2963) to work on /opt/airflow/dags/Sesion5/Dataset_S5_4.py
[2025-06-05T02:16:56.343+0000] {processor.py:914} INFO - Processing file /opt/airflow/dags/Sesion5/Dataset_S5_4.py for tasks to queue
[2025-06-05T02:16:56.349+0000] {logging_mixin.py:190} INFO - [2025-06-05T02:16:56.349+0000] {dagbag.py:588} INFO - Filling up the DagBag from /opt/airflow/dags/Sesion5/Dataset_S5_4.py
[2025-06-05T02:16:56.364+0000] {processor.py:925} INFO - DAG(s) 'final_dag_ej2' retrieved from /opt/airflow/dags/Sesion5/Dataset_S5_4.py
[2025-06-05T02:16:56.419+0000] {logging_mixin.py:190} INFO - [2025-06-05T02:16:56.419+0000] {dag.py:3239} INFO - Sync 1 DAGs
[2025-06-05T02:16:56.473+0000] {logging_mixin.py:190} INFO - [2025-06-05T02:16:56.472+0000] {dag.py:4180} INFO - Setting next_dagrun for final_dag_ej2 to None, run_after=None
[2025-06-05T02:16:56.501+0000] {processor.py:208} INFO - Processing /opt/airflow/dags/Sesion5/Dataset_S5_4.py took 0.174 seconds
[2025-06-05T02:17:27.926+0000] {processor.py:186} INFO - Started process (PID=3078) to work on /opt/airflow/dags/Sesion5/Dataset_S5_4.py
[2025-06-05T02:17:27.927+0000] {processor.py:914} INFO - Processing file /opt/airflow/dags/Sesion5/Dataset_S5_4.py for tasks to queue
[2025-06-05T02:17:27.929+0000] {logging_mixin.py:190} INFO - [2025-06-05T02:17:27.929+0000] {dagbag.py:588} INFO - Filling up the DagBag from /opt/airflow/dags/Sesion5/Dataset_S5_4.py
[2025-06-05T02:17:27.937+0000] {processor.py:925} INFO - DAG(s) 'final_dag_ej2' retrieved from /opt/airflow/dags/Sesion5/Dataset_S5_4.py
[2025-06-05T02:17:27.958+0000] {logging_mixin.py:190} INFO - [2025-06-05T02:17:27.958+0000] {dag.py:3239} INFO - Sync 1 DAGs
[2025-06-05T02:17:27.987+0000] {logging_mixin.py:190} INFO - [2025-06-05T02:17:27.987+0000] {dag.py:4180} INFO - Setting next_dagrun for final_dag_ej2 to None, run_after=None
[2025-06-05T02:17:28.024+0000] {processor.py:208} INFO - Processing /opt/airflow/dags/Sesion5/Dataset_S5_4.py took 0.105 seconds
[2025-06-05T02:17:59.037+0000] {processor.py:186} INFO - Started process (PID=3193) to work on /opt/airflow/dags/Sesion5/Dataset_S5_4.py
[2025-06-05T02:17:59.039+0000] {processor.py:914} INFO - Processing file /opt/airflow/dags/Sesion5/Dataset_S5_4.py for tasks to queue
[2025-06-05T02:17:59.041+0000] {logging_mixin.py:190} INFO - [2025-06-05T02:17:59.041+0000] {dagbag.py:588} INFO - Filling up the DagBag from /opt/airflow/dags/Sesion5/Dataset_S5_4.py
[2025-06-05T02:17:59.056+0000] {processor.py:925} INFO - DAG(s) 'final_dag_ej2' retrieved from /opt/airflow/dags/Sesion5/Dataset_S5_4.py
[2025-06-05T02:17:59.091+0000] {logging_mixin.py:190} INFO - [2025-06-05T02:17:59.091+0000] {dag.py:3239} INFO - Sync 1 DAGs
[2025-06-05T02:17:59.149+0000] {logging_mixin.py:190} INFO - [2025-06-05T02:17:59.149+0000] {dag.py:4180} INFO - Setting next_dagrun for final_dag_ej2 to None, run_after=None
[2025-06-05T02:17:59.205+0000] {processor.py:208} INFO - Processing /opt/airflow/dags/Sesion5/Dataset_S5_4.py took 0.174 seconds
[2025-06-05T02:18:30.324+0000] {processor.py:186} INFO - Started process (PID=3313) to work on /opt/airflow/dags/Sesion5/Dataset_S5_4.py
[2025-06-05T02:18:30.325+0000] {processor.py:914} INFO - Processing file /opt/airflow/dags/Sesion5/Dataset_S5_4.py for tasks to queue
[2025-06-05T02:18:30.328+0000] {logging_mixin.py:190} INFO - [2025-06-05T02:18:30.327+0000] {dagbag.py:588} INFO - Filling up the DagBag from /opt/airflow/dags/Sesion5/Dataset_S5_4.py
[2025-06-05T02:18:30.335+0000] {processor.py:925} INFO - DAG(s) 'final_dag_ej2' retrieved from /opt/airflow/dags/Sesion5/Dataset_S5_4.py
[2025-06-05T02:18:30.357+0000] {logging_mixin.py:190} INFO - [2025-06-05T02:18:30.357+0000] {dag.py:3239} INFO - Sync 1 DAGs
[2025-06-05T02:18:30.388+0000] {logging_mixin.py:190} INFO - [2025-06-05T02:18:30.387+0000] {dag.py:4180} INFO - Setting next_dagrun for final_dag_ej2 to None, run_after=None
[2025-06-05T02:18:30.413+0000] {processor.py:208} INFO - Processing /opt/airflow/dags/Sesion5/Dataset_S5_4.py took 0.096 seconds
[2025-06-05T02:19:01.558+0000] {processor.py:186} INFO - Started process (PID=3423) to work on /opt/airflow/dags/Sesion5/Dataset_S5_4.py
[2025-06-05T02:19:01.559+0000] {processor.py:914} INFO - Processing file /opt/airflow/dags/Sesion5/Dataset_S5_4.py for tasks to queue
[2025-06-05T02:19:01.562+0000] {logging_mixin.py:190} INFO - [2025-06-05T02:19:01.561+0000] {dagbag.py:588} INFO - Filling up the DagBag from /opt/airflow/dags/Sesion5/Dataset_S5_4.py
[2025-06-05T02:19:01.570+0000] {processor.py:925} INFO - DAG(s) 'final_dag_ej2' retrieved from /opt/airflow/dags/Sesion5/Dataset_S5_4.py
[2025-06-05T02:19:01.590+0000] {logging_mixin.py:190} INFO - [2025-06-05T02:19:01.589+0000] {dag.py:3239} INFO - Sync 1 DAGs
[2025-06-05T02:19:01.632+0000] {logging_mixin.py:190} INFO - [2025-06-05T02:19:01.632+0000] {dag.py:4180} INFO - Setting next_dagrun for final_dag_ej2 to None, run_after=None
[2025-06-05T02:19:01.658+0000] {processor.py:208} INFO - Processing /opt/airflow/dags/Sesion5/Dataset_S5_4.py took 0.107 seconds
[2025-06-05T02:19:32.988+0000] {processor.py:186} INFO - Started process (PID=3538) to work on /opt/airflow/dags/Sesion5/Dataset_S5_4.py
[2025-06-05T02:19:32.989+0000] {processor.py:914} INFO - Processing file /opt/airflow/dags/Sesion5/Dataset_S5_4.py for tasks to queue
[2025-06-05T02:19:32.991+0000] {logging_mixin.py:190} INFO - [2025-06-05T02:19:32.991+0000] {dagbag.py:588} INFO - Filling up the DagBag from /opt/airflow/dags/Sesion5/Dataset_S5_4.py
[2025-06-05T02:19:32.998+0000] {processor.py:925} INFO - DAG(s) 'final_dag_ej2' retrieved from /opt/airflow/dags/Sesion5/Dataset_S5_4.py
[2025-06-05T02:19:33.030+0000] {logging_mixin.py:190} INFO - [2025-06-05T02:19:33.030+0000] {dag.py:3239} INFO - Sync 1 DAGs
[2025-06-05T02:19:33.064+0000] {logging_mixin.py:190} INFO - [2025-06-05T02:19:33.064+0000] {dag.py:4180} INFO - Setting next_dagrun for final_dag_ej2 to None, run_after=None
[2025-06-05T02:19:33.350+0000] {processor.py:208} INFO - Processing /opt/airflow/dags/Sesion5/Dataset_S5_4.py took 0.369 seconds
[2025-06-05T02:20:03.739+0000] {processor.py:186} INFO - Started process (PID=3655) to work on /opt/airflow/dags/Sesion5/Dataset_S5_4.py
[2025-06-05T02:20:03.739+0000] {processor.py:914} INFO - Processing file /opt/airflow/dags/Sesion5/Dataset_S5_4.py for tasks to queue
[2025-06-05T02:20:03.741+0000] {logging_mixin.py:190} INFO - [2025-06-05T02:20:03.741+0000] {dagbag.py:588} INFO - Filling up the DagBag from /opt/airflow/dags/Sesion5/Dataset_S5_4.py
[2025-06-05T02:20:03.746+0000] {processor.py:925} INFO - DAG(s) 'final_dag_ej2' retrieved from /opt/airflow/dags/Sesion5/Dataset_S5_4.py
[2025-06-05T02:20:03.762+0000] {logging_mixin.py:190} INFO - [2025-06-05T02:20:03.761+0000] {dag.py:3239} INFO - Sync 1 DAGs
[2025-06-05T02:20:03.788+0000] {logging_mixin.py:190} INFO - [2025-06-05T02:20:03.787+0000] {dag.py:4180} INFO - Setting next_dagrun for final_dag_ej2 to None, run_after=None
[2025-06-05T02:20:03.807+0000] {processor.py:208} INFO - Processing /opt/airflow/dags/Sesion5/Dataset_S5_4.py took 0.073 seconds
[2025-06-05T02:20:34.901+0000] {processor.py:186} INFO - Started process (PID=3768) to work on /opt/airflow/dags/Sesion5/Dataset_S5_4.py
[2025-06-05T02:20:34.902+0000] {processor.py:914} INFO - Processing file /opt/airflow/dags/Sesion5/Dataset_S5_4.py for tasks to queue
[2025-06-05T02:20:34.905+0000] {logging_mixin.py:190} INFO - [2025-06-05T02:20:34.904+0000] {dagbag.py:588} INFO - Filling up the DagBag from /opt/airflow/dags/Sesion5/Dataset_S5_4.py
[2025-06-05T02:20:34.912+0000] {processor.py:925} INFO - DAG(s) 'final_dag_ej2' retrieved from /opt/airflow/dags/Sesion5/Dataset_S5_4.py
[2025-06-05T02:20:34.932+0000] {logging_mixin.py:190} INFO - [2025-06-05T02:20:34.932+0000] {dag.py:3239} INFO - Sync 1 DAGs
[2025-06-05T02:20:34.961+0000] {logging_mixin.py:190} INFO - [2025-06-05T02:20:34.961+0000] {dag.py:4180} INFO - Setting next_dagrun for final_dag_ej2 to None, run_after=None
[2025-06-05T02:20:34.986+0000] {processor.py:208} INFO - Processing /opt/airflow/dags/Sesion5/Dataset_S5_4.py took 0.093 seconds
[2025-06-05T02:21:06.113+0000] {processor.py:186} INFO - Started process (PID=3883) to work on /opt/airflow/dags/Sesion5/Dataset_S5_4.py
[2025-06-05T02:21:06.113+0000] {processor.py:914} INFO - Processing file /opt/airflow/dags/Sesion5/Dataset_S5_4.py for tasks to queue
[2025-06-05T02:21:06.116+0000] {logging_mixin.py:190} INFO - [2025-06-05T02:21:06.116+0000] {dagbag.py:588} INFO - Filling up the DagBag from /opt/airflow/dags/Sesion5/Dataset_S5_4.py
[2025-06-05T02:21:06.123+0000] {processor.py:925} INFO - DAG(s) 'final_dag_ej2' retrieved from /opt/airflow/dags/Sesion5/Dataset_S5_4.py
[2025-06-05T02:21:06.144+0000] {logging_mixin.py:190} INFO - [2025-06-05T02:21:06.144+0000] {dag.py:3239} INFO - Sync 1 DAGs
[2025-06-05T02:21:06.174+0000] {logging_mixin.py:190} INFO - [2025-06-05T02:21:06.173+0000] {dag.py:4180} INFO - Setting next_dagrun for final_dag_ej2 to None, run_after=None
[2025-06-05T02:21:06.199+0000] {processor.py:208} INFO - Processing /opt/airflow/dags/Sesion5/Dataset_S5_4.py took 0.094 seconds
[2025-06-05T02:21:37.763+0000] {processor.py:186} INFO - Started process (PID=3998) to work on /opt/airflow/dags/Sesion5/Dataset_S5_4.py
[2025-06-05T02:21:37.765+0000] {processor.py:914} INFO - Processing file /opt/airflow/dags/Sesion5/Dataset_S5_4.py for tasks to queue
[2025-06-05T02:21:37.768+0000] {logging_mixin.py:190} INFO - [2025-06-05T02:21:37.768+0000] {dagbag.py:588} INFO - Filling up the DagBag from /opt/airflow/dags/Sesion5/Dataset_S5_4.py
[2025-06-05T02:21:37.777+0000] {processor.py:925} INFO - DAG(s) 'final_dag_ej2' retrieved from /opt/airflow/dags/Sesion5/Dataset_S5_4.py
[2025-06-05T02:21:37.822+0000] {logging_mixin.py:190} INFO - [2025-06-05T02:21:37.822+0000] {dag.py:3239} INFO - Sync 1 DAGs
[2025-06-05T02:21:37.858+0000] {logging_mixin.py:190} INFO - [2025-06-05T02:21:37.858+0000] {dag.py:4180} INFO - Setting next_dagrun for final_dag_ej2 to None, run_after=None
[2025-06-05T02:21:38.079+0000] {processor.py:208} INFO - Processing /opt/airflow/dags/Sesion5/Dataset_S5_4.py took 0.328 seconds
[2025-06-05T02:22:09.069+0000] {processor.py:186} INFO - Started process (PID=4118) to work on /opt/airflow/dags/Sesion5/Dataset_S5_4.py
[2025-06-05T02:22:09.070+0000] {processor.py:914} INFO - Processing file /opt/airflow/dags/Sesion5/Dataset_S5_4.py for tasks to queue
[2025-06-05T02:22:09.073+0000] {logging_mixin.py:190} INFO - [2025-06-05T02:22:09.073+0000] {dagbag.py:588} INFO - Filling up the DagBag from /opt/airflow/dags/Sesion5/Dataset_S5_4.py
[2025-06-05T02:22:09.102+0000] {processor.py:925} INFO - DAG(s) 'final_dag_ej2' retrieved from /opt/airflow/dags/Sesion5/Dataset_S5_4.py
[2025-06-05T02:22:09.177+0000] {logging_mixin.py:190} INFO - [2025-06-05T02:22:09.177+0000] {dag.py:3239} INFO - Sync 1 DAGs
[2025-06-05T02:22:09.212+0000] {logging_mixin.py:190} INFO - [2025-06-05T02:22:09.212+0000] {dag.py:4180} INFO - Setting next_dagrun for final_dag_ej2 to None, run_after=None
[2025-06-05T02:22:09.237+0000] {processor.py:208} INFO - Processing /opt/airflow/dags/Sesion5/Dataset_S5_4.py took 0.175 seconds
[2025-06-05T02:22:40.443+0000] {processor.py:186} INFO - Started process (PID=4230) to work on /opt/airflow/dags/Sesion5/Dataset_S5_4.py
[2025-06-05T02:22:40.444+0000] {processor.py:914} INFO - Processing file /opt/airflow/dags/Sesion5/Dataset_S5_4.py for tasks to queue
[2025-06-05T02:22:40.445+0000] {logging_mixin.py:190} INFO - [2025-06-05T02:22:40.445+0000] {dagbag.py:588} INFO - Filling up the DagBag from /opt/airflow/dags/Sesion5/Dataset_S5_4.py
[2025-06-05T02:22:40.451+0000] {processor.py:925} INFO - DAG(s) 'final_dag_ej2' retrieved from /opt/airflow/dags/Sesion5/Dataset_S5_4.py
[2025-06-05T02:22:40.466+0000] {logging_mixin.py:190} INFO - [2025-06-05T02:22:40.466+0000] {dag.py:3239} INFO - Sync 1 DAGs
[2025-06-05T02:22:40.485+0000] {logging_mixin.py:190} INFO - [2025-06-05T02:22:40.485+0000] {dag.py:4180} INFO - Setting next_dagrun for final_dag_ej2 to None, run_after=None
[2025-06-05T02:22:40.504+0000] {processor.py:208} INFO - Processing /opt/airflow/dags/Sesion5/Dataset_S5_4.py took 0.066 seconds
[2025-06-05T02:23:11.517+0000] {processor.py:186} INFO - Started process (PID=4343) to work on /opt/airflow/dags/Sesion5/Dataset_S5_4.py
[2025-06-05T02:23:11.521+0000] {processor.py:914} INFO - Processing file /opt/airflow/dags/Sesion5/Dataset_S5_4.py for tasks to queue
[2025-06-05T02:23:11.525+0000] {logging_mixin.py:190} INFO - [2025-06-05T02:23:11.525+0000] {dagbag.py:588} INFO - Filling up the DagBag from /opt/airflow/dags/Sesion5/Dataset_S5_4.py
[2025-06-05T02:23:11.535+0000] {processor.py:925} INFO - DAG(s) 'final_dag_ej2' retrieved from /opt/airflow/dags/Sesion5/Dataset_S5_4.py
[2025-06-05T02:23:11.559+0000] {logging_mixin.py:190} INFO - [2025-06-05T02:23:11.559+0000] {dag.py:3239} INFO - Sync 1 DAGs
[2025-06-05T02:23:11.588+0000] {logging_mixin.py:190} INFO - [2025-06-05T02:23:11.588+0000] {dag.py:4180} INFO - Setting next_dagrun for final_dag_ej2 to None, run_after=None
[2025-06-05T02:23:11.614+0000] {processor.py:208} INFO - Processing /opt/airflow/dags/Sesion5/Dataset_S5_4.py took 0.108 seconds
[2025-06-05T02:23:43.045+0000] {processor.py:186} INFO - Started process (PID=4458) to work on /opt/airflow/dags/Sesion5/Dataset_S5_4.py
[2025-06-05T02:23:43.047+0000] {processor.py:914} INFO - Processing file /opt/airflow/dags/Sesion5/Dataset_S5_4.py for tasks to queue
[2025-06-05T02:23:43.049+0000] {logging_mixin.py:190} INFO - [2025-06-05T02:23:43.049+0000] {dagbag.py:588} INFO - Filling up the DagBag from /opt/airflow/dags/Sesion5/Dataset_S5_4.py
[2025-06-05T02:23:43.056+0000] {processor.py:925} INFO - DAG(s) 'final_dag_ej2' retrieved from /opt/airflow/dags/Sesion5/Dataset_S5_4.py
[2025-06-05T02:23:43.075+0000] {logging_mixin.py:190} INFO - [2025-06-05T02:23:43.075+0000] {dag.py:3239} INFO - Sync 1 DAGs
[2025-06-05T02:23:43.103+0000] {logging_mixin.py:190} INFO - [2025-06-05T02:23:43.103+0000] {dag.py:4180} INFO - Setting next_dagrun for final_dag_ej2 to None, run_after=None
[2025-06-05T02:23:43.310+0000] {processor.py:208} INFO - Processing /opt/airflow/dags/Sesion5/Dataset_S5_4.py took 0.272 seconds
[2025-06-05T02:24:14.695+0000] {processor.py:186} INFO - Started process (PID=4581) to work on /opt/airflow/dags/Sesion5/Dataset_S5_4.py
[2025-06-05T02:24:14.696+0000] {processor.py:914} INFO - Processing file /opt/airflow/dags/Sesion5/Dataset_S5_4.py for tasks to queue
[2025-06-05T02:24:14.698+0000] {logging_mixin.py:190} INFO - [2025-06-05T02:24:14.698+0000] {dagbag.py:588} INFO - Filling up the DagBag from /opt/airflow/dags/Sesion5/Dataset_S5_4.py
[2025-06-05T02:24:14.709+0000] {processor.py:925} INFO - DAG(s) 'final_dag_ej2' retrieved from /opt/airflow/dags/Sesion5/Dataset_S5_4.py
[2025-06-05T02:24:14.757+0000] {logging_mixin.py:190} INFO - [2025-06-05T02:24:14.757+0000] {dag.py:3239} INFO - Sync 1 DAGs
[2025-06-05T02:24:14.839+0000] {logging_mixin.py:190} INFO - [2025-06-05T02:24:14.839+0000] {dag.py:4180} INFO - Setting next_dagrun for final_dag_ej2 to None, run_after=None
[2025-06-05T02:24:14.973+0000] {processor.py:208} INFO - Processing /opt/airflow/dags/Sesion5/Dataset_S5_4.py took 0.287 seconds
[2025-06-05T02:24:45.710+0000] {processor.py:186} INFO - Started process (PID=4694) to work on /opt/airflow/dags/Sesion5/Dataset_S5_4.py
[2025-06-05T02:24:45.711+0000] {processor.py:914} INFO - Processing file /opt/airflow/dags/Sesion5/Dataset_S5_4.py for tasks to queue
[2025-06-05T02:24:45.713+0000] {logging_mixin.py:190} INFO - [2025-06-05T02:24:45.712+0000] {dagbag.py:588} INFO - Filling up the DagBag from /opt/airflow/dags/Sesion5/Dataset_S5_4.py
[2025-06-05T02:24:45.720+0000] {processor.py:925} INFO - DAG(s) 'final_dag_ej2' retrieved from /opt/airflow/dags/Sesion5/Dataset_S5_4.py
[2025-06-05T02:24:45.742+0000] {logging_mixin.py:190} INFO - [2025-06-05T02:24:45.741+0000] {dag.py:3239} INFO - Sync 1 DAGs
[2025-06-05T02:24:45.771+0000] {logging_mixin.py:190} INFO - [2025-06-05T02:24:45.770+0000] {dag.py:4180} INFO - Setting next_dagrun for final_dag_ej2 to None, run_after=None
[2025-06-05T02:24:45.796+0000] {processor.py:208} INFO - Processing /opt/airflow/dags/Sesion5/Dataset_S5_4.py took 0.093 seconds
[2025-06-05T02:25:17.105+0000] {processor.py:186} INFO - Started process (PID=4824) to work on /opt/airflow/dags/Sesion5/Dataset_S5_4.py
[2025-06-05T02:25:17.106+0000] {processor.py:914} INFO - Processing file /opt/airflow/dags/Sesion5/Dataset_S5_4.py for tasks to queue
[2025-06-05T02:25:17.108+0000] {logging_mixin.py:190} INFO - [2025-06-05T02:25:17.108+0000] {dagbag.py:588} INFO - Filling up the DagBag from /opt/airflow/dags/Sesion5/Dataset_S5_4.py
[2025-06-05T02:25:17.116+0000] {processor.py:925} INFO - DAG(s) 'final_dag_ej2' retrieved from /opt/airflow/dags/Sesion5/Dataset_S5_4.py
[2025-06-05T02:25:17.136+0000] {logging_mixin.py:190} INFO - [2025-06-05T02:25:17.136+0000] {dag.py:3239} INFO - Sync 1 DAGs
[2025-06-05T02:25:17.163+0000] {logging_mixin.py:190} INFO - [2025-06-05T02:25:17.163+0000] {dag.py:4180} INFO - Setting next_dagrun for final_dag_ej2 to None, run_after=None
[2025-06-05T02:25:17.187+0000] {processor.py:208} INFO - Processing /opt/airflow/dags/Sesion5/Dataset_S5_4.py took 0.089 seconds
[2025-06-05T02:25:49.037+0000] {processor.py:186} INFO - Started process (PID=4939) to work on /opt/airflow/dags/Sesion5/Dataset_S5_4.py
[2025-06-05T02:25:49.038+0000] {processor.py:914} INFO - Processing file /opt/airflow/dags/Sesion5/Dataset_S5_4.py for tasks to queue
[2025-06-05T02:25:49.040+0000] {logging_mixin.py:190} INFO - [2025-06-05T02:25:49.040+0000] {dagbag.py:588} INFO - Filling up the DagBag from /opt/airflow/dags/Sesion5/Dataset_S5_4.py
[2025-06-05T02:25:49.047+0000] {processor.py:925} INFO - DAG(s) 'final_dag_ej2' retrieved from /opt/airflow/dags/Sesion5/Dataset_S5_4.py
[2025-06-05T02:25:49.069+0000] {logging_mixin.py:190} INFO - [2025-06-05T02:25:49.069+0000] {dag.py:3239} INFO - Sync 1 DAGs
[2025-06-05T02:25:49.100+0000] {logging_mixin.py:190} INFO - [2025-06-05T02:25:49.099+0000] {dag.py:4180} INFO - Setting next_dagrun for final_dag_ej2 to None, run_after=None
[2025-06-05T02:25:49.298+0000] {processor.py:208} INFO - Processing /opt/airflow/dags/Sesion5/Dataset_S5_4.py took 0.268 seconds
[2025-06-05T02:26:20.372+0000] {processor.py:186} INFO - Started process (PID=5054) to work on /opt/airflow/dags/Sesion5/Dataset_S5_4.py
[2025-06-05T02:26:20.373+0000] {processor.py:914} INFO - Processing file /opt/airflow/dags/Sesion5/Dataset_S5_4.py for tasks to queue
[2025-06-05T02:26:20.376+0000] {logging_mixin.py:190} INFO - [2025-06-05T02:26:20.375+0000] {dagbag.py:588} INFO - Filling up the DagBag from /opt/airflow/dags/Sesion5/Dataset_S5_4.py
[2025-06-05T02:26:20.383+0000] {processor.py:925} INFO - DAG(s) 'final_dag_ej2' retrieved from /opt/airflow/dags/Sesion5/Dataset_S5_4.py
[2025-06-05T02:26:20.405+0000] {logging_mixin.py:190} INFO - [2025-06-05T02:26:20.404+0000] {dag.py:3239} INFO - Sync 1 DAGs
[2025-06-05T02:26:20.671+0000] {logging_mixin.py:190} INFO - [2025-06-05T02:26:20.670+0000] {dag.py:4180} INFO - Setting next_dagrun for final_dag_ej2 to None, run_after=None
[2025-06-05T02:26:20.693+0000] {processor.py:208} INFO - Processing /opt/airflow/dags/Sesion5/Dataset_S5_4.py took 0.328 seconds
[2025-06-05T02:26:50.924+0000] {processor.py:186} INFO - Started process (PID=5169) to work on /opt/airflow/dags/Sesion5/Dataset_S5_4.py
[2025-06-05T02:26:50.925+0000] {processor.py:914} INFO - Processing file /opt/airflow/dags/Sesion5/Dataset_S5_4.py for tasks to queue
[2025-06-05T02:26:50.927+0000] {logging_mixin.py:190} INFO - [2025-06-05T02:26:50.927+0000] {dagbag.py:588} INFO - Filling up the DagBag from /opt/airflow/dags/Sesion5/Dataset_S5_4.py
[2025-06-05T02:26:50.935+0000] {processor.py:925} INFO - DAG(s) 'final_dag_ej2' retrieved from /opt/airflow/dags/Sesion5/Dataset_S5_4.py
[2025-06-05T02:26:50.971+0000] {logging_mixin.py:190} INFO - [2025-06-05T02:26:50.970+0000] {dag.py:3239} INFO - Sync 1 DAGs
[2025-06-05T02:26:51.001+0000] {logging_mixin.py:190} INFO - [2025-06-05T02:26:51.001+0000] {dag.py:4180} INFO - Setting next_dagrun for final_dag_ej2 to None, run_after=None
[2025-06-05T02:26:51.028+0000] {processor.py:208} INFO - Processing /opt/airflow/dags/Sesion5/Dataset_S5_4.py took 0.111 seconds
[2025-06-05T02:27:22.107+0000] {processor.py:186} INFO - Started process (PID=5284) to work on /opt/airflow/dags/Sesion5/Dataset_S5_4.py
[2025-06-05T02:27:22.108+0000] {processor.py:914} INFO - Processing file /opt/airflow/dags/Sesion5/Dataset_S5_4.py for tasks to queue
[2025-06-05T02:27:22.110+0000] {logging_mixin.py:190} INFO - [2025-06-05T02:27:22.110+0000] {dagbag.py:588} INFO - Filling up the DagBag from /opt/airflow/dags/Sesion5/Dataset_S5_4.py
[2025-06-05T02:27:22.118+0000] {processor.py:925} INFO - DAG(s) 'final_dag_ej2' retrieved from /opt/airflow/dags/Sesion5/Dataset_S5_4.py
[2025-06-05T02:27:22.139+0000] {logging_mixin.py:190} INFO - [2025-06-05T02:27:22.139+0000] {dag.py:3239} INFO - Sync 1 DAGs
[2025-06-05T02:27:22.169+0000] {logging_mixin.py:190} INFO - [2025-06-05T02:27:22.168+0000] {dag.py:4180} INFO - Setting next_dagrun for final_dag_ej2 to None, run_after=None
[2025-06-05T02:27:22.194+0000] {processor.py:208} INFO - Processing /opt/airflow/dags/Sesion5/Dataset_S5_4.py took 0.094 seconds
[2025-06-05T02:27:53.590+0000] {processor.py:186} INFO - Started process (PID=5393) to work on /opt/airflow/dags/Sesion5/Dataset_S5_4.py
[2025-06-05T02:27:53.591+0000] {processor.py:914} INFO - Processing file /opt/airflow/dags/Sesion5/Dataset_S5_4.py for tasks to queue
[2025-06-05T02:27:53.593+0000] {logging_mixin.py:190} INFO - [2025-06-05T02:27:53.592+0000] {dagbag.py:588} INFO - Filling up the DagBag from /opt/airflow/dags/Sesion5/Dataset_S5_4.py
[2025-06-05T02:27:53.600+0000] {processor.py:925} INFO - DAG(s) 'final_dag_ej2' retrieved from /opt/airflow/dags/Sesion5/Dataset_S5_4.py
[2025-06-05T02:27:53.619+0000] {logging_mixin.py:190} INFO - [2025-06-05T02:27:53.618+0000] {dag.py:3239} INFO - Sync 1 DAGs
[2025-06-05T02:27:53.669+0000] {logging_mixin.py:190} INFO - [2025-06-05T02:27:53.669+0000] {dag.py:4180} INFO - Setting next_dagrun for final_dag_ej2 to None, run_after=None
[2025-06-05T02:27:53.942+0000] {processor.py:208} INFO - Processing /opt/airflow/dags/Sesion5/Dataset_S5_4.py took 0.359 seconds
[2025-06-05T02:28:25.529+0000] {processor.py:186} INFO - Started process (PID=5514) to work on /opt/airflow/dags/Sesion5/Dataset_S5_4.py
[2025-06-05T02:28:25.535+0000] {processor.py:914} INFO - Processing file /opt/airflow/dags/Sesion5/Dataset_S5_4.py for tasks to queue
[2025-06-05T02:28:25.537+0000] {logging_mixin.py:190} INFO - [2025-06-05T02:28:25.537+0000] {dagbag.py:588} INFO - Filling up the DagBag from /opt/airflow/dags/Sesion5/Dataset_S5_4.py
[2025-06-05T02:28:25.545+0000] {processor.py:925} INFO - DAG(s) 'final_dag_ej2' retrieved from /opt/airflow/dags/Sesion5/Dataset_S5_4.py
[2025-06-05T02:28:25.567+0000] {logging_mixin.py:190} INFO - [2025-06-05T02:28:25.567+0000] {dag.py:3239} INFO - Sync 1 DAGs
[2025-06-05T02:28:25.761+0000] {logging_mixin.py:190} INFO - [2025-06-05T02:28:25.760+0000] {dag.py:4180} INFO - Setting next_dagrun for final_dag_ej2 to None, run_after=None
[2025-06-05T02:28:25.784+0000] {processor.py:208} INFO - Processing /opt/airflow/dags/Sesion5/Dataset_S5_4.py took 0.264 seconds
[2025-06-05T02:28:56.663+0000] {processor.py:186} INFO - Started process (PID=5629) to work on /opt/airflow/dags/Sesion5/Dataset_S5_4.py
[2025-06-05T02:28:56.664+0000] {processor.py:914} INFO - Processing file /opt/airflow/dags/Sesion5/Dataset_S5_4.py for tasks to queue
[2025-06-05T02:28:56.666+0000] {logging_mixin.py:190} INFO - [2025-06-05T02:28:56.666+0000] {dagbag.py:588} INFO - Filling up the DagBag from /opt/airflow/dags/Sesion5/Dataset_S5_4.py
[2025-06-05T02:28:56.673+0000] {processor.py:925} INFO - DAG(s) 'final_dag_ej2' retrieved from /opt/airflow/dags/Sesion5/Dataset_S5_4.py
[2025-06-05T02:28:56.694+0000] {logging_mixin.py:190} INFO - [2025-06-05T02:28:56.693+0000] {dag.py:3239} INFO - Sync 1 DAGs
[2025-06-05T02:28:56.725+0000] {logging_mixin.py:190} INFO - [2025-06-05T02:28:56.725+0000] {dag.py:4180} INFO - Setting next_dagrun for final_dag_ej2 to None, run_after=None
[2025-06-05T02:28:56.752+0000] {processor.py:208} INFO - Processing /opt/airflow/dags/Sesion5/Dataset_S5_4.py took 0.096 seconds
[2025-06-05T02:29:27.973+0000] {processor.py:186} INFO - Started process (PID=5744) to work on /opt/airflow/dags/Sesion5/Dataset_S5_4.py
[2025-06-05T02:29:27.974+0000] {processor.py:914} INFO - Processing file /opt/airflow/dags/Sesion5/Dataset_S5_4.py for tasks to queue
[2025-06-05T02:29:27.976+0000] {logging_mixin.py:190} INFO - [2025-06-05T02:29:27.976+0000] {dagbag.py:588} INFO - Filling up the DagBag from /opt/airflow/dags/Sesion5/Dataset_S5_4.py
[2025-06-05T02:29:27.984+0000] {processor.py:925} INFO - DAG(s) 'final_dag_ej2' retrieved from /opt/airflow/dags/Sesion5/Dataset_S5_4.py
[2025-06-05T02:29:28.006+0000] {logging_mixin.py:190} INFO - [2025-06-05T02:29:28.005+0000] {dag.py:3239} INFO - Sync 1 DAGs
[2025-06-05T02:29:28.036+0000] {logging_mixin.py:190} INFO - [2025-06-05T02:29:28.036+0000] {dag.py:4180} INFO - Setting next_dagrun for final_dag_ej2 to None, run_after=None
[2025-06-05T02:29:28.079+0000] {processor.py:208} INFO - Processing /opt/airflow/dags/Sesion5/Dataset_S5_4.py took 0.113 seconds
[2025-06-05T02:29:59.399+0000] {processor.py:186} INFO - Started process (PID=5853) to work on /opt/airflow/dags/Sesion5/Dataset_S5_4.py
[2025-06-05T02:29:59.400+0000] {processor.py:914} INFO - Processing file /opt/airflow/dags/Sesion5/Dataset_S5_4.py for tasks to queue
[2025-06-05T02:29:59.403+0000] {logging_mixin.py:190} INFO - [2025-06-05T02:29:59.402+0000] {dagbag.py:588} INFO - Filling up the DagBag from /opt/airflow/dags/Sesion5/Dataset_S5_4.py
[2025-06-05T02:29:59.410+0000] {processor.py:925} INFO - DAG(s) 'final_dag_ej2' retrieved from /opt/airflow/dags/Sesion5/Dataset_S5_4.py
[2025-06-05T02:29:59.431+0000] {logging_mixin.py:190} INFO - [2025-06-05T02:29:59.431+0000] {dag.py:3239} INFO - Sync 1 DAGs
[2025-06-05T02:29:59.460+0000] {logging_mixin.py:190} INFO - [2025-06-05T02:29:59.460+0000] {dag.py:4180} INFO - Setting next_dagrun for final_dag_ej2 to None, run_after=None
[2025-06-05T02:29:59.752+0000] {processor.py:208} INFO - Processing /opt/airflow/dags/Sesion5/Dataset_S5_4.py took 0.359 seconds
[2025-06-05T02:30:30.462+0000] {processor.py:186} INFO - Started process (PID=5968) to work on /opt/airflow/dags/Sesion5/Dataset_S5_4.py
[2025-06-05T02:30:30.463+0000] {processor.py:914} INFO - Processing file /opt/airflow/dags/Sesion5/Dataset_S5_4.py for tasks to queue
[2025-06-05T02:30:30.467+0000] {logging_mixin.py:190} INFO - [2025-06-05T02:30:30.467+0000] {dagbag.py:588} INFO - Filling up the DagBag from /opt/airflow/dags/Sesion5/Dataset_S5_4.py
[2025-06-05T02:30:30.474+0000] {processor.py:925} INFO - DAG(s) 'final_dag_ej2' retrieved from /opt/airflow/dags/Sesion5/Dataset_S5_4.py
[2025-06-05T02:30:30.494+0000] {logging_mixin.py:190} INFO - [2025-06-05T02:30:30.494+0000] {dag.py:3239} INFO - Sync 1 DAGs
[2025-06-05T02:30:30.713+0000] {logging_mixin.py:190} INFO - [2025-06-05T02:30:30.713+0000] {dag.py:4180} INFO - Setting next_dagrun for final_dag_ej2 to None, run_after=None
[2025-06-05T02:30:30.735+0000] {processor.py:208} INFO - Processing /opt/airflow/dags/Sesion5/Dataset_S5_4.py took 0.283 seconds
[2025-06-05T02:31:01.004+0000] {processor.py:186} INFO - Started process (PID=6083) to work on /opt/airflow/dags/Sesion5/Dataset_S5_4.py
[2025-06-05T02:31:01.005+0000] {processor.py:914} INFO - Processing file /opt/airflow/dags/Sesion5/Dataset_S5_4.py for tasks to queue
[2025-06-05T02:31:01.008+0000] {logging_mixin.py:190} INFO - [2025-06-05T02:31:01.007+0000] {dagbag.py:588} INFO - Filling up the DagBag from /opt/airflow/dags/Sesion5/Dataset_S5_4.py
[2025-06-05T02:31:01.015+0000] {processor.py:925} INFO - DAG(s) 'final_dag_ej2' retrieved from /opt/airflow/dags/Sesion5/Dataset_S5_4.py
[2025-06-05T02:31:01.038+0000] {logging_mixin.py:190} INFO - [2025-06-05T02:31:01.037+0000] {dag.py:3239} INFO - Sync 1 DAGs
[2025-06-05T02:31:01.068+0000] {logging_mixin.py:190} INFO - [2025-06-05T02:31:01.068+0000] {dag.py:4180} INFO - Setting next_dagrun for final_dag_ej2 to None, run_after=None
[2025-06-05T02:31:01.093+0000] {processor.py:208} INFO - Processing /opt/airflow/dags/Sesion5/Dataset_S5_4.py took 0.096 seconds
[2025-06-05T02:31:32.192+0000] {processor.py:186} INFO - Started process (PID=6200) to work on /opt/airflow/dags/Sesion5/Dataset_S5_4.py
[2025-06-05T02:31:32.193+0000] {processor.py:914} INFO - Processing file /opt/airflow/dags/Sesion5/Dataset_S5_4.py for tasks to queue
[2025-06-05T02:31:32.195+0000] {logging_mixin.py:190} INFO - [2025-06-05T02:31:32.195+0000] {dagbag.py:588} INFO - Filling up the DagBag from /opt/airflow/dags/Sesion5/Dataset_S5_4.py
[2025-06-05T02:31:32.200+0000] {processor.py:925} INFO - DAG(s) 'final_dag_ej2' retrieved from /opt/airflow/dags/Sesion5/Dataset_S5_4.py
[2025-06-05T02:31:32.216+0000] {logging_mixin.py:190} INFO - [2025-06-05T02:31:32.215+0000] {dag.py:3239} INFO - Sync 1 DAGs
[2025-06-05T02:31:32.236+0000] {logging_mixin.py:190} INFO - [2025-06-05T02:31:32.235+0000] {dag.py:4180} INFO - Setting next_dagrun for final_dag_ej2 to None, run_after=None
[2025-06-05T02:31:32.254+0000] {processor.py:208} INFO - Processing /opt/airflow/dags/Sesion5/Dataset_S5_4.py took 0.067 seconds
[2025-06-05T02:32:03.423+0000] {processor.py:186} INFO - Started process (PID=6313) to work on /opt/airflow/dags/Sesion5/Dataset_S5_4.py
[2025-06-05T02:32:03.424+0000] {processor.py:914} INFO - Processing file /opt/airflow/dags/Sesion5/Dataset_S5_4.py for tasks to queue
[2025-06-05T02:32:03.426+0000] {logging_mixin.py:190} INFO - [2025-06-05T02:32:03.426+0000] {dagbag.py:588} INFO - Filling up the DagBag from /opt/airflow/dags/Sesion5/Dataset_S5_4.py
[2025-06-05T02:32:03.433+0000] {processor.py:925} INFO - DAG(s) 'final_dag_ej2' retrieved from /opt/airflow/dags/Sesion5/Dataset_S5_4.py
[2025-06-05T02:32:03.454+0000] {logging_mixin.py:190} INFO - [2025-06-05T02:32:03.453+0000] {dag.py:3239} INFO - Sync 1 DAGs
[2025-06-05T02:32:03.480+0000] {logging_mixin.py:190} INFO - [2025-06-05T02:32:03.480+0000] {dag.py:4180} INFO - Setting next_dagrun for final_dag_ej2 to None, run_after=None
[2025-06-05T02:32:03.763+0000] {processor.py:208} INFO - Processing /opt/airflow/dags/Sesion5/Dataset_S5_4.py took 0.348 seconds
[2025-06-05T02:32:34.448+0000] {processor.py:186} INFO - Started process (PID=6428) to work on /opt/airflow/dags/Sesion5/Dataset_S5_4.py
[2025-06-05T02:32:34.450+0000] {processor.py:914} INFO - Processing file /opt/airflow/dags/Sesion5/Dataset_S5_4.py for tasks to queue
[2025-06-05T02:32:34.457+0000] {logging_mixin.py:190} INFO - [2025-06-05T02:32:34.457+0000] {dagbag.py:588} INFO - Filling up the DagBag from /opt/airflow/dags/Sesion5/Dataset_S5_4.py
[2025-06-05T02:32:34.476+0000] {processor.py:925} INFO - DAG(s) 'final_dag_ej2' retrieved from /opt/airflow/dags/Sesion5/Dataset_S5_4.py
[2025-06-05T02:32:34.545+0000] {logging_mixin.py:190} INFO - [2025-06-05T02:32:34.545+0000] {dag.py:3239} INFO - Sync 1 DAGs
[2025-06-05T02:32:34.750+0000] {logging_mixin.py:190} INFO - [2025-06-05T02:32:34.750+0000] {dag.py:4180} INFO - Setting next_dagrun for final_dag_ej2 to None, run_after=None
[2025-06-05T02:32:34.775+0000] {processor.py:208} INFO - Processing /opt/airflow/dags/Sesion5/Dataset_S5_4.py took 0.355 seconds
[2025-06-05T02:33:05.471+0000] {processor.py:186} INFO - Started process (PID=6544) to work on /opt/airflow/dags/Sesion5/Dataset_S5_4.py
[2025-06-05T02:33:05.472+0000] {processor.py:914} INFO - Processing file /opt/airflow/dags/Sesion5/Dataset_S5_4.py for tasks to queue
[2025-06-05T02:33:05.474+0000] {logging_mixin.py:190} INFO - [2025-06-05T02:33:05.474+0000] {dagbag.py:588} INFO - Filling up the DagBag from /opt/airflow/dags/Sesion5/Dataset_S5_4.py
[2025-06-05T02:33:05.481+0000] {processor.py:925} INFO - DAG(s) 'final_dag_ej2' retrieved from /opt/airflow/dags/Sesion5/Dataset_S5_4.py
[2025-06-05T02:33:05.676+0000] {logging_mixin.py:190} INFO - [2025-06-05T02:33:05.676+0000] {dag.py:3239} INFO - Sync 1 DAGs
[2025-06-05T02:33:05.700+0000] {logging_mixin.py:190} INFO - [2025-06-05T02:33:05.700+0000] {dag.py:4180} INFO - Setting next_dagrun for final_dag_ej2 to None, run_after=None
[2025-06-05T02:33:05.723+0000] {processor.py:208} INFO - Processing /opt/airflow/dags/Sesion5/Dataset_S5_4.py took 0.259 seconds
[2025-06-05T02:33:36.511+0000] {processor.py:186} INFO - Started process (PID=6660) to work on /opt/airflow/dags/Sesion5/Dataset_S5_4.py
[2025-06-05T02:33:36.512+0000] {processor.py:914} INFO - Processing file /opt/airflow/dags/Sesion5/Dataset_S5_4.py for tasks to queue
[2025-06-05T02:33:36.514+0000] {logging_mixin.py:190} INFO - [2025-06-05T02:33:36.513+0000] {dagbag.py:588} INFO - Filling up the DagBag from /opt/airflow/dags/Sesion5/Dataset_S5_4.py
[2025-06-05T02:33:36.519+0000] {processor.py:925} INFO - DAG(s) 'final_dag_ej2' retrieved from /opt/airflow/dags/Sesion5/Dataset_S5_4.py
[2025-06-05T02:33:36.534+0000] {logging_mixin.py:190} INFO - [2025-06-05T02:33:36.534+0000] {dag.py:3239} INFO - Sync 1 DAGs
[2025-06-05T02:33:36.553+0000] {logging_mixin.py:190} INFO - [2025-06-05T02:33:36.553+0000] {dag.py:4180} INFO - Setting next_dagrun for final_dag_ej2 to None, run_after=None
[2025-06-05T02:33:36.572+0000] {processor.py:208} INFO - Processing /opt/airflow/dags/Sesion5/Dataset_S5_4.py took 0.066 seconds
[2025-06-05T02:34:07.346+0000] {processor.py:186} INFO - Started process (PID=6775) to work on /opt/airflow/dags/Sesion5/Dataset_S5_4.py
[2025-06-05T02:34:07.347+0000] {processor.py:914} INFO - Processing file /opt/airflow/dags/Sesion5/Dataset_S5_4.py for tasks to queue
[2025-06-05T02:34:07.350+0000] {logging_mixin.py:190} INFO - [2025-06-05T02:34:07.349+0000] {dagbag.py:588} INFO - Filling up the DagBag from /opt/airflow/dags/Sesion5/Dataset_S5_4.py
[2025-06-05T02:34:07.357+0000] {processor.py:925} INFO - DAG(s) 'final_dag_ej2' retrieved from /opt/airflow/dags/Sesion5/Dataset_S5_4.py
[2025-06-05T02:34:07.379+0000] {logging_mixin.py:190} INFO - [2025-06-05T02:34:07.379+0000] {dag.py:3239} INFO - Sync 1 DAGs
[2025-06-05T02:34:07.408+0000] {logging_mixin.py:190} INFO - [2025-06-05T02:34:07.408+0000] {dag.py:4180} INFO - Setting next_dagrun for final_dag_ej2 to None, run_after=None
[2025-06-05T02:34:07.434+0000] {processor.py:208} INFO - Processing /opt/airflow/dags/Sesion5/Dataset_S5_4.py took 0.095 seconds
[2025-06-05T05:21:08.424+0000] {processor.py:186} INFO - Started process (PID=229) to work on /opt/airflow/dags/Sesion5/Dataset_S5_4.py
[2025-06-05T05:21:08.426+0000] {processor.py:914} INFO - Processing file /opt/airflow/dags/Sesion5/Dataset_S5_4.py for tasks to queue
[2025-06-05T05:21:08.431+0000] {logging_mixin.py:190} INFO - [2025-06-05T05:21:08.430+0000] {dagbag.py:588} INFO - Filling up the DagBag from /opt/airflow/dags/Sesion5/Dataset_S5_4.py
[2025-06-05T05:21:08.461+0000] {processor.py:925} INFO - DAG(s) 'final_dag_ej2' retrieved from /opt/airflow/dags/Sesion5/Dataset_S5_4.py
[2025-06-05T05:21:08.545+0000] {logging_mixin.py:190} INFO - [2025-06-05T05:21:08.544+0000] {dag.py:3239} INFO - Sync 1 DAGs
[2025-06-05T05:21:08.590+0000] {logging_mixin.py:190} INFO - [2025-06-05T05:21:08.590+0000] {dag.py:4180} INFO - Setting next_dagrun for final_dag_ej2 to None, run_after=None
[2025-06-05T05:21:08.660+0000] {processor.py:208} INFO - Processing /opt/airflow/dags/Sesion5/Dataset_S5_4.py took 0.256 seconds
[2025-06-05T05:21:39.522+0000] {processor.py:186} INFO - Started process (PID=344) to work on /opt/airflow/dags/Sesion5/Dataset_S5_4.py
[2025-06-05T05:21:39.523+0000] {processor.py:914} INFO - Processing file /opt/airflow/dags/Sesion5/Dataset_S5_4.py for tasks to queue
[2025-06-05T05:21:39.526+0000] {logging_mixin.py:190} INFO - [2025-06-05T05:21:39.525+0000] {dagbag.py:588} INFO - Filling up the DagBag from /opt/airflow/dags/Sesion5/Dataset_S5_4.py
[2025-06-05T05:21:39.532+0000] {processor.py:925} INFO - DAG(s) 'final_dag_ej2' retrieved from /opt/airflow/dags/Sesion5/Dataset_S5_4.py
[2025-06-05T05:21:39.551+0000] {logging_mixin.py:190} INFO - [2025-06-05T05:21:39.551+0000] {dag.py:3239} INFO - Sync 1 DAGs
[2025-06-05T05:21:39.579+0000] {logging_mixin.py:190} INFO - [2025-06-05T05:21:39.579+0000] {dag.py:4180} INFO - Setting next_dagrun for final_dag_ej2 to None, run_after=None
[2025-06-05T05:21:39.605+0000] {processor.py:208} INFO - Processing /opt/airflow/dags/Sesion5/Dataset_S5_4.py took 0.090 seconds
[2025-06-05T05:22:09.801+0000] {processor.py:186} INFO - Started process (PID=459) to work on /opt/airflow/dags/Sesion5/Dataset_S5_4.py
[2025-06-05T05:22:09.802+0000] {processor.py:914} INFO - Processing file /opt/airflow/dags/Sesion5/Dataset_S5_4.py for tasks to queue
[2025-06-05T05:22:09.805+0000] {logging_mixin.py:190} INFO - [2025-06-05T05:22:09.804+0000] {dagbag.py:588} INFO - Filling up the DagBag from /opt/airflow/dags/Sesion5/Dataset_S5_4.py
[2025-06-05T05:22:09.812+0000] {processor.py:925} INFO - DAG(s) 'final_dag_ej2' retrieved from /opt/airflow/dags/Sesion5/Dataset_S5_4.py
[2025-06-05T05:22:09.890+0000] {logging_mixin.py:190} INFO - [2025-06-05T05:22:09.890+0000] {dag.py:3239} INFO - Sync 1 DAGs
[2025-06-05T05:22:09.950+0000] {logging_mixin.py:190} INFO - [2025-06-05T05:22:09.949+0000] {dag.py:4180} INFO - Setting next_dagrun for final_dag_ej2 to None, run_after=None
[2025-06-05T05:22:09.976+0000] {processor.py:208} INFO - Processing /opt/airflow/dags/Sesion5/Dataset_S5_4.py took 0.185 seconds
[2025-06-05T05:22:41.065+0000] {processor.py:186} INFO - Started process (PID=574) to work on /opt/airflow/dags/Sesion5/Dataset_S5_4.py
[2025-06-05T05:22:41.066+0000] {processor.py:914} INFO - Processing file /opt/airflow/dags/Sesion5/Dataset_S5_4.py for tasks to queue
[2025-06-05T05:22:41.068+0000] {logging_mixin.py:190} INFO - [2025-06-05T05:22:41.068+0000] {dagbag.py:588} INFO - Filling up the DagBag from /opt/airflow/dags/Sesion5/Dataset_S5_4.py
[2025-06-05T05:22:41.075+0000] {processor.py:925} INFO - DAG(s) 'final_dag_ej2' retrieved from /opt/airflow/dags/Sesion5/Dataset_S5_4.py
[2025-06-05T05:22:41.097+0000] {logging_mixin.py:190} INFO - [2025-06-05T05:22:41.097+0000] {dag.py:3239} INFO - Sync 1 DAGs
[2025-06-05T05:22:41.124+0000] {logging_mixin.py:190} INFO - [2025-06-05T05:22:41.124+0000] {dag.py:4180} INFO - Setting next_dagrun for final_dag_ej2 to None, run_after=None
[2025-06-05T05:22:41.172+0000] {processor.py:208} INFO - Processing /opt/airflow/dags/Sesion5/Dataset_S5_4.py took 0.113 seconds
[2025-06-05T05:23:12.435+0000] {processor.py:186} INFO - Started process (PID=689) to work on /opt/airflow/dags/Sesion5/Dataset_S5_4.py
[2025-06-05T05:23:12.436+0000] {processor.py:914} INFO - Processing file /opt/airflow/dags/Sesion5/Dataset_S5_4.py for tasks to queue
[2025-06-05T05:23:12.439+0000] {logging_mixin.py:190} INFO - [2025-06-05T05:23:12.438+0000] {dagbag.py:588} INFO - Filling up the DagBag from /opt/airflow/dags/Sesion5/Dataset_S5_4.py
[2025-06-05T05:23:12.446+0000] {processor.py:925} INFO - DAG(s) 'final_dag_ej2' retrieved from /opt/airflow/dags/Sesion5/Dataset_S5_4.py
[2025-06-05T05:23:12.467+0000] {logging_mixin.py:190} INFO - [2025-06-05T05:23:12.467+0000] {dag.py:3239} INFO - Sync 1 DAGs
[2025-06-05T05:23:12.497+0000] {logging_mixin.py:190} INFO - [2025-06-05T05:23:12.497+0000] {dag.py:4180} INFO - Setting next_dagrun for final_dag_ej2 to None, run_after=None
[2025-06-05T05:23:12.524+0000] {processor.py:208} INFO - Processing /opt/airflow/dags/Sesion5/Dataset_S5_4.py took 0.096 seconds
[2025-06-05T05:23:43.747+0000] {processor.py:186} INFO - Started process (PID=798) to work on /opt/airflow/dags/Sesion5/Dataset_S5_4.py
[2025-06-05T05:23:43.748+0000] {processor.py:914} INFO - Processing file /opt/airflow/dags/Sesion5/Dataset_S5_4.py for tasks to queue
[2025-06-05T05:23:43.750+0000] {logging_mixin.py:190} INFO - [2025-06-05T05:23:43.750+0000] {dagbag.py:588} INFO - Filling up the DagBag from /opt/airflow/dags/Sesion5/Dataset_S5_4.py
[2025-06-05T05:23:43.757+0000] {processor.py:925} INFO - DAG(s) 'final_dag_ej2' retrieved from /opt/airflow/dags/Sesion5/Dataset_S5_4.py
[2025-06-05T05:23:43.778+0000] {logging_mixin.py:190} INFO - [2025-06-05T05:23:43.778+0000] {dag.py:3239} INFO - Sync 1 DAGs
[2025-06-05T05:23:43.815+0000] {logging_mixin.py:190} INFO - [2025-06-05T05:23:43.815+0000] {dag.py:4180} INFO - Setting next_dagrun for final_dag_ej2 to None, run_after=None
[2025-06-05T05:23:43.839+0000] {processor.py:208} INFO - Processing /opt/airflow/dags/Sesion5/Dataset_S5_4.py took 0.099 seconds
[2025-06-05T05:24:15.728+0000] {processor.py:186} INFO - Started process (PID=913) to work on /opt/airflow/dags/Sesion5/Dataset_S5_4.py
[2025-06-05T05:24:15.730+0000] {processor.py:914} INFO - Processing file /opt/airflow/dags/Sesion5/Dataset_S5_4.py for tasks to queue
[2025-06-05T05:24:15.735+0000] {logging_mixin.py:190} INFO - [2025-06-05T05:24:15.734+0000] {dagbag.py:588} INFO - Filling up the DagBag from /opt/airflow/dags/Sesion5/Dataset_S5_4.py
[2025-06-05T05:24:15.759+0000] {processor.py:925} INFO - DAG(s) 'final_dag_ej2' retrieved from /opt/airflow/dags/Sesion5/Dataset_S5_4.py
[2025-06-05T05:24:15.795+0000] {logging_mixin.py:190} INFO - [2025-06-05T05:24:15.795+0000] {dag.py:3239} INFO - Sync 1 DAGs
[2025-06-05T05:24:15.829+0000] {logging_mixin.py:190} INFO - [2025-06-05T05:24:15.829+0000] {dag.py:4180} INFO - Setting next_dagrun for final_dag_ej2 to None, run_after=None
[2025-06-05T05:24:15.855+0000] {processor.py:208} INFO - Processing /opt/airflow/dags/Sesion5/Dataset_S5_4.py took 0.142 seconds
[2025-06-05T05:24:46.714+0000] {processor.py:186} INFO - Started process (PID=1028) to work on /opt/airflow/dags/Sesion5/Dataset_S5_4.py
[2025-06-05T05:24:46.715+0000] {processor.py:914} INFO - Processing file /opt/airflow/dags/Sesion5/Dataset_S5_4.py for tasks to queue
[2025-06-05T05:24:46.717+0000] {logging_mixin.py:190} INFO - [2025-06-05T05:24:46.717+0000] {dagbag.py:588} INFO - Filling up the DagBag from /opt/airflow/dags/Sesion5/Dataset_S5_4.py
[2025-06-05T05:24:46.725+0000] {processor.py:925} INFO - DAG(s) 'final_dag_ej2' retrieved from /opt/airflow/dags/Sesion5/Dataset_S5_4.py
[2025-06-05T05:24:46.746+0000] {logging_mixin.py:190} INFO - [2025-06-05T05:24:46.746+0000] {dag.py:3239} INFO - Sync 1 DAGs
[2025-06-05T05:24:46.778+0000] {logging_mixin.py:190} INFO - [2025-06-05T05:24:46.777+0000] {dag.py:4180} INFO - Setting next_dagrun for final_dag_ej2 to None, run_after=None
[2025-06-05T05:24:46.801+0000] {processor.py:208} INFO - Processing /opt/airflow/dags/Sesion5/Dataset_S5_4.py took 0.095 seconds
[2025-06-05T05:25:18.082+0000] {processor.py:186} INFO - Started process (PID=1143) to work on /opt/airflow/dags/Sesion5/Dataset_S5_4.py
[2025-06-05T05:25:18.083+0000] {processor.py:914} INFO - Processing file /opt/airflow/dags/Sesion5/Dataset_S5_4.py for tasks to queue
[2025-06-05T05:25:18.085+0000] {logging_mixin.py:190} INFO - [2025-06-05T05:25:18.084+0000] {dagbag.py:588} INFO - Filling up the DagBag from /opt/airflow/dags/Sesion5/Dataset_S5_4.py
[2025-06-05T05:25:18.091+0000] {processor.py:925} INFO - DAG(s) 'final_dag_ej2' retrieved from /opt/airflow/dags/Sesion5/Dataset_S5_4.py
[2025-06-05T05:25:18.110+0000] {logging_mixin.py:190} INFO - [2025-06-05T05:25:18.110+0000] {dag.py:3239} INFO - Sync 1 DAGs
[2025-06-05T05:25:18.137+0000] {logging_mixin.py:190} INFO - [2025-06-05T05:25:18.136+0000] {dag.py:4180} INFO - Setting next_dagrun for final_dag_ej2 to None, run_after=None
[2025-06-05T05:25:18.162+0000] {processor.py:208} INFO - Processing /opt/airflow/dags/Sesion5/Dataset_S5_4.py took 0.087 seconds
[2025-06-05T05:25:49.345+0000] {processor.py:186} INFO - Started process (PID=1258) to work on /opt/airflow/dags/Sesion5/Dataset_S5_4.py
[2025-06-05T05:25:49.346+0000] {processor.py:914} INFO - Processing file /opt/airflow/dags/Sesion5/Dataset_S5_4.py for tasks to queue
[2025-06-05T05:25:49.349+0000] {logging_mixin.py:190} INFO - [2025-06-05T05:25:49.348+0000] {dagbag.py:588} INFO - Filling up the DagBag from /opt/airflow/dags/Sesion5/Dataset_S5_4.py
[2025-06-05T05:25:49.356+0000] {processor.py:925} INFO - DAG(s) 'final_dag_ej2' retrieved from /opt/airflow/dags/Sesion5/Dataset_S5_4.py
[2025-06-05T05:25:49.375+0000] {logging_mixin.py:190} INFO - [2025-06-05T05:25:49.375+0000] {dag.py:3239} INFO - Sync 1 DAGs
[2025-06-05T05:25:49.406+0000] {logging_mixin.py:190} INFO - [2025-06-05T05:25:49.406+0000] {dag.py:4180} INFO - Setting next_dagrun for final_dag_ej2 to None, run_after=None
[2025-06-05T05:25:49.431+0000] {processor.py:208} INFO - Processing /opt/airflow/dags/Sesion5/Dataset_S5_4.py took 0.092 seconds
[2025-06-05T05:26:20.826+0000] {processor.py:186} INFO - Started process (PID=1379) to work on /opt/airflow/dags/Sesion5/Dataset_S5_4.py
[2025-06-05T05:26:20.827+0000] {processor.py:914} INFO - Processing file /opt/airflow/dags/Sesion5/Dataset_S5_4.py for tasks to queue
[2025-06-05T05:26:20.829+0000] {logging_mixin.py:190} INFO - [2025-06-05T05:26:20.829+0000] {dagbag.py:588} INFO - Filling up the DagBag from /opt/airflow/dags/Sesion5/Dataset_S5_4.py
[2025-06-05T05:26:20.836+0000] {processor.py:925} INFO - DAG(s) 'final_dag_ej2' retrieved from /opt/airflow/dags/Sesion5/Dataset_S5_4.py
[2025-06-05T05:26:20.855+0000] {logging_mixin.py:190} INFO - [2025-06-05T05:26:20.855+0000] {dag.py:3239} INFO - Sync 1 DAGs
[2025-06-05T05:26:20.884+0000] {logging_mixin.py:190} INFO - [2025-06-05T05:26:20.883+0000] {dag.py:4180} INFO - Setting next_dagrun for final_dag_ej2 to None, run_after=None
[2025-06-05T05:26:20.917+0000] {processor.py:208} INFO - Processing /opt/airflow/dags/Sesion5/Dataset_S5_4.py took 0.097 seconds
[2025-06-05T05:26:51.797+0000] {processor.py:186} INFO - Started process (PID=1494) to work on /opt/airflow/dags/Sesion5/Dataset_S5_4.py
[2025-06-05T05:26:51.798+0000] {processor.py:914} INFO - Processing file /opt/airflow/dags/Sesion5/Dataset_S5_4.py for tasks to queue
[2025-06-05T05:26:51.800+0000] {logging_mixin.py:190} INFO - [2025-06-05T05:26:51.800+0000] {dagbag.py:588} INFO - Filling up the DagBag from /opt/airflow/dags/Sesion5/Dataset_S5_4.py
[2025-06-05T05:26:51.807+0000] {processor.py:925} INFO - DAG(s) 'final_dag_ej2' retrieved from /opt/airflow/dags/Sesion5/Dataset_S5_4.py
[2025-06-05T05:26:51.827+0000] {logging_mixin.py:190} INFO - [2025-06-05T05:26:51.827+0000] {dag.py:3239} INFO - Sync 1 DAGs
[2025-06-05T05:26:51.855+0000] {logging_mixin.py:190} INFO - [2025-06-05T05:26:51.854+0000] {dag.py:4180} INFO - Setting next_dagrun for final_dag_ej2 to None, run_after=None
[2025-06-05T05:26:51.879+0000] {processor.py:208} INFO - Processing /opt/airflow/dags/Sesion5/Dataset_S5_4.py took 0.089 seconds
[2025-06-05T05:27:22.951+0000] {processor.py:186} INFO - Started process (PID=1603) to work on /opt/airflow/dags/Sesion5/Dataset_S5_4.py
[2025-06-05T05:27:22.952+0000] {processor.py:914} INFO - Processing file /opt/airflow/dags/Sesion5/Dataset_S5_4.py for tasks to queue
[2025-06-05T05:27:22.954+0000] {logging_mixin.py:190} INFO - [2025-06-05T05:27:22.954+0000] {dagbag.py:588} INFO - Filling up the DagBag from /opt/airflow/dags/Sesion5/Dataset_S5_4.py
[2025-06-05T05:27:22.961+0000] {processor.py:925} INFO - DAG(s) 'final_dag_ej2' retrieved from /opt/airflow/dags/Sesion5/Dataset_S5_4.py
[2025-06-05T05:27:22.983+0000] {logging_mixin.py:190} INFO - [2025-06-05T05:27:22.983+0000] {dag.py:3239} INFO - Sync 1 DAGs
[2025-06-05T05:27:23.014+0000] {logging_mixin.py:190} INFO - [2025-06-05T05:27:23.014+0000] {dag.py:4180} INFO - Setting next_dagrun for final_dag_ej2 to None, run_after=None
[2025-06-05T05:27:23.056+0000] {processor.py:208} INFO - Processing /opt/airflow/dags/Sesion5/Dataset_S5_4.py took 0.112 seconds
[2025-06-05T05:27:55.291+0000] {processor.py:186} INFO - Started process (PID=1724) to work on /opt/airflow/dags/Sesion5/Dataset_S5_4.py
[2025-06-05T05:27:55.292+0000] {processor.py:914} INFO - Processing file /opt/airflow/dags/Sesion5/Dataset_S5_4.py for tasks to queue
[2025-06-05T05:27:55.295+0000] {logging_mixin.py:190} INFO - [2025-06-05T05:27:55.294+0000] {dagbag.py:588} INFO - Filling up the DagBag from /opt/airflow/dags/Sesion5/Dataset_S5_4.py
[2025-06-05T05:27:55.303+0000] {processor.py:925} INFO - DAG(s) 'final_dag_ej2' retrieved from /opt/airflow/dags/Sesion5/Dataset_S5_4.py
[2025-06-05T05:27:55.327+0000] {logging_mixin.py:190} INFO - [2025-06-05T05:27:55.327+0000] {dag.py:3239} INFO - Sync 1 DAGs
[2025-06-05T05:27:55.362+0000] {logging_mixin.py:190} INFO - [2025-06-05T05:27:55.362+0000] {dag.py:4180} INFO - Setting next_dagrun for final_dag_ej2 to None, run_after=None
[2025-06-05T05:27:55.393+0000] {processor.py:208} INFO - Processing /opt/airflow/dags/Sesion5/Dataset_S5_4.py took 0.110 seconds
[2025-06-05T05:28:26.421+0000] {processor.py:186} INFO - Started process (PID=1838) to work on /opt/airflow/dags/Sesion5/Dataset_S5_4.py
[2025-06-05T05:28:26.422+0000] {processor.py:914} INFO - Processing file /opt/airflow/dags/Sesion5/Dataset_S5_4.py for tasks to queue
[2025-06-05T05:28:26.424+0000] {logging_mixin.py:190} INFO - [2025-06-05T05:28:26.424+0000] {dagbag.py:588} INFO - Filling up the DagBag from /opt/airflow/dags/Sesion5/Dataset_S5_4.py
[2025-06-05T05:28:26.432+0000] {processor.py:925} INFO - DAG(s) 'final_dag_ej2' retrieved from /opt/airflow/dags/Sesion5/Dataset_S5_4.py
[2025-06-05T05:28:26.454+0000] {logging_mixin.py:190} INFO - [2025-06-05T05:28:26.454+0000] {dag.py:3239} INFO - Sync 1 DAGs
[2025-06-05T05:28:26.486+0000] {logging_mixin.py:190} INFO - [2025-06-05T05:28:26.486+0000] {dag.py:4180} INFO - Setting next_dagrun for final_dag_ej2 to None, run_after=None
[2025-06-05T05:28:26.515+0000] {processor.py:208} INFO - Processing /opt/airflow/dags/Sesion5/Dataset_S5_4.py took 0.101 seconds
[2025-06-05T05:28:57.293+0000] {processor.py:186} INFO - Started process (PID=1948) to work on /opt/airflow/dags/Sesion5/Dataset_S5_4.py
[2025-06-05T05:28:57.295+0000] {processor.py:914} INFO - Processing file /opt/airflow/dags/Sesion5/Dataset_S5_4.py for tasks to queue
[2025-06-05T05:28:57.297+0000] {logging_mixin.py:190} INFO - [2025-06-05T05:28:57.296+0000] {dagbag.py:588} INFO - Filling up the DagBag from /opt/airflow/dags/Sesion5/Dataset_S5_4.py
[2025-06-05T05:28:57.304+0000] {processor.py:925} INFO - DAG(s) 'final_dag_ej2' retrieved from /opt/airflow/dags/Sesion5/Dataset_S5_4.py
[2025-06-05T05:28:57.326+0000] {logging_mixin.py:190} INFO - [2025-06-05T05:28:57.326+0000] {dag.py:3239} INFO - Sync 1 DAGs
[2025-06-05T05:28:57.358+0000] {logging_mixin.py:190} INFO - [2025-06-05T05:28:57.358+0000] {dag.py:4180} INFO - Setting next_dagrun for final_dag_ej2 to None, run_after=None
[2025-06-05T05:28:57.385+0000] {processor.py:208} INFO - Processing /opt/airflow/dags/Sesion5/Dataset_S5_4.py took 0.099 seconds
[2025-06-05T05:29:28.993+0000] {processor.py:186} INFO - Started process (PID=2063) to work on /opt/airflow/dags/Sesion5/Dataset_S5_4.py
[2025-06-05T05:29:28.996+0000] {processor.py:914} INFO - Processing file /opt/airflow/dags/Sesion5/Dataset_S5_4.py for tasks to queue
[2025-06-05T05:29:29.002+0000] {logging_mixin.py:190} INFO - [2025-06-05T05:29:29.002+0000] {dagbag.py:588} INFO - Filling up the DagBag from /opt/airflow/dags/Sesion5/Dataset_S5_4.py
[2025-06-05T05:29:29.014+0000] {processor.py:925} INFO - DAG(s) 'final_dag_ej2' retrieved from /opt/airflow/dags/Sesion5/Dataset_S5_4.py
[2025-06-05T05:29:29.052+0000] {logging_mixin.py:190} INFO - [2025-06-05T05:29:29.051+0000] {dag.py:3239} INFO - Sync 1 DAGs
[2025-06-05T05:29:29.100+0000] {logging_mixin.py:190} INFO - [2025-06-05T05:29:29.099+0000] {dag.py:4180} INFO - Setting next_dagrun for final_dag_ej2 to None, run_after=None
[2025-06-05T05:29:29.125+0000] {processor.py:208} INFO - Processing /opt/airflow/dags/Sesion5/Dataset_S5_4.py took 0.146 seconds
[2025-06-05T05:30:00.261+0000] {processor.py:186} INFO - Started process (PID=2178) to work on /opt/airflow/dags/Sesion5/Dataset_S5_4.py
[2025-06-05T05:30:00.262+0000] {processor.py:914} INFO - Processing file /opt/airflow/dags/Sesion5/Dataset_S5_4.py for tasks to queue
[2025-06-05T05:30:00.264+0000] {logging_mixin.py:190} INFO - [2025-06-05T05:30:00.264+0000] {dagbag.py:588} INFO - Filling up the DagBag from /opt/airflow/dags/Sesion5/Dataset_S5_4.py
[2025-06-05T05:30:00.274+0000] {processor.py:925} INFO - DAG(s) 'final_dag_ej2' retrieved from /opt/airflow/dags/Sesion5/Dataset_S5_4.py
[2025-06-05T05:30:00.294+0000] {logging_mixin.py:190} INFO - [2025-06-05T05:30:00.294+0000] {dag.py:3239} INFO - Sync 1 DAGs
[2025-06-05T05:30:00.323+0000] {logging_mixin.py:190} INFO - [2025-06-05T05:30:00.323+0000] {dag.py:4180} INFO - Setting next_dagrun for final_dag_ej2 to None, run_after=None
[2025-06-05T05:30:00.347+0000] {processor.py:208} INFO - Processing /opt/airflow/dags/Sesion5/Dataset_S5_4.py took 0.094 seconds
[2025-06-05T05:30:31.550+0000] {processor.py:186} INFO - Started process (PID=2293) to work on /opt/airflow/dags/Sesion5/Dataset_S5_4.py
[2025-06-05T05:30:31.551+0000] {processor.py:914} INFO - Processing file /opt/airflow/dags/Sesion5/Dataset_S5_4.py for tasks to queue
[2025-06-05T05:30:31.554+0000] {logging_mixin.py:190} INFO - [2025-06-05T05:30:31.554+0000] {dagbag.py:588} INFO - Filling up the DagBag from /opt/airflow/dags/Sesion5/Dataset_S5_4.py
[2025-06-05T05:30:31.563+0000] {processor.py:925} INFO - DAG(s) 'final_dag_ej2' retrieved from /opt/airflow/dags/Sesion5/Dataset_S5_4.py
[2025-06-05T05:30:31.593+0000] {logging_mixin.py:190} INFO - [2025-06-05T05:30:31.592+0000] {dag.py:3239} INFO - Sync 1 DAGs
[2025-06-05T05:30:31.628+0000] {logging_mixin.py:190} INFO - [2025-06-05T05:30:31.628+0000] {dag.py:4180} INFO - Setting next_dagrun for final_dag_ej2 to None, run_after=None
[2025-06-05T05:30:31.661+0000] {processor.py:208} INFO - Processing /opt/airflow/dags/Sesion5/Dataset_S5_4.py took 0.119 seconds
[2025-06-05T05:31:02.572+0000] {processor.py:186} INFO - Started process (PID=2408) to work on /opt/airflow/dags/Sesion5/Dataset_S5_4.py
[2025-06-05T05:31:02.573+0000] {processor.py:914} INFO - Processing file /opt/airflow/dags/Sesion5/Dataset_S5_4.py for tasks to queue
[2025-06-05T05:31:02.577+0000] {logging_mixin.py:190} INFO - [2025-06-05T05:31:02.576+0000] {dagbag.py:588} INFO - Filling up the DagBag from /opt/airflow/dags/Sesion5/Dataset_S5_4.py
[2025-06-05T05:31:02.585+0000] {processor.py:925} INFO - DAG(s) 'final_dag_ej2' retrieved from /opt/airflow/dags/Sesion5/Dataset_S5_4.py
[2025-06-05T05:31:02.609+0000] {logging_mixin.py:190} INFO - [2025-06-05T05:31:02.608+0000] {dag.py:3239} INFO - Sync 1 DAGs
[2025-06-05T05:31:02.643+0000] {logging_mixin.py:190} INFO - [2025-06-05T05:31:02.642+0000] {dag.py:4180} INFO - Setting next_dagrun for final_dag_ej2 to None, run_after=None
[2025-06-05T05:31:02.675+0000] {processor.py:208} INFO - Processing /opt/airflow/dags/Sesion5/Dataset_S5_4.py took 0.110 seconds
[2025-06-05T05:31:33.951+0000] {processor.py:186} INFO - Started process (PID=2529) to work on /opt/airflow/dags/Sesion5/Dataset_S5_4.py
[2025-06-05T05:31:33.957+0000] {processor.py:914} INFO - Processing file /opt/airflow/dags/Sesion5/Dataset_S5_4.py for tasks to queue
[2025-06-05T05:31:33.961+0000] {logging_mixin.py:190} INFO - [2025-06-05T05:31:33.960+0000] {dagbag.py:588} INFO - Filling up the DagBag from /opt/airflow/dags/Sesion5/Dataset_S5_4.py
[2025-06-05T05:31:33.971+0000] {processor.py:925} INFO - DAG(s) 'final_dag_ej2' retrieved from /opt/airflow/dags/Sesion5/Dataset_S5_4.py
[2025-06-05T05:31:33.998+0000] {logging_mixin.py:190} INFO - [2025-06-05T05:31:33.997+0000] {dag.py:3239} INFO - Sync 1 DAGs
[2025-06-05T05:31:34.045+0000] {logging_mixin.py:190} INFO - [2025-06-05T05:31:34.045+0000] {dag.py:4180} INFO - Setting next_dagrun for final_dag_ej2 to None, run_after=None
[2025-06-05T05:31:34.095+0000] {processor.py:208} INFO - Processing /opt/airflow/dags/Sesion5/Dataset_S5_4.py took 0.151 seconds
[2025-06-05T05:38:50.487+0000] {processor.py:186} INFO - Started process (PID=209) to work on /opt/airflow/dags/Sesion5/Dataset_S5_4.py
[2025-06-05T05:38:50.497+0000] {processor.py:914} INFO - Processing file /opt/airflow/dags/Sesion5/Dataset_S5_4.py for tasks to queue
[2025-06-05T05:38:50.507+0000] {logging_mixin.py:190} INFO - [2025-06-05T05:38:50.506+0000] {dagbag.py:588} INFO - Filling up the DagBag from /opt/airflow/dags/Sesion5/Dataset_S5_4.py
[2025-06-05T05:38:50.530+0000] {processor.py:925} INFO - DAG(s) 'final_dag_ej2' retrieved from /opt/airflow/dags/Sesion5/Dataset_S5_4.py
[2025-06-05T05:38:50.575+0000] {logging_mixin.py:190} INFO - [2025-06-05T05:38:50.575+0000] {dag.py:3239} INFO - Sync 1 DAGs
[2025-06-05T05:38:50.634+0000] {logging_mixin.py:190} INFO - [2025-06-05T05:38:50.634+0000] {dag.py:4180} INFO - Setting next_dagrun for final_dag_ej2 to None, run_after=None
[2025-06-05T05:38:50.671+0000] {processor.py:208} INFO - Processing /opt/airflow/dags/Sesion5/Dataset_S5_4.py took 0.230 seconds
[2025-06-05T05:39:22.155+0000] {processor.py:186} INFO - Started process (PID=322) to work on /opt/airflow/dags/Sesion5/Dataset_S5_4.py
[2025-06-05T05:39:22.155+0000] {processor.py:914} INFO - Processing file /opt/airflow/dags/Sesion5/Dataset_S5_4.py for tasks to queue
[2025-06-05T05:39:22.164+0000] {logging_mixin.py:190} INFO - [2025-06-05T05:39:22.163+0000] {dagbag.py:588} INFO - Filling up the DagBag from /opt/airflow/dags/Sesion5/Dataset_S5_4.py
[2025-06-05T05:39:22.171+0000] {processor.py:925} INFO - DAG(s) 'final_dag_ej2' retrieved from /opt/airflow/dags/Sesion5/Dataset_S5_4.py
[2025-06-05T05:39:22.189+0000] {logging_mixin.py:190} INFO - [2025-06-05T05:39:22.189+0000] {dag.py:3239} INFO - Sync 1 DAGs
[2025-06-05T05:39:22.218+0000] {logging_mixin.py:190} INFO - [2025-06-05T05:39:22.217+0000] {dag.py:4180} INFO - Setting next_dagrun for final_dag_ej2 to None, run_after=None
[2025-06-05T05:39:22.244+0000] {processor.py:208} INFO - Processing /opt/airflow/dags/Sesion5/Dataset_S5_4.py took 0.097 seconds
[2025-06-05T05:39:53.208+0000] {processor.py:186} INFO - Started process (PID=435) to work on /opt/airflow/dags/Sesion5/Dataset_S5_4.py
[2025-06-05T05:39:53.209+0000] {processor.py:914} INFO - Processing file /opt/airflow/dags/Sesion5/Dataset_S5_4.py for tasks to queue
[2025-06-05T05:39:53.211+0000] {logging_mixin.py:190} INFO - [2025-06-05T05:39:53.210+0000] {dagbag.py:588} INFO - Filling up the DagBag from /opt/airflow/dags/Sesion5/Dataset_S5_4.py
[2025-06-05T05:39:53.218+0000] {processor.py:925} INFO - DAG(s) 'final_dag_ej2' retrieved from /opt/airflow/dags/Sesion5/Dataset_S5_4.py
[2025-06-05T05:39:53.239+0000] {logging_mixin.py:190} INFO - [2025-06-05T05:39:53.239+0000] {dag.py:3239} INFO - Sync 1 DAGs
[2025-06-05T05:39:53.270+0000] {logging_mixin.py:190} INFO - [2025-06-05T05:39:53.270+0000] {dag.py:4180} INFO - Setting next_dagrun for final_dag_ej2 to None, run_after=None
[2025-06-05T05:39:53.295+0000] {processor.py:208} INFO - Processing /opt/airflow/dags/Sesion5/Dataset_S5_4.py took 0.094 seconds
[2025-06-05T05:40:23.798+0000] {processor.py:186} INFO - Started process (PID=542) to work on /opt/airflow/dags/Sesion5/Dataset_S5_4.py
[2025-06-05T05:40:23.799+0000] {processor.py:914} INFO - Processing file /opt/airflow/dags/Sesion5/Dataset_S5_4.py for tasks to queue
[2025-06-05T05:40:23.800+0000] {logging_mixin.py:190} INFO - [2025-06-05T05:40:23.800+0000] {dagbag.py:588} INFO - Filling up the DagBag from /opt/airflow/dags/Sesion5/Dataset_S5_4.py
[2025-06-05T05:40:23.808+0000] {processor.py:925} INFO - DAG(s) 'final_dag_ej2' retrieved from /opt/airflow/dags/Sesion5/Dataset_S5_4.py
[2025-06-05T05:40:23.827+0000] {logging_mixin.py:190} INFO - [2025-06-05T05:40:23.827+0000] {dag.py:3239} INFO - Sync 1 DAGs
[2025-06-05T05:40:23.858+0000] {logging_mixin.py:190} INFO - [2025-06-05T05:40:23.858+0000] {dag.py:4180} INFO - Setting next_dagrun for final_dag_ej2 to None, run_after=None
[2025-06-05T05:40:23.891+0000] {processor.py:208} INFO - Processing /opt/airflow/dags/Sesion5/Dataset_S5_4.py took 0.099 seconds
[2025-06-05T05:40:54.583+0000] {processor.py:186} INFO - Started process (PID=655) to work on /opt/airflow/dags/Sesion5/Dataset_S5_4.py
[2025-06-05T05:40:54.583+0000] {processor.py:914} INFO - Processing file /opt/airflow/dags/Sesion5/Dataset_S5_4.py for tasks to queue
[2025-06-05T05:40:54.585+0000] {logging_mixin.py:190} INFO - [2025-06-05T05:40:54.584+0000] {dagbag.py:588} INFO - Filling up the DagBag from /opt/airflow/dags/Sesion5/Dataset_S5_4.py
[2025-06-05T05:40:54.592+0000] {processor.py:925} INFO - DAG(s) 'final_dag_ej2' retrieved from /opt/airflow/dags/Sesion5/Dataset_S5_4.py
[2025-06-05T05:40:54.611+0000] {logging_mixin.py:190} INFO - [2025-06-05T05:40:54.611+0000] {dag.py:3239} INFO - Sync 1 DAGs
[2025-06-05T05:40:54.640+0000] {logging_mixin.py:190} INFO - [2025-06-05T05:40:54.640+0000] {dag.py:4180} INFO - Setting next_dagrun for final_dag_ej2 to None, run_after=None
[2025-06-05T05:40:54.691+0000] {processor.py:208} INFO - Processing /opt/airflow/dags/Sesion5/Dataset_S5_4.py took 0.115 seconds
[2025-06-05T05:41:24.999+0000] {processor.py:186} INFO - Started process (PID=768) to work on /opt/airflow/dags/Sesion5/Dataset_S5_4.py
[2025-06-05T05:41:24.999+0000] {processor.py:914} INFO - Processing file /opt/airflow/dags/Sesion5/Dataset_S5_4.py for tasks to queue
[2025-06-05T05:41:25.001+0000] {logging_mixin.py:190} INFO - [2025-06-05T05:41:25.001+0000] {dagbag.py:588} INFO - Filling up the DagBag from /opt/airflow/dags/Sesion5/Dataset_S5_4.py
[2025-06-05T05:41:25.008+0000] {processor.py:925} INFO - DAG(s) 'final_dag_ej2' retrieved from /opt/airflow/dags/Sesion5/Dataset_S5_4.py
[2025-06-05T05:41:25.027+0000] {logging_mixin.py:190} INFO - [2025-06-05T05:41:25.027+0000] {dag.py:3239} INFO - Sync 1 DAGs
[2025-06-05T05:41:25.057+0000] {logging_mixin.py:190} INFO - [2025-06-05T05:41:25.057+0000] {dag.py:4180} INFO - Setting next_dagrun for final_dag_ej2 to None, run_after=None
[2025-06-05T05:41:25.084+0000] {processor.py:208} INFO - Processing /opt/airflow/dags/Sesion5/Dataset_S5_4.py took 0.093 seconds
[2025-06-05T05:41:56.402+0000] {processor.py:186} INFO - Started process (PID=881) to work on /opt/airflow/dags/Sesion5/Dataset_S5_4.py
[2025-06-05T05:41:56.402+0000] {processor.py:914} INFO - Processing file /opt/airflow/dags/Sesion5/Dataset_S5_4.py for tasks to queue
[2025-06-05T05:41:56.404+0000] {logging_mixin.py:190} INFO - [2025-06-05T05:41:56.403+0000] {dagbag.py:588} INFO - Filling up the DagBag from /opt/airflow/dags/Sesion5/Dataset_S5_4.py
[2025-06-05T05:41:56.411+0000] {processor.py:925} INFO - DAG(s) 'final_dag_ej2' retrieved from /opt/airflow/dags/Sesion5/Dataset_S5_4.py
[2025-06-05T05:41:56.431+0000] {logging_mixin.py:190} INFO - [2025-06-05T05:41:56.430+0000] {dag.py:3239} INFO - Sync 1 DAGs
[2025-06-05T05:41:56.460+0000] {logging_mixin.py:190} INFO - [2025-06-05T05:41:56.460+0000] {dag.py:4180} INFO - Setting next_dagrun for final_dag_ej2 to None, run_after=None
[2025-06-05T05:41:56.486+0000] {processor.py:208} INFO - Processing /opt/airflow/dags/Sesion5/Dataset_S5_4.py took 0.091 seconds
