[2025-06-05T02:01:19.404+0000] {processor.py:186} INFO - Started process (PID=219) to work on /opt/airflow/dags/Sesion5/Dataset_S5_3.py
[2025-06-05T02:01:19.404+0000] {processor.py:914} INFO - Processing file /opt/airflow/dags/Sesion5/Dataset_S5_3.py for tasks to queue
[2025-06-05T02:01:19.407+0000] {logging_mixin.py:190} INFO - [2025-06-05T02:01:19.406+0000] {dagbag.py:588} INFO - Filling up the DagBag from /opt/airflow/dags/Sesion5/Dataset_S5_3.py
[2025-06-05T02:01:19.416+0000] {processor.py:925} INFO - DAG(s) 'consumer_dag_S5_ej2_2' retrieved from /opt/airflow/dags/Sesion5/Dataset_S5_3.py
[2025-06-05T02:01:19.473+0000] {logging_mixin.py:190} INFO - [2025-06-05T02:01:19.473+0000] {dag.py:3239} INFO - Sync 1 DAGs
[2025-06-05T02:01:19.550+0000] {logging_mixin.py:190} INFO - [2025-06-05T02:01:19.549+0000] {dag.py:4180} INFO - Setting next_dagrun for consumer_dag_S5_ej2_2 to None, run_after=None
[2025-06-05T02:01:19.847+0000] {processor.py:208} INFO - Processing /opt/airflow/dags/Sesion5/Dataset_S5_3.py took 0.451 seconds
[2025-06-05T02:01:52.726+0000] {processor.py:186} INFO - Started process (PID=332) to work on /opt/airflow/dags/Sesion5/Dataset_S5_3.py
[2025-06-05T02:01:52.727+0000] {processor.py:914} INFO - Processing file /opt/airflow/dags/Sesion5/Dataset_S5_3.py for tasks to queue
[2025-06-05T02:01:52.729+0000] {logging_mixin.py:190} INFO - [2025-06-05T02:01:52.729+0000] {dagbag.py:588} INFO - Filling up the DagBag from /opt/airflow/dags/Sesion5/Dataset_S5_3.py
[2025-06-05T02:01:52.754+0000] {processor.py:925} INFO - DAG(s) 'consumer_dag_S5_ej2_2' retrieved from /opt/airflow/dags/Sesion5/Dataset_S5_3.py
[2025-06-05T02:01:52.861+0000] {logging_mixin.py:190} INFO - [2025-06-05T02:01:52.861+0000] {dag.py:3239} INFO - Sync 1 DAGs
[2025-06-05T02:01:52.924+0000] {logging_mixin.py:190} INFO - [2025-06-05T02:01:52.924+0000] {dag.py:4180} INFO - Setting next_dagrun for consumer_dag_S5_ej2_2 to None, run_after=None
[2025-06-05T02:01:53.043+0000] {processor.py:208} INFO - Processing /opt/airflow/dags/Sesion5/Dataset_S5_3.py took 0.324 seconds
[2025-06-05T02:02:26.041+0000] {processor.py:186} INFO - Started process (PID=495) to work on /opt/airflow/dags/Sesion5/Dataset_S5_3.py
[2025-06-05T02:02:26.044+0000] {processor.py:914} INFO - Processing file /opt/airflow/dags/Sesion5/Dataset_S5_3.py for tasks to queue
[2025-06-05T02:02:26.055+0000] {logging_mixin.py:190} INFO - [2025-06-05T02:02:26.055+0000] {dagbag.py:588} INFO - Filling up the DagBag from /opt/airflow/dags/Sesion5/Dataset_S5_3.py
[2025-06-05T02:02:26.081+0000] {processor.py:925} INFO - DAG(s) 'consumer_dag_S5_ej2_2' retrieved from /opt/airflow/dags/Sesion5/Dataset_S5_3.py
[2025-06-05T02:02:30.675+0000] {logging_mixin.py:190} INFO - [2025-06-05T02:02:30.674+0000] {process_utils.py:266} INFO - Waiting up to 5 seconds for processes to exit...
[2025-06-05T02:04:29.139+0000] {processor.py:186} INFO - Started process (PID=201) to work on /opt/airflow/dags/Sesion5/Dataset_S5_3.py
[2025-06-05T02:04:29.155+0000] {processor.py:914} INFO - Processing file /opt/airflow/dags/Sesion5/Dataset_S5_3.py for tasks to queue
[2025-06-05T02:04:29.193+0000] {logging_mixin.py:190} INFO - [2025-06-05T02:04:29.193+0000] {dagbag.py:588} INFO - Filling up the DagBag from /opt/airflow/dags/Sesion5/Dataset_S5_3.py
[2025-06-05T02:04:29.250+0000] {processor.py:925} INFO - DAG(s) 'consumer_dag_S5_ej2_2' retrieved from /opt/airflow/dags/Sesion5/Dataset_S5_3.py
[2025-06-05T02:04:29.286+0000] {logging_mixin.py:190} INFO - [2025-06-05T02:04:29.286+0000] {dag.py:3239} INFO - Sync 1 DAGs
[2025-06-05T02:04:29.338+0000] {logging_mixin.py:190} INFO - [2025-06-05T02:04:29.338+0000] {dag.py:4180} INFO - Setting next_dagrun for consumer_dag_S5_ej2_2 to None, run_after=None
[2025-06-05T02:04:29.432+0000] {processor.py:208} INFO - Processing /opt/airflow/dags/Sesion5/Dataset_S5_3.py took 0.325 seconds
[2025-06-05T02:04:59.880+0000] {processor.py:186} INFO - Started process (PID=314) to work on /opt/airflow/dags/Sesion5/Dataset_S5_3.py
[2025-06-05T02:04:59.883+0000] {processor.py:914} INFO - Processing file /opt/airflow/dags/Sesion5/Dataset_S5_3.py for tasks to queue
[2025-06-05T02:04:59.889+0000] {logging_mixin.py:190} INFO - [2025-06-05T02:04:59.889+0000] {dagbag.py:588} INFO - Filling up the DagBag from /opt/airflow/dags/Sesion5/Dataset_S5_3.py
[2025-06-05T02:04:59.897+0000] {processor.py:925} INFO - DAG(s) 'consumer_dag_S5_ej2_2' retrieved from /opt/airflow/dags/Sesion5/Dataset_S5_3.py
[2025-06-05T02:04:59.918+0000] {logging_mixin.py:190} INFO - [2025-06-05T02:04:59.918+0000] {dag.py:3239} INFO - Sync 1 DAGs
[2025-06-05T02:04:59.946+0000] {logging_mixin.py:190} INFO - [2025-06-05T02:04:59.946+0000] {dag.py:4180} INFO - Setting next_dagrun for consumer_dag_S5_ej2_2 to None, run_after=None
[2025-06-05T02:04:59.971+0000] {processor.py:208} INFO - Processing /opt/airflow/dags/Sesion5/Dataset_S5_3.py took 0.098 seconds
[2025-06-05T02:05:30.151+0000] {processor.py:186} INFO - Started process (PID=423) to work on /opt/airflow/dags/Sesion5/Dataset_S5_3.py
[2025-06-05T02:05:30.152+0000] {processor.py:914} INFO - Processing file /opt/airflow/dags/Sesion5/Dataset_S5_3.py for tasks to queue
[2025-06-05T02:05:30.158+0000] {logging_mixin.py:190} INFO - [2025-06-05T02:05:30.157+0000] {dagbag.py:588} INFO - Filling up the DagBag from /opt/airflow/dags/Sesion5/Dataset_S5_3.py
[2025-06-05T02:05:30.174+0000] {processor.py:925} INFO - DAG(s) 'consumer_dag_S5_ej2_2' retrieved from /opt/airflow/dags/Sesion5/Dataset_S5_3.py
[2025-06-05T02:05:30.228+0000] {logging_mixin.py:190} INFO - [2025-06-05T02:05:30.228+0000] {dag.py:3239} INFO - Sync 1 DAGs
[2025-06-05T02:05:30.293+0000] {logging_mixin.py:190} INFO - [2025-06-05T02:05:30.293+0000] {dag.py:4180} INFO - Setting next_dagrun for consumer_dag_S5_ej2_2 to None, run_after=None
[2025-06-05T02:05:30.322+0000] {processor.py:208} INFO - Processing /opt/airflow/dags/Sesion5/Dataset_S5_3.py took 0.179 seconds
[2025-06-05T02:06:01.499+0000] {processor.py:186} INFO - Started process (PID=540) to work on /opt/airflow/dags/Sesion5/Dataset_S5_3.py
[2025-06-05T02:06:01.500+0000] {processor.py:914} INFO - Processing file /opt/airflow/dags/Sesion5/Dataset_S5_3.py for tasks to queue
[2025-06-05T02:06:01.503+0000] {logging_mixin.py:190} INFO - [2025-06-05T02:06:01.502+0000] {dagbag.py:588} INFO - Filling up the DagBag from /opt/airflow/dags/Sesion5/Dataset_S5_3.py
[2025-06-05T02:06:01.510+0000] {processor.py:925} INFO - DAG(s) 'consumer_dag_S5_ej2_2' retrieved from /opt/airflow/dags/Sesion5/Dataset_S5_3.py
[2025-06-05T02:06:01.534+0000] {logging_mixin.py:190} INFO - [2025-06-05T02:06:01.533+0000] {dag.py:3239} INFO - Sync 1 DAGs
[2025-06-05T02:06:01.565+0000] {logging_mixin.py:190} INFO - [2025-06-05T02:06:01.565+0000] {dag.py:4180} INFO - Setting next_dagrun for consumer_dag_S5_ej2_2 to None, run_after=None
[2025-06-05T02:06:01.593+0000] {processor.py:208} INFO - Processing /opt/airflow/dags/Sesion5/Dataset_S5_3.py took 0.100 seconds
[2025-06-05T02:06:32.658+0000] {processor.py:186} INFO - Started process (PID=653) to work on /opt/airflow/dags/Sesion5/Dataset_S5_3.py
[2025-06-05T02:06:32.660+0000] {processor.py:914} INFO - Processing file /opt/airflow/dags/Sesion5/Dataset_S5_3.py for tasks to queue
[2025-06-05T02:06:32.662+0000] {logging_mixin.py:190} INFO - [2025-06-05T02:06:32.662+0000] {dagbag.py:588} INFO - Filling up the DagBag from /opt/airflow/dags/Sesion5/Dataset_S5_3.py
[2025-06-05T02:06:32.670+0000] {processor.py:925} INFO - DAG(s) 'consumer_dag_S5_ej2_2' retrieved from /opt/airflow/dags/Sesion5/Dataset_S5_3.py
[2025-06-05T02:06:32.691+0000] {logging_mixin.py:190} INFO - [2025-06-05T02:06:32.691+0000] {dag.py:3239} INFO - Sync 1 DAGs
[2025-06-05T02:06:32.719+0000] {logging_mixin.py:190} INFO - [2025-06-05T02:06:32.719+0000] {dag.py:4180} INFO - Setting next_dagrun for consumer_dag_S5_ej2_2 to None, run_after=None
[2025-06-05T02:06:32.746+0000] {processor.py:208} INFO - Processing /opt/airflow/dags/Sesion5/Dataset_S5_3.py took 0.095 seconds
[2025-06-05T02:07:03.658+0000] {processor.py:186} INFO - Started process (PID=768) to work on /opt/airflow/dags/Sesion5/Dataset_S5_3.py
[2025-06-05T02:07:03.659+0000] {processor.py:914} INFO - Processing file /opt/airflow/dags/Sesion5/Dataset_S5_3.py for tasks to queue
[2025-06-05T02:07:03.661+0000] {logging_mixin.py:190} INFO - [2025-06-05T02:07:03.661+0000] {dagbag.py:588} INFO - Filling up the DagBag from /opt/airflow/dags/Sesion5/Dataset_S5_3.py
[2025-06-05T02:07:03.670+0000] {processor.py:925} INFO - DAG(s) 'consumer_dag_S5_ej2_2' retrieved from /opt/airflow/dags/Sesion5/Dataset_S5_3.py
[2025-06-05T02:07:03.692+0000] {logging_mixin.py:190} INFO - [2025-06-05T02:07:03.692+0000] {dag.py:3239} INFO - Sync 1 DAGs
[2025-06-05T02:07:03.721+0000] {logging_mixin.py:190} INFO - [2025-06-05T02:07:03.721+0000] {dag.py:4180} INFO - Setting next_dagrun for consumer_dag_S5_ej2_2 to None, run_after=None
[2025-06-05T02:07:03.748+0000] {processor.py:208} INFO - Processing /opt/airflow/dags/Sesion5/Dataset_S5_3.py took 0.098 seconds
[2025-06-05T02:07:34.967+0000] {processor.py:186} INFO - Started process (PID=885) to work on /opt/airflow/dags/Sesion5/Dataset_S5_3.py
[2025-06-05T02:07:34.968+0000] {processor.py:914} INFO - Processing file /opt/airflow/dags/Sesion5/Dataset_S5_3.py for tasks to queue
[2025-06-05T02:07:34.970+0000] {logging_mixin.py:190} INFO - [2025-06-05T02:07:34.970+0000] {dagbag.py:588} INFO - Filling up the DagBag from /opt/airflow/dags/Sesion5/Dataset_S5_3.py
[2025-06-05T02:07:34.977+0000] {processor.py:925} INFO - DAG(s) 'consumer_dag_S5_ej2_2' retrieved from /opt/airflow/dags/Sesion5/Dataset_S5_3.py
[2025-06-05T02:07:34.998+0000] {logging_mixin.py:190} INFO - [2025-06-05T02:07:34.998+0000] {dag.py:3239} INFO - Sync 1 DAGs
[2025-06-05T02:07:35.037+0000] {logging_mixin.py:190} INFO - [2025-06-05T02:07:35.037+0000] {dag.py:4180} INFO - Setting next_dagrun for consumer_dag_S5_ej2_2 to None, run_after=None
[2025-06-05T02:07:35.063+0000] {processor.py:208} INFO - Processing /opt/airflow/dags/Sesion5/Dataset_S5_3.py took 0.103 seconds
[2025-06-05T02:08:06.034+0000] {processor.py:186} INFO - Started process (PID=998) to work on /opt/airflow/dags/Sesion5/Dataset_S5_3.py
[2025-06-05T02:08:06.035+0000] {processor.py:914} INFO - Processing file /opt/airflow/dags/Sesion5/Dataset_S5_3.py for tasks to queue
[2025-06-05T02:08:06.041+0000] {logging_mixin.py:190} INFO - [2025-06-05T02:08:06.040+0000] {dagbag.py:588} INFO - Filling up the DagBag from /opt/airflow/dags/Sesion5/Dataset_S5_3.py
[2025-06-05T02:08:06.051+0000] {processor.py:925} INFO - DAG(s) 'consumer_dag_S5_ej2_2' retrieved from /opt/airflow/dags/Sesion5/Dataset_S5_3.py
[2025-06-05T02:08:06.077+0000] {logging_mixin.py:190} INFO - [2025-06-05T02:08:06.077+0000] {dag.py:3239} INFO - Sync 1 DAGs
[2025-06-05T02:08:06.131+0000] {logging_mixin.py:190} INFO - [2025-06-05T02:08:06.131+0000] {dag.py:4180} INFO - Setting next_dagrun for consumer_dag_S5_ej2_2 to None, run_after=None
[2025-06-05T02:08:06.205+0000] {processor.py:208} INFO - Processing /opt/airflow/dags/Sesion5/Dataset_S5_3.py took 0.179 seconds
[2025-06-05T02:08:37.513+0000] {processor.py:186} INFO - Started process (PID=1113) to work on /opt/airflow/dags/Sesion5/Dataset_S5_3.py
[2025-06-05T02:08:37.514+0000] {processor.py:914} INFO - Processing file /opt/airflow/dags/Sesion5/Dataset_S5_3.py for tasks to queue
[2025-06-05T02:08:37.517+0000] {logging_mixin.py:190} INFO - [2025-06-05T02:08:37.516+0000] {dagbag.py:588} INFO - Filling up the DagBag from /opt/airflow/dags/Sesion5/Dataset_S5_3.py
[2025-06-05T02:08:37.525+0000] {processor.py:925} INFO - DAG(s) 'consumer_dag_S5_ej2_2' retrieved from /opt/airflow/dags/Sesion5/Dataset_S5_3.py
[2025-06-05T02:08:37.545+0000] {logging_mixin.py:190} INFO - [2025-06-05T02:08:37.544+0000] {dag.py:3239} INFO - Sync 1 DAGs
[2025-06-05T02:08:37.580+0000] {logging_mixin.py:190} INFO - [2025-06-05T02:08:37.580+0000] {dag.py:4180} INFO - Setting next_dagrun for consumer_dag_S5_ej2_2 to None, run_after=None
[2025-06-05T02:08:37.606+0000] {processor.py:208} INFO - Processing /opt/airflow/dags/Sesion5/Dataset_S5_3.py took 0.100 seconds
[2025-06-05T02:09:08.465+0000] {processor.py:186} INFO - Started process (PID=1233) to work on /opt/airflow/dags/Sesion5/Dataset_S5_3.py
[2025-06-05T02:09:08.466+0000] {processor.py:914} INFO - Processing file /opt/airflow/dags/Sesion5/Dataset_S5_3.py for tasks to queue
[2025-06-05T02:09:08.468+0000] {logging_mixin.py:190} INFO - [2025-06-05T02:09:08.468+0000] {dagbag.py:588} INFO - Filling up the DagBag from /opt/airflow/dags/Sesion5/Dataset_S5_3.py
[2025-06-05T02:09:08.476+0000] {processor.py:925} INFO - DAG(s) 'consumer_dag_S5_ej2_2' retrieved from /opt/airflow/dags/Sesion5/Dataset_S5_3.py
[2025-06-05T02:09:08.498+0000] {logging_mixin.py:190} INFO - [2025-06-05T02:09:08.498+0000] {dag.py:3239} INFO - Sync 1 DAGs
[2025-06-05T02:09:08.528+0000] {logging_mixin.py:190} INFO - [2025-06-05T02:09:08.528+0000] {dag.py:4180} INFO - Setting next_dagrun for consumer_dag_S5_ej2_2 to None, run_after=None
[2025-06-05T02:09:08.558+0000] {processor.py:208} INFO - Processing /opt/airflow/dags/Sesion5/Dataset_S5_3.py took 0.099 seconds
[2025-06-05T02:09:39.888+0000] {processor.py:186} INFO - Started process (PID=1351) to work on /opt/airflow/dags/Sesion5/Dataset_S5_3.py
[2025-06-05T02:09:39.892+0000] {processor.py:914} INFO - Processing file /opt/airflow/dags/Sesion5/Dataset_S5_3.py for tasks to queue
[2025-06-05T02:09:39.895+0000] {logging_mixin.py:190} INFO - [2025-06-05T02:09:39.895+0000] {dagbag.py:588} INFO - Filling up the DagBag from /opt/airflow/dags/Sesion5/Dataset_S5_3.py
[2025-06-05T02:09:39.915+0000] {processor.py:925} INFO - DAG(s) 'consumer_dag_S5_ej2_2' retrieved from /opt/airflow/dags/Sesion5/Dataset_S5_3.py
[2025-06-05T02:09:39.949+0000] {logging_mixin.py:190} INFO - [2025-06-05T02:09:39.948+0000] {dag.py:3239} INFO - Sync 1 DAGs
[2025-06-05T02:09:39.981+0000] {logging_mixin.py:190} INFO - [2025-06-05T02:09:39.980+0000] {dag.py:4180} INFO - Setting next_dagrun for consumer_dag_S5_ej2_2 to None, run_after=None
[2025-06-05T02:09:40.006+0000] {processor.py:208} INFO - Processing /opt/airflow/dags/Sesion5/Dataset_S5_3.py took 0.129 seconds
[2025-06-05T02:10:10.858+0000] {processor.py:186} INFO - Started process (PID=1464) to work on /opt/airflow/dags/Sesion5/Dataset_S5_3.py
[2025-06-05T02:10:10.859+0000] {processor.py:914} INFO - Processing file /opt/airflow/dags/Sesion5/Dataset_S5_3.py for tasks to queue
[2025-06-05T02:10:10.861+0000] {logging_mixin.py:190} INFO - [2025-06-05T02:10:10.861+0000] {dagbag.py:588} INFO - Filling up the DagBag from /opt/airflow/dags/Sesion5/Dataset_S5_3.py
[2025-06-05T02:10:10.868+0000] {processor.py:925} INFO - DAG(s) 'consumer_dag_S5_ej2_2' retrieved from /opt/airflow/dags/Sesion5/Dataset_S5_3.py
[2025-06-05T02:10:10.890+0000] {logging_mixin.py:190} INFO - [2025-06-05T02:10:10.889+0000] {dag.py:3239} INFO - Sync 1 DAGs
[2025-06-05T02:10:10.916+0000] {logging_mixin.py:190} INFO - [2025-06-05T02:10:10.915+0000] {dag.py:4180} INFO - Setting next_dagrun for consumer_dag_S5_ej2_2 to None, run_after=None
[2025-06-05T02:10:10.944+0000] {processor.py:208} INFO - Processing /opt/airflow/dags/Sesion5/Dataset_S5_3.py took 0.093 seconds
[2025-06-05T02:10:41.882+0000] {processor.py:186} INFO - Started process (PID=1575) to work on /opt/airflow/dags/Sesion5/Dataset_S5_3.py
[2025-06-05T02:10:41.883+0000] {processor.py:914} INFO - Processing file /opt/airflow/dags/Sesion5/Dataset_S5_3.py for tasks to queue
[2025-06-05T02:10:41.885+0000] {logging_mixin.py:190} INFO - [2025-06-05T02:10:41.885+0000] {dagbag.py:588} INFO - Filling up the DagBag from /opt/airflow/dags/Sesion5/Dataset_S5_3.py
[2025-06-05T02:10:41.891+0000] {processor.py:925} INFO - DAG(s) 'consumer_dag_S5_ej2_2' retrieved from /opt/airflow/dags/Sesion5/Dataset_S5_3.py
[2025-06-05T02:10:41.907+0000] {logging_mixin.py:190} INFO - [2025-06-05T02:10:41.907+0000] {dag.py:3239} INFO - Sync 1 DAGs
[2025-06-05T02:10:41.927+0000] {logging_mixin.py:190} INFO - [2025-06-05T02:10:41.927+0000] {dag.py:4180} INFO - Setting next_dagrun for consumer_dag_S5_ej2_2 to None, run_after=None
[2025-06-05T02:10:41.946+0000] {processor.py:208} INFO - Processing /opt/airflow/dags/Sesion5/Dataset_S5_3.py took 0.069 seconds
[2025-06-05T02:11:13.255+0000] {processor.py:186} INFO - Started process (PID=1690) to work on /opt/airflow/dags/Sesion5/Dataset_S5_3.py
[2025-06-05T02:11:13.256+0000] {processor.py:914} INFO - Processing file /opt/airflow/dags/Sesion5/Dataset_S5_3.py for tasks to queue
[2025-06-05T02:11:13.257+0000] {logging_mixin.py:190} INFO - [2025-06-05T02:11:13.257+0000] {dagbag.py:588} INFO - Filling up the DagBag from /opt/airflow/dags/Sesion5/Dataset_S5_3.py
[2025-06-05T02:11:13.263+0000] {processor.py:925} INFO - DAG(s) 'consumer_dag_S5_ej2_2' retrieved from /opt/airflow/dags/Sesion5/Dataset_S5_3.py
[2025-06-05T02:11:13.278+0000] {logging_mixin.py:190} INFO - [2025-06-05T02:11:13.278+0000] {dag.py:3239} INFO - Sync 1 DAGs
[2025-06-05T02:11:13.298+0000] {logging_mixin.py:190} INFO - [2025-06-05T02:11:13.298+0000] {dag.py:4180} INFO - Setting next_dagrun for consumer_dag_S5_ej2_2 to None, run_after=None
[2025-06-05T02:11:13.321+0000] {processor.py:208} INFO - Processing /opt/airflow/dags/Sesion5/Dataset_S5_3.py took 0.071 seconds
[2025-06-05T02:11:44.277+0000] {processor.py:186} INFO - Started process (PID=1803) to work on /opt/airflow/dags/Sesion5/Dataset_S5_3.py
[2025-06-05T02:11:44.278+0000] {processor.py:914} INFO - Processing file /opt/airflow/dags/Sesion5/Dataset_S5_3.py for tasks to queue
[2025-06-05T02:11:44.281+0000] {logging_mixin.py:190} INFO - [2025-06-05T02:11:44.280+0000] {dagbag.py:588} INFO - Filling up the DagBag from /opt/airflow/dags/Sesion5/Dataset_S5_3.py
[2025-06-05T02:11:44.288+0000] {processor.py:925} INFO - DAG(s) 'consumer_dag_S5_ej2_2' retrieved from /opt/airflow/dags/Sesion5/Dataset_S5_3.py
[2025-06-05T02:11:44.310+0000] {logging_mixin.py:190} INFO - [2025-06-05T02:11:44.310+0000] {dag.py:3239} INFO - Sync 1 DAGs
[2025-06-05T02:11:44.341+0000] {logging_mixin.py:190} INFO - [2025-06-05T02:11:44.341+0000] {dag.py:4180} INFO - Setting next_dagrun for consumer_dag_S5_ej2_2 to None, run_after=None
[2025-06-05T02:11:44.367+0000] {processor.py:208} INFO - Processing /opt/airflow/dags/Sesion5/Dataset_S5_3.py took 0.099 seconds
[2025-06-05T02:12:15.247+0000] {processor.py:186} INFO - Started process (PID=1920) to work on /opt/airflow/dags/Sesion5/Dataset_S5_3.py
[2025-06-05T02:12:15.247+0000] {processor.py:914} INFO - Processing file /opt/airflow/dags/Sesion5/Dataset_S5_3.py for tasks to queue
[2025-06-05T02:12:15.249+0000] {logging_mixin.py:190} INFO - [2025-06-05T02:12:15.249+0000] {dagbag.py:588} INFO - Filling up the DagBag from /opt/airflow/dags/Sesion5/Dataset_S5_3.py
[2025-06-05T02:12:15.254+0000] {processor.py:925} INFO - DAG(s) 'consumer_dag_S5_ej2_2' retrieved from /opt/airflow/dags/Sesion5/Dataset_S5_3.py
[2025-06-05T02:12:15.270+0000] {logging_mixin.py:190} INFO - [2025-06-05T02:12:15.270+0000] {dag.py:3239} INFO - Sync 1 DAGs
[2025-06-05T02:12:15.292+0000] {logging_mixin.py:190} INFO - [2025-06-05T02:12:15.291+0000] {dag.py:4180} INFO - Setting next_dagrun for consumer_dag_S5_ej2_2 to None, run_after=None
[2025-06-05T02:12:15.314+0000] {processor.py:208} INFO - Processing /opt/airflow/dags/Sesion5/Dataset_S5_3.py took 0.073 seconds
[2025-06-05T02:12:46.423+0000] {processor.py:186} INFO - Started process (PID=2033) to work on /opt/airflow/dags/Sesion5/Dataset_S5_3.py
[2025-06-05T02:12:46.424+0000] {processor.py:914} INFO - Processing file /opt/airflow/dags/Sesion5/Dataset_S5_3.py for tasks to queue
[2025-06-05T02:12:46.426+0000] {logging_mixin.py:190} INFO - [2025-06-05T02:12:46.426+0000] {dagbag.py:588} INFO - Filling up the DagBag from /opt/airflow/dags/Sesion5/Dataset_S5_3.py
[2025-06-05T02:12:46.435+0000] {processor.py:925} INFO - DAG(s) 'consumer_dag_S5_ej2_2' retrieved from /opt/airflow/dags/Sesion5/Dataset_S5_3.py
[2025-06-05T02:12:46.456+0000] {logging_mixin.py:190} INFO - [2025-06-05T02:12:46.456+0000] {dag.py:3239} INFO - Sync 1 DAGs
[2025-06-05T02:12:46.485+0000] {logging_mixin.py:190} INFO - [2025-06-05T02:12:46.485+0000] {dag.py:4180} INFO - Setting next_dagrun for consumer_dag_S5_ej2_2 to None, run_after=None
[2025-06-05T02:12:46.512+0000] {processor.py:208} INFO - Processing /opt/airflow/dags/Sesion5/Dataset_S5_3.py took 0.096 seconds
[2025-06-05T02:13:17.686+0000] {processor.py:186} INFO - Started process (PID=2148) to work on /opt/airflow/dags/Sesion5/Dataset_S5_3.py
[2025-06-05T02:13:17.687+0000] {processor.py:914} INFO - Processing file /opt/airflow/dags/Sesion5/Dataset_S5_3.py for tasks to queue
[2025-06-05T02:13:17.690+0000] {logging_mixin.py:190} INFO - [2025-06-05T02:13:17.689+0000] {dagbag.py:588} INFO - Filling up the DagBag from /opt/airflow/dags/Sesion5/Dataset_S5_3.py
[2025-06-05T02:13:17.697+0000] {processor.py:925} INFO - DAG(s) 'consumer_dag_S5_ej2_2' retrieved from /opt/airflow/dags/Sesion5/Dataset_S5_3.py
[2025-06-05T02:13:17.718+0000] {logging_mixin.py:190} INFO - [2025-06-05T02:13:17.718+0000] {dag.py:3239} INFO - Sync 1 DAGs
[2025-06-05T02:13:17.749+0000] {logging_mixin.py:190} INFO - [2025-06-05T02:13:17.748+0000] {dag.py:4180} INFO - Setting next_dagrun for consumer_dag_S5_ej2_2 to None, run_after=None
[2025-06-05T02:13:17.775+0000] {processor.py:208} INFO - Processing /opt/airflow/dags/Sesion5/Dataset_S5_3.py took 0.096 seconds
[2025-06-05T02:13:48.855+0000] {processor.py:186} INFO - Started process (PID=2265) to work on /opt/airflow/dags/Sesion5/Dataset_S5_3.py
[2025-06-05T02:13:48.856+0000] {processor.py:914} INFO - Processing file /opt/airflow/dags/Sesion5/Dataset_S5_3.py for tasks to queue
[2025-06-05T02:13:48.859+0000] {logging_mixin.py:190} INFO - [2025-06-05T02:13:48.858+0000] {dagbag.py:588} INFO - Filling up the DagBag from /opt/airflow/dags/Sesion5/Dataset_S5_3.py
[2025-06-05T02:13:48.866+0000] {processor.py:925} INFO - DAG(s) 'consumer_dag_S5_ej2_2' retrieved from /opt/airflow/dags/Sesion5/Dataset_S5_3.py
[2025-06-05T02:13:48.889+0000] {logging_mixin.py:190} INFO - [2025-06-05T02:13:48.888+0000] {dag.py:3239} INFO - Sync 1 DAGs
[2025-06-05T02:13:48.919+0000] {logging_mixin.py:190} INFO - [2025-06-05T02:13:48.918+0000] {dag.py:4180} INFO - Setting next_dagrun for consumer_dag_S5_ej2_2 to None, run_after=None
[2025-06-05T02:13:48.945+0000] {processor.py:208} INFO - Processing /opt/airflow/dags/Sesion5/Dataset_S5_3.py took 0.097 seconds
[2025-06-05T02:14:20.066+0000] {processor.py:186} INFO - Started process (PID=2378) to work on /opt/airflow/dags/Sesion5/Dataset_S5_3.py
[2025-06-05T02:14:20.067+0000] {processor.py:914} INFO - Processing file /opt/airflow/dags/Sesion5/Dataset_S5_3.py for tasks to queue
[2025-06-05T02:14:20.069+0000] {logging_mixin.py:190} INFO - [2025-06-05T02:14:20.069+0000] {dagbag.py:588} INFO - Filling up the DagBag from /opt/airflow/dags/Sesion5/Dataset_S5_3.py
[2025-06-05T02:14:20.077+0000] {processor.py:925} INFO - DAG(s) 'consumer_dag_S5_ej2_2' retrieved from /opt/airflow/dags/Sesion5/Dataset_S5_3.py
[2025-06-05T02:14:20.099+0000] {logging_mixin.py:190} INFO - [2025-06-05T02:14:20.099+0000] {dag.py:3239} INFO - Sync 1 DAGs
[2025-06-05T02:14:20.128+0000] {logging_mixin.py:190} INFO - [2025-06-05T02:14:20.128+0000] {dag.py:4180} INFO - Setting next_dagrun for consumer_dag_S5_ej2_2 to None, run_after=None
[2025-06-05T02:14:20.153+0000] {processor.py:208} INFO - Processing /opt/airflow/dags/Sesion5/Dataset_S5_3.py took 0.094 seconds
[2025-06-05T02:14:51.271+0000] {processor.py:186} INFO - Started process (PID=2495) to work on /opt/airflow/dags/Sesion5/Dataset_S5_3.py
[2025-06-05T02:14:51.272+0000] {processor.py:914} INFO - Processing file /opt/airflow/dags/Sesion5/Dataset_S5_3.py for tasks to queue
[2025-06-05T02:14:51.274+0000] {logging_mixin.py:190} INFO - [2025-06-05T02:14:51.274+0000] {dagbag.py:588} INFO - Filling up the DagBag from /opt/airflow/dags/Sesion5/Dataset_S5_3.py
[2025-06-05T02:14:51.284+0000] {processor.py:925} INFO - DAG(s) 'consumer_dag_S5_ej2_2' retrieved from /opt/airflow/dags/Sesion5/Dataset_S5_3.py
[2025-06-05T02:14:51.328+0000] {logging_mixin.py:190} INFO - [2025-06-05T02:14:51.328+0000] {dag.py:3239} INFO - Sync 1 DAGs
[2025-06-05T02:14:51.372+0000] {logging_mixin.py:190} INFO - [2025-06-05T02:14:51.372+0000] {dag.py:4180} INFO - Setting next_dagrun for consumer_dag_S5_ej2_2 to None, run_after=None
[2025-06-05T02:14:51.414+0000] {processor.py:208} INFO - Processing /opt/airflow/dags/Sesion5/Dataset_S5_3.py took 0.149 seconds
[2025-06-05T02:15:22.565+0000] {processor.py:186} INFO - Started process (PID=2610) to work on /opt/airflow/dags/Sesion5/Dataset_S5_3.py
[2025-06-05T02:15:22.566+0000] {processor.py:914} INFO - Processing file /opt/airflow/dags/Sesion5/Dataset_S5_3.py for tasks to queue
[2025-06-05T02:15:22.567+0000] {logging_mixin.py:190} INFO - [2025-06-05T02:15:22.567+0000] {dagbag.py:588} INFO - Filling up the DagBag from /opt/airflow/dags/Sesion5/Dataset_S5_3.py
[2025-06-05T02:15:22.573+0000] {processor.py:925} INFO - DAG(s) 'consumer_dag_S5_ej2_2' retrieved from /opt/airflow/dags/Sesion5/Dataset_S5_3.py
[2025-06-05T02:15:22.589+0000] {logging_mixin.py:190} INFO - [2025-06-05T02:15:22.589+0000] {dag.py:3239} INFO - Sync 1 DAGs
[2025-06-05T02:15:22.608+0000] {logging_mixin.py:190} INFO - [2025-06-05T02:15:22.608+0000] {dag.py:4180} INFO - Setting next_dagrun for consumer_dag_S5_ej2_2 to None, run_after=None
[2025-06-05T02:15:22.627+0000] {processor.py:208} INFO - Processing /opt/airflow/dags/Sesion5/Dataset_S5_3.py took 0.067 seconds
[2025-06-05T02:15:53.666+0000] {processor.py:186} INFO - Started process (PID=2725) to work on /opt/airflow/dags/Sesion5/Dataset_S5_3.py
[2025-06-05T02:15:53.667+0000] {processor.py:914} INFO - Processing file /opt/airflow/dags/Sesion5/Dataset_S5_3.py for tasks to queue
[2025-06-05T02:15:53.670+0000] {logging_mixin.py:190} INFO - [2025-06-05T02:15:53.669+0000] {dagbag.py:588} INFO - Filling up the DagBag from /opt/airflow/dags/Sesion5/Dataset_S5_3.py
[2025-06-05T02:15:53.677+0000] {processor.py:925} INFO - DAG(s) 'consumer_dag_S5_ej2_2' retrieved from /opt/airflow/dags/Sesion5/Dataset_S5_3.py
[2025-06-05T02:15:53.699+0000] {logging_mixin.py:190} INFO - [2025-06-05T02:15:53.699+0000] {dag.py:3239} INFO - Sync 1 DAGs
[2025-06-05T02:15:53.729+0000] {logging_mixin.py:190} INFO - [2025-06-05T02:15:53.728+0000] {dag.py:4180} INFO - Setting next_dagrun for consumer_dag_S5_ej2_2 to None, run_after=None
[2025-06-05T02:15:53.754+0000] {processor.py:208} INFO - Processing /opt/airflow/dags/Sesion5/Dataset_S5_3.py took 0.095 seconds
[2025-06-05T02:16:24.799+0000] {processor.py:186} INFO - Started process (PID=2838) to work on /opt/airflow/dags/Sesion5/Dataset_S5_3.py
[2025-06-05T02:16:24.800+0000] {processor.py:914} INFO - Processing file /opt/airflow/dags/Sesion5/Dataset_S5_3.py for tasks to queue
[2025-06-05T02:16:24.802+0000] {logging_mixin.py:190} INFO - [2025-06-05T02:16:24.802+0000] {dagbag.py:588} INFO - Filling up the DagBag from /opt/airflow/dags/Sesion5/Dataset_S5_3.py
[2025-06-05T02:16:24.810+0000] {processor.py:925} INFO - DAG(s) 'consumer_dag_S5_ej2_2' retrieved from /opt/airflow/dags/Sesion5/Dataset_S5_3.py
[2025-06-05T02:16:24.831+0000] {logging_mixin.py:190} INFO - [2025-06-05T02:16:24.830+0000] {dag.py:3239} INFO - Sync 1 DAGs
[2025-06-05T02:16:24.861+0000] {logging_mixin.py:190} INFO - [2025-06-05T02:16:24.860+0000] {dag.py:4180} INFO - Setting next_dagrun for consumer_dag_S5_ej2_2 to None, run_after=None
[2025-06-05T02:16:24.888+0000] {processor.py:208} INFO - Processing /opt/airflow/dags/Sesion5/Dataset_S5_3.py took 0.100 seconds
[2025-06-05T02:16:56.145+0000] {processor.py:186} INFO - Started process (PID=2953) to work on /opt/airflow/dags/Sesion5/Dataset_S5_3.py
[2025-06-05T02:16:56.146+0000] {processor.py:914} INFO - Processing file /opt/airflow/dags/Sesion5/Dataset_S5_3.py for tasks to queue
[2025-06-05T02:16:56.149+0000] {logging_mixin.py:190} INFO - [2025-06-05T02:16:56.148+0000] {dagbag.py:588} INFO - Filling up the DagBag from /opt/airflow/dags/Sesion5/Dataset_S5_3.py
[2025-06-05T02:16:56.157+0000] {processor.py:925} INFO - DAG(s) 'consumer_dag_S5_ej2_2' retrieved from /opt/airflow/dags/Sesion5/Dataset_S5_3.py
[2025-06-05T02:16:56.179+0000] {logging_mixin.py:190} INFO - [2025-06-05T02:16:56.178+0000] {dag.py:3239} INFO - Sync 1 DAGs
[2025-06-05T02:16:56.208+0000] {logging_mixin.py:190} INFO - [2025-06-05T02:16:56.208+0000] {dag.py:4180} INFO - Setting next_dagrun for consumer_dag_S5_ej2_2 to None, run_after=None
[2025-06-05T02:16:56.263+0000] {processor.py:208} INFO - Processing /opt/airflow/dags/Sesion5/Dataset_S5_3.py took 0.125 seconds
[2025-06-05T02:17:27.762+0000] {processor.py:186} INFO - Started process (PID=3068) to work on /opt/airflow/dags/Sesion5/Dataset_S5_3.py
[2025-06-05T02:17:27.763+0000] {processor.py:914} INFO - Processing file /opt/airflow/dags/Sesion5/Dataset_S5_3.py for tasks to queue
[2025-06-05T02:17:27.765+0000] {logging_mixin.py:190} INFO - [2025-06-05T02:17:27.765+0000] {dagbag.py:588} INFO - Filling up the DagBag from /opt/airflow/dags/Sesion5/Dataset_S5_3.py
[2025-06-05T02:17:27.773+0000] {processor.py:925} INFO - DAG(s) 'consumer_dag_S5_ej2_2' retrieved from /opt/airflow/dags/Sesion5/Dataset_S5_3.py
[2025-06-05T02:17:27.794+0000] {logging_mixin.py:190} INFO - [2025-06-05T02:17:27.794+0000] {dag.py:3239} INFO - Sync 1 DAGs
[2025-06-05T02:17:27.822+0000] {logging_mixin.py:190} INFO - [2025-06-05T02:17:27.822+0000] {dag.py:4180} INFO - Setting next_dagrun for consumer_dag_S5_ej2_2 to None, run_after=None
[2025-06-05T02:17:27.847+0000] {processor.py:208} INFO - Processing /opt/airflow/dags/Sesion5/Dataset_S5_3.py took 0.092 seconds
[2025-06-05T02:17:58.908+0000] {processor.py:186} INFO - Started process (PID=3183) to work on /opt/airflow/dags/Sesion5/Dataset_S5_3.py
[2025-06-05T02:17:58.909+0000] {processor.py:914} INFO - Processing file /opt/airflow/dags/Sesion5/Dataset_S5_3.py for tasks to queue
[2025-06-05T02:17:58.911+0000] {logging_mixin.py:190} INFO - [2025-06-05T02:17:58.911+0000] {dagbag.py:588} INFO - Filling up the DagBag from /opt/airflow/dags/Sesion5/Dataset_S5_3.py
[2025-06-05T02:17:58.918+0000] {processor.py:925} INFO - DAG(s) 'consumer_dag_S5_ej2_2' retrieved from /opt/airflow/dags/Sesion5/Dataset_S5_3.py
[2025-06-05T02:17:58.939+0000] {logging_mixin.py:190} INFO - [2025-06-05T02:17:58.938+0000] {dag.py:3239} INFO - Sync 1 DAGs
[2025-06-05T02:17:58.969+0000] {logging_mixin.py:190} INFO - [2025-06-05T02:17:58.969+0000] {dag.py:4180} INFO - Setting next_dagrun for consumer_dag_S5_ej2_2 to None, run_after=None
[2025-06-05T02:17:58.994+0000] {processor.py:208} INFO - Processing /opt/airflow/dags/Sesion5/Dataset_S5_3.py took 0.092 seconds
[2025-06-05T02:18:30.076+0000] {processor.py:186} INFO - Started process (PID=3298) to work on /opt/airflow/dags/Sesion5/Dataset_S5_3.py
[2025-06-05T02:18:30.078+0000] {processor.py:914} INFO - Processing file /opt/airflow/dags/Sesion5/Dataset_S5_3.py for tasks to queue
[2025-06-05T02:18:30.081+0000] {logging_mixin.py:190} INFO - [2025-06-05T02:18:30.080+0000] {dagbag.py:588} INFO - Filling up the DagBag from /opt/airflow/dags/Sesion5/Dataset_S5_3.py
[2025-06-05T02:18:30.090+0000] {processor.py:925} INFO - DAG(s) 'consumer_dag_S5_ej2_2' retrieved from /opt/airflow/dags/Sesion5/Dataset_S5_3.py
[2025-06-05T02:18:30.115+0000] {logging_mixin.py:190} INFO - [2025-06-05T02:18:30.115+0000] {dag.py:3239} INFO - Sync 1 DAGs
[2025-06-05T02:18:30.161+0000] {logging_mixin.py:190} INFO - [2025-06-05T02:18:30.161+0000] {dag.py:4180} INFO - Setting next_dagrun for consumer_dag_S5_ej2_2 to None, run_after=None
[2025-06-05T02:18:30.187+0000] {processor.py:208} INFO - Processing /opt/airflow/dags/Sesion5/Dataset_S5_3.py took 0.123 seconds
[2025-06-05T02:19:01.391+0000] {processor.py:186} INFO - Started process (PID=3413) to work on /opt/airflow/dags/Sesion5/Dataset_S5_3.py
[2025-06-05T02:19:01.392+0000] {processor.py:914} INFO - Processing file /opt/airflow/dags/Sesion5/Dataset_S5_3.py for tasks to queue
[2025-06-05T02:19:01.396+0000] {logging_mixin.py:190} INFO - [2025-06-05T02:19:01.395+0000] {dagbag.py:588} INFO - Filling up the DagBag from /opt/airflow/dags/Sesion5/Dataset_S5_3.py
[2025-06-05T02:19:01.409+0000] {processor.py:925} INFO - DAG(s) 'consumer_dag_S5_ej2_2' retrieved from /opt/airflow/dags/Sesion5/Dataset_S5_3.py
[2025-06-05T02:19:01.437+0000] {logging_mixin.py:190} INFO - [2025-06-05T02:19:01.436+0000] {dag.py:3239} INFO - Sync 1 DAGs
[2025-06-05T02:19:01.493+0000] {logging_mixin.py:190} INFO - [2025-06-05T02:19:01.493+0000] {dag.py:4180} INFO - Setting next_dagrun for consumer_dag_S5_ej2_2 to None, run_after=None
[2025-06-05T02:19:01.519+0000] {processor.py:208} INFO - Processing /opt/airflow/dags/Sesion5/Dataset_S5_3.py took 0.139 seconds
[2025-06-05T02:19:32.671+0000] {processor.py:186} INFO - Started process (PID=3528) to work on /opt/airflow/dags/Sesion5/Dataset_S5_3.py
[2025-06-05T02:19:32.672+0000] {processor.py:914} INFO - Processing file /opt/airflow/dags/Sesion5/Dataset_S5_3.py for tasks to queue
[2025-06-05T02:19:32.674+0000] {logging_mixin.py:190} INFO - [2025-06-05T02:19:32.674+0000] {dagbag.py:588} INFO - Filling up the DagBag from /opt/airflow/dags/Sesion5/Dataset_S5_3.py
[2025-06-05T02:19:32.682+0000] {processor.py:925} INFO - DAG(s) 'consumer_dag_S5_ej2_2' retrieved from /opt/airflow/dags/Sesion5/Dataset_S5_3.py
[2025-06-05T02:19:32.703+0000] {logging_mixin.py:190} INFO - [2025-06-05T02:19:32.703+0000] {dag.py:3239} INFO - Sync 1 DAGs
[2025-06-05T02:19:32.731+0000] {logging_mixin.py:190} INFO - [2025-06-05T02:19:32.731+0000] {dag.py:4180} INFO - Setting next_dagrun for consumer_dag_S5_ej2_2 to None, run_after=None
[2025-06-05T02:19:32.940+0000] {processor.py:208} INFO - Processing /opt/airflow/dags/Sesion5/Dataset_S5_3.py took 0.276 seconds
[2025-06-05T02:20:03.567+0000] {processor.py:186} INFO - Started process (PID=3645) to work on /opt/airflow/dags/Sesion5/Dataset_S5_3.py
[2025-06-05T02:20:03.568+0000] {processor.py:914} INFO - Processing file /opt/airflow/dags/Sesion5/Dataset_S5_3.py for tasks to queue
[2025-06-05T02:20:03.570+0000] {logging_mixin.py:190} INFO - [2025-06-05T02:20:03.570+0000] {dagbag.py:588} INFO - Filling up the DagBag from /opt/airflow/dags/Sesion5/Dataset_S5_3.py
[2025-06-05T02:20:03.578+0000] {processor.py:925} INFO - DAG(s) 'consumer_dag_S5_ej2_2' retrieved from /opt/airflow/dags/Sesion5/Dataset_S5_3.py
[2025-06-05T02:20:03.601+0000] {logging_mixin.py:190} INFO - [2025-06-05T02:20:03.601+0000] {dag.py:3239} INFO - Sync 1 DAGs
[2025-06-05T02:20:03.631+0000] {logging_mixin.py:190} INFO - [2025-06-05T02:20:03.631+0000] {dag.py:4180} INFO - Setting next_dagrun for consumer_dag_S5_ej2_2 to None, run_after=None
[2025-06-05T02:20:03.689+0000] {processor.py:208} INFO - Processing /opt/airflow/dags/Sesion5/Dataset_S5_3.py took 0.129 seconds
[2025-06-05T02:20:34.767+0000] {processor.py:186} INFO - Started process (PID=3758) to work on /opt/airflow/dags/Sesion5/Dataset_S5_3.py
[2025-06-05T02:20:34.768+0000] {processor.py:914} INFO - Processing file /opt/airflow/dags/Sesion5/Dataset_S5_3.py for tasks to queue
[2025-06-05T02:20:34.770+0000] {logging_mixin.py:190} INFO - [2025-06-05T02:20:34.769+0000] {dagbag.py:588} INFO - Filling up the DagBag from /opt/airflow/dags/Sesion5/Dataset_S5_3.py
[2025-06-05T02:20:34.778+0000] {processor.py:925} INFO - DAG(s) 'consumer_dag_S5_ej2_2' retrieved from /opt/airflow/dags/Sesion5/Dataset_S5_3.py
[2025-06-05T02:20:34.798+0000] {logging_mixin.py:190} INFO - [2025-06-05T02:20:34.798+0000] {dag.py:3239} INFO - Sync 1 DAGs
[2025-06-05T02:20:34.829+0000] {logging_mixin.py:190} INFO - [2025-06-05T02:20:34.828+0000] {dag.py:4180} INFO - Setting next_dagrun for consumer_dag_S5_ej2_2 to None, run_after=None
[2025-06-05T02:20:34.858+0000] {processor.py:208} INFO - Processing /opt/airflow/dags/Sesion5/Dataset_S5_3.py took 0.101 seconds
[2025-06-05T02:21:05.987+0000] {processor.py:186} INFO - Started process (PID=3873) to work on /opt/airflow/dags/Sesion5/Dataset_S5_3.py
[2025-06-05T02:21:05.988+0000] {processor.py:914} INFO - Processing file /opt/airflow/dags/Sesion5/Dataset_S5_3.py for tasks to queue
[2025-06-05T02:21:05.990+0000] {logging_mixin.py:190} INFO - [2025-06-05T02:21:05.990+0000] {dagbag.py:588} INFO - Filling up the DagBag from /opt/airflow/dags/Sesion5/Dataset_S5_3.py
[2025-06-05T02:21:05.997+0000] {processor.py:925} INFO - DAG(s) 'consumer_dag_S5_ej2_2' retrieved from /opt/airflow/dags/Sesion5/Dataset_S5_3.py
[2025-06-05T02:21:06.019+0000] {logging_mixin.py:190} INFO - [2025-06-05T02:21:06.018+0000] {dag.py:3239} INFO - Sync 1 DAGs
[2025-06-05T02:21:06.048+0000] {logging_mixin.py:190} INFO - [2025-06-05T02:21:06.048+0000] {dag.py:4180} INFO - Setting next_dagrun for consumer_dag_S5_ej2_2 to None, run_after=None
[2025-06-05T02:21:06.074+0000] {processor.py:208} INFO - Processing /opt/airflow/dags/Sesion5/Dataset_S5_3.py took 0.094 seconds
[2025-06-05T02:21:37.421+0000] {processor.py:186} INFO - Started process (PID=3988) to work on /opt/airflow/dags/Sesion5/Dataset_S5_3.py
[2025-06-05T02:21:37.422+0000] {processor.py:914} INFO - Processing file /opt/airflow/dags/Sesion5/Dataset_S5_3.py for tasks to queue
[2025-06-05T02:21:37.424+0000] {logging_mixin.py:190} INFO - [2025-06-05T02:21:37.424+0000] {dagbag.py:588} INFO - Filling up the DagBag from /opt/airflow/dags/Sesion5/Dataset_S5_3.py
[2025-06-05T02:21:37.432+0000] {processor.py:925} INFO - DAG(s) 'consumer_dag_S5_ej2_2' retrieved from /opt/airflow/dags/Sesion5/Dataset_S5_3.py
[2025-06-05T02:21:37.453+0000] {logging_mixin.py:190} INFO - [2025-06-05T02:21:37.453+0000] {dag.py:3239} INFO - Sync 1 DAGs
[2025-06-05T02:21:37.484+0000] {logging_mixin.py:190} INFO - [2025-06-05T02:21:37.484+0000] {dag.py:4180} INFO - Setting next_dagrun for consumer_dag_S5_ej2_2 to None, run_after=None
[2025-06-05T02:21:37.689+0000] {processor.py:208} INFO - Processing /opt/airflow/dags/Sesion5/Dataset_S5_3.py took 0.274 seconds
[2025-06-05T02:22:08.841+0000] {processor.py:186} INFO - Started process (PID=4105) to work on /opt/airflow/dags/Sesion5/Dataset_S5_3.py
[2025-06-05T02:22:08.841+0000] {processor.py:914} INFO - Processing file /opt/airflow/dags/Sesion5/Dataset_S5_3.py for tasks to queue
[2025-06-05T02:22:08.843+0000] {logging_mixin.py:190} INFO - [2025-06-05T02:22:08.843+0000] {dagbag.py:588} INFO - Filling up the DagBag from /opt/airflow/dags/Sesion5/Dataset_S5_3.py
[2025-06-05T02:22:08.849+0000] {processor.py:925} INFO - DAG(s) 'consumer_dag_S5_ej2_2' retrieved from /opt/airflow/dags/Sesion5/Dataset_S5_3.py
[2025-06-05T02:22:08.874+0000] {logging_mixin.py:190} INFO - [2025-06-05T02:22:08.874+0000] {dag.py:3239} INFO - Sync 1 DAGs
[2025-06-05T02:22:08.909+0000] {logging_mixin.py:190} INFO - [2025-06-05T02:22:08.909+0000] {dag.py:4180} INFO - Setting next_dagrun for consumer_dag_S5_ej2_2 to None, run_after=None
[2025-06-05T02:22:08.933+0000] {processor.py:208} INFO - Processing /opt/airflow/dags/Sesion5/Dataset_S5_3.py took 0.097 seconds
[2025-06-05T02:22:40.207+0000] {processor.py:186} INFO - Started process (PID=4218) to work on /opt/airflow/dags/Sesion5/Dataset_S5_3.py
[2025-06-05T02:22:40.208+0000] {processor.py:914} INFO - Processing file /opt/airflow/dags/Sesion5/Dataset_S5_3.py for tasks to queue
[2025-06-05T02:22:40.210+0000] {logging_mixin.py:190} INFO - [2025-06-05T02:22:40.210+0000] {dagbag.py:588} INFO - Filling up the DagBag from /opt/airflow/dags/Sesion5/Dataset_S5_3.py
[2025-06-05T02:22:40.218+0000] {processor.py:925} INFO - DAG(s) 'consumer_dag_S5_ej2_2' retrieved from /opt/airflow/dags/Sesion5/Dataset_S5_3.py
[2025-06-05T02:22:40.239+0000] {logging_mixin.py:190} INFO - [2025-06-05T02:22:40.238+0000] {dag.py:3239} INFO - Sync 1 DAGs
[2025-06-05T02:22:40.279+0000] {logging_mixin.py:190} INFO - [2025-06-05T02:22:40.279+0000] {dag.py:4180} INFO - Setting next_dagrun for consumer_dag_S5_ej2_2 to None, run_after=None
[2025-06-05T02:22:40.313+0000] {processor.py:208} INFO - Processing /opt/airflow/dags/Sesion5/Dataset_S5_3.py took 0.113 seconds
[2025-06-05T02:23:11.387+0000] {processor.py:186} INFO - Started process (PID=4333) to work on /opt/airflow/dags/Sesion5/Dataset_S5_3.py
[2025-06-05T02:23:11.388+0000] {processor.py:914} INFO - Processing file /opt/airflow/dags/Sesion5/Dataset_S5_3.py for tasks to queue
[2025-06-05T02:23:11.391+0000] {logging_mixin.py:190} INFO - [2025-06-05T02:23:11.390+0000] {dagbag.py:588} INFO - Filling up the DagBag from /opt/airflow/dags/Sesion5/Dataset_S5_3.py
[2025-06-05T02:23:11.398+0000] {processor.py:925} INFO - DAG(s) 'consumer_dag_S5_ej2_2' retrieved from /opt/airflow/dags/Sesion5/Dataset_S5_3.py
[2025-06-05T02:23:11.418+0000] {logging_mixin.py:190} INFO - [2025-06-05T02:23:11.418+0000] {dag.py:3239} INFO - Sync 1 DAGs
[2025-06-05T02:23:11.448+0000] {logging_mixin.py:190} INFO - [2025-06-05T02:23:11.448+0000] {dag.py:4180} INFO - Setting next_dagrun for consumer_dag_S5_ej2_2 to None, run_after=None
[2025-06-05T02:23:11.473+0000] {processor.py:208} INFO - Processing /opt/airflow/dags/Sesion5/Dataset_S5_3.py took 0.094 seconds
[2025-06-05T02:23:42.722+0000] {processor.py:186} INFO - Started process (PID=4448) to work on /opt/airflow/dags/Sesion5/Dataset_S5_3.py
[2025-06-05T02:23:42.723+0000] {processor.py:914} INFO - Processing file /opt/airflow/dags/Sesion5/Dataset_S5_3.py for tasks to queue
[2025-06-05T02:23:42.725+0000] {logging_mixin.py:190} INFO - [2025-06-05T02:23:42.725+0000] {dagbag.py:588} INFO - Filling up the DagBag from /opt/airflow/dags/Sesion5/Dataset_S5_3.py
[2025-06-05T02:23:42.732+0000] {processor.py:925} INFO - DAG(s) 'consumer_dag_S5_ej2_2' retrieved from /opt/airflow/dags/Sesion5/Dataset_S5_3.py
[2025-06-05T02:23:42.753+0000] {logging_mixin.py:190} INFO - [2025-06-05T02:23:42.753+0000] {dag.py:3239} INFO - Sync 1 DAGs
[2025-06-05T02:23:42.781+0000] {logging_mixin.py:190} INFO - [2025-06-05T02:23:42.781+0000] {dag.py:4180} INFO - Setting next_dagrun for consumer_dag_S5_ej2_2 to None, run_after=None
[2025-06-05T02:23:42.996+0000] {processor.py:208} INFO - Processing /opt/airflow/dags/Sesion5/Dataset_S5_3.py took 0.281 seconds
[2025-06-05T02:24:14.048+0000] {processor.py:186} INFO - Started process (PID=4565) to work on /opt/airflow/dags/Sesion5/Dataset_S5_3.py
[2025-06-05T02:24:14.049+0000] {processor.py:914} INFO - Processing file /opt/airflow/dags/Sesion5/Dataset_S5_3.py for tasks to queue
[2025-06-05T02:24:14.051+0000] {logging_mixin.py:190} INFO - [2025-06-05T02:24:14.051+0000] {dagbag.py:588} INFO - Filling up the DagBag from /opt/airflow/dags/Sesion5/Dataset_S5_3.py
[2025-06-05T02:24:14.059+0000] {processor.py:925} INFO - DAG(s) 'consumer_dag_S5_ej2_2' retrieved from /opt/airflow/dags/Sesion5/Dataset_S5_3.py
[2025-06-05T02:24:14.081+0000] {logging_mixin.py:190} INFO - [2025-06-05T02:24:14.080+0000] {dag.py:3239} INFO - Sync 1 DAGs
[2025-06-05T02:24:14.111+0000] {logging_mixin.py:190} INFO - [2025-06-05T02:24:14.111+0000] {dag.py:4180} INFO - Setting next_dagrun for consumer_dag_S5_ej2_2 to None, run_after=None
[2025-06-05T02:24:14.137+0000] {processor.py:208} INFO - Processing /opt/airflow/dags/Sesion5/Dataset_S5_3.py took 0.096 seconds
[2025-06-05T02:24:45.342+0000] {processor.py:186} INFO - Started process (PID=4678) to work on /opt/airflow/dags/Sesion5/Dataset_S5_3.py
[2025-06-05T02:24:45.343+0000] {processor.py:914} INFO - Processing file /opt/airflow/dags/Sesion5/Dataset_S5_3.py for tasks to queue
[2025-06-05T02:24:45.345+0000] {logging_mixin.py:190} INFO - [2025-06-05T02:24:45.345+0000] {dagbag.py:588} INFO - Filling up the DagBag from /opt/airflow/dags/Sesion5/Dataset_S5_3.py
[2025-06-05T02:24:45.356+0000] {processor.py:925} INFO - DAG(s) 'consumer_dag_S5_ej2_2' retrieved from /opt/airflow/dags/Sesion5/Dataset_S5_3.py
[2025-06-05T02:24:45.390+0000] {logging_mixin.py:190} INFO - [2025-06-05T02:24:45.389+0000] {dag.py:3239} INFO - Sync 1 DAGs
[2025-06-05T02:24:45.424+0000] {logging_mixin.py:190} INFO - [2025-06-05T02:24:45.424+0000] {dag.py:4180} INFO - Setting next_dagrun for consumer_dag_S5_ej2_2 to None, run_after=None
[2025-06-05T02:24:45.477+0000] {processor.py:208} INFO - Processing /opt/airflow/dags/Sesion5/Dataset_S5_3.py took 0.151 seconds
[2025-06-05T02:25:16.696+0000] {processor.py:186} INFO - Started process (PID=4795) to work on /opt/airflow/dags/Sesion5/Dataset_S5_3.py
[2025-06-05T02:25:16.697+0000] {processor.py:914} INFO - Processing file /opt/airflow/dags/Sesion5/Dataset_S5_3.py for tasks to queue
[2025-06-05T02:25:16.698+0000] {logging_mixin.py:190} INFO - [2025-06-05T02:25:16.698+0000] {dagbag.py:588} INFO - Filling up the DagBag from /opt/airflow/dags/Sesion5/Dataset_S5_3.py
[2025-06-05T02:25:16.704+0000] {processor.py:925} INFO - DAG(s) 'consumer_dag_S5_ej2_2' retrieved from /opt/airflow/dags/Sesion5/Dataset_S5_3.py
[2025-06-05T02:25:16.720+0000] {logging_mixin.py:190} INFO - [2025-06-05T02:25:16.720+0000] {dag.py:3239} INFO - Sync 1 DAGs
[2025-06-05T02:25:16.739+0000] {logging_mixin.py:190} INFO - [2025-06-05T02:25:16.739+0000] {dag.py:4180} INFO - Setting next_dagrun for consumer_dag_S5_ej2_2 to None, run_after=None
[2025-06-05T02:25:16.758+0000] {processor.py:208} INFO - Processing /opt/airflow/dags/Sesion5/Dataset_S5_3.py took 0.067 seconds
[2025-06-05T02:25:48.379+0000] {processor.py:186} INFO - Started process (PID=4923) to work on /opt/airflow/dags/Sesion5/Dataset_S5_3.py
[2025-06-05T02:25:48.380+0000] {processor.py:914} INFO - Processing file /opt/airflow/dags/Sesion5/Dataset_S5_3.py for tasks to queue
[2025-06-05T02:25:48.383+0000] {logging_mixin.py:190} INFO - [2025-06-05T02:25:48.382+0000] {dagbag.py:588} INFO - Filling up the DagBag from /opt/airflow/dags/Sesion5/Dataset_S5_3.py
[2025-06-05T02:25:48.397+0000] {processor.py:925} INFO - DAG(s) 'consumer_dag_S5_ej2_2' retrieved from /opt/airflow/dags/Sesion5/Dataset_S5_3.py
[2025-06-05T02:25:48.435+0000] {logging_mixin.py:190} INFO - [2025-06-05T02:25:48.435+0000] {dag.py:3239} INFO - Sync 1 DAGs
[2025-06-05T02:25:48.465+0000] {logging_mixin.py:190} INFO - [2025-06-05T02:25:48.465+0000] {dag.py:4180} INFO - Setting next_dagrun for consumer_dag_S5_ej2_2 to None, run_after=None
[2025-06-05T02:25:48.671+0000] {processor.py:208} INFO - Processing /opt/airflow/dags/Sesion5/Dataset_S5_3.py took 0.306 seconds
[2025-06-05T02:26:19.730+0000] {processor.py:186} INFO - Started process (PID=5038) to work on /opt/airflow/dags/Sesion5/Dataset_S5_3.py
[2025-06-05T02:26:19.731+0000] {processor.py:914} INFO - Processing file /opt/airflow/dags/Sesion5/Dataset_S5_3.py for tasks to queue
[2025-06-05T02:26:19.733+0000] {logging_mixin.py:190} INFO - [2025-06-05T02:26:19.732+0000] {dagbag.py:588} INFO - Filling up the DagBag from /opt/airflow/dags/Sesion5/Dataset_S5_3.py
[2025-06-05T02:26:19.740+0000] {processor.py:925} INFO - DAG(s) 'consumer_dag_S5_ej2_2' retrieved from /opt/airflow/dags/Sesion5/Dataset_S5_3.py
[2025-06-05T02:26:19.761+0000] {logging_mixin.py:190} INFO - [2025-06-05T02:26:19.761+0000] {dag.py:3239} INFO - Sync 1 DAGs
[2025-06-05T02:26:19.956+0000] {logging_mixin.py:190} INFO - [2025-06-05T02:26:19.956+0000] {dag.py:4180} INFO - Setting next_dagrun for consumer_dag_S5_ej2_2 to None, run_after=None
[2025-06-05T02:26:19.980+0000] {processor.py:208} INFO - Processing /opt/airflow/dags/Sesion5/Dataset_S5_3.py took 0.257 seconds
[2025-06-05T02:26:50.683+0000] {processor.py:186} INFO - Started process (PID=5153) to work on /opt/airflow/dags/Sesion5/Dataset_S5_3.py
[2025-06-05T02:26:50.683+0000] {processor.py:914} INFO - Processing file /opt/airflow/dags/Sesion5/Dataset_S5_3.py for tasks to queue
[2025-06-05T02:26:50.686+0000] {logging_mixin.py:190} INFO - [2025-06-05T02:26:50.685+0000] {dagbag.py:588} INFO - Filling up the DagBag from /opt/airflow/dags/Sesion5/Dataset_S5_3.py
[2025-06-05T02:26:50.694+0000] {processor.py:925} INFO - DAG(s) 'consumer_dag_S5_ej2_2' retrieved from /opt/airflow/dags/Sesion5/Dataset_S5_3.py
[2025-06-05T02:26:50.714+0000] {logging_mixin.py:190} INFO - [2025-06-05T02:26:50.714+0000] {dag.py:3239} INFO - Sync 1 DAGs
[2025-06-05T02:26:50.744+0000] {logging_mixin.py:190} INFO - [2025-06-05T02:26:50.743+0000] {dag.py:4180} INFO - Setting next_dagrun for consumer_dag_S5_ej2_2 to None, run_after=None
[2025-06-05T02:26:50.769+0000] {processor.py:208} INFO - Processing /opt/airflow/dags/Sesion5/Dataset_S5_3.py took 0.094 seconds
[2025-06-05T02:27:21.904+0000] {processor.py:186} INFO - Started process (PID=5268) to work on /opt/airflow/dags/Sesion5/Dataset_S5_3.py
[2025-06-05T02:27:21.905+0000] {processor.py:914} INFO - Processing file /opt/airflow/dags/Sesion5/Dataset_S5_3.py for tasks to queue
[2025-06-05T02:27:21.908+0000] {logging_mixin.py:190} INFO - [2025-06-05T02:27:21.907+0000] {dagbag.py:588} INFO - Filling up the DagBag from /opt/airflow/dags/Sesion5/Dataset_S5_3.py
[2025-06-05T02:27:21.916+0000] {processor.py:925} INFO - DAG(s) 'consumer_dag_S5_ej2_2' retrieved from /opt/airflow/dags/Sesion5/Dataset_S5_3.py
[2025-06-05T02:27:21.938+0000] {logging_mixin.py:190} INFO - [2025-06-05T02:27:21.937+0000] {dag.py:3239} INFO - Sync 1 DAGs
[2025-06-05T02:27:21.967+0000] {logging_mixin.py:190} INFO - [2025-06-05T02:27:21.966+0000] {dag.py:4180} INFO - Setting next_dagrun for consumer_dag_S5_ej2_2 to None, run_after=None
[2025-06-05T02:27:21.993+0000] {processor.py:208} INFO - Processing /opt/airflow/dags/Sesion5/Dataset_S5_3.py took 0.096 seconds
[2025-06-05T02:27:53.273+0000] {processor.py:186} INFO - Started process (PID=5383) to work on /opt/airflow/dags/Sesion5/Dataset_S5_3.py
[2025-06-05T02:27:53.274+0000] {processor.py:914} INFO - Processing file /opt/airflow/dags/Sesion5/Dataset_S5_3.py for tasks to queue
[2025-06-05T02:27:53.276+0000] {logging_mixin.py:190} INFO - [2025-06-05T02:27:53.276+0000] {dagbag.py:588} INFO - Filling up the DagBag from /opt/airflow/dags/Sesion5/Dataset_S5_3.py
[2025-06-05T02:27:53.283+0000] {processor.py:925} INFO - DAG(s) 'consumer_dag_S5_ej2_2' retrieved from /opt/airflow/dags/Sesion5/Dataset_S5_3.py
[2025-06-05T02:27:53.304+0000] {logging_mixin.py:190} INFO - [2025-06-05T02:27:53.304+0000] {dag.py:3239} INFO - Sync 1 DAGs
[2025-06-05T02:27:53.334+0000] {logging_mixin.py:190} INFO - [2025-06-05T02:27:53.334+0000] {dag.py:4180} INFO - Setting next_dagrun for consumer_dag_S5_ej2_2 to None, run_after=None
[2025-06-05T02:27:53.540+0000] {processor.py:208} INFO - Processing /opt/airflow/dags/Sesion5/Dataset_S5_3.py took 0.274 seconds
[2025-06-05T02:28:24.848+0000] {processor.py:186} INFO - Started process (PID=5498) to work on /opt/airflow/dags/Sesion5/Dataset_S5_3.py
[2025-06-05T02:28:24.849+0000] {processor.py:914} INFO - Processing file /opt/airflow/dags/Sesion5/Dataset_S5_3.py for tasks to queue
[2025-06-05T02:28:24.851+0000] {logging_mixin.py:190} INFO - [2025-06-05T02:28:24.851+0000] {dagbag.py:588} INFO - Filling up the DagBag from /opt/airflow/dags/Sesion5/Dataset_S5_3.py
[2025-06-05T02:28:24.860+0000] {processor.py:925} INFO - DAG(s) 'consumer_dag_S5_ej2_2' retrieved from /opt/airflow/dags/Sesion5/Dataset_S5_3.py
[2025-06-05T02:28:24.881+0000] {logging_mixin.py:190} INFO - [2025-06-05T02:28:24.880+0000] {dag.py:3239} INFO - Sync 1 DAGs
[2025-06-05T02:28:25.118+0000] {logging_mixin.py:190} INFO - [2025-06-05T02:28:25.117+0000] {dag.py:4180} INFO - Setting next_dagrun for consumer_dag_S5_ej2_2 to None, run_after=None
[2025-06-05T02:28:25.168+0000] {processor.py:208} INFO - Processing /opt/airflow/dags/Sesion5/Dataset_S5_3.py took 0.328 seconds
[2025-06-05T02:28:56.326+0000] {processor.py:186} INFO - Started process (PID=5613) to work on /opt/airflow/dags/Sesion5/Dataset_S5_3.py
[2025-06-05T02:28:56.327+0000] {processor.py:914} INFO - Processing file /opt/airflow/dags/Sesion5/Dataset_S5_3.py for tasks to queue
[2025-06-05T02:28:56.330+0000] {logging_mixin.py:190} INFO - [2025-06-05T02:28:56.329+0000] {dagbag.py:588} INFO - Filling up the DagBag from /opt/airflow/dags/Sesion5/Dataset_S5_3.py
[2025-06-05T02:28:56.337+0000] {processor.py:925} INFO - DAG(s) 'consumer_dag_S5_ej2_2' retrieved from /opt/airflow/dags/Sesion5/Dataset_S5_3.py
[2025-06-05T02:28:56.360+0000] {logging_mixin.py:190} INFO - [2025-06-05T02:28:56.360+0000] {dag.py:3239} INFO - Sync 1 DAGs
[2025-06-05T02:28:56.388+0000] {logging_mixin.py:190} INFO - [2025-06-05T02:28:56.388+0000] {dag.py:4180} INFO - Setting next_dagrun for consumer_dag_S5_ej2_2 to None, run_after=None
[2025-06-05T02:28:56.415+0000] {processor.py:208} INFO - Processing /opt/airflow/dags/Sesion5/Dataset_S5_3.py took 0.096 seconds
[2025-06-05T02:29:27.717+0000] {processor.py:186} INFO - Started process (PID=5728) to work on /opt/airflow/dags/Sesion5/Dataset_S5_3.py
[2025-06-05T02:29:27.718+0000] {processor.py:914} INFO - Processing file /opt/airflow/dags/Sesion5/Dataset_S5_3.py for tasks to queue
[2025-06-05T02:29:27.720+0000] {logging_mixin.py:190} INFO - [2025-06-05T02:29:27.719+0000] {dagbag.py:588} INFO - Filling up the DagBag from /opt/airflow/dags/Sesion5/Dataset_S5_3.py
[2025-06-05T02:29:27.727+0000] {processor.py:925} INFO - DAG(s) 'consumer_dag_S5_ej2_2' retrieved from /opt/airflow/dags/Sesion5/Dataset_S5_3.py
[2025-06-05T02:29:27.750+0000] {logging_mixin.py:190} INFO - [2025-06-05T02:29:27.750+0000] {dag.py:3239} INFO - Sync 1 DAGs
[2025-06-05T02:29:27.780+0000] {logging_mixin.py:190} INFO - [2025-06-05T02:29:27.780+0000] {dag.py:4180} INFO - Setting next_dagrun for consumer_dag_S5_ej2_2 to None, run_after=None
[2025-06-05T02:29:27.807+0000] {processor.py:208} INFO - Processing /opt/airflow/dags/Sesion5/Dataset_S5_3.py took 0.097 seconds
[2025-06-05T02:29:59.104+0000] {processor.py:186} INFO - Started process (PID=5843) to work on /opt/airflow/dags/Sesion5/Dataset_S5_3.py
[2025-06-05T02:29:59.105+0000] {processor.py:914} INFO - Processing file /opt/airflow/dags/Sesion5/Dataset_S5_3.py for tasks to queue
[2025-06-05T02:29:59.107+0000] {logging_mixin.py:190} INFO - [2025-06-05T02:29:59.107+0000] {dagbag.py:588} INFO - Filling up the DagBag from /opt/airflow/dags/Sesion5/Dataset_S5_3.py
[2025-06-05T02:29:59.114+0000] {processor.py:925} INFO - DAG(s) 'consumer_dag_S5_ej2_2' retrieved from /opt/airflow/dags/Sesion5/Dataset_S5_3.py
[2025-06-05T02:29:59.136+0000] {logging_mixin.py:190} INFO - [2025-06-05T02:29:59.136+0000] {dag.py:3239} INFO - Sync 1 DAGs
[2025-06-05T02:29:59.164+0000] {logging_mixin.py:190} INFO - [2025-06-05T02:29:59.164+0000] {dag.py:4180} INFO - Setting next_dagrun for consumer_dag_S5_ej2_2 to None, run_after=None
[2025-06-05T02:29:59.352+0000] {processor.py:208} INFO - Processing /opt/airflow/dags/Sesion5/Dataset_S5_3.py took 0.255 seconds
[2025-06-05T02:30:30.106+0000] {processor.py:186} INFO - Started process (PID=5958) to work on /opt/airflow/dags/Sesion5/Dataset_S5_3.py
[2025-06-05T02:30:30.107+0000] {processor.py:914} INFO - Processing file /opt/airflow/dags/Sesion5/Dataset_S5_3.py for tasks to queue
[2025-06-05T02:30:30.109+0000] {logging_mixin.py:190} INFO - [2025-06-05T02:30:30.109+0000] {dagbag.py:588} INFO - Filling up the DagBag from /opt/airflow/dags/Sesion5/Dataset_S5_3.py
[2025-06-05T02:30:30.117+0000] {processor.py:925} INFO - DAG(s) 'consumer_dag_S5_ej2_2' retrieved from /opt/airflow/dags/Sesion5/Dataset_S5_3.py
[2025-06-05T02:30:30.141+0000] {logging_mixin.py:190} INFO - [2025-06-05T02:30:30.141+0000] {dag.py:3239} INFO - Sync 1 DAGs
[2025-06-05T02:30:30.363+0000] {logging_mixin.py:190} INFO - [2025-06-05T02:30:30.363+0000] {dag.py:4180} INFO - Setting next_dagrun for consumer_dag_S5_ej2_2 to None, run_after=None
[2025-06-05T02:30:30.386+0000] {processor.py:208} INFO - Processing /opt/airflow/dags/Sesion5/Dataset_S5_3.py took 0.287 seconds
[2025-06-05T02:31:00.696+0000] {processor.py:186} INFO - Started process (PID=6073) to work on /opt/airflow/dags/Sesion5/Dataset_S5_3.py
[2025-06-05T02:31:00.697+0000] {processor.py:914} INFO - Processing file /opt/airflow/dags/Sesion5/Dataset_S5_3.py for tasks to queue
[2025-06-05T02:31:00.700+0000] {logging_mixin.py:190} INFO - [2025-06-05T02:31:00.699+0000] {dagbag.py:588} INFO - Filling up the DagBag from /opt/airflow/dags/Sesion5/Dataset_S5_3.py
[2025-06-05T02:31:00.707+0000] {processor.py:925} INFO - DAG(s) 'consumer_dag_S5_ej2_2' retrieved from /opt/airflow/dags/Sesion5/Dataset_S5_3.py
[2025-06-05T02:31:00.731+0000] {logging_mixin.py:190} INFO - [2025-06-05T02:31:00.731+0000] {dag.py:3239} INFO - Sync 1 DAGs
[2025-06-05T02:31:00.774+0000] {logging_mixin.py:190} INFO - [2025-06-05T02:31:00.774+0000] {dag.py:4180} INFO - Setting next_dagrun for consumer_dag_S5_ej2_2 to None, run_after=None
[2025-06-05T02:31:00.805+0000] {processor.py:208} INFO - Processing /opt/airflow/dags/Sesion5/Dataset_S5_3.py took 0.116 seconds
[2025-06-05T02:31:32.070+0000] {processor.py:186} INFO - Started process (PID=6190) to work on /opt/airflow/dags/Sesion5/Dataset_S5_3.py
[2025-06-05T02:31:32.071+0000] {processor.py:914} INFO - Processing file /opt/airflow/dags/Sesion5/Dataset_S5_3.py for tasks to queue
[2025-06-05T02:31:32.073+0000] {logging_mixin.py:190} INFO - [2025-06-05T02:31:32.073+0000] {dagbag.py:588} INFO - Filling up the DagBag from /opt/airflow/dags/Sesion5/Dataset_S5_3.py
[2025-06-05T02:31:32.081+0000] {processor.py:925} INFO - DAG(s) 'consumer_dag_S5_ej2_2' retrieved from /opt/airflow/dags/Sesion5/Dataset_S5_3.py
[2025-06-05T02:31:32.103+0000] {logging_mixin.py:190} INFO - [2025-06-05T02:31:32.103+0000] {dag.py:3239} INFO - Sync 1 DAGs
[2025-06-05T02:31:32.133+0000] {logging_mixin.py:190} INFO - [2025-06-05T02:31:32.133+0000] {dag.py:4180} INFO - Setting next_dagrun for consumer_dag_S5_ej2_2 to None, run_after=None
[2025-06-05T02:31:32.159+0000] {processor.py:208} INFO - Processing /opt/airflow/dags/Sesion5/Dataset_S5_3.py took 0.096 seconds
[2025-06-05T02:32:03.151+0000] {processor.py:186} INFO - Started process (PID=6303) to work on /opt/airflow/dags/Sesion5/Dataset_S5_3.py
[2025-06-05T02:32:03.152+0000] {processor.py:914} INFO - Processing file /opt/airflow/dags/Sesion5/Dataset_S5_3.py for tasks to queue
[2025-06-05T02:32:03.154+0000] {logging_mixin.py:190} INFO - [2025-06-05T02:32:03.154+0000] {dagbag.py:588} INFO - Filling up the DagBag from /opt/airflow/dags/Sesion5/Dataset_S5_3.py
[2025-06-05T02:32:03.162+0000] {processor.py:925} INFO - DAG(s) 'consumer_dag_S5_ej2_2' retrieved from /opt/airflow/dags/Sesion5/Dataset_S5_3.py
[2025-06-05T02:32:03.185+0000] {logging_mixin.py:190} INFO - [2025-06-05T02:32:03.184+0000] {dag.py:3239} INFO - Sync 1 DAGs
[2025-06-05T02:32:03.213+0000] {logging_mixin.py:190} INFO - [2025-06-05T02:32:03.212+0000] {dag.py:4180} INFO - Setting next_dagrun for consumer_dag_S5_ej2_2 to None, run_after=None
[2025-06-05T02:32:03.375+0000] {processor.py:208} INFO - Processing /opt/airflow/dags/Sesion5/Dataset_S5_3.py took 0.232 seconds
[2025-06-05T02:32:34.097+0000] {processor.py:186} INFO - Started process (PID=6418) to work on /opt/airflow/dags/Sesion5/Dataset_S5_3.py
[2025-06-05T02:32:34.097+0000] {processor.py:914} INFO - Processing file /opt/airflow/dags/Sesion5/Dataset_S5_3.py for tasks to queue
[2025-06-05T02:32:34.100+0000] {logging_mixin.py:190} INFO - [2025-06-05T02:32:34.099+0000] {dagbag.py:588} INFO - Filling up the DagBag from /opt/airflow/dags/Sesion5/Dataset_S5_3.py
[2025-06-05T02:32:34.107+0000] {processor.py:925} INFO - DAG(s) 'consumer_dag_S5_ej2_2' retrieved from /opt/airflow/dags/Sesion5/Dataset_S5_3.py
[2025-06-05T02:32:34.129+0000] {logging_mixin.py:190} INFO - [2025-06-05T02:32:34.129+0000] {dag.py:3239} INFO - Sync 1 DAGs
[2025-06-05T02:32:34.324+0000] {logging_mixin.py:190} INFO - [2025-06-05T02:32:34.324+0000] {dag.py:4180} INFO - Setting next_dagrun for consumer_dag_S5_ej2_2 to None, run_after=None
[2025-06-05T02:32:34.355+0000] {processor.py:208} INFO - Processing /opt/airflow/dags/Sesion5/Dataset_S5_3.py took 0.265 seconds
[2025-06-05T02:33:05.141+0000] {processor.py:186} INFO - Started process (PID=6535) to work on /opt/airflow/dags/Sesion5/Dataset_S5_3.py
[2025-06-05T02:33:05.142+0000] {processor.py:914} INFO - Processing file /opt/airflow/dags/Sesion5/Dataset_S5_3.py for tasks to queue
[2025-06-05T02:33:05.144+0000] {logging_mixin.py:190} INFO - [2025-06-05T02:33:05.144+0000] {dagbag.py:588} INFO - Filling up the DagBag from /opt/airflow/dags/Sesion5/Dataset_S5_3.py
[2025-06-05T02:33:05.151+0000] {processor.py:925} INFO - DAG(s) 'consumer_dag_S5_ej2_2' retrieved from /opt/airflow/dags/Sesion5/Dataset_S5_3.py
[2025-06-05T02:33:05.357+0000] {logging_mixin.py:190} INFO - [2025-06-05T02:33:05.357+0000] {dag.py:3239} INFO - Sync 1 DAGs
[2025-06-05T02:33:05.395+0000] {logging_mixin.py:190} INFO - [2025-06-05T02:33:05.395+0000] {dag.py:4180} INFO - Setting next_dagrun for consumer_dag_S5_ej2_2 to None, run_after=None
[2025-06-05T02:33:05.425+0000] {processor.py:208} INFO - Processing /opt/airflow/dags/Sesion5/Dataset_S5_3.py took 0.292 seconds
[2025-06-05T02:33:36.374+0000] {processor.py:186} INFO - Started process (PID=6650) to work on /opt/airflow/dags/Sesion5/Dataset_S5_3.py
[2025-06-05T02:33:36.375+0000] {processor.py:914} INFO - Processing file /opt/airflow/dags/Sesion5/Dataset_S5_3.py for tasks to queue
[2025-06-05T02:33:36.379+0000] {logging_mixin.py:190} INFO - [2025-06-05T02:33:36.379+0000] {dagbag.py:588} INFO - Filling up the DagBag from /opt/airflow/dags/Sesion5/Dataset_S5_3.py
[2025-06-05T02:33:36.387+0000] {processor.py:925} INFO - DAG(s) 'consumer_dag_S5_ej2_2' retrieved from /opt/airflow/dags/Sesion5/Dataset_S5_3.py
[2025-06-05T02:33:36.427+0000] {logging_mixin.py:190} INFO - [2025-06-05T02:33:36.426+0000] {dag.py:3239} INFO - Sync 1 DAGs
[2025-06-05T02:33:36.460+0000] {logging_mixin.py:190} INFO - [2025-06-05T02:33:36.460+0000] {dag.py:4180} INFO - Setting next_dagrun for consumer_dag_S5_ej2_2 to None, run_after=None
[2025-06-05T02:33:36.487+0000] {processor.py:208} INFO - Processing /opt/airflow/dags/Sesion5/Dataset_S5_3.py took 0.123 seconds
[2025-06-05T02:34:07.182+0000] {processor.py:186} INFO - Started process (PID=6765) to work on /opt/airflow/dags/Sesion5/Dataset_S5_3.py
[2025-06-05T02:34:07.183+0000] {processor.py:914} INFO - Processing file /opt/airflow/dags/Sesion5/Dataset_S5_3.py for tasks to queue
[2025-06-05T02:34:07.187+0000] {logging_mixin.py:190} INFO - [2025-06-05T02:34:07.186+0000] {dagbag.py:588} INFO - Filling up the DagBag from /opt/airflow/dags/Sesion5/Dataset_S5_3.py
[2025-06-05T02:34:07.195+0000] {processor.py:925} INFO - DAG(s) 'consumer_dag_S5_ej2_2' retrieved from /opt/airflow/dags/Sesion5/Dataset_S5_3.py
[2025-06-05T02:34:07.229+0000] {logging_mixin.py:190} INFO - [2025-06-05T02:34:07.229+0000] {dag.py:3239} INFO - Sync 1 DAGs
[2025-06-05T02:34:07.282+0000] {logging_mixin.py:190} INFO - [2025-06-05T02:34:07.282+0000] {dag.py:4180} INFO - Setting next_dagrun for consumer_dag_S5_ej2_2 to None, run_after=None
[2025-06-05T02:34:07.312+0000] {processor.py:208} INFO - Processing /opt/airflow/dags/Sesion5/Dataset_S5_3.py took 0.138 seconds
[2025-06-05T05:21:07.817+0000] {processor.py:186} INFO - Started process (PID=219) to work on /opt/airflow/dags/Sesion5/Dataset_S5_3.py
[2025-06-05T05:21:07.819+0000] {processor.py:914} INFO - Processing file /opt/airflow/dags/Sesion5/Dataset_S5_3.py for tasks to queue
[2025-06-05T05:21:07.834+0000] {logging_mixin.py:190} INFO - [2025-06-05T05:21:07.833+0000] {dagbag.py:588} INFO - Filling up the DagBag from /opt/airflow/dags/Sesion5/Dataset_S5_3.py
[2025-06-05T05:21:07.867+0000] {processor.py:925} INFO - DAG(s) 'consumer_dag_S5_ej2_2' retrieved from /opt/airflow/dags/Sesion5/Dataset_S5_3.py
[2025-06-05T05:21:07.943+0000] {logging_mixin.py:190} INFO - [2025-06-05T05:21:07.942+0000] {dag.py:3239} INFO - Sync 1 DAGs
[2025-06-05T05:21:08.047+0000] {logging_mixin.py:190} INFO - [2025-06-05T05:21:08.046+0000] {dag.py:4180} INFO - Setting next_dagrun for consumer_dag_S5_ej2_2 to None, run_after=None
[2025-06-05T05:21:08.252+0000] {processor.py:208} INFO - Processing /opt/airflow/dags/Sesion5/Dataset_S5_3.py took 0.469 seconds
[2025-06-05T05:21:38.402+0000] {processor.py:186} INFO - Started process (PID=334) to work on /opt/airflow/dags/Sesion5/Dataset_S5_3.py
[2025-06-05T05:21:38.403+0000] {processor.py:914} INFO - Processing file /opt/airflow/dags/Sesion5/Dataset_S5_3.py for tasks to queue
[2025-06-05T05:21:38.405+0000] {logging_mixin.py:190} INFO - [2025-06-05T05:21:38.405+0000] {dagbag.py:588} INFO - Filling up the DagBag from /opt/airflow/dags/Sesion5/Dataset_S5_3.py
[2025-06-05T05:21:38.412+0000] {processor.py:925} INFO - DAG(s) 'consumer_dag_S5_ej2_2' retrieved from /opt/airflow/dags/Sesion5/Dataset_S5_3.py
[2025-06-05T05:21:38.432+0000] {logging_mixin.py:190} INFO - [2025-06-05T05:21:38.432+0000] {dag.py:3239} INFO - Sync 1 DAGs
[2025-06-05T05:21:38.460+0000] {logging_mixin.py:190} INFO - [2025-06-05T05:21:38.460+0000] {dag.py:4180} INFO - Setting next_dagrun for consumer_dag_S5_ej2_2 to None, run_after=None
[2025-06-05T05:21:38.486+0000] {processor.py:208} INFO - Processing /opt/airflow/dags/Sesion5/Dataset_S5_3.py took 0.091 seconds
[2025-06-05T05:22:09.297+0000] {processor.py:186} INFO - Started process (PID=449) to work on /opt/airflow/dags/Sesion5/Dataset_S5_3.py
[2025-06-05T05:22:09.298+0000] {processor.py:914} INFO - Processing file /opt/airflow/dags/Sesion5/Dataset_S5_3.py for tasks to queue
[2025-06-05T05:22:09.301+0000] {logging_mixin.py:190} INFO - [2025-06-05T05:22:09.300+0000] {dagbag.py:588} INFO - Filling up the DagBag from /opt/airflow/dags/Sesion5/Dataset_S5_3.py
[2025-06-05T05:22:09.323+0000] {processor.py:925} INFO - DAG(s) 'consumer_dag_S5_ej2_2' retrieved from /opt/airflow/dags/Sesion5/Dataset_S5_3.py
[2025-06-05T05:22:09.368+0000] {logging_mixin.py:190} INFO - [2025-06-05T05:22:09.367+0000] {dag.py:3239} INFO - Sync 1 DAGs
[2025-06-05T05:22:09.418+0000] {logging_mixin.py:190} INFO - [2025-06-05T05:22:09.418+0000] {dag.py:4180} INFO - Setting next_dagrun for consumer_dag_S5_ej2_2 to None, run_after=None
[2025-06-05T05:22:09.474+0000] {processor.py:208} INFO - Processing /opt/airflow/dags/Sesion5/Dataset_S5_3.py took 0.184 seconds
[2025-06-05T05:22:40.591+0000] {processor.py:186} INFO - Started process (PID=558) to work on /opt/airflow/dags/Sesion5/Dataset_S5_3.py
[2025-06-05T05:22:40.592+0000] {processor.py:914} INFO - Processing file /opt/airflow/dags/Sesion5/Dataset_S5_3.py for tasks to queue
[2025-06-05T05:22:40.594+0000] {logging_mixin.py:190} INFO - [2025-06-05T05:22:40.594+0000] {dagbag.py:588} INFO - Filling up the DagBag from /opt/airflow/dags/Sesion5/Dataset_S5_3.py
[2025-06-05T05:22:40.601+0000] {processor.py:925} INFO - DAG(s) 'consumer_dag_S5_ej2_2' retrieved from /opt/airflow/dags/Sesion5/Dataset_S5_3.py
[2025-06-05T05:22:40.638+0000] {logging_mixin.py:190} INFO - [2025-06-05T05:22:40.638+0000] {dag.py:3239} INFO - Sync 1 DAGs
[2025-06-05T05:22:40.711+0000] {logging_mixin.py:190} INFO - [2025-06-05T05:22:40.711+0000] {dag.py:4180} INFO - Setting next_dagrun for consumer_dag_S5_ej2_2 to None, run_after=None
[2025-06-05T05:22:40.772+0000] {processor.py:208} INFO - Processing /opt/airflow/dags/Sesion5/Dataset_S5_3.py took 0.188 seconds
[2025-06-05T05:23:12.213+0000] {processor.py:186} INFO - Started process (PID=673) to work on /opt/airflow/dags/Sesion5/Dataset_S5_3.py
[2025-06-05T05:23:12.218+0000] {processor.py:914} INFO - Processing file /opt/airflow/dags/Sesion5/Dataset_S5_3.py for tasks to queue
[2025-06-05T05:23:12.220+0000] {logging_mixin.py:190} INFO - [2025-06-05T05:23:12.220+0000] {dagbag.py:588} INFO - Filling up the DagBag from /opt/airflow/dags/Sesion5/Dataset_S5_3.py
[2025-06-05T05:23:12.239+0000] {processor.py:925} INFO - DAG(s) 'consumer_dag_S5_ej2_2' retrieved from /opt/airflow/dags/Sesion5/Dataset_S5_3.py
[2025-06-05T05:23:12.267+0000] {logging_mixin.py:190} INFO - [2025-06-05T05:23:12.267+0000] {dag.py:3239} INFO - Sync 1 DAGs
[2025-06-05T05:23:12.294+0000] {logging_mixin.py:190} INFO - [2025-06-05T05:23:12.294+0000] {dag.py:4180} INFO - Setting next_dagrun for consumer_dag_S5_ej2_2 to None, run_after=None
[2025-06-05T05:23:12.321+0000] {processor.py:208} INFO - Processing /opt/airflow/dags/Sesion5/Dataset_S5_3.py took 0.124 seconds
[2025-06-05T05:23:43.610+0000] {processor.py:186} INFO - Started process (PID=788) to work on /opt/airflow/dags/Sesion5/Dataset_S5_3.py
[2025-06-05T05:23:43.611+0000] {processor.py:914} INFO - Processing file /opt/airflow/dags/Sesion5/Dataset_S5_3.py for tasks to queue
[2025-06-05T05:23:43.613+0000] {logging_mixin.py:190} INFO - [2025-06-05T05:23:43.612+0000] {dagbag.py:588} INFO - Filling up the DagBag from /opt/airflow/dags/Sesion5/Dataset_S5_3.py
[2025-06-05T05:23:43.620+0000] {processor.py:925} INFO - DAG(s) 'consumer_dag_S5_ej2_2' retrieved from /opt/airflow/dags/Sesion5/Dataset_S5_3.py
[2025-06-05T05:23:43.658+0000] {logging_mixin.py:190} INFO - [2025-06-05T05:23:43.658+0000] {dag.py:3239} INFO - Sync 1 DAGs
[2025-06-05T05:23:43.688+0000] {logging_mixin.py:190} INFO - [2025-06-05T05:23:43.688+0000] {dag.py:4180} INFO - Setting next_dagrun for consumer_dag_S5_ej2_2 to None, run_after=None
[2025-06-05T05:23:43.712+0000] {processor.py:208} INFO - Processing /opt/airflow/dags/Sesion5/Dataset_S5_3.py took 0.109 seconds
[2025-06-05T05:24:15.352+0000] {processor.py:186} INFO - Started process (PID=903) to work on /opt/airflow/dags/Sesion5/Dataset_S5_3.py
[2025-06-05T05:24:15.352+0000] {processor.py:914} INFO - Processing file /opt/airflow/dags/Sesion5/Dataset_S5_3.py for tasks to queue
[2025-06-05T05:24:15.354+0000] {logging_mixin.py:190} INFO - [2025-06-05T05:24:15.354+0000] {dagbag.py:588} INFO - Filling up the DagBag from /opt/airflow/dags/Sesion5/Dataset_S5_3.py
[2025-06-05T05:24:15.362+0000] {processor.py:925} INFO - DAG(s) 'consumer_dag_S5_ej2_2' retrieved from /opt/airflow/dags/Sesion5/Dataset_S5_3.py
[2025-06-05T05:24:15.387+0000] {logging_mixin.py:190} INFO - [2025-06-05T05:24:15.387+0000] {dag.py:3239} INFO - Sync 1 DAGs
[2025-06-05T05:24:15.563+0000] {logging_mixin.py:190} INFO - [2025-06-05T05:24:15.562+0000] {dag.py:4180} INFO - Setting next_dagrun for consumer_dag_S5_ej2_2 to None, run_after=None
[2025-06-05T05:24:15.659+0000] {processor.py:208} INFO - Processing /opt/airflow/dags/Sesion5/Dataset_S5_3.py took 0.314 seconds
[2025-06-05T05:24:46.525+0000] {processor.py:186} INFO - Started process (PID=1018) to work on /opt/airflow/dags/Sesion5/Dataset_S5_3.py
[2025-06-05T05:24:46.526+0000] {processor.py:914} INFO - Processing file /opt/airflow/dags/Sesion5/Dataset_S5_3.py for tasks to queue
[2025-06-05T05:24:46.528+0000] {logging_mixin.py:190} INFO - [2025-06-05T05:24:46.528+0000] {dagbag.py:588} INFO - Filling up the DagBag from /opt/airflow/dags/Sesion5/Dataset_S5_3.py
[2025-06-05T05:24:46.536+0000] {processor.py:925} INFO - DAG(s) 'consumer_dag_S5_ej2_2' retrieved from /opt/airflow/dags/Sesion5/Dataset_S5_3.py
[2025-06-05T05:24:46.557+0000] {logging_mixin.py:190} INFO - [2025-06-05T05:24:46.557+0000] {dag.py:3239} INFO - Sync 1 DAGs
[2025-06-05T05:24:46.609+0000] {logging_mixin.py:190} INFO - [2025-06-05T05:24:46.609+0000] {dag.py:4180} INFO - Setting next_dagrun for consumer_dag_S5_ej2_2 to None, run_after=None
[2025-06-05T05:24:46.660+0000] {processor.py:208} INFO - Processing /opt/airflow/dags/Sesion5/Dataset_S5_3.py took 0.143 seconds
[2025-06-05T05:25:17.988+0000] {processor.py:186} INFO - Started process (PID=1135) to work on /opt/airflow/dags/Sesion5/Dataset_S5_3.py
[2025-06-05T05:25:17.988+0000] {processor.py:914} INFO - Processing file /opt/airflow/dags/Sesion5/Dataset_S5_3.py for tasks to queue
[2025-06-05T05:25:17.990+0000] {logging_mixin.py:190} INFO - [2025-06-05T05:25:17.989+0000] {dagbag.py:588} INFO - Filling up the DagBag from /opt/airflow/dags/Sesion5/Dataset_S5_3.py
[2025-06-05T05:25:17.995+0000] {processor.py:925} INFO - DAG(s) 'consumer_dag_S5_ej2_2' retrieved from /opt/airflow/dags/Sesion5/Dataset_S5_3.py
[2025-06-05T05:25:18.010+0000] {logging_mixin.py:190} INFO - [2025-06-05T05:25:18.010+0000] {dag.py:3239} INFO - Sync 1 DAGs
[2025-06-05T05:25:18.029+0000] {logging_mixin.py:190} INFO - [2025-06-05T05:25:18.029+0000] {dag.py:4180} INFO - Setting next_dagrun for consumer_dag_S5_ej2_2 to None, run_after=None
[2025-06-05T05:25:18.048+0000] {processor.py:208} INFO - Processing /opt/airflow/dags/Sesion5/Dataset_S5_3.py took 0.065 seconds
[2025-06-05T05:25:49.216+0000] {processor.py:186} INFO - Started process (PID=1248) to work on /opt/airflow/dags/Sesion5/Dataset_S5_3.py
[2025-06-05T05:25:49.217+0000] {processor.py:914} INFO - Processing file /opt/airflow/dags/Sesion5/Dataset_S5_3.py for tasks to queue
[2025-06-05T05:25:49.219+0000] {logging_mixin.py:190} INFO - [2025-06-05T05:25:49.219+0000] {dagbag.py:588} INFO - Filling up the DagBag from /opt/airflow/dags/Sesion5/Dataset_S5_3.py
[2025-06-05T05:25:49.226+0000] {processor.py:925} INFO - DAG(s) 'consumer_dag_S5_ej2_2' retrieved from /opt/airflow/dags/Sesion5/Dataset_S5_3.py
[2025-06-05T05:25:49.247+0000] {logging_mixin.py:190} INFO - [2025-06-05T05:25:49.246+0000] {dag.py:3239} INFO - Sync 1 DAGs
[2025-06-05T05:25:49.276+0000] {logging_mixin.py:190} INFO - [2025-06-05T05:25:49.276+0000] {dag.py:4180} INFO - Setting next_dagrun for consumer_dag_S5_ej2_2 to None, run_after=None
[2025-06-05T05:25:49.303+0000] {processor.py:208} INFO - Processing /opt/airflow/dags/Sesion5/Dataset_S5_3.py took 0.094 seconds
[2025-06-05T05:26:20.166+0000] {processor.py:186} INFO - Started process (PID=1363) to work on /opt/airflow/dags/Sesion5/Dataset_S5_3.py
[2025-06-05T05:26:20.169+0000] {processor.py:914} INFO - Processing file /opt/airflow/dags/Sesion5/Dataset_S5_3.py for tasks to queue
[2025-06-05T05:26:20.172+0000] {logging_mixin.py:190} INFO - [2025-06-05T05:26:20.172+0000] {dagbag.py:588} INFO - Filling up the DagBag from /opt/airflow/dags/Sesion5/Dataset_S5_3.py
[2025-06-05T05:26:20.186+0000] {processor.py:925} INFO - DAG(s) 'consumer_dag_S5_ej2_2' retrieved from /opt/airflow/dags/Sesion5/Dataset_S5_3.py
[2025-06-05T05:26:20.237+0000] {logging_mixin.py:190} INFO - [2025-06-05T05:26:20.236+0000] {dag.py:3239} INFO - Sync 1 DAGs
[2025-06-05T05:26:20.296+0000] {logging_mixin.py:190} INFO - [2025-06-05T05:26:20.295+0000] {dag.py:4180} INFO - Setting next_dagrun for consumer_dag_S5_ej2_2 to None, run_after=None
[2025-06-05T05:26:20.340+0000] {processor.py:208} INFO - Processing /opt/airflow/dags/Sesion5/Dataset_S5_3.py took 0.180 seconds
[2025-06-05T05:26:51.530+0000] {processor.py:186} INFO - Started process (PID=1478) to work on /opt/airflow/dags/Sesion5/Dataset_S5_3.py
[2025-06-05T05:26:51.531+0000] {processor.py:914} INFO - Processing file /opt/airflow/dags/Sesion5/Dataset_S5_3.py for tasks to queue
[2025-06-05T05:26:51.534+0000] {logging_mixin.py:190} INFO - [2025-06-05T05:26:51.533+0000] {dagbag.py:588} INFO - Filling up the DagBag from /opt/airflow/dags/Sesion5/Dataset_S5_3.py
[2025-06-05T05:26:51.546+0000] {processor.py:925} INFO - DAG(s) 'consumer_dag_S5_ej2_2' retrieved from /opt/airflow/dags/Sesion5/Dataset_S5_3.py
[2025-06-05T05:26:51.569+0000] {logging_mixin.py:190} INFO - [2025-06-05T05:26:51.569+0000] {dag.py:3239} INFO - Sync 1 DAGs
[2025-06-05T05:26:51.599+0000] {logging_mixin.py:190} INFO - [2025-06-05T05:26:51.599+0000] {dag.py:4180} INFO - Setting next_dagrun for consumer_dag_S5_ej2_2 to None, run_after=None
[2025-06-05T05:26:51.626+0000] {processor.py:208} INFO - Processing /opt/airflow/dags/Sesion5/Dataset_S5_3.py took 0.110 seconds
[2025-06-05T05:27:22.843+0000] {processor.py:186} INFO - Started process (PID=1595) to work on /opt/airflow/dags/Sesion5/Dataset_S5_3.py
[2025-06-05T05:27:22.843+0000] {processor.py:914} INFO - Processing file /opt/airflow/dags/Sesion5/Dataset_S5_3.py for tasks to queue
[2025-06-05T05:27:22.845+0000] {logging_mixin.py:190} INFO - [2025-06-05T05:27:22.845+0000] {dagbag.py:588} INFO - Filling up the DagBag from /opt/airflow/dags/Sesion5/Dataset_S5_3.py
[2025-06-05T05:27:22.851+0000] {processor.py:925} INFO - DAG(s) 'consumer_dag_S5_ej2_2' retrieved from /opt/airflow/dags/Sesion5/Dataset_S5_3.py
[2025-06-05T05:27:22.868+0000] {logging_mixin.py:190} INFO - [2025-06-05T05:27:22.867+0000] {dag.py:3239} INFO - Sync 1 DAGs
[2025-06-05T05:27:22.889+0000] {logging_mixin.py:190} INFO - [2025-06-05T05:27:22.889+0000] {dag.py:4180} INFO - Setting next_dagrun for consumer_dag_S5_ej2_2 to None, run_after=None
[2025-06-05T05:27:22.912+0000] {processor.py:208} INFO - Processing /opt/airflow/dags/Sesion5/Dataset_S5_3.py took 0.074 seconds
[2025-06-05T05:27:54.889+0000] {processor.py:186} INFO - Started process (PID=1714) to work on /opt/airflow/dags/Sesion5/Dataset_S5_3.py
[2025-06-05T05:27:54.890+0000] {processor.py:914} INFO - Processing file /opt/airflow/dags/Sesion5/Dataset_S5_3.py for tasks to queue
[2025-06-05T05:27:54.893+0000] {logging_mixin.py:190} INFO - [2025-06-05T05:27:54.893+0000] {dagbag.py:588} INFO - Filling up the DagBag from /opt/airflow/dags/Sesion5/Dataset_S5_3.py
[2025-06-05T05:27:54.902+0000] {processor.py:925} INFO - DAG(s) 'consumer_dag_S5_ej2_2' retrieved from /opt/airflow/dags/Sesion5/Dataset_S5_3.py
[2025-06-05T05:27:54.940+0000] {logging_mixin.py:190} INFO - [2025-06-05T05:27:54.940+0000] {dag.py:3239} INFO - Sync 1 DAGs
[2025-06-05T05:27:55.028+0000] {logging_mixin.py:190} INFO - [2025-06-05T05:27:55.028+0000] {dag.py:4180} INFO - Setting next_dagrun for consumer_dag_S5_ej2_2 to None, run_after=None
[2025-06-05T05:27:55.094+0000] {processor.py:208} INFO - Processing /opt/airflow/dags/Sesion5/Dataset_S5_3.py took 0.212 seconds
[2025-06-05T05:28:26.184+0000] {processor.py:186} INFO - Started process (PID=1825) to work on /opt/airflow/dags/Sesion5/Dataset_S5_3.py
[2025-06-05T05:28:26.185+0000] {processor.py:914} INFO - Processing file /opt/airflow/dags/Sesion5/Dataset_S5_3.py for tasks to queue
[2025-06-05T05:28:26.187+0000] {logging_mixin.py:190} INFO - [2025-06-05T05:28:26.187+0000] {dagbag.py:588} INFO - Filling up the DagBag from /opt/airflow/dags/Sesion5/Dataset_S5_3.py
[2025-06-05T05:28:26.199+0000] {processor.py:925} INFO - DAG(s) 'consumer_dag_S5_ej2_2' retrieved from /opt/airflow/dags/Sesion5/Dataset_S5_3.py
[2025-06-05T05:28:26.218+0000] {logging_mixin.py:190} INFO - [2025-06-05T05:28:26.218+0000] {dag.py:3239} INFO - Sync 1 DAGs
[2025-06-05T05:28:26.240+0000] {logging_mixin.py:190} INFO - [2025-06-05T05:28:26.240+0000] {dag.py:4180} INFO - Setting next_dagrun for consumer_dag_S5_ej2_2 to None, run_after=None
[2025-06-05T05:28:26.262+0000] {processor.py:208} INFO - Processing /opt/airflow/dags/Sesion5/Dataset_S5_3.py took 0.084 seconds
[2025-06-05T05:28:57.147+0000] {processor.py:186} INFO - Started process (PID=1940) to work on /opt/airflow/dags/Sesion5/Dataset_S5_3.py
[2025-06-05T05:28:57.148+0000] {processor.py:914} INFO - Processing file /opt/airflow/dags/Sesion5/Dataset_S5_3.py for tasks to queue
[2025-06-05T05:28:57.150+0000] {logging_mixin.py:190} INFO - [2025-06-05T05:28:57.150+0000] {dagbag.py:588} INFO - Filling up the DagBag from /opt/airflow/dags/Sesion5/Dataset_S5_3.py
[2025-06-05T05:28:57.159+0000] {processor.py:925} INFO - DAG(s) 'consumer_dag_S5_ej2_2' retrieved from /opt/airflow/dags/Sesion5/Dataset_S5_3.py
[2025-06-05T05:28:57.183+0000] {logging_mixin.py:190} INFO - [2025-06-05T05:28:57.183+0000] {dag.py:3239} INFO - Sync 1 DAGs
[2025-06-05T05:28:57.219+0000] {logging_mixin.py:190} INFO - [2025-06-05T05:28:57.219+0000] {dag.py:4180} INFO - Setting next_dagrun for consumer_dag_S5_ej2_2 to None, run_after=None
[2025-06-05T05:28:57.248+0000] {processor.py:208} INFO - Processing /opt/airflow/dags/Sesion5/Dataset_S5_3.py took 0.108 seconds
[2025-06-05T05:29:28.716+0000] {processor.py:186} INFO - Started process (PID=2053) to work on /opt/airflow/dags/Sesion5/Dataset_S5_3.py
[2025-06-05T05:29:28.718+0000] {processor.py:914} INFO - Processing file /opt/airflow/dags/Sesion5/Dataset_S5_3.py for tasks to queue
[2025-06-05T05:29:28.720+0000] {logging_mixin.py:190} INFO - [2025-06-05T05:29:28.719+0000] {dagbag.py:588} INFO - Filling up the DagBag from /opt/airflow/dags/Sesion5/Dataset_S5_3.py
[2025-06-05T05:29:28.735+0000] {processor.py:925} INFO - DAG(s) 'consumer_dag_S5_ej2_2' retrieved from /opt/airflow/dags/Sesion5/Dataset_S5_3.py
[2025-06-05T05:29:28.801+0000] {logging_mixin.py:190} INFO - [2025-06-05T05:29:28.801+0000] {dag.py:3239} INFO - Sync 1 DAGs
[2025-06-05T05:29:28.861+0000] {logging_mixin.py:190} INFO - [2025-06-05T05:29:28.860+0000] {dag.py:4180} INFO - Setting next_dagrun for consumer_dag_S5_ej2_2 to None, run_after=None
[2025-06-05T05:29:28.922+0000] {processor.py:208} INFO - Processing /opt/airflow/dags/Sesion5/Dataset_S5_3.py took 0.218 seconds
[2025-06-05T05:30:00.128+0000] {processor.py:186} INFO - Started process (PID=2170) to work on /opt/airflow/dags/Sesion5/Dataset_S5_3.py
[2025-06-05T05:30:00.129+0000] {processor.py:914} INFO - Processing file /opt/airflow/dags/Sesion5/Dataset_S5_3.py for tasks to queue
[2025-06-05T05:30:00.130+0000] {logging_mixin.py:190} INFO - [2025-06-05T05:30:00.130+0000] {dagbag.py:588} INFO - Filling up the DagBag from /opt/airflow/dags/Sesion5/Dataset_S5_3.py
[2025-06-05T05:30:00.136+0000] {processor.py:925} INFO - DAG(s) 'consumer_dag_S5_ej2_2' retrieved from /opt/airflow/dags/Sesion5/Dataset_S5_3.py
[2025-06-05T05:30:00.151+0000] {logging_mixin.py:190} INFO - [2025-06-05T05:30:00.150+0000] {dag.py:3239} INFO - Sync 1 DAGs
[2025-06-05T05:30:00.172+0000] {logging_mixin.py:190} INFO - [2025-06-05T05:30:00.172+0000] {dag.py:4180} INFO - Setting next_dagrun for consumer_dag_S5_ej2_2 to None, run_after=None
[2025-06-05T05:30:00.199+0000] {processor.py:208} INFO - Processing /opt/airflow/dags/Sesion5/Dataset_S5_3.py took 0.076 seconds
[2025-06-05T05:30:31.400+0000] {processor.py:186} INFO - Started process (PID=2283) to work on /opt/airflow/dags/Sesion5/Dataset_S5_3.py
[2025-06-05T05:30:31.401+0000] {processor.py:914} INFO - Processing file /opt/airflow/dags/Sesion5/Dataset_S5_3.py for tasks to queue
[2025-06-05T05:30:31.403+0000] {logging_mixin.py:190} INFO - [2025-06-05T05:30:31.403+0000] {dagbag.py:588} INFO - Filling up the DagBag from /opt/airflow/dags/Sesion5/Dataset_S5_3.py
[2025-06-05T05:30:31.411+0000] {processor.py:925} INFO - DAG(s) 'consumer_dag_S5_ej2_2' retrieved from /opt/airflow/dags/Sesion5/Dataset_S5_3.py
[2025-06-05T05:30:31.437+0000] {logging_mixin.py:190} INFO - [2025-06-05T05:30:31.436+0000] {dag.py:3239} INFO - Sync 1 DAGs
[2025-06-05T05:30:31.471+0000] {logging_mixin.py:190} INFO - [2025-06-05T05:30:31.471+0000] {dag.py:4180} INFO - Setting next_dagrun for consumer_dag_S5_ej2_2 to None, run_after=None
[2025-06-05T05:30:31.502+0000] {processor.py:208} INFO - Processing /opt/airflow/dags/Sesion5/Dataset_S5_3.py took 0.113 seconds
[2025-06-05T05:31:02.420+0000] {processor.py:186} INFO - Started process (PID=2398) to work on /opt/airflow/dags/Sesion5/Dataset_S5_3.py
[2025-06-05T05:31:02.421+0000] {processor.py:914} INFO - Processing file /opt/airflow/dags/Sesion5/Dataset_S5_3.py for tasks to queue
[2025-06-05T05:31:02.424+0000] {logging_mixin.py:190} INFO - [2025-06-05T05:31:02.424+0000] {dagbag.py:588} INFO - Filling up the DagBag from /opt/airflow/dags/Sesion5/Dataset_S5_3.py
[2025-06-05T05:31:02.433+0000] {processor.py:925} INFO - DAG(s) 'consumer_dag_S5_ej2_2' retrieved from /opt/airflow/dags/Sesion5/Dataset_S5_3.py
[2025-06-05T05:31:02.458+0000] {logging_mixin.py:190} INFO - [2025-06-05T05:31:02.458+0000] {dag.py:3239} INFO - Sync 1 DAGs
[2025-06-05T05:31:02.492+0000] {logging_mixin.py:190} INFO - [2025-06-05T05:31:02.491+0000] {dag.py:4180} INFO - Setting next_dagrun for consumer_dag_S5_ej2_2 to None, run_after=None
[2025-06-05T05:31:02.525+0000] {processor.py:208} INFO - Processing /opt/airflow/dags/Sesion5/Dataset_S5_3.py took 0.113 seconds
[2025-06-05T05:31:33.615+0000] {processor.py:186} INFO - Started process (PID=2513) to work on /opt/airflow/dags/Sesion5/Dataset_S5_3.py
[2025-06-05T05:31:33.616+0000] {processor.py:914} INFO - Processing file /opt/airflow/dags/Sesion5/Dataset_S5_3.py for tasks to queue
[2025-06-05T05:31:33.619+0000] {logging_mixin.py:190} INFO - [2025-06-05T05:31:33.618+0000] {dagbag.py:588} INFO - Filling up the DagBag from /opt/airflow/dags/Sesion5/Dataset_S5_3.py
[2025-06-05T05:31:33.627+0000] {processor.py:925} INFO - DAG(s) 'consumer_dag_S5_ej2_2' retrieved from /opt/airflow/dags/Sesion5/Dataset_S5_3.py
[2025-06-05T05:31:33.652+0000] {logging_mixin.py:190} INFO - [2025-06-05T05:31:33.652+0000] {dag.py:3239} INFO - Sync 1 DAGs
[2025-06-05T05:31:33.686+0000] {logging_mixin.py:190} INFO - [2025-06-05T05:31:33.685+0000] {dag.py:4180} INFO - Setting next_dagrun for consumer_dag_S5_ej2_2 to None, run_after=None
[2025-06-05T05:31:33.713+0000] {processor.py:208} INFO - Processing /opt/airflow/dags/Sesion5/Dataset_S5_3.py took 0.105 seconds
[2025-06-05T05:38:49.425+0000] {processor.py:186} INFO - Started process (PID=199) to work on /opt/airflow/dags/Sesion5/Dataset_S5_3.py
[2025-06-05T05:38:49.474+0000] {processor.py:914} INFO - Processing file /opt/airflow/dags/Sesion5/Dataset_S5_3.py for tasks to queue
[2025-06-05T05:38:49.481+0000] {logging_mixin.py:190} INFO - [2025-06-05T05:38:49.481+0000] {dagbag.py:588} INFO - Filling up the DagBag from /opt/airflow/dags/Sesion5/Dataset_S5_3.py
[2025-06-05T05:38:49.500+0000] {processor.py:925} INFO - DAG(s) 'consumer_dag_S5_ej2_2' retrieved from /opt/airflow/dags/Sesion5/Dataset_S5_3.py
[2025-06-05T05:38:49.550+0000] {logging_mixin.py:190} INFO - [2025-06-05T05:38:49.550+0000] {dag.py:3239} INFO - Sync 1 DAGs
[2025-06-05T05:38:49.628+0000] {logging_mixin.py:190} INFO - [2025-06-05T05:38:49.627+0000] {dag.py:4180} INFO - Setting next_dagrun for consumer_dag_S5_ej2_2 to None, run_after=None
[2025-06-05T05:38:50.072+0000] {processor.py:208} INFO - Processing /opt/airflow/dags/Sesion5/Dataset_S5_3.py took 0.668 seconds
[2025-06-05T05:39:20.209+0000] {processor.py:186} INFO - Started process (PID=306) to work on /opt/airflow/dags/Sesion5/Dataset_S5_3.py
[2025-06-05T05:39:20.213+0000] {processor.py:914} INFO - Processing file /opt/airflow/dags/Sesion5/Dataset_S5_3.py for tasks to queue
[2025-06-05T05:39:20.216+0000] {logging_mixin.py:190} INFO - [2025-06-05T05:39:20.215+0000] {dagbag.py:588} INFO - Filling up the DagBag from /opt/airflow/dags/Sesion5/Dataset_S5_3.py
[2025-06-05T05:39:20.226+0000] {processor.py:925} INFO - DAG(s) 'consumer_dag_S5_ej2_2' retrieved from /opt/airflow/dags/Sesion5/Dataset_S5_3.py
[2025-06-05T05:39:20.248+0000] {logging_mixin.py:190} INFO - [2025-06-05T05:39:20.247+0000] {dag.py:3239} INFO - Sync 1 DAGs
[2025-06-05T05:39:20.279+0000] {logging_mixin.py:190} INFO - [2025-06-05T05:39:20.279+0000] {dag.py:4180} INFO - Setting next_dagrun for consumer_dag_S5_ej2_2 to None, run_after=None
[2025-06-05T05:39:20.313+0000] {processor.py:208} INFO - Processing /opt/airflow/dags/Sesion5/Dataset_S5_3.py took 0.111 seconds
[2025-06-05T05:39:50.991+0000] {processor.py:186} INFO - Started process (PID=419) to work on /opt/airflow/dags/Sesion5/Dataset_S5_3.py
[2025-06-05T05:39:50.992+0000] {processor.py:914} INFO - Processing file /opt/airflow/dags/Sesion5/Dataset_S5_3.py for tasks to queue
[2025-06-05T05:39:50.994+0000] {logging_mixin.py:190} INFO - [2025-06-05T05:39:50.993+0000] {dagbag.py:588} INFO - Filling up the DagBag from /opt/airflow/dags/Sesion5/Dataset_S5_3.py
[2025-06-05T05:39:51.001+0000] {processor.py:925} INFO - DAG(s) 'consumer_dag_S5_ej2_2' retrieved from /opt/airflow/dags/Sesion5/Dataset_S5_3.py
[2025-06-05T05:39:51.024+0000] {logging_mixin.py:190} INFO - [2025-06-05T05:39:51.024+0000] {dag.py:3239} INFO - Sync 1 DAGs
[2025-06-05T05:39:51.057+0000] {logging_mixin.py:190} INFO - [2025-06-05T05:39:51.056+0000] {dag.py:4180} INFO - Setting next_dagrun for consumer_dag_S5_ej2_2 to None, run_after=None
[2025-06-05T05:39:51.078+0000] {processor.py:208} INFO - Processing /opt/airflow/dags/Sesion5/Dataset_S5_3.py took 0.094 seconds
