[2025-06-05T02:01:19.050+0000] {processor.py:186} INFO - Started process (PID=212) to work on /opt/airflow/dags/Sesion5/Dataset_S5_4_1.py
[2025-06-05T02:01:19.051+0000] {processor.py:914} INFO - Processing file /opt/airflow/dags/Sesion5/Dataset_S5_4_1.py for tasks to queue
[2025-06-05T02:01:19.068+0000] {logging_mixin.py:190} INFO - [2025-06-05T02:01:19.064+0000] {dagbag.py:588} INFO - Filling up the DagBag from /opt/airflow/dags/Sesion5/Dataset_S5_4_1.py
[2025-06-05T02:01:19.136+0000] {processor.py:925} INFO - DAG(s) 'final_dag_ej2_1' retrieved from /opt/airflow/dags/Sesion5/Dataset_S5_4_1.py
[2025-06-05T02:01:19.228+0000] {logging_mixin.py:190} INFO - [2025-06-05T02:01:19.228+0000] {dag.py:3239} INFO - Sync 1 DAGs
[2025-06-05T02:01:19.289+0000] {logging_mixin.py:190} INFO - [2025-06-05T02:01:19.288+0000] {dag.py:4180} INFO - Setting next_dagrun for final_dag_ej2_1 to None, run_after=None
[2025-06-05T02:01:19.341+0000] {processor.py:208} INFO - Processing /opt/airflow/dags/Sesion5/Dataset_S5_4_1.py took 0.307 seconds
[2025-06-05T02:01:52.270+0000] {processor.py:186} INFO - Started process (PID=327) to work on /opt/airflow/dags/Sesion5/Dataset_S5_4_1.py
[2025-06-05T02:01:52.273+0000] {processor.py:914} INFO - Processing file /opt/airflow/dags/Sesion5/Dataset_S5_4_1.py for tasks to queue
[2025-06-05T02:01:52.282+0000] {logging_mixin.py:190} INFO - [2025-06-05T02:01:52.281+0000] {dagbag.py:588} INFO - Filling up the DagBag from /opt/airflow/dags/Sesion5/Dataset_S5_4_1.py
[2025-06-05T02:01:52.325+0000] {processor.py:925} INFO - DAG(s) 'final_dag_ej2_1' retrieved from /opt/airflow/dags/Sesion5/Dataset_S5_4_1.py
[2025-06-05T02:01:52.435+0000] {logging_mixin.py:190} INFO - [2025-06-05T02:01:52.435+0000] {dag.py:3239} INFO - Sync 1 DAGs
[2025-06-05T02:01:52.584+0000] {logging_mixin.py:190} INFO - [2025-06-05T02:01:52.583+0000] {dag.py:4180} INFO - Setting next_dagrun for final_dag_ej2_1 to None, run_after=None
[2025-06-05T02:01:52.647+0000] {processor.py:208} INFO - Processing /opt/airflow/dags/Sesion5/Dataset_S5_4_1.py took 0.404 seconds
[2025-06-05T02:02:25.060+0000] {processor.py:186} INFO - Started process (PID=442) to work on /opt/airflow/dags/Sesion5/Dataset_S5_4_1.py
[2025-06-05T02:02:25.061+0000] {processor.py:914} INFO - Processing file /opt/airflow/dags/Sesion5/Dataset_S5_4_1.py for tasks to queue
[2025-06-05T02:02:25.070+0000] {logging_mixin.py:190} INFO - [2025-06-05T02:02:25.066+0000] {dagbag.py:588} INFO - Filling up the DagBag from /opt/airflow/dags/Sesion5/Dataset_S5_4_1.py
[2025-06-05T02:02:25.098+0000] {processor.py:925} INFO - DAG(s) 'final_dag_ej2_1' retrieved from /opt/airflow/dags/Sesion5/Dataset_S5_4_1.py
[2025-06-05T02:02:25.338+0000] {logging_mixin.py:190} INFO - [2025-06-05T02:02:25.336+0000] {dag.py:3239} INFO - Sync 1 DAGs
[2025-06-05T02:02:25.840+0000] {logging_mixin.py:190} INFO - [2025-06-05T02:02:25.838+0000] {dag.py:4180} INFO - Setting next_dagrun for final_dag_ej2_1 to None, run_after=None
[2025-06-05T02:02:25.909+0000] {processor.py:208} INFO - Processing /opt/airflow/dags/Sesion5/Dataset_S5_4_1.py took 0.863 seconds
[2025-06-05T02:04:28.848+0000] {processor.py:186} INFO - Started process (PID=194) to work on /opt/airflow/dags/Sesion5/Dataset_S5_4_1.py
[2025-06-05T02:04:28.851+0000] {processor.py:914} INFO - Processing file /opt/airflow/dags/Sesion5/Dataset_S5_4_1.py for tasks to queue
[2025-06-05T02:04:28.863+0000] {logging_mixin.py:190} INFO - [2025-06-05T02:04:28.860+0000] {dagbag.py:588} INFO - Filling up the DagBag from /opt/airflow/dags/Sesion5/Dataset_S5_4_1.py
[2025-06-05T02:04:28.881+0000] {processor.py:925} INFO - DAG(s) 'final_dag_ej2_1' retrieved from /opt/airflow/dags/Sesion5/Dataset_S5_4_1.py
[2025-06-05T02:04:28.934+0000] {logging_mixin.py:190} INFO - [2025-06-05T02:04:28.934+0000] {dag.py:3239} INFO - Sync 1 DAGs
[2025-06-05T02:04:28.969+0000] {logging_mixin.py:190} INFO - [2025-06-05T02:04:28.969+0000] {dag.py:4180} INFO - Setting next_dagrun for final_dag_ej2_1 to None, run_after=None
[2025-06-05T02:04:29.020+0000] {processor.py:208} INFO - Processing /opt/airflow/dags/Sesion5/Dataset_S5_4_1.py took 0.190 seconds
[2025-06-05T02:04:59.763+0000] {processor.py:186} INFO - Started process (PID=309) to work on /opt/airflow/dags/Sesion5/Dataset_S5_4_1.py
[2025-06-05T02:04:59.764+0000] {processor.py:914} INFO - Processing file /opt/airflow/dags/Sesion5/Dataset_S5_4_1.py for tasks to queue
[2025-06-05T02:04:59.766+0000] {logging_mixin.py:190} INFO - [2025-06-05T02:04:59.766+0000] {dagbag.py:588} INFO - Filling up the DagBag from /opt/airflow/dags/Sesion5/Dataset_S5_4_1.py
[2025-06-05T02:04:59.775+0000] {processor.py:925} INFO - DAG(s) 'final_dag_ej2_1' retrieved from /opt/airflow/dags/Sesion5/Dataset_S5_4_1.py
[2025-06-05T02:04:59.800+0000] {logging_mixin.py:190} INFO - [2025-06-05T02:04:59.800+0000] {dag.py:3239} INFO - Sync 1 DAGs
[2025-06-05T02:04:59.821+0000] {logging_mixin.py:190} INFO - [2025-06-05T02:04:59.821+0000] {dag.py:4180} INFO - Setting next_dagrun for final_dag_ej2_1 to None, run_after=None
[2025-06-05T02:04:59.840+0000] {processor.py:208} INFO - Processing /opt/airflow/dags/Sesion5/Dataset_S5_4_1.py took 0.084 seconds
[2025-06-05T02:05:30.129+0000] {processor.py:186} INFO - Started process (PID=420) to work on /opt/airflow/dags/Sesion5/Dataset_S5_4_1.py
[2025-06-05T02:05:30.130+0000] {processor.py:914} INFO - Processing file /opt/airflow/dags/Sesion5/Dataset_S5_4_1.py for tasks to queue
[2025-06-05T02:05:30.135+0000] {logging_mixin.py:190} INFO - [2025-06-05T02:05:30.134+0000] {dagbag.py:588} INFO - Filling up the DagBag from /opt/airflow/dags/Sesion5/Dataset_S5_4_1.py
[2025-06-05T02:05:30.147+0000] {processor.py:925} INFO - DAG(s) 'final_dag_ej2_1' retrieved from /opt/airflow/dags/Sesion5/Dataset_S5_4_1.py
[2025-06-05T02:05:30.185+0000] {logging_mixin.py:190} INFO - [2025-06-05T02:05:30.185+0000] {dag.py:3239} INFO - Sync 1 DAGs
[2025-06-05T02:05:30.209+0000] {logging_mixin.py:190} INFO - [2025-06-05T02:05:30.209+0000] {dag.py:4180} INFO - Setting next_dagrun for final_dag_ej2_1 to None, run_after=None
[2025-06-05T02:05:30.265+0000] {processor.py:208} INFO - Processing /opt/airflow/dags/Sesion5/Dataset_S5_4_1.py took 0.143 seconds
[2025-06-05T02:06:01.401+0000] {processor.py:186} INFO - Started process (PID=533) to work on /opt/airflow/dags/Sesion5/Dataset_S5_4_1.py
[2025-06-05T02:06:01.401+0000] {processor.py:914} INFO - Processing file /opt/airflow/dags/Sesion5/Dataset_S5_4_1.py for tasks to queue
[2025-06-05T02:06:01.404+0000] {logging_mixin.py:190} INFO - [2025-06-05T02:06:01.403+0000] {dagbag.py:588} INFO - Filling up the DagBag from /opt/airflow/dags/Sesion5/Dataset_S5_4_1.py
[2025-06-05T02:06:01.411+0000] {processor.py:925} INFO - DAG(s) 'final_dag_ej2_1' retrieved from /opt/airflow/dags/Sesion5/Dataset_S5_4_1.py
[2025-06-05T02:06:01.435+0000] {logging_mixin.py:190} INFO - [2025-06-05T02:06:01.434+0000] {dag.py:3239} INFO - Sync 1 DAGs
[2025-06-05T02:06:01.454+0000] {logging_mixin.py:190} INFO - [2025-06-05T02:06:01.453+0000] {dag.py:4180} INFO - Setting next_dagrun for final_dag_ej2_1 to None, run_after=None
[2025-06-05T02:06:01.477+0000] {processor.py:208} INFO - Processing /opt/airflow/dags/Sesion5/Dataset_S5_4_1.py took 0.083 seconds
[2025-06-05T02:06:32.599+0000] {processor.py:186} INFO - Started process (PID=648) to work on /opt/airflow/dags/Sesion5/Dataset_S5_4_1.py
[2025-06-05T02:06:32.600+0000] {processor.py:914} INFO - Processing file /opt/airflow/dags/Sesion5/Dataset_S5_4_1.py for tasks to queue
[2025-06-05T02:06:32.603+0000] {logging_mixin.py:190} INFO - [2025-06-05T02:06:32.602+0000] {dagbag.py:588} INFO - Filling up the DagBag from /opt/airflow/dags/Sesion5/Dataset_S5_4_1.py
[2025-06-05T02:06:32.613+0000] {processor.py:925} INFO - DAG(s) 'final_dag_ej2_1' retrieved from /opt/airflow/dags/Sesion5/Dataset_S5_4_1.py
[2025-06-05T02:06:32.637+0000] {logging_mixin.py:190} INFO - [2025-06-05T02:06:32.636+0000] {dag.py:3239} INFO - Sync 1 DAGs
[2025-06-05T02:06:32.655+0000] {logging_mixin.py:190} INFO - [2025-06-05T02:06:32.655+0000] {dag.py:4180} INFO - Setting next_dagrun for final_dag_ej2_1 to None, run_after=None
[2025-06-05T02:06:32.675+0000] {processor.py:208} INFO - Processing /opt/airflow/dags/Sesion5/Dataset_S5_4_1.py took 0.083 seconds
[2025-06-05T02:07:03.604+0000] {processor.py:186} INFO - Started process (PID=763) to work on /opt/airflow/dags/Sesion5/Dataset_S5_4_1.py
[2025-06-05T02:07:03.605+0000] {processor.py:914} INFO - Processing file /opt/airflow/dags/Sesion5/Dataset_S5_4_1.py for tasks to queue
[2025-06-05T02:07:03.607+0000] {logging_mixin.py:190} INFO - [2025-06-05T02:07:03.607+0000] {dagbag.py:588} INFO - Filling up the DagBag from /opt/airflow/dags/Sesion5/Dataset_S5_4_1.py
[2025-06-05T02:07:03.615+0000] {processor.py:925} INFO - DAG(s) 'final_dag_ej2_1' retrieved from /opt/airflow/dags/Sesion5/Dataset_S5_4_1.py
[2025-06-05T02:07:03.638+0000] {logging_mixin.py:190} INFO - [2025-06-05T02:07:03.638+0000] {dag.py:3239} INFO - Sync 1 DAGs
[2025-06-05T02:07:03.656+0000] {logging_mixin.py:190} INFO - [2025-06-05T02:07:03.656+0000] {dag.py:4180} INFO - Setting next_dagrun for final_dag_ej2_1 to None, run_after=None
[2025-06-05T02:07:03.676+0000] {processor.py:208} INFO - Processing /opt/airflow/dags/Sesion5/Dataset_S5_4_1.py took 0.080 seconds
[2025-06-05T02:07:34.876+0000] {processor.py:186} INFO - Started process (PID=878) to work on /opt/airflow/dags/Sesion5/Dataset_S5_4_1.py
[2025-06-05T02:07:34.877+0000] {processor.py:914} INFO - Processing file /opt/airflow/dags/Sesion5/Dataset_S5_4_1.py for tasks to queue
[2025-06-05T02:07:34.879+0000] {logging_mixin.py:190} INFO - [2025-06-05T02:07:34.879+0000] {dagbag.py:588} INFO - Filling up the DagBag from /opt/airflow/dags/Sesion5/Dataset_S5_4_1.py
[2025-06-05T02:07:34.887+0000] {processor.py:925} INFO - DAG(s) 'final_dag_ej2_1' retrieved from /opt/airflow/dags/Sesion5/Dataset_S5_4_1.py
[2025-06-05T02:07:34.910+0000] {logging_mixin.py:190} INFO - [2025-06-05T02:07:34.909+0000] {dag.py:3239} INFO - Sync 1 DAGs
[2025-06-05T02:07:34.929+0000] {logging_mixin.py:190} INFO - [2025-06-05T02:07:34.928+0000] {dag.py:4180} INFO - Setting next_dagrun for final_dag_ej2_1 to None, run_after=None
[2025-06-05T02:07:34.947+0000] {processor.py:208} INFO - Processing /opt/airflow/dags/Sesion5/Dataset_S5_4_1.py took 0.079 seconds
[2025-06-05T02:08:06.025+0000] {processor.py:186} INFO - Started process (PID=995) to work on /opt/airflow/dags/Sesion5/Dataset_S5_4_1.py
[2025-06-05T02:08:06.026+0000] {processor.py:914} INFO - Processing file /opt/airflow/dags/Sesion5/Dataset_S5_4_1.py for tasks to queue
[2025-06-05T02:08:06.028+0000] {logging_mixin.py:190} INFO - [2025-06-05T02:08:06.028+0000] {dagbag.py:588} INFO - Filling up the DagBag from /opt/airflow/dags/Sesion5/Dataset_S5_4_1.py
[2025-06-05T02:08:06.036+0000] {processor.py:925} INFO - DAG(s) 'final_dag_ej2_1' retrieved from /opt/airflow/dags/Sesion5/Dataset_S5_4_1.py
[2025-06-05T02:08:06.088+0000] {logging_mixin.py:190} INFO - [2025-06-05T02:08:06.088+0000] {dag.py:3239} INFO - Sync 1 DAGs
[2025-06-05T02:08:06.122+0000] {logging_mixin.py:190} INFO - [2025-06-05T02:08:06.121+0000] {dag.py:4180} INFO - Setting next_dagrun for final_dag_ej2_1 to None, run_after=None
[2025-06-05T02:08:06.145+0000] {processor.py:208} INFO - Processing /opt/airflow/dags/Sesion5/Dataset_S5_4_1.py took 0.126 seconds
[2025-06-05T02:08:37.436+0000] {processor.py:186} INFO - Started process (PID=1108) to work on /opt/airflow/dags/Sesion5/Dataset_S5_4_1.py
[2025-06-05T02:08:37.441+0000] {processor.py:914} INFO - Processing file /opt/airflow/dags/Sesion5/Dataset_S5_4_1.py for tasks to queue
[2025-06-05T02:08:37.447+0000] {logging_mixin.py:190} INFO - [2025-06-05T02:08:37.447+0000] {dagbag.py:588} INFO - Filling up the DagBag from /opt/airflow/dags/Sesion5/Dataset_S5_4_1.py
[2025-06-05T02:08:37.462+0000] {processor.py:925} INFO - DAG(s) 'final_dag_ej2_1' retrieved from /opt/airflow/dags/Sesion5/Dataset_S5_4_1.py
[2025-06-05T02:08:37.485+0000] {logging_mixin.py:190} INFO - [2025-06-05T02:08:37.485+0000] {dag.py:3239} INFO - Sync 1 DAGs
[2025-06-05T02:08:37.503+0000] {logging_mixin.py:190} INFO - [2025-06-05T02:08:37.502+0000] {dag.py:4180} INFO - Setting next_dagrun for final_dag_ej2_1 to None, run_after=None
[2025-06-05T02:08:37.522+0000] {processor.py:208} INFO - Processing /opt/airflow/dags/Sesion5/Dataset_S5_4_1.py took 0.099 seconds
[2025-06-05T02:09:08.331+0000] {processor.py:186} INFO - Started process (PID=1223) to work on /opt/airflow/dags/Sesion5/Dataset_S5_4_1.py
[2025-06-05T02:09:08.332+0000] {processor.py:914} INFO - Processing file /opt/airflow/dags/Sesion5/Dataset_S5_4_1.py for tasks to queue
[2025-06-05T02:09:08.334+0000] {logging_mixin.py:190} INFO - [2025-06-05T02:09:08.334+0000] {dagbag.py:588} INFO - Filling up the DagBag from /opt/airflow/dags/Sesion5/Dataset_S5_4_1.py
[2025-06-05T02:09:08.348+0000] {processor.py:925} INFO - DAG(s) 'final_dag_ej2_1' retrieved from /opt/airflow/dags/Sesion5/Dataset_S5_4_1.py
[2025-06-05T02:09:08.389+0000] {logging_mixin.py:190} INFO - [2025-06-05T02:09:08.389+0000] {dag.py:3239} INFO - Sync 1 DAGs
[2025-06-05T02:09:08.409+0000] {logging_mixin.py:190} INFO - [2025-06-05T02:09:08.409+0000] {dag.py:4180} INFO - Setting next_dagrun for final_dag_ej2_1 to None, run_after=None
[2025-06-05T02:09:08.427+0000] {processor.py:208} INFO - Processing /opt/airflow/dags/Sesion5/Dataset_S5_4_1.py took 0.104 seconds
[2025-06-05T02:09:39.184+0000] {processor.py:186} INFO - Started process (PID=1338) to work on /opt/airflow/dags/Sesion5/Dataset_S5_4_1.py
[2025-06-05T02:09:39.185+0000] {processor.py:914} INFO - Processing file /opt/airflow/dags/Sesion5/Dataset_S5_4_1.py for tasks to queue
[2025-06-05T02:09:39.187+0000] {logging_mixin.py:190} INFO - [2025-06-05T02:09:39.187+0000] {dagbag.py:588} INFO - Filling up the DagBag from /opt/airflow/dags/Sesion5/Dataset_S5_4_1.py
[2025-06-05T02:09:39.195+0000] {processor.py:925} INFO - DAG(s) 'final_dag_ej2_1' retrieved from /opt/airflow/dags/Sesion5/Dataset_S5_4_1.py
[2025-06-05T02:09:39.217+0000] {logging_mixin.py:190} INFO - [2025-06-05T02:09:39.217+0000] {dag.py:3239} INFO - Sync 1 DAGs
[2025-06-05T02:09:39.236+0000] {logging_mixin.py:190} INFO - [2025-06-05T02:09:39.236+0000] {dag.py:4180} INFO - Setting next_dagrun for final_dag_ej2_1 to None, run_after=None
[2025-06-05T02:09:39.279+0000] {processor.py:208} INFO - Processing /opt/airflow/dags/Sesion5/Dataset_S5_4_1.py took 0.102 seconds
[2025-06-05T02:10:10.737+0000] {processor.py:186} INFO - Started process (PID=1459) to work on /opt/airflow/dags/Sesion5/Dataset_S5_4_1.py
[2025-06-05T02:10:10.738+0000] {processor.py:914} INFO - Processing file /opt/airflow/dags/Sesion5/Dataset_S5_4_1.py for tasks to queue
[2025-06-05T02:10:10.740+0000] {logging_mixin.py:190} INFO - [2025-06-05T02:10:10.740+0000] {dagbag.py:588} INFO - Filling up the DagBag from /opt/airflow/dags/Sesion5/Dataset_S5_4_1.py
[2025-06-05T02:10:10.748+0000] {processor.py:925} INFO - DAG(s) 'final_dag_ej2_1' retrieved from /opt/airflow/dags/Sesion5/Dataset_S5_4_1.py
[2025-06-05T02:10:10.774+0000] {logging_mixin.py:190} INFO - [2025-06-05T02:10:10.772+0000] {dag.py:3239} INFO - Sync 1 DAGs
[2025-06-05T02:10:10.793+0000] {logging_mixin.py:190} INFO - [2025-06-05T02:10:10.793+0000] {dag.py:4180} INFO - Setting next_dagrun for final_dag_ej2_1 to None, run_after=None
[2025-06-05T02:10:10.813+0000] {processor.py:208} INFO - Processing /opt/airflow/dags/Sesion5/Dataset_S5_4_1.py took 0.083 seconds
[2025-06-05T02:10:41.702+0000] {processor.py:186} INFO - Started process (PID=1568) to work on /opt/airflow/dags/Sesion5/Dataset_S5_4_1.py
[2025-06-05T02:10:41.706+0000] {processor.py:914} INFO - Processing file /opt/airflow/dags/Sesion5/Dataset_S5_4_1.py for tasks to queue
[2025-06-05T02:10:41.708+0000] {logging_mixin.py:190} INFO - [2025-06-05T02:10:41.708+0000] {dagbag.py:588} INFO - Filling up the DagBag from /opt/airflow/dags/Sesion5/Dataset_S5_4_1.py
[2025-06-05T02:10:41.717+0000] {processor.py:925} INFO - DAG(s) 'final_dag_ej2_1' retrieved from /opt/airflow/dags/Sesion5/Dataset_S5_4_1.py
[2025-06-05T02:10:41.771+0000] {logging_mixin.py:190} INFO - [2025-06-05T02:10:41.771+0000] {dag.py:3239} INFO - Sync 1 DAGs
[2025-06-05T02:10:41.817+0000] {logging_mixin.py:190} INFO - [2025-06-05T02:10:41.817+0000] {dag.py:4180} INFO - Setting next_dagrun for final_dag_ej2_1 to None, run_after=None
[2025-06-05T02:10:41.855+0000] {processor.py:208} INFO - Processing /opt/airflow/dags/Sesion5/Dataset_S5_4_1.py took 0.160 seconds
[2025-06-05T02:11:13.152+0000] {processor.py:186} INFO - Started process (PID=1683) to work on /opt/airflow/dags/Sesion5/Dataset_S5_4_1.py
[2025-06-05T02:11:13.153+0000] {processor.py:914} INFO - Processing file /opt/airflow/dags/Sesion5/Dataset_S5_4_1.py for tasks to queue
[2025-06-05T02:11:13.156+0000] {logging_mixin.py:190} INFO - [2025-06-05T02:11:13.156+0000] {dagbag.py:588} INFO - Filling up the DagBag from /opt/airflow/dags/Sesion5/Dataset_S5_4_1.py
[2025-06-05T02:11:13.164+0000] {processor.py:925} INFO - DAG(s) 'final_dag_ej2_1' retrieved from /opt/airflow/dags/Sesion5/Dataset_S5_4_1.py
[2025-06-05T02:11:13.186+0000] {logging_mixin.py:190} INFO - [2025-06-05T02:11:13.186+0000] {dag.py:3239} INFO - Sync 1 DAGs
[2025-06-05T02:11:13.208+0000] {logging_mixin.py:190} INFO - [2025-06-05T02:11:13.207+0000] {dag.py:4180} INFO - Setting next_dagrun for final_dag_ej2_1 to None, run_after=None
[2025-06-05T02:11:13.227+0000] {processor.py:208} INFO - Processing /opt/airflow/dags/Sesion5/Dataset_S5_4_1.py took 0.083 seconds
[2025-06-05T02:11:44.267+0000] {processor.py:186} INFO - Started process (PID=1800) to work on /opt/airflow/dags/Sesion5/Dataset_S5_4_1.py
[2025-06-05T02:11:44.267+0000] {processor.py:914} INFO - Processing file /opt/airflow/dags/Sesion5/Dataset_S5_4_1.py for tasks to queue
[2025-06-05T02:11:44.270+0000] {logging_mixin.py:190} INFO - [2025-06-05T02:11:44.270+0000] {dagbag.py:588} INFO - Filling up the DagBag from /opt/airflow/dags/Sesion5/Dataset_S5_4_1.py
[2025-06-05T02:11:44.278+0000] {processor.py:925} INFO - DAG(s) 'final_dag_ej2_1' retrieved from /opt/airflow/dags/Sesion5/Dataset_S5_4_1.py
[2025-06-05T02:11:44.309+0000] {logging_mixin.py:190} INFO - [2025-06-05T02:11:44.309+0000] {dag.py:3239} INFO - Sync 1 DAGs
[2025-06-05T02:11:44.340+0000] {logging_mixin.py:190} INFO - [2025-06-05T02:11:44.340+0000] {dag.py:4180} INFO - Setting next_dagrun for final_dag_ej2_1 to None, run_after=None
[2025-06-05T02:11:44.360+0000] {processor.py:208} INFO - Processing /opt/airflow/dags/Sesion5/Dataset_S5_4_1.py took 0.101 seconds
[2025-06-05T02:12:15.147+0000] {processor.py:186} INFO - Started process (PID=1913) to work on /opt/airflow/dags/Sesion5/Dataset_S5_4_1.py
[2025-06-05T02:12:15.148+0000] {processor.py:914} INFO - Processing file /opt/airflow/dags/Sesion5/Dataset_S5_4_1.py for tasks to queue
[2025-06-05T02:12:15.150+0000] {logging_mixin.py:190} INFO - [2025-06-05T02:12:15.150+0000] {dagbag.py:588} INFO - Filling up the DagBag from /opt/airflow/dags/Sesion5/Dataset_S5_4_1.py
[2025-06-05T02:12:15.158+0000] {processor.py:925} INFO - DAG(s) 'final_dag_ej2_1' retrieved from /opt/airflow/dags/Sesion5/Dataset_S5_4_1.py
[2025-06-05T02:12:15.182+0000] {logging_mixin.py:190} INFO - [2025-06-05T02:12:15.181+0000] {dag.py:3239} INFO - Sync 1 DAGs
[2025-06-05T02:12:15.201+0000] {logging_mixin.py:190} INFO - [2025-06-05T02:12:15.201+0000] {dag.py:4180} INFO - Setting next_dagrun for final_dag_ej2_1 to None, run_after=None
[2025-06-05T02:12:15.220+0000] {processor.py:208} INFO - Processing /opt/airflow/dags/Sesion5/Dataset_S5_4_1.py took 0.080 seconds
[2025-06-05T02:12:46.414+0000] {processor.py:186} INFO - Started process (PID=2030) to work on /opt/airflow/dags/Sesion5/Dataset_S5_4_1.py
[2025-06-05T02:12:46.415+0000] {processor.py:914} INFO - Processing file /opt/airflow/dags/Sesion5/Dataset_S5_4_1.py for tasks to queue
[2025-06-05T02:12:46.418+0000] {logging_mixin.py:190} INFO - [2025-06-05T02:12:46.417+0000] {dagbag.py:588} INFO - Filling up the DagBag from /opt/airflow/dags/Sesion5/Dataset_S5_4_1.py
[2025-06-05T02:12:46.426+0000] {processor.py:925} INFO - DAG(s) 'final_dag_ej2_1' retrieved from /opt/airflow/dags/Sesion5/Dataset_S5_4_1.py
[2025-06-05T02:12:46.450+0000] {logging_mixin.py:190} INFO - [2025-06-05T02:12:46.450+0000] {dag.py:3239} INFO - Sync 1 DAGs
[2025-06-05T02:12:46.469+0000] {logging_mixin.py:190} INFO - [2025-06-05T02:12:46.469+0000] {dag.py:4180} INFO - Setting next_dagrun for final_dag_ej2_1 to None, run_after=None
[2025-06-05T02:12:46.488+0000] {processor.py:208} INFO - Processing /opt/airflow/dags/Sesion5/Dataset_S5_4_1.py took 0.081 seconds
[2025-06-05T02:13:17.677+0000] {processor.py:186} INFO - Started process (PID=2145) to work on /opt/airflow/dags/Sesion5/Dataset_S5_4_1.py
[2025-06-05T02:13:17.678+0000] {processor.py:914} INFO - Processing file /opt/airflow/dags/Sesion5/Dataset_S5_4_1.py for tasks to queue
[2025-06-05T02:13:17.680+0000] {logging_mixin.py:190} INFO - [2025-06-05T02:13:17.680+0000] {dagbag.py:588} INFO - Filling up the DagBag from /opt/airflow/dags/Sesion5/Dataset_S5_4_1.py
[2025-06-05T02:13:17.688+0000] {processor.py:925} INFO - DAG(s) 'final_dag_ej2_1' retrieved from /opt/airflow/dags/Sesion5/Dataset_S5_4_1.py
[2025-06-05T02:13:17.712+0000] {logging_mixin.py:190} INFO - [2025-06-05T02:13:17.712+0000] {dag.py:3239} INFO - Sync 1 DAGs
[2025-06-05T02:13:17.732+0000] {logging_mixin.py:190} INFO - [2025-06-05T02:13:17.732+0000] {dag.py:4180} INFO - Setting next_dagrun for final_dag_ej2_1 to None, run_after=None
[2025-06-05T02:13:17.752+0000] {processor.py:208} INFO - Processing /opt/airflow/dags/Sesion5/Dataset_S5_4_1.py took 0.082 seconds
[2025-06-05T02:13:48.742+0000] {processor.py:186} INFO - Started process (PID=2258) to work on /opt/airflow/dags/Sesion5/Dataset_S5_4_1.py
[2025-06-05T02:13:48.743+0000] {processor.py:914} INFO - Processing file /opt/airflow/dags/Sesion5/Dataset_S5_4_1.py for tasks to queue
[2025-06-05T02:13:48.745+0000] {logging_mixin.py:190} INFO - [2025-06-05T02:13:48.745+0000] {dagbag.py:588} INFO - Filling up the DagBag from /opt/airflow/dags/Sesion5/Dataset_S5_4_1.py
[2025-06-05T02:13:48.754+0000] {processor.py:925} INFO - DAG(s) 'final_dag_ej2_1' retrieved from /opt/airflow/dags/Sesion5/Dataset_S5_4_1.py
[2025-06-05T02:13:48.778+0000] {logging_mixin.py:190} INFO - [2025-06-05T02:13:48.777+0000] {dag.py:3239} INFO - Sync 1 DAGs
[2025-06-05T02:13:48.798+0000] {logging_mixin.py:190} INFO - [2025-06-05T02:13:48.798+0000] {dag.py:4180} INFO - Setting next_dagrun for final_dag_ej2_1 to None, run_after=None
[2025-06-05T02:13:48.820+0000] {processor.py:208} INFO - Processing /opt/airflow/dags/Sesion5/Dataset_S5_4_1.py took 0.086 seconds
[2025-06-05T02:14:19.979+0000] {processor.py:186} INFO - Started process (PID=2373) to work on /opt/airflow/dags/Sesion5/Dataset_S5_4_1.py
[2025-06-05T02:14:19.980+0000] {processor.py:914} INFO - Processing file /opt/airflow/dags/Sesion5/Dataset_S5_4_1.py for tasks to queue
[2025-06-05T02:14:19.983+0000] {logging_mixin.py:190} INFO - [2025-06-05T02:14:19.982+0000] {dagbag.py:588} INFO - Filling up the DagBag from /opt/airflow/dags/Sesion5/Dataset_S5_4_1.py
[2025-06-05T02:14:19.990+0000] {processor.py:925} INFO - DAG(s) 'final_dag_ej2_1' retrieved from /opt/airflow/dags/Sesion5/Dataset_S5_4_1.py
[2025-06-05T02:14:20.015+0000] {logging_mixin.py:190} INFO - [2025-06-05T02:14:20.015+0000] {dag.py:3239} INFO - Sync 1 DAGs
[2025-06-05T02:14:20.034+0000] {logging_mixin.py:190} INFO - [2025-06-05T02:14:20.034+0000] {dag.py:4180} INFO - Setting next_dagrun for final_dag_ej2_1 to None, run_after=None
[2025-06-05T02:14:20.052+0000] {processor.py:208} INFO - Processing /opt/airflow/dags/Sesion5/Dataset_S5_4_1.py took 0.080 seconds
[2025-06-05T02:14:51.167+0000] {processor.py:186} INFO - Started process (PID=2488) to work on /opt/airflow/dags/Sesion5/Dataset_S5_4_1.py
[2025-06-05T02:14:51.168+0000] {processor.py:914} INFO - Processing file /opt/airflow/dags/Sesion5/Dataset_S5_4_1.py for tasks to queue
[2025-06-05T02:14:51.171+0000] {logging_mixin.py:190} INFO - [2025-06-05T02:14:51.170+0000] {dagbag.py:588} INFO - Filling up the DagBag from /opt/airflow/dags/Sesion5/Dataset_S5_4_1.py
[2025-06-05T02:14:51.181+0000] {processor.py:925} INFO - DAG(s) 'final_dag_ej2_1' retrieved from /opt/airflow/dags/Sesion5/Dataset_S5_4_1.py
[2025-06-05T02:14:51.206+0000] {logging_mixin.py:190} INFO - [2025-06-05T02:14:51.206+0000] {dag.py:3239} INFO - Sync 1 DAGs
[2025-06-05T02:14:51.227+0000] {logging_mixin.py:190} INFO - [2025-06-05T02:14:51.226+0000] {dag.py:4180} INFO - Setting next_dagrun for final_dag_ej2_1 to None, run_after=None
[2025-06-05T02:14:51.247+0000] {processor.py:208} INFO - Processing /opt/airflow/dags/Sesion5/Dataset_S5_4_1.py took 0.087 seconds
[2025-06-05T02:15:22.465+0000] {processor.py:186} INFO - Started process (PID=2603) to work on /opt/airflow/dags/Sesion5/Dataset_S5_4_1.py
[2025-06-05T02:15:22.466+0000] {processor.py:914} INFO - Processing file /opt/airflow/dags/Sesion5/Dataset_S5_4_1.py for tasks to queue
[2025-06-05T02:15:22.468+0000] {logging_mixin.py:190} INFO - [2025-06-05T02:15:22.468+0000] {dagbag.py:588} INFO - Filling up the DagBag from /opt/airflow/dags/Sesion5/Dataset_S5_4_1.py
[2025-06-05T02:15:22.476+0000] {processor.py:925} INFO - DAG(s) 'final_dag_ej2_1' retrieved from /opt/airflow/dags/Sesion5/Dataset_S5_4_1.py
[2025-06-05T02:15:22.500+0000] {logging_mixin.py:190} INFO - [2025-06-05T02:15:22.499+0000] {dag.py:3239} INFO - Sync 1 DAGs
[2025-06-05T02:15:22.518+0000] {logging_mixin.py:190} INFO - [2025-06-05T02:15:22.518+0000] {dag.py:4180} INFO - Setting next_dagrun for final_dag_ej2_1 to None, run_after=None
[2025-06-05T02:15:22.537+0000] {processor.py:208} INFO - Processing /opt/airflow/dags/Sesion5/Dataset_S5_4_1.py took 0.080 seconds
[2025-06-05T02:15:53.561+0000] {processor.py:186} INFO - Started process (PID=2718) to work on /opt/airflow/dags/Sesion5/Dataset_S5_4_1.py
[2025-06-05T02:15:53.562+0000] {processor.py:914} INFO - Processing file /opt/airflow/dags/Sesion5/Dataset_S5_4_1.py for tasks to queue
[2025-06-05T02:15:53.564+0000] {logging_mixin.py:190} INFO - [2025-06-05T02:15:53.564+0000] {dagbag.py:588} INFO - Filling up the DagBag from /opt/airflow/dags/Sesion5/Dataset_S5_4_1.py
[2025-06-05T02:15:53.572+0000] {processor.py:925} INFO - DAG(s) 'final_dag_ej2_1' retrieved from /opt/airflow/dags/Sesion5/Dataset_S5_4_1.py
[2025-06-05T02:15:53.595+0000] {logging_mixin.py:190} INFO - [2025-06-05T02:15:53.595+0000] {dag.py:3239} INFO - Sync 1 DAGs
[2025-06-05T02:15:53.614+0000] {logging_mixin.py:190} INFO - [2025-06-05T02:15:53.614+0000] {dag.py:4180} INFO - Setting next_dagrun for final_dag_ej2_1 to None, run_after=None
[2025-06-05T02:15:53.634+0000] {processor.py:208} INFO - Processing /opt/airflow/dags/Sesion5/Dataset_S5_4_1.py took 0.080 seconds
[2025-06-05T02:16:24.793+0000] {processor.py:186} INFO - Started process (PID=2835) to work on /opt/airflow/dags/Sesion5/Dataset_S5_4_1.py
[2025-06-05T02:16:24.797+0000] {processor.py:914} INFO - Processing file /opt/airflow/dags/Sesion5/Dataset_S5_4_1.py for tasks to queue
[2025-06-05T02:16:24.799+0000] {logging_mixin.py:190} INFO - [2025-06-05T02:16:24.799+0000] {dagbag.py:588} INFO - Filling up the DagBag from /opt/airflow/dags/Sesion5/Dataset_S5_4_1.py
[2025-06-05T02:16:24.809+0000] {processor.py:925} INFO - DAG(s) 'final_dag_ej2_1' retrieved from /opt/airflow/dags/Sesion5/Dataset_S5_4_1.py
[2025-06-05T02:16:24.832+0000] {logging_mixin.py:190} INFO - [2025-06-05T02:16:24.832+0000] {dag.py:3239} INFO - Sync 1 DAGs
[2025-06-05T02:16:24.850+0000] {logging_mixin.py:190} INFO - [2025-06-05T02:16:24.850+0000] {dag.py:4180} INFO - Setting next_dagrun for final_dag_ej2_1 to None, run_after=None
[2025-06-05T02:16:24.873+0000] {processor.py:208} INFO - Processing /opt/airflow/dags/Sesion5/Dataset_S5_4_1.py took 0.096 seconds
[2025-06-05T02:16:56.137+0000] {processor.py:186} INFO - Started process (PID=2950) to work on /opt/airflow/dags/Sesion5/Dataset_S5_4_1.py
[2025-06-05T02:16:56.137+0000] {processor.py:914} INFO - Processing file /opt/airflow/dags/Sesion5/Dataset_S5_4_1.py for tasks to queue
[2025-06-05T02:16:56.140+0000] {logging_mixin.py:190} INFO - [2025-06-05T02:16:56.139+0000] {dagbag.py:588} INFO - Filling up the DagBag from /opt/airflow/dags/Sesion5/Dataset_S5_4_1.py
[2025-06-05T02:16:56.147+0000] {processor.py:925} INFO - DAG(s) 'final_dag_ej2_1' retrieved from /opt/airflow/dags/Sesion5/Dataset_S5_4_1.py
[2025-06-05T02:16:56.171+0000] {logging_mixin.py:190} INFO - [2025-06-05T02:16:56.170+0000] {dag.py:3239} INFO - Sync 1 DAGs
[2025-06-05T02:16:56.190+0000] {logging_mixin.py:190} INFO - [2025-06-05T02:16:56.190+0000] {dag.py:4180} INFO - Setting next_dagrun for final_dag_ej2_1 to None, run_after=None
[2025-06-05T02:16:56.209+0000] {processor.py:208} INFO - Processing /opt/airflow/dags/Sesion5/Dataset_S5_4_1.py took 0.080 seconds
[2025-06-05T02:17:27.646+0000] {processor.py:186} INFO - Started process (PID=3063) to work on /opt/airflow/dags/Sesion5/Dataset_S5_4_1.py
[2025-06-05T02:17:27.646+0000] {processor.py:914} INFO - Processing file /opt/airflow/dags/Sesion5/Dataset_S5_4_1.py for tasks to queue
[2025-06-05T02:17:27.649+0000] {logging_mixin.py:190} INFO - [2025-06-05T02:17:27.649+0000] {dagbag.py:588} INFO - Filling up the DagBag from /opt/airflow/dags/Sesion5/Dataset_S5_4_1.py
[2025-06-05T02:17:27.657+0000] {processor.py:925} INFO - DAG(s) 'final_dag_ej2_1' retrieved from /opt/airflow/dags/Sesion5/Dataset_S5_4_1.py
[2025-06-05T02:17:27.682+0000] {logging_mixin.py:190} INFO - [2025-06-05T02:17:27.682+0000] {dag.py:3239} INFO - Sync 1 DAGs
[2025-06-05T02:17:27.702+0000] {logging_mixin.py:190} INFO - [2025-06-05T02:17:27.702+0000] {dag.py:4180} INFO - Setting next_dagrun for final_dag_ej2_1 to None, run_after=None
[2025-06-05T02:17:27.721+0000] {processor.py:208} INFO - Processing /opt/airflow/dags/Sesion5/Dataset_S5_4_1.py took 0.083 seconds
[2025-06-05T02:17:58.822+0000] {processor.py:186} INFO - Started process (PID=3178) to work on /opt/airflow/dags/Sesion5/Dataset_S5_4_1.py
[2025-06-05T02:17:58.823+0000] {processor.py:914} INFO - Processing file /opt/airflow/dags/Sesion5/Dataset_S5_4_1.py for tasks to queue
[2025-06-05T02:17:58.826+0000] {logging_mixin.py:190} INFO - [2025-06-05T02:17:58.825+0000] {dagbag.py:588} INFO - Filling up the DagBag from /opt/airflow/dags/Sesion5/Dataset_S5_4_1.py
[2025-06-05T02:17:58.833+0000] {processor.py:925} INFO - DAG(s) 'final_dag_ej2_1' retrieved from /opt/airflow/dags/Sesion5/Dataset_S5_4_1.py
[2025-06-05T02:17:58.856+0000] {logging_mixin.py:190} INFO - [2025-06-05T02:17:58.856+0000] {dag.py:3239} INFO - Sync 1 DAGs
[2025-06-05T02:17:58.876+0000] {logging_mixin.py:190} INFO - [2025-06-05T02:17:58.876+0000] {dag.py:4180} INFO - Setting next_dagrun for final_dag_ej2_1 to None, run_after=None
[2025-06-05T02:17:58.894+0000] {processor.py:208} INFO - Processing /opt/airflow/dags/Sesion5/Dataset_S5_4_1.py took 0.078 seconds
[2025-06-05T02:18:29.926+0000] {processor.py:186} INFO - Started process (PID=3293) to work on /opt/airflow/dags/Sesion5/Dataset_S5_4_1.py
[2025-06-05T02:18:29.927+0000] {processor.py:914} INFO - Processing file /opt/airflow/dags/Sesion5/Dataset_S5_4_1.py for tasks to queue
[2025-06-05T02:18:29.930+0000] {logging_mixin.py:190} INFO - [2025-06-05T02:18:29.929+0000] {dagbag.py:588} INFO - Filling up the DagBag from /opt/airflow/dags/Sesion5/Dataset_S5_4_1.py
[2025-06-05T02:18:29.938+0000] {processor.py:925} INFO - DAG(s) 'final_dag_ej2_1' retrieved from /opt/airflow/dags/Sesion5/Dataset_S5_4_1.py
[2025-06-05T02:18:30.011+0000] {logging_mixin.py:190} INFO - [2025-06-05T02:18:30.011+0000] {dag.py:3239} INFO - Sync 1 DAGs
[2025-06-05T02:18:30.057+0000] {logging_mixin.py:190} INFO - [2025-06-05T02:18:30.056+0000] {dag.py:4180} INFO - Setting next_dagrun for final_dag_ej2_1 to None, run_after=None
[2025-06-05T02:18:30.087+0000] {processor.py:208} INFO - Processing /opt/airflow/dags/Sesion5/Dataset_S5_4_1.py took 0.168 seconds
[2025-06-05T02:19:01.311+0000] {processor.py:186} INFO - Started process (PID=3408) to work on /opt/airflow/dags/Sesion5/Dataset_S5_4_1.py
[2025-06-05T02:19:01.312+0000] {processor.py:914} INFO - Processing file /opt/airflow/dags/Sesion5/Dataset_S5_4_1.py for tasks to queue
[2025-06-05T02:19:01.314+0000] {logging_mixin.py:190} INFO - [2025-06-05T02:19:01.314+0000] {dagbag.py:588} INFO - Filling up the DagBag from /opt/airflow/dags/Sesion5/Dataset_S5_4_1.py
[2025-06-05T02:19:01.322+0000] {processor.py:925} INFO - DAG(s) 'final_dag_ej2_1' retrieved from /opt/airflow/dags/Sesion5/Dataset_S5_4_1.py
[2025-06-05T02:19:01.346+0000] {logging_mixin.py:190} INFO - [2025-06-05T02:19:01.346+0000] {dag.py:3239} INFO - Sync 1 DAGs
[2025-06-05T02:19:01.364+0000] {logging_mixin.py:190} INFO - [2025-06-05T02:19:01.364+0000] {dag.py:4180} INFO - Setting next_dagrun for final_dag_ej2_1 to None, run_after=None
[2025-06-05T02:19:01.384+0000] {processor.py:208} INFO - Processing /opt/airflow/dags/Sesion5/Dataset_S5_4_1.py took 0.080 seconds
[2025-06-05T02:19:32.557+0000] {processor.py:186} INFO - Started process (PID=3523) to work on /opt/airflow/dags/Sesion5/Dataset_S5_4_1.py
[2025-06-05T02:19:32.558+0000] {processor.py:914} INFO - Processing file /opt/airflow/dags/Sesion5/Dataset_S5_4_1.py for tasks to queue
[2025-06-05T02:19:32.560+0000] {logging_mixin.py:190} INFO - [2025-06-05T02:19:32.560+0000] {dagbag.py:588} INFO - Filling up the DagBag from /opt/airflow/dags/Sesion5/Dataset_S5_4_1.py
[2025-06-05T02:19:32.568+0000] {processor.py:925} INFO - DAG(s) 'final_dag_ej2_1' retrieved from /opt/airflow/dags/Sesion5/Dataset_S5_4_1.py
[2025-06-05T02:19:32.591+0000] {logging_mixin.py:190} INFO - [2025-06-05T02:19:32.591+0000] {dag.py:3239} INFO - Sync 1 DAGs
[2025-06-05T02:19:32.611+0000] {logging_mixin.py:190} INFO - [2025-06-05T02:19:32.610+0000] {dag.py:4180} INFO - Setting next_dagrun for final_dag_ej2_1 to None, run_after=None
[2025-06-05T02:19:32.629+0000] {processor.py:208} INFO - Processing /opt/airflow/dags/Sesion5/Dataset_S5_4_1.py took 0.082 seconds
[2025-06-05T02:20:03.431+0000] {processor.py:186} INFO - Started process (PID=3638) to work on /opt/airflow/dags/Sesion5/Dataset_S5_4_1.py
[2025-06-05T02:20:03.434+0000] {processor.py:914} INFO - Processing file /opt/airflow/dags/Sesion5/Dataset_S5_4_1.py for tasks to queue
[2025-06-05T02:20:03.438+0000] {logging_mixin.py:190} INFO - [2025-06-05T02:20:03.438+0000] {dagbag.py:588} INFO - Filling up the DagBag from /opt/airflow/dags/Sesion5/Dataset_S5_4_1.py
[2025-06-05T02:20:03.453+0000] {processor.py:925} INFO - DAG(s) 'final_dag_ej2_1' retrieved from /opt/airflow/dags/Sesion5/Dataset_S5_4_1.py
[2025-06-05T02:20:03.495+0000] {logging_mixin.py:190} INFO - [2025-06-05T02:20:03.495+0000] {dag.py:3239} INFO - Sync 1 DAGs
[2025-06-05T02:20:03.515+0000] {logging_mixin.py:190} INFO - [2025-06-05T02:20:03.514+0000] {dag.py:4180} INFO - Setting next_dagrun for final_dag_ej2_1 to None, run_after=None
[2025-06-05T02:20:03.532+0000] {processor.py:208} INFO - Processing /opt/airflow/dags/Sesion5/Dataset_S5_4_1.py took 0.119 seconds
[2025-06-05T02:20:34.688+0000] {processor.py:186} INFO - Started process (PID=3753) to work on /opt/airflow/dags/Sesion5/Dataset_S5_4_1.py
[2025-06-05T02:20:34.689+0000] {processor.py:914} INFO - Processing file /opt/airflow/dags/Sesion5/Dataset_S5_4_1.py for tasks to queue
[2025-06-05T02:20:34.691+0000] {logging_mixin.py:190} INFO - [2025-06-05T02:20:34.690+0000] {dagbag.py:588} INFO - Filling up the DagBag from /opt/airflow/dags/Sesion5/Dataset_S5_4_1.py
[2025-06-05T02:20:34.699+0000] {processor.py:925} INFO - DAG(s) 'final_dag_ej2_1' retrieved from /opt/airflow/dags/Sesion5/Dataset_S5_4_1.py
[2025-06-05T02:20:34.723+0000] {logging_mixin.py:190} INFO - [2025-06-05T02:20:34.722+0000] {dag.py:3239} INFO - Sync 1 DAGs
[2025-06-05T02:20:34.740+0000] {logging_mixin.py:190} INFO - [2025-06-05T02:20:34.740+0000] {dag.py:4180} INFO - Setting next_dagrun for final_dag_ej2_1 to None, run_after=None
[2025-06-05T02:20:34.762+0000] {processor.py:208} INFO - Processing /opt/airflow/dags/Sesion5/Dataset_S5_4_1.py took 0.081 seconds
[2025-06-05T02:21:05.979+0000] {processor.py:186} INFO - Started process (PID=3870) to work on /opt/airflow/dags/Sesion5/Dataset_S5_4_1.py
[2025-06-05T02:21:05.979+0000] {processor.py:914} INFO - Processing file /opt/airflow/dags/Sesion5/Dataset_S5_4_1.py for tasks to queue
[2025-06-05T02:21:05.982+0000] {logging_mixin.py:190} INFO - [2025-06-05T02:21:05.981+0000] {dagbag.py:588} INFO - Filling up the DagBag from /opt/airflow/dags/Sesion5/Dataset_S5_4_1.py
[2025-06-05T02:21:05.990+0000] {processor.py:925} INFO - DAG(s) 'final_dag_ej2_1' retrieved from /opt/airflow/dags/Sesion5/Dataset_S5_4_1.py
[2025-06-05T02:21:06.015+0000] {logging_mixin.py:190} INFO - [2025-06-05T02:21:06.015+0000] {dag.py:3239} INFO - Sync 1 DAGs
[2025-06-05T02:21:06.034+0000] {logging_mixin.py:190} INFO - [2025-06-05T02:21:06.034+0000] {dag.py:4180} INFO - Setting next_dagrun for final_dag_ej2_1 to None, run_after=None
[2025-06-05T02:21:06.054+0000] {processor.py:208} INFO - Processing /opt/airflow/dags/Sesion5/Dataset_S5_4_1.py took 0.082 seconds
[2025-06-05T02:21:37.327+0000] {processor.py:186} INFO - Started process (PID=3983) to work on /opt/airflow/dags/Sesion5/Dataset_S5_4_1.py
[2025-06-05T02:21:37.328+0000] {processor.py:914} INFO - Processing file /opt/airflow/dags/Sesion5/Dataset_S5_4_1.py for tasks to queue
[2025-06-05T02:21:37.330+0000] {logging_mixin.py:190} INFO - [2025-06-05T02:21:37.330+0000] {dagbag.py:588} INFO - Filling up the DagBag from /opt/airflow/dags/Sesion5/Dataset_S5_4_1.py
[2025-06-05T02:21:37.338+0000] {processor.py:925} INFO - DAG(s) 'final_dag_ej2_1' retrieved from /opt/airflow/dags/Sesion5/Dataset_S5_4_1.py
[2025-06-05T02:21:37.366+0000] {logging_mixin.py:190} INFO - [2025-06-05T02:21:37.366+0000] {dag.py:3239} INFO - Sync 1 DAGs
[2025-06-05T02:21:37.387+0000] {logging_mixin.py:190} INFO - [2025-06-05T02:21:37.387+0000] {dag.py:4180} INFO - Setting next_dagrun for final_dag_ej2_1 to None, run_after=None
[2025-06-05T02:21:37.406+0000] {processor.py:208} INFO - Processing /opt/airflow/dags/Sesion5/Dataset_S5_4_1.py took 0.087 seconds
[2025-06-05T02:22:08.744+0000] {processor.py:186} INFO - Started process (PID=4098) to work on /opt/airflow/dags/Sesion5/Dataset_S5_4_1.py
[2025-06-05T02:22:08.745+0000] {processor.py:914} INFO - Processing file /opt/airflow/dags/Sesion5/Dataset_S5_4_1.py for tasks to queue
[2025-06-05T02:22:08.747+0000] {logging_mixin.py:190} INFO - [2025-06-05T02:22:08.747+0000] {dagbag.py:588} INFO - Filling up the DagBag from /opt/airflow/dags/Sesion5/Dataset_S5_4_1.py
[2025-06-05T02:22:08.755+0000] {processor.py:925} INFO - DAG(s) 'final_dag_ej2_1' retrieved from /opt/airflow/dags/Sesion5/Dataset_S5_4_1.py
[2025-06-05T02:22:08.778+0000] {logging_mixin.py:190} INFO - [2025-06-05T02:22:08.778+0000] {dag.py:3239} INFO - Sync 1 DAGs
[2025-06-05T02:22:08.798+0000] {logging_mixin.py:190} INFO - [2025-06-05T02:22:08.798+0000] {dag.py:4180} INFO - Setting next_dagrun for final_dag_ej2_1 to None, run_after=None
[2025-06-05T02:22:08.817+0000] {processor.py:208} INFO - Processing /opt/airflow/dags/Sesion5/Dataset_S5_4_1.py took 0.080 seconds
[2025-06-05T02:22:40.198+0000] {processor.py:186} INFO - Started process (PID=4215) to work on /opt/airflow/dags/Sesion5/Dataset_S5_4_1.py
[2025-06-05T02:22:40.199+0000] {processor.py:914} INFO - Processing file /opt/airflow/dags/Sesion5/Dataset_S5_4_1.py for tasks to queue
[2025-06-05T02:22:40.201+0000] {logging_mixin.py:190} INFO - [2025-06-05T02:22:40.201+0000] {dagbag.py:588} INFO - Filling up the DagBag from /opt/airflow/dags/Sesion5/Dataset_S5_4_1.py
[2025-06-05T02:22:40.210+0000] {processor.py:925} INFO - DAG(s) 'final_dag_ej2_1' retrieved from /opt/airflow/dags/Sesion5/Dataset_S5_4_1.py
[2025-06-05T02:22:40.234+0000] {logging_mixin.py:190} INFO - [2025-06-05T02:22:40.234+0000] {dag.py:3239} INFO - Sync 1 DAGs
[2025-06-05T02:22:40.262+0000] {logging_mixin.py:190} INFO - [2025-06-05T02:22:40.262+0000] {dag.py:4180} INFO - Setting next_dagrun for final_dag_ej2_1 to None, run_after=None
[2025-06-05T02:22:40.302+0000] {processor.py:208} INFO - Processing /opt/airflow/dags/Sesion5/Dataset_S5_4_1.py took 0.111 seconds
[2025-06-05T02:23:11.257+0000] {processor.py:186} INFO - Started process (PID=4328) to work on /opt/airflow/dags/Sesion5/Dataset_S5_4_1.py
[2025-06-05T02:23:11.257+0000] {processor.py:914} INFO - Processing file /opt/airflow/dags/Sesion5/Dataset_S5_4_1.py for tasks to queue
[2025-06-05T02:23:11.260+0000] {logging_mixin.py:190} INFO - [2025-06-05T02:23:11.259+0000] {dagbag.py:588} INFO - Filling up the DagBag from /opt/airflow/dags/Sesion5/Dataset_S5_4_1.py
[2025-06-05T02:23:11.268+0000] {processor.py:925} INFO - DAG(s) 'final_dag_ej2_1' retrieved from /opt/airflow/dags/Sesion5/Dataset_S5_4_1.py
[2025-06-05T02:23:11.331+0000] {logging_mixin.py:190} INFO - [2025-06-05T02:23:11.330+0000] {dag.py:3239} INFO - Sync 1 DAGs
[2025-06-05T02:23:11.365+0000] {logging_mixin.py:190} INFO - [2025-06-05T02:23:11.364+0000] {dag.py:4180} INFO - Setting next_dagrun for final_dag_ej2_1 to None, run_after=None
[2025-06-05T02:23:11.386+0000] {processor.py:208} INFO - Processing /opt/airflow/dags/Sesion5/Dataset_S5_4_1.py took 0.137 seconds
[2025-06-05T02:23:42.714+0000] {processor.py:186} INFO - Started process (PID=4445) to work on /opt/airflow/dags/Sesion5/Dataset_S5_4_1.py
[2025-06-05T02:23:42.715+0000] {processor.py:914} INFO - Processing file /opt/airflow/dags/Sesion5/Dataset_S5_4_1.py for tasks to queue
[2025-06-05T02:23:42.717+0000] {logging_mixin.py:190} INFO - [2025-06-05T02:23:42.717+0000] {dagbag.py:588} INFO - Filling up the DagBag from /opt/airflow/dags/Sesion5/Dataset_S5_4_1.py
[2025-06-05T02:23:42.726+0000] {processor.py:925} INFO - DAG(s) 'final_dag_ej2_1' retrieved from /opt/airflow/dags/Sesion5/Dataset_S5_4_1.py
[2025-06-05T02:23:42.751+0000] {logging_mixin.py:190} INFO - [2025-06-05T02:23:42.750+0000] {dag.py:3239} INFO - Sync 1 DAGs
[2025-06-05T02:23:42.770+0000] {logging_mixin.py:190} INFO - [2025-06-05T02:23:42.770+0000] {dag.py:4180} INFO - Setting next_dagrun for final_dag_ej2_1 to None, run_after=None
[2025-06-05T02:23:42.790+0000] {processor.py:208} INFO - Processing /opt/airflow/dags/Sesion5/Dataset_S5_4_1.py took 0.082 seconds
[2025-06-05T02:24:13.940+0000] {processor.py:186} INFO - Started process (PID=4558) to work on /opt/airflow/dags/Sesion5/Dataset_S5_4_1.py
[2025-06-05T02:24:13.941+0000] {processor.py:914} INFO - Processing file /opt/airflow/dags/Sesion5/Dataset_S5_4_1.py for tasks to queue
[2025-06-05T02:24:13.943+0000] {logging_mixin.py:190} INFO - [2025-06-05T02:24:13.943+0000] {dagbag.py:588} INFO - Filling up the DagBag from /opt/airflow/dags/Sesion5/Dataset_S5_4_1.py
[2025-06-05T02:24:13.951+0000] {processor.py:925} INFO - DAG(s) 'final_dag_ej2_1' retrieved from /opt/airflow/dags/Sesion5/Dataset_S5_4_1.py
[2025-06-05T02:24:13.975+0000] {logging_mixin.py:190} INFO - [2025-06-05T02:24:13.975+0000] {dag.py:3239} INFO - Sync 1 DAGs
[2025-06-05T02:24:13.995+0000] {logging_mixin.py:190} INFO - [2025-06-05T02:24:13.995+0000] {dag.py:4180} INFO - Setting next_dagrun for final_dag_ej2_1 to None, run_after=None
[2025-06-05T02:24:14.014+0000] {processor.py:208} INFO - Processing /opt/airflow/dags/Sesion5/Dataset_S5_4_1.py took 0.081 seconds
[2025-06-05T02:24:45.322+0000] {processor.py:186} INFO - Started process (PID=4675) to work on /opt/airflow/dags/Sesion5/Dataset_S5_4_1.py
[2025-06-05T02:24:45.325+0000] {processor.py:914} INFO - Processing file /opt/airflow/dags/Sesion5/Dataset_S5_4_1.py for tasks to queue
[2025-06-05T02:24:45.330+0000] {logging_mixin.py:190} INFO - [2025-06-05T02:24:45.330+0000] {dagbag.py:588} INFO - Filling up the DagBag from /opt/airflow/dags/Sesion5/Dataset_S5_4_1.py
[2025-06-05T02:24:45.342+0000] {processor.py:925} INFO - DAG(s) 'final_dag_ej2_1' retrieved from /opt/airflow/dags/Sesion5/Dataset_S5_4_1.py
[2025-06-05T02:24:45.387+0000] {logging_mixin.py:190} INFO - [2025-06-05T02:24:45.385+0000] {dag.py:3239} INFO - Sync 1 DAGs
[2025-06-05T02:24:45.424+0000] {logging_mixin.py:190} INFO - [2025-06-05T02:24:45.424+0000] {dag.py:4180} INFO - Setting next_dagrun for final_dag_ej2_1 to None, run_after=None
[2025-06-05T02:24:45.457+0000] {processor.py:208} INFO - Processing /opt/airflow/dags/Sesion5/Dataset_S5_4_1.py took 0.142 seconds
[2025-06-05T02:25:16.591+0000] {processor.py:186} INFO - Started process (PID=4788) to work on /opt/airflow/dags/Sesion5/Dataset_S5_4_1.py
[2025-06-05T02:25:16.592+0000] {processor.py:914} INFO - Processing file /opt/airflow/dags/Sesion5/Dataset_S5_4_1.py for tasks to queue
[2025-06-05T02:25:16.595+0000] {logging_mixin.py:190} INFO - [2025-06-05T02:25:16.594+0000] {dagbag.py:588} INFO - Filling up the DagBag from /opt/airflow/dags/Sesion5/Dataset_S5_4_1.py
[2025-06-05T02:25:16.602+0000] {processor.py:925} INFO - DAG(s) 'final_dag_ej2_1' retrieved from /opt/airflow/dags/Sesion5/Dataset_S5_4_1.py
[2025-06-05T02:25:16.625+0000] {logging_mixin.py:190} INFO - [2025-06-05T02:25:16.624+0000] {dag.py:3239} INFO - Sync 1 DAGs
[2025-06-05T02:25:16.644+0000] {logging_mixin.py:190} INFO - [2025-06-05T02:25:16.643+0000] {dag.py:4180} INFO - Setting next_dagrun for final_dag_ej2_1 to None, run_after=None
[2025-06-05T02:25:16.663+0000] {processor.py:208} INFO - Processing /opt/airflow/dags/Sesion5/Dataset_S5_4_1.py took 0.079 seconds
[2025-06-05T02:25:48.354+0000] {processor.py:186} INFO - Started process (PID=4920) to work on /opt/airflow/dags/Sesion5/Dataset_S5_4_1.py
[2025-06-05T02:25:48.355+0000] {processor.py:914} INFO - Processing file /opt/airflow/dags/Sesion5/Dataset_S5_4_1.py for tasks to queue
[2025-06-05T02:25:48.357+0000] {logging_mixin.py:190} INFO - [2025-06-05T02:25:48.357+0000] {dagbag.py:588} INFO - Filling up the DagBag from /opt/airflow/dags/Sesion5/Dataset_S5_4_1.py
[2025-06-05T02:25:48.365+0000] {processor.py:925} INFO - DAG(s) 'final_dag_ej2_1' retrieved from /opt/airflow/dags/Sesion5/Dataset_S5_4_1.py
[2025-06-05T02:25:48.414+0000] {logging_mixin.py:190} INFO - [2025-06-05T02:25:48.414+0000] {dag.py:3239} INFO - Sync 1 DAGs
[2025-06-05T02:25:48.440+0000] {logging_mixin.py:190} INFO - [2025-06-05T02:25:48.440+0000] {dag.py:4180} INFO - Setting next_dagrun for final_dag_ej2_1 to None, run_after=None
[2025-06-05T02:25:48.459+0000] {processor.py:208} INFO - Processing /opt/airflow/dags/Sesion5/Dataset_S5_4_1.py took 0.112 seconds
[2025-06-05T02:26:19.720+0000] {processor.py:186} INFO - Started process (PID=5035) to work on /opt/airflow/dags/Sesion5/Dataset_S5_4_1.py
[2025-06-05T02:26:19.721+0000] {processor.py:914} INFO - Processing file /opt/airflow/dags/Sesion5/Dataset_S5_4_1.py for tasks to queue
[2025-06-05T02:26:19.724+0000] {logging_mixin.py:190} INFO - [2025-06-05T02:26:19.723+0000] {dagbag.py:588} INFO - Filling up the DagBag from /opt/airflow/dags/Sesion5/Dataset_S5_4_1.py
[2025-06-05T02:26:19.732+0000] {processor.py:925} INFO - DAG(s) 'final_dag_ej2_1' retrieved from /opt/airflow/dags/Sesion5/Dataset_S5_4_1.py
[2025-06-05T02:26:19.757+0000] {logging_mixin.py:190} INFO - [2025-06-05T02:26:19.756+0000] {dag.py:3239} INFO - Sync 1 DAGs
[2025-06-05T02:26:19.776+0000] {logging_mixin.py:190} INFO - [2025-06-05T02:26:19.776+0000] {dag.py:4180} INFO - Setting next_dagrun for final_dag_ej2_1 to None, run_after=None
[2025-06-05T02:26:19.960+0000] {processor.py:208} INFO - Processing /opt/airflow/dags/Sesion5/Dataset_S5_4_1.py took 0.247 seconds
[2025-06-05T02:26:50.673+0000] {processor.py:186} INFO - Started process (PID=5150) to work on /opt/airflow/dags/Sesion5/Dataset_S5_4_1.py
[2025-06-05T02:26:50.675+0000] {processor.py:914} INFO - Processing file /opt/airflow/dags/Sesion5/Dataset_S5_4_1.py for tasks to queue
[2025-06-05T02:26:50.677+0000] {logging_mixin.py:190} INFO - [2025-06-05T02:26:50.677+0000] {dagbag.py:588} INFO - Filling up the DagBag from /opt/airflow/dags/Sesion5/Dataset_S5_4_1.py
[2025-06-05T02:26:50.685+0000] {processor.py:925} INFO - DAG(s) 'final_dag_ej2_1' retrieved from /opt/airflow/dags/Sesion5/Dataset_S5_4_1.py
[2025-06-05T02:26:50.709+0000] {logging_mixin.py:190} INFO - [2025-06-05T02:26:50.709+0000] {dag.py:3239} INFO - Sync 1 DAGs
[2025-06-05T02:26:50.728+0000] {logging_mixin.py:190} INFO - [2025-06-05T02:26:50.728+0000] {dag.py:4180} INFO - Setting next_dagrun for final_dag_ej2_1 to None, run_after=None
[2025-06-05T02:26:50.748+0000] {processor.py:208} INFO - Processing /opt/airflow/dags/Sesion5/Dataset_S5_4_1.py took 0.081 seconds
[2025-06-05T02:27:21.860+0000] {processor.py:186} INFO - Started process (PID=5263) to work on /opt/airflow/dags/Sesion5/Dataset_S5_4_1.py
[2025-06-05T02:27:21.861+0000] {processor.py:914} INFO - Processing file /opt/airflow/dags/Sesion5/Dataset_S5_4_1.py for tasks to queue
[2025-06-05T02:27:21.864+0000] {logging_mixin.py:190} INFO - [2025-06-05T02:27:21.863+0000] {dagbag.py:588} INFO - Filling up the DagBag from /opt/airflow/dags/Sesion5/Dataset_S5_4_1.py
[2025-06-05T02:27:21.872+0000] {processor.py:925} INFO - DAG(s) 'final_dag_ej2_1' retrieved from /opt/airflow/dags/Sesion5/Dataset_S5_4_1.py
[2025-06-05T02:27:21.894+0000] {logging_mixin.py:190} INFO - [2025-06-05T02:27:21.894+0000] {dag.py:3239} INFO - Sync 1 DAGs
[2025-06-05T02:27:21.915+0000] {logging_mixin.py:190} INFO - [2025-06-05T02:27:21.915+0000] {dag.py:4180} INFO - Setting next_dagrun for final_dag_ej2_1 to None, run_after=None
[2025-06-05T02:27:21.935+0000] {processor.py:208} INFO - Processing /opt/airflow/dags/Sesion5/Dataset_S5_4_1.py took 0.082 seconds
[2025-06-05T02:27:53.264+0000] {processor.py:186} INFO - Started process (PID=5380) to work on /opt/airflow/dags/Sesion5/Dataset_S5_4_1.py
[2025-06-05T02:27:53.265+0000] {processor.py:914} INFO - Processing file /opt/airflow/dags/Sesion5/Dataset_S5_4_1.py for tasks to queue
[2025-06-05T02:27:53.268+0000] {logging_mixin.py:190} INFO - [2025-06-05T02:27:53.267+0000] {dagbag.py:588} INFO - Filling up the DagBag from /opt/airflow/dags/Sesion5/Dataset_S5_4_1.py
[2025-06-05T02:27:53.276+0000] {processor.py:925} INFO - DAG(s) 'final_dag_ej2_1' retrieved from /opt/airflow/dags/Sesion5/Dataset_S5_4_1.py
[2025-06-05T02:27:53.301+0000] {logging_mixin.py:190} INFO - [2025-06-05T02:27:53.301+0000] {dag.py:3239} INFO - Sync 1 DAGs
[2025-06-05T02:27:53.320+0000] {logging_mixin.py:190} INFO - [2025-06-05T02:27:53.320+0000] {dag.py:4180} INFO - Setting next_dagrun for final_dag_ej2_1 to None, run_after=None
[2025-06-05T02:27:53.340+0000] {processor.py:208} INFO - Processing /opt/airflow/dags/Sesion5/Dataset_S5_4_1.py took 0.083 seconds
[2025-06-05T02:28:24.838+0000] {processor.py:186} INFO - Started process (PID=5495) to work on /opt/airflow/dags/Sesion5/Dataset_S5_4_1.py
[2025-06-05T02:28:24.839+0000] {processor.py:914} INFO - Processing file /opt/airflow/dags/Sesion5/Dataset_S5_4_1.py for tasks to queue
[2025-06-05T02:28:24.842+0000] {logging_mixin.py:190} INFO - [2025-06-05T02:28:24.841+0000] {dagbag.py:588} INFO - Filling up the DagBag from /opt/airflow/dags/Sesion5/Dataset_S5_4_1.py
[2025-06-05T02:28:24.850+0000] {processor.py:925} INFO - DAG(s) 'final_dag_ej2_1' retrieved from /opt/airflow/dags/Sesion5/Dataset_S5_4_1.py
[2025-06-05T02:28:24.874+0000] {logging_mixin.py:190} INFO - [2025-06-05T02:28:24.874+0000] {dag.py:3239} INFO - Sync 1 DAGs
[2025-06-05T02:28:24.894+0000] {logging_mixin.py:190} INFO - [2025-06-05T02:28:24.893+0000] {dag.py:4180} INFO - Setting next_dagrun for final_dag_ej2_1 to None, run_after=None
[2025-06-05T02:28:25.141+0000] {processor.py:208} INFO - Processing /opt/airflow/dags/Sesion5/Dataset_S5_4_1.py took 0.309 seconds
[2025-06-05T02:28:56.248+0000] {processor.py:186} INFO - Started process (PID=5608) to work on /opt/airflow/dags/Sesion5/Dataset_S5_4_1.py
[2025-06-05T02:28:56.252+0000] {processor.py:914} INFO - Processing file /opt/airflow/dags/Sesion5/Dataset_S5_4_1.py for tasks to queue
[2025-06-05T02:28:56.260+0000] {logging_mixin.py:190} INFO - [2025-06-05T02:28:56.260+0000] {dagbag.py:588} INFO - Filling up the DagBag from /opt/airflow/dags/Sesion5/Dataset_S5_4_1.py
[2025-06-05T02:28:56.286+0000] {processor.py:925} INFO - DAG(s) 'final_dag_ej2_1' retrieved from /opt/airflow/dags/Sesion5/Dataset_S5_4_1.py
[2025-06-05T02:28:56.327+0000] {logging_mixin.py:190} INFO - [2025-06-05T02:28:56.326+0000] {dag.py:3239} INFO - Sync 1 DAGs
[2025-06-05T02:28:56.347+0000] {logging_mixin.py:190} INFO - [2025-06-05T02:28:56.346+0000] {dag.py:4180} INFO - Setting next_dagrun for final_dag_ej2_1 to None, run_after=None
[2025-06-05T02:28:56.366+0000] {processor.py:208} INFO - Processing /opt/airflow/dags/Sesion5/Dataset_S5_4_1.py took 0.143 seconds
[2025-06-05T02:29:27.709+0000] {processor.py:186} INFO - Started process (PID=5725) to work on /opt/airflow/dags/Sesion5/Dataset_S5_4_1.py
[2025-06-05T02:29:27.710+0000] {processor.py:914} INFO - Processing file /opt/airflow/dags/Sesion5/Dataset_S5_4_1.py for tasks to queue
[2025-06-05T02:29:27.712+0000] {logging_mixin.py:190} INFO - [2025-06-05T02:29:27.712+0000] {dagbag.py:588} INFO - Filling up the DagBag from /opt/airflow/dags/Sesion5/Dataset_S5_4_1.py
[2025-06-05T02:29:27.721+0000] {processor.py:925} INFO - DAG(s) 'final_dag_ej2_1' retrieved from /opt/airflow/dags/Sesion5/Dataset_S5_4_1.py
[2025-06-05T02:29:27.748+0000] {logging_mixin.py:190} INFO - [2025-06-05T02:29:27.747+0000] {dag.py:3239} INFO - Sync 1 DAGs
[2025-06-05T02:29:27.769+0000] {logging_mixin.py:190} INFO - [2025-06-05T02:29:27.768+0000] {dag.py:4180} INFO - Setting next_dagrun for final_dag_ej2_1 to None, run_after=None
[2025-06-05T02:29:27.790+0000] {processor.py:208} INFO - Processing /opt/airflow/dags/Sesion5/Dataset_S5_4_1.py took 0.087 seconds
[2025-06-05T02:29:58.989+0000] {processor.py:186} INFO - Started process (PID=5838) to work on /opt/airflow/dags/Sesion5/Dataset_S5_4_1.py
[2025-06-05T02:29:58.990+0000] {processor.py:914} INFO - Processing file /opt/airflow/dags/Sesion5/Dataset_S5_4_1.py for tasks to queue
[2025-06-05T02:29:58.992+0000] {logging_mixin.py:190} INFO - [2025-06-05T02:29:58.992+0000] {dagbag.py:588} INFO - Filling up the DagBag from /opt/airflow/dags/Sesion5/Dataset_S5_4_1.py
[2025-06-05T02:29:59.000+0000] {processor.py:925} INFO - DAG(s) 'final_dag_ej2_1' retrieved from /opt/airflow/dags/Sesion5/Dataset_S5_4_1.py
[2025-06-05T02:29:59.023+0000] {logging_mixin.py:190} INFO - [2025-06-05T02:29:59.022+0000] {dag.py:3239} INFO - Sync 1 DAGs
[2025-06-05T02:29:59.042+0000] {logging_mixin.py:190} INFO - [2025-06-05T02:29:59.041+0000] {dag.py:4180} INFO - Setting next_dagrun for final_dag_ej2_1 to None, run_after=None
[2025-06-05T02:29:59.061+0000] {processor.py:208} INFO - Processing /opt/airflow/dags/Sesion5/Dataset_S5_4_1.py took 0.079 seconds
[2025-06-05T02:30:29.802+0000] {processor.py:186} INFO - Started process (PID=5953) to work on /opt/airflow/dags/Sesion5/Dataset_S5_4_1.py
[2025-06-05T02:30:29.804+0000] {processor.py:914} INFO - Processing file /opt/airflow/dags/Sesion5/Dataset_S5_4_1.py for tasks to queue
[2025-06-05T02:30:29.810+0000] {logging_mixin.py:190} INFO - [2025-06-05T02:30:29.808+0000] {dagbag.py:588} INFO - Filling up the DagBag from /opt/airflow/dags/Sesion5/Dataset_S5_4_1.py
[2025-06-05T02:30:29.822+0000] {processor.py:925} INFO - DAG(s) 'final_dag_ej2_1' retrieved from /opt/airflow/dags/Sesion5/Dataset_S5_4_1.py
[2025-06-05T02:30:29.853+0000] {logging_mixin.py:190} INFO - [2025-06-05T02:30:29.853+0000] {dag.py:3239} INFO - Sync 1 DAGs
[2025-06-05T02:30:29.875+0000] {logging_mixin.py:190} INFO - [2025-06-05T02:30:29.875+0000] {dag.py:4180} INFO - Setting next_dagrun for final_dag_ej2_1 to None, run_after=None
[2025-06-05T02:30:30.060+0000] {processor.py:208} INFO - Processing /opt/airflow/dags/Sesion5/Dataset_S5_4_1.py took 0.277 seconds
[2025-06-05T02:31:00.465+0000] {processor.py:186} INFO - Started process (PID=6067) to work on /opt/airflow/dags/Sesion5/Dataset_S5_4_1.py
[2025-06-05T02:31:00.466+0000] {processor.py:914} INFO - Processing file /opt/airflow/dags/Sesion5/Dataset_S5_4_1.py for tasks to queue
[2025-06-05T02:31:00.468+0000] {logging_mixin.py:190} INFO - [2025-06-05T02:31:00.468+0000] {dagbag.py:588} INFO - Filling up the DagBag from /opt/airflow/dags/Sesion5/Dataset_S5_4_1.py
[2025-06-05T02:31:00.476+0000] {processor.py:925} INFO - DAG(s) 'final_dag_ej2_1' retrieved from /opt/airflow/dags/Sesion5/Dataset_S5_4_1.py
[2025-06-05T02:31:00.556+0000] {logging_mixin.py:190} INFO - [2025-06-05T02:31:00.556+0000] {dag.py:3239} INFO - Sync 1 DAGs
[2025-06-05T02:31:00.599+0000] {logging_mixin.py:190} INFO - [2025-06-05T02:31:00.598+0000] {dag.py:4180} INFO - Setting next_dagrun for final_dag_ej2_1 to None, run_after=None
[2025-06-05T02:31:00.652+0000] {processor.py:208} INFO - Processing /opt/airflow/dags/Sesion5/Dataset_S5_4_1.py took 0.194 seconds
[2025-06-05T02:31:31.992+0000] {processor.py:186} INFO - Started process (PID=6185) to work on /opt/airflow/dags/Sesion5/Dataset_S5_4_1.py
[2025-06-05T02:31:31.993+0000] {processor.py:914} INFO - Processing file /opt/airflow/dags/Sesion5/Dataset_S5_4_1.py for tasks to queue
[2025-06-05T02:31:31.994+0000] {logging_mixin.py:190} INFO - [2025-06-05T02:31:31.994+0000] {dagbag.py:588} INFO - Filling up the DagBag from /opt/airflow/dags/Sesion5/Dataset_S5_4_1.py
[2025-06-05T02:31:32.000+0000] {processor.py:925} INFO - DAG(s) 'final_dag_ej2_1' retrieved from /opt/airflow/dags/Sesion5/Dataset_S5_4_1.py
[2025-06-05T02:31:32.016+0000] {logging_mixin.py:190} INFO - [2025-06-05T02:31:32.016+0000] {dag.py:3239} INFO - Sync 1 DAGs
[2025-06-05T02:31:32.028+0000] {logging_mixin.py:190} INFO - [2025-06-05T02:31:32.028+0000] {dag.py:4180} INFO - Setting next_dagrun for final_dag_ej2_1 to None, run_after=None
[2025-06-05T02:31:32.042+0000] {processor.py:208} INFO - Processing /opt/airflow/dags/Sesion5/Dataset_S5_4_1.py took 0.055 seconds
[2025-06-05T02:32:03.117+0000] {processor.py:186} INFO - Started process (PID=6300) to work on /opt/airflow/dags/Sesion5/Dataset_S5_4_1.py
[2025-06-05T02:32:03.118+0000] {processor.py:914} INFO - Processing file /opt/airflow/dags/Sesion5/Dataset_S5_4_1.py for tasks to queue
[2025-06-05T02:32:03.121+0000] {logging_mixin.py:190} INFO - [2025-06-05T02:32:03.120+0000] {dagbag.py:588} INFO - Filling up the DagBag from /opt/airflow/dags/Sesion5/Dataset_S5_4_1.py
[2025-06-05T02:32:03.129+0000] {processor.py:925} INFO - DAG(s) 'final_dag_ej2_1' retrieved from /opt/airflow/dags/Sesion5/Dataset_S5_4_1.py
[2025-06-05T02:32:03.153+0000] {logging_mixin.py:190} INFO - [2025-06-05T02:32:03.152+0000] {dag.py:3239} INFO - Sync 1 DAGs
[2025-06-05T02:32:03.172+0000] {logging_mixin.py:190} INFO - [2025-06-05T02:32:03.172+0000] {dag.py:4180} INFO - Setting next_dagrun for final_dag_ej2_1 to None, run_after=None
[2025-06-05T02:32:03.192+0000] {processor.py:208} INFO - Processing /opt/airflow/dags/Sesion5/Dataset_S5_4_1.py took 0.082 seconds
[2025-06-05T02:32:34.057+0000] {processor.py:186} INFO - Started process (PID=6413) to work on /opt/airflow/dags/Sesion5/Dataset_S5_4_1.py
[2025-06-05T02:32:34.058+0000] {processor.py:914} INFO - Processing file /opt/airflow/dags/Sesion5/Dataset_S5_4_1.py for tasks to queue
[2025-06-05T02:32:34.060+0000] {logging_mixin.py:190} INFO - [2025-06-05T02:32:34.060+0000] {dagbag.py:588} INFO - Filling up the DagBag from /opt/airflow/dags/Sesion5/Dataset_S5_4_1.py
[2025-06-05T02:32:34.067+0000] {processor.py:925} INFO - DAG(s) 'final_dag_ej2_1' retrieved from /opt/airflow/dags/Sesion5/Dataset_S5_4_1.py
[2025-06-05T02:32:34.090+0000] {logging_mixin.py:190} INFO - [2025-06-05T02:32:34.090+0000] {dag.py:3239} INFO - Sync 1 DAGs
[2025-06-05T02:32:34.111+0000] {logging_mixin.py:190} INFO - [2025-06-05T02:32:34.111+0000] {dag.py:4180} INFO - Setting next_dagrun for final_dag_ej2_1 to None, run_after=None
[2025-06-05T02:32:34.300+0000] {processor.py:208} INFO - Processing /opt/airflow/dags/Sesion5/Dataset_S5_4_1.py took 0.249 seconds
[2025-06-05T02:33:04.885+0000] {processor.py:186} INFO - Started process (PID=6530) to work on /opt/airflow/dags/Sesion5/Dataset_S5_4_1.py
[2025-06-05T02:33:04.886+0000] {processor.py:914} INFO - Processing file /opt/airflow/dags/Sesion5/Dataset_S5_4_1.py for tasks to queue
[2025-06-05T02:33:04.888+0000] {logging_mixin.py:190} INFO - [2025-06-05T02:33:04.887+0000] {dagbag.py:588} INFO - Filling up the DagBag from /opt/airflow/dags/Sesion5/Dataset_S5_4_1.py
[2025-06-05T02:33:04.893+0000] {processor.py:925} INFO - DAG(s) 'final_dag_ej2_1' retrieved from /opt/airflow/dags/Sesion5/Dataset_S5_4_1.py
[2025-06-05T02:33:05.078+0000] {logging_mixin.py:190} INFO - [2025-06-05T02:33:05.078+0000] {dag.py:3239} INFO - Sync 1 DAGs
[2025-06-05T02:33:05.095+0000] {logging_mixin.py:190} INFO - [2025-06-05T02:33:05.095+0000] {dag.py:4180} INFO - Setting next_dagrun for final_dag_ej2_1 to None, run_after=None
[2025-06-05T02:33:05.108+0000] {processor.py:208} INFO - Processing /opt/airflow/dags/Sesion5/Dataset_S5_4_1.py took 0.228 seconds
[2025-06-05T02:33:36.270+0000] {processor.py:186} INFO - Started process (PID=6645) to work on /opt/airflow/dags/Sesion5/Dataset_S5_4_1.py
[2025-06-05T02:33:36.271+0000] {processor.py:914} INFO - Processing file /opt/airflow/dags/Sesion5/Dataset_S5_4_1.py for tasks to queue
[2025-06-05T02:33:36.274+0000] {logging_mixin.py:190} INFO - [2025-06-05T02:33:36.274+0000] {dagbag.py:588} INFO - Filling up the DagBag from /opt/airflow/dags/Sesion5/Dataset_S5_4_1.py
[2025-06-05T02:33:36.283+0000] {processor.py:925} INFO - DAG(s) 'final_dag_ej2_1' retrieved from /opt/airflow/dags/Sesion5/Dataset_S5_4_1.py
[2025-06-05T02:33:36.307+0000] {logging_mixin.py:190} INFO - [2025-06-05T02:33:36.307+0000] {dag.py:3239} INFO - Sync 1 DAGs
[2025-06-05T02:33:36.322+0000] {logging_mixin.py:190} INFO - [2025-06-05T02:33:36.322+0000] {dag.py:4180} INFO - Setting next_dagrun for final_dag_ej2_1 to None, run_after=None
[2025-06-05T02:33:36.338+0000] {processor.py:208} INFO - Processing /opt/airflow/dags/Sesion5/Dataset_S5_4_1.py took 0.076 seconds
[2025-06-05T02:34:07.087+0000] {processor.py:186} INFO - Started process (PID=6760) to work on /opt/airflow/dags/Sesion5/Dataset_S5_4_1.py
[2025-06-05T02:34:07.087+0000] {processor.py:914} INFO - Processing file /opt/airflow/dags/Sesion5/Dataset_S5_4_1.py for tasks to queue
[2025-06-05T02:34:07.090+0000] {logging_mixin.py:190} INFO - [2025-06-05T02:34:07.089+0000] {dagbag.py:588} INFO - Filling up the DagBag from /opt/airflow/dags/Sesion5/Dataset_S5_4_1.py
[2025-06-05T02:34:07.095+0000] {processor.py:925} INFO - DAG(s) 'final_dag_ej2_1' retrieved from /opt/airflow/dags/Sesion5/Dataset_S5_4_1.py
[2025-06-05T02:34:07.112+0000] {logging_mixin.py:190} INFO - [2025-06-05T02:34:07.112+0000] {dag.py:3239} INFO - Sync 1 DAGs
[2025-06-05T02:34:07.124+0000] {logging_mixin.py:190} INFO - [2025-06-05T02:34:07.124+0000] {dag.py:4180} INFO - Setting next_dagrun for final_dag_ej2_1 to None, run_after=None
[2025-06-05T02:34:07.138+0000] {processor.py:208} INFO - Processing /opt/airflow/dags/Sesion5/Dataset_S5_4_1.py took 0.057 seconds
[2025-06-05T05:21:07.741+0000] {processor.py:186} INFO - Started process (PID=216) to work on /opt/airflow/dags/Sesion5/Dataset_S5_4_1.py
[2025-06-05T05:21:07.743+0000] {processor.py:914} INFO - Processing file /opt/airflow/dags/Sesion5/Dataset_S5_4_1.py for tasks to queue
[2025-06-05T05:21:07.747+0000] {logging_mixin.py:190} INFO - [2025-06-05T05:21:07.746+0000] {dagbag.py:588} INFO - Filling up the DagBag from /opt/airflow/dags/Sesion5/Dataset_S5_4_1.py
[2025-06-05T05:21:07.763+0000] {processor.py:925} INFO - DAG(s) 'final_dag_ej2_1' retrieved from /opt/airflow/dags/Sesion5/Dataset_S5_4_1.py
[2025-06-05T05:21:07.875+0000] {logging_mixin.py:190} INFO - [2025-06-05T05:21:07.874+0000] {dag.py:3239} INFO - Sync 1 DAGs
[2025-06-05T05:21:07.953+0000] {logging_mixin.py:190} INFO - [2025-06-05T05:21:07.952+0000] {dag.py:4180} INFO - Setting next_dagrun for final_dag_ej2_1 to None, run_after=None
[2025-06-05T05:21:08.007+0000] {processor.py:208} INFO - Processing /opt/airflow/dags/Sesion5/Dataset_S5_4_1.py took 0.291 seconds
[2025-06-05T05:21:38.395+0000] {processor.py:186} INFO - Started process (PID=331) to work on /opt/airflow/dags/Sesion5/Dataset_S5_4_1.py
[2025-06-05T05:21:38.396+0000] {processor.py:914} INFO - Processing file /opt/airflow/dags/Sesion5/Dataset_S5_4_1.py for tasks to queue
[2025-06-05T05:21:38.398+0000] {logging_mixin.py:190} INFO - [2025-06-05T05:21:38.398+0000] {dagbag.py:588} INFO - Filling up the DagBag from /opt/airflow/dags/Sesion5/Dataset_S5_4_1.py
[2025-06-05T05:21:38.406+0000] {processor.py:925} INFO - DAG(s) 'final_dag_ej2_1' retrieved from /opt/airflow/dags/Sesion5/Dataset_S5_4_1.py
[2025-06-05T05:21:38.430+0000] {logging_mixin.py:190} INFO - [2025-06-05T05:21:38.430+0000] {dag.py:3239} INFO - Sync 1 DAGs
[2025-06-05T05:21:38.448+0000] {logging_mixin.py:190} INFO - [2025-06-05T05:21:38.448+0000] {dag.py:4180} INFO - Setting next_dagrun for final_dag_ej2_1 to None, run_after=None
[2025-06-05T05:21:38.467+0000] {processor.py:208} INFO - Processing /opt/airflow/dags/Sesion5/Dataset_S5_4_1.py took 0.079 seconds
