[2025-06-05T02:01:21.064+0000] {processor.py:186} INFO - Started process (PID=239) to work on /opt/airflow/dags/Sesion5/producer_dag_dataset.py
[2025-06-05T02:01:21.067+0000] {processor.py:914} INFO - Processing file /opt/airflow/dags/Sesion5/producer_dag_dataset.py for tasks to queue
[2025-06-05T02:01:21.075+0000] {logging_mixin.py:190} INFO - [2025-06-05T02:01:21.075+0000] {dagbag.py:588} INFO - Filling up the DagBag from /opt/airflow/dags/Sesion5/producer_dag_dataset.py
[2025-06-05T02:01:21.098+0000] {processor.py:925} INFO - DAG(s) 'producer_dag_s5' retrieved from /opt/airflow/dags/Sesion5/producer_dag_dataset.py
[2025-06-05T02:01:21.159+0000] {logging_mixin.py:190} INFO - [2025-06-05T02:01:21.159+0000] {dag.py:3239} INFO - Sync 1 DAGs
[2025-06-05T02:01:21.209+0000] {logging_mixin.py:190} INFO - [2025-06-05T02:01:21.209+0000] {dag.py:4180} INFO - Setting next_dagrun for producer_dag_s5 to 2025-06-04 00:00:00+00:00, run_after=2025-06-05 00:00:00+00:00
[2025-06-05T02:01:21.259+0000] {processor.py:208} INFO - Processing /opt/airflow/dags/Sesion5/producer_dag_dataset.py took 0.225 seconds
[2025-06-05T02:01:54.316+0000] {processor.py:186} INFO - Started process (PID=352) to work on /opt/airflow/dags/Sesion5/producer_dag_dataset.py
[2025-06-05T02:01:54.326+0000] {processor.py:914} INFO - Processing file /opt/airflow/dags/Sesion5/producer_dag_dataset.py for tasks to queue
[2025-06-05T02:01:54.331+0000] {logging_mixin.py:190} INFO - [2025-06-05T02:01:54.331+0000] {dagbag.py:588} INFO - Filling up the DagBag from /opt/airflow/dags/Sesion5/producer_dag_dataset.py
[2025-06-05T02:01:54.347+0000] {processor.py:925} INFO - DAG(s) 'producer_dag_s5' retrieved from /opt/airflow/dags/Sesion5/producer_dag_dataset.py
[2025-06-05T02:01:54.435+0000] {logging_mixin.py:190} INFO - [2025-06-05T02:01:54.435+0000] {dag.py:3239} INFO - Sync 1 DAGs
[2025-06-05T02:01:54.578+0000] {logging_mixin.py:190} INFO - [2025-06-05T02:01:54.576+0000] {dag.py:4180} INFO - Setting next_dagrun for producer_dag_s5 to 2025-06-04 00:00:00+00:00, run_after=2025-06-05 00:00:00+00:00
[2025-06-05T02:01:54.611+0000] {processor.py:208} INFO - Processing /opt/airflow/dags/Sesion5/producer_dag_dataset.py took 0.333 seconds
[2025-06-05T02:04:30.276+0000] {processor.py:186} INFO - Started process (PID=221) to work on /opt/airflow/dags/Sesion5/producer_dag_dataset.py
[2025-06-05T02:04:30.278+0000] {processor.py:914} INFO - Processing file /opt/airflow/dags/Sesion5/producer_dag_dataset.py for tasks to queue
[2025-06-05T02:04:30.282+0000] {logging_mixin.py:190} INFO - [2025-06-05T02:04:30.282+0000] {dagbag.py:588} INFO - Filling up the DagBag from /opt/airflow/dags/Sesion5/producer_dag_dataset.py
[2025-06-05T02:04:30.345+0000] {processor.py:925} INFO - DAG(s) 'producer_dag_s5' retrieved from /opt/airflow/dags/Sesion5/producer_dag_dataset.py
[2025-06-05T02:04:30.454+0000] {logging_mixin.py:190} INFO - [2025-06-05T02:04:30.454+0000] {dag.py:3239} INFO - Sync 1 DAGs
[2025-06-05T02:04:30.578+0000] {logging_mixin.py:190} INFO - [2025-06-05T02:04:30.578+0000] {dag.py:4180} INFO - Setting next_dagrun for producer_dag_s5 to 2025-06-04 00:00:00+00:00, run_after=2025-06-05 00:00:00+00:00
[2025-06-05T02:04:30.682+0000] {processor.py:208} INFO - Processing /opt/airflow/dags/Sesion5/producer_dag_dataset.py took 0.427 seconds
[2025-06-05T02:05:01.357+0000] {processor.py:186} INFO - Started process (PID=336) to work on /opt/airflow/dags/Sesion5/producer_dag_dataset.py
[2025-06-05T02:05:01.358+0000] {processor.py:914} INFO - Processing file /opt/airflow/dags/Sesion5/producer_dag_dataset.py for tasks to queue
[2025-06-05T02:05:01.361+0000] {logging_mixin.py:190} INFO - [2025-06-05T02:05:01.361+0000] {dagbag.py:588} INFO - Filling up the DagBag from /opt/airflow/dags/Sesion5/producer_dag_dataset.py
[2025-06-05T02:05:01.371+0000] {processor.py:925} INFO - DAG(s) 'producer_dag_s5' retrieved from /opt/airflow/dags/Sesion5/producer_dag_dataset.py
[2025-06-05T02:05:01.393+0000] {logging_mixin.py:190} INFO - [2025-06-05T02:05:01.393+0000] {dag.py:3239} INFO - Sync 1 DAGs
[2025-06-05T02:05:01.446+0000] {logging_mixin.py:190} INFO - [2025-06-05T02:05:01.446+0000] {dag.py:4180} INFO - Setting next_dagrun for producer_dag_s5 to 2025-06-04 00:00:00+00:00, run_after=2025-06-05 00:00:00+00:00
[2025-06-05T02:05:01.472+0000] {processor.py:208} INFO - Processing /opt/airflow/dags/Sesion5/producer_dag_dataset.py took 0.121 seconds
[2025-06-05T02:05:32.006+0000] {processor.py:186} INFO - Started process (PID=451) to work on /opt/airflow/dags/Sesion5/producer_dag_dataset.py
[2025-06-05T02:05:32.008+0000] {processor.py:914} INFO - Processing file /opt/airflow/dags/Sesion5/producer_dag_dataset.py for tasks to queue
[2025-06-05T02:05:32.011+0000] {logging_mixin.py:190} INFO - [2025-06-05T02:05:32.011+0000] {dagbag.py:588} INFO - Filling up the DagBag from /opt/airflow/dags/Sesion5/producer_dag_dataset.py
[2025-06-05T02:05:32.023+0000] {processor.py:925} INFO - DAG(s) 'producer_dag_s5' retrieved from /opt/airflow/dags/Sesion5/producer_dag_dataset.py
[2025-06-05T02:05:32.045+0000] {logging_mixin.py:190} INFO - [2025-06-05T02:05:32.045+0000] {dag.py:3239} INFO - Sync 1 DAGs
[2025-06-05T02:05:32.081+0000] {logging_mixin.py:190} INFO - [2025-06-05T02:05:32.081+0000] {dag.py:4180} INFO - Setting next_dagrun for producer_dag_s5 to 2025-06-04 00:00:00+00:00, run_after=2025-06-05 00:00:00+00:00
[2025-06-05T02:05:32.107+0000] {processor.py:208} INFO - Processing /opt/airflow/dags/Sesion5/producer_dag_dataset.py took 0.108 seconds
[2025-06-05T02:06:02.278+0000] {processor.py:186} INFO - Started process (PID=564) to work on /opt/airflow/dags/Sesion5/producer_dag_dataset.py
[2025-06-05T02:06:02.279+0000] {processor.py:914} INFO - Processing file /opt/airflow/dags/Sesion5/producer_dag_dataset.py for tasks to queue
[2025-06-05T02:06:02.281+0000] {logging_mixin.py:190} INFO - [2025-06-05T02:06:02.281+0000] {dagbag.py:588} INFO - Filling up the DagBag from /opt/airflow/dags/Sesion5/producer_dag_dataset.py
[2025-06-05T02:06:02.292+0000] {processor.py:925} INFO - DAG(s) 'producer_dag_s5' retrieved from /opt/airflow/dags/Sesion5/producer_dag_dataset.py
[2025-06-05T02:06:02.314+0000] {logging_mixin.py:190} INFO - [2025-06-05T02:06:02.313+0000] {dag.py:3239} INFO - Sync 1 DAGs
[2025-06-05T02:06:02.348+0000] {logging_mixin.py:190} INFO - [2025-06-05T02:06:02.347+0000] {dag.py:4180} INFO - Setting next_dagrun for producer_dag_s5 to 2025-06-04 00:00:00+00:00, run_after=2025-06-05 00:00:00+00:00
[2025-06-05T02:06:02.373+0000] {processor.py:208} INFO - Processing /opt/airflow/dags/Sesion5/producer_dag_dataset.py took 0.101 seconds
[2025-06-05T02:06:33.115+0000] {processor.py:186} INFO - Started process (PID=679) to work on /opt/airflow/dags/Sesion5/producer_dag_dataset.py
[2025-06-05T02:06:33.116+0000] {processor.py:914} INFO - Processing file /opt/airflow/dags/Sesion5/producer_dag_dataset.py for tasks to queue
[2025-06-05T02:06:33.118+0000] {logging_mixin.py:190} INFO - [2025-06-05T02:06:33.118+0000] {dagbag.py:588} INFO - Filling up the DagBag from /opt/airflow/dags/Sesion5/producer_dag_dataset.py
[2025-06-05T02:06:33.127+0000] {processor.py:925} INFO - DAG(s) 'producer_dag_s5' retrieved from /opt/airflow/dags/Sesion5/producer_dag_dataset.py
[2025-06-05T02:06:33.148+0000] {logging_mixin.py:190} INFO - [2025-06-05T02:06:33.148+0000] {dag.py:3239} INFO - Sync 1 DAGs
[2025-06-05T02:06:33.182+0000] {logging_mixin.py:190} INFO - [2025-06-05T02:06:33.181+0000] {dag.py:4180} INFO - Setting next_dagrun for producer_dag_s5 to 2025-06-04 00:00:00+00:00, run_after=2025-06-05 00:00:00+00:00
[2025-06-05T02:06:33.206+0000] {processor.py:208} INFO - Processing /opt/airflow/dags/Sesion5/producer_dag_dataset.py took 0.097 seconds
[2025-06-05T02:07:04.247+0000] {processor.py:186} INFO - Started process (PID=794) to work on /opt/airflow/dags/Sesion5/producer_dag_dataset.py
[2025-06-05T02:07:04.250+0000] {processor.py:914} INFO - Processing file /opt/airflow/dags/Sesion5/producer_dag_dataset.py for tasks to queue
[2025-06-05T02:07:04.253+0000] {logging_mixin.py:190} INFO - [2025-06-05T02:07:04.253+0000] {dagbag.py:588} INFO - Filling up the DagBag from /opt/airflow/dags/Sesion5/producer_dag_dataset.py
[2025-06-05T02:07:04.276+0000] {processor.py:925} INFO - DAG(s) 'producer_dag_s5' retrieved from /opt/airflow/dags/Sesion5/producer_dag_dataset.py
[2025-06-05T02:07:04.304+0000] {logging_mixin.py:190} INFO - [2025-06-05T02:07:04.303+0000] {dag.py:3239} INFO - Sync 1 DAGs
[2025-06-05T02:07:04.352+0000] {logging_mixin.py:190} INFO - [2025-06-05T02:07:04.352+0000] {dag.py:4180} INFO - Setting next_dagrun for producer_dag_s5 to 2025-06-04 00:00:00+00:00, run_after=2025-06-05 00:00:00+00:00
[2025-06-05T02:07:04.382+0000] {processor.py:208} INFO - Processing /opt/airflow/dags/Sesion5/producer_dag_dataset.py took 0.146 seconds
[2025-06-05T02:07:35.359+0000] {processor.py:186} INFO - Started process (PID=909) to work on /opt/airflow/dags/Sesion5/producer_dag_dataset.py
[2025-06-05T02:07:35.360+0000] {processor.py:914} INFO - Processing file /opt/airflow/dags/Sesion5/producer_dag_dataset.py for tasks to queue
[2025-06-05T02:07:35.364+0000] {logging_mixin.py:190} INFO - [2025-06-05T02:07:35.364+0000] {dagbag.py:588} INFO - Filling up the DagBag from /opt/airflow/dags/Sesion5/producer_dag_dataset.py
[2025-06-05T02:07:35.377+0000] {processor.py:925} INFO - DAG(s) 'producer_dag_s5' retrieved from /opt/airflow/dags/Sesion5/producer_dag_dataset.py
[2025-06-05T02:07:35.440+0000] {logging_mixin.py:190} INFO - [2025-06-05T02:07:35.440+0000] {dag.py:3239} INFO - Sync 1 DAGs
[2025-06-05T02:07:35.509+0000] {logging_mixin.py:190} INFO - [2025-06-05T02:07:35.509+0000] {dag.py:4180} INFO - Setting next_dagrun for producer_dag_s5 to 2025-06-04 00:00:00+00:00, run_after=2025-06-05 00:00:00+00:00
[2025-06-05T02:07:35.569+0000] {processor.py:208} INFO - Processing /opt/airflow/dags/Sesion5/producer_dag_dataset.py took 0.217 seconds
[2025-06-05T02:08:06.748+0000] {processor.py:186} INFO - Started process (PID=1024) to work on /opt/airflow/dags/Sesion5/producer_dag_dataset.py
[2025-06-05T02:08:06.749+0000] {processor.py:914} INFO - Processing file /opt/airflow/dags/Sesion5/producer_dag_dataset.py for tasks to queue
[2025-06-05T02:08:06.753+0000] {logging_mixin.py:190} INFO - [2025-06-05T02:08:06.752+0000] {dagbag.py:588} INFO - Filling up the DagBag from /opt/airflow/dags/Sesion5/producer_dag_dataset.py
[2025-06-05T02:08:06.777+0000] {processor.py:925} INFO - DAG(s) 'producer_dag_s5' retrieved from /opt/airflow/dags/Sesion5/producer_dag_dataset.py
[2025-06-05T02:08:06.797+0000] {logging_mixin.py:190} INFO - [2025-06-05T02:08:06.797+0000] {dag.py:3239} INFO - Sync 1 DAGs
[2025-06-05T02:08:06.826+0000] {logging_mixin.py:190} INFO - [2025-06-05T02:08:06.826+0000] {dag.py:4180} INFO - Setting next_dagrun for producer_dag_s5 to 2025-06-04 00:00:00+00:00, run_after=2025-06-05 00:00:00+00:00
[2025-06-05T02:08:06.849+0000] {processor.py:208} INFO - Processing /opt/airflow/dags/Sesion5/producer_dag_dataset.py took 0.120 seconds
[2025-06-05T02:08:37.956+0000] {processor.py:186} INFO - Started process (PID=1139) to work on /opt/airflow/dags/Sesion5/producer_dag_dataset.py
[2025-06-05T02:08:37.957+0000] {processor.py:914} INFO - Processing file /opt/airflow/dags/Sesion5/producer_dag_dataset.py for tasks to queue
[2025-06-05T02:08:37.959+0000] {logging_mixin.py:190} INFO - [2025-06-05T02:08:37.959+0000] {dagbag.py:588} INFO - Filling up the DagBag from /opt/airflow/dags/Sesion5/producer_dag_dataset.py
[2025-06-05T02:08:37.970+0000] {processor.py:925} INFO - DAG(s) 'producer_dag_s5' retrieved from /opt/airflow/dags/Sesion5/producer_dag_dataset.py
[2025-06-05T02:08:37.991+0000] {logging_mixin.py:190} INFO - [2025-06-05T02:08:37.991+0000] {dag.py:3239} INFO - Sync 1 DAGs
[2025-06-05T02:08:38.025+0000] {logging_mixin.py:190} INFO - [2025-06-05T02:08:38.024+0000] {dag.py:4180} INFO - Setting next_dagrun for producer_dag_s5 to 2025-06-04 00:00:00+00:00, run_after=2025-06-05 00:00:00+00:00
[2025-06-05T02:08:38.049+0000] {processor.py:208} INFO - Processing /opt/airflow/dags/Sesion5/producer_dag_dataset.py took 0.100 seconds
[2025-06-05T02:09:09.003+0000] {processor.py:186} INFO - Started process (PID=1254) to work on /opt/airflow/dags/Sesion5/producer_dag_dataset.py
[2025-06-05T02:09:09.004+0000] {processor.py:914} INFO - Processing file /opt/airflow/dags/Sesion5/producer_dag_dataset.py for tasks to queue
[2025-06-05T02:09:09.006+0000] {logging_mixin.py:190} INFO - [2025-06-05T02:09:09.006+0000] {dagbag.py:588} INFO - Filling up the DagBag from /opt/airflow/dags/Sesion5/producer_dag_dataset.py
[2025-06-05T02:09:09.016+0000] {processor.py:925} INFO - DAG(s) 'producer_dag_s5' retrieved from /opt/airflow/dags/Sesion5/producer_dag_dataset.py
[2025-06-05T02:09:09.044+0000] {logging_mixin.py:190} INFO - [2025-06-05T02:09:09.044+0000] {dag.py:3239} INFO - Sync 1 DAGs
[2025-06-05T02:09:09.079+0000] {logging_mixin.py:190} INFO - [2025-06-05T02:09:09.078+0000] {dag.py:4180} INFO - Setting next_dagrun for producer_dag_s5 to 2025-06-04 00:00:00+00:00, run_after=2025-06-05 00:00:00+00:00
[2025-06-05T02:09:09.106+0000] {processor.py:208} INFO - Processing /opt/airflow/dags/Sesion5/producer_dag_dataset.py took 0.111 seconds
[2025-06-05T02:09:40.161+0000] {processor.py:186} INFO - Started process (PID=1369) to work on /opt/airflow/dags/Sesion5/producer_dag_dataset.py
[2025-06-05T02:09:40.162+0000] {processor.py:914} INFO - Processing file /opt/airflow/dags/Sesion5/producer_dag_dataset.py for tasks to queue
[2025-06-05T02:09:40.164+0000] {logging_mixin.py:190} INFO - [2025-06-05T02:09:40.164+0000] {dagbag.py:588} INFO - Filling up the DagBag from /opt/airflow/dags/Sesion5/producer_dag_dataset.py
[2025-06-05T02:09:40.173+0000] {processor.py:925} INFO - DAG(s) 'producer_dag_s5' retrieved from /opt/airflow/dags/Sesion5/producer_dag_dataset.py
[2025-06-05T02:09:40.193+0000] {logging_mixin.py:190} INFO - [2025-06-05T02:09:40.192+0000] {dag.py:3239} INFO - Sync 1 DAGs
[2025-06-05T02:09:40.223+0000] {logging_mixin.py:190} INFO - [2025-06-05T02:09:40.223+0000] {dag.py:4180} INFO - Setting next_dagrun for producer_dag_s5 to 2025-06-04 00:00:00+00:00, run_after=2025-06-05 00:00:00+00:00
[2025-06-05T02:09:40.246+0000] {processor.py:208} INFO - Processing /opt/airflow/dags/Sesion5/producer_dag_dataset.py took 0.094 seconds
[2025-06-05T02:10:11.381+0000] {processor.py:186} INFO - Started process (PID=1484) to work on /opt/airflow/dags/Sesion5/producer_dag_dataset.py
[2025-06-05T02:10:11.382+0000] {processor.py:914} INFO - Processing file /opt/airflow/dags/Sesion5/producer_dag_dataset.py for tasks to queue
[2025-06-05T02:10:11.384+0000] {logging_mixin.py:190} INFO - [2025-06-05T02:10:11.384+0000] {dagbag.py:588} INFO - Filling up the DagBag from /opt/airflow/dags/Sesion5/producer_dag_dataset.py
[2025-06-05T02:10:11.395+0000] {processor.py:925} INFO - DAG(s) 'producer_dag_s5' retrieved from /opt/airflow/dags/Sesion5/producer_dag_dataset.py
[2025-06-05T02:10:11.415+0000] {logging_mixin.py:190} INFO - [2025-06-05T02:10:11.414+0000] {dag.py:3239} INFO - Sync 1 DAGs
[2025-06-05T02:10:11.446+0000] {logging_mixin.py:190} INFO - [2025-06-05T02:10:11.445+0000] {dag.py:4180} INFO - Setting next_dagrun for producer_dag_s5 to 2025-06-04 00:00:00+00:00, run_after=2025-06-05 00:00:00+00:00
[2025-06-05T02:10:11.470+0000] {processor.py:208} INFO - Processing /opt/airflow/dags/Sesion5/producer_dag_dataset.py took 0.097 seconds
[2025-06-05T02:10:42.403+0000] {processor.py:186} INFO - Started process (PID=1599) to work on /opt/airflow/dags/Sesion5/producer_dag_dataset.py
[2025-06-05T02:10:42.408+0000] {processor.py:914} INFO - Processing file /opt/airflow/dags/Sesion5/producer_dag_dataset.py for tasks to queue
[2025-06-05T02:10:42.411+0000] {logging_mixin.py:190} INFO - [2025-06-05T02:10:42.411+0000] {dagbag.py:588} INFO - Filling up the DagBag from /opt/airflow/dags/Sesion5/producer_dag_dataset.py
[2025-06-05T02:10:42.426+0000] {processor.py:925} INFO - DAG(s) 'producer_dag_s5' retrieved from /opt/airflow/dags/Sesion5/producer_dag_dataset.py
[2025-06-05T02:10:42.469+0000] {logging_mixin.py:190} INFO - [2025-06-05T02:10:42.468+0000] {dag.py:3239} INFO - Sync 1 DAGs
[2025-06-05T02:10:42.501+0000] {logging_mixin.py:190} INFO - [2025-06-05T02:10:42.501+0000] {dag.py:4180} INFO - Setting next_dagrun for producer_dag_s5 to 2025-06-04 00:00:00+00:00, run_after=2025-06-05 00:00:00+00:00
[2025-06-05T02:10:42.524+0000] {processor.py:208} INFO - Processing /opt/airflow/dags/Sesion5/producer_dag_dataset.py took 0.132 seconds
[2025-06-05T02:11:13.738+0000] {processor.py:186} INFO - Started process (PID=1714) to work on /opt/airflow/dags/Sesion5/producer_dag_dataset.py
[2025-06-05T02:11:13.739+0000] {processor.py:914} INFO - Processing file /opt/airflow/dags/Sesion5/producer_dag_dataset.py for tasks to queue
[2025-06-05T02:11:13.742+0000] {logging_mixin.py:190} INFO - [2025-06-05T02:11:13.742+0000] {dagbag.py:588} INFO - Filling up the DagBag from /opt/airflow/dags/Sesion5/producer_dag_dataset.py
[2025-06-05T02:11:13.753+0000] {processor.py:925} INFO - DAG(s) 'producer_dag_s5' retrieved from /opt/airflow/dags/Sesion5/producer_dag_dataset.py
[2025-06-05T02:11:13.775+0000] {logging_mixin.py:190} INFO - [2025-06-05T02:11:13.775+0000] {dag.py:3239} INFO - Sync 1 DAGs
[2025-06-05T02:11:13.809+0000] {logging_mixin.py:190} INFO - [2025-06-05T02:11:13.809+0000] {dag.py:4180} INFO - Setting next_dagrun for producer_dag_s5 to 2025-06-04 00:00:00+00:00, run_after=2025-06-05 00:00:00+00:00
[2025-06-05T02:11:13.835+0000] {processor.py:208} INFO - Processing /opt/airflow/dags/Sesion5/producer_dag_dataset.py took 0.104 seconds
[2025-06-05T02:11:44.790+0000] {processor.py:186} INFO - Started process (PID=1829) to work on /opt/airflow/dags/Sesion5/producer_dag_dataset.py
[2025-06-05T02:11:44.791+0000] {processor.py:914} INFO - Processing file /opt/airflow/dags/Sesion5/producer_dag_dataset.py for tasks to queue
[2025-06-05T02:11:44.793+0000] {logging_mixin.py:190} INFO - [2025-06-05T02:11:44.793+0000] {dagbag.py:588} INFO - Filling up the DagBag from /opt/airflow/dags/Sesion5/producer_dag_dataset.py
[2025-06-05T02:11:44.802+0000] {processor.py:925} INFO - DAG(s) 'producer_dag_s5' retrieved from /opt/airflow/dags/Sesion5/producer_dag_dataset.py
[2025-06-05T02:11:44.822+0000] {logging_mixin.py:190} INFO - [2025-06-05T02:11:44.821+0000] {dag.py:3239} INFO - Sync 1 DAGs
[2025-06-05T02:11:44.856+0000] {logging_mixin.py:190} INFO - [2025-06-05T02:11:44.855+0000] {dag.py:4180} INFO - Setting next_dagrun for producer_dag_s5 to 2025-06-04 00:00:00+00:00, run_after=2025-06-05 00:00:00+00:00
[2025-06-05T02:11:44.880+0000] {processor.py:208} INFO - Processing /opt/airflow/dags/Sesion5/producer_dag_dataset.py took 0.097 seconds
[2025-06-05T02:12:15.748+0000] {processor.py:186} INFO - Started process (PID=1944) to work on /opt/airflow/dags/Sesion5/producer_dag_dataset.py
[2025-06-05T02:12:15.749+0000] {processor.py:914} INFO - Processing file /opt/airflow/dags/Sesion5/producer_dag_dataset.py for tasks to queue
[2025-06-05T02:12:15.751+0000] {logging_mixin.py:190} INFO - [2025-06-05T02:12:15.751+0000] {dagbag.py:588} INFO - Filling up the DagBag from /opt/airflow/dags/Sesion5/producer_dag_dataset.py
[2025-06-05T02:12:15.761+0000] {processor.py:925} INFO - DAG(s) 'producer_dag_s5' retrieved from /opt/airflow/dags/Sesion5/producer_dag_dataset.py
[2025-06-05T02:12:15.783+0000] {logging_mixin.py:190} INFO - [2025-06-05T02:12:15.782+0000] {dag.py:3239} INFO - Sync 1 DAGs
[2025-06-05T02:12:15.815+0000] {logging_mixin.py:190} INFO - [2025-06-05T02:12:15.815+0000] {dag.py:4180} INFO - Setting next_dagrun for producer_dag_s5 to 2025-06-04 00:00:00+00:00, run_after=2025-06-05 00:00:00+00:00
[2025-06-05T02:12:15.848+0000] {processor.py:208} INFO - Processing /opt/airflow/dags/Sesion5/producer_dag_dataset.py took 0.107 seconds
[2025-06-05T02:12:47.069+0000] {processor.py:186} INFO - Started process (PID=2059) to work on /opt/airflow/dags/Sesion5/producer_dag_dataset.py
[2025-06-05T02:12:47.070+0000] {processor.py:914} INFO - Processing file /opt/airflow/dags/Sesion5/producer_dag_dataset.py for tasks to queue
[2025-06-05T02:12:47.072+0000] {logging_mixin.py:190} INFO - [2025-06-05T02:12:47.072+0000] {dagbag.py:588} INFO - Filling up the DagBag from /opt/airflow/dags/Sesion5/producer_dag_dataset.py
[2025-06-05T02:12:47.083+0000] {processor.py:925} INFO - DAG(s) 'producer_dag_s5' retrieved from /opt/airflow/dags/Sesion5/producer_dag_dataset.py
[2025-06-05T02:12:47.105+0000] {logging_mixin.py:190} INFO - [2025-06-05T02:12:47.105+0000] {dag.py:3239} INFO - Sync 1 DAGs
[2025-06-05T02:12:47.143+0000] {logging_mixin.py:190} INFO - [2025-06-05T02:12:47.142+0000] {dag.py:4180} INFO - Setting next_dagrun for producer_dag_s5 to 2025-06-04 00:00:00+00:00, run_after=2025-06-05 00:00:00+00:00
[2025-06-05T02:12:47.167+0000] {processor.py:208} INFO - Processing /opt/airflow/dags/Sesion5/producer_dag_dataset.py took 0.106 seconds
[2025-06-05T02:13:18.190+0000] {processor.py:186} INFO - Started process (PID=2174) to work on /opt/airflow/dags/Sesion5/producer_dag_dataset.py
[2025-06-05T02:13:18.191+0000] {processor.py:914} INFO - Processing file /opt/airflow/dags/Sesion5/producer_dag_dataset.py for tasks to queue
[2025-06-05T02:13:18.194+0000] {logging_mixin.py:190} INFO - [2025-06-05T02:13:18.194+0000] {dagbag.py:588} INFO - Filling up the DagBag from /opt/airflow/dags/Sesion5/producer_dag_dataset.py
[2025-06-05T02:13:18.205+0000] {processor.py:925} INFO - DAG(s) 'producer_dag_s5' retrieved from /opt/airflow/dags/Sesion5/producer_dag_dataset.py
[2025-06-05T02:13:18.229+0000] {logging_mixin.py:190} INFO - [2025-06-05T02:13:18.228+0000] {dag.py:3239} INFO - Sync 1 DAGs
[2025-06-05T02:13:18.266+0000] {logging_mixin.py:190} INFO - [2025-06-05T02:13:18.266+0000] {dag.py:4180} INFO - Setting next_dagrun for producer_dag_s5 to 2025-06-04 00:00:00+00:00, run_after=2025-06-05 00:00:00+00:00
[2025-06-05T02:13:18.322+0000] {processor.py:208} INFO - Processing /opt/airflow/dags/Sesion5/producer_dag_dataset.py took 0.140 seconds
[2025-06-05T02:13:49.595+0000] {processor.py:186} INFO - Started process (PID=2291) to work on /opt/airflow/dags/Sesion5/producer_dag_dataset.py
[2025-06-05T02:13:49.596+0000] {processor.py:914} INFO - Processing file /opt/airflow/dags/Sesion5/producer_dag_dataset.py for tasks to queue
[2025-06-05T02:13:49.598+0000] {logging_mixin.py:190} INFO - [2025-06-05T02:13:49.597+0000] {dagbag.py:588} INFO - Filling up the DagBag from /opt/airflow/dags/Sesion5/producer_dag_dataset.py
[2025-06-05T02:13:49.605+0000] {processor.py:925} INFO - DAG(s) 'producer_dag_s5' retrieved from /opt/airflow/dags/Sesion5/producer_dag_dataset.py
[2025-06-05T02:13:49.620+0000] {logging_mixin.py:190} INFO - [2025-06-05T02:13:49.620+0000] {dag.py:3239} INFO - Sync 1 DAGs
[2025-06-05T02:13:49.644+0000] {logging_mixin.py:190} INFO - [2025-06-05T02:13:49.644+0000] {dag.py:4180} INFO - Setting next_dagrun for producer_dag_s5 to 2025-06-04 00:00:00+00:00, run_after=2025-06-05 00:00:00+00:00
[2025-06-05T02:13:49.662+0000] {processor.py:208} INFO - Processing /opt/airflow/dags/Sesion5/producer_dag_dataset.py took 0.072 seconds
[2025-06-05T02:14:20.598+0000] {processor.py:186} INFO - Started process (PID=2404) to work on /opt/airflow/dags/Sesion5/producer_dag_dataset.py
[2025-06-05T02:14:20.599+0000] {processor.py:914} INFO - Processing file /opt/airflow/dags/Sesion5/producer_dag_dataset.py for tasks to queue
[2025-06-05T02:14:20.602+0000] {logging_mixin.py:190} INFO - [2025-06-05T02:14:20.601+0000] {dagbag.py:588} INFO - Filling up the DagBag from /opt/airflow/dags/Sesion5/producer_dag_dataset.py
[2025-06-05T02:14:20.615+0000] {processor.py:925} INFO - DAG(s) 'producer_dag_s5' retrieved from /opt/airflow/dags/Sesion5/producer_dag_dataset.py
[2025-06-05T02:14:20.637+0000] {logging_mixin.py:190} INFO - [2025-06-05T02:14:20.637+0000] {dag.py:3239} INFO - Sync 1 DAGs
[2025-06-05T02:14:20.671+0000] {logging_mixin.py:190} INFO - [2025-06-05T02:14:20.670+0000] {dag.py:4180} INFO - Setting next_dagrun for producer_dag_s5 to 2025-06-04 00:00:00+00:00, run_after=2025-06-05 00:00:00+00:00
[2025-06-05T02:14:20.696+0000] {processor.py:208} INFO - Processing /opt/airflow/dags/Sesion5/producer_dag_dataset.py took 0.105 seconds
[2025-06-05T02:14:51.862+0000] {processor.py:186} INFO - Started process (PID=2519) to work on /opt/airflow/dags/Sesion5/producer_dag_dataset.py
[2025-06-05T02:14:51.863+0000] {processor.py:914} INFO - Processing file /opt/airflow/dags/Sesion5/producer_dag_dataset.py for tasks to queue
[2025-06-05T02:14:51.865+0000] {logging_mixin.py:190} INFO - [2025-06-05T02:14:51.864+0000] {dagbag.py:588} INFO - Filling up the DagBag from /opt/airflow/dags/Sesion5/producer_dag_dataset.py
[2025-06-05T02:14:51.874+0000] {processor.py:925} INFO - DAG(s) 'producer_dag_s5' retrieved from /opt/airflow/dags/Sesion5/producer_dag_dataset.py
[2025-06-05T02:14:51.895+0000] {logging_mixin.py:190} INFO - [2025-06-05T02:14:51.895+0000] {dag.py:3239} INFO - Sync 1 DAGs
[2025-06-05T02:14:51.924+0000] {logging_mixin.py:190} INFO - [2025-06-05T02:14:51.924+0000] {dag.py:4180} INFO - Setting next_dagrun for producer_dag_s5 to 2025-06-04 00:00:00+00:00, run_after=2025-06-05 00:00:00+00:00
[2025-06-05T02:14:51.950+0000] {processor.py:208} INFO - Processing /opt/airflow/dags/Sesion5/producer_dag_dataset.py took 0.095 seconds
[2025-06-05T02:15:23.280+0000] {processor.py:186} INFO - Started process (PID=2634) to work on /opt/airflow/dags/Sesion5/producer_dag_dataset.py
[2025-06-05T02:15:23.281+0000] {processor.py:914} INFO - Processing file /opt/airflow/dags/Sesion5/producer_dag_dataset.py for tasks to queue
[2025-06-05T02:15:23.283+0000] {logging_mixin.py:190} INFO - [2025-06-05T02:15:23.283+0000] {dagbag.py:588} INFO - Filling up the DagBag from /opt/airflow/dags/Sesion5/producer_dag_dataset.py
[2025-06-05T02:15:23.293+0000] {processor.py:925} INFO - DAG(s) 'producer_dag_s5' retrieved from /opt/airflow/dags/Sesion5/producer_dag_dataset.py
[2025-06-05T02:15:23.315+0000] {logging_mixin.py:190} INFO - [2025-06-05T02:15:23.315+0000] {dag.py:3239} INFO - Sync 1 DAGs
[2025-06-05T02:15:23.347+0000] {logging_mixin.py:190} INFO - [2025-06-05T02:15:23.347+0000] {dag.py:4180} INFO - Setting next_dagrun for producer_dag_s5 to 2025-06-04 00:00:00+00:00, run_after=2025-06-05 00:00:00+00:00
[2025-06-05T02:15:23.372+0000] {processor.py:208} INFO - Processing /opt/airflow/dags/Sesion5/producer_dag_dataset.py took 0.099 seconds
[2025-06-05T02:15:54.026+0000] {processor.py:186} INFO - Started process (PID=2749) to work on /opt/airflow/dags/Sesion5/producer_dag_dataset.py
[2025-06-05T02:15:54.027+0000] {processor.py:914} INFO - Processing file /opt/airflow/dags/Sesion5/producer_dag_dataset.py for tasks to queue
[2025-06-05T02:15:54.029+0000] {logging_mixin.py:190} INFO - [2025-06-05T02:15:54.029+0000] {dagbag.py:588} INFO - Filling up the DagBag from /opt/airflow/dags/Sesion5/producer_dag_dataset.py
[2025-06-05T02:15:54.041+0000] {processor.py:925} INFO - DAG(s) 'producer_dag_s5' retrieved from /opt/airflow/dags/Sesion5/producer_dag_dataset.py
[2025-06-05T02:15:54.063+0000] {logging_mixin.py:190} INFO - [2025-06-05T02:15:54.062+0000] {dag.py:3239} INFO - Sync 1 DAGs
[2025-06-05T02:15:54.105+0000] {logging_mixin.py:190} INFO - [2025-06-05T02:15:54.105+0000] {dag.py:4180} INFO - Setting next_dagrun for producer_dag_s5 to 2025-06-04 00:00:00+00:00, run_after=2025-06-05 00:00:00+00:00
[2025-06-05T02:15:54.129+0000] {processor.py:208} INFO - Processing /opt/airflow/dags/Sesion5/producer_dag_dataset.py took 0.110 seconds
[2025-06-05T02:16:25.523+0000] {processor.py:186} INFO - Started process (PID=2864) to work on /opt/airflow/dags/Sesion5/producer_dag_dataset.py
[2025-06-05T02:16:25.525+0000] {processor.py:914} INFO - Processing file /opt/airflow/dags/Sesion5/producer_dag_dataset.py for tasks to queue
[2025-06-05T02:16:25.530+0000] {logging_mixin.py:190} INFO - [2025-06-05T02:16:25.529+0000] {dagbag.py:588} INFO - Filling up the DagBag from /opt/airflow/dags/Sesion5/producer_dag_dataset.py
[2025-06-05T02:16:25.544+0000] {processor.py:925} INFO - DAG(s) 'producer_dag_s5' retrieved from /opt/airflow/dags/Sesion5/producer_dag_dataset.py
[2025-06-05T02:16:25.565+0000] {logging_mixin.py:190} INFO - [2025-06-05T02:16:25.565+0000] {dag.py:3239} INFO - Sync 1 DAGs
[2025-06-05T02:16:25.609+0000] {logging_mixin.py:190} INFO - [2025-06-05T02:16:25.609+0000] {dag.py:4180} INFO - Setting next_dagrun for producer_dag_s5 to 2025-06-04 00:00:00+00:00, run_after=2025-06-05 00:00:00+00:00
[2025-06-05T02:16:25.667+0000] {processor.py:208} INFO - Processing /opt/airflow/dags/Sesion5/producer_dag_dataset.py took 0.151 seconds
[2025-06-05T02:16:56.746+0000] {processor.py:186} INFO - Started process (PID=2979) to work on /opt/airflow/dags/Sesion5/producer_dag_dataset.py
[2025-06-05T02:16:56.747+0000] {processor.py:914} INFO - Processing file /opt/airflow/dags/Sesion5/producer_dag_dataset.py for tasks to queue
[2025-06-05T02:16:56.749+0000] {logging_mixin.py:190} INFO - [2025-06-05T02:16:56.749+0000] {dagbag.py:588} INFO - Filling up the DagBag from /opt/airflow/dags/Sesion5/producer_dag_dataset.py
[2025-06-05T02:16:56.758+0000] {processor.py:925} INFO - DAG(s) 'producer_dag_s5' retrieved from /opt/airflow/dags/Sesion5/producer_dag_dataset.py
[2025-06-05T02:16:56.780+0000] {logging_mixin.py:190} INFO - [2025-06-05T02:16:56.780+0000] {dag.py:3239} INFO - Sync 1 DAGs
[2025-06-05T02:16:56.810+0000] {logging_mixin.py:190} INFO - [2025-06-05T02:16:56.809+0000] {dag.py:4180} INFO - Setting next_dagrun for producer_dag_s5 to 2025-06-04 00:00:00+00:00, run_after=2025-06-05 00:00:00+00:00
[2025-06-05T02:16:56.831+0000] {processor.py:208} INFO - Processing /opt/airflow/dags/Sesion5/producer_dag_dataset.py took 0.093 seconds
[2025-06-05T02:17:28.164+0000] {processor.py:186} INFO - Started process (PID=3094) to work on /opt/airflow/dags/Sesion5/producer_dag_dataset.py
[2025-06-05T02:17:28.165+0000] {processor.py:914} INFO - Processing file /opt/airflow/dags/Sesion5/producer_dag_dataset.py for tasks to queue
[2025-06-05T02:17:28.167+0000] {logging_mixin.py:190} INFO - [2025-06-05T02:17:28.166+0000] {dagbag.py:588} INFO - Filling up the DagBag from /opt/airflow/dags/Sesion5/producer_dag_dataset.py
[2025-06-05T02:17:28.176+0000] {processor.py:925} INFO - DAG(s) 'producer_dag_s5' retrieved from /opt/airflow/dags/Sesion5/producer_dag_dataset.py
[2025-06-05T02:17:28.197+0000] {logging_mixin.py:190} INFO - [2025-06-05T02:17:28.197+0000] {dag.py:3239} INFO - Sync 1 DAGs
[2025-06-05T02:17:28.228+0000] {logging_mixin.py:190} INFO - [2025-06-05T02:17:28.228+0000] {dag.py:4180} INFO - Setting next_dagrun for producer_dag_s5 to 2025-06-04 00:00:00+00:00, run_after=2025-06-05 00:00:00+00:00
[2025-06-05T02:17:28.253+0000] {processor.py:208} INFO - Processing /opt/airflow/dags/Sesion5/producer_dag_dataset.py took 0.096 seconds
[2025-06-05T02:17:59.382+0000] {processor.py:186} INFO - Started process (PID=3209) to work on /opt/airflow/dags/Sesion5/producer_dag_dataset.py
[2025-06-05T02:17:59.383+0000] {processor.py:914} INFO - Processing file /opt/airflow/dags/Sesion5/producer_dag_dataset.py for tasks to queue
[2025-06-05T02:17:59.385+0000] {logging_mixin.py:190} INFO - [2025-06-05T02:17:59.385+0000] {dagbag.py:588} INFO - Filling up the DagBag from /opt/airflow/dags/Sesion5/producer_dag_dataset.py
[2025-06-05T02:17:59.395+0000] {processor.py:925} INFO - DAG(s) 'producer_dag_s5' retrieved from /opt/airflow/dags/Sesion5/producer_dag_dataset.py
[2025-06-05T02:17:59.415+0000] {logging_mixin.py:190} INFO - [2025-06-05T02:17:59.415+0000] {dag.py:3239} INFO - Sync 1 DAGs
[2025-06-05T02:17:59.445+0000] {logging_mixin.py:190} INFO - [2025-06-05T02:17:59.445+0000] {dag.py:4180} INFO - Setting next_dagrun for producer_dag_s5 to 2025-06-04 00:00:00+00:00, run_after=2025-06-05 00:00:00+00:00
[2025-06-05T02:17:59.467+0000] {processor.py:208} INFO - Processing /opt/airflow/dags/Sesion5/producer_dag_dataset.py took 0.092 seconds
[2025-06-05T02:18:30.694+0000] {processor.py:186} INFO - Started process (PID=3324) to work on /opt/airflow/dags/Sesion5/producer_dag_dataset.py
[2025-06-05T02:18:30.695+0000] {processor.py:914} INFO - Processing file /opt/airflow/dags/Sesion5/producer_dag_dataset.py for tasks to queue
[2025-06-05T02:18:30.698+0000] {logging_mixin.py:190} INFO - [2025-06-05T02:18:30.697+0000] {dagbag.py:588} INFO - Filling up the DagBag from /opt/airflow/dags/Sesion5/producer_dag_dataset.py
[2025-06-05T02:18:30.708+0000] {processor.py:925} INFO - DAG(s) 'producer_dag_s5' retrieved from /opt/airflow/dags/Sesion5/producer_dag_dataset.py
[2025-06-05T02:18:30.729+0000] {logging_mixin.py:190} INFO - [2025-06-05T02:18:30.729+0000] {dag.py:3239} INFO - Sync 1 DAGs
[2025-06-05T02:18:30.761+0000] {logging_mixin.py:190} INFO - [2025-06-05T02:18:30.761+0000] {dag.py:4180} INFO - Setting next_dagrun for producer_dag_s5 to 2025-06-04 00:00:00+00:00, run_after=2025-06-05 00:00:00+00:00
[2025-06-05T02:18:30.786+0000] {processor.py:208} INFO - Processing /opt/airflow/dags/Sesion5/producer_dag_dataset.py took 0.100 seconds
[2025-06-05T02:19:01.835+0000] {processor.py:186} INFO - Started process (PID=3439) to work on /opt/airflow/dags/Sesion5/producer_dag_dataset.py
[2025-06-05T02:19:01.836+0000] {processor.py:914} INFO - Processing file /opt/airflow/dags/Sesion5/producer_dag_dataset.py for tasks to queue
[2025-06-05T02:19:01.838+0000] {logging_mixin.py:190} INFO - [2025-06-05T02:19:01.837+0000] {dagbag.py:588} INFO - Filling up the DagBag from /opt/airflow/dags/Sesion5/producer_dag_dataset.py
[2025-06-05T02:19:01.847+0000] {processor.py:925} INFO - DAG(s) 'producer_dag_s5' retrieved from /opt/airflow/dags/Sesion5/producer_dag_dataset.py
[2025-06-05T02:19:01.867+0000] {logging_mixin.py:190} INFO - [2025-06-05T02:19:01.867+0000] {dag.py:3239} INFO - Sync 1 DAGs
[2025-06-05T02:19:01.896+0000] {logging_mixin.py:190} INFO - [2025-06-05T02:19:01.896+0000] {dag.py:4180} INFO - Setting next_dagrun for producer_dag_s5 to 2025-06-04 00:00:00+00:00, run_after=2025-06-05 00:00:00+00:00
[2025-06-05T02:19:01.918+0000] {processor.py:208} INFO - Processing /opt/airflow/dags/Sesion5/producer_dag_dataset.py took 0.090 seconds
[2025-06-05T02:19:33.697+0000] {processor.py:186} INFO - Started process (PID=3554) to work on /opt/airflow/dags/Sesion5/producer_dag_dataset.py
[2025-06-05T02:19:33.698+0000] {processor.py:914} INFO - Processing file /opt/airflow/dags/Sesion5/producer_dag_dataset.py for tasks to queue
[2025-06-05T02:19:33.700+0000] {logging_mixin.py:190} INFO - [2025-06-05T02:19:33.700+0000] {dagbag.py:588} INFO - Filling up the DagBag from /opt/airflow/dags/Sesion5/producer_dag_dataset.py
[2025-06-05T02:19:33.711+0000] {processor.py:925} INFO - DAG(s) 'producer_dag_s5' retrieved from /opt/airflow/dags/Sesion5/producer_dag_dataset.py
[2025-06-05T02:19:33.732+0000] {logging_mixin.py:190} INFO - [2025-06-05T02:19:33.732+0000] {dag.py:3239} INFO - Sync 1 DAGs
[2025-06-05T02:19:33.765+0000] {logging_mixin.py:190} INFO - [2025-06-05T02:19:33.765+0000] {dag.py:4180} INFO - Setting next_dagrun for producer_dag_s5 to 2025-06-04 00:00:00+00:00, run_after=2025-06-05 00:00:00+00:00
[2025-06-05T02:19:33.959+0000] {processor.py:208} INFO - Processing /opt/airflow/dags/Sesion5/producer_dag_dataset.py took 0.269 seconds
[2025-06-05T02:20:04.403+0000] {processor.py:186} INFO - Started process (PID=3671) to work on /opt/airflow/dags/Sesion5/producer_dag_dataset.py
[2025-06-05T02:20:04.403+0000] {processor.py:914} INFO - Processing file /opt/airflow/dags/Sesion5/producer_dag_dataset.py for tasks to queue
[2025-06-05T02:20:04.406+0000] {logging_mixin.py:190} INFO - [2025-06-05T02:20:04.405+0000] {dagbag.py:588} INFO - Filling up the DagBag from /opt/airflow/dags/Sesion5/producer_dag_dataset.py
[2025-06-05T02:20:04.416+0000] {processor.py:925} INFO - DAG(s) 'producer_dag_s5' retrieved from /opt/airflow/dags/Sesion5/producer_dag_dataset.py
[2025-06-05T02:20:04.438+0000] {logging_mixin.py:190} INFO - [2025-06-05T02:20:04.438+0000] {dag.py:3239} INFO - Sync 1 DAGs
[2025-06-05T02:20:04.471+0000] {logging_mixin.py:190} INFO - [2025-06-05T02:20:04.471+0000] {dag.py:4180} INFO - Setting next_dagrun for producer_dag_s5 to 2025-06-04 00:00:00+00:00, run_after=2025-06-05 00:00:00+00:00
[2025-06-05T02:20:04.497+0000] {processor.py:208} INFO - Processing /opt/airflow/dags/Sesion5/producer_dag_dataset.py took 0.101 seconds
[2025-06-05T02:20:35.091+0000] {processor.py:186} INFO - Started process (PID=3783) to work on /opt/airflow/dags/Sesion5/producer_dag_dataset.py
[2025-06-05T02:20:35.092+0000] {processor.py:914} INFO - Processing file /opt/airflow/dags/Sesion5/producer_dag_dataset.py for tasks to queue
[2025-06-05T02:20:35.095+0000] {logging_mixin.py:190} INFO - [2025-06-05T02:20:35.094+0000] {dagbag.py:588} INFO - Filling up the DagBag from /opt/airflow/dags/Sesion5/producer_dag_dataset.py
[2025-06-05T02:20:35.105+0000] {processor.py:925} INFO - DAG(s) 'producer_dag_s5' retrieved from /opt/airflow/dags/Sesion5/producer_dag_dataset.py
[2025-06-05T02:20:35.133+0000] {logging_mixin.py:190} INFO - [2025-06-05T02:20:35.133+0000] {dag.py:3239} INFO - Sync 1 DAGs
[2025-06-05T02:20:35.167+0000] {logging_mixin.py:190} INFO - [2025-06-05T02:20:35.167+0000] {dag.py:4180} INFO - Setting next_dagrun for producer_dag_s5 to 2025-06-04 00:00:00+00:00, run_after=2025-06-05 00:00:00+00:00
[2025-06-05T02:20:35.192+0000] {processor.py:208} INFO - Processing /opt/airflow/dags/Sesion5/producer_dag_dataset.py took 0.108 seconds
[2025-06-05T02:21:06.370+0000] {processor.py:186} INFO - Started process (PID=3899) to work on /opt/airflow/dags/Sesion5/producer_dag_dataset.py
[2025-06-05T02:21:06.371+0000] {processor.py:914} INFO - Processing file /opt/airflow/dags/Sesion5/producer_dag_dataset.py for tasks to queue
[2025-06-05T02:21:06.373+0000] {logging_mixin.py:190} INFO - [2025-06-05T02:21:06.373+0000] {dagbag.py:588} INFO - Filling up the DagBag from /opt/airflow/dags/Sesion5/producer_dag_dataset.py
[2025-06-05T02:21:06.388+0000] {processor.py:925} INFO - DAG(s) 'producer_dag_s5' retrieved from /opt/airflow/dags/Sesion5/producer_dag_dataset.py
[2025-06-05T02:21:06.408+0000] {logging_mixin.py:190} INFO - [2025-06-05T02:21:06.408+0000] {dag.py:3239} INFO - Sync 1 DAGs
[2025-06-05T02:21:06.439+0000] {logging_mixin.py:190} INFO - [2025-06-05T02:21:06.439+0000] {dag.py:4180} INFO - Setting next_dagrun for producer_dag_s5 to 2025-06-04 00:00:00+00:00, run_after=2025-06-05 00:00:00+00:00
[2025-06-05T02:21:06.462+0000] {processor.py:208} INFO - Processing /opt/airflow/dags/Sesion5/producer_dag_dataset.py took 0.099 seconds
[2025-06-05T02:21:38.126+0000] {processor.py:186} INFO - Started process (PID=4008) to work on /opt/airflow/dags/Sesion5/producer_dag_dataset.py
[2025-06-05T02:21:38.127+0000] {processor.py:914} INFO - Processing file /opt/airflow/dags/Sesion5/producer_dag_dataset.py for tasks to queue
[2025-06-05T02:21:38.129+0000] {logging_mixin.py:190} INFO - [2025-06-05T02:21:38.129+0000] {dagbag.py:588} INFO - Filling up the DagBag from /opt/airflow/dags/Sesion5/producer_dag_dataset.py
[2025-06-05T02:21:38.139+0000] {processor.py:925} INFO - DAG(s) 'producer_dag_s5' retrieved from /opt/airflow/dags/Sesion5/producer_dag_dataset.py
[2025-06-05T02:21:38.159+0000] {logging_mixin.py:190} INFO - [2025-06-05T02:21:38.159+0000] {dag.py:3239} INFO - Sync 1 DAGs
[2025-06-05T02:21:38.192+0000] {logging_mixin.py:190} INFO - [2025-06-05T02:21:38.192+0000] {dag.py:4180} INFO - Setting next_dagrun for producer_dag_s5 to 2025-06-04 00:00:00+00:00, run_after=2025-06-05 00:00:00+00:00
[2025-06-05T02:21:38.419+0000] {processor.py:208} INFO - Processing /opt/airflow/dags/Sesion5/producer_dag_dataset.py took 0.300 seconds
[2025-06-05T02:22:09.514+0000] {processor.py:186} INFO - Started process (PID=4129) to work on /opt/airflow/dags/Sesion5/producer_dag_dataset.py
[2025-06-05T02:22:09.515+0000] {processor.py:914} INFO - Processing file /opt/airflow/dags/Sesion5/producer_dag_dataset.py for tasks to queue
[2025-06-05T02:22:09.517+0000] {logging_mixin.py:190} INFO - [2025-06-05T02:22:09.517+0000] {dagbag.py:588} INFO - Filling up the DagBag from /opt/airflow/dags/Sesion5/producer_dag_dataset.py
[2025-06-05T02:22:09.527+0000] {processor.py:925} INFO - DAG(s) 'producer_dag_s5' retrieved from /opt/airflow/dags/Sesion5/producer_dag_dataset.py
[2025-06-05T02:22:09.549+0000] {logging_mixin.py:190} INFO - [2025-06-05T02:22:09.549+0000] {dag.py:3239} INFO - Sync 1 DAGs
[2025-06-05T02:22:09.583+0000] {logging_mixin.py:190} INFO - [2025-06-05T02:22:09.582+0000] {dag.py:4180} INFO - Setting next_dagrun for producer_dag_s5 to 2025-06-04 00:00:00+00:00, run_after=2025-06-05 00:00:00+00:00
[2025-06-05T02:22:09.608+0000] {processor.py:208} INFO - Processing /opt/airflow/dags/Sesion5/producer_dag_dataset.py took 0.101 seconds
[2025-06-05T02:22:40.697+0000] {processor.py:186} INFO - Started process (PID=4244) to work on /opt/airflow/dags/Sesion5/producer_dag_dataset.py
[2025-06-05T02:22:40.698+0000] {processor.py:914} INFO - Processing file /opt/airflow/dags/Sesion5/producer_dag_dataset.py for tasks to queue
[2025-06-05T02:22:40.700+0000] {logging_mixin.py:190} INFO - [2025-06-05T02:22:40.700+0000] {dagbag.py:588} INFO - Filling up the DagBag from /opt/airflow/dags/Sesion5/producer_dag_dataset.py
[2025-06-05T02:22:40.710+0000] {processor.py:925} INFO - DAG(s) 'producer_dag_s5' retrieved from /opt/airflow/dags/Sesion5/producer_dag_dataset.py
[2025-06-05T02:22:40.731+0000] {logging_mixin.py:190} INFO - [2025-06-05T02:22:40.731+0000] {dag.py:3239} INFO - Sync 1 DAGs
[2025-06-05T02:22:40.762+0000] {logging_mixin.py:190} INFO - [2025-06-05T02:22:40.761+0000] {dag.py:4180} INFO - Setting next_dagrun for producer_dag_s5 to 2025-06-04 00:00:00+00:00, run_after=2025-06-05 00:00:00+00:00
[2025-06-05T02:22:40.784+0000] {processor.py:208} INFO - Processing /opt/airflow/dags/Sesion5/producer_dag_dataset.py took 0.095 seconds
[2025-06-05T02:23:11.790+0000] {processor.py:186} INFO - Started process (PID=4359) to work on /opt/airflow/dags/Sesion5/producer_dag_dataset.py
[2025-06-05T02:23:11.791+0000] {processor.py:914} INFO - Processing file /opt/airflow/dags/Sesion5/producer_dag_dataset.py for tasks to queue
[2025-06-05T02:23:11.793+0000] {logging_mixin.py:190} INFO - [2025-06-05T02:23:11.793+0000] {dagbag.py:588} INFO - Filling up the DagBag from /opt/airflow/dags/Sesion5/producer_dag_dataset.py
[2025-06-05T02:23:11.803+0000] {processor.py:925} INFO - DAG(s) 'producer_dag_s5' retrieved from /opt/airflow/dags/Sesion5/producer_dag_dataset.py
[2025-06-05T02:23:11.822+0000] {logging_mixin.py:190} INFO - [2025-06-05T02:23:11.821+0000] {dag.py:3239} INFO - Sync 1 DAGs
[2025-06-05T02:23:11.850+0000] {logging_mixin.py:190} INFO - [2025-06-05T02:23:11.850+0000] {dag.py:4180} INFO - Setting next_dagrun for producer_dag_s5 to 2025-06-04 00:00:00+00:00, run_after=2025-06-05 00:00:00+00:00
[2025-06-05T02:23:11.875+0000] {processor.py:208} INFO - Processing /opt/airflow/dags/Sesion5/producer_dag_dataset.py took 0.092 seconds
[2025-06-05T02:23:43.679+0000] {processor.py:186} INFO - Started process (PID=4474) to work on /opt/airflow/dags/Sesion5/producer_dag_dataset.py
[2025-06-05T02:23:43.680+0000] {processor.py:914} INFO - Processing file /opt/airflow/dags/Sesion5/producer_dag_dataset.py for tasks to queue
[2025-06-05T02:23:43.683+0000] {logging_mixin.py:190} INFO - [2025-06-05T02:23:43.682+0000] {dagbag.py:588} INFO - Filling up the DagBag from /opt/airflow/dags/Sesion5/producer_dag_dataset.py
[2025-06-05T02:23:43.693+0000] {processor.py:925} INFO - DAG(s) 'producer_dag_s5' retrieved from /opt/airflow/dags/Sesion5/producer_dag_dataset.py
[2025-06-05T02:23:43.715+0000] {logging_mixin.py:190} INFO - [2025-06-05T02:23:43.714+0000] {dag.py:3239} INFO - Sync 1 DAGs
[2025-06-05T02:23:43.746+0000] {logging_mixin.py:190} INFO - [2025-06-05T02:23:43.746+0000] {dag.py:4180} INFO - Setting next_dagrun for producer_dag_s5 to 2025-06-04 00:00:00+00:00, run_after=2025-06-05 00:00:00+00:00
[2025-06-05T02:23:43.969+0000] {processor.py:208} INFO - Processing /opt/airflow/dags/Sesion5/producer_dag_dataset.py took 0.297 seconds
[2025-06-05T02:24:15.013+0000] {processor.py:186} INFO - Started process (PID=4591) to work on /opt/airflow/dags/Sesion5/producer_dag_dataset.py
[2025-06-05T02:24:15.014+0000] {processor.py:914} INFO - Processing file /opt/airflow/dags/Sesion5/producer_dag_dataset.py for tasks to queue
[2025-06-05T02:24:15.016+0000] {logging_mixin.py:190} INFO - [2025-06-05T02:24:15.015+0000] {dagbag.py:588} INFO - Filling up the DagBag from /opt/airflow/dags/Sesion5/producer_dag_dataset.py
[2025-06-05T02:24:15.023+0000] {processor.py:925} INFO - DAG(s) 'producer_dag_s5' retrieved from /opt/airflow/dags/Sesion5/producer_dag_dataset.py
[2025-06-05T02:24:15.038+0000] {logging_mixin.py:190} INFO - [2025-06-05T02:24:15.038+0000] {dag.py:3239} INFO - Sync 1 DAGs
[2025-06-05T02:24:15.063+0000] {logging_mixin.py:190} INFO - [2025-06-05T02:24:15.063+0000] {dag.py:4180} INFO - Setting next_dagrun for producer_dag_s5 to 2025-06-04 00:00:00+00:00, run_after=2025-06-05 00:00:00+00:00
[2025-06-05T02:24:15.085+0000] {processor.py:208} INFO - Processing /opt/airflow/dags/Sesion5/producer_dag_dataset.py took 0.078 seconds
[2025-06-05T02:24:46.054+0000] {processor.py:186} INFO - Started process (PID=4704) to work on /opt/airflow/dags/Sesion5/producer_dag_dataset.py
[2025-06-05T02:24:46.056+0000] {processor.py:914} INFO - Processing file /opt/airflow/dags/Sesion5/producer_dag_dataset.py for tasks to queue
[2025-06-05T02:24:46.058+0000] {logging_mixin.py:190} INFO - [2025-06-05T02:24:46.058+0000] {dagbag.py:588} INFO - Filling up the DagBag from /opt/airflow/dags/Sesion5/producer_dag_dataset.py
[2025-06-05T02:24:46.069+0000] {processor.py:925} INFO - DAG(s) 'producer_dag_s5' retrieved from /opt/airflow/dags/Sesion5/producer_dag_dataset.py
[2025-06-05T02:24:46.091+0000] {logging_mixin.py:190} INFO - [2025-06-05T02:24:46.091+0000] {dag.py:3239} INFO - Sync 1 DAGs
[2025-06-05T02:24:46.124+0000] {logging_mixin.py:190} INFO - [2025-06-05T02:24:46.124+0000] {dag.py:4180} INFO - Setting next_dagrun for producer_dag_s5 to 2025-06-04 00:00:00+00:00, run_after=2025-06-05 00:00:00+00:00
[2025-06-05T02:24:46.148+0000] {processor.py:208} INFO - Processing /opt/airflow/dags/Sesion5/producer_dag_dataset.py took 0.108 seconds
[2025-06-05T02:25:17.452+0000] {processor.py:186} INFO - Started process (PID=4834) to work on /opt/airflow/dags/Sesion5/producer_dag_dataset.py
[2025-06-05T02:25:17.453+0000] {processor.py:914} INFO - Processing file /opt/airflow/dags/Sesion5/producer_dag_dataset.py for tasks to queue
[2025-06-05T02:25:17.455+0000] {logging_mixin.py:190} INFO - [2025-06-05T02:25:17.455+0000] {dagbag.py:588} INFO - Filling up the DagBag from /opt/airflow/dags/Sesion5/producer_dag_dataset.py
[2025-06-05T02:25:17.465+0000] {processor.py:925} INFO - DAG(s) 'producer_dag_s5' retrieved from /opt/airflow/dags/Sesion5/producer_dag_dataset.py
[2025-06-05T02:25:17.486+0000] {logging_mixin.py:190} INFO - [2025-06-05T02:25:17.486+0000] {dag.py:3239} INFO - Sync 1 DAGs
[2025-06-05T02:25:17.525+0000] {logging_mixin.py:190} INFO - [2025-06-05T02:25:17.525+0000] {dag.py:4180} INFO - Setting next_dagrun for producer_dag_s5 to 2025-06-04 00:00:00+00:00, run_after=2025-06-05 00:00:00+00:00
[2025-06-05T02:25:17.556+0000] {processor.py:208} INFO - Processing /opt/airflow/dags/Sesion5/producer_dag_dataset.py took 0.111 seconds
[2025-06-05T02:25:49.343+0000] {processor.py:186} INFO - Started process (PID=4949) to work on /opt/airflow/dags/Sesion5/producer_dag_dataset.py
[2025-06-05T02:25:49.344+0000] {processor.py:914} INFO - Processing file /opt/airflow/dags/Sesion5/producer_dag_dataset.py for tasks to queue
[2025-06-05T02:25:49.346+0000] {logging_mixin.py:190} INFO - [2025-06-05T02:25:49.346+0000] {dagbag.py:588} INFO - Filling up the DagBag from /opt/airflow/dags/Sesion5/producer_dag_dataset.py
[2025-06-05T02:25:49.356+0000] {processor.py:925} INFO - DAG(s) 'producer_dag_s5' retrieved from /opt/airflow/dags/Sesion5/producer_dag_dataset.py
[2025-06-05T02:25:49.377+0000] {logging_mixin.py:190} INFO - [2025-06-05T02:25:49.376+0000] {dag.py:3239} INFO - Sync 1 DAGs
[2025-06-05T02:25:49.405+0000] {logging_mixin.py:190} INFO - [2025-06-05T02:25:49.405+0000] {dag.py:4180} INFO - Setting next_dagrun for producer_dag_s5 to 2025-06-04 00:00:00+00:00, run_after=2025-06-05 00:00:00+00:00
[2025-06-05T02:25:49.598+0000] {processor.py:208} INFO - Processing /opt/airflow/dags/Sesion5/producer_dag_dataset.py took 0.262 seconds
[2025-06-05T02:26:20.741+0000] {processor.py:186} INFO - Started process (PID=5064) to work on /opt/airflow/dags/Sesion5/producer_dag_dataset.py
[2025-06-05T02:26:20.742+0000] {processor.py:914} INFO - Processing file /opt/airflow/dags/Sesion5/producer_dag_dataset.py for tasks to queue
[2025-06-05T02:26:20.744+0000] {logging_mixin.py:190} INFO - [2025-06-05T02:26:20.744+0000] {dagbag.py:588} INFO - Filling up the DagBag from /opt/airflow/dags/Sesion5/producer_dag_dataset.py
[2025-06-05T02:26:20.754+0000] {processor.py:925} INFO - DAG(s) 'producer_dag_s5' retrieved from /opt/airflow/dags/Sesion5/producer_dag_dataset.py
[2025-06-05T02:26:20.780+0000] {logging_mixin.py:190} INFO - [2025-06-05T02:26:20.778+0000] {dag.py:3239} INFO - Sync 1 DAGs
[2025-06-05T02:26:21.027+0000] {logging_mixin.py:190} INFO - [2025-06-05T02:26:21.026+0000] {dag.py:4180} INFO - Setting next_dagrun for producer_dag_s5 to 2025-06-04 00:00:00+00:00, run_after=2025-06-05 00:00:00+00:00
[2025-06-05T02:26:21.076+0000] {processor.py:208} INFO - Processing /opt/airflow/dags/Sesion5/producer_dag_dataset.py took 0.342 seconds
[2025-06-05T02:26:51.372+0000] {processor.py:186} INFO - Started process (PID=5179) to work on /opt/airflow/dags/Sesion5/producer_dag_dataset.py
[2025-06-05T02:26:51.373+0000] {processor.py:914} INFO - Processing file /opt/airflow/dags/Sesion5/producer_dag_dataset.py for tasks to queue
[2025-06-05T02:26:51.375+0000] {logging_mixin.py:190} INFO - [2025-06-05T02:26:51.375+0000] {dagbag.py:588} INFO - Filling up the DagBag from /opt/airflow/dags/Sesion5/producer_dag_dataset.py
[2025-06-05T02:26:51.385+0000] {processor.py:925} INFO - DAG(s) 'producer_dag_s5' retrieved from /opt/airflow/dags/Sesion5/producer_dag_dataset.py
[2025-06-05T02:26:51.406+0000] {logging_mixin.py:190} INFO - [2025-06-05T02:26:51.406+0000] {dag.py:3239} INFO - Sync 1 DAGs
[2025-06-05T02:26:51.439+0000] {logging_mixin.py:190} INFO - [2025-06-05T02:26:51.439+0000] {dag.py:4180} INFO - Setting next_dagrun for producer_dag_s5 to 2025-06-04 00:00:00+00:00, run_after=2025-06-05 00:00:00+00:00
[2025-06-05T02:26:51.465+0000] {processor.py:208} INFO - Processing /opt/airflow/dags/Sesion5/producer_dag_dataset.py took 0.102 seconds
[2025-06-05T02:27:22.375+0000] {processor.py:186} INFO - Started process (PID=5294) to work on /opt/airflow/dags/Sesion5/producer_dag_dataset.py
[2025-06-05T02:27:22.376+0000] {processor.py:914} INFO - Processing file /opt/airflow/dags/Sesion5/producer_dag_dataset.py for tasks to queue
[2025-06-05T02:27:22.379+0000] {logging_mixin.py:190} INFO - [2025-06-05T02:27:22.379+0000] {dagbag.py:588} INFO - Filling up the DagBag from /opt/airflow/dags/Sesion5/producer_dag_dataset.py
[2025-06-05T02:27:22.390+0000] {processor.py:925} INFO - DAG(s) 'producer_dag_s5' retrieved from /opt/airflow/dags/Sesion5/producer_dag_dataset.py
[2025-06-05T02:27:22.412+0000] {logging_mixin.py:190} INFO - [2025-06-05T02:27:22.412+0000] {dag.py:3239} INFO - Sync 1 DAGs
[2025-06-05T02:27:22.446+0000] {logging_mixin.py:190} INFO - [2025-06-05T02:27:22.446+0000] {dag.py:4180} INFO - Setting next_dagrun for producer_dag_s5 to 2025-06-04 00:00:00+00:00, run_after=2025-06-05 00:00:00+00:00
[2025-06-05T02:27:22.471+0000] {processor.py:208} INFO - Processing /opt/airflow/dags/Sesion5/producer_dag_dataset.py took 0.103 seconds
[2025-06-05T02:27:54.108+0000] {processor.py:186} INFO - Started process (PID=5409) to work on /opt/airflow/dags/Sesion5/producer_dag_dataset.py
[2025-06-05T02:27:54.109+0000] {processor.py:914} INFO - Processing file /opt/airflow/dags/Sesion5/producer_dag_dataset.py for tasks to queue
[2025-06-05T02:27:54.111+0000] {logging_mixin.py:190} INFO - [2025-06-05T02:27:54.111+0000] {dagbag.py:588} INFO - Filling up the DagBag from /opt/airflow/dags/Sesion5/producer_dag_dataset.py
[2025-06-05T02:27:54.121+0000] {processor.py:925} INFO - DAG(s) 'producer_dag_s5' retrieved from /opt/airflow/dags/Sesion5/producer_dag_dataset.py
[2025-06-05T02:27:54.191+0000] {logging_mixin.py:190} INFO - [2025-06-05T02:27:54.190+0000] {dag.py:3239} INFO - Sync 1 DAGs
[2025-06-05T02:27:54.274+0000] {logging_mixin.py:190} INFO - [2025-06-05T02:27:54.271+0000] {dag.py:4180} INFO - Setting next_dagrun for producer_dag_s5 to 2025-06-04 00:00:00+00:00, run_after=2025-06-05 00:00:00+00:00
[2025-06-05T02:27:54.592+0000] {processor.py:208} INFO - Processing /opt/airflow/dags/Sesion5/producer_dag_dataset.py took 0.492 seconds
[2025-06-05T02:28:25.945+0000] {processor.py:186} INFO - Started process (PID=5524) to work on /opt/airflow/dags/Sesion5/producer_dag_dataset.py
[2025-06-05T02:28:25.946+0000] {processor.py:914} INFO - Processing file /opt/airflow/dags/Sesion5/producer_dag_dataset.py for tasks to queue
[2025-06-05T02:28:25.949+0000] {logging_mixin.py:190} INFO - [2025-06-05T02:28:25.949+0000] {dagbag.py:588} INFO - Filling up the DagBag from /opt/airflow/dags/Sesion5/producer_dag_dataset.py
[2025-06-05T02:28:25.959+0000] {processor.py:925} INFO - DAG(s) 'producer_dag_s5' retrieved from /opt/airflow/dags/Sesion5/producer_dag_dataset.py
[2025-06-05T02:28:25.980+0000] {logging_mixin.py:190} INFO - [2025-06-05T02:28:25.979+0000] {dag.py:3239} INFO - Sync 1 DAGs
[2025-06-05T02:28:26.178+0000] {logging_mixin.py:190} INFO - [2025-06-05T02:28:26.177+0000] {dag.py:4180} INFO - Setting next_dagrun for producer_dag_s5 to 2025-06-04 00:00:00+00:00, run_after=2025-06-05 00:00:00+00:00
[2025-06-05T02:28:26.210+0000] {processor.py:208} INFO - Processing /opt/airflow/dags/Sesion5/producer_dag_dataset.py took 0.271 seconds
[2025-06-05T02:28:56.948+0000] {processor.py:186} INFO - Started process (PID=5639) to work on /opt/airflow/dags/Sesion5/producer_dag_dataset.py
[2025-06-05T02:28:56.949+0000] {processor.py:914} INFO - Processing file /opt/airflow/dags/Sesion5/producer_dag_dataset.py for tasks to queue
[2025-06-05T02:28:56.951+0000] {logging_mixin.py:190} INFO - [2025-06-05T02:28:56.951+0000] {dagbag.py:588} INFO - Filling up the DagBag from /opt/airflow/dags/Sesion5/producer_dag_dataset.py
[2025-06-05T02:28:56.961+0000] {processor.py:925} INFO - DAG(s) 'producer_dag_s5' retrieved from /opt/airflow/dags/Sesion5/producer_dag_dataset.py
[2025-06-05T02:28:56.982+0000] {logging_mixin.py:190} INFO - [2025-06-05T02:28:56.982+0000] {dag.py:3239} INFO - Sync 1 DAGs
[2025-06-05T02:28:57.017+0000] {logging_mixin.py:190} INFO - [2025-06-05T02:28:57.016+0000] {dag.py:4180} INFO - Setting next_dagrun for producer_dag_s5 to 2025-06-04 00:00:00+00:00, run_after=2025-06-05 00:00:00+00:00
[2025-06-05T02:28:57.051+0000] {processor.py:208} INFO - Processing /opt/airflow/dags/Sesion5/producer_dag_dataset.py took 0.110 seconds
[2025-06-05T02:29:28.250+0000] {processor.py:186} INFO - Started process (PID=5754) to work on /opt/airflow/dags/Sesion5/producer_dag_dataset.py
[2025-06-05T02:29:28.251+0000] {processor.py:914} INFO - Processing file /opt/airflow/dags/Sesion5/producer_dag_dataset.py for tasks to queue
[2025-06-05T02:29:28.254+0000] {logging_mixin.py:190} INFO - [2025-06-05T02:29:28.253+0000] {dagbag.py:588} INFO - Filling up the DagBag from /opt/airflow/dags/Sesion5/producer_dag_dataset.py
[2025-06-05T02:29:28.264+0000] {processor.py:925} INFO - DAG(s) 'producer_dag_s5' retrieved from /opt/airflow/dags/Sesion5/producer_dag_dataset.py
[2025-06-05T02:29:28.285+0000] {logging_mixin.py:190} INFO - [2025-06-05T02:29:28.285+0000] {dag.py:3239} INFO - Sync 1 DAGs
[2025-06-05T02:29:28.318+0000] {logging_mixin.py:190} INFO - [2025-06-05T02:29:28.318+0000] {dag.py:4180} INFO - Setting next_dagrun for producer_dag_s5 to 2025-06-04 00:00:00+00:00, run_after=2025-06-05 00:00:00+00:00
[2025-06-05T02:29:28.342+0000] {processor.py:208} INFO - Processing /opt/airflow/dags/Sesion5/producer_dag_dataset.py took 0.100 seconds
[2025-06-05T02:30:00.230+0000] {processor.py:186} INFO - Started process (PID=5869) to work on /opt/airflow/dags/Sesion5/producer_dag_dataset.py
[2025-06-05T02:30:00.231+0000] {processor.py:914} INFO - Processing file /opt/airflow/dags/Sesion5/producer_dag_dataset.py for tasks to queue
[2025-06-05T02:30:00.234+0000] {logging_mixin.py:190} INFO - [2025-06-05T02:30:00.233+0000] {dagbag.py:588} INFO - Filling up the DagBag from /opt/airflow/dags/Sesion5/producer_dag_dataset.py
[2025-06-05T02:30:00.246+0000] {processor.py:925} INFO - DAG(s) 'producer_dag_s5' retrieved from /opt/airflow/dags/Sesion5/producer_dag_dataset.py
[2025-06-05T02:30:00.268+0000] {logging_mixin.py:190} INFO - [2025-06-05T02:30:00.268+0000] {dag.py:3239} INFO - Sync 1 DAGs
[2025-06-05T02:30:00.303+0000] {logging_mixin.py:190} INFO - [2025-06-05T02:30:00.303+0000] {dag.py:4180} INFO - Setting next_dagrun for producer_dag_s5 to 2025-06-04 00:00:00+00:00, run_after=2025-06-05 00:00:00+00:00
[2025-06-05T02:30:00.543+0000] {processor.py:208} INFO - Processing /opt/airflow/dags/Sesion5/producer_dag_dataset.py took 0.324 seconds
[2025-06-05T02:30:31.131+0000] {processor.py:186} INFO - Started process (PID=5984) to work on /opt/airflow/dags/Sesion5/producer_dag_dataset.py
[2025-06-05T02:30:31.132+0000] {processor.py:914} INFO - Processing file /opt/airflow/dags/Sesion5/producer_dag_dataset.py for tasks to queue
[2025-06-05T02:30:31.134+0000] {logging_mixin.py:190} INFO - [2025-06-05T02:30:31.134+0000] {dagbag.py:588} INFO - Filling up the DagBag from /opt/airflow/dags/Sesion5/producer_dag_dataset.py
[2025-06-05T02:30:31.144+0000] {processor.py:925} INFO - DAG(s) 'producer_dag_s5' retrieved from /opt/airflow/dags/Sesion5/producer_dag_dataset.py
[2025-06-05T02:30:31.163+0000] {logging_mixin.py:190} INFO - [2025-06-05T02:30:31.163+0000] {dag.py:3239} INFO - Sync 1 DAGs
[2025-06-05T02:30:31.370+0000] {logging_mixin.py:190} INFO - [2025-06-05T02:30:31.370+0000] {dag.py:4180} INFO - Setting next_dagrun for producer_dag_s5 to 2025-06-04 00:00:00+00:00, run_after=2025-06-05 00:00:00+00:00
[2025-06-05T02:30:31.391+0000] {processor.py:208} INFO - Processing /opt/airflow/dags/Sesion5/producer_dag_dataset.py took 0.273 seconds
[2025-06-05T02:31:01.732+0000] {processor.py:186} INFO - Started process (PID=6101) to work on /opt/airflow/dags/Sesion5/producer_dag_dataset.py
[2025-06-05T02:31:01.733+0000] {processor.py:914} INFO - Processing file /opt/airflow/dags/Sesion5/producer_dag_dataset.py for tasks to queue
[2025-06-05T02:31:01.735+0000] {logging_mixin.py:190} INFO - [2025-06-05T02:31:01.735+0000] {dagbag.py:588} INFO - Filling up the DagBag from /opt/airflow/dags/Sesion5/producer_dag_dataset.py
[2025-06-05T02:31:01.745+0000] {processor.py:925} INFO - DAG(s) 'producer_dag_s5' retrieved from /opt/airflow/dags/Sesion5/producer_dag_dataset.py
[2025-06-05T02:31:01.768+0000] {logging_mixin.py:190} INFO - [2025-06-05T02:31:01.767+0000] {dag.py:3239} INFO - Sync 1 DAGs
[2025-06-05T02:31:01.801+0000] {logging_mixin.py:190} INFO - [2025-06-05T02:31:01.801+0000] {dag.py:4180} INFO - Setting next_dagrun for producer_dag_s5 to 2025-06-04 00:00:00+00:00, run_after=2025-06-05 00:00:00+00:00
[2025-06-05T02:31:01.825+0000] {processor.py:208} INFO - Processing /opt/airflow/dags/Sesion5/producer_dag_dataset.py took 0.100 seconds
[2025-06-05T02:31:32.452+0000] {processor.py:186} INFO - Started process (PID=6214) to work on /opt/airflow/dags/Sesion5/producer_dag_dataset.py
[2025-06-05T02:31:32.453+0000] {processor.py:914} INFO - Processing file /opt/airflow/dags/Sesion5/producer_dag_dataset.py for tasks to queue
[2025-06-05T02:31:32.455+0000] {logging_mixin.py:190} INFO - [2025-06-05T02:31:32.455+0000] {dagbag.py:588} INFO - Filling up the DagBag from /opt/airflow/dags/Sesion5/producer_dag_dataset.py
[2025-06-05T02:31:32.465+0000] {processor.py:925} INFO - DAG(s) 'producer_dag_s5' retrieved from /opt/airflow/dags/Sesion5/producer_dag_dataset.py
[2025-06-05T02:31:32.485+0000] {logging_mixin.py:190} INFO - [2025-06-05T02:31:32.485+0000] {dag.py:3239} INFO - Sync 1 DAGs
[2025-06-05T02:31:32.516+0000] {logging_mixin.py:190} INFO - [2025-06-05T02:31:32.516+0000] {dag.py:4180} INFO - Setting next_dagrun for producer_dag_s5 to 2025-06-04 00:00:00+00:00, run_after=2025-06-05 00:00:00+00:00
[2025-06-05T02:31:32.539+0000] {processor.py:208} INFO - Processing /opt/airflow/dags/Sesion5/producer_dag_dataset.py took 0.093 seconds
[2025-06-05T02:32:04.318+0000] {processor.py:186} INFO - Started process (PID=6329) to work on /opt/airflow/dags/Sesion5/producer_dag_dataset.py
[2025-06-05T02:32:04.323+0000] {processor.py:914} INFO - Processing file /opt/airflow/dags/Sesion5/producer_dag_dataset.py for tasks to queue
[2025-06-05T02:32:04.329+0000] {logging_mixin.py:190} INFO - [2025-06-05T02:32:04.329+0000] {dagbag.py:588} INFO - Filling up the DagBag from /opt/airflow/dags/Sesion5/producer_dag_dataset.py
[2025-06-05T02:32:04.351+0000] {processor.py:925} INFO - DAG(s) 'producer_dag_s5' retrieved from /opt/airflow/dags/Sesion5/producer_dag_dataset.py
[2025-06-05T02:32:04.380+0000] {logging_mixin.py:190} INFO - [2025-06-05T02:32:04.380+0000] {dag.py:3239} INFO - Sync 1 DAGs
[2025-06-05T02:32:04.439+0000] {logging_mixin.py:190} INFO - [2025-06-05T02:32:04.438+0000] {dag.py:4180} INFO - Setting next_dagrun for producer_dag_s5 to 2025-06-04 00:00:00+00:00, run_after=2025-06-05 00:00:00+00:00
[2025-06-05T02:32:04.752+0000] {processor.py:208} INFO - Processing /opt/airflow/dags/Sesion5/producer_dag_dataset.py took 0.464 seconds
[2025-06-05T02:32:35.246+0000] {processor.py:186} INFO - Started process (PID=6444) to work on /opt/airflow/dags/Sesion5/producer_dag_dataset.py
[2025-06-05T02:32:35.250+0000] {processor.py:914} INFO - Processing file /opt/airflow/dags/Sesion5/producer_dag_dataset.py for tasks to queue
[2025-06-05T02:32:35.255+0000] {logging_mixin.py:190} INFO - [2025-06-05T02:32:35.254+0000] {dagbag.py:588} INFO - Filling up the DagBag from /opt/airflow/dags/Sesion5/producer_dag_dataset.py
[2025-06-05T02:32:35.277+0000] {processor.py:925} INFO - DAG(s) 'producer_dag_s5' retrieved from /opt/airflow/dags/Sesion5/producer_dag_dataset.py
[2025-06-05T02:32:35.314+0000] {logging_mixin.py:190} INFO - [2025-06-05T02:32:35.314+0000] {dag.py:3239} INFO - Sync 1 DAGs
[2025-06-05T02:32:35.592+0000] {logging_mixin.py:190} INFO - [2025-06-05T02:32:35.592+0000] {dag.py:4180} INFO - Setting next_dagrun for producer_dag_s5 to 2025-06-04 00:00:00+00:00, run_after=2025-06-05 00:00:00+00:00
[2025-06-05T02:32:35.618+0000] {processor.py:208} INFO - Processing /opt/airflow/dags/Sesion5/producer_dag_dataset.py took 0.386 seconds
[2025-06-05T02:33:05.877+0000] {processor.py:186} INFO - Started process (PID=6558) to work on /opt/airflow/dags/Sesion5/producer_dag_dataset.py
[2025-06-05T02:33:05.878+0000] {processor.py:914} INFO - Processing file /opt/airflow/dags/Sesion5/producer_dag_dataset.py for tasks to queue
[2025-06-05T02:33:05.881+0000] {logging_mixin.py:190} INFO - [2025-06-05T02:33:05.881+0000] {dagbag.py:588} INFO - Filling up the DagBag from /opt/airflow/dags/Sesion5/producer_dag_dataset.py
[2025-06-05T02:33:05.891+0000] {processor.py:925} INFO - DAG(s) 'producer_dag_s5' retrieved from /opt/airflow/dags/Sesion5/producer_dag_dataset.py
[2025-06-05T02:33:06.257+0000] {logging_mixin.py:190} INFO - [2025-06-05T02:33:06.256+0000] {dag.py:3239} INFO - Sync 1 DAGs
[2025-06-05T02:33:06.287+0000] {logging_mixin.py:190} INFO - [2025-06-05T02:33:06.287+0000] {dag.py:4180} INFO - Setting next_dagrun for producer_dag_s5 to 2025-06-04 00:00:00+00:00, run_after=2025-06-05 00:00:00+00:00
[2025-06-05T02:33:06.310+0000] {processor.py:208} INFO - Processing /opt/airflow/dags/Sesion5/producer_dag_dataset.py took 0.441 seconds
[2025-06-05T02:33:36.610+0000] {processor.py:186} INFO - Started process (PID=6668) to work on /opt/airflow/dags/Sesion5/producer_dag_dataset.py
[2025-06-05T02:33:36.610+0000] {processor.py:914} INFO - Processing file /opt/airflow/dags/Sesion5/producer_dag_dataset.py for tasks to queue
[2025-06-05T02:33:36.613+0000] {logging_mixin.py:190} INFO - [2025-06-05T02:33:36.612+0000] {dagbag.py:588} INFO - Filling up the DagBag from /opt/airflow/dags/Sesion5/producer_dag_dataset.py
[2025-06-05T02:33:36.623+0000] {processor.py:925} INFO - DAG(s) 'producer_dag_s5' retrieved from /opt/airflow/dags/Sesion5/producer_dag_dataset.py
[2025-06-05T02:33:36.643+0000] {logging_mixin.py:190} INFO - [2025-06-05T02:33:36.642+0000] {dag.py:3239} INFO - Sync 1 DAGs
[2025-06-05T02:33:36.714+0000] {logging_mixin.py:190} INFO - [2025-06-05T02:33:36.713+0000] {dag.py:4180} INFO - Setting next_dagrun for producer_dag_s5 to 2025-06-04 00:00:00+00:00, run_after=2025-06-05 00:00:00+00:00
[2025-06-05T02:33:36.778+0000] {processor.py:208} INFO - Processing /opt/airflow/dags/Sesion5/producer_dag_dataset.py took 0.176 seconds
[2025-06-05T02:34:07.471+0000] {processor.py:186} INFO - Started process (PID=6785) to work on /opt/airflow/dags/Sesion5/producer_dag_dataset.py
[2025-06-05T02:34:07.472+0000] {processor.py:914} INFO - Processing file /opt/airflow/dags/Sesion5/producer_dag_dataset.py for tasks to queue
[2025-06-05T02:34:07.475+0000] {logging_mixin.py:190} INFO - [2025-06-05T02:34:07.474+0000] {dagbag.py:588} INFO - Filling up the DagBag from /opt/airflow/dags/Sesion5/producer_dag_dataset.py
[2025-06-05T02:34:07.484+0000] {processor.py:925} INFO - DAG(s) 'producer_dag_s5' retrieved from /opt/airflow/dags/Sesion5/producer_dag_dataset.py
[2025-06-05T02:34:07.509+0000] {logging_mixin.py:190} INFO - [2025-06-05T02:34:07.508+0000] {dag.py:3239} INFO - Sync 1 DAGs
[2025-06-05T02:34:07.552+0000] {logging_mixin.py:190} INFO - [2025-06-05T02:34:07.551+0000] {dag.py:4180} INFO - Setting next_dagrun for producer_dag_s5 to 2025-06-04 00:00:00+00:00, run_after=2025-06-05 00:00:00+00:00
[2025-06-05T02:34:07.619+0000] {processor.py:208} INFO - Processing /opt/airflow/dags/Sesion5/producer_dag_dataset.py took 0.155 seconds
[2025-06-05T05:21:08.933+0000] {processor.py:186} INFO - Started process (PID=239) to work on /opt/airflow/dags/Sesion5/producer_dag_dataset.py
[2025-06-05T05:21:08.944+0000] {processor.py:914} INFO - Processing file /opt/airflow/dags/Sesion5/producer_dag_dataset.py for tasks to queue
[2025-06-05T05:21:08.947+0000] {logging_mixin.py:190} INFO - [2025-06-05T05:21:08.947+0000] {dagbag.py:588} INFO - Filling up the DagBag from /opt/airflow/dags/Sesion5/producer_dag_dataset.py
[2025-06-05T05:21:08.967+0000] {processor.py:925} INFO - DAG(s) 'producer_dag_s5' retrieved from /opt/airflow/dags/Sesion5/producer_dag_dataset.py
[2025-06-05T05:21:09.038+0000] {logging_mixin.py:190} INFO - [2025-06-05T05:21:09.036+0000] {dag.py:3239} INFO - Sync 1 DAGs
[2025-06-05T05:21:09.188+0000] {logging_mixin.py:190} INFO - [2025-06-05T05:21:09.186+0000] {dag.py:4180} INFO - Setting next_dagrun for producer_dag_s5 to 2025-06-04 00:00:00+00:00, run_after=2025-06-05 00:00:00+00:00
[2025-06-05T05:21:09.279+0000] {processor.py:208} INFO - Processing /opt/airflow/dags/Sesion5/producer_dag_dataset.py took 0.388 seconds
[2025-06-05T05:21:39.733+0000] {processor.py:186} INFO - Started process (PID=356) to work on /opt/airflow/dags/Sesion5/producer_dag_dataset.py
[2025-06-05T05:21:39.733+0000] {processor.py:914} INFO - Processing file /opt/airflow/dags/Sesion5/producer_dag_dataset.py for tasks to queue
[2025-06-05T05:21:39.736+0000] {logging_mixin.py:190} INFO - [2025-06-05T05:21:39.736+0000] {dagbag.py:588} INFO - Filling up the DagBag from /opt/airflow/dags/Sesion5/producer_dag_dataset.py
[2025-06-05T05:21:39.746+0000] {processor.py:925} INFO - DAG(s) 'producer_dag_s5' retrieved from /opt/airflow/dags/Sesion5/producer_dag_dataset.py
[2025-06-05T05:21:39.764+0000] {logging_mixin.py:190} INFO - [2025-06-05T05:21:39.764+0000] {dag.py:3239} INFO - Sync 1 DAGs
[2025-06-05T05:21:39.793+0000] {logging_mixin.py:190} INFO - [2025-06-05T05:21:39.793+0000] {dag.py:4180} INFO - Setting next_dagrun for producer_dag_s5 to 2025-06-04 00:00:00+00:00, run_after=2025-06-05 00:00:00+00:00
[2025-06-05T05:21:39.828+0000] {processor.py:208} INFO - Processing /opt/airflow/dags/Sesion5/producer_dag_dataset.py took 0.108 seconds
[2025-06-05T05:22:10.078+0000] {processor.py:186} INFO - Started process (PID=469) to work on /opt/airflow/dags/Sesion5/producer_dag_dataset.py
[2025-06-05T05:22:10.079+0000] {processor.py:914} INFO - Processing file /opt/airflow/dags/Sesion5/producer_dag_dataset.py for tasks to queue
[2025-06-05T05:22:10.082+0000] {logging_mixin.py:190} INFO - [2025-06-05T05:22:10.081+0000] {dagbag.py:588} INFO - Filling up the DagBag from /opt/airflow/dags/Sesion5/producer_dag_dataset.py
[2025-06-05T05:22:10.093+0000] {processor.py:925} INFO - DAG(s) 'producer_dag_s5' retrieved from /opt/airflow/dags/Sesion5/producer_dag_dataset.py
[2025-06-05T05:22:10.137+0000] {logging_mixin.py:190} INFO - [2025-06-05T05:22:10.136+0000] {dag.py:3239} INFO - Sync 1 DAGs
[2025-06-05T05:22:10.195+0000] {logging_mixin.py:190} INFO - [2025-06-05T05:22:10.195+0000] {dag.py:4180} INFO - Setting next_dagrun for producer_dag_s5 to 2025-06-04 00:00:00+00:00, run_after=2025-06-05 00:00:00+00:00
[2025-06-05T05:22:10.240+0000] {processor.py:208} INFO - Processing /opt/airflow/dags/Sesion5/producer_dag_dataset.py took 0.183 seconds
[2025-06-05T05:22:41.343+0000] {processor.py:186} INFO - Started process (PID=584) to work on /opt/airflow/dags/Sesion5/producer_dag_dataset.py
[2025-06-05T05:22:41.344+0000] {processor.py:914} INFO - Processing file /opt/airflow/dags/Sesion5/producer_dag_dataset.py for tasks to queue
[2025-06-05T05:22:41.346+0000] {logging_mixin.py:190} INFO - [2025-06-05T05:22:41.346+0000] {dagbag.py:588} INFO - Filling up the DagBag from /opt/airflow/dags/Sesion5/producer_dag_dataset.py
[2025-06-05T05:22:41.356+0000] {processor.py:925} INFO - DAG(s) 'producer_dag_s5' retrieved from /opt/airflow/dags/Sesion5/producer_dag_dataset.py
[2025-06-05T05:22:41.377+0000] {logging_mixin.py:190} INFO - [2025-06-05T05:22:41.377+0000] {dag.py:3239} INFO - Sync 1 DAGs
[2025-06-05T05:22:41.410+0000] {logging_mixin.py:190} INFO - [2025-06-05T05:22:41.410+0000] {dag.py:4180} INFO - Setting next_dagrun for producer_dag_s5 to 2025-06-04 00:00:00+00:00, run_after=2025-06-05 00:00:00+00:00
[2025-06-05T05:22:41.433+0000] {processor.py:208} INFO - Processing /opt/airflow/dags/Sesion5/producer_dag_dataset.py took 0.098 seconds
[2025-06-05T05:23:12.686+0000] {processor.py:186} INFO - Started process (PID=699) to work on /opt/airflow/dags/Sesion5/producer_dag_dataset.py
[2025-06-05T05:23:12.687+0000] {processor.py:914} INFO - Processing file /opt/airflow/dags/Sesion5/producer_dag_dataset.py for tasks to queue
[2025-06-05T05:23:12.689+0000] {logging_mixin.py:190} INFO - [2025-06-05T05:23:12.689+0000] {dagbag.py:588} INFO - Filling up the DagBag from /opt/airflow/dags/Sesion5/producer_dag_dataset.py
[2025-06-05T05:23:12.699+0000] {processor.py:925} INFO - DAG(s) 'producer_dag_s5' retrieved from /opt/airflow/dags/Sesion5/producer_dag_dataset.py
[2025-06-05T05:23:12.722+0000] {logging_mixin.py:190} INFO - [2025-06-05T05:23:12.722+0000] {dag.py:3239} INFO - Sync 1 DAGs
[2025-06-05T05:23:12.755+0000] {logging_mixin.py:190} INFO - [2025-06-05T05:23:12.754+0000] {dag.py:4180} INFO - Setting next_dagrun for producer_dag_s5 to 2025-06-04 00:00:00+00:00, run_after=2025-06-05 00:00:00+00:00
[2025-06-05T05:23:12.779+0000] {processor.py:208} INFO - Processing /opt/airflow/dags/Sesion5/producer_dag_dataset.py took 0.101 seconds
[2025-06-05T05:23:43.973+0000] {processor.py:186} INFO - Started process (PID=814) to work on /opt/airflow/dags/Sesion5/producer_dag_dataset.py
[2025-06-05T05:23:43.974+0000] {processor.py:914} INFO - Processing file /opt/airflow/dags/Sesion5/producer_dag_dataset.py for tasks to queue
[2025-06-05T05:23:43.976+0000] {logging_mixin.py:190} INFO - [2025-06-05T05:23:43.976+0000] {dagbag.py:588} INFO - Filling up the DagBag from /opt/airflow/dags/Sesion5/producer_dag_dataset.py
[2025-06-05T05:23:43.986+0000] {processor.py:925} INFO - DAG(s) 'producer_dag_s5' retrieved from /opt/airflow/dags/Sesion5/producer_dag_dataset.py
[2025-06-05T05:23:44.007+0000] {logging_mixin.py:190} INFO - [2025-06-05T05:23:44.007+0000] {dag.py:3239} INFO - Sync 1 DAGs
[2025-06-05T05:23:44.040+0000] {logging_mixin.py:190} INFO - [2025-06-05T05:23:44.040+0000] {dag.py:4180} INFO - Setting next_dagrun for producer_dag_s5 to 2025-06-04 00:00:00+00:00, run_after=2025-06-05 00:00:00+00:00
[2025-06-05T05:23:44.063+0000] {processor.py:208} INFO - Processing /opt/airflow/dags/Sesion5/producer_dag_dataset.py took 0.097 seconds
[2025-06-05T05:24:15.894+0000] {processor.py:186} INFO - Started process (PID=923) to work on /opt/airflow/dags/Sesion5/producer_dag_dataset.py
[2025-06-05T05:24:15.895+0000] {processor.py:914} INFO - Processing file /opt/airflow/dags/Sesion5/producer_dag_dataset.py for tasks to queue
[2025-06-05T05:24:15.897+0000] {logging_mixin.py:190} INFO - [2025-06-05T05:24:15.897+0000] {dagbag.py:588} INFO - Filling up the DagBag from /opt/airflow/dags/Sesion5/producer_dag_dataset.py
[2025-06-05T05:24:15.908+0000] {processor.py:925} INFO - DAG(s) 'producer_dag_s5' retrieved from /opt/airflow/dags/Sesion5/producer_dag_dataset.py
[2025-06-05T05:24:15.928+0000] {logging_mixin.py:190} INFO - [2025-06-05T05:24:15.928+0000] {dag.py:3239} INFO - Sync 1 DAGs
[2025-06-05T05:24:15.961+0000] {logging_mixin.py:190} INFO - [2025-06-05T05:24:15.961+0000] {dag.py:4180} INFO - Setting next_dagrun for producer_dag_s5 to 2025-06-04 00:00:00+00:00, run_after=2025-06-05 00:00:00+00:00
[2025-06-05T05:24:15.990+0000] {processor.py:208} INFO - Processing /opt/airflow/dags/Sesion5/producer_dag_dataset.py took 0.103 seconds
[2025-06-05T05:24:46.845+0000] {processor.py:186} INFO - Started process (PID=1038) to work on /opt/airflow/dags/Sesion5/producer_dag_dataset.py
[2025-06-05T05:24:46.846+0000] {processor.py:914} INFO - Processing file /opt/airflow/dags/Sesion5/producer_dag_dataset.py for tasks to queue
[2025-06-05T05:24:46.848+0000] {logging_mixin.py:190} INFO - [2025-06-05T05:24:46.848+0000] {dagbag.py:588} INFO - Filling up the DagBag from /opt/airflow/dags/Sesion5/producer_dag_dataset.py
[2025-06-05T05:24:46.868+0000] {processor.py:925} INFO - DAG(s) 'producer_dag_s5' retrieved from /opt/airflow/dags/Sesion5/producer_dag_dataset.py
[2025-06-05T05:24:46.890+0000] {logging_mixin.py:190} INFO - [2025-06-05T05:24:46.890+0000] {dag.py:3239} INFO - Sync 1 DAGs
[2025-06-05T05:24:46.921+0000] {logging_mixin.py:190} INFO - [2025-06-05T05:24:46.921+0000] {dag.py:4180} INFO - Setting next_dagrun for producer_dag_s5 to 2025-06-04 00:00:00+00:00, run_after=2025-06-05 00:00:00+00:00
[2025-06-05T05:24:46.944+0000] {processor.py:208} INFO - Processing /opt/airflow/dags/Sesion5/producer_dag_dataset.py took 0.107 seconds
[2025-06-05T05:25:18.204+0000] {processor.py:186} INFO - Started process (PID=1153) to work on /opt/airflow/dags/Sesion5/producer_dag_dataset.py
[2025-06-05T05:25:18.205+0000] {processor.py:914} INFO - Processing file /opt/airflow/dags/Sesion5/producer_dag_dataset.py for tasks to queue
[2025-06-05T05:25:18.210+0000] {logging_mixin.py:190} INFO - [2025-06-05T05:25:18.210+0000] {dagbag.py:588} INFO - Filling up the DagBag from /opt/airflow/dags/Sesion5/producer_dag_dataset.py
[2025-06-05T05:25:18.224+0000] {processor.py:925} INFO - DAG(s) 'producer_dag_s5' retrieved from /opt/airflow/dags/Sesion5/producer_dag_dataset.py
[2025-06-05T05:25:18.244+0000] {logging_mixin.py:190} INFO - [2025-06-05T05:25:18.244+0000] {dag.py:3239} INFO - Sync 1 DAGs
[2025-06-05T05:25:18.276+0000] {logging_mixin.py:190} INFO - [2025-06-05T05:25:18.275+0000] {dag.py:4180} INFO - Setting next_dagrun for producer_dag_s5 to 2025-06-04 00:00:00+00:00, run_after=2025-06-05 00:00:00+00:00
[2025-06-05T05:25:18.299+0000] {processor.py:208} INFO - Processing /opt/airflow/dags/Sesion5/producer_dag_dataset.py took 0.103 seconds
[2025-06-05T05:25:49.605+0000] {processor.py:186} INFO - Started process (PID=1274) to work on /opt/airflow/dags/Sesion5/producer_dag_dataset.py
[2025-06-05T05:25:49.606+0000] {processor.py:914} INFO - Processing file /opt/airflow/dags/Sesion5/producer_dag_dataset.py for tasks to queue
[2025-06-05T05:25:49.608+0000] {logging_mixin.py:190} INFO - [2025-06-05T05:25:49.608+0000] {dagbag.py:588} INFO - Filling up the DagBag from /opt/airflow/dags/Sesion5/producer_dag_dataset.py
[2025-06-05T05:25:49.618+0000] {processor.py:925} INFO - DAG(s) 'producer_dag_s5' retrieved from /opt/airflow/dags/Sesion5/producer_dag_dataset.py
[2025-06-05T05:25:49.640+0000] {logging_mixin.py:190} INFO - [2025-06-05T05:25:49.640+0000] {dag.py:3239} INFO - Sync 1 DAGs
[2025-06-05T05:25:49.691+0000] {logging_mixin.py:190} INFO - [2025-06-05T05:25:49.690+0000] {dag.py:4180} INFO - Setting next_dagrun for producer_dag_s5 to 2025-06-04 00:00:00+00:00, run_after=2025-06-05 00:00:00+00:00
[2025-06-05T05:25:49.715+0000] {processor.py:208} INFO - Processing /opt/airflow/dags/Sesion5/producer_dag_dataset.py took 0.116 seconds
[2025-06-05T05:26:20.954+0000] {processor.py:186} INFO - Started process (PID=1389) to work on /opt/airflow/dags/Sesion5/producer_dag_dataset.py
[2025-06-05T05:26:20.955+0000] {processor.py:914} INFO - Processing file /opt/airflow/dags/Sesion5/producer_dag_dataset.py for tasks to queue
[2025-06-05T05:26:20.957+0000] {logging_mixin.py:190} INFO - [2025-06-05T05:26:20.957+0000] {dagbag.py:588} INFO - Filling up the DagBag from /opt/airflow/dags/Sesion5/producer_dag_dataset.py
[2025-06-05T05:26:20.967+0000] {processor.py:925} INFO - DAG(s) 'producer_dag_s5' retrieved from /opt/airflow/dags/Sesion5/producer_dag_dataset.py
[2025-06-05T05:26:20.985+0000] {logging_mixin.py:190} INFO - [2025-06-05T05:26:20.985+0000] {dag.py:3239} INFO - Sync 1 DAGs
[2025-06-05T05:26:21.016+0000] {logging_mixin.py:190} INFO - [2025-06-05T05:26:21.016+0000] {dag.py:4180} INFO - Setting next_dagrun for producer_dag_s5 to 2025-06-04 00:00:00+00:00, run_after=2025-06-05 00:00:00+00:00
[2025-06-05T05:26:21.039+0000] {processor.py:208} INFO - Processing /opt/airflow/dags/Sesion5/producer_dag_dataset.py took 0.092 seconds
[2025-06-05T05:26:52.063+0000] {processor.py:186} INFO - Started process (PID=1504) to work on /opt/airflow/dags/Sesion5/producer_dag_dataset.py
[2025-06-05T05:26:52.064+0000] {processor.py:914} INFO - Processing file /opt/airflow/dags/Sesion5/producer_dag_dataset.py for tasks to queue
[2025-06-05T05:26:52.067+0000] {logging_mixin.py:190} INFO - [2025-06-05T05:26:52.066+0000] {dagbag.py:588} INFO - Filling up the DagBag from /opt/airflow/dags/Sesion5/producer_dag_dataset.py
[2025-06-05T05:26:52.077+0000] {processor.py:925} INFO - DAG(s) 'producer_dag_s5' retrieved from /opt/airflow/dags/Sesion5/producer_dag_dataset.py
[2025-06-05T05:26:52.099+0000] {logging_mixin.py:190} INFO - [2025-06-05T05:26:52.099+0000] {dag.py:3239} INFO - Sync 1 DAGs
[2025-06-05T05:26:52.132+0000] {logging_mixin.py:190} INFO - [2025-06-05T05:26:52.131+0000] {dag.py:4180} INFO - Setting next_dagrun for producer_dag_s5 to 2025-06-04 00:00:00+00:00, run_after=2025-06-05 00:00:00+00:00
[2025-06-05T05:26:52.156+0000] {processor.py:208} INFO - Processing /opt/airflow/dags/Sesion5/producer_dag_dataset.py took 0.100 seconds
[2025-06-05T05:27:23.641+0000] {processor.py:186} INFO - Started process (PID=1619) to work on /opt/airflow/dags/Sesion5/producer_dag_dataset.py
[2025-06-05T05:27:23.642+0000] {processor.py:914} INFO - Processing file /opt/airflow/dags/Sesion5/producer_dag_dataset.py for tasks to queue
[2025-06-05T05:27:23.645+0000] {logging_mixin.py:190} INFO - [2025-06-05T05:27:23.644+0000] {dagbag.py:588} INFO - Filling up the DagBag from /opt/airflow/dags/Sesion5/producer_dag_dataset.py
[2025-06-05T05:27:23.655+0000] {processor.py:925} INFO - DAG(s) 'producer_dag_s5' retrieved from /opt/airflow/dags/Sesion5/producer_dag_dataset.py
[2025-06-05T05:27:23.675+0000] {logging_mixin.py:190} INFO - [2025-06-05T05:27:23.675+0000] {dag.py:3239} INFO - Sync 1 DAGs
[2025-06-05T05:27:23.709+0000] {logging_mixin.py:190} INFO - [2025-06-05T05:27:23.709+0000] {dag.py:4180} INFO - Setting next_dagrun for producer_dag_s5 to 2025-06-04 00:00:00+00:00, run_after=2025-06-05 00:00:00+00:00
[2025-06-05T05:27:23.736+0000] {processor.py:208} INFO - Processing /opt/airflow/dags/Sesion5/producer_dag_dataset.py took 0.102 seconds
[2025-06-05T05:27:55.439+0000] {processor.py:186} INFO - Started process (PID=1734) to work on /opt/airflow/dags/Sesion5/producer_dag_dataset.py
[2025-06-05T05:27:55.440+0000] {processor.py:914} INFO - Processing file /opt/airflow/dags/Sesion5/producer_dag_dataset.py for tasks to queue
[2025-06-05T05:27:55.443+0000] {logging_mixin.py:190} INFO - [2025-06-05T05:27:55.443+0000] {dagbag.py:588} INFO - Filling up the DagBag from /opt/airflow/dags/Sesion5/producer_dag_dataset.py
[2025-06-05T05:27:55.455+0000] {processor.py:925} INFO - DAG(s) 'producer_dag_s5' retrieved from /opt/airflow/dags/Sesion5/producer_dag_dataset.py
[2025-06-05T05:27:55.480+0000] {logging_mixin.py:190} INFO - [2025-06-05T05:27:55.480+0000] {dag.py:3239} INFO - Sync 1 DAGs
[2025-06-05T05:27:55.518+0000] {logging_mixin.py:190} INFO - [2025-06-05T05:27:55.518+0000] {dag.py:4180} INFO - Setting next_dagrun for producer_dag_s5 to 2025-06-04 00:00:00+00:00, run_after=2025-06-05 00:00:00+00:00
[2025-06-05T05:27:55.549+0000] {processor.py:208} INFO - Processing /opt/airflow/dags/Sesion5/producer_dag_dataset.py took 0.117 seconds
[2025-06-05T05:28:26.734+0000] {processor.py:186} INFO - Started process (PID=1849) to work on /opt/airflow/dags/Sesion5/producer_dag_dataset.py
[2025-06-05T05:28:26.735+0000] {processor.py:914} INFO - Processing file /opt/airflow/dags/Sesion5/producer_dag_dataset.py for tasks to queue
[2025-06-05T05:28:26.738+0000] {logging_mixin.py:190} INFO - [2025-06-05T05:28:26.737+0000] {dagbag.py:588} INFO - Filling up the DagBag from /opt/airflow/dags/Sesion5/producer_dag_dataset.py
[2025-06-05T05:28:26.752+0000] {processor.py:925} INFO - DAG(s) 'producer_dag_s5' retrieved from /opt/airflow/dags/Sesion5/producer_dag_dataset.py
[2025-06-05T05:28:26.787+0000] {logging_mixin.py:190} INFO - [2025-06-05T05:28:26.787+0000] {dag.py:3239} INFO - Sync 1 DAGs
[2025-06-05T05:28:26.822+0000] {logging_mixin.py:190} INFO - [2025-06-05T05:28:26.822+0000] {dag.py:4180} INFO - Setting next_dagrun for producer_dag_s5 to 2025-06-04 00:00:00+00:00, run_after=2025-06-05 00:00:00+00:00
[2025-06-05T05:28:26.848+0000] {processor.py:208} INFO - Processing /opt/airflow/dags/Sesion5/producer_dag_dataset.py took 0.121 seconds
[2025-06-05T05:28:57.430+0000] {processor.py:186} INFO - Started process (PID=1958) to work on /opt/airflow/dags/Sesion5/producer_dag_dataset.py
[2025-06-05T05:28:57.431+0000] {processor.py:914} INFO - Processing file /opt/airflow/dags/Sesion5/producer_dag_dataset.py for tasks to queue
[2025-06-05T05:28:57.434+0000] {logging_mixin.py:190} INFO - [2025-06-05T05:28:57.433+0000] {dagbag.py:588} INFO - Filling up the DagBag from /opt/airflow/dags/Sesion5/producer_dag_dataset.py
[2025-06-05T05:28:57.444+0000] {processor.py:925} INFO - DAG(s) 'producer_dag_s5' retrieved from /opt/airflow/dags/Sesion5/producer_dag_dataset.py
[2025-06-05T05:28:57.465+0000] {logging_mixin.py:190} INFO - [2025-06-05T05:28:57.464+0000] {dag.py:3239} INFO - Sync 1 DAGs
[2025-06-05T05:28:57.502+0000] {logging_mixin.py:190} INFO - [2025-06-05T05:28:57.501+0000] {dag.py:4180} INFO - Setting next_dagrun for producer_dag_s5 to 2025-06-04 00:00:00+00:00, run_after=2025-06-05 00:00:00+00:00
[2025-06-05T05:28:57.529+0000] {processor.py:208} INFO - Processing /opt/airflow/dags/Sesion5/producer_dag_dataset.py took 0.107 seconds
[2025-06-05T05:29:29.161+0000] {processor.py:186} INFO - Started process (PID=2073) to work on /opt/airflow/dags/Sesion5/producer_dag_dataset.py
[2025-06-05T05:29:29.162+0000] {processor.py:914} INFO - Processing file /opt/airflow/dags/Sesion5/producer_dag_dataset.py for tasks to queue
[2025-06-05T05:29:29.164+0000] {logging_mixin.py:190} INFO - [2025-06-05T05:29:29.164+0000] {dagbag.py:588} INFO - Filling up the DagBag from /opt/airflow/dags/Sesion5/producer_dag_dataset.py
[2025-06-05T05:29:29.174+0000] {processor.py:925} INFO - DAG(s) 'producer_dag_s5' retrieved from /opt/airflow/dags/Sesion5/producer_dag_dataset.py
[2025-06-05T05:29:29.203+0000] {logging_mixin.py:190} INFO - [2025-06-05T05:29:29.203+0000] {dag.py:3239} INFO - Sync 1 DAGs
[2025-06-05T05:29:29.235+0000] {logging_mixin.py:190} INFO - [2025-06-05T05:29:29.235+0000] {dag.py:4180} INFO - Setting next_dagrun for producer_dag_s5 to 2025-06-04 00:00:00+00:00, run_after=2025-06-05 00:00:00+00:00
[2025-06-05T05:29:29.258+0000] {processor.py:208} INFO - Processing /opt/airflow/dags/Sesion5/producer_dag_dataset.py took 0.104 seconds
[2025-06-05T05:30:00.937+0000] {processor.py:186} INFO - Started process (PID=2194) to work on /opt/airflow/dags/Sesion5/producer_dag_dataset.py
[2025-06-05T05:30:00.938+0000] {processor.py:914} INFO - Processing file /opt/airflow/dags/Sesion5/producer_dag_dataset.py for tasks to queue
[2025-06-05T05:30:00.941+0000] {logging_mixin.py:190} INFO - [2025-06-05T05:30:00.940+0000] {dagbag.py:588} INFO - Filling up the DagBag from /opt/airflow/dags/Sesion5/producer_dag_dataset.py
[2025-06-05T05:30:00.951+0000] {processor.py:925} INFO - DAG(s) 'producer_dag_s5' retrieved from /opt/airflow/dags/Sesion5/producer_dag_dataset.py
[2025-06-05T05:30:00.970+0000] {logging_mixin.py:190} INFO - [2025-06-05T05:30:00.970+0000] {dag.py:3239} INFO - Sync 1 DAGs
[2025-06-05T05:30:01.002+0000] {logging_mixin.py:190} INFO - [2025-06-05T05:30:01.002+0000] {dag.py:4180} INFO - Setting next_dagrun for producer_dag_s5 to 2025-06-04 00:00:00+00:00, run_after=2025-06-05 00:00:00+00:00
[2025-06-05T05:30:01.029+0000] {processor.py:208} INFO - Processing /opt/airflow/dags/Sesion5/producer_dag_dataset.py took 0.098 seconds
[2025-06-05T05:30:31.920+0000] {processor.py:186} INFO - Started process (PID=2309) to work on /opt/airflow/dags/Sesion5/producer_dag_dataset.py
[2025-06-05T05:30:31.921+0000] {processor.py:914} INFO - Processing file /opt/airflow/dags/Sesion5/producer_dag_dataset.py for tasks to queue
[2025-06-05T05:30:31.923+0000] {logging_mixin.py:190} INFO - [2025-06-05T05:30:31.923+0000] {dagbag.py:588} INFO - Filling up the DagBag from /opt/airflow/dags/Sesion5/producer_dag_dataset.py
[2025-06-05T05:30:31.933+0000] {processor.py:925} INFO - DAG(s) 'producer_dag_s5' retrieved from /opt/airflow/dags/Sesion5/producer_dag_dataset.py
[2025-06-05T05:30:31.955+0000] {logging_mixin.py:190} INFO - [2025-06-05T05:30:31.955+0000] {dag.py:3239} INFO - Sync 1 DAGs
[2025-06-05T05:30:31.988+0000] {logging_mixin.py:190} INFO - [2025-06-05T05:30:31.987+0000] {dag.py:4180} INFO - Setting next_dagrun for producer_dag_s5 to 2025-06-04 00:00:00+00:00, run_after=2025-06-05 00:00:00+00:00
[2025-06-05T05:30:32.031+0000] {processor.py:208} INFO - Processing /opt/airflow/dags/Sesion5/producer_dag_dataset.py took 0.118 seconds
[2025-06-05T05:31:02.724+0000] {processor.py:186} INFO - Started process (PID=2418) to work on /opt/airflow/dags/Sesion5/producer_dag_dataset.py
[2025-06-05T05:31:02.725+0000] {processor.py:914} INFO - Processing file /opt/airflow/dags/Sesion5/producer_dag_dataset.py for tasks to queue
[2025-06-05T05:31:02.728+0000] {logging_mixin.py:190} INFO - [2025-06-05T05:31:02.728+0000] {dagbag.py:588} INFO - Filling up the DagBag from /opt/airflow/dags/Sesion5/producer_dag_dataset.py
[2025-06-05T05:31:02.739+0000] {processor.py:925} INFO - DAG(s) 'producer_dag_s5' retrieved from /opt/airflow/dags/Sesion5/producer_dag_dataset.py
[2025-06-05T05:31:02.763+0000] {logging_mixin.py:190} INFO - [2025-06-05T05:31:02.763+0000] {dag.py:3239} INFO - Sync 1 DAGs
[2025-06-05T05:31:02.799+0000] {logging_mixin.py:190} INFO - [2025-06-05T05:31:02.799+0000] {dag.py:4180} INFO - Setting next_dagrun for producer_dag_s5 to 2025-06-04 00:00:00+00:00, run_after=2025-06-05 00:00:00+00:00
[2025-06-05T05:31:02.831+0000] {processor.py:208} INFO - Processing /opt/airflow/dags/Sesion5/producer_dag_dataset.py took 0.116 seconds
[2025-06-05T05:31:34.315+0000] {processor.py:186} INFO - Started process (PID=2539) to work on /opt/airflow/dags/Sesion5/producer_dag_dataset.py
[2025-06-05T05:31:34.316+0000] {processor.py:914} INFO - Processing file /opt/airflow/dags/Sesion5/producer_dag_dataset.py for tasks to queue
[2025-06-05T05:31:34.318+0000] {logging_mixin.py:190} INFO - [2025-06-05T05:31:34.317+0000] {dagbag.py:588} INFO - Filling up the DagBag from /opt/airflow/dags/Sesion5/producer_dag_dataset.py
[2025-06-05T05:31:34.328+0000] {processor.py:925} INFO - DAG(s) 'producer_dag_s5' retrieved from /opt/airflow/dags/Sesion5/producer_dag_dataset.py
[2025-06-05T05:31:34.351+0000] {logging_mixin.py:190} INFO - [2025-06-05T05:31:34.351+0000] {dag.py:3239} INFO - Sync 1 DAGs
[2025-06-05T05:31:34.391+0000] {logging_mixin.py:190} INFO - [2025-06-05T05:31:34.390+0000] {dag.py:4180} INFO - Setting next_dagrun for producer_dag_s5 to 2025-06-04 00:00:00+00:00, run_after=2025-06-05 00:00:00+00:00
[2025-06-05T05:31:34.417+0000] {processor.py:208} INFO - Processing /opt/airflow/dags/Sesion5/producer_dag_dataset.py took 0.110 seconds
[2025-06-05T05:38:50.805+0000] {processor.py:186} INFO - Started process (PID=219) to work on /opt/airflow/dags/Sesion5/producer_dag_dataset.py
[2025-06-05T05:38:50.866+0000] {processor.py:914} INFO - Processing file /opt/airflow/dags/Sesion5/producer_dag_dataset.py for tasks to queue
[2025-06-05T05:38:50.871+0000] {logging_mixin.py:190} INFO - [2025-06-05T05:38:50.870+0000] {dagbag.py:588} INFO - Filling up the DagBag from /opt/airflow/dags/Sesion5/producer_dag_dataset.py
[2025-06-05T05:38:50.899+0000] {processor.py:925} INFO - DAG(s) 'producer_dag_s5' retrieved from /opt/airflow/dags/Sesion5/producer_dag_dataset.py
[2025-06-05T05:38:50.961+0000] {logging_mixin.py:190} INFO - [2025-06-05T05:38:50.960+0000] {dag.py:3239} INFO - Sync 1 DAGs
[2025-06-05T05:38:51.059+0000] {logging_mixin.py:190} INFO - [2025-06-05T05:38:51.056+0000] {dag.py:4180} INFO - Setting next_dagrun for producer_dag_s5 to 2025-06-04 00:00:00+00:00, run_after=2025-06-05 00:00:00+00:00
[2025-06-05T05:38:51.142+0000] {processor.py:208} INFO - Processing /opt/airflow/dags/Sesion5/producer_dag_dataset.py took 0.359 seconds
[2025-06-05T05:39:22.299+0000] {processor.py:186} INFO - Started process (PID=332) to work on /opt/airflow/dags/Sesion5/producer_dag_dataset.py
[2025-06-05T05:39:22.299+0000] {processor.py:914} INFO - Processing file /opt/airflow/dags/Sesion5/producer_dag_dataset.py for tasks to queue
[2025-06-05T05:39:22.306+0000] {logging_mixin.py:190} INFO - [2025-06-05T05:39:22.306+0000] {dagbag.py:588} INFO - Filling up the DagBag from /opt/airflow/dags/Sesion5/producer_dag_dataset.py
[2025-06-05T05:39:22.317+0000] {processor.py:925} INFO - DAG(s) 'producer_dag_s5' retrieved from /opt/airflow/dags/Sesion5/producer_dag_dataset.py
[2025-06-05T05:39:22.335+0000] {logging_mixin.py:190} INFO - [2025-06-05T05:39:22.335+0000] {dag.py:3239} INFO - Sync 1 DAGs
[2025-06-05T05:39:22.369+0000] {logging_mixin.py:190} INFO - [2025-06-05T05:39:22.369+0000] {dag.py:4180} INFO - Setting next_dagrun for producer_dag_s5 to 2025-06-04 00:00:00+00:00, run_after=2025-06-05 00:00:00+00:00
[2025-06-05T05:39:22.393+0000] {processor.py:208} INFO - Processing /opt/airflow/dags/Sesion5/producer_dag_dataset.py took 0.102 seconds
[2025-06-05T05:39:53.464+0000] {processor.py:186} INFO - Started process (PID=445) to work on /opt/airflow/dags/Sesion5/producer_dag_dataset.py
[2025-06-05T05:39:53.464+0000] {processor.py:914} INFO - Processing file /opt/airflow/dags/Sesion5/producer_dag_dataset.py for tasks to queue
[2025-06-05T05:39:53.465+0000] {logging_mixin.py:190} INFO - [2025-06-05T05:39:53.465+0000] {dagbag.py:588} INFO - Filling up the DagBag from /opt/airflow/dags/Sesion5/producer_dag_dataset.py
[2025-06-05T05:39:53.475+0000] {processor.py:925} INFO - DAG(s) 'producer_dag_s5' retrieved from /opt/airflow/dags/Sesion5/producer_dag_dataset.py
[2025-06-05T05:39:53.496+0000] {logging_mixin.py:190} INFO - [2025-06-05T05:39:53.496+0000] {dag.py:3239} INFO - Sync 1 DAGs
[2025-06-05T05:39:53.531+0000] {logging_mixin.py:190} INFO - [2025-06-05T05:39:53.530+0000] {dag.py:4180} INFO - Setting next_dagrun for producer_dag_s5 to 2025-06-04 00:00:00+00:00, run_after=2025-06-05 00:00:00+00:00
[2025-06-05T05:39:53.555+0000] {processor.py:208} INFO - Processing /opt/airflow/dags/Sesion5/producer_dag_dataset.py took 0.098 seconds
[2025-06-05T05:40:24.087+0000] {processor.py:186} INFO - Started process (PID=554) to work on /opt/airflow/dags/Sesion5/producer_dag_dataset.py
[2025-06-05T05:40:24.088+0000] {processor.py:914} INFO - Processing file /opt/airflow/dags/Sesion5/producer_dag_dataset.py for tasks to queue
[2025-06-05T05:40:24.090+0000] {logging_mixin.py:190} INFO - [2025-06-05T05:40:24.089+0000] {dagbag.py:588} INFO - Filling up the DagBag from /opt/airflow/dags/Sesion5/producer_dag_dataset.py
[2025-06-05T05:40:24.102+0000] {processor.py:925} INFO - DAG(s) 'producer_dag_s5' retrieved from /opt/airflow/dags/Sesion5/producer_dag_dataset.py
[2025-06-05T05:40:24.130+0000] {logging_mixin.py:190} INFO - [2025-06-05T05:40:24.130+0000] {dag.py:3239} INFO - Sync 1 DAGs
[2025-06-05T05:40:24.170+0000] {logging_mixin.py:190} INFO - [2025-06-05T05:40:24.170+0000] {dag.py:4180} INFO - Setting next_dagrun for producer_dag_s5 to 2025-06-04 00:00:00+00:00, run_after=2025-06-05 00:00:00+00:00
[2025-06-05T05:40:24.214+0000] {processor.py:208} INFO - Processing /opt/airflow/dags/Sesion5/producer_dag_dataset.py took 0.143 seconds
[2025-06-05T05:40:54.761+0000] {processor.py:186} INFO - Started process (PID=665) to work on /opt/airflow/dags/Sesion5/producer_dag_dataset.py
[2025-06-05T05:40:54.762+0000] {processor.py:914} INFO - Processing file /opt/airflow/dags/Sesion5/producer_dag_dataset.py for tasks to queue
[2025-06-05T05:40:54.763+0000] {logging_mixin.py:190} INFO - [2025-06-05T05:40:54.763+0000] {dagbag.py:588} INFO - Filling up the DagBag from /opt/airflow/dags/Sesion5/producer_dag_dataset.py
[2025-06-05T05:40:54.775+0000] {processor.py:925} INFO - DAG(s) 'producer_dag_s5' retrieved from /opt/airflow/dags/Sesion5/producer_dag_dataset.py
[2025-06-05T05:40:54.796+0000] {logging_mixin.py:190} INFO - [2025-06-05T05:40:54.796+0000] {dag.py:3239} INFO - Sync 1 DAGs
[2025-06-05T05:40:54.832+0000] {logging_mixin.py:190} INFO - [2025-06-05T05:40:54.832+0000] {dag.py:4180} INFO - Setting next_dagrun for producer_dag_s5 to 2025-06-04 00:00:00+00:00, run_after=2025-06-05 00:00:00+00:00
[2025-06-05T05:40:54.856+0000] {processor.py:208} INFO - Processing /opt/airflow/dags/Sesion5/producer_dag_dataset.py took 0.102 seconds
[2025-06-05T05:41:25.124+0000] {processor.py:186} INFO - Started process (PID=778) to work on /opt/airflow/dags/Sesion5/producer_dag_dataset.py
[2025-06-05T05:41:25.125+0000] {processor.py:914} INFO - Processing file /opt/airflow/dags/Sesion5/producer_dag_dataset.py for tasks to queue
[2025-06-05T05:41:25.126+0000] {logging_mixin.py:190} INFO - [2025-06-05T05:41:25.126+0000] {dagbag.py:588} INFO - Filling up the DagBag from /opt/airflow/dags/Sesion5/producer_dag_dataset.py
[2025-06-05T05:41:25.137+0000] {processor.py:925} INFO - DAG(s) 'producer_dag_s5' retrieved from /opt/airflow/dags/Sesion5/producer_dag_dataset.py
[2025-06-05T05:41:25.158+0000] {logging_mixin.py:190} INFO - [2025-06-05T05:41:25.158+0000] {dag.py:3239} INFO - Sync 1 DAGs
[2025-06-05T05:41:25.192+0000] {logging_mixin.py:190} INFO - [2025-06-05T05:41:25.191+0000] {dag.py:4180} INFO - Setting next_dagrun for producer_dag_s5 to 2025-06-04 00:00:00+00:00, run_after=2025-06-05 00:00:00+00:00
[2025-06-05T05:41:25.216+0000] {processor.py:208} INFO - Processing /opt/airflow/dags/Sesion5/producer_dag_dataset.py took 0.099 seconds
[2025-06-05T05:41:56.526+0000] {processor.py:186} INFO - Started process (PID=891) to work on /opt/airflow/dags/Sesion5/producer_dag_dataset.py
[2025-06-05T05:41:56.527+0000] {processor.py:914} INFO - Processing file /opt/airflow/dags/Sesion5/producer_dag_dataset.py for tasks to queue
[2025-06-05T05:41:56.528+0000] {logging_mixin.py:190} INFO - [2025-06-05T05:41:56.528+0000] {dagbag.py:588} INFO - Filling up the DagBag from /opt/airflow/dags/Sesion5/producer_dag_dataset.py
[2025-06-05T05:41:56.539+0000] {processor.py:925} INFO - DAG(s) 'producer_dag_s5' retrieved from /opt/airflow/dags/Sesion5/producer_dag_dataset.py
[2025-06-05T05:41:56.560+0000] {logging_mixin.py:190} INFO - [2025-06-05T05:41:56.560+0000] {dag.py:3239} INFO - Sync 1 DAGs
[2025-06-05T05:41:56.593+0000] {logging_mixin.py:190} INFO - [2025-06-05T05:41:56.592+0000] {dag.py:4180} INFO - Setting next_dagrun for producer_dag_s5 to 2025-06-04 00:00:00+00:00, run_after=2025-06-05 00:00:00+00:00
[2025-06-05T05:41:56.616+0000] {processor.py:208} INFO - Processing /opt/airflow/dags/Sesion5/producer_dag_dataset.py took 0.097 seconds
