[2025-05-30T02:22:44.771+0000] {local_task_job_runner.py:123} INFO - ::group::Pre task execution logs
[2025-05-30T02:22:44.784+0000] {taskinstance.py:2612} INFO - Dependencies all met for dep_context=non-requeueable deps ti=<TaskInstance: etl_dag.transform_data scheduled__2025-05-29T00:00:00+00:00 [queued]>
[2025-05-30T02:22:44.790+0000] {taskinstance.py:2612} INFO - Dependencies all met for dep_context=requeueable deps ti=<TaskInstance: etl_dag.transform_data scheduled__2025-05-29T00:00:00+00:00 [queued]>
[2025-05-30T02:22:44.790+0000] {taskinstance.py:2865} INFO - Starting attempt 1 of 2
[2025-05-30T02:22:44.801+0000] {taskinstance.py:2888} INFO - Executing <Task(PythonOperator): transform_data> on 2025-05-29 00:00:00+00:00
[2025-05-30T02:22:44.810+0000] {logging_mixin.py:190} WARNING - /home/***/.local/lib/python3.12/site-packages/***/task/task_runner/standard_task_runner.py:70 DeprecationWarning: This process (pid=6515) is multi-threaded, use of fork() may lead to deadlocks in the child.
[2025-05-30T02:22:44.811+0000] {standard_task_runner.py:72} INFO - Started process 6517 to run task
[2025-05-30T02:22:44.810+0000] {standard_task_runner.py:104} INFO - Running: ['***', 'tasks', 'run', 'etl_dag', 'transform_data', 'scheduled__2025-05-29T00:00:00+00:00', '--job-id', '237', '--raw', '--subdir', 'DAGS_FOLDER/Sesion3/Ejemplo8.py', '--cfg-path', '/tmp/tmp1c3e7i8g']
[2025-05-30T02:22:44.812+0000] {standard_task_runner.py:105} INFO - Job 237: Subtask transform_data
[2025-05-30T02:22:44.822+0000] {logging_mixin.py:190} WARNING - /home/***/.local/lib/python3.12/site-packages/***/settings.py:209 DeprecationWarning: The sql_alchemy_conn option in [core] has been moved to the sql_alchemy_conn option in [database] - the old setting has been used, but please update your config.
[2025-05-30T02:22:44.847+0000] {task_command.py:467} INFO - Running <TaskInstance: etl_dag.transform_data scheduled__2025-05-29T00:00:00+00:00 [running]> on host 31d54648d280
[2025-05-30T02:22:44.848+0000] {logging_mixin.py:190} WARNING - /home/***/.local/lib/python3.12/site-packages/***/settings.py:470 DeprecationWarning: The sql_alchemy_conn option in [core] has been moved to the sql_alchemy_conn option in [database] - the old setting has been used, but please update your config.
[2025-05-30T02:22:44.903+0000] {taskinstance.py:3131} INFO - Exporting env vars: AIRFLOW_CTX_DAG_OWNER='***' AIRFLOW_CTX_DAG_ID='etl_dag' AIRFLOW_CTX_TASK_ID='transform_data' AIRFLOW_CTX_EXECUTION_DATE='2025-05-29T00:00:00+00:00' AIRFLOW_CTX_TRY_NUMBER='1' AIRFLOW_CTX_DAG_RUN_ID='scheduled__2025-05-29T00:00:00+00:00'
[2025-05-30T02:22:44.904+0000] {taskinstance.py:731} INFO - ::endgroup::
[2025-05-30T02:22:44.939+0000] {python.py:240} INFO - Done. Returned value was: None
[2025-05-30T02:22:44.958+0000] {taskinstance.py:340} INFO - ::group::Post task execution logs
[2025-05-30T02:22:44.958+0000] {taskinstance.py:352} INFO - Marking task as SUCCESS. dag_id=etl_dag, task_id=transform_data, run_id=scheduled__2025-05-29T00:00:00+00:00, execution_date=20250529T000000, start_date=20250530T022244, end_date=20250530T022244
[2025-05-30T02:22:44.987+0000] {local_task_job_runner.py:266} INFO - Task exited with return code 0
[2025-05-30T02:22:45.006+0000] {taskinstance.py:3900} INFO - 1 downstream tasks scheduled from follow-on schedule check
[2025-05-30T02:22:45.007+0000] {local_task_job_runner.py:245} INFO - ::endgroup::
