[2025-05-30T01:19:54.520+0000] {local_task_job_runner.py:123} INFO - ::group::Pre task execution logs
[2025-05-30T01:19:54.633+0000] {taskinstance.py:2612} INFO - Dependencies all met for dep_context=non-requeueable deps ti=<TaskInstance: flag_check_mysql_dag.check_flag scheduled__2025-05-29T00:06:00+00:00 [queued]>
[2025-05-30T01:19:54.668+0000] {taskinstance.py:2612} INFO - Dependencies all met for dep_context=requeueable deps ti=<TaskInstance: flag_check_mysql_dag.check_flag scheduled__2025-05-29T00:06:00+00:00 [queued]>
[2025-05-30T01:19:54.668+0000] {taskinstance.py:2865} INFO - Starting attempt 1 of 2
[2025-05-30T01:19:54.715+0000] {taskinstance.py:2888} INFO - Executing <Task(SqlSensor): check_flag> on 2025-05-29 00:06:00+00:00
[2025-05-30T01:19:54.739+0000] {logging_mixin.py:190} WARNING - /home/***/.local/lib/python3.12/site-packages/***/task/task_runner/standard_task_runner.py:70 DeprecationWarning: This process (pid=625) is multi-threaded, use of fork() may lead to deadlocks in the child.
[2025-05-30T01:19:54.747+0000] {standard_task_runner.py:72} INFO - Started process 631 to run task
[2025-05-30T01:19:54.740+0000] {standard_task_runner.py:104} INFO - Running: ['***', 'tasks', 'run', 'flag_check_mysql_dag', 'check_flag', 'scheduled__2025-05-29T00:06:00+00:00', '--job-id', '52', '--raw', '--subdir', 'DAGS_FOLDER/Sesion3/Ejemplo7.py', '--cfg-path', '/tmp/tmpa19c_83e']
[2025-05-30T01:19:54.750+0000] {standard_task_runner.py:105} INFO - Job 52: Subtask check_flag
[2025-05-30T01:19:54.806+0000] {logging_mixin.py:190} WARNING - /home/***/.local/lib/python3.12/site-packages/***/settings.py:209 DeprecationWarning: The sql_alchemy_conn option in [core] has been moved to the sql_alchemy_conn option in [database] - the old setting has been used, but please update your config.
[2025-05-30T01:19:54.953+0000] {task_command.py:467} INFO - Running <TaskInstance: flag_check_mysql_dag.check_flag scheduled__2025-05-29T00:06:00+00:00 [running]> on host 31d54648d280
[2025-05-30T01:19:54.956+0000] {logging_mixin.py:190} WARNING - /home/***/.local/lib/python3.12/site-packages/***/settings.py:470 DeprecationWarning: The sql_alchemy_conn option in [core] has been moved to the sql_alchemy_conn option in [database] - the old setting has been used, but please update your config.
[2025-05-30T01:19:55.351+0000] {taskinstance.py:3131} INFO - Exporting env vars: AIRFLOW_CTX_DAG_OWNER='***' AIRFLOW_CTX_DAG_ID='flag_check_mysql_dag' AIRFLOW_CTX_TASK_ID='check_flag' AIRFLOW_CTX_EXECUTION_DATE='2025-05-29T00:06:00+00:00' AIRFLOW_CTX_TRY_NUMBER='1' AIRFLOW_CTX_DAG_RUN_ID='scheduled__2025-05-29T00:06:00+00:00'
[2025-05-30T01:19:55.352+0000] {taskinstance.py:731} INFO - ::endgroup::
[2025-05-30T01:19:55.482+0000] {base.py:84} INFO - Retrieving connection 'my_db_connection_mysql'
[2025-05-30T01:19:55.490+0000] {sql.py:96} INFO - Poking: SELECT flag FROM my_table WHERE id = 1 (with parameters None)
[2025-05-30T01:19:55.510+0000] {base.py:84} INFO - Retrieving connection 'my_db_connection_mysql'
[2025-05-30T01:19:55.556+0000] {sql.py:509} INFO - Running statement: SELECT flag FROM my_table WHERE id = 1, parameters: None
[2025-05-30T01:19:55.557+0000] {sql.py:518} INFO - Rows affected: 1
[2025-05-30T01:20:25.566+0000] {base.py:84} INFO - Retrieving connection 'my_db_connection_mysql'
[2025-05-30T01:20:25.568+0000] {sql.py:96} INFO - Poking: SELECT flag FROM my_table WHERE id = 1 (with parameters None)
[2025-05-30T01:20:25.575+0000] {base.py:84} INFO - Retrieving connection 'my_db_connection_mysql'
[2025-05-30T01:20:25.579+0000] {sql.py:509} INFO - Running statement: SELECT flag FROM my_table WHERE id = 1, parameters: None
[2025-05-30T01:20:25.580+0000] {sql.py:518} INFO - Rows affected: 1
[2025-05-30T01:20:55.585+0000] {base.py:84} INFO - Retrieving connection 'my_db_connection_mysql'
[2025-05-30T01:20:55.586+0000] {sql.py:96} INFO - Poking: SELECT flag FROM my_table WHERE id = 1 (with parameters None)
[2025-05-30T01:20:55.591+0000] {base.py:84} INFO - Retrieving connection 'my_db_connection_mysql'
[2025-05-30T01:20:55.592+0000] {sql.py:509} INFO - Running statement: SELECT flag FROM my_table WHERE id = 1, parameters: None
[2025-05-30T01:20:55.593+0000] {sql.py:518} INFO - Rows affected: 1
[2025-05-30T01:21:25.603+0000] {base.py:84} INFO - Retrieving connection 'my_db_connection_mysql'
[2025-05-30T01:21:25.604+0000] {sql.py:96} INFO - Poking: SELECT flag FROM my_table WHERE id = 1 (with parameters None)
[2025-05-30T01:21:25.611+0000] {base.py:84} INFO - Retrieving connection 'my_db_connection_mysql'
[2025-05-30T01:21:25.615+0000] {sql.py:509} INFO - Running statement: SELECT flag FROM my_table WHERE id = 1, parameters: None
[2025-05-30T01:21:25.616+0000] {sql.py:518} INFO - Rows affected: 1
[2025-05-30T01:21:55.621+0000] {base.py:84} INFO - Retrieving connection 'my_db_connection_mysql'
[2025-05-30T01:21:55.622+0000] {sql.py:96} INFO - Poking: SELECT flag FROM my_table WHERE id = 1 (with parameters None)
[2025-05-30T01:21:55.627+0000] {base.py:84} INFO - Retrieving connection 'my_db_connection_mysql'
[2025-05-30T01:21:55.629+0000] {sql.py:509} INFO - Running statement: SELECT flag FROM my_table WHERE id = 1, parameters: None
[2025-05-30T01:21:55.629+0000] {sql.py:518} INFO - Rows affected: 1
[2025-05-30T01:22:25.639+0000] {base.py:84} INFO - Retrieving connection 'my_db_connection_mysql'
[2025-05-30T01:22:25.640+0000] {sql.py:96} INFO - Poking: SELECT flag FROM my_table WHERE id = 1 (with parameters None)
[2025-05-30T01:22:25.669+0000] {base.py:84} INFO - Retrieving connection 'my_db_connection_mysql'
[2025-05-30T01:22:25.680+0000] {sql.py:509} INFO - Running statement: SELECT flag FROM my_table WHERE id = 1, parameters: None
[2025-05-30T01:22:25.681+0000] {sql.py:518} INFO - Rows affected: 1
[2025-05-30T01:22:55.699+0000] {base.py:84} INFO - Retrieving connection 'my_db_connection_mysql'
[2025-05-30T01:22:55.701+0000] {sql.py:96} INFO - Poking: SELECT flag FROM my_table WHERE id = 1 (with parameters None)
[2025-05-30T01:22:55.721+0000] {base.py:84} INFO - Retrieving connection 'my_db_connection_mysql'
[2025-05-30T01:22:55.729+0000] {sql.py:509} INFO - Running statement: SELECT flag FROM my_table WHERE id = 1, parameters: None
[2025-05-30T01:22:55.730+0000] {sql.py:518} INFO - Rows affected: 1
[2025-05-30T01:22:55.732+0000] {base.py:336} INFO - Success criteria met. Exiting.
[2025-05-30T01:22:55.760+0000] {taskinstance.py:340} INFO - ::group::Post task execution logs
[2025-05-30T01:22:55.762+0000] {taskinstance.py:352} INFO - Marking task as SUCCESS. dag_id=flag_check_mysql_dag, task_id=check_flag, run_id=scheduled__2025-05-29T00:06:00+00:00, execution_date=20250529T000600, start_date=20250530T011954, end_date=20250530T012255
[2025-05-30T01:22:55.847+0000] {local_task_job_runner.py:266} INFO - Task exited with return code 0
[2025-05-30T01:22:55.876+0000] {local_task_job_runner.py:245} INFO - ::endgroup::
