[2025-05-30T01:24:16.556+0000] {local_task_job_runner.py:123} INFO - ::group::Pre task execution logs
[2025-05-30T01:24:16.611+0000] {taskinstance.py:2612} INFO - Dependencies all met for dep_context=non-requeueable deps ti=<TaskInstance: flag_check_mysql_dag.check_flag scheduled__2025-05-29T02:48:00+00:00 [queued]>
[2025-05-30T01:24:16.625+0000] {taskinstance.py:2612} INFO - Dependencies all met for dep_context=requeueable deps ti=<TaskInstance: flag_check_mysql_dag.check_flag scheduled__2025-05-29T02:48:00+00:00 [queued]>
[2025-05-30T01:24:16.625+0000] {taskinstance.py:2865} INFO - Starting attempt 1 of 2
[2025-05-30T01:24:16.862+0000] {taskinstance.py:2888} INFO - Executing <Task(SqlSensor): check_flag> on 2025-05-29 02:48:00+00:00
[2025-05-30T01:24:16.903+0000] {logging_mixin.py:190} WARNING - /home/***/.local/lib/python3.12/site-packages/***/task/task_runner/standard_task_runner.py:70 DeprecationWarning: This process (pid=1463) is multi-threaded, use of fork() may lead to deadlocks in the child.
[2025-05-30T01:24:16.904+0000] {standard_task_runner.py:72} INFO - Started process 1470 to run task
[2025-05-30T01:24:16.908+0000] {standard_task_runner.py:104} INFO - Running: ['***', 'tasks', 'run', 'flag_check_mysql_dag', 'check_flag', 'scheduled__2025-05-29T02:48:00+00:00', '--job-id', '216', '--raw', '--subdir', 'DAGS_FOLDER/Sesion3/Ejemplo7.py', '--cfg-path', '/tmp/tmpma29czyv']
[2025-05-30T01:24:16.921+0000] {standard_task_runner.py:105} INFO - Job 216: Subtask check_flag
[2025-05-30T01:24:16.962+0000] {logging_mixin.py:190} WARNING - /home/***/.local/lib/python3.12/site-packages/***/settings.py:209 DeprecationWarning: The sql_alchemy_conn option in [core] has been moved to the sql_alchemy_conn option in [database] - the old setting has been used, but please update your config.
[2025-05-30T01:24:17.079+0000] {task_command.py:467} INFO - Running <TaskInstance: flag_check_mysql_dag.check_flag scheduled__2025-05-29T02:48:00+00:00 [running]> on host 31d54648d280
[2025-05-30T01:24:17.088+0000] {logging_mixin.py:190} WARNING - /home/***/.local/lib/python3.12/site-packages/***/settings.py:470 DeprecationWarning: The sql_alchemy_conn option in [core] has been moved to the sql_alchemy_conn option in [database] - the old setting has been used, but please update your config.
[2025-05-30T01:24:17.480+0000] {taskinstance.py:3131} INFO - Exporting env vars: AIRFLOW_CTX_DAG_OWNER='***' AIRFLOW_CTX_DAG_ID='flag_check_mysql_dag' AIRFLOW_CTX_TASK_ID='check_flag' AIRFLOW_CTX_EXECUTION_DATE='2025-05-29T02:48:00+00:00' AIRFLOW_CTX_TRY_NUMBER='1' AIRFLOW_CTX_DAG_RUN_ID='scheduled__2025-05-29T02:48:00+00:00'
[2025-05-30T01:24:17.485+0000] {taskinstance.py:731} INFO - ::endgroup::
[2025-05-30T01:24:17.694+0000] {base.py:84} INFO - Retrieving connection 'my_db_connection_mysql'
[2025-05-30T01:24:17.711+0000] {sql.py:96} INFO - Poking: SELECT flag FROM my_table WHERE id = 1 (with parameters None)
[2025-05-30T01:24:17.732+0000] {base.py:84} INFO - Retrieving connection 'my_db_connection_mysql'
[2025-05-30T01:24:17.765+0000] {sql.py:509} INFO - Running statement: SELECT flag FROM my_table WHERE id = 1, parameters: None
[2025-05-30T01:24:17.766+0000] {sql.py:518} INFO - Rows affected: 1
[2025-05-30T01:24:17.772+0000] {base.py:336} INFO - Success criteria met. Exiting.
[2025-05-30T01:24:17.803+0000] {taskinstance.py:340} INFO - ::group::Post task execution logs
[2025-05-30T01:24:17.804+0000] {taskinstance.py:352} INFO - Marking task as SUCCESS. dag_id=flag_check_mysql_dag, task_id=check_flag, run_id=scheduled__2025-05-29T02:48:00+00:00, execution_date=20250529T024800, start_date=20250530T012416, end_date=20250530T012417
[2025-05-30T01:24:17.903+0000] {local_task_job_runner.py:266} INFO - Task exited with return code 0
[2025-05-30T01:24:18.112+0000] {taskinstance.py:3900} INFO - 1 downstream tasks scheduled from follow-on schedule check
[2025-05-30T01:24:18.124+0000] {local_task_job_runner.py:245} INFO - ::endgroup::
