[2025-06-04T01:45:43.865+0000] {local_task_job_runner.py:123} INFO - ::group::Pre task execution logs
[2025-06-04T01:45:43.881+0000] {taskinstance.py:2612} INFO - Dependencies all met for dep_context=non-requeueable deps ti=<TaskInstance: ejemplo_bash_dag_s5.list_files manual__2025-06-04T01:45:40.882131+00:00 [queued]>
[2025-06-04T01:45:43.890+0000] {taskinstance.py:2612} INFO - Dependencies all met for dep_context=requeueable deps ti=<TaskInstance: ejemplo_bash_dag_s5.list_files manual__2025-06-04T01:45:40.882131+00:00 [queued]>
[2025-06-04T01:45:43.890+0000] {taskinstance.py:2865} INFO - Starting attempt 1 of 3
[2025-06-04T01:45:43.902+0000] {taskinstance.py:2888} INFO - Executing <Task(BashOperator): list_files> on 2025-06-04 01:45:40.882131+00:00
[2025-06-04T01:45:43.911+0000] {logging_mixin.py:190} WARNING - /home/***/.local/lib/python3.12/site-packages/***/task/task_runner/standard_task_runner.py:70 DeprecationWarning: This process (pid=12897) is multi-threaded, use of fork() may lead to deadlocks in the child.
[2025-06-04T01:45:43.912+0000] {standard_task_runner.py:72} INFO - Started process 12898 to run task
[2025-06-04T01:45:43.911+0000] {standard_task_runner.py:104} INFO - Running: ['***', 'tasks', 'run', 'ejemplo_bash_dag_s5', 'list_files', 'manual__2025-06-04T01:45:40.882131+00:00', '--job-id', '296', '--raw', '--subdir', 'DAGS_FOLDER/Sesion5/DAG_bash_s5.py', '--cfg-path', '/tmp/tmp0jx_8xup']
[2025-06-04T01:45:43.914+0000] {standard_task_runner.py:105} INFO - Job 296: Subtask list_files
[2025-06-04T01:45:43.927+0000] {logging_mixin.py:190} WARNING - /home/***/.local/lib/python3.12/site-packages/***/settings.py:209 DeprecationWarning: The sql_alchemy_conn option in [core] has been moved to the sql_alchemy_conn option in [database] - the old setting has been used, but please update your config.
[2025-06-04T01:45:43.955+0000] {task_command.py:467} INFO - Running <TaskInstance: ejemplo_bash_dag_s5.list_files manual__2025-06-04T01:45:40.882131+00:00 [running]> on host 31d54648d280
[2025-06-04T01:45:44.041+0000] {taskinstance.py:3131} INFO - Exporting env vars: AIRFLOW_CTX_DAG_OWNER='***' AIRFLOW_CTX_DAG_ID='ejemplo_bash_dag_s5' AIRFLOW_CTX_TASK_ID='list_files' AIRFLOW_CTX_EXECUTION_DATE='2025-06-04T01:45:40.882131+00:00' AIRFLOW_CTX_TRY_NUMBER='1' AIRFLOW_CTX_DAG_RUN_ID='manual__2025-06-04T01:45:40.882131+00:00'
[2025-06-04T01:45:44.042+0000] {taskinstance.py:731} INFO - ::endgroup::
[2025-06-04T01:45:44.057+0000] {subprocess.py:63} INFO - Tmp dir root location: /tmp
[2025-06-04T01:45:44.058+0000] {subprocess.py:75} INFO - Running command: ['/usr/bin/bash', '-c', 'ls -la /tmp/my_dir_datapath_s5']
[2025-06-04T01:45:44.070+0000] {subprocess.py:86} INFO - Output:
[2025-06-04T01:45:44.074+0000] {subprocess.py:93} INFO - total 12
[2025-06-04T01:45:44.075+0000] {subprocess.py:93} INFO - drwxrwxr-x 2 *** root 4096 Jun  4 01:41 .
[2025-06-04T01:45:44.075+0000] {subprocess.py:93} INFO - drwxrwxrwt 1 root    root 4096 Jun  4 01:45 ..
[2025-06-04T01:45:44.075+0000] {subprocess.py:93} INFO - -rw-rw-r-- 1 *** root   22 Jun  4 01:41 archivo.txt
[2025-06-04T01:45:44.076+0000] {subprocess.py:97} INFO - Command exited with return code 0
[2025-06-04T01:45:44.099+0000] {taskinstance.py:340} INFO - ::group::Post task execution logs
[2025-06-04T01:45:44.100+0000] {taskinstance.py:352} INFO - Marking task as SUCCESS. dag_id=ejemplo_bash_dag_s5, task_id=list_files, run_id=manual__2025-06-04T01:45:40.882131+00:00, execution_date=20250604T014540, start_date=20250604T014543, end_date=20250604T014544
[2025-06-04T01:45:44.127+0000] {local_task_job_runner.py:266} INFO - Task exited with return code 0
[2025-06-04T01:45:44.153+0000] {taskinstance.py:3900} INFO - 1 downstream tasks scheduled from follow-on schedule check
[2025-06-04T01:45:44.155+0000] {local_task_job_runner.py:245} INFO - ::endgroup::
