[2025-06-04T01:41:36.128+0000] {local_task_job_runner.py:123} INFO - ::group::Pre task execution logs
[2025-06-04T01:41:36.144+0000] {taskinstance.py:2612} INFO - Dependencies all met for dep_context=non-requeueable deps ti=<TaskInstance: ejemplo_bash_dag_s5.show_file_content scheduled__2025-06-03T00:00:00+00:00 [queued]>
[2025-06-04T01:41:36.151+0000] {taskinstance.py:2612} INFO - Dependencies all met for dep_context=requeueable deps ti=<TaskInstance: ejemplo_bash_dag_s5.show_file_content scheduled__2025-06-03T00:00:00+00:00 [queued]>
[2025-06-04T01:41:36.151+0000] {taskinstance.py:2865} INFO - Starting attempt 1 of 3
[2025-06-04T01:41:36.165+0000] {taskinstance.py:2888} INFO - Executing <Task(BashOperator): show_file_content> on 2025-06-03 00:00:00+00:00
[2025-06-04T01:41:36.179+0000] {logging_mixin.py:190} WARNING - /home/***/.local/lib/python3.12/site-packages/***/task/task_runner/standard_task_runner.py:70 DeprecationWarning: This process (pid=12224) is multi-threaded, use of fork() may lead to deadlocks in the child.
[2025-06-04T01:41:36.180+0000] {standard_task_runner.py:72} INFO - Started process 12225 to run task
[2025-06-04T01:41:36.184+0000] {standard_task_runner.py:104} INFO - Running: ['***', 'tasks', 'run', 'ejemplo_bash_dag_s5', 'show_file_content', 'scheduled__2025-06-03T00:00:00+00:00', '--job-id', '294', '--raw', '--subdir', 'DAGS_FOLDER/Sesion5/DAG_bash_s5.py', '--cfg-path', '/tmp/tmphlpgj0u4']
[2025-06-04T01:41:36.186+0000] {standard_task_runner.py:105} INFO - Job 294: Subtask show_file_content
[2025-06-04T01:41:36.205+0000] {logging_mixin.py:190} WARNING - /home/***/.local/lib/python3.12/site-packages/***/settings.py:209 DeprecationWarning: The sql_alchemy_conn option in [core] has been moved to the sql_alchemy_conn option in [database] - the old setting has been used, but please update your config.
[2025-06-04T01:41:36.260+0000] {task_command.py:467} INFO - Running <TaskInstance: ejemplo_bash_dag_s5.show_file_content scheduled__2025-06-03T00:00:00+00:00 [running]> on host 31d54648d280
[2025-06-04T01:41:36.262+0000] {logging_mixin.py:190} WARNING - /home/***/.local/lib/python3.12/site-packages/***/settings.py:470 DeprecationWarning: The sql_alchemy_conn option in [core] has been moved to the sql_alchemy_conn option in [database] - the old setting has been used, but please update your config.
[2025-06-04T01:41:36.337+0000] {taskinstance.py:3131} INFO - Exporting env vars: AIRFLOW_CTX_DAG_OWNER='***' AIRFLOW_CTX_DAG_ID='ejemplo_bash_dag_s5' AIRFLOW_CTX_TASK_ID='show_file_content' AIRFLOW_CTX_EXECUTION_DATE='2025-06-03T00:00:00+00:00' AIRFLOW_CTX_TRY_NUMBER='1' AIRFLOW_CTX_DAG_RUN_ID='scheduled__2025-06-03T00:00:00+00:00'
[2025-06-04T01:41:36.337+0000] {taskinstance.py:731} INFO - ::endgroup::
[2025-06-04T01:41:36.352+0000] {subprocess.py:63} INFO - Tmp dir root location: /tmp
[2025-06-04T01:41:36.352+0000] {subprocess.py:75} INFO - Running command: ['/usr/bin/bash', '-c', 'cat /tmp/my_dir_datapath_s5/archivo.txt']
[2025-06-04T01:41:36.364+0000] {subprocess.py:86} INFO - Output:
[2025-06-04T01:41:36.369+0000] {subprocess.py:93} INFO - Contenido del archivo
[2025-06-04T01:41:36.370+0000] {subprocess.py:97} INFO - Command exited with return code 0
[2025-06-04T01:41:36.392+0000] {taskinstance.py:340} INFO - ::group::Post task execution logs
[2025-06-04T01:41:36.393+0000] {taskinstance.py:352} INFO - Marking task as SUCCESS. dag_id=ejemplo_bash_dag_s5, task_id=show_file_content, run_id=scheduled__2025-06-03T00:00:00+00:00, execution_date=20250603T000000, start_date=20250604T014136, end_date=20250604T014136
[2025-06-04T01:41:36.439+0000] {local_task_job_runner.py:266} INFO - Task exited with return code 0
[2025-06-04T01:41:36.455+0000] {taskinstance.py:3900} INFO - 0 downstream tasks scheduled from follow-on schedule check
[2025-06-04T01:41:36.456+0000] {local_task_job_runner.py:245} INFO - ::endgroup::
