[2025-05-28T02:33:51.956+0000] {local_task_job_runner.py:123} INFO - ::group::Pre task execution logs
[2025-05-28T02:33:52.238+0000] {taskinstance.py:2612} INFO - Dependencies all met for dep_context=non-requeueable deps ti=<TaskInstance: bash_dag.print_hello scheduled__2025-05-25T00:00:00+00:00 [queued]>
[2025-05-28T02:33:52.478+0000] {taskinstance.py:2612} INFO - Dependencies all met for dep_context=requeueable deps ti=<TaskInstance: bash_dag.print_hello scheduled__2025-05-25T00:00:00+00:00 [queued]>
[2025-05-28T02:33:52.479+0000] {taskinstance.py:2865} INFO - Starting attempt 1 of 2
[2025-05-28T02:33:52.734+0000] {taskinstance.py:2888} INFO - Executing <Task(BashOperator): print_hello> on 2025-05-25 00:00:00+00:00
[2025-05-28T02:33:52.874+0000] {logging_mixin.py:190} WARNING - /home/***/.local/lib/python3.12/site-packages/***/task/task_runner/standard_task_runner.py:70 DeprecationWarning: This process (pid=1556) is multi-threaded, use of fork() may lead to deadlocks in the child.
[2025-05-28T02:33:52.907+0000] {standard_task_runner.py:72} INFO - Started process 1588 to run task
[2025-05-28T02:33:52.877+0000] {standard_task_runner.py:104} INFO - Running: ['***', 'tasks', 'run', 'bash_dag', 'print_hello', 'scheduled__2025-05-25T00:00:00+00:00', '--job-id', '27', '--raw', '--subdir', 'DAGS_FOLDER/Sesion2/Ejemplo3.py', '--cfg-path', '/tmp/tmpl2j6njy1']
[2025-05-28T02:33:52.908+0000] {standard_task_runner.py:105} INFO - Job 27: Subtask print_hello
[2025-05-28T02:33:53.087+0000] {logging_mixin.py:190} WARNING - /home/***/.local/lib/python3.12/site-packages/***/settings.py:209 DeprecationWarning: The sql_alchemy_conn option in [core] has been moved to the sql_alchemy_conn option in [database] - the old setting has been used, but please update your config.
[2025-05-28T02:33:53.471+0000] {task_command.py:467} INFO - Running <TaskInstance: bash_dag.print_hello scheduled__2025-05-25T00:00:00+00:00 [running]> on host 31d54648d280
[2025-05-28T02:33:53.493+0000] {logging_mixin.py:190} WARNING - /home/***/.local/lib/python3.12/site-packages/***/settings.py:470 DeprecationWarning: The sql_alchemy_conn option in [core] has been moved to the sql_alchemy_conn option in [database] - the old setting has been used, but please update your config.
[2025-05-28T02:33:54.005+0000] {taskinstance.py:3131} INFO - Exporting env vars: AIRFLOW_CTX_DAG_OWNER='***' AIRFLOW_CTX_DAG_ID='bash_dag' AIRFLOW_CTX_TASK_ID='print_hello' AIRFLOW_CTX_EXECUTION_DATE='2025-05-25T00:00:00+00:00' AIRFLOW_CTX_TRY_NUMBER='1' AIRFLOW_CTX_DAG_RUN_ID='scheduled__2025-05-25T00:00:00+00:00'
[2025-05-28T02:33:54.007+0000] {taskinstance.py:731} INFO - ::endgroup::
[2025-05-28T02:33:54.102+0000] {subprocess.py:63} INFO - Tmp dir root location: /tmp
[2025-05-28T02:33:54.107+0000] {subprocess.py:75} INFO - Running command: ['/usr/bin/bash', '-c', 'echo "Hello World!"']
[2025-05-28T02:33:54.179+0000] {subprocess.py:86} INFO - Output:
[2025-05-28T02:33:54.192+0000] {subprocess.py:93} INFO - Hello World!
[2025-05-28T02:33:54.194+0000] {subprocess.py:97} INFO - Command exited with return code 0
[2025-05-28T02:33:54.268+0000] {taskinstance.py:340} INFO - ::group::Post task execution logs
[2025-05-28T02:33:54.269+0000] {taskinstance.py:352} INFO - Marking task as SUCCESS. dag_id=bash_dag, task_id=print_hello, run_id=scheduled__2025-05-25T00:00:00+00:00, execution_date=20250525T000000, start_date=20250528T023352, end_date=20250528T023354
[2025-05-28T02:33:54.340+0000] {local_task_job_runner.py:266} INFO - Task exited with return code 0
[2025-05-28T02:33:54.451+0000] {taskinstance.py:3900} INFO - 0 downstream tasks scheduled from follow-on schedule check
[2025-05-28T02:33:54.460+0000] {local_task_job_runner.py:245} INFO - ::endgroup::
