[2025-06-04T01:45:42.775+0000] {local_task_job_runner.py:123} INFO - ::group::Pre task execution logs
[2025-06-04T01:45:42.790+0000] {taskinstance.py:2612} INFO - Dependencies all met for dep_context=non-requeueable deps ti=<TaskInstance: ejemplo_bash_dag_s5.create_directory manual__2025-06-04T01:45:40.882131+00:00 [queued]>
[2025-06-04T01:45:42.798+0000] {taskinstance.py:2612} INFO - Dependencies all met for dep_context=requeueable deps ti=<TaskInstance: ejemplo_bash_dag_s5.create_directory manual__2025-06-04T01:45:40.882131+00:00 [queued]>
[2025-06-04T01:45:42.798+0000] {taskinstance.py:2865} INFO - Starting attempt 1 of 3
[2025-06-04T01:45:42.810+0000] {taskinstance.py:2888} INFO - Executing <Task(BashOperator): create_directory> on 2025-06-04 01:45:40.882131+00:00
[2025-06-04T01:45:42.819+0000] {logging_mixin.py:190} WARNING - /home/***/.local/lib/python3.12/site-packages/***/task/task_runner/standard_task_runner.py:70 DeprecationWarning: This process (pid=12893) is multi-threaded, use of fork() may lead to deadlocks in the child.
[2025-06-04T01:45:42.820+0000] {standard_task_runner.py:72} INFO - Started process 12894 to run task
[2025-06-04T01:45:42.819+0000] {standard_task_runner.py:104} INFO - Running: ['***', 'tasks', 'run', 'ejemplo_bash_dag_s5', 'create_directory', 'manual__2025-06-04T01:45:40.882131+00:00', '--job-id', '295', '--raw', '--subdir', 'DAGS_FOLDER/Sesion5/DAG_bash_s5.py', '--cfg-path', '/tmp/tmpxdp_xcuz']
[2025-06-04T01:45:42.821+0000] {standard_task_runner.py:105} INFO - Job 295: Subtask create_directory
[2025-06-04T01:45:42.834+0000] {logging_mixin.py:190} WARNING - /home/***/.local/lib/python3.12/site-packages/***/settings.py:209 DeprecationWarning: The sql_alchemy_conn option in [core] has been moved to the sql_alchemy_conn option in [database] - the old setting has been used, but please update your config.
[2025-06-04T01:45:42.860+0000] {task_command.py:467} INFO - Running <TaskInstance: ejemplo_bash_dag_s5.create_directory manual__2025-06-04T01:45:40.882131+00:00 [running]> on host 31d54648d280
[2025-06-04T01:45:42.940+0000] {taskinstance.py:3131} INFO - Exporting env vars: AIRFLOW_CTX_DAG_OWNER='***' AIRFLOW_CTX_DAG_ID='ejemplo_bash_dag_s5' AIRFLOW_CTX_TASK_ID='create_directory' AIRFLOW_CTX_EXECUTION_DATE='2025-06-04T01:45:40.882131+00:00' AIRFLOW_CTX_TRY_NUMBER='1' AIRFLOW_CTX_DAG_RUN_ID='manual__2025-06-04T01:45:40.882131+00:00'
[2025-06-04T01:45:42.941+0000] {taskinstance.py:731} INFO - ::endgroup::
[2025-06-04T01:45:42.956+0000] {subprocess.py:63} INFO - Tmp dir root location: /tmp
[2025-06-04T01:45:42.957+0000] {subprocess.py:75} INFO - Running command: ['/usr/bin/bash', '-c', 'mkdir -p /tmp/my_dir_datapath_s5']
[2025-06-04T01:45:42.969+0000] {subprocess.py:86} INFO - Output:
[2025-06-04T01:45:42.973+0000] {subprocess.py:97} INFO - Command exited with return code 0
[2025-06-04T01:45:42.996+0000] {taskinstance.py:340} INFO - ::group::Post task execution logs
[2025-06-04T01:45:42.997+0000] {taskinstance.py:352} INFO - Marking task as SUCCESS. dag_id=ejemplo_bash_dag_s5, task_id=create_directory, run_id=manual__2025-06-04T01:45:40.882131+00:00, execution_date=20250604T014540, start_date=20250604T014542, end_date=20250604T014542
[2025-06-04T01:45:43.035+0000] {local_task_job_runner.py:266} INFO - Task exited with return code 0
[2025-06-04T01:45:43.059+0000] {taskinstance.py:3900} INFO - 1 downstream tasks scheduled from follow-on schedule check
[2025-06-04T01:45:43.061+0000] {local_task_job_runner.py:245} INFO - ::endgroup::
