[2025-05-30T01:24:16.012+0000] {local_task_job_runner.py:123} INFO - ::group::Pre task execution logs
[2025-05-30T01:24:16.065+0000] {taskinstance.py:2612} INFO - Dependencies all met for dep_context=non-requeueable deps ti=<TaskInstance: flag_check_mysql_dag.check_flag scheduled__2025-05-29T02:46:00+00:00 [queued]>
[2025-05-30T01:24:16.104+0000] {taskinstance.py:2612} INFO - Dependencies all met for dep_context=requeueable deps ti=<TaskInstance: flag_check_mysql_dag.check_flag scheduled__2025-05-29T02:46:00+00:00 [queued]>
[2025-05-30T01:24:16.108+0000] {taskinstance.py:2865} INFO - Starting attempt 1 of 2
[2025-05-30T01:24:16.274+0000] {taskinstance.py:2888} INFO - Executing <Task(SqlSensor): check_flag> on 2025-05-29 02:46:00+00:00
[2025-05-30T01:24:16.309+0000] {logging_mixin.py:190} WARNING - /home/***/.local/lib/python3.12/site-packages/***/task/task_runner/standard_task_runner.py:70 DeprecationWarning: This process (pid=1461) is multi-threaded, use of fork() may lead to deadlocks in the child.
[2025-05-30T01:24:16.311+0000] {standard_task_runner.py:72} INFO - Started process 1467 to run task
[2025-05-30T01:24:16.308+0000] {standard_task_runner.py:104} INFO - Running: ['***', 'tasks', 'run', 'flag_check_mysql_dag', 'check_flag', 'scheduled__2025-05-29T02:46:00+00:00', '--job-id', '215', '--raw', '--subdir', 'DAGS_FOLDER/Sesion3/Ejemplo7.py', '--cfg-path', '/tmp/tmp79ybvbxz']
[2025-05-30T01:24:16.313+0000] {standard_task_runner.py:105} INFO - Job 215: Subtask check_flag
[2025-05-30T01:24:16.378+0000] {logging_mixin.py:190} WARNING - /home/***/.local/lib/python3.12/site-packages/***/settings.py:209 DeprecationWarning: The sql_alchemy_conn option in [core] has been moved to the sql_alchemy_conn option in [database] - the old setting has been used, but please update your config.
[2025-05-30T01:24:16.534+0000] {task_command.py:467} INFO - Running <TaskInstance: flag_check_mysql_dag.check_flag scheduled__2025-05-29T02:46:00+00:00 [running]> on host 31d54648d280
[2025-05-30T01:24:16.537+0000] {logging_mixin.py:190} WARNING - /home/***/.local/lib/python3.12/site-packages/***/settings.py:470 DeprecationWarning: The sql_alchemy_conn option in [core] has been moved to the sql_alchemy_conn option in [database] - the old setting has been used, but please update your config.
[2025-05-30T01:24:16.916+0000] {taskinstance.py:3131} INFO - Exporting env vars: AIRFLOW_CTX_DAG_OWNER='***' AIRFLOW_CTX_DAG_ID='flag_check_mysql_dag' AIRFLOW_CTX_TASK_ID='check_flag' AIRFLOW_CTX_EXECUTION_DATE='2025-05-29T02:46:00+00:00' AIRFLOW_CTX_TRY_NUMBER='1' AIRFLOW_CTX_DAG_RUN_ID='scheduled__2025-05-29T02:46:00+00:00'
[2025-05-30T01:24:16.918+0000] {taskinstance.py:731} INFO - ::endgroup::
[2025-05-30T01:24:17.058+0000] {base.py:84} INFO - Retrieving connection 'my_db_connection_mysql'
[2025-05-30T01:24:17.068+0000] {sql.py:96} INFO - Poking: SELECT flag FROM my_table WHERE id = 1 (with parameters None)
[2025-05-30T01:24:17.102+0000] {base.py:84} INFO - Retrieving connection 'my_db_connection_mysql'
[2025-05-30T01:24:17.134+0000] {sql.py:509} INFO - Running statement: SELECT flag FROM my_table WHERE id = 1, parameters: None
[2025-05-30T01:24:17.135+0000] {sql.py:518} INFO - Rows affected: 1
[2025-05-30T01:24:17.138+0000] {base.py:336} INFO - Success criteria met. Exiting.
[2025-05-30T01:24:17.161+0000] {taskinstance.py:340} INFO - ::group::Post task execution logs
[2025-05-30T01:24:17.164+0000] {taskinstance.py:352} INFO - Marking task as SUCCESS. dag_id=flag_check_mysql_dag, task_id=check_flag, run_id=scheduled__2025-05-29T02:46:00+00:00, execution_date=20250529T024600, start_date=20250530T012416, end_date=20250530T012417
[2025-05-30T01:24:17.351+0000] {local_task_job_runner.py:266} INFO - Task exited with return code 0
[2025-05-30T01:24:17.550+0000] {taskinstance.py:3900} INFO - 1 downstream tasks scheduled from follow-on schedule check
[2025-05-30T01:24:17.553+0000] {local_task_job_runner.py:245} INFO - ::endgroup::
