[2025-05-28T01:48:58.478+0000] {local_task_job_runner.py:123} INFO - ::group::Pre task execution logs
[2025-05-28T01:48:58.491+0000] {taskinstance.py:2612} INFO - Dependencies all met for dep_context=non-requeueable deps ti=<TaskInstance: hello_world_dag.hello_world_task scheduled__2025-05-27T00:00:00+00:00 [queued]>
[2025-05-28T01:48:58.497+0000] {taskinstance.py:2612} INFO - Dependencies all met for dep_context=requeueable deps ti=<TaskInstance: hello_world_dag.hello_world_task scheduled__2025-05-27T00:00:00+00:00 [queued]>
[2025-05-28T01:48:58.498+0000] {taskinstance.py:2865} INFO - Starting attempt 1 of 2
[2025-05-28T01:48:58.510+0000] {taskinstance.py:2888} INFO - Executing <Task(PythonOperator): hello_world_task> on 2025-05-27 00:00:00+00:00
[2025-05-28T01:48:58.518+0000] {logging_mixin.py:190} WARNING - /home/***/.local/lib/python3.12/site-packages/***/task/task_runner/standard_task_runner.py:70 DeprecationWarning: This process (pid=232) is multi-threaded, use of fork() may lead to deadlocks in the child.
[2025-05-28T01:48:58.519+0000] {standard_task_runner.py:72} INFO - Started process 233 to run task
[2025-05-28T01:48:58.518+0000] {standard_task_runner.py:104} INFO - Running: ['***', 'tasks', 'run', 'hello_world_dag', 'hello_world_task', 'scheduled__2025-05-27T00:00:00+00:00', '--job-id', '2', '--raw', '--subdir', 'DAGS_FOLDER/Ejemplo1.py', '--cfg-path', '/tmp/tmp9dyy_z92']
[2025-05-28T01:48:58.520+0000] {standard_task_runner.py:105} INFO - Job 2: Subtask hello_world_task
[2025-05-28T01:48:58.530+0000] {logging_mixin.py:190} WARNING - /home/***/.local/lib/python3.12/site-packages/***/settings.py:209 DeprecationWarning: The sql_alchemy_conn option in [core] has been moved to the sql_alchemy_conn option in [database] - the old setting has been used, but please update your config.
[2025-05-28T01:48:58.554+0000] {task_command.py:467} INFO - Running <TaskInstance: hello_world_dag.hello_world_task scheduled__2025-05-27T00:00:00+00:00 [running]> on host 31d54648d280
[2025-05-28T01:48:58.556+0000] {logging_mixin.py:190} WARNING - /home/***/.local/lib/python3.12/site-packages/***/settings.py:470 DeprecationWarning: The sql_alchemy_conn option in [core] has been moved to the sql_alchemy_conn option in [database] - the old setting has been used, but please update your config.
[2025-05-28T01:48:58.652+0000] {taskinstance.py:3131} INFO - Exporting env vars: AIRFLOW_CTX_DAG_OWNER='***' AIRFLOW_CTX_DAG_ID='hello_world_dag' AIRFLOW_CTX_TASK_ID='hello_world_task' AIRFLOW_CTX_EXECUTION_DATE='2025-05-27T00:00:00+00:00' AIRFLOW_CTX_TRY_NUMBER='1' AIRFLOW_CTX_DAG_RUN_ID='scheduled__2025-05-27T00:00:00+00:00'
[2025-05-28T01:48:58.653+0000] {taskinstance.py:731} INFO - ::endgroup::
[2025-05-28T01:48:58.687+0000] {logging_mixin.py:190} INFO - Hello World Datapath DEP26 - Módulo 9
[2025-05-28T01:48:58.687+0000] {python.py:240} INFO - Done. Returned value was: None
[2025-05-28T01:48:58.696+0000] {taskinstance.py:340} INFO - ::group::Post task execution logs
[2025-05-28T01:48:58.696+0000] {taskinstance.py:352} INFO - Marking task as SUCCESS. dag_id=hello_world_dag, task_id=hello_world_task, run_id=scheduled__2025-05-27T00:00:00+00:00, execution_date=20250527T000000, start_date=20250528T014858, end_date=20250528T014858
[2025-05-28T01:48:58.735+0000] {local_task_job_runner.py:266} INFO - Task exited with return code 0
[2025-05-28T01:48:58.748+0000] {taskinstance.py:3900} INFO - 0 downstream tasks scheduled from follow-on schedule check
[2025-05-28T01:48:58.749+0000] {local_task_job_runner.py:245} INFO - ::endgroup::
