[2025-05-30T01:19:58.539+0000] {local_task_job_runner.py:123} INFO - ::group::Pre task execution logs
[2025-05-30T01:19:58.620+0000] {taskinstance.py:2612} INFO - Dependencies all met for dep_context=non-requeueable deps ti=<TaskInstance: flag_check_mysql_dag.check_flag scheduled__2025-05-29T00:28:00+00:00 [queued]>
[2025-05-30T01:19:58.642+0000] {taskinstance.py:2612} INFO - Dependencies all met for dep_context=requeueable deps ti=<TaskInstance: flag_check_mysql_dag.check_flag scheduled__2025-05-29T00:28:00+00:00 [queued]>
[2025-05-30T01:19:58.642+0000] {taskinstance.py:2865} INFO - Starting attempt 1 of 2
[2025-05-30T01:19:58.857+0000] {taskinstance.py:2888} INFO - Executing <Task(SqlSensor): check_flag> on 2025-05-29 00:28:00+00:00
[2025-05-30T01:19:58.883+0000] {logging_mixin.py:190} WARNING - /home/***/.local/lib/python3.12/site-packages/***/task/task_runner/standard_task_runner.py:70 DeprecationWarning: This process (pid=658) is multi-threaded, use of fork() may lead to deadlocks in the child.
[2025-05-30T01:19:58.886+0000] {standard_task_runner.py:72} INFO - Started process 664 to run task
[2025-05-30T01:19:58.886+0000] {standard_task_runner.py:104} INFO - Running: ['***', 'tasks', 'run', 'flag_check_mysql_dag', 'check_flag', 'scheduled__2025-05-29T00:28:00+00:00', '--job-id', '63', '--raw', '--subdir', 'DAGS_FOLDER/Sesion3/Ejemplo7.py', '--cfg-path', '/tmp/tmpb95m5lpq']
[2025-05-30T01:19:58.888+0000] {standard_task_runner.py:105} INFO - Job 63: Subtask check_flag
[2025-05-30T01:19:58.913+0000] {logging_mixin.py:190} WARNING - /home/***/.local/lib/python3.12/site-packages/***/settings.py:209 DeprecationWarning: The sql_alchemy_conn option in [core] has been moved to the sql_alchemy_conn option in [database] - the old setting has been used, but please update your config.
[2025-05-30T01:19:58.955+0000] {task_command.py:467} INFO - Running <TaskInstance: flag_check_mysql_dag.check_flag scheduled__2025-05-29T00:28:00+00:00 [running]> on host 31d54648d280
[2025-05-30T01:19:58.959+0000] {logging_mixin.py:190} WARNING - /home/***/.local/lib/python3.12/site-packages/***/settings.py:470 DeprecationWarning: The sql_alchemy_conn option in [core] has been moved to the sql_alchemy_conn option in [database] - the old setting has been used, but please update your config.
[2025-05-30T01:19:59.232+0000] {taskinstance.py:3131} INFO - Exporting env vars: AIRFLOW_CTX_DAG_OWNER='***' AIRFLOW_CTX_DAG_ID='flag_check_mysql_dag' AIRFLOW_CTX_TASK_ID='check_flag' AIRFLOW_CTX_EXECUTION_DATE='2025-05-29T00:28:00+00:00' AIRFLOW_CTX_TRY_NUMBER='1' AIRFLOW_CTX_DAG_RUN_ID='scheduled__2025-05-29T00:28:00+00:00'
[2025-05-30T01:19:59.234+0000] {taskinstance.py:731} INFO - ::endgroup::
[2025-05-30T01:19:59.365+0000] {base.py:84} INFO - Retrieving connection 'my_db_connection_mysql'
[2025-05-30T01:19:59.371+0000] {sql.py:96} INFO - Poking: SELECT flag FROM my_table WHERE id = 1 (with parameters None)
[2025-05-30T01:19:59.382+0000] {base.py:84} INFO - Retrieving connection 'my_db_connection_mysql'
[2025-05-30T01:19:59.394+0000] {sql.py:509} INFO - Running statement: SELECT flag FROM my_table WHERE id = 1, parameters: None
[2025-05-30T01:19:59.395+0000] {sql.py:518} INFO - Rows affected: 1
[2025-05-30T01:20:29.403+0000] {base.py:84} INFO - Retrieving connection 'my_db_connection_mysql'
[2025-05-30T01:20:29.403+0000] {sql.py:96} INFO - Poking: SELECT flag FROM my_table WHERE id = 1 (with parameters None)
[2025-05-30T01:20:29.411+0000] {base.py:84} INFO - Retrieving connection 'my_db_connection_mysql'
[2025-05-30T01:20:29.413+0000] {sql.py:509} INFO - Running statement: SELECT flag FROM my_table WHERE id = 1, parameters: None
[2025-05-30T01:20:29.413+0000] {sql.py:518} INFO - Rows affected: 1
[2025-05-30T01:20:59.419+0000] {base.py:84} INFO - Retrieving connection 'my_db_connection_mysql'
[2025-05-30T01:20:59.420+0000] {sql.py:96} INFO - Poking: SELECT flag FROM my_table WHERE id = 1 (with parameters None)
[2025-05-30T01:20:59.425+0000] {base.py:84} INFO - Retrieving connection 'my_db_connection_mysql'
[2025-05-30T01:20:59.427+0000] {sql.py:509} INFO - Running statement: SELECT flag FROM my_table WHERE id = 1, parameters: None
[2025-05-30T01:20:59.427+0000] {sql.py:518} INFO - Rows affected: 1
[2025-05-30T01:21:29.434+0000] {base.py:84} INFO - Retrieving connection 'my_db_connection_mysql'
[2025-05-30T01:21:29.434+0000] {sql.py:96} INFO - Poking: SELECT flag FROM my_table WHERE id = 1 (with parameters None)
[2025-05-30T01:21:29.440+0000] {base.py:84} INFO - Retrieving connection 'my_db_connection_mysql'
[2025-05-30T01:21:29.441+0000] {sql.py:509} INFO - Running statement: SELECT flag FROM my_table WHERE id = 1, parameters: None
[2025-05-30T01:21:29.442+0000] {sql.py:518} INFO - Rows affected: 1
[2025-05-30T01:21:59.448+0000] {base.py:84} INFO - Retrieving connection 'my_db_connection_mysql'
[2025-05-30T01:21:59.448+0000] {sql.py:96} INFO - Poking: SELECT flag FROM my_table WHERE id = 1 (with parameters None)
[2025-05-30T01:21:59.453+0000] {base.py:84} INFO - Retrieving connection 'my_db_connection_mysql'
[2025-05-30T01:21:59.455+0000] {sql.py:509} INFO - Running statement: SELECT flag FROM my_table WHERE id = 1, parameters: None
[2025-05-30T01:21:59.456+0000] {sql.py:518} INFO - Rows affected: 1
[2025-05-30T01:22:29.462+0000] {base.py:84} INFO - Retrieving connection 'my_db_connection_mysql'
[2025-05-30T01:22:29.462+0000] {sql.py:96} INFO - Poking: SELECT flag FROM my_table WHERE id = 1 (with parameters None)
[2025-05-30T01:22:29.467+0000] {base.py:84} INFO - Retrieving connection 'my_db_connection_mysql'
[2025-05-30T01:22:29.469+0000] {sql.py:509} INFO - Running statement: SELECT flag FROM my_table WHERE id = 1, parameters: None
[2025-05-30T01:22:29.470+0000] {sql.py:518} INFO - Rows affected: 1
[2025-05-30T01:22:59.506+0000] {base.py:84} INFO - Retrieving connection 'my_db_connection_mysql'
[2025-05-30T01:22:59.512+0000] {sql.py:96} INFO - Poking: SELECT flag FROM my_table WHERE id = 1 (with parameters None)
[2025-05-30T01:22:59.549+0000] {base.py:84} INFO - Retrieving connection 'my_db_connection_mysql'
[2025-05-30T01:22:59.560+0000] {sql.py:509} INFO - Running statement: SELECT flag FROM my_table WHERE id = 1, parameters: None
[2025-05-30T01:22:59.562+0000] {sql.py:518} INFO - Rows affected: 1
[2025-05-30T01:22:59.566+0000] {base.py:336} INFO - Success criteria met. Exiting.
[2025-05-30T01:22:59.610+0000] {taskinstance.py:340} INFO - ::group::Post task execution logs
[2025-05-30T01:22:59.611+0000] {taskinstance.py:352} INFO - Marking task as SUCCESS. dag_id=flag_check_mysql_dag, task_id=check_flag, run_id=scheduled__2025-05-29T00:28:00+00:00, execution_date=20250529T002800, start_date=20250530T011958, end_date=20250530T012259
[2025-05-30T01:23:00.133+0000] {local_task_job_runner.py:266} INFO - Task exited with return code 0
[2025-05-30T01:23:00.417+0000] {taskinstance.py:3900} INFO - 1 downstream tasks scheduled from follow-on schedule check
[2025-05-30T01:23:00.443+0000] {local_task_job_runner.py:245} INFO - ::endgroup::
