[2025-06-05T02:01:08.054+0000] {processor.py:186} INFO - Started process (PID=183) to work on /opt/airflow/dags/Sesion5/data/HolaMundoDatapath.jar
[2025-06-05T02:01:08.055+0000] {processor.py:914} INFO - Processing file /opt/airflow/dags/Sesion5/data/HolaMundoDatapath.jar for tasks to queue
[2025-06-05T02:01:08.057+0000] {logging_mixin.py:190} INFO - [2025-06-05T02:01:08.057+0000] {dagbag.py:588} INFO - Filling up the DagBag from /opt/airflow/dags/Sesion5/data/HolaMundoDatapath.jar
[2025-06-05T02:01:08.059+0000] {processor.py:927} WARNING - No viable dags retrieved from /opt/airflow/dags/Sesion5/data/HolaMundoDatapath.jar
[2025-06-05T02:01:08.084+0000] {processor.py:208} INFO - Processing /opt/airflow/dags/Sesion5/data/HolaMundoDatapath.jar took 0.037 seconds
[2025-06-05T02:01:39.006+0000] {processor.py:186} INFO - Started process (PID=301) to work on /opt/airflow/dags/Sesion5/data/HolaMundoDatapath.jar
[2025-06-05T02:01:39.007+0000] {processor.py:914} INFO - Processing file /opt/airflow/dags/Sesion5/data/HolaMundoDatapath.jar for tasks to queue
[2025-06-05T02:01:39.021+0000] {logging_mixin.py:190} INFO - [2025-06-05T02:01:39.010+0000] {dagbag.py:588} INFO - Filling up the DagBag from /opt/airflow/dags/Sesion5/data/HolaMundoDatapath.jar
[2025-06-05T02:01:39.026+0000] {processor.py:927} WARNING - No viable dags retrieved from /opt/airflow/dags/Sesion5/data/HolaMundoDatapath.jar
[2025-06-05T02:01:39.065+0000] {processor.py:208} INFO - Processing /opt/airflow/dags/Sesion5/data/HolaMundoDatapath.jar took 0.090 seconds
[2025-06-05T02:02:09.785+0000] {processor.py:186} INFO - Started process (PID=414) to work on /opt/airflow/dags/Sesion5/data/HolaMundoDatapath.jar
[2025-06-05T02:02:09.787+0000] {processor.py:914} INFO - Processing file /opt/airflow/dags/Sesion5/data/HolaMundoDatapath.jar for tasks to queue
[2025-06-05T02:02:09.793+0000] {logging_mixin.py:190} INFO - [2025-06-05T02:02:09.792+0000] {dagbag.py:588} INFO - Filling up the DagBag from /opt/airflow/dags/Sesion5/data/HolaMundoDatapath.jar
[2025-06-05T02:02:09.798+0000] {processor.py:927} WARNING - No viable dags retrieved from /opt/airflow/dags/Sesion5/data/HolaMundoDatapath.jar
[2025-06-05T02:02:09.841+0000] {processor.py:208} INFO - Processing /opt/airflow/dags/Sesion5/data/HolaMundoDatapath.jar took 0.070 seconds
[2025-06-05T02:04:24.454+0000] {processor.py:186} INFO - Started process (PID=168) to work on /opt/airflow/dags/Sesion5/data/HolaMundoDatapath.jar
[2025-06-05T02:04:24.467+0000] {processor.py:914} INFO - Processing file /opt/airflow/dags/Sesion5/data/HolaMundoDatapath.jar for tasks to queue
[2025-06-05T02:04:24.481+0000] {logging_mixin.py:190} INFO - [2025-06-05T02:04:24.475+0000] {dagbag.py:588} INFO - Filling up the DagBag from /opt/airflow/dags/Sesion5/data/HolaMundoDatapath.jar
[2025-06-05T02:04:24.490+0000] {processor.py:927} WARNING - No viable dags retrieved from /opt/airflow/dags/Sesion5/data/HolaMundoDatapath.jar
[2025-06-05T02:04:24.581+0000] {processor.py:208} INFO - Processing /opt/airflow/dags/Sesion5/data/HolaMundoDatapath.jar took 0.165 seconds
[2025-06-05T02:04:54.884+0000] {processor.py:186} INFO - Started process (PID=281) to work on /opt/airflow/dags/Sesion5/data/HolaMundoDatapath.jar
[2025-06-05T02:04:54.886+0000] {processor.py:914} INFO - Processing file /opt/airflow/dags/Sesion5/data/HolaMundoDatapath.jar for tasks to queue
[2025-06-05T02:04:54.888+0000] {logging_mixin.py:190} INFO - [2025-06-05T02:04:54.888+0000] {dagbag.py:588} INFO - Filling up the DagBag from /opt/airflow/dags/Sesion5/data/HolaMundoDatapath.jar
[2025-06-05T02:04:54.889+0000] {processor.py:927} WARNING - No viable dags retrieved from /opt/airflow/dags/Sesion5/data/HolaMundoDatapath.jar
[2025-06-05T02:04:54.901+0000] {processor.py:208} INFO - Processing /opt/airflow/dags/Sesion5/data/HolaMundoDatapath.jar took 0.023 seconds
[2025-06-05T02:05:25.252+0000] {processor.py:186} INFO - Started process (PID=396) to work on /opt/airflow/dags/Sesion5/data/HolaMundoDatapath.jar
[2025-06-05T02:05:25.253+0000] {processor.py:914} INFO - Processing file /opt/airflow/dags/Sesion5/data/HolaMundoDatapath.jar for tasks to queue
[2025-06-05T02:05:25.256+0000] {logging_mixin.py:190} INFO - [2025-06-05T02:05:25.256+0000] {dagbag.py:588} INFO - Filling up the DagBag from /opt/airflow/dags/Sesion5/data/HolaMundoDatapath.jar
[2025-06-05T02:05:25.257+0000] {processor.py:927} WARNING - No viable dags retrieved from /opt/airflow/dags/Sesion5/data/HolaMundoDatapath.jar
[2025-06-05T02:05:25.269+0000] {processor.py:208} INFO - Processing /opt/airflow/dags/Sesion5/data/HolaMundoDatapath.jar took 0.023 seconds
[2025-06-05T02:05:55.461+0000] {processor.py:186} INFO - Started process (PID=513) to work on /opt/airflow/dags/Sesion5/data/HolaMundoDatapath.jar
[2025-06-05T02:05:55.463+0000] {processor.py:914} INFO - Processing file /opt/airflow/dags/Sesion5/data/HolaMundoDatapath.jar for tasks to queue
[2025-06-05T02:05:55.465+0000] {logging_mixin.py:190} INFO - [2025-06-05T02:05:55.465+0000] {dagbag.py:588} INFO - Filling up the DagBag from /opt/airflow/dags/Sesion5/data/HolaMundoDatapath.jar
[2025-06-05T02:05:55.467+0000] {processor.py:927} WARNING - No viable dags retrieved from /opt/airflow/dags/Sesion5/data/HolaMundoDatapath.jar
[2025-06-05T02:05:55.482+0000] {processor.py:208} INFO - Processing /opt/airflow/dags/Sesion5/data/HolaMundoDatapath.jar took 0.030 seconds
[2025-06-05T02:06:25.773+0000] {processor.py:186} INFO - Started process (PID=628) to work on /opt/airflow/dags/Sesion5/data/HolaMundoDatapath.jar
[2025-06-05T02:06:25.774+0000] {processor.py:914} INFO - Processing file /opt/airflow/dags/Sesion5/data/HolaMundoDatapath.jar for tasks to queue
[2025-06-05T02:06:25.776+0000] {logging_mixin.py:190} INFO - [2025-06-05T02:06:25.775+0000] {dagbag.py:588} INFO - Filling up the DagBag from /opt/airflow/dags/Sesion5/data/HolaMundoDatapath.jar
[2025-06-05T02:06:25.777+0000] {processor.py:927} WARNING - No viable dags retrieved from /opt/airflow/dags/Sesion5/data/HolaMundoDatapath.jar
[2025-06-05T02:06:25.788+0000] {processor.py:208} INFO - Processing /opt/airflow/dags/Sesion5/data/HolaMundoDatapath.jar took 0.020 seconds
[2025-06-05T02:06:56.765+0000] {processor.py:186} INFO - Started process (PID=743) to work on /opt/airflow/dags/Sesion5/data/HolaMundoDatapath.jar
[2025-06-05T02:06:56.766+0000] {processor.py:914} INFO - Processing file /opt/airflow/dags/Sesion5/data/HolaMundoDatapath.jar for tasks to queue
[2025-06-05T02:06:56.768+0000] {logging_mixin.py:190} INFO - [2025-06-05T02:06:56.768+0000] {dagbag.py:588} INFO - Filling up the DagBag from /opt/airflow/dags/Sesion5/data/HolaMundoDatapath.jar
[2025-06-05T02:06:56.769+0000] {processor.py:927} WARNING - No viable dags retrieved from /opt/airflow/dags/Sesion5/data/HolaMundoDatapath.jar
[2025-06-05T02:06:56.780+0000] {processor.py:208} INFO - Processing /opt/airflow/dags/Sesion5/data/HolaMundoDatapath.jar took 0.020 seconds
[2025-06-05T02:07:27.046+0000] {processor.py:186} INFO - Started process (PID=856) to work on /opt/airflow/dags/Sesion5/data/HolaMundoDatapath.jar
[2025-06-05T02:07:27.051+0000] {processor.py:914} INFO - Processing file /opt/airflow/dags/Sesion5/data/HolaMundoDatapath.jar for tasks to queue
[2025-06-05T02:07:27.056+0000] {logging_mixin.py:190} INFO - [2025-06-05T02:07:27.054+0000] {dagbag.py:588} INFO - Filling up the DagBag from /opt/airflow/dags/Sesion5/data/HolaMundoDatapath.jar
[2025-06-05T02:07:27.059+0000] {processor.py:927} WARNING - No viable dags retrieved from /opt/airflow/dags/Sesion5/data/HolaMundoDatapath.jar
[2025-06-05T02:07:27.082+0000] {processor.py:208} INFO - Processing /opt/airflow/dags/Sesion5/data/HolaMundoDatapath.jar took 0.052 seconds
[2025-06-05T02:07:57.168+0000] {processor.py:186} INFO - Started process (PID=971) to work on /opt/airflow/dags/Sesion5/data/HolaMundoDatapath.jar
[2025-06-05T02:07:57.169+0000] {processor.py:914} INFO - Processing file /opt/airflow/dags/Sesion5/data/HolaMundoDatapath.jar for tasks to queue
[2025-06-05T02:07:57.171+0000] {logging_mixin.py:190} INFO - [2025-06-05T02:07:57.171+0000] {dagbag.py:588} INFO - Filling up the DagBag from /opt/airflow/dags/Sesion5/data/HolaMundoDatapath.jar
[2025-06-05T02:07:57.173+0000] {processor.py:927} WARNING - No viable dags retrieved from /opt/airflow/dags/Sesion5/data/HolaMundoDatapath.jar
[2025-06-05T02:07:57.188+0000] {processor.py:208} INFO - Processing /opt/airflow/dags/Sesion5/data/HolaMundoDatapath.jar took 0.027 seconds
[2025-06-05T02:08:27.497+0000] {processor.py:186} INFO - Started process (PID=1088) to work on /opt/airflow/dags/Sesion5/data/HolaMundoDatapath.jar
[2025-06-05T02:08:27.498+0000] {processor.py:914} INFO - Processing file /opt/airflow/dags/Sesion5/data/HolaMundoDatapath.jar for tasks to queue
[2025-06-05T02:08:27.500+0000] {logging_mixin.py:190} INFO - [2025-06-05T02:08:27.499+0000] {dagbag.py:588} INFO - Filling up the DagBag from /opt/airflow/dags/Sesion5/data/HolaMundoDatapath.jar
[2025-06-05T02:08:27.501+0000] {processor.py:927} WARNING - No viable dags retrieved from /opt/airflow/dags/Sesion5/data/HolaMundoDatapath.jar
[2025-06-05T02:08:27.512+0000] {processor.py:208} INFO - Processing /opt/airflow/dags/Sesion5/data/HolaMundoDatapath.jar took 0.019 seconds
[2025-06-05T02:08:58.546+0000] {processor.py:186} INFO - Started process (PID=1203) to work on /opt/airflow/dags/Sesion5/data/HolaMundoDatapath.jar
[2025-06-05T02:08:58.547+0000] {processor.py:914} INFO - Processing file /opt/airflow/dags/Sesion5/data/HolaMundoDatapath.jar for tasks to queue
[2025-06-05T02:08:58.549+0000] {logging_mixin.py:190} INFO - [2025-06-05T02:08:58.548+0000] {dagbag.py:588} INFO - Filling up the DagBag from /opt/airflow/dags/Sesion5/data/HolaMundoDatapath.jar
[2025-06-05T02:08:58.550+0000] {processor.py:927} WARNING - No viable dags retrieved from /opt/airflow/dags/Sesion5/data/HolaMundoDatapath.jar
[2025-06-05T02:08:58.561+0000] {processor.py:208} INFO - Processing /opt/airflow/dags/Sesion5/data/HolaMundoDatapath.jar took 0.020 seconds
[2025-06-05T02:09:29.444+0000] {processor.py:186} INFO - Started process (PID=1318) to work on /opt/airflow/dags/Sesion5/data/HolaMundoDatapath.jar
[2025-06-05T02:09:29.445+0000] {processor.py:914} INFO - Processing file /opt/airflow/dags/Sesion5/data/HolaMundoDatapath.jar for tasks to queue
[2025-06-05T02:09:29.447+0000] {logging_mixin.py:190} INFO - [2025-06-05T02:09:29.446+0000] {dagbag.py:588} INFO - Filling up the DagBag from /opt/airflow/dags/Sesion5/data/HolaMundoDatapath.jar
[2025-06-05T02:09:29.448+0000] {processor.py:927} WARNING - No viable dags retrieved from /opt/airflow/dags/Sesion5/data/HolaMundoDatapath.jar
[2025-06-05T02:09:29.458+0000] {processor.py:208} INFO - Processing /opt/airflow/dags/Sesion5/data/HolaMundoDatapath.jar took 0.020 seconds
[2025-06-05T02:09:59.872+0000] {processor.py:186} INFO - Started process (PID=1433) to work on /opt/airflow/dags/Sesion5/data/HolaMundoDatapath.jar
[2025-06-05T02:09:59.872+0000] {processor.py:914} INFO - Processing file /opt/airflow/dags/Sesion5/data/HolaMundoDatapath.jar for tasks to queue
[2025-06-05T02:09:59.874+0000] {logging_mixin.py:190} INFO - [2025-06-05T02:09:59.874+0000] {dagbag.py:588} INFO - Filling up the DagBag from /opt/airflow/dags/Sesion5/data/HolaMundoDatapath.jar
[2025-06-05T02:09:59.875+0000] {processor.py:927} WARNING - No viable dags retrieved from /opt/airflow/dags/Sesion5/data/HolaMundoDatapath.jar
[2025-06-05T02:09:59.886+0000] {processor.py:208} INFO - Processing /opt/airflow/dags/Sesion5/data/HolaMundoDatapath.jar took 0.020 seconds
[2025-06-05T02:10:30.937+0000] {processor.py:186} INFO - Started process (PID=1548) to work on /opt/airflow/dags/Sesion5/data/HolaMundoDatapath.jar
[2025-06-05T02:10:30.938+0000] {processor.py:914} INFO - Processing file /opt/airflow/dags/Sesion5/data/HolaMundoDatapath.jar for tasks to queue
[2025-06-05T02:10:30.940+0000] {logging_mixin.py:190} INFO - [2025-06-05T02:10:30.940+0000] {dagbag.py:588} INFO - Filling up the DagBag from /opt/airflow/dags/Sesion5/data/HolaMundoDatapath.jar
[2025-06-05T02:10:30.942+0000] {processor.py:927} WARNING - No viable dags retrieved from /opt/airflow/dags/Sesion5/data/HolaMundoDatapath.jar
[2025-06-05T02:10:30.957+0000] {processor.py:208} INFO - Processing /opt/airflow/dags/Sesion5/data/HolaMundoDatapath.jar took 0.027 seconds
[2025-06-05T02:11:01.122+0000] {processor.py:186} INFO - Started process (PID=1663) to work on /opt/airflow/dags/Sesion5/data/HolaMundoDatapath.jar
[2025-06-05T02:11:01.123+0000] {processor.py:914} INFO - Processing file /opt/airflow/dags/Sesion5/data/HolaMundoDatapath.jar for tasks to queue
[2025-06-05T02:11:01.125+0000] {logging_mixin.py:190} INFO - [2025-06-05T02:11:01.124+0000] {dagbag.py:588} INFO - Filling up the DagBag from /opt/airflow/dags/Sesion5/data/HolaMundoDatapath.jar
[2025-06-05T02:11:01.126+0000] {processor.py:927} WARNING - No viable dags retrieved from /opt/airflow/dags/Sesion5/data/HolaMundoDatapath.jar
[2025-06-05T02:11:01.137+0000] {processor.py:208} INFO - Processing /opt/airflow/dags/Sesion5/data/HolaMundoDatapath.jar took 0.019 seconds
[2025-06-05T02:11:31.419+0000] {processor.py:186} INFO - Started process (PID=1778) to work on /opt/airflow/dags/Sesion5/data/HolaMundoDatapath.jar
[2025-06-05T02:11:31.420+0000] {processor.py:914} INFO - Processing file /opt/airflow/dags/Sesion5/data/HolaMundoDatapath.jar for tasks to queue
[2025-06-05T02:11:31.423+0000] {logging_mixin.py:190} INFO - [2025-06-05T02:11:31.423+0000] {dagbag.py:588} INFO - Filling up the DagBag from /opt/airflow/dags/Sesion5/data/HolaMundoDatapath.jar
[2025-06-05T02:11:31.424+0000] {processor.py:927} WARNING - No viable dags retrieved from /opt/airflow/dags/Sesion5/data/HolaMundoDatapath.jar
[2025-06-05T02:11:31.437+0000] {processor.py:208} INFO - Processing /opt/airflow/dags/Sesion5/data/HolaMundoDatapath.jar took 0.025 seconds
[2025-06-05T02:12:02.396+0000] {processor.py:186} INFO - Started process (PID=1893) to work on /opt/airflow/dags/Sesion5/data/HolaMundoDatapath.jar
[2025-06-05T02:12:02.397+0000] {processor.py:914} INFO - Processing file /opt/airflow/dags/Sesion5/data/HolaMundoDatapath.jar for tasks to queue
[2025-06-05T02:12:02.399+0000] {logging_mixin.py:190} INFO - [2025-06-05T02:12:02.398+0000] {dagbag.py:588} INFO - Filling up the DagBag from /opt/airflow/dags/Sesion5/data/HolaMundoDatapath.jar
[2025-06-05T02:12:02.400+0000] {processor.py:927} WARNING - No viable dags retrieved from /opt/airflow/dags/Sesion5/data/HolaMundoDatapath.jar
[2025-06-05T02:12:02.411+0000] {processor.py:208} INFO - Processing /opt/airflow/dags/Sesion5/data/HolaMundoDatapath.jar took 0.019 seconds
[2025-06-05T02:12:33.489+0000] {processor.py:186} INFO - Started process (PID=2008) to work on /opt/airflow/dags/Sesion5/data/HolaMundoDatapath.jar
[2025-06-05T02:12:33.489+0000] {processor.py:914} INFO - Processing file /opt/airflow/dags/Sesion5/data/HolaMundoDatapath.jar for tasks to queue
[2025-06-05T02:12:33.491+0000] {logging_mixin.py:190} INFO - [2025-06-05T02:12:33.491+0000] {dagbag.py:588} INFO - Filling up the DagBag from /opt/airflow/dags/Sesion5/data/HolaMundoDatapath.jar
[2025-06-05T02:12:33.492+0000] {processor.py:927} WARNING - No viable dags retrieved from /opt/airflow/dags/Sesion5/data/HolaMundoDatapath.jar
[2025-06-05T02:12:33.502+0000] {processor.py:208} INFO - Processing /opt/airflow/dags/Sesion5/data/HolaMundoDatapath.jar took 0.019 seconds
[2025-06-05T02:13:03.832+0000] {processor.py:186} INFO - Started process (PID=2123) to work on /opt/airflow/dags/Sesion5/data/HolaMundoDatapath.jar
[2025-06-05T02:13:03.833+0000] {processor.py:914} INFO - Processing file /opt/airflow/dags/Sesion5/data/HolaMundoDatapath.jar for tasks to queue
[2025-06-05T02:13:03.835+0000] {logging_mixin.py:190} INFO - [2025-06-05T02:13:03.835+0000] {dagbag.py:588} INFO - Filling up the DagBag from /opt/airflow/dags/Sesion5/data/HolaMundoDatapath.jar
[2025-06-05T02:13:03.836+0000] {processor.py:927} WARNING - No viable dags retrieved from /opt/airflow/dags/Sesion5/data/HolaMundoDatapath.jar
[2025-06-05T02:13:03.846+0000] {processor.py:208} INFO - Processing /opt/airflow/dags/Sesion5/data/HolaMundoDatapath.jar took 0.019 seconds
[2025-06-05T02:13:34.926+0000] {processor.py:186} INFO - Started process (PID=2238) to work on /opt/airflow/dags/Sesion5/data/HolaMundoDatapath.jar
[2025-06-05T02:13:34.927+0000] {processor.py:914} INFO - Processing file /opt/airflow/dags/Sesion5/data/HolaMundoDatapath.jar for tasks to queue
[2025-06-05T02:13:34.929+0000] {logging_mixin.py:190} INFO - [2025-06-05T02:13:34.929+0000] {dagbag.py:588} INFO - Filling up the DagBag from /opt/airflow/dags/Sesion5/data/HolaMundoDatapath.jar
[2025-06-05T02:13:34.931+0000] {processor.py:927} WARNING - No viable dags retrieved from /opt/airflow/dags/Sesion5/data/HolaMundoDatapath.jar
[2025-06-05T02:13:34.949+0000] {processor.py:208} INFO - Processing /opt/airflow/dags/Sesion5/data/HolaMundoDatapath.jar took 0.031 seconds
[2025-06-05T02:14:05.128+0000] {processor.py:186} INFO - Started process (PID=2353) to work on /opt/airflow/dags/Sesion5/data/HolaMundoDatapath.jar
[2025-06-05T02:14:05.130+0000] {processor.py:914} INFO - Processing file /opt/airflow/dags/Sesion5/data/HolaMundoDatapath.jar for tasks to queue
[2025-06-05T02:14:05.133+0000] {logging_mixin.py:190} INFO - [2025-06-05T02:14:05.132+0000] {dagbag.py:588} INFO - Filling up the DagBag from /opt/airflow/dags/Sesion5/data/HolaMundoDatapath.jar
[2025-06-05T02:14:05.134+0000] {processor.py:927} WARNING - No viable dags retrieved from /opt/airflow/dags/Sesion5/data/HolaMundoDatapath.jar
[2025-06-05T02:14:05.149+0000] {processor.py:208} INFO - Processing /opt/airflow/dags/Sesion5/data/HolaMundoDatapath.jar took 0.029 seconds
[2025-06-05T02:14:35.283+0000] {processor.py:186} INFO - Started process (PID=2468) to work on /opt/airflow/dags/Sesion5/data/HolaMundoDatapath.jar
[2025-06-05T02:14:35.284+0000] {processor.py:914} INFO - Processing file /opt/airflow/dags/Sesion5/data/HolaMundoDatapath.jar for tasks to queue
[2025-06-05T02:14:35.286+0000] {logging_mixin.py:190} INFO - [2025-06-05T02:14:35.285+0000] {dagbag.py:588} INFO - Filling up the DagBag from /opt/airflow/dags/Sesion5/data/HolaMundoDatapath.jar
[2025-06-05T02:14:35.287+0000] {processor.py:927} WARNING - No viable dags retrieved from /opt/airflow/dags/Sesion5/data/HolaMundoDatapath.jar
[2025-06-05T02:14:35.297+0000] {processor.py:208} INFO - Processing /opt/airflow/dags/Sesion5/data/HolaMundoDatapath.jar took 0.020 seconds
[2025-06-05T02:15:05.685+0000] {processor.py:186} INFO - Started process (PID=2583) to work on /opt/airflow/dags/Sesion5/data/HolaMundoDatapath.jar
[2025-06-05T02:15:05.685+0000] {processor.py:914} INFO - Processing file /opt/airflow/dags/Sesion5/data/HolaMundoDatapath.jar for tasks to queue
[2025-06-05T02:15:05.687+0000] {logging_mixin.py:190} INFO - [2025-06-05T02:15:05.687+0000] {dagbag.py:588} INFO - Filling up the DagBag from /opt/airflow/dags/Sesion5/data/HolaMundoDatapath.jar
[2025-06-05T02:15:05.688+0000] {processor.py:927} WARNING - No viable dags retrieved from /opt/airflow/dags/Sesion5/data/HolaMundoDatapath.jar
[2025-06-05T02:15:05.699+0000] {processor.py:208} INFO - Processing /opt/airflow/dags/Sesion5/data/HolaMundoDatapath.jar took 0.019 seconds
[2025-06-05T02:15:36.767+0000] {processor.py:186} INFO - Started process (PID=2698) to work on /opt/airflow/dags/Sesion5/data/HolaMundoDatapath.jar
[2025-06-05T02:15:36.769+0000] {processor.py:914} INFO - Processing file /opt/airflow/dags/Sesion5/data/HolaMundoDatapath.jar for tasks to queue
[2025-06-05T02:15:36.773+0000] {logging_mixin.py:190} INFO - [2025-06-05T02:15:36.772+0000] {dagbag.py:588} INFO - Filling up the DagBag from /opt/airflow/dags/Sesion5/data/HolaMundoDatapath.jar
[2025-06-05T02:15:36.775+0000] {processor.py:927} WARNING - No viable dags retrieved from /opt/airflow/dags/Sesion5/data/HolaMundoDatapath.jar
[2025-06-05T02:15:36.792+0000] {processor.py:208} INFO - Processing /opt/airflow/dags/Sesion5/data/HolaMundoDatapath.jar took 0.032 seconds
[2025-06-05T02:16:07.805+0000] {processor.py:186} INFO - Started process (PID=2813) to work on /opt/airflow/dags/Sesion5/data/HolaMundoDatapath.jar
[2025-06-05T02:16:07.806+0000] {processor.py:914} INFO - Processing file /opt/airflow/dags/Sesion5/data/HolaMundoDatapath.jar for tasks to queue
[2025-06-05T02:16:07.809+0000] {logging_mixin.py:190} INFO - [2025-06-05T02:16:07.809+0000] {dagbag.py:588} INFO - Filling up the DagBag from /opt/airflow/dags/Sesion5/data/HolaMundoDatapath.jar
[2025-06-05T02:16:07.811+0000] {processor.py:927} WARNING - No viable dags retrieved from /opt/airflow/dags/Sesion5/data/HolaMundoDatapath.jar
[2025-06-05T02:16:07.826+0000] {processor.py:208} INFO - Processing /opt/airflow/dags/Sesion5/data/HolaMundoDatapath.jar took 0.027 seconds
[2025-06-05T02:16:38.285+0000] {processor.py:186} INFO - Started process (PID=2928) to work on /opt/airflow/dags/Sesion5/data/HolaMundoDatapath.jar
[2025-06-05T02:16:38.286+0000] {processor.py:914} INFO - Processing file /opt/airflow/dags/Sesion5/data/HolaMundoDatapath.jar for tasks to queue
[2025-06-05T02:16:38.288+0000] {logging_mixin.py:190} INFO - [2025-06-05T02:16:38.288+0000] {dagbag.py:588} INFO - Filling up the DagBag from /opt/airflow/dags/Sesion5/data/HolaMundoDatapath.jar
[2025-06-05T02:16:38.289+0000] {processor.py:927} WARNING - No viable dags retrieved from /opt/airflow/dags/Sesion5/data/HolaMundoDatapath.jar
[2025-06-05T02:16:38.300+0000] {processor.py:208} INFO - Processing /opt/airflow/dags/Sesion5/data/HolaMundoDatapath.jar took 0.020 seconds
[2025-06-05T02:17:08.657+0000] {processor.py:186} INFO - Started process (PID=3043) to work on /opt/airflow/dags/Sesion5/data/HolaMundoDatapath.jar
[2025-06-05T02:17:08.657+0000] {processor.py:914} INFO - Processing file /opt/airflow/dags/Sesion5/data/HolaMundoDatapath.jar for tasks to queue
[2025-06-05T02:17:08.659+0000] {logging_mixin.py:190} INFO - [2025-06-05T02:17:08.659+0000] {dagbag.py:588} INFO - Filling up the DagBag from /opt/airflow/dags/Sesion5/data/HolaMundoDatapath.jar
[2025-06-05T02:17:08.660+0000] {processor.py:927} WARNING - No viable dags retrieved from /opt/airflow/dags/Sesion5/data/HolaMundoDatapath.jar
[2025-06-05T02:17:08.671+0000] {processor.py:208} INFO - Processing /opt/airflow/dags/Sesion5/data/HolaMundoDatapath.jar took 0.020 seconds
[2025-06-05T02:17:38.993+0000] {processor.py:186} INFO - Started process (PID=3158) to work on /opt/airflow/dags/Sesion5/data/HolaMundoDatapath.jar
[2025-06-05T02:17:38.994+0000] {processor.py:914} INFO - Processing file /opt/airflow/dags/Sesion5/data/HolaMundoDatapath.jar for tasks to queue
[2025-06-05T02:17:38.996+0000] {logging_mixin.py:190} INFO - [2025-06-05T02:17:38.996+0000] {dagbag.py:588} INFO - Filling up the DagBag from /opt/airflow/dags/Sesion5/data/HolaMundoDatapath.jar
[2025-06-05T02:17:38.997+0000] {processor.py:927} WARNING - No viable dags retrieved from /opt/airflow/dags/Sesion5/data/HolaMundoDatapath.jar
[2025-06-05T02:17:39.009+0000] {processor.py:208} INFO - Processing /opt/airflow/dags/Sesion5/data/HolaMundoDatapath.jar took 0.020 seconds
[2025-06-05T02:18:10.011+0000] {processor.py:186} INFO - Started process (PID=3271) to work on /opt/airflow/dags/Sesion5/data/HolaMundoDatapath.jar
[2025-06-05T02:18:10.012+0000] {processor.py:914} INFO - Processing file /opt/airflow/dags/Sesion5/data/HolaMundoDatapath.jar for tasks to queue
[2025-06-05T02:18:10.015+0000] {logging_mixin.py:190} INFO - [2025-06-05T02:18:10.014+0000] {dagbag.py:588} INFO - Filling up the DagBag from /opt/airflow/dags/Sesion5/data/HolaMundoDatapath.jar
[2025-06-05T02:18:10.016+0000] {processor.py:927} WARNING - No viable dags retrieved from /opt/airflow/dags/Sesion5/data/HolaMundoDatapath.jar
[2025-06-05T02:18:10.028+0000] {processor.py:208} INFO - Processing /opt/airflow/dags/Sesion5/data/HolaMundoDatapath.jar took 0.024 seconds
[2025-06-05T02:18:40.428+0000] {processor.py:186} INFO - Started process (PID=3388) to work on /opt/airflow/dags/Sesion5/data/HolaMundoDatapath.jar
[2025-06-05T02:18:40.429+0000] {processor.py:914} INFO - Processing file /opt/airflow/dags/Sesion5/data/HolaMundoDatapath.jar for tasks to queue
[2025-06-05T02:18:40.431+0000] {logging_mixin.py:190} INFO - [2025-06-05T02:18:40.431+0000] {dagbag.py:588} INFO - Filling up the DagBag from /opt/airflow/dags/Sesion5/data/HolaMundoDatapath.jar
[2025-06-05T02:18:40.432+0000] {processor.py:927} WARNING - No viable dags retrieved from /opt/airflow/dags/Sesion5/data/HolaMundoDatapath.jar
[2025-06-05T02:18:40.443+0000] {processor.py:208} INFO - Processing /opt/airflow/dags/Sesion5/data/HolaMundoDatapath.jar took 0.019 seconds
[2025-06-05T02:19:10.617+0000] {processor.py:186} INFO - Started process (PID=3503) to work on /opt/airflow/dags/Sesion5/data/HolaMundoDatapath.jar
[2025-06-05T02:19:10.617+0000] {processor.py:914} INFO - Processing file /opt/airflow/dags/Sesion5/data/HolaMundoDatapath.jar for tasks to queue
[2025-06-05T02:19:10.619+0000] {logging_mixin.py:190} INFO - [2025-06-05T02:19:10.619+0000] {dagbag.py:588} INFO - Filling up the DagBag from /opt/airflow/dags/Sesion5/data/HolaMundoDatapath.jar
[2025-06-05T02:19:10.620+0000] {processor.py:927} WARNING - No viable dags retrieved from /opt/airflow/dags/Sesion5/data/HolaMundoDatapath.jar
[2025-06-05T02:19:10.631+0000] {processor.py:208} INFO - Processing /opt/airflow/dags/Sesion5/data/HolaMundoDatapath.jar took 0.019 seconds
[2025-06-05T02:19:41.443+0000] {processor.py:186} INFO - Started process (PID=3618) to work on /opt/airflow/dags/Sesion5/data/HolaMundoDatapath.jar
[2025-06-05T02:19:41.444+0000] {processor.py:914} INFO - Processing file /opt/airflow/dags/Sesion5/data/HolaMundoDatapath.jar for tasks to queue
[2025-06-05T02:19:41.445+0000] {logging_mixin.py:190} INFO - [2025-06-05T02:19:41.445+0000] {dagbag.py:588} INFO - Filling up the DagBag from /opt/airflow/dags/Sesion5/data/HolaMundoDatapath.jar
[2025-06-05T02:19:41.446+0000] {processor.py:927} WARNING - No viable dags retrieved from /opt/airflow/dags/Sesion5/data/HolaMundoDatapath.jar
[2025-06-05T02:19:41.457+0000] {processor.py:208} INFO - Processing /opt/airflow/dags/Sesion5/data/HolaMundoDatapath.jar took 0.019 seconds
[2025-06-05T02:20:11.813+0000] {processor.py:186} INFO - Started process (PID=3733) to work on /opt/airflow/dags/Sesion5/data/HolaMundoDatapath.jar
[2025-06-05T02:20:11.814+0000] {processor.py:914} INFO - Processing file /opt/airflow/dags/Sesion5/data/HolaMundoDatapath.jar for tasks to queue
[2025-06-05T02:20:11.816+0000] {logging_mixin.py:190} INFO - [2025-06-05T02:20:11.815+0000] {dagbag.py:588} INFO - Filling up the DagBag from /opt/airflow/dags/Sesion5/data/HolaMundoDatapath.jar
[2025-06-05T02:20:11.817+0000] {processor.py:927} WARNING - No viable dags retrieved from /opt/airflow/dags/Sesion5/data/HolaMundoDatapath.jar
[2025-06-05T02:20:11.827+0000] {processor.py:208} INFO - Processing /opt/airflow/dags/Sesion5/data/HolaMundoDatapath.jar took 0.020 seconds
[2025-06-05T02:20:42.036+0000] {processor.py:186} INFO - Started process (PID=3848) to work on /opt/airflow/dags/Sesion5/data/HolaMundoDatapath.jar
[2025-06-05T02:20:42.037+0000] {processor.py:914} INFO - Processing file /opt/airflow/dags/Sesion5/data/HolaMundoDatapath.jar for tasks to queue
[2025-06-05T02:20:42.039+0000] {logging_mixin.py:190} INFO - [2025-06-05T02:20:42.039+0000] {dagbag.py:588} INFO - Filling up the DagBag from /opt/airflow/dags/Sesion5/data/HolaMundoDatapath.jar
[2025-06-05T02:20:42.040+0000] {processor.py:927} WARNING - No viable dags retrieved from /opt/airflow/dags/Sesion5/data/HolaMundoDatapath.jar
[2025-06-05T02:20:42.053+0000] {processor.py:208} INFO - Processing /opt/airflow/dags/Sesion5/data/HolaMundoDatapath.jar took 0.022 seconds
[2025-06-05T02:21:12.442+0000] {processor.py:186} INFO - Started process (PID=3963) to work on /opt/airflow/dags/Sesion5/data/HolaMundoDatapath.jar
[2025-06-05T02:21:12.443+0000] {processor.py:914} INFO - Processing file /opt/airflow/dags/Sesion5/data/HolaMundoDatapath.jar for tasks to queue
[2025-06-05T02:21:12.445+0000] {logging_mixin.py:190} INFO - [2025-06-05T02:21:12.445+0000] {dagbag.py:588} INFO - Filling up the DagBag from /opt/airflow/dags/Sesion5/data/HolaMundoDatapath.jar
[2025-06-05T02:21:12.446+0000] {processor.py:927} WARNING - No viable dags retrieved from /opt/airflow/dags/Sesion5/data/HolaMundoDatapath.jar
[2025-06-05T02:21:12.458+0000] {processor.py:208} INFO - Processing /opt/airflow/dags/Sesion5/data/HolaMundoDatapath.jar took 0.022 seconds
[2025-06-05T02:21:43.489+0000] {processor.py:186} INFO - Started process (PID=4063) to work on /opt/airflow/dags/Sesion5/data/HolaMundoDatapath.jar
[2025-06-05T02:21:43.490+0000] {processor.py:914} INFO - Processing file /opt/airflow/dags/Sesion5/data/HolaMundoDatapath.jar for tasks to queue
[2025-06-05T02:21:43.491+0000] {logging_mixin.py:190} INFO - [2025-06-05T02:21:43.491+0000] {dagbag.py:588} INFO - Filling up the DagBag from /opt/airflow/dags/Sesion5/data/HolaMundoDatapath.jar
[2025-06-05T02:21:43.492+0000] {processor.py:927} WARNING - No viable dags retrieved from /opt/airflow/dags/Sesion5/data/HolaMundoDatapath.jar
[2025-06-05T02:21:43.503+0000] {processor.py:208} INFO - Processing /opt/airflow/dags/Sesion5/data/HolaMundoDatapath.jar took 0.019 seconds
[2025-06-05T02:22:13.927+0000] {processor.py:186} INFO - Started process (PID=4176) to work on /opt/airflow/dags/Sesion5/data/HolaMundoDatapath.jar
[2025-06-05T02:22:13.928+0000] {processor.py:914} INFO - Processing file /opt/airflow/dags/Sesion5/data/HolaMundoDatapath.jar for tasks to queue
[2025-06-05T02:22:13.931+0000] {logging_mixin.py:190} INFO - [2025-06-05T02:22:13.931+0000] {dagbag.py:588} INFO - Filling up the DagBag from /opt/airflow/dags/Sesion5/data/HolaMundoDatapath.jar
[2025-06-05T02:22:13.932+0000] {processor.py:927} WARNING - No viable dags retrieved from /opt/airflow/dags/Sesion5/data/HolaMundoDatapath.jar
[2025-06-05T02:22:13.947+0000] {processor.py:208} INFO - Processing /opt/airflow/dags/Sesion5/data/HolaMundoDatapath.jar took 0.027 seconds
[2025-06-05T02:22:44.380+0000] {processor.py:186} INFO - Started process (PID=4276) to work on /opt/airflow/dags/Sesion5/data/HolaMundoDatapath.jar
[2025-06-05T02:22:44.381+0000] {processor.py:914} INFO - Processing file /opt/airflow/dags/Sesion5/data/HolaMundoDatapath.jar for tasks to queue
[2025-06-05T02:22:44.383+0000] {logging_mixin.py:190} INFO - [2025-06-05T02:22:44.383+0000] {dagbag.py:588} INFO - Filling up the DagBag from /opt/airflow/dags/Sesion5/data/HolaMundoDatapath.jar
[2025-06-05T02:22:44.384+0000] {processor.py:927} WARNING - No viable dags retrieved from /opt/airflow/dags/Sesion5/data/HolaMundoDatapath.jar
[2025-06-05T02:22:44.395+0000] {processor.py:208} INFO - Processing /opt/airflow/dags/Sesion5/data/HolaMundoDatapath.jar took 0.020 seconds
[2025-06-05T02:23:14.647+0000] {processor.py:186} INFO - Started process (PID=4391) to work on /opt/airflow/dags/Sesion5/data/HolaMundoDatapath.jar
[2025-06-05T02:23:14.648+0000] {processor.py:914} INFO - Processing file /opt/airflow/dags/Sesion5/data/HolaMundoDatapath.jar for tasks to queue
[2025-06-05T02:23:14.650+0000] {logging_mixin.py:190} INFO - [2025-06-05T02:23:14.650+0000] {dagbag.py:588} INFO - Filling up the DagBag from /opt/airflow/dags/Sesion5/data/HolaMundoDatapath.jar
[2025-06-05T02:23:14.652+0000] {processor.py:927} WARNING - No viable dags retrieved from /opt/airflow/dags/Sesion5/data/HolaMundoDatapath.jar
[2025-06-05T02:23:14.663+0000] {processor.py:208} INFO - Processing /opt/airflow/dags/Sesion5/data/HolaMundoDatapath.jar took 0.020 seconds
[2025-06-05T02:23:45.616+0000] {processor.py:186} INFO - Started process (PID=4504) to work on /opt/airflow/dags/Sesion5/data/HolaMundoDatapath.jar
[2025-06-05T02:23:45.617+0000] {processor.py:914} INFO - Processing file /opt/airflow/dags/Sesion5/data/HolaMundoDatapath.jar for tasks to queue
[2025-06-05T02:23:45.620+0000] {logging_mixin.py:190} INFO - [2025-06-05T02:23:45.619+0000] {dagbag.py:588} INFO - Filling up the DagBag from /opt/airflow/dags/Sesion5/data/HolaMundoDatapath.jar
[2025-06-05T02:23:45.621+0000] {processor.py:927} WARNING - No viable dags retrieved from /opt/airflow/dags/Sesion5/data/HolaMundoDatapath.jar
[2025-06-05T02:23:45.635+0000] {processor.py:208} INFO - Processing /opt/airflow/dags/Sesion5/data/HolaMundoDatapath.jar took 0.027 seconds
[2025-06-05T02:24:16.462+0000] {processor.py:186} INFO - Started process (PID=4621) to work on /opt/airflow/dags/Sesion5/data/HolaMundoDatapath.jar
[2025-06-05T02:24:16.462+0000] {processor.py:914} INFO - Processing file /opt/airflow/dags/Sesion5/data/HolaMundoDatapath.jar for tasks to queue
[2025-06-05T02:24:16.465+0000] {logging_mixin.py:190} INFO - [2025-06-05T02:24:16.464+0000] {dagbag.py:588} INFO - Filling up the DagBag from /opt/airflow/dags/Sesion5/data/HolaMundoDatapath.jar
[2025-06-05T02:24:16.466+0000] {processor.py:927} WARNING - No viable dags retrieved from /opt/airflow/dags/Sesion5/data/HolaMundoDatapath.jar
[2025-06-05T02:24:16.481+0000] {processor.py:208} INFO - Processing /opt/airflow/dags/Sesion5/data/HolaMundoDatapath.jar took 0.027 seconds
[2025-06-05T02:24:46.677+0000] {processor.py:186} INFO - Started process (PID=4736) to work on /opt/airflow/dags/Sesion5/data/HolaMundoDatapath.jar
[2025-06-05T02:24:46.678+0000] {processor.py:914} INFO - Processing file /opt/airflow/dags/Sesion5/data/HolaMundoDatapath.jar for tasks to queue
[2025-06-05T02:24:46.680+0000] {logging_mixin.py:190} INFO - [2025-06-05T02:24:46.679+0000] {dagbag.py:588} INFO - Filling up the DagBag from /opt/airflow/dags/Sesion5/data/HolaMundoDatapath.jar
[2025-06-05T02:24:46.681+0000] {processor.py:927} WARNING - No viable dags retrieved from /opt/airflow/dags/Sesion5/data/HolaMundoDatapath.jar
[2025-06-05T02:24:46.691+0000] {processor.py:208} INFO - Processing /opt/airflow/dags/Sesion5/data/HolaMundoDatapath.jar took 0.019 seconds
[2025-06-05T02:25:16.911+0000] {processor.py:186} INFO - Started process (PID=4810) to work on /opt/airflow/dags/Sesion5/data/HolaMundoDatapath.jar
[2025-06-05T02:25:16.912+0000] {processor.py:914} INFO - Processing file /opt/airflow/dags/Sesion5/data/HolaMundoDatapath.jar for tasks to queue
[2025-06-05T02:25:16.915+0000] {logging_mixin.py:190} INFO - [2025-06-05T02:25:16.914+0000] {dagbag.py:588} INFO - Filling up the DagBag from /opt/airflow/dags/Sesion5/data/HolaMundoDatapath.jar
[2025-06-05T02:25:16.916+0000] {processor.py:927} WARNING - No viable dags retrieved from /opt/airflow/dags/Sesion5/data/HolaMundoDatapath.jar
[2025-06-05T02:25:16.931+0000] {processor.py:208} INFO - Processing /opt/airflow/dags/Sesion5/data/HolaMundoDatapath.jar took 0.026 seconds
[2025-06-05T02:25:47.293+0000] {processor.py:186} INFO - Started process (PID=4898) to work on /opt/airflow/dags/Sesion5/data/HolaMundoDatapath.jar
[2025-06-05T02:25:47.294+0000] {processor.py:914} INFO - Processing file /opt/airflow/dags/Sesion5/data/HolaMundoDatapath.jar for tasks to queue
[2025-06-05T02:25:47.296+0000] {logging_mixin.py:190} INFO - [2025-06-05T02:25:47.295+0000] {dagbag.py:588} INFO - Filling up the DagBag from /opt/airflow/dags/Sesion5/data/HolaMundoDatapath.jar
[2025-06-05T02:25:47.297+0000] {processor.py:927} WARNING - No viable dags retrieved from /opt/airflow/dags/Sesion5/data/HolaMundoDatapath.jar
[2025-06-05T02:25:47.307+0000] {processor.py:208} INFO - Processing /opt/airflow/dags/Sesion5/data/HolaMundoDatapath.jar took 0.019 seconds
[2025-06-05T02:26:17.734+0000] {processor.py:186} INFO - Started process (PID=5013) to work on /opt/airflow/dags/Sesion5/data/HolaMundoDatapath.jar
[2025-06-05T02:26:17.736+0000] {processor.py:914} INFO - Processing file /opt/airflow/dags/Sesion5/data/HolaMundoDatapath.jar for tasks to queue
[2025-06-05T02:26:17.738+0000] {logging_mixin.py:190} INFO - [2025-06-05T02:26:17.737+0000] {dagbag.py:588} INFO - Filling up the DagBag from /opt/airflow/dags/Sesion5/data/HolaMundoDatapath.jar
[2025-06-05T02:26:17.739+0000] {processor.py:927} WARNING - No viable dags retrieved from /opt/airflow/dags/Sesion5/data/HolaMundoDatapath.jar
[2025-06-05T02:26:17.749+0000] {processor.py:208} INFO - Processing /opt/airflow/dags/Sesion5/data/HolaMundoDatapath.jar took 0.022 seconds
[2025-06-05T02:26:48.842+0000] {processor.py:186} INFO - Started process (PID=5126) to work on /opt/airflow/dags/Sesion5/data/HolaMundoDatapath.jar
[2025-06-05T02:26:48.843+0000] {processor.py:914} INFO - Processing file /opt/airflow/dags/Sesion5/data/HolaMundoDatapath.jar for tasks to queue
[2025-06-05T02:26:48.846+0000] {logging_mixin.py:190} INFO - [2025-06-05T02:26:48.845+0000] {dagbag.py:588} INFO - Filling up the DagBag from /opt/airflow/dags/Sesion5/data/HolaMundoDatapath.jar
[2025-06-05T02:26:48.847+0000] {processor.py:927} WARNING - No viable dags retrieved from /opt/airflow/dags/Sesion5/data/HolaMundoDatapath.jar
[2025-06-05T02:26:48.857+0000] {processor.py:208} INFO - Processing /opt/airflow/dags/Sesion5/data/HolaMundoDatapath.jar took 0.022 seconds
[2025-06-05T02:27:18.953+0000] {processor.py:186} INFO - Started process (PID=5241) to work on /opt/airflow/dags/Sesion5/data/HolaMundoDatapath.jar
[2025-06-05T02:27:18.954+0000] {processor.py:914} INFO - Processing file /opt/airflow/dags/Sesion5/data/HolaMundoDatapath.jar for tasks to queue
[2025-06-05T02:27:18.957+0000] {logging_mixin.py:190} INFO - [2025-06-05T02:27:18.956+0000] {dagbag.py:588} INFO - Filling up the DagBag from /opt/airflow/dags/Sesion5/data/HolaMundoDatapath.jar
[2025-06-05T02:27:18.958+0000] {processor.py:927} WARNING - No viable dags retrieved from /opt/airflow/dags/Sesion5/data/HolaMundoDatapath.jar
[2025-06-05T02:27:18.982+0000] {processor.py:208} INFO - Processing /opt/airflow/dags/Sesion5/data/HolaMundoDatapath.jar took 0.037 seconds
[2025-06-05T02:27:49.346+0000] {processor.py:186} INFO - Started process (PID=5358) to work on /opt/airflow/dags/Sesion5/data/HolaMundoDatapath.jar
[2025-06-05T02:27:49.346+0000] {processor.py:914} INFO - Processing file /opt/airflow/dags/Sesion5/data/HolaMundoDatapath.jar for tasks to queue
[2025-06-05T02:27:49.348+0000] {logging_mixin.py:190} INFO - [2025-06-05T02:27:49.348+0000] {dagbag.py:588} INFO - Filling up the DagBag from /opt/airflow/dags/Sesion5/data/HolaMundoDatapath.jar
[2025-06-05T02:27:49.349+0000] {processor.py:927} WARNING - No viable dags retrieved from /opt/airflow/dags/Sesion5/data/HolaMundoDatapath.jar
[2025-06-05T02:27:49.360+0000] {processor.py:208} INFO - Processing /opt/airflow/dags/Sesion5/data/HolaMundoDatapath.jar took 0.019 seconds
[2025-06-05T02:28:19.911+0000] {processor.py:186} INFO - Started process (PID=5471) to work on /opt/airflow/dags/Sesion5/data/HolaMundoDatapath.jar
[2025-06-05T02:28:19.915+0000] {processor.py:914} INFO - Processing file /opt/airflow/dags/Sesion5/data/HolaMundoDatapath.jar for tasks to queue
[2025-06-05T02:28:19.926+0000] {logging_mixin.py:190} INFO - [2025-06-05T02:28:19.921+0000] {dagbag.py:588} INFO - Filling up the DagBag from /opt/airflow/dags/Sesion5/data/HolaMundoDatapath.jar
[2025-06-05T02:28:19.929+0000] {processor.py:927} WARNING - No viable dags retrieved from /opt/airflow/dags/Sesion5/data/HolaMundoDatapath.jar
[2025-06-05T02:28:19.968+0000] {processor.py:208} INFO - Processing /opt/airflow/dags/Sesion5/data/HolaMundoDatapath.jar took 0.090 seconds
[2025-06-05T02:28:50.386+0000] {processor.py:186} INFO - Started process (PID=5588) to work on /opt/airflow/dags/Sesion5/data/HolaMundoDatapath.jar
[2025-06-05T02:28:50.387+0000] {processor.py:914} INFO - Processing file /opt/airflow/dags/Sesion5/data/HolaMundoDatapath.jar for tasks to queue
[2025-06-05T02:28:50.392+0000] {logging_mixin.py:190} INFO - [2025-06-05T02:28:50.392+0000] {dagbag.py:588} INFO - Filling up the DagBag from /opt/airflow/dags/Sesion5/data/HolaMundoDatapath.jar
[2025-06-05T02:28:50.394+0000] {processor.py:927} WARNING - No viable dags retrieved from /opt/airflow/dags/Sesion5/data/HolaMundoDatapath.jar
[2025-06-05T02:28:50.412+0000] {processor.py:208} INFO - Processing /opt/airflow/dags/Sesion5/data/HolaMundoDatapath.jar took 0.034 seconds
[2025-06-05T02:29:20.693+0000] {processor.py:186} INFO - Started process (PID=5703) to work on /opt/airflow/dags/Sesion5/data/HolaMundoDatapath.jar
[2025-06-05T02:29:20.694+0000] {processor.py:914} INFO - Processing file /opt/airflow/dags/Sesion5/data/HolaMundoDatapath.jar for tasks to queue
[2025-06-05T02:29:20.696+0000] {logging_mixin.py:190} INFO - [2025-06-05T02:29:20.696+0000] {dagbag.py:588} INFO - Filling up the DagBag from /opt/airflow/dags/Sesion5/data/HolaMundoDatapath.jar
[2025-06-05T02:29:20.697+0000] {processor.py:927} WARNING - No viable dags retrieved from /opt/airflow/dags/Sesion5/data/HolaMundoDatapath.jar
[2025-06-05T02:29:20.707+0000] {processor.py:208} INFO - Processing /opt/airflow/dags/Sesion5/data/HolaMundoDatapath.jar took 0.020 seconds
[2025-06-05T02:29:51.199+0000] {processor.py:186} INFO - Started process (PID=5818) to work on /opt/airflow/dags/Sesion5/data/HolaMundoDatapath.jar
[2025-06-05T02:29:51.200+0000] {processor.py:914} INFO - Processing file /opt/airflow/dags/Sesion5/data/HolaMundoDatapath.jar for tasks to queue
[2025-06-05T02:29:51.202+0000] {logging_mixin.py:190} INFO - [2025-06-05T02:29:51.202+0000] {dagbag.py:588} INFO - Filling up the DagBag from /opt/airflow/dags/Sesion5/data/HolaMundoDatapath.jar
[2025-06-05T02:29:51.203+0000] {processor.py:927} WARNING - No viable dags retrieved from /opt/airflow/dags/Sesion5/data/HolaMundoDatapath.jar
[2025-06-05T02:29:51.214+0000] {processor.py:208} INFO - Processing /opt/airflow/dags/Sesion5/data/HolaMundoDatapath.jar took 0.020 seconds
[2025-06-05T02:30:21.909+0000] {processor.py:186} INFO - Started process (PID=5933) to work on /opt/airflow/dags/Sesion5/data/HolaMundoDatapath.jar
[2025-06-05T02:30:21.910+0000] {processor.py:914} INFO - Processing file /opt/airflow/dags/Sesion5/data/HolaMundoDatapath.jar for tasks to queue
[2025-06-05T02:30:21.911+0000] {logging_mixin.py:190} INFO - [2025-06-05T02:30:21.911+0000] {dagbag.py:588} INFO - Filling up the DagBag from /opt/airflow/dags/Sesion5/data/HolaMundoDatapath.jar
[2025-06-05T02:30:21.912+0000] {processor.py:927} WARNING - No viable dags retrieved from /opt/airflow/dags/Sesion5/data/HolaMundoDatapath.jar
[2025-06-05T02:30:21.923+0000] {processor.py:208} INFO - Processing /opt/airflow/dags/Sesion5/data/HolaMundoDatapath.jar took 0.019 seconds
[2025-06-05T02:30:52.821+0000] {processor.py:186} INFO - Started process (PID=6046) to work on /opt/airflow/dags/Sesion5/data/HolaMundoDatapath.jar
[2025-06-05T02:30:52.824+0000] {processor.py:914} INFO - Processing file /opt/airflow/dags/Sesion5/data/HolaMundoDatapath.jar for tasks to queue
[2025-06-05T02:30:52.827+0000] {logging_mixin.py:190} INFO - [2025-06-05T02:30:52.826+0000] {dagbag.py:588} INFO - Filling up the DagBag from /opt/airflow/dags/Sesion5/data/HolaMundoDatapath.jar
[2025-06-05T02:30:52.828+0000] {processor.py:927} WARNING - No viable dags retrieved from /opt/airflow/dags/Sesion5/data/HolaMundoDatapath.jar
[2025-06-05T02:30:52.845+0000] {processor.py:208} INFO - Processing /opt/airflow/dags/Sesion5/data/HolaMundoDatapath.jar took 0.043 seconds
[2025-06-05T02:31:23.197+0000] {processor.py:186} INFO - Started process (PID=6163) to work on /opt/airflow/dags/Sesion5/data/HolaMundoDatapath.jar
[2025-06-05T02:31:23.198+0000] {processor.py:914} INFO - Processing file /opt/airflow/dags/Sesion5/data/HolaMundoDatapath.jar for tasks to queue
[2025-06-05T02:31:23.200+0000] {logging_mixin.py:190} INFO - [2025-06-05T02:31:23.199+0000] {dagbag.py:588} INFO - Filling up the DagBag from /opt/airflow/dags/Sesion5/data/HolaMundoDatapath.jar
[2025-06-05T02:31:23.200+0000] {processor.py:927} WARNING - No viable dags retrieved from /opt/airflow/dags/Sesion5/data/HolaMundoDatapath.jar
[2025-06-05T02:31:23.210+0000] {processor.py:208} INFO - Processing /opt/airflow/dags/Sesion5/data/HolaMundoDatapath.jar took 0.019 seconds
[2025-06-05T02:31:54.321+0000] {processor.py:186} INFO - Started process (PID=6276) to work on /opt/airflow/dags/Sesion5/data/HolaMundoDatapath.jar
[2025-06-05T02:31:54.322+0000] {processor.py:914} INFO - Processing file /opt/airflow/dags/Sesion5/data/HolaMundoDatapath.jar for tasks to queue
[2025-06-05T02:31:54.325+0000] {logging_mixin.py:190} INFO - [2025-06-05T02:31:54.325+0000] {dagbag.py:588} INFO - Filling up the DagBag from /opt/airflow/dags/Sesion5/data/HolaMundoDatapath.jar
[2025-06-05T02:31:54.326+0000] {processor.py:927} WARNING - No viable dags retrieved from /opt/airflow/dags/Sesion5/data/HolaMundoDatapath.jar
[2025-06-05T02:31:54.340+0000] {processor.py:208} INFO - Processing /opt/airflow/dags/Sesion5/data/HolaMundoDatapath.jar took 0.026 seconds
[2025-06-05T02:32:24.958+0000] {processor.py:186} INFO - Started process (PID=6393) to work on /opt/airflow/dags/Sesion5/data/HolaMundoDatapath.jar
[2025-06-05T02:32:24.960+0000] {processor.py:914} INFO - Processing file /opt/airflow/dags/Sesion5/data/HolaMundoDatapath.jar for tasks to queue
[2025-06-05T02:32:24.965+0000] {logging_mixin.py:190} INFO - [2025-06-05T02:32:24.964+0000] {dagbag.py:588} INFO - Filling up the DagBag from /opt/airflow/dags/Sesion5/data/HolaMundoDatapath.jar
[2025-06-05T02:32:24.966+0000] {processor.py:927} WARNING - No viable dags retrieved from /opt/airflow/dags/Sesion5/data/HolaMundoDatapath.jar
[2025-06-05T02:32:24.984+0000] {processor.py:208} INFO - Processing /opt/airflow/dags/Sesion5/data/HolaMundoDatapath.jar took 0.039 seconds
[2025-06-05T02:32:56.107+0000] {processor.py:186} INFO - Started process (PID=6508) to work on /opt/airflow/dags/Sesion5/data/HolaMundoDatapath.jar
[2025-06-05T02:32:56.107+0000] {processor.py:914} INFO - Processing file /opt/airflow/dags/Sesion5/data/HolaMundoDatapath.jar for tasks to queue
[2025-06-05T02:32:56.109+0000] {logging_mixin.py:190} INFO - [2025-06-05T02:32:56.109+0000] {dagbag.py:588} INFO - Filling up the DagBag from /opt/airflow/dags/Sesion5/data/HolaMundoDatapath.jar
[2025-06-05T02:32:56.110+0000] {processor.py:927} WARNING - No viable dags retrieved from /opt/airflow/dags/Sesion5/data/HolaMundoDatapath.jar
[2025-06-05T02:32:56.122+0000] {processor.py:208} INFO - Processing /opt/airflow/dags/Sesion5/data/HolaMundoDatapath.jar took 0.020 seconds
[2025-06-05T02:33:26.686+0000] {processor.py:186} INFO - Started process (PID=6621) to work on /opt/airflow/dags/Sesion5/data/HolaMundoDatapath.jar
[2025-06-05T02:33:26.687+0000] {processor.py:914} INFO - Processing file /opt/airflow/dags/Sesion5/data/HolaMundoDatapath.jar for tasks to queue
[2025-06-05T02:33:26.689+0000] {logging_mixin.py:190} INFO - [2025-06-05T02:33:26.689+0000] {dagbag.py:588} INFO - Filling up the DagBag from /opt/airflow/dags/Sesion5/data/HolaMundoDatapath.jar
[2025-06-05T02:33:26.691+0000] {processor.py:927} WARNING - No viable dags retrieved from /opt/airflow/dags/Sesion5/data/HolaMundoDatapath.jar
[2025-06-05T02:33:26.704+0000] {processor.py:208} INFO - Processing /opt/airflow/dags/Sesion5/data/HolaMundoDatapath.jar took 0.029 seconds
[2025-06-05T02:33:57.453+0000] {processor.py:186} INFO - Started process (PID=6736) to work on /opt/airflow/dags/Sesion5/data/HolaMundoDatapath.jar
[2025-06-05T02:33:57.457+0000] {processor.py:914} INFO - Processing file /opt/airflow/dags/Sesion5/data/HolaMundoDatapath.jar for tasks to queue
[2025-06-05T02:33:57.460+0000] {logging_mixin.py:190} INFO - [2025-06-05T02:33:57.459+0000] {dagbag.py:588} INFO - Filling up the DagBag from /opt/airflow/dags/Sesion5/data/HolaMundoDatapath.jar
[2025-06-05T02:33:57.461+0000] {processor.py:927} WARNING - No viable dags retrieved from /opt/airflow/dags/Sesion5/data/HolaMundoDatapath.jar
[2025-06-05T02:33:57.480+0000] {processor.py:208} INFO - Processing /opt/airflow/dags/Sesion5/data/HolaMundoDatapath.jar took 0.055 seconds
[2025-06-05T05:21:02.888+0000] {processor.py:186} INFO - Started process (PID=188) to work on /opt/airflow/dags/Sesion5/data/HolaMundoDatapath.jar
[2025-06-05T05:21:02.890+0000] {processor.py:914} INFO - Processing file /opt/airflow/dags/Sesion5/data/HolaMundoDatapath.jar for tasks to queue
[2025-06-05T05:21:02.892+0000] {logging_mixin.py:190} INFO - [2025-06-05T05:21:02.892+0000] {dagbag.py:588} INFO - Filling up the DagBag from /opt/airflow/dags/Sesion5/data/HolaMundoDatapath.jar
[2025-06-05T05:21:02.894+0000] {processor.py:927} WARNING - No viable dags retrieved from /opt/airflow/dags/Sesion5/data/HolaMundoDatapath.jar
[2025-06-05T05:21:02.925+0000] {processor.py:208} INFO - Processing /opt/airflow/dags/Sesion5/data/HolaMundoDatapath.jar took 0.061 seconds
[2025-06-05T05:21:33.704+0000] {processor.py:186} INFO - Started process (PID=303) to work on /opt/airflow/dags/Sesion5/data/HolaMundoDatapath.jar
[2025-06-05T05:21:33.706+0000] {processor.py:914} INFO - Processing file /opt/airflow/dags/Sesion5/data/HolaMundoDatapath.jar for tasks to queue
[2025-06-05T05:21:33.709+0000] {logging_mixin.py:190} INFO - [2025-06-05T05:21:33.708+0000] {dagbag.py:588} INFO - Filling up the DagBag from /opt/airflow/dags/Sesion5/data/HolaMundoDatapath.jar
[2025-06-05T05:21:33.712+0000] {processor.py:927} WARNING - No viable dags retrieved from /opt/airflow/dags/Sesion5/data/HolaMundoDatapath.jar
[2025-06-05T05:21:33.729+0000] {processor.py:208} INFO - Processing /opt/airflow/dags/Sesion5/data/HolaMundoDatapath.jar took 0.032 seconds
[2025-06-05T05:22:04.326+0000] {processor.py:186} INFO - Started process (PID=418) to work on /opt/airflow/dags/Sesion5/data/HolaMundoDatapath.jar
[2025-06-05T05:22:04.327+0000] {processor.py:914} INFO - Processing file /opt/airflow/dags/Sesion5/data/HolaMundoDatapath.jar for tasks to queue
[2025-06-05T05:22:04.330+0000] {logging_mixin.py:190} INFO - [2025-06-05T05:22:04.329+0000] {dagbag.py:588} INFO - Filling up the DagBag from /opt/airflow/dags/Sesion5/data/HolaMundoDatapath.jar
[2025-06-05T05:22:04.331+0000] {processor.py:927} WARNING - No viable dags retrieved from /opt/airflow/dags/Sesion5/data/HolaMundoDatapath.jar
[2025-06-05T05:22:04.344+0000] {processor.py:208} INFO - Processing /opt/airflow/dags/Sesion5/data/HolaMundoDatapath.jar took 0.027 seconds
[2025-06-05T05:22:34.754+0000] {processor.py:186} INFO - Started process (PID=533) to work on /opt/airflow/dags/Sesion5/data/HolaMundoDatapath.jar
[2025-06-05T05:22:34.755+0000] {processor.py:914} INFO - Processing file /opt/airflow/dags/Sesion5/data/HolaMundoDatapath.jar for tasks to queue
[2025-06-05T05:22:34.757+0000] {logging_mixin.py:190} INFO - [2025-06-05T05:22:34.757+0000] {dagbag.py:588} INFO - Filling up the DagBag from /opt/airflow/dags/Sesion5/data/HolaMundoDatapath.jar
[2025-06-05T05:22:34.758+0000] {processor.py:927} WARNING - No viable dags retrieved from /opt/airflow/dags/Sesion5/data/HolaMundoDatapath.jar
[2025-06-05T05:22:34.768+0000] {processor.py:208} INFO - Processing /opt/airflow/dags/Sesion5/data/HolaMundoDatapath.jar took 0.018 seconds
[2025-06-05T05:23:05.136+0000] {processor.py:186} INFO - Started process (PID=648) to work on /opt/airflow/dags/Sesion5/data/HolaMundoDatapath.jar
[2025-06-05T05:23:05.137+0000] {processor.py:914} INFO - Processing file /opt/airflow/dags/Sesion5/data/HolaMundoDatapath.jar for tasks to queue
[2025-06-05T05:23:05.139+0000] {logging_mixin.py:190} INFO - [2025-06-05T05:23:05.139+0000] {dagbag.py:588} INFO - Filling up the DagBag from /opt/airflow/dags/Sesion5/data/HolaMundoDatapath.jar
[2025-06-05T05:23:05.140+0000] {processor.py:927} WARNING - No viable dags retrieved from /opt/airflow/dags/Sesion5/data/HolaMundoDatapath.jar
[2025-06-05T05:23:05.156+0000] {processor.py:208} INFO - Processing /opt/airflow/dags/Sesion5/data/HolaMundoDatapath.jar took 0.029 seconds
[2025-06-05T05:23:35.752+0000] {processor.py:186} INFO - Started process (PID=763) to work on /opt/airflow/dags/Sesion5/data/HolaMundoDatapath.jar
[2025-06-05T05:23:35.753+0000] {processor.py:914} INFO - Processing file /opt/airflow/dags/Sesion5/data/HolaMundoDatapath.jar for tasks to queue
[2025-06-05T05:23:35.754+0000] {logging_mixin.py:190} INFO - [2025-06-05T05:23:35.754+0000] {dagbag.py:588} INFO - Filling up the DagBag from /opt/airflow/dags/Sesion5/data/HolaMundoDatapath.jar
[2025-06-05T05:23:35.755+0000] {processor.py:927} WARNING - No viable dags retrieved from /opt/airflow/dags/Sesion5/data/HolaMundoDatapath.jar
[2025-06-05T05:23:35.766+0000] {processor.py:208} INFO - Processing /opt/airflow/dags/Sesion5/data/HolaMundoDatapath.jar took 0.018 seconds
[2025-06-05T05:24:06.438+0000] {processor.py:186} INFO - Started process (PID=878) to work on /opt/airflow/dags/Sesion5/data/HolaMundoDatapath.jar
[2025-06-05T05:24:06.439+0000] {processor.py:914} INFO - Processing file /opt/airflow/dags/Sesion5/data/HolaMundoDatapath.jar for tasks to queue
[2025-06-05T05:24:06.440+0000] {logging_mixin.py:190} INFO - [2025-06-05T05:24:06.440+0000] {dagbag.py:588} INFO - Filling up the DagBag from /opt/airflow/dags/Sesion5/data/HolaMundoDatapath.jar
[2025-06-05T05:24:06.441+0000] {processor.py:927} WARNING - No viable dags retrieved from /opt/airflow/dags/Sesion5/data/HolaMundoDatapath.jar
[2025-06-05T05:24:06.451+0000] {processor.py:208} INFO - Processing /opt/airflow/dags/Sesion5/data/HolaMundoDatapath.jar took 0.018 seconds
[2025-06-05T05:24:36.754+0000] {processor.py:186} INFO - Started process (PID=993) to work on /opt/airflow/dags/Sesion5/data/HolaMundoDatapath.jar
[2025-06-05T05:24:36.755+0000] {processor.py:914} INFO - Processing file /opt/airflow/dags/Sesion5/data/HolaMundoDatapath.jar for tasks to queue
[2025-06-05T05:24:36.756+0000] {logging_mixin.py:190} INFO - [2025-06-05T05:24:36.756+0000] {dagbag.py:588} INFO - Filling up the DagBag from /opt/airflow/dags/Sesion5/data/HolaMundoDatapath.jar
[2025-06-05T05:24:36.757+0000] {processor.py:927} WARNING - No viable dags retrieved from /opt/airflow/dags/Sesion5/data/HolaMundoDatapath.jar
[2025-06-05T05:24:36.768+0000] {processor.py:208} INFO - Processing /opt/airflow/dags/Sesion5/data/HolaMundoDatapath.jar took 0.018 seconds
[2025-06-05T05:25:07.020+0000] {processor.py:186} INFO - Started process (PID=1108) to work on /opt/airflow/dags/Sesion5/data/HolaMundoDatapath.jar
[2025-06-05T05:25:07.021+0000] {processor.py:914} INFO - Processing file /opt/airflow/dags/Sesion5/data/HolaMundoDatapath.jar for tasks to queue
[2025-06-05T05:25:07.022+0000] {logging_mixin.py:190} INFO - [2025-06-05T05:25:07.022+0000] {dagbag.py:588} INFO - Filling up the DagBag from /opt/airflow/dags/Sesion5/data/HolaMundoDatapath.jar
[2025-06-05T05:25:07.023+0000] {processor.py:927} WARNING - No viable dags retrieved from /opt/airflow/dags/Sesion5/data/HolaMundoDatapath.jar
[2025-06-05T05:25:07.036+0000] {processor.py:208} INFO - Processing /opt/airflow/dags/Sesion5/data/HolaMundoDatapath.jar took 0.021 seconds
[2025-06-05T05:25:37.179+0000] {processor.py:186} INFO - Started process (PID=1223) to work on /opt/airflow/dags/Sesion5/data/HolaMundoDatapath.jar
[2025-06-05T05:25:37.179+0000] {processor.py:914} INFO - Processing file /opt/airflow/dags/Sesion5/data/HolaMundoDatapath.jar for tasks to queue
[2025-06-05T05:25:37.181+0000] {logging_mixin.py:190} INFO - [2025-06-05T05:25:37.181+0000] {dagbag.py:588} INFO - Filling up the DagBag from /opt/airflow/dags/Sesion5/data/HolaMundoDatapath.jar
[2025-06-05T05:25:37.182+0000] {processor.py:927} WARNING - No viable dags retrieved from /opt/airflow/dags/Sesion5/data/HolaMundoDatapath.jar
[2025-06-05T05:25:37.192+0000] {processor.py:208} INFO - Processing /opt/airflow/dags/Sesion5/data/HolaMundoDatapath.jar took 0.019 seconds
[2025-06-05T05:26:07.319+0000] {processor.py:186} INFO - Started process (PID=1338) to work on /opt/airflow/dags/Sesion5/data/HolaMundoDatapath.jar
[2025-06-05T05:26:07.319+0000] {processor.py:914} INFO - Processing file /opt/airflow/dags/Sesion5/data/HolaMundoDatapath.jar for tasks to queue
[2025-06-05T05:26:07.321+0000] {logging_mixin.py:190} INFO - [2025-06-05T05:26:07.321+0000] {dagbag.py:588} INFO - Filling up the DagBag from /opt/airflow/dags/Sesion5/data/HolaMundoDatapath.jar
[2025-06-05T05:26:07.322+0000] {processor.py:927} WARNING - No viable dags retrieved from /opt/airflow/dags/Sesion5/data/HolaMundoDatapath.jar
[2025-06-05T05:26:07.332+0000] {processor.py:208} INFO - Processing /opt/airflow/dags/Sesion5/data/HolaMundoDatapath.jar took 0.018 seconds
[2025-06-05T05:26:37.649+0000] {processor.py:186} INFO - Started process (PID=1453) to work on /opt/airflow/dags/Sesion5/data/HolaMundoDatapath.jar
[2025-06-05T05:26:37.650+0000] {processor.py:914} INFO - Processing file /opt/airflow/dags/Sesion5/data/HolaMundoDatapath.jar for tasks to queue
[2025-06-05T05:26:37.652+0000] {logging_mixin.py:190} INFO - [2025-06-05T05:26:37.651+0000] {dagbag.py:588} INFO - Filling up the DagBag from /opt/airflow/dags/Sesion5/data/HolaMundoDatapath.jar
[2025-06-05T05:26:37.653+0000] {processor.py:927} WARNING - No viable dags retrieved from /opt/airflow/dags/Sesion5/data/HolaMundoDatapath.jar
[2025-06-05T05:26:37.664+0000] {processor.py:208} INFO - Processing /opt/airflow/dags/Sesion5/data/HolaMundoDatapath.jar took 0.020 seconds
[2025-06-05T05:27:07.878+0000] {processor.py:186} INFO - Started process (PID=1568) to work on /opt/airflow/dags/Sesion5/data/HolaMundoDatapath.jar
[2025-06-05T05:27:07.879+0000] {processor.py:914} INFO - Processing file /opt/airflow/dags/Sesion5/data/HolaMundoDatapath.jar for tasks to queue
[2025-06-05T05:27:07.881+0000] {logging_mixin.py:190} INFO - [2025-06-05T05:27:07.880+0000] {dagbag.py:588} INFO - Filling up the DagBag from /opt/airflow/dags/Sesion5/data/HolaMundoDatapath.jar
[2025-06-05T05:27:07.882+0000] {processor.py:927} WARNING - No viable dags retrieved from /opt/airflow/dags/Sesion5/data/HolaMundoDatapath.jar
[2025-06-05T05:27:07.893+0000] {processor.py:208} INFO - Processing /opt/airflow/dags/Sesion5/data/HolaMundoDatapath.jar took 0.020 seconds
[2025-06-05T05:27:38.574+0000] {processor.py:186} INFO - Started process (PID=1683) to work on /opt/airflow/dags/Sesion5/data/HolaMundoDatapath.jar
[2025-06-05T05:27:38.575+0000] {processor.py:914} INFO - Processing file /opt/airflow/dags/Sesion5/data/HolaMundoDatapath.jar for tasks to queue
[2025-06-05T05:27:38.577+0000] {logging_mixin.py:190} INFO - [2025-06-05T05:27:38.577+0000] {dagbag.py:588} INFO - Filling up the DagBag from /opt/airflow/dags/Sesion5/data/HolaMundoDatapath.jar
[2025-06-05T05:27:38.578+0000] {processor.py:927} WARNING - No viable dags retrieved from /opt/airflow/dags/Sesion5/data/HolaMundoDatapath.jar
[2025-06-05T05:27:38.590+0000] {processor.py:208} INFO - Processing /opt/airflow/dags/Sesion5/data/HolaMundoDatapath.jar took 0.023 seconds
[2025-06-05T05:28:09.176+0000] {processor.py:186} INFO - Started process (PID=1796) to work on /opt/airflow/dags/Sesion5/data/HolaMundoDatapath.jar
[2025-06-05T05:28:09.180+0000] {processor.py:914} INFO - Processing file /opt/airflow/dags/Sesion5/data/HolaMundoDatapath.jar for tasks to queue
[2025-06-05T05:28:09.182+0000] {logging_mixin.py:190} INFO - [2025-06-05T05:28:09.182+0000] {dagbag.py:588} INFO - Filling up the DagBag from /opt/airflow/dags/Sesion5/data/HolaMundoDatapath.jar
[2025-06-05T05:28:09.184+0000] {processor.py:927} WARNING - No viable dags retrieved from /opt/airflow/dags/Sesion5/data/HolaMundoDatapath.jar
[2025-06-05T05:28:09.206+0000] {processor.py:208} INFO - Processing /opt/airflow/dags/Sesion5/data/HolaMundoDatapath.jar took 0.039 seconds
[2025-06-05T05:28:40.152+0000] {processor.py:186} INFO - Started process (PID=1913) to work on /opt/airflow/dags/Sesion5/data/HolaMundoDatapath.jar
[2025-06-05T05:28:40.153+0000] {processor.py:914} INFO - Processing file /opt/airflow/dags/Sesion5/data/HolaMundoDatapath.jar for tasks to queue
[2025-06-05T05:28:40.155+0000] {logging_mixin.py:190} INFO - [2025-06-05T05:28:40.154+0000] {dagbag.py:588} INFO - Filling up the DagBag from /opt/airflow/dags/Sesion5/data/HolaMundoDatapath.jar
[2025-06-05T05:28:40.156+0000] {processor.py:927} WARNING - No viable dags retrieved from /opt/airflow/dags/Sesion5/data/HolaMundoDatapath.jar
[2025-06-05T05:28:40.166+0000] {processor.py:208} INFO - Processing /opt/airflow/dags/Sesion5/data/HolaMundoDatapath.jar took 0.019 seconds
[2025-06-05T05:29:10.866+0000] {processor.py:186} INFO - Started process (PID=2028) to work on /opt/airflow/dags/Sesion5/data/HolaMundoDatapath.jar
[2025-06-05T05:29:10.867+0000] {processor.py:914} INFO - Processing file /opt/airflow/dags/Sesion5/data/HolaMundoDatapath.jar for tasks to queue
[2025-06-05T05:29:10.869+0000] {logging_mixin.py:190} INFO - [2025-06-05T05:29:10.869+0000] {dagbag.py:588} INFO - Filling up the DagBag from /opt/airflow/dags/Sesion5/data/HolaMundoDatapath.jar
[2025-06-05T05:29:10.870+0000] {processor.py:927} WARNING - No viable dags retrieved from /opt/airflow/dags/Sesion5/data/HolaMundoDatapath.jar
[2025-06-05T05:29:10.880+0000] {processor.py:208} INFO - Processing /opt/airflow/dags/Sesion5/data/HolaMundoDatapath.jar took 0.019 seconds
[2025-06-05T05:29:41.103+0000] {processor.py:186} INFO - Started process (PID=2143) to work on /opt/airflow/dags/Sesion5/data/HolaMundoDatapath.jar
[2025-06-05T05:29:41.104+0000] {processor.py:914} INFO - Processing file /opt/airflow/dags/Sesion5/data/HolaMundoDatapath.jar for tasks to queue
[2025-06-05T05:29:41.106+0000] {logging_mixin.py:190} INFO - [2025-06-05T05:29:41.105+0000] {dagbag.py:588} INFO - Filling up the DagBag from /opt/airflow/dags/Sesion5/data/HolaMundoDatapath.jar
[2025-06-05T05:29:41.107+0000] {processor.py:927} WARNING - No viable dags retrieved from /opt/airflow/dags/Sesion5/data/HolaMundoDatapath.jar
[2025-06-05T05:29:41.117+0000] {processor.py:208} INFO - Processing /opt/airflow/dags/Sesion5/data/HolaMundoDatapath.jar took 0.018 seconds
[2025-06-05T05:30:11.343+0000] {processor.py:186} INFO - Started process (PID=2256) to work on /opt/airflow/dags/Sesion5/data/HolaMundoDatapath.jar
[2025-06-05T05:30:11.344+0000] {processor.py:914} INFO - Processing file /opt/airflow/dags/Sesion5/data/HolaMundoDatapath.jar for tasks to queue
[2025-06-05T05:30:11.347+0000] {logging_mixin.py:190} INFO - [2025-06-05T05:30:11.347+0000] {dagbag.py:588} INFO - Filling up the DagBag from /opt/airflow/dags/Sesion5/data/HolaMundoDatapath.jar
[2025-06-05T05:30:11.348+0000] {processor.py:927} WARNING - No viable dags retrieved from /opt/airflow/dags/Sesion5/data/HolaMundoDatapath.jar
[2025-06-05T05:30:11.361+0000] {processor.py:208} INFO - Processing /opt/airflow/dags/Sesion5/data/HolaMundoDatapath.jar took 0.026 seconds
[2025-06-05T05:30:42.362+0000] {processor.py:186} INFO - Started process (PID=2373) to work on /opt/airflow/dags/Sesion5/data/HolaMundoDatapath.jar
[2025-06-05T05:30:42.363+0000] {processor.py:914} INFO - Processing file /opt/airflow/dags/Sesion5/data/HolaMundoDatapath.jar for tasks to queue
[2025-06-05T05:30:42.365+0000] {logging_mixin.py:190} INFO - [2025-06-05T05:30:42.365+0000] {dagbag.py:588} INFO - Filling up the DagBag from /opt/airflow/dags/Sesion5/data/HolaMundoDatapath.jar
[2025-06-05T05:30:42.366+0000] {processor.py:927} WARNING - No viable dags retrieved from /opt/airflow/dags/Sesion5/data/HolaMundoDatapath.jar
[2025-06-05T05:30:42.377+0000] {processor.py:208} INFO - Processing /opt/airflow/dags/Sesion5/data/HolaMundoDatapath.jar took 0.022 seconds
[2025-06-05T05:31:12.543+0000] {processor.py:186} INFO - Started process (PID=2488) to work on /opt/airflow/dags/Sesion5/data/HolaMundoDatapath.jar
[2025-06-05T05:31:12.544+0000] {processor.py:914} INFO - Processing file /opt/airflow/dags/Sesion5/data/HolaMundoDatapath.jar for tasks to queue
[2025-06-05T05:31:12.547+0000] {logging_mixin.py:190} INFO - [2025-06-05T05:31:12.547+0000] {dagbag.py:588} INFO - Filling up the DagBag from /opt/airflow/dags/Sesion5/data/HolaMundoDatapath.jar
[2025-06-05T05:31:12.549+0000] {processor.py:927} WARNING - No viable dags retrieved from /opt/airflow/dags/Sesion5/data/HolaMundoDatapath.jar
[2025-06-05T05:31:12.562+0000] {processor.py:208} INFO - Processing /opt/airflow/dags/Sesion5/data/HolaMundoDatapath.jar took 0.024 seconds
[2025-06-05T05:31:42.911+0000] {processor.py:186} INFO - Started process (PID=2603) to work on /opt/airflow/dags/Sesion5/data/HolaMundoDatapath.jar
[2025-06-05T05:31:42.912+0000] {processor.py:914} INFO - Processing file /opt/airflow/dags/Sesion5/data/HolaMundoDatapath.jar for tasks to queue
[2025-06-05T05:31:42.914+0000] {logging_mixin.py:190} INFO - [2025-06-05T05:31:42.914+0000] {dagbag.py:588} INFO - Filling up the DagBag from /opt/airflow/dags/Sesion5/data/HolaMundoDatapath.jar
[2025-06-05T05:31:42.915+0000] {processor.py:927} WARNING - No viable dags retrieved from /opt/airflow/dags/Sesion5/data/HolaMundoDatapath.jar
[2025-06-05T05:31:42.926+0000] {processor.py:208} INFO - Processing /opt/airflow/dags/Sesion5/data/HolaMundoDatapath.jar took 0.021 seconds
[2025-06-05T05:38:41.478+0000] {processor.py:186} INFO - Started process (PID=168) to work on /opt/airflow/dags/Sesion5/data/HolaMundoDatapath.jar
[2025-06-05T05:38:41.491+0000] {processor.py:914} INFO - Processing file /opt/airflow/dags/Sesion5/data/HolaMundoDatapath.jar for tasks to queue
[2025-06-05T05:38:41.497+0000] {logging_mixin.py:190} INFO - [2025-06-05T05:38:41.496+0000] {dagbag.py:588} INFO - Filling up the DagBag from /opt/airflow/dags/Sesion5/data/HolaMundoDatapath.jar
[2025-06-05T05:38:41.499+0000] {processor.py:927} WARNING - No viable dags retrieved from /opt/airflow/dags/Sesion5/data/HolaMundoDatapath.jar
[2025-06-05T05:38:41.524+0000] {processor.py:208} INFO - Processing /opt/airflow/dags/Sesion5/data/HolaMundoDatapath.jar took 0.072 seconds
[2025-06-05T05:39:12.140+0000] {processor.py:186} INFO - Started process (PID=281) to work on /opt/airflow/dags/Sesion5/data/HolaMundoDatapath.jar
[2025-06-05T05:39:12.141+0000] {processor.py:914} INFO - Processing file /opt/airflow/dags/Sesion5/data/HolaMundoDatapath.jar for tasks to queue
[2025-06-05T05:39:12.144+0000] {logging_mixin.py:190} INFO - [2025-06-05T05:39:12.143+0000] {dagbag.py:588} INFO - Filling up the DagBag from /opt/airflow/dags/Sesion5/data/HolaMundoDatapath.jar
[2025-06-05T05:39:12.146+0000] {processor.py:927} WARNING - No viable dags retrieved from /opt/airflow/dags/Sesion5/data/HolaMundoDatapath.jar
[2025-06-05T05:39:12.183+0000] {processor.py:208} INFO - Processing /opt/airflow/dags/Sesion5/data/HolaMundoDatapath.jar took 0.053 seconds
[2025-06-05T05:39:43.094+0000] {processor.py:186} INFO - Started process (PID=394) to work on /opt/airflow/dags/Sesion5/data/HolaMundoDatapath.jar
[2025-06-05T05:39:43.095+0000] {processor.py:914} INFO - Processing file /opt/airflow/dags/Sesion5/data/HolaMundoDatapath.jar for tasks to queue
[2025-06-05T05:39:43.096+0000] {logging_mixin.py:190} INFO - [2025-06-05T05:39:43.096+0000] {dagbag.py:588} INFO - Filling up the DagBag from /opt/airflow/dags/Sesion5/data/HolaMundoDatapath.jar
[2025-06-05T05:39:43.097+0000] {processor.py:927} WARNING - No viable dags retrieved from /opt/airflow/dags/Sesion5/data/HolaMundoDatapath.jar
[2025-06-05T05:39:43.108+0000] {processor.py:208} INFO - Processing /opt/airflow/dags/Sesion5/data/HolaMundoDatapath.jar took 0.018 seconds
[2025-06-05T05:40:13.534+0000] {processor.py:186} INFO - Started process (PID=507) to work on /opt/airflow/dags/Sesion5/data/HolaMundoDatapath.jar
[2025-06-05T05:40:13.535+0000] {processor.py:914} INFO - Processing file /opt/airflow/dags/Sesion5/data/HolaMundoDatapath.jar for tasks to queue
[2025-06-05T05:40:13.536+0000] {logging_mixin.py:190} INFO - [2025-06-05T05:40:13.536+0000] {dagbag.py:588} INFO - Filling up the DagBag from /opt/airflow/dags/Sesion5/data/HolaMundoDatapath.jar
[2025-06-05T05:40:13.538+0000] {processor.py:927} WARNING - No viable dags retrieved from /opt/airflow/dags/Sesion5/data/HolaMundoDatapath.jar
[2025-06-05T05:40:13.552+0000] {processor.py:208} INFO - Processing /opt/airflow/dags/Sesion5/data/HolaMundoDatapath.jar took 0.025 seconds
