[2025-05-28T02:33:53.228+0000] {local_task_job_runner.py:123} INFO - ::group::Pre task execution logs
[2025-05-28T02:33:53.467+0000] {taskinstance.py:2612} INFO - Dependencies all met for dep_context=non-requeueable deps ti=<TaskInstance: bash_dag.sleep scheduled__2025-05-26T00:00:00+00:00 [queued]>
[2025-05-28T02:33:53.550+0000] {taskinstance.py:2612} INFO - Dependencies all met for dep_context=requeueable deps ti=<TaskInstance: bash_dag.sleep scheduled__2025-05-26T00:00:00+00:00 [queued]>
[2025-05-28T02:33:53.551+0000] {taskinstance.py:2865} INFO - Starting attempt 1 of 2
[2025-05-28T02:33:53.682+0000] {taskinstance.py:2888} INFO - Executing <Task(BashOperator): sleep> on 2025-05-26 00:00:00+00:00
[2025-05-28T02:33:53.748+0000] {logging_mixin.py:190} WARNING - /home/***/.local/lib/python3.12/site-packages/***/task/task_runner/standard_task_runner.py:70 DeprecationWarning: This process (pid=1567) is multi-threaded, use of fork() may lead to deadlocks in the child.
[2025-05-28T02:33:53.753+0000] {standard_task_runner.py:72} INFO - Started process 1597 to run task
[2025-05-28T02:33:53.745+0000] {standard_task_runner.py:104} INFO - Running: ['***', 'tasks', 'run', 'bash_dag', 'sleep', 'scheduled__2025-05-26T00:00:00+00:00', '--job-id', '28', '--raw', '--subdir', 'DAGS_FOLDER/Sesion2/Ejemplo3.py', '--cfg-path', '/tmp/tmp9j9jm9tm']
[2025-05-28T02:33:53.766+0000] {standard_task_runner.py:105} INFO - Job 28: Subtask sleep
[2025-05-28T02:33:53.836+0000] {logging_mixin.py:190} WARNING - /home/***/.local/lib/python3.12/site-packages/***/settings.py:209 DeprecationWarning: The sql_alchemy_conn option in [core] has been moved to the sql_alchemy_conn option in [database] - the old setting has been used, but please update your config.
[2025-05-28T02:33:54.005+0000] {task_command.py:467} INFO - Running <TaskInstance: bash_dag.sleep scheduled__2025-05-26T00:00:00+00:00 [running]> on host 31d54648d280
[2025-05-28T02:33:54.014+0000] {logging_mixin.py:190} WARNING - /home/***/.local/lib/python3.12/site-packages/***/settings.py:470 DeprecationWarning: The sql_alchemy_conn option in [core] has been moved to the sql_alchemy_conn option in [database] - the old setting has been used, but please update your config.
[2025-05-28T02:33:54.277+0000] {taskinstance.py:3131} INFO - Exporting env vars: AIRFLOW_CTX_DAG_OWNER='***' AIRFLOW_CTX_DAG_ID='bash_dag' AIRFLOW_CTX_TASK_ID='sleep' AIRFLOW_CTX_EXECUTION_DATE='2025-05-26T00:00:00+00:00' AIRFLOW_CTX_TRY_NUMBER='1' AIRFLOW_CTX_DAG_RUN_ID='scheduled__2025-05-26T00:00:00+00:00'
[2025-05-28T02:33:54.281+0000] {taskinstance.py:731} INFO - ::endgroup::
[2025-05-28T02:33:54.478+0000] {subprocess.py:63} INFO - Tmp dir root location: /tmp
[2025-05-28T02:33:54.489+0000] {subprocess.py:75} INFO - Running command: ['/usr/bin/bash', '-c', 'sleep 10']
[2025-05-28T02:33:54.608+0000] {subprocess.py:86} INFO - Output:
[2025-05-28T02:34:04.626+0000] {subprocess.py:97} INFO - Command exited with return code 0
[2025-05-28T02:34:04.659+0000] {taskinstance.py:340} INFO - ::group::Post task execution logs
[2025-05-28T02:34:04.660+0000] {taskinstance.py:352} INFO - Marking task as SUCCESS. dag_id=bash_dag, task_id=sleep, run_id=scheduled__2025-05-26T00:00:00+00:00, execution_date=20250526T000000, start_date=20250528T023353, end_date=20250528T023404
[2025-05-28T02:34:04.719+0000] {local_task_job_runner.py:266} INFO - Task exited with return code 0
[2025-05-28T02:34:04.733+0000] {taskinstance.py:3900} INFO - 0 downstream tasks scheduled from follow-on schedule check
[2025-05-28T02:34:04.734+0000] {local_task_job_runner.py:245} INFO - ::endgroup::
