[2025-05-28T02:33:51.246+0000] {local_task_job_runner.py:123} INFO - ::group::Pre task execution logs
[2025-05-28T02:33:51.406+0000] {taskinstance.py:2612} INFO - Dependencies all met for dep_context=non-requeueable deps ti=<TaskInstance: bash_dag.sleep scheduled__2025-05-24T00:00:00+00:00 [queued]>
[2025-05-28T02:33:51.482+0000] {taskinstance.py:2612} INFO - Dependencies all met for dep_context=requeueable deps ti=<TaskInstance: bash_dag.sleep scheduled__2025-05-24T00:00:00+00:00 [queued]>
[2025-05-28T02:33:51.494+0000] {taskinstance.py:2865} INFO - Starting attempt 1 of 2
[2025-05-28T02:33:51.765+0000] {taskinstance.py:2888} INFO - Executing <Task(BashOperator): sleep> on 2025-05-24 00:00:00+00:00
[2025-05-28T02:33:51.859+0000] {logging_mixin.py:190} WARNING - /home/***/.local/lib/python3.12/site-packages/***/task/task_runner/standard_task_runner.py:70 DeprecationWarning: This process (pid=1541) is multi-threaded, use of fork() may lead to deadlocks in the child.
[2025-05-28T02:33:51.880+0000] {standard_task_runner.py:72} INFO - Started process 1570 to run task
[2025-05-28T02:33:51.868+0000] {standard_task_runner.py:104} INFO - Running: ['***', 'tasks', 'run', 'bash_dag', 'sleep', 'scheduled__2025-05-24T00:00:00+00:00', '--job-id', '25', '--raw', '--subdir', 'DAGS_FOLDER/Sesion2/Ejemplo3.py', '--cfg-path', '/tmp/tmp5agl69t0']
[2025-05-28T02:33:51.898+0000] {standard_task_runner.py:105} INFO - Job 25: Subtask sleep
[2025-05-28T02:33:52.025+0000] {logging_mixin.py:190} WARNING - /home/***/.local/lib/python3.12/site-packages/***/settings.py:209 DeprecationWarning: The sql_alchemy_conn option in [core] has been moved to the sql_alchemy_conn option in [database] - the old setting has been used, but please update your config.
[2025-05-28T02:33:52.537+0000] {task_command.py:467} INFO - Running <TaskInstance: bash_dag.sleep scheduled__2025-05-24T00:00:00+00:00 [running]> on host 31d54648d280
[2025-05-28T02:33:52.566+0000] {logging_mixin.py:190} WARNING - /home/***/.local/lib/python3.12/site-packages/***/settings.py:470 DeprecationWarning: The sql_alchemy_conn option in [core] has been moved to the sql_alchemy_conn option in [database] - the old setting has been used, but please update your config.
[2025-05-28T02:33:53.420+0000] {taskinstance.py:3131} INFO - Exporting env vars: AIRFLOW_CTX_DAG_OWNER='***' AIRFLOW_CTX_DAG_ID='bash_dag' AIRFLOW_CTX_TASK_ID='sleep' AIRFLOW_CTX_EXECUTION_DATE='2025-05-24T00:00:00+00:00' AIRFLOW_CTX_TRY_NUMBER='1' AIRFLOW_CTX_DAG_RUN_ID='scheduled__2025-05-24T00:00:00+00:00'
[2025-05-28T02:33:53.421+0000] {taskinstance.py:731} INFO - ::endgroup::
[2025-05-28T02:33:53.561+0000] {subprocess.py:63} INFO - Tmp dir root location: /tmp
[2025-05-28T02:33:53.571+0000] {subprocess.py:75} INFO - Running command: ['/usr/bin/bash', '-c', 'sleep 10']
[2025-05-28T02:33:53.650+0000] {subprocess.py:86} INFO - Output:
[2025-05-28T02:34:03.666+0000] {subprocess.py:97} INFO - Command exited with return code 0
[2025-05-28T02:34:03.705+0000] {taskinstance.py:340} INFO - ::group::Post task execution logs
[2025-05-28T02:34:03.706+0000] {taskinstance.py:352} INFO - Marking task as SUCCESS. dag_id=bash_dag, task_id=sleep, run_id=scheduled__2025-05-24T00:00:00+00:00, execution_date=20250524T000000, start_date=20250528T023351, end_date=20250528T023403
[2025-05-28T02:34:03.801+0000] {local_task_job_runner.py:266} INFO - Task exited with return code 0
[2025-05-28T02:34:03.819+0000] {taskinstance.py:3900} INFO - 0 downstream tasks scheduled from follow-on schedule check
[2025-05-28T02:34:03.820+0000] {local_task_job_runner.py:245} INFO - ::endgroup::
