[2025-06-04T01:19:55.562+0000] {local_task_job_runner.py:123} INFO - ::group::Pre task execution logs
[2025-06-04T01:19:55.601+0000] {taskinstance.py:2612} INFO - Dependencies all met for dep_context=non-requeueable deps ti=<TaskInstance: final_dag_ej2_1.esperar_consumer_dag_S5_ej2_2 manual__2025-06-04T01:19:53.805047+00:00 [queued]>
[2025-06-04T01:19:55.628+0000] {taskinstance.py:2612} INFO - Dependencies all met for dep_context=requeueable deps ti=<TaskInstance: final_dag_ej2_1.esperar_consumer_dag_S5_ej2_2 manual__2025-06-04T01:19:53.805047+00:00 [queued]>
[2025-06-04T01:19:55.629+0000] {taskinstance.py:2865} INFO - Starting attempt 1 of 1
[2025-06-04T01:19:55.669+0000] {taskinstance.py:2888} INFO - Executing <Task(ExternalTaskSensor): esperar_consumer_dag_S5_ej2_2> on 2025-06-04 01:19:53.805047+00:00
[2025-06-04T01:19:55.690+0000] {logging_mixin.py:190} WARNING - /home/***/.local/lib/python3.12/site-packages/***/task/task_runner/standard_task_runner.py:70 DeprecationWarning: This process (pid=8792) is multi-threaded, use of fork() may lead to deadlocks in the child.
[2025-06-04T01:19:55.692+0000] {standard_task_runner.py:72} INFO - Started process 8794 to run task
[2025-06-04T01:19:55.695+0000] {standard_task_runner.py:104} INFO - Running: ['***', 'tasks', 'run', 'final_dag_ej2_1', 'esperar_consumer_dag_S5_ej2_2', 'manual__2025-06-04T01:19:53.805047+00:00', '--job-id', '263', '--raw', '--subdir', 'DAGS_FOLDER/Sesion5/Dataset_S5_4_1.py', '--cfg-path', '/tmp/tmp9u6hxe7f']
[2025-06-04T01:19:55.702+0000] {standard_task_runner.py:105} INFO - Job 263: Subtask esperar_consumer_dag_S5_ej2_2
[2025-06-04T01:19:55.745+0000] {logging_mixin.py:190} WARNING - /home/***/.local/lib/python3.12/site-packages/***/settings.py:209 DeprecationWarning: The sql_alchemy_conn option in [core] has been moved to the sql_alchemy_conn option in [database] - the old setting has been used, but please update your config.
[2025-06-04T01:19:55.828+0000] {task_command.py:467} INFO - Running <TaskInstance: final_dag_ej2_1.esperar_consumer_dag_S5_ej2_2 manual__2025-06-04T01:19:53.805047+00:00 [running]> on host 31d54648d280
[2025-06-04T01:19:56.113+0000] {taskinstance.py:3131} INFO - Exporting env vars: AIRFLOW_CTX_DAG_OWNER='***' AIRFLOW_CTX_DAG_ID='final_dag_ej2_1' AIRFLOW_CTX_TASK_ID='esperar_consumer_dag_S5_ej2_2' AIRFLOW_CTX_EXECUTION_DATE='2025-06-04T01:19:53.805047+00:00' AIRFLOW_CTX_TRY_NUMBER='1' AIRFLOW_CTX_DAG_RUN_ID='manual__2025-06-04T01:19:53.805047+00:00'
[2025-06-04T01:19:56.114+0000] {taskinstance.py:731} INFO - ::endgroup::
[2025-06-04T01:19:56.160+0000] {baseoperator.py:405} WARNING - ExternalTaskSensor.execute cannot be called outside TaskInstance!
[2025-06-04T01:19:56.162+0000] {external_task.py:258} INFO - Poking for tasks ['consume_data_dag_S5_ej2_2'] in dag consumer_dag_S5_ej2_2 on 2025-06-04T01:19:53.805047+00:00 ... 
[2025-06-04T01:19:56.166+0000] {logging_mixin.py:190} WARNING - /home/***/.local/lib/python3.12/site-packages/***/utils/session.py:97 DeprecationWarning: This method is deprecated and will be removed in future.
[2025-06-04T01:20:26.190+0000] {external_task.py:258} INFO - Poking for tasks ['consume_data_dag_S5_ej2_2'] in dag consumer_dag_S5_ej2_2 on 2025-06-04T01:19:53.805047+00:00 ... 
[2025-06-04T01:20:56.216+0000] {external_task.py:258} INFO - Poking for tasks ['consume_data_dag_S5_ej2_2'] in dag consumer_dag_S5_ej2_2 on 2025-06-04T01:19:53.805047+00:00 ... 
[2025-06-04T01:21:26.223+0000] {external_task.py:258} INFO - Poking for tasks ['consume_data_dag_S5_ej2_2'] in dag consumer_dag_S5_ej2_2 on 2025-06-04T01:19:53.805047+00:00 ... 
[2025-06-04T01:21:56.230+0000] {external_task.py:258} INFO - Poking for tasks ['consume_data_dag_S5_ej2_2'] in dag consumer_dag_S5_ej2_2 on 2025-06-04T01:19:53.805047+00:00 ... 
[2025-06-04T01:22:26.237+0000] {external_task.py:258} INFO - Poking for tasks ['consume_data_dag_S5_ej2_2'] in dag consumer_dag_S5_ej2_2 on 2025-06-04T01:19:53.805047+00:00 ... 
[2025-06-04T01:22:56.244+0000] {external_task.py:258} INFO - Poking for tasks ['consume_data_dag_S5_ej2_2'] in dag consumer_dag_S5_ej2_2 on 2025-06-04T01:19:53.805047+00:00 ... 
[2025-06-04T01:23:26.251+0000] {external_task.py:258} INFO - Poking for tasks ['consume_data_dag_S5_ej2_2'] in dag consumer_dag_S5_ej2_2 on 2025-06-04T01:19:53.805047+00:00 ... 
[2025-06-04T01:23:56.258+0000] {external_task.py:258} INFO - Poking for tasks ['consume_data_dag_S5_ej2_2'] in dag consumer_dag_S5_ej2_2 on 2025-06-04T01:19:53.805047+00:00 ... 
[2025-06-04T01:24:26.265+0000] {external_task.py:258} INFO - Poking for tasks ['consume_data_dag_S5_ej2_2'] in dag consumer_dag_S5_ej2_2 on 2025-06-04T01:19:53.805047+00:00 ... 
[2025-06-04T01:24:56.272+0000] {external_task.py:258} INFO - Poking for tasks ['consume_data_dag_S5_ej2_2'] in dag consumer_dag_S5_ej2_2 on 2025-06-04T01:19:53.805047+00:00 ... 
[2025-06-04T01:25:26.279+0000] {external_task.py:258} INFO - Poking for tasks ['consume_data_dag_S5_ej2_2'] in dag consumer_dag_S5_ej2_2 on 2025-06-04T01:19:53.805047+00:00 ... 
[2025-06-04T01:25:56.286+0000] {external_task.py:258} INFO - Poking for tasks ['consume_data_dag_S5_ej2_2'] in dag consumer_dag_S5_ej2_2 on 2025-06-04T01:19:53.805047+00:00 ... 
[2025-06-04T01:26:26.295+0000] {external_task.py:258} INFO - Poking for tasks ['consume_data_dag_S5_ej2_2'] in dag consumer_dag_S5_ej2_2 on 2025-06-04T01:19:53.805047+00:00 ... 
[2025-06-04T01:26:34.162+0000] {local_task_job_runner.py:346} WARNING - State of this instance has been externally set to restarting. Terminating instance.
[2025-06-04T01:26:34.163+0000] {local_task_job_runner.py:245} INFO - ::endgroup::
[2025-06-04T01:26:34.165+0000] {process_utils.py:132} INFO - Sending 15 to group 8794. PIDs of all processes in the group: [8794]
[2025-06-04T01:26:34.166+0000] {process_utils.py:87} INFO - Sending the signal 15 to group 8794
[2025-06-04T01:26:34.166+0000] {taskinstance.py:3092} ERROR - Received SIGTERM. Terminating subprocesses.
[2025-06-04T01:26:34.173+0000] {taskinstance.py:3310} ERROR - Task failed with exception
Traceback (most recent call last):
  File "/home/airflow/.local/lib/python3.12/site-packages/airflow/models/taskinstance.py", line 767, in _execute_task
    result = _execute_callable(context=context, **execute_callable_kwargs)
             ^^^^^^^^^^^^^^^^^^^^^^^^^^^^^^^^^^^^^^^^^^^^^^^^^^^^^^^^^^^^^
  File "/home/airflow/.local/lib/python3.12/site-packages/airflow/models/taskinstance.py", line 733, in _execute_callable
    return ExecutionCallableRunner(
           ^^^^^^^^^^^^^^^^^^^^^^^^
  File "/home/airflow/.local/lib/python3.12/site-packages/airflow/utils/operator_helpers.py", line 252, in run
    return self.func(*args, **kwargs)
           ^^^^^^^^^^^^^^^^^^^^^^^^^^
  File "/home/airflow/.local/lib/python3.12/site-packages/airflow/models/baseoperator.py", line 406, in wrapper
    return func(self, *args, **kwargs)
           ^^^^^^^^^^^^^^^^^^^^^^^^^^^
  File "/home/airflow/.local/lib/python3.12/site-packages/airflow/sensors/external_task.py", line 348, in execute
    super().execute(context)
  File "/home/airflow/.local/lib/python3.12/site-packages/airflow/models/baseoperator.py", line 406, in wrapper
    return func(self, *args, **kwargs)
           ^^^^^^^^^^^^^^^^^^^^^^^^^^^
  File "/home/airflow/.local/lib/python3.12/site-packages/airflow/sensors/base.py", line 334, in execute
    time.sleep(self._get_next_poke_interval(started_at, run_duration, poke_count))
  File "/home/airflow/.local/lib/python3.12/site-packages/airflow/models/taskinstance.py", line 3094, in signal_handler
    raise AirflowTaskTerminated("Task received SIGTERM signal")
airflow.exceptions.AirflowTaskTerminated: Task received SIGTERM signal
[2025-06-04T01:26:34.182+0000] {taskinstance.py:1225} INFO - Marking task as UP_FOR_RETRY. dag_id=final_dag_ej2_1, task_id=esperar_consumer_dag_S5_ej2_2, run_id=manual__2025-06-04T01:19:53.805047+00:00, execution_date=20250604T011953, start_date=20250604T011955, end_date=20250604T012634
[2025-06-04T01:26:34.200+0000] {taskinstance.py:340} INFO - ::group::Post task execution logs
[2025-06-04T01:26:34.218+0000] {process_utils.py:80} INFO - Process psutil.Process(pid=8794, status='terminated', exitcode=2, started='01:19:55') (8794) terminated with exit code 2
