[2025-06-04T01:28:10.706+0000] {local_task_job_runner.py:123} INFO - ::group::Pre task execution logs
[2025-06-04T01:28:10.742+0000] {taskinstance.py:2612} INFO - Dependencies all met for dep_context=non-requeueable deps ti=<TaskInstance: final_dag_ej2_1.esperar_consumer_dag_S5_ej2_1 manual__2025-06-04T01:19:53.805047+00:00 [queued]>
[2025-06-04T01:28:10.766+0000] {taskinstance.py:2612} INFO - Dependencies all met for dep_context=requeueable deps ti=<TaskInstance: final_dag_ej2_1.esperar_consumer_dag_S5_ej2_1 manual__2025-06-04T01:19:53.805047+00:00 [queued]>
[2025-06-04T01:28:10.767+0000] {taskinstance.py:2865} INFO - Starting attempt 3 of 3
[2025-06-04T01:28:10.798+0000] {taskinstance.py:2888} INFO - Executing <Task(ExternalTaskSensor): esperar_consumer_dag_S5_ej2_1> on 2025-06-04 01:19:53.805047+00:00
[2025-06-04T01:28:10.821+0000] {logging_mixin.py:190} WARNING - /home/***/.local/lib/python3.12/site-packages/***/task/task_runner/standard_task_runner.py:70 DeprecationWarning: This process (pid=10079) is multi-threaded, use of fork() may lead to deadlocks in the child.
[2025-06-04T01:28:10.822+0000] {standard_task_runner.py:72} INFO - Started process 10080 to run task
[2025-06-04T01:28:10.826+0000] {standard_task_runner.py:104} INFO - Running: ['***', 'tasks', 'run', 'final_dag_ej2_1', 'esperar_consumer_dag_S5_ej2_1', 'manual__2025-06-04T01:19:53.805047+00:00', '--job-id', '272', '--raw', '--subdir', 'DAGS_FOLDER/Sesion5/Dataset_S5_4_1.py', '--cfg-path', '/tmp/tmp5true2bm']
[2025-06-04T01:28:10.831+0000] {standard_task_runner.py:105} INFO - Job 272: Subtask esperar_consumer_dag_S5_ej2_1
[2025-06-04T01:28:10.861+0000] {logging_mixin.py:190} WARNING - /home/***/.local/lib/python3.12/site-packages/***/settings.py:209 DeprecationWarning: The sql_alchemy_conn option in [core] has been moved to the sql_alchemy_conn option in [database] - the old setting has been used, but please update your config.
[2025-06-04T01:28:10.994+0000] {task_command.py:467} INFO - Running <TaskInstance: final_dag_ej2_1.esperar_consumer_dag_S5_ej2_1 manual__2025-06-04T01:19:53.805047+00:00 [running]> on host 31d54648d280
[2025-06-04T01:28:11.309+0000] {taskinstance.py:3131} INFO - Exporting env vars: AIRFLOW_CTX_DAG_OWNER='***' AIRFLOW_CTX_DAG_ID='final_dag_ej2_1' AIRFLOW_CTX_TASK_ID='esperar_consumer_dag_S5_ej2_1' AIRFLOW_CTX_EXECUTION_DATE='2025-06-04T01:19:53.805047+00:00' AIRFLOW_CTX_TRY_NUMBER='3' AIRFLOW_CTX_DAG_RUN_ID='manual__2025-06-04T01:19:53.805047+00:00'
[2025-06-04T01:28:11.310+0000] {taskinstance.py:731} INFO - ::endgroup::
[2025-06-04T01:28:11.409+0000] {baseoperator.py:405} WARNING - ExternalTaskSensor.execute cannot be called outside TaskInstance!
[2025-06-04T01:28:11.414+0000] {external_task.py:258} INFO - Poking for tasks ['consume_data_dag_S5_ej2_1'] in dag consumer_dag_S5_ej2_1 on 2025-06-04T01:19:53.805047+00:00 ... 
[2025-06-04T01:28:11.417+0000] {logging_mixin.py:190} WARNING - /home/***/.local/lib/python3.12/site-packages/***/utils/session.py:97 DeprecationWarning: This method is deprecated and will be removed in future.
[2025-06-04T01:28:41.470+0000] {external_task.py:258} INFO - Poking for tasks ['consume_data_dag_S5_ej2_1'] in dag consumer_dag_S5_ej2_1 on 2025-06-04T01:19:53.805047+00:00 ... 
[2025-06-04T01:29:01.235+0000] {local_task_job_runner.py:346} WARNING - State of this instance has been externally set to success. Terminating instance.
[2025-06-04T01:29:01.236+0000] {local_task_job_runner.py:245} INFO - ::endgroup::
[2025-06-04T01:29:01.238+0000] {process_utils.py:132} INFO - Sending 15 to group 10080. PIDs of all processes in the group: [10080]
[2025-06-04T01:29:01.238+0000] {process_utils.py:87} INFO - Sending the signal 15 to group 10080
[2025-06-04T01:29:01.238+0000] {taskinstance.py:3092} ERROR - Received SIGTERM. Terminating subprocesses.
[2025-06-04T01:29:01.250+0000] {taskinstance.py:340} INFO - ::group::Post task execution logs
[2025-06-04T01:29:01.265+0000] {process_utils.py:80} INFO - Process psutil.Process(pid=10080, status='terminated', exitcode=0, started='01:28:10') (10080) terminated with exit code 0
