[2025-05-30T01:23:34.706+0000] {local_task_job_runner.py:123} INFO - ::group::Pre task execution logs
[2025-05-30T01:23:34.766+0000] {taskinstance.py:2612} INFO - Dependencies all met for dep_context=non-requeueable deps ti=<TaskInstance: flag_check_mysql_dag.check_flag scheduled__2025-05-29T01:28:00+00:00 [queued]>
[2025-05-30T01:23:34.812+0000] {taskinstance.py:2612} INFO - Dependencies all met for dep_context=requeueable deps ti=<TaskInstance: flag_check_mysql_dag.check_flag scheduled__2025-05-29T01:28:00+00:00 [queued]>
[2025-05-30T01:23:34.815+0000] {taskinstance.py:2865} INFO - Starting attempt 1 of 2
[2025-05-30T01:23:35.017+0000] {taskinstance.py:2888} INFO - Executing <Task(SqlSensor): check_flag> on 2025-05-29 01:28:00+00:00
[2025-05-30T01:23:35.061+0000] {logging_mixin.py:190} WARNING - /home/***/.local/lib/python3.12/site-packages/***/task/task_runner/standard_task_runner.py:70 DeprecationWarning: This process (pid=1168) is multi-threaded, use of fork() may lead to deadlocks in the child.
[2025-05-30T01:23:35.057+0000] {standard_task_runner.py:104} INFO - Running: ['***', 'tasks', 'run', 'flag_check_mysql_dag', 'check_flag', 'scheduled__2025-05-29T01:28:00+00:00', '--job-id', '135', '--raw', '--subdir', 'DAGS_FOLDER/Sesion3/Ejemplo7.py', '--cfg-path', '/tmp/tmpcgl8o7o5']
[2025-05-30T01:23:35.062+0000] {standard_task_runner.py:72} INFO - Started process 1177 to run task
[2025-05-30T01:23:35.070+0000] {standard_task_runner.py:105} INFO - Job 135: Subtask check_flag
[2025-05-30T01:23:35.150+0000] {logging_mixin.py:190} WARNING - /home/***/.local/lib/python3.12/site-packages/***/settings.py:209 DeprecationWarning: The sql_alchemy_conn option in [core] has been moved to the sql_alchemy_conn option in [database] - the old setting has been used, but please update your config.
[2025-05-30T01:23:35.242+0000] {task_command.py:467} INFO - Running <TaskInstance: flag_check_mysql_dag.check_flag scheduled__2025-05-29T01:28:00+00:00 [running]> on host 31d54648d280
[2025-05-30T01:23:35.245+0000] {logging_mixin.py:190} WARNING - /home/***/.local/lib/python3.12/site-packages/***/settings.py:470 DeprecationWarning: The sql_alchemy_conn option in [core] has been moved to the sql_alchemy_conn option in [database] - the old setting has been used, but please update your config.
[2025-05-30T01:23:35.685+0000] {taskinstance.py:3131} INFO - Exporting env vars: AIRFLOW_CTX_DAG_OWNER='***' AIRFLOW_CTX_DAG_ID='flag_check_mysql_dag' AIRFLOW_CTX_TASK_ID='check_flag' AIRFLOW_CTX_EXECUTION_DATE='2025-05-29T01:28:00+00:00' AIRFLOW_CTX_TRY_NUMBER='1' AIRFLOW_CTX_DAG_RUN_ID='scheduled__2025-05-29T01:28:00+00:00'
[2025-05-30T01:23:35.691+0000] {taskinstance.py:731} INFO - ::endgroup::
[2025-05-30T01:23:35.852+0000] {base.py:84} INFO - Retrieving connection 'my_db_connection_mysql'
[2025-05-30T01:23:35.866+0000] {sql.py:96} INFO - Poking: SELECT flag FROM my_table WHERE id = 1 (with parameters None)
[2025-05-30T01:23:35.893+0000] {base.py:84} INFO - Retrieving connection 'my_db_connection_mysql'
[2025-05-30T01:23:35.934+0000] {sql.py:509} INFO - Running statement: SELECT flag FROM my_table WHERE id = 1, parameters: None
[2025-05-30T01:23:35.937+0000] {sql.py:518} INFO - Rows affected: 1
[2025-05-30T01:23:35.938+0000] {base.py:336} INFO - Success criteria met. Exiting.
[2025-05-30T01:23:35.969+0000] {taskinstance.py:340} INFO - ::group::Post task execution logs
[2025-05-30T01:23:35.970+0000] {taskinstance.py:352} INFO - Marking task as SUCCESS. dag_id=flag_check_mysql_dag, task_id=check_flag, run_id=scheduled__2025-05-29T01:28:00+00:00, execution_date=20250529T012800, start_date=20250530T012334, end_date=20250530T012335
[2025-05-30T01:23:36.081+0000] {local_task_job_runner.py:266} INFO - Task exited with return code 0
[2025-05-30T01:23:36.183+0000] {taskinstance.py:3900} INFO - 1 downstream tasks scheduled from follow-on schedule check
[2025-05-30T01:23:36.188+0000] {local_task_job_runner.py:245} INFO - ::endgroup::
