[2025-05-30T00:38:19.823+0000] {local_task_job_runner.py:123} INFO - ::group::Pre task execution logs
[2025-05-30T00:38:19.841+0000] {taskinstance.py:2612} INFO - Dependencies all met for dep_context=non-requeueable deps ti=<TaskInstance: dag_2_ejemplo6.print_date manual__2025-05-30T00:38:17.854678+00:00 [queued]>
[2025-05-30T00:38:19.847+0000] {taskinstance.py:2612} INFO - Dependencies all met for dep_context=requeueable deps ti=<TaskInstance: dag_2_ejemplo6.print_date manual__2025-05-30T00:38:17.854678+00:00 [queued]>
[2025-05-30T00:38:19.847+0000] {taskinstance.py:2865} INFO - Starting attempt 1 of 2
[2025-05-30T00:38:19.858+0000] {taskinstance.py:2888} INFO - Executing <Task(BashOperator): print_date> on 2025-05-30 00:38:17.854678+00:00
[2025-05-30T00:38:19.867+0000] {logging_mixin.py:190} WARNING - /home/***/.local/lib/python3.12/site-packages/***/task/task_runner/standard_task_runner.py:70 DeprecationWarning: This process (pid=2064) is multi-threaded, use of fork() may lead to deadlocks in the child.
[2025-05-30T00:38:19.868+0000] {standard_task_runner.py:72} INFO - Started process 2065 to run task
[2025-05-30T00:38:19.867+0000] {standard_task_runner.py:104} INFO - Running: ['***', 'tasks', 'run', 'dag_2_ejemplo6', 'print_date', 'manual__2025-05-30T00:38:17.854678+00:00', '--job-id', '47', '--raw', '--subdir', 'DAGS_FOLDER/Sesion3/Ejemplo6.py', '--cfg-path', '/tmp/tmp9izbd1v1']
[2025-05-30T00:38:19.869+0000] {standard_task_runner.py:105} INFO - Job 47: Subtask print_date
[2025-05-30T00:38:19.879+0000] {logging_mixin.py:190} WARNING - /home/***/.local/lib/python3.12/site-packages/***/settings.py:209 DeprecationWarning: The sql_alchemy_conn option in [core] has been moved to the sql_alchemy_conn option in [database] - the old setting has been used, but please update your config.
[2025-05-30T00:38:19.903+0000] {task_command.py:467} INFO - Running <TaskInstance: dag_2_ejemplo6.print_date manual__2025-05-30T00:38:17.854678+00:00 [running]> on host 31d54648d280
[2025-05-30T00:38:19.966+0000] {taskinstance.py:3131} INFO - Exporting env vars: AIRFLOW_CTX_DAG_OWNER='***' AIRFLOW_CTX_DAG_ID='dag_2_ejemplo6' AIRFLOW_CTX_TASK_ID='print_date' AIRFLOW_CTX_EXECUTION_DATE='2025-05-30T00:38:17.854678+00:00' AIRFLOW_CTX_TRY_NUMBER='1' AIRFLOW_CTX_DAG_RUN_ID='manual__2025-05-30T00:38:17.854678+00:00'
[2025-05-30T00:38:19.967+0000] {taskinstance.py:731} INFO - ::endgroup::
[2025-05-30T00:38:19.981+0000] {subprocess.py:63} INFO - Tmp dir root location: /tmp
[2025-05-30T00:38:19.981+0000] {subprocess.py:75} INFO - Running command: ['/usr/bin/bash', '-c', 'date']
[2025-05-30T00:38:19.990+0000] {subprocess.py:86} INFO - Output:
[2025-05-30T00:38:20.008+0000] {subprocess.py:93} INFO - Fri May 30 00:38:20 UTC 2025
[2025-05-30T00:38:20.008+0000] {subprocess.py:97} INFO - Command exited with return code 0
[2025-05-30T00:38:20.027+0000] {taskinstance.py:340} INFO - ::group::Post task execution logs
[2025-05-30T00:38:20.028+0000] {taskinstance.py:352} INFO - Marking task as SUCCESS. dag_id=dag_2_ejemplo6, task_id=print_date, run_id=manual__2025-05-30T00:38:17.854678+00:00, execution_date=20250530T003817, start_date=20250530T003819, end_date=20250530T003820
[2025-05-30T00:38:20.042+0000] {local_task_job_runner.py:266} INFO - Task exited with return code 0
[2025-05-30T00:38:20.056+0000] {taskinstance.py:3900} INFO - 0 downstream tasks scheduled from follow-on schedule check
[2025-05-30T00:38:20.057+0000] {local_task_job_runner.py:245} INFO - ::endgroup::
