[2025-06-04T01:19:04.835+0000] {local_task_job_runner.py:123} INFO - ::group::Pre task execution logs
[2025-06-04T01:19:04.865+0000] {taskinstance.py:2612} INFO - Dependencies all met for dep_context=non-requeueable deps ti=<TaskInstance: consumer_dag_S5_ej2_2.consume_data_dag_S5_ej2_2 dataset_triggered__2025-06-04T01:19:03.788611+00:00 [queued]>
[2025-06-04T01:19:04.874+0000] {taskinstance.py:2612} INFO - Dependencies all met for dep_context=requeueable deps ti=<TaskInstance: consumer_dag_S5_ej2_2.consume_data_dag_S5_ej2_2 dataset_triggered__2025-06-04T01:19:03.788611+00:00 [queued]>
[2025-06-04T01:19:04.875+0000] {taskinstance.py:2865} INFO - Starting attempt 1 of 1
[2025-06-04T01:19:04.895+0000] {taskinstance.py:2888} INFO - Executing <Task(PythonOperator): consume_data_dag_S5_ej2_2> on 2025-06-04 01:19:03.788611+00:00
[2025-06-04T01:19:04.910+0000] {logging_mixin.py:190} WARNING - /home/***/.local/lib/python3.12/site-packages/***/task/task_runner/standard_task_runner.py:70 DeprecationWarning: This process (pid=8660) is multi-threaded, use of fork() may lead to deadlocks in the child.
[2025-06-04T01:19:04.912+0000] {standard_task_runner.py:72} INFO - Started process 8663 to run task
[2025-06-04T01:19:04.909+0000] {standard_task_runner.py:104} INFO - Running: ['***', 'tasks', 'run', 'consumer_dag_S5_ej2_2', 'consume_data_dag_S5_ej2_2', 'dataset_triggered__2025-06-04T01:19:03.788611+00:00', '--job-id', '259', '--raw', '--subdir', 'DAGS_FOLDER/Sesion5/Dataset_S5_3.py', '--cfg-path', '/tmp/tmp4hq5zggw']
[2025-06-04T01:19:04.914+0000] {standard_task_runner.py:105} INFO - Job 259: Subtask consume_data_dag_S5_ej2_2
[2025-06-04T01:19:04.937+0000] {logging_mixin.py:190} WARNING - /home/***/.local/lib/python3.12/site-packages/***/settings.py:209 DeprecationWarning: The sql_alchemy_conn option in [core] has been moved to the sql_alchemy_conn option in [database] - the old setting has been used, but please update your config.
[2025-06-04T01:19:05.024+0000] {task_command.py:467} INFO - Running <TaskInstance: consumer_dag_S5_ej2_2.consume_data_dag_S5_ej2_2 dataset_triggered__2025-06-04T01:19:03.788611+00:00 [running]> on host 31d54648d280
[2025-06-04T01:19:05.029+0000] {logging_mixin.py:190} WARNING - /home/***/.local/lib/python3.12/site-packages/***/settings.py:470 DeprecationWarning: The sql_alchemy_conn option in [core] has been moved to the sql_alchemy_conn option in [database] - the old setting has been used, but please update your config.
[2025-06-04T01:19:05.233+0000] {taskinstance.py:3131} INFO - Exporting env vars: AIRFLOW_CTX_DAG_OWNER='***' AIRFLOW_CTX_DAG_ID='consumer_dag_S5_ej2_2' AIRFLOW_CTX_TASK_ID='consume_data_dag_S5_ej2_2' AIRFLOW_CTX_EXECUTION_DATE='2025-06-04T01:19:03.788611+00:00' AIRFLOW_CTX_TRY_NUMBER='1' AIRFLOW_CTX_DAG_RUN_ID='dataset_triggered__2025-06-04T01:19:03.788611+00:00'
[2025-06-04T01:19:05.233+0000] {taskinstance.py:731} INFO - ::endgroup::
[2025-06-04T01:19:05.257+0000] {logging_mixin.py:190} INFO - consumer_dag_S5_ej2_2 consumió el dataset producer_dag_S5_ej2
[2025-06-04T01:19:05.258+0000] {python.py:240} INFO - Done. Returned value was: None
[2025-06-04T01:19:05.270+0000] {taskinstance.py:340} INFO - ::group::Post task execution logs
[2025-06-04T01:19:05.271+0000] {taskinstance.py:352} INFO - Marking task as SUCCESS. dag_id=consumer_dag_S5_ej2_2, task_id=consume_data_dag_S5_ej2_2, run_id=dataset_triggered__2025-06-04T01:19:03.788611+00:00, execution_date=20250604T011903, start_date=20250604T011904, end_date=20250604T011905
[2025-06-04T01:19:05.297+0000] {local_task_job_runner.py:266} INFO - Task exited with return code 0
[2025-06-04T01:19:05.326+0000] {taskinstance.py:3900} INFO - 1 downstream tasks scheduled from follow-on schedule check
[2025-06-04T01:19:05.328+0000] {local_task_job_runner.py:245} INFO - ::endgroup::
