[2025-06-04T02:38:20.587+0000] {local_task_job_runner.py:123} INFO - ::group::Pre task execution logs
[2025-06-04T02:38:20.627+0000] {taskinstance.py:2612} INFO - Dependencies all met for dep_context=non-requeueable deps ti=<TaskInstance: etl_with_variables_1.run_etl_process manual__2025-06-04T02:38:19.247229+00:00 [queued]>
[2025-06-04T02:38:20.637+0000] {taskinstance.py:2612} INFO - Dependencies all met for dep_context=requeueable deps ti=<TaskInstance: etl_with_variables_1.run_etl_process manual__2025-06-04T02:38:19.247229+00:00 [queued]>
[2025-06-04T02:38:20.638+0000] {taskinstance.py:2865} INFO - Starting attempt 1 of 1
[2025-06-04T02:38:20.657+0000] {taskinstance.py:2888} INFO - Executing <Task(PythonOperator): run_etl_process> on 2025-06-04 02:38:19.247229+00:00
[2025-06-04T02:38:20.675+0000] {logging_mixin.py:190} WARNING - /home/***/.local/lib/python3.12/site-packages/***/task/task_runner/standard_task_runner.py:70 DeprecationWarning: This process (pid=21940) is multi-threaded, use of fork() may lead to deadlocks in the child.
[2025-06-04T02:38:20.676+0000] {standard_task_runner.py:72} INFO - Started process 21942 to run task
[2025-06-04T02:38:20.675+0000] {standard_task_runner.py:104} INFO - Running: ['***', 'tasks', 'run', 'etl_with_variables_1', 'run_etl_process', 'manual__2025-06-04T02:38:19.247229+00:00', '--job-id', '301', '--raw', '--subdir', 'DAGS_FOLDER/Sesion5/DAG_variables_1.py', '--cfg-path', '/tmp/tmp3myejzel']
[2025-06-04T02:38:20.680+0000] {standard_task_runner.py:105} INFO - Job 301: Subtask run_etl_process
[2025-06-04T02:38:20.697+0000] {logging_mixin.py:190} WARNING - /home/***/.local/lib/python3.12/site-packages/***/settings.py:209 DeprecationWarning: The sql_alchemy_conn option in [core] has been moved to the sql_alchemy_conn option in [database] - the old setting has been used, but please update your config.
[2025-06-04T02:38:20.727+0000] {task_command.py:467} INFO - Running <TaskInstance: etl_with_variables_1.run_etl_process manual__2025-06-04T02:38:19.247229+00:00 [running]> on host 31d54648d280
[2025-06-04T02:38:20.826+0000] {taskinstance.py:3131} INFO - Exporting env vars: AIRFLOW_CTX_DAG_OWNER='***' AIRFLOW_CTX_DAG_ID='etl_with_variables_1' AIRFLOW_CTX_TASK_ID='run_etl_process' AIRFLOW_CTX_EXECUTION_DATE='2025-06-04T02:38:19.247229+00:00' AIRFLOW_CTX_TRY_NUMBER='1' AIRFLOW_CTX_DAG_RUN_ID='manual__2025-06-04T02:38:19.247229+00:00'
[2025-06-04T02:38:20.827+0000] {taskinstance.py:731} INFO - ::endgroup::
[2025-06-04T02:38:20.900+0000] {logging_mixin.py:190} INFO - El archivo no existe: /opt/***/dags/Sesion5/data//file_input.csv
[2025-06-04T02:38:20.901+0000] {python.py:240} INFO - Done. Returned value was: None
[2025-06-04T02:38:20.910+0000] {taskinstance.py:340} INFO - ::group::Post task execution logs
[2025-06-04T02:38:20.910+0000] {taskinstance.py:352} INFO - Marking task as SUCCESS. dag_id=etl_with_variables_1, task_id=run_etl_process, run_id=manual__2025-06-04T02:38:19.247229+00:00, execution_date=20250604T023819, start_date=20250604T023820, end_date=20250604T023820
[2025-06-04T02:38:20.935+0000] {local_task_job_runner.py:266} INFO - Task exited with return code 0
[2025-06-04T02:38:20.948+0000] {taskinstance.py:3900} INFO - 0 downstream tasks scheduled from follow-on schedule check
[2025-06-04T02:38:20.949+0000] {local_task_job_runner.py:245} INFO - ::endgroup::
