[2025-05-30T01:22:59.186+0000] {local_task_job_runner.py:123} INFO - ::group::Pre task execution logs
[2025-05-30T01:22:59.436+0000] {taskinstance.py:2612} INFO - Dependencies all met for dep_context=non-requeueable deps ti=<TaskInstance: flag_check_mysql_dag.execute_task scheduled__2025-05-29T00:14:00+00:00 [queued]>
[2025-05-30T01:22:59.552+0000] {taskinstance.py:2612} INFO - Dependencies all met for dep_context=requeueable deps ti=<TaskInstance: flag_check_mysql_dag.execute_task scheduled__2025-05-29T00:14:00+00:00 [queued]>
[2025-05-30T01:22:59.553+0000] {taskinstance.py:2865} INFO - Starting attempt 1 of 2
[2025-05-30T01:23:00.029+0000] {taskinstance.py:2888} INFO - Executing <Task(PythonOperator): execute_task> on 2025-05-29 00:14:00+00:00
[2025-05-30T01:23:00.054+0000] {standard_task_runner.py:104} INFO - Running: ['***', 'tasks', 'run', 'flag_check_mysql_dag', 'execute_task', 'scheduled__2025-05-29T00:14:00+00:00', '--job-id', '72', '--raw', '--subdir', 'DAGS_FOLDER/Sesion3/Ejemplo7.py', '--cfg-path', '/tmp/tmpachcd5pn']
[2025-05-30T01:23:00.057+0000] {logging_mixin.py:190} WARNING - /home/***/.local/lib/python3.12/site-packages/***/task/task_runner/standard_task_runner.py:70 DeprecationWarning: This process (pid=937) is multi-threaded, use of fork() may lead to deadlocks in the child.
[2025-05-30T01:23:00.070+0000] {standard_task_runner.py:72} INFO - Started process 945 to run task
[2025-05-30T01:23:00.083+0000] {standard_task_runner.py:105} INFO - Job 72: Subtask execute_task
[2025-05-30T01:23:00.175+0000] {logging_mixin.py:190} WARNING - /home/***/.local/lib/python3.12/site-packages/***/settings.py:209 DeprecationWarning: The sql_alchemy_conn option in [core] has been moved to the sql_alchemy_conn option in [database] - the old setting has been used, but please update your config.
[2025-05-30T01:23:00.397+0000] {task_command.py:467} INFO - Running <TaskInstance: flag_check_mysql_dag.execute_task scheduled__2025-05-29T00:14:00+00:00 [running]> on host 31d54648d280
[2025-05-30T01:23:00.416+0000] {logging_mixin.py:190} WARNING - /home/***/.local/lib/python3.12/site-packages/***/settings.py:470 DeprecationWarning: The sql_alchemy_conn option in [core] has been moved to the sql_alchemy_conn option in [database] - the old setting has been used, but please update your config.
[2025-05-30T01:23:00.852+0000] {taskinstance.py:3131} INFO - Exporting env vars: AIRFLOW_CTX_DAG_OWNER='***' AIRFLOW_CTX_DAG_ID='flag_check_mysql_dag' AIRFLOW_CTX_TASK_ID='execute_task' AIRFLOW_CTX_EXECUTION_DATE='2025-05-29T00:14:00+00:00' AIRFLOW_CTX_TRY_NUMBER='1' AIRFLOW_CTX_DAG_RUN_ID='scheduled__2025-05-29T00:14:00+00:00'
[2025-05-30T01:23:00.856+0000] {taskinstance.py:731} INFO - ::endgroup::
[2025-05-30T01:23:01.027+0000] {logging_mixin.py:190} INFO - Flag detectado, ejecutando tarea...
[2025-05-30T01:23:01.027+0000] {python.py:240} INFO - Done. Returned value was: None
[2025-05-30T01:23:01.084+0000] {taskinstance.py:340} INFO - ::group::Post task execution logs
[2025-05-30T01:23:01.084+0000] {taskinstance.py:352} INFO - Marking task as SUCCESS. dag_id=flag_check_mysql_dag, task_id=execute_task, run_id=scheduled__2025-05-29T00:14:00+00:00, execution_date=20250529T001400, start_date=20250530T012259, end_date=20250530T012301
[2025-05-30T01:23:01.212+0000] {local_task_job_runner.py:266} INFO - Task exited with return code 0
[2025-05-30T01:23:01.293+0000] {taskinstance.py:3900} INFO - 0 downstream tasks scheduled from follow-on schedule check
[2025-05-30T01:23:01.336+0000] {local_task_job_runner.py:245} INFO - ::endgroup::
