[2025-05-28T02:33:46.775+0000] {local_task_job_runner.py:123} INFO - ::group::Pre task execution logs
[2025-05-28T02:33:46.972+0000] {taskinstance.py:2612} INFO - Dependencies all met for dep_context=non-requeueable deps ti=<TaskInstance: bash_dag.print_date scheduled__2025-05-23T00:00:00+00:00 [queued]>
[2025-05-28T02:33:47.013+0000] {taskinstance.py:2612} INFO - Dependencies all met for dep_context=requeueable deps ti=<TaskInstance: bash_dag.print_date scheduled__2025-05-23T00:00:00+00:00 [queued]>
[2025-05-28T02:33:47.014+0000] {taskinstance.py:2865} INFO - Starting attempt 1 of 2
[2025-05-28T02:33:47.307+0000] {taskinstance.py:2888} INFO - Executing <Task(BashOperator): print_date> on 2025-05-23 00:00:00+00:00
[2025-05-28T02:33:47.341+0000] {logging_mixin.py:190} WARNING - /home/***/.local/lib/python3.12/site-packages/***/task/task_runner/standard_task_runner.py:70 DeprecationWarning: This process (pid=1506) is multi-threaded, use of fork() may lead to deadlocks in the child.
[2025-05-28T02:33:47.346+0000] {standard_task_runner.py:72} INFO - Started process 1516 to run task
[2025-05-28T02:33:47.338+0000] {standard_task_runner.py:104} INFO - Running: ['***', 'tasks', 'run', 'bash_dag', 'print_date', 'scheduled__2025-05-23T00:00:00+00:00', '--job-id', '11', '--raw', '--subdir', 'DAGS_FOLDER/Sesion2/Ejemplo3.py', '--cfg-path', '/tmp/tmp6iec_gmy']
[2025-05-28T02:33:47.348+0000] {standard_task_runner.py:105} INFO - Job 11: Subtask print_date
[2025-05-28T02:33:47.405+0000] {logging_mixin.py:190} WARNING - /home/***/.local/lib/python3.12/site-packages/***/settings.py:209 DeprecationWarning: The sql_alchemy_conn option in [core] has been moved to the sql_alchemy_conn option in [database] - the old setting has been used, but please update your config.
[2025-05-28T02:33:47.584+0000] {task_command.py:467} INFO - Running <TaskInstance: bash_dag.print_date scheduled__2025-05-23T00:00:00+00:00 [running]> on host 31d54648d280
[2025-05-28T02:33:47.594+0000] {logging_mixin.py:190} WARNING - /home/***/.local/lib/python3.12/site-packages/***/settings.py:470 DeprecationWarning: The sql_alchemy_conn option in [core] has been moved to the sql_alchemy_conn option in [database] - the old setting has been used, but please update your config.
[2025-05-28T02:33:47.977+0000] {taskinstance.py:3131} INFO - Exporting env vars: AIRFLOW_CTX_DAG_OWNER='***' AIRFLOW_CTX_DAG_ID='bash_dag' AIRFLOW_CTX_TASK_ID='print_date' AIRFLOW_CTX_EXECUTION_DATE='2025-05-23T00:00:00+00:00' AIRFLOW_CTX_TRY_NUMBER='1' AIRFLOW_CTX_DAG_RUN_ID='scheduled__2025-05-23T00:00:00+00:00'
[2025-05-28T02:33:47.979+0000] {taskinstance.py:731} INFO - ::endgroup::
[2025-05-28T02:33:48.096+0000] {subprocess.py:63} INFO - Tmp dir root location: /tmp
[2025-05-28T02:33:48.104+0000] {subprocess.py:75} INFO - Running command: ['/usr/bin/bash', '-c', 'date']
[2025-05-28T02:33:48.263+0000] {subprocess.py:86} INFO - Output:
[2025-05-28T02:33:48.276+0000] {subprocess.py:93} INFO - Wed May 28 02:33:48 UTC 2025
[2025-05-28T02:33:48.277+0000] {subprocess.py:97} INFO - Command exited with return code 0
[2025-05-28T02:33:48.379+0000] {taskinstance.py:340} INFO - ::group::Post task execution logs
[2025-05-28T02:33:48.381+0000] {taskinstance.py:352} INFO - Marking task as SUCCESS. dag_id=bash_dag, task_id=print_date, run_id=scheduled__2025-05-23T00:00:00+00:00, execution_date=20250523T000000, start_date=20250528T023346, end_date=20250528T023348
[2025-05-28T02:33:48.427+0000] {local_task_job_runner.py:266} INFO - Task exited with return code 0
[2025-05-28T02:33:48.756+0000] {taskinstance.py:3900} INFO - 2 downstream tasks scheduled from follow-on schedule check
[2025-05-28T02:33:48.769+0000] {local_task_job_runner.py:245} INFO - ::endgroup::
