[2025-05-30T01:19:58.114+0000] {local_task_job_runner.py:123} INFO - ::group::Pre task execution logs
[2025-05-30T01:19:58.167+0000] {taskinstance.py:2612} INFO - Dependencies all met for dep_context=non-requeueable deps ti=<TaskInstance: flag_check_mysql_dag.check_flag scheduled__2025-05-29T00:26:00+00:00 [queued]>
[2025-05-30T01:19:58.196+0000] {taskinstance.py:2612} INFO - Dependencies all met for dep_context=requeueable deps ti=<TaskInstance: flag_check_mysql_dag.check_flag scheduled__2025-05-29T00:26:00+00:00 [queued]>
[2025-05-30T01:19:58.200+0000] {taskinstance.py:2865} INFO - Starting attempt 1 of 2
[2025-05-30T01:19:58.261+0000] {taskinstance.py:2888} INFO - Executing <Task(SqlSensor): check_flag> on 2025-05-29 00:26:00+00:00
[2025-05-30T01:19:58.312+0000] {standard_task_runner.py:104} INFO - Running: ['***', 'tasks', 'run', 'flag_check_mysql_dag', 'check_flag', 'scheduled__2025-05-29T00:26:00+00:00', '--job-id', '62', '--raw', '--subdir', 'DAGS_FOLDER/Sesion3/Ejemplo7.py', '--cfg-path', '/tmp/tmpx26ycndb']
[2025-05-30T01:19:58.319+0000] {standard_task_runner.py:105} INFO - Job 62: Subtask check_flag
[2025-05-30T01:19:58.319+0000] {logging_mixin.py:190} WARNING - /home/***/.local/lib/python3.12/site-packages/***/task/task_runner/standard_task_runner.py:70 DeprecationWarning: This process (pid=655) is multi-threaded, use of fork() may lead to deadlocks in the child.
[2025-05-30T01:19:58.323+0000] {standard_task_runner.py:72} INFO - Started process 661 to run task
[2025-05-30T01:19:58.364+0000] {logging_mixin.py:190} WARNING - /home/***/.local/lib/python3.12/site-packages/***/settings.py:209 DeprecationWarning: The sql_alchemy_conn option in [core] has been moved to the sql_alchemy_conn option in [database] - the old setting has been used, but please update your config.
[2025-05-30T01:19:58.456+0000] {task_command.py:467} INFO - Running <TaskInstance: flag_check_mysql_dag.check_flag scheduled__2025-05-29T00:26:00+00:00 [running]> on host 31d54648d280
[2025-05-30T01:19:58.462+0000] {logging_mixin.py:190} WARNING - /home/***/.local/lib/python3.12/site-packages/***/settings.py:470 DeprecationWarning: The sql_alchemy_conn option in [core] has been moved to the sql_alchemy_conn option in [database] - the old setting has been used, but please update your config.
[2025-05-30T01:19:58.703+0000] {taskinstance.py:3131} INFO - Exporting env vars: AIRFLOW_CTX_DAG_OWNER='***' AIRFLOW_CTX_DAG_ID='flag_check_mysql_dag' AIRFLOW_CTX_TASK_ID='check_flag' AIRFLOW_CTX_EXECUTION_DATE='2025-05-29T00:26:00+00:00' AIRFLOW_CTX_TRY_NUMBER='1' AIRFLOW_CTX_DAG_RUN_ID='scheduled__2025-05-29T00:26:00+00:00'
[2025-05-30T01:19:58.705+0000] {taskinstance.py:731} INFO - ::endgroup::
[2025-05-30T01:19:58.780+0000] {base.py:84} INFO - Retrieving connection 'my_db_connection_mysql'
[2025-05-30T01:19:58.785+0000] {sql.py:96} INFO - Poking: SELECT flag FROM my_table WHERE id = 1 (with parameters None)
[2025-05-30T01:19:58.805+0000] {base.py:84} INFO - Retrieving connection 'my_db_connection_mysql'
[2025-05-30T01:19:58.824+0000] {sql.py:509} INFO - Running statement: SELECT flag FROM my_table WHERE id = 1, parameters: None
[2025-05-30T01:19:58.825+0000] {sql.py:518} INFO - Rows affected: 1
[2025-05-30T01:20:28.831+0000] {base.py:84} INFO - Retrieving connection 'my_db_connection_mysql'
[2025-05-30T01:20:28.832+0000] {sql.py:96} INFO - Poking: SELECT flag FROM my_table WHERE id = 1 (with parameters None)
[2025-05-30T01:20:28.837+0000] {base.py:84} INFO - Retrieving connection 'my_db_connection_mysql'
[2025-05-30T01:20:28.838+0000] {sql.py:509} INFO - Running statement: SELECT flag FROM my_table WHERE id = 1, parameters: None
[2025-05-30T01:20:28.840+0000] {sql.py:518} INFO - Rows affected: 1
[2025-05-30T01:20:58.848+0000] {base.py:84} INFO - Retrieving connection 'my_db_connection_mysql'
[2025-05-30T01:20:58.849+0000] {sql.py:96} INFO - Poking: SELECT flag FROM my_table WHERE id = 1 (with parameters None)
[2025-05-30T01:20:58.856+0000] {base.py:84} INFO - Retrieving connection 'my_db_connection_mysql'
[2025-05-30T01:20:58.860+0000] {sql.py:509} INFO - Running statement: SELECT flag FROM my_table WHERE id = 1, parameters: None
[2025-05-30T01:20:58.861+0000] {sql.py:518} INFO - Rows affected: 1
[2025-05-30T01:21:28.867+0000] {base.py:84} INFO - Retrieving connection 'my_db_connection_mysql'
[2025-05-30T01:21:28.867+0000] {sql.py:96} INFO - Poking: SELECT flag FROM my_table WHERE id = 1 (with parameters None)
[2025-05-30T01:21:28.873+0000] {base.py:84} INFO - Retrieving connection 'my_db_connection_mysql'
[2025-05-30T01:21:28.875+0000] {sql.py:509} INFO - Running statement: SELECT flag FROM my_table WHERE id = 1, parameters: None
[2025-05-30T01:21:28.875+0000] {sql.py:518} INFO - Rows affected: 1
[2025-05-30T01:21:58.884+0000] {base.py:84} INFO - Retrieving connection 'my_db_connection_mysql'
[2025-05-30T01:21:58.884+0000] {sql.py:96} INFO - Poking: SELECT flag FROM my_table WHERE id = 1 (with parameters None)
[2025-05-30T01:21:58.892+0000] {base.py:84} INFO - Retrieving connection 'my_db_connection_mysql'
[2025-05-30T01:21:58.896+0000] {sql.py:509} INFO - Running statement: SELECT flag FROM my_table WHERE id = 1, parameters: None
[2025-05-30T01:21:58.897+0000] {sql.py:518} INFO - Rows affected: 1
[2025-05-30T01:22:28.903+0000] {base.py:84} INFO - Retrieving connection 'my_db_connection_mysql'
[2025-05-30T01:22:28.904+0000] {sql.py:96} INFO - Poking: SELECT flag FROM my_table WHERE id = 1 (with parameters None)
[2025-05-30T01:22:28.909+0000] {base.py:84} INFO - Retrieving connection 'my_db_connection_mysql'
[2025-05-30T01:22:28.911+0000] {sql.py:509} INFO - Running statement: SELECT flag FROM my_table WHERE id = 1, parameters: None
[2025-05-30T01:22:28.912+0000] {sql.py:518} INFO - Rows affected: 1
[2025-05-30T01:22:58.938+0000] {base.py:84} INFO - Retrieving connection 'my_db_connection_mysql'
[2025-05-30T01:22:58.939+0000] {sql.py:96} INFO - Poking: SELECT flag FROM my_table WHERE id = 1 (with parameters None)
[2025-05-30T01:22:58.961+0000] {base.py:84} INFO - Retrieving connection 'my_db_connection_mysql'
[2025-05-30T01:22:58.971+0000] {sql.py:509} INFO - Running statement: SELECT flag FROM my_table WHERE id = 1, parameters: None
[2025-05-30T01:22:58.972+0000] {sql.py:518} INFO - Rows affected: 1
[2025-05-30T01:22:58.973+0000] {base.py:336} INFO - Success criteria met. Exiting.
[2025-05-30T01:22:59.012+0000] {taskinstance.py:340} INFO - ::group::Post task execution logs
[2025-05-30T01:22:59.013+0000] {taskinstance.py:352} INFO - Marking task as SUCCESS. dag_id=flag_check_mysql_dag, task_id=check_flag, run_id=scheduled__2025-05-29T00:26:00+00:00, execution_date=20250529T002600, start_date=20250530T011958, end_date=20250530T012259
[2025-05-30T01:22:59.362+0000] {local_task_job_runner.py:266} INFO - Task exited with return code 0
[2025-05-30T01:22:59.653+0000] {taskinstance.py:3900} INFO - 1 downstream tasks scheduled from follow-on schedule check
[2025-05-30T01:22:59.671+0000] {local_task_job_runner.py:245} INFO - ::endgroup::
