[2025-05-30T00:38:06.467+0000] {local_task_job_runner.py:123} INFO - ::group::Pre task execution logs
[2025-05-30T00:38:06.480+0000] {taskinstance.py:2612} INFO - Dependencies all met for dep_context=non-requeueable deps ti=<TaskInstance: dag_1_ejemplo6.sleep scheduled__2025-05-29T00:00:00+00:00 [queued]>
[2025-05-30T00:38:06.487+0000] {taskinstance.py:2612} INFO - Dependencies all met for dep_context=requeueable deps ti=<TaskInstance: dag_1_ejemplo6.sleep scheduled__2025-05-29T00:00:00+00:00 [queued]>
[2025-05-30T00:38:06.487+0000] {taskinstance.py:2865} INFO - Starting attempt 1 of 2
[2025-05-30T00:38:06.498+0000] {taskinstance.py:2888} INFO - Executing <Task(BashOperator): sleep> on 2025-05-29 00:00:00+00:00
[2025-05-30T00:38:06.506+0000] {logging_mixin.py:190} WARNING - /home/***/.local/lib/python3.12/site-packages/***/task/task_runner/standard_task_runner.py:70 DeprecationWarning: This process (pid=2042) is multi-threaded, use of fork() may lead to deadlocks in the child.
[2025-05-30T00:38:06.507+0000] {standard_task_runner.py:72} INFO - Started process 2043 to run task
[2025-05-30T00:38:06.506+0000] {standard_task_runner.py:104} INFO - Running: ['***', 'tasks', 'run', 'dag_1_ejemplo6', 'sleep', 'scheduled__2025-05-29T00:00:00+00:00', '--job-id', '45', '--raw', '--subdir', 'DAGS_FOLDER/Sesion3/Ejemplo6.py', '--cfg-path', '/tmp/tmprmsfuhyw']
[2025-05-30T00:38:06.507+0000] {standard_task_runner.py:105} INFO - Job 45: Subtask sleep
[2025-05-30T00:38:06.518+0000] {logging_mixin.py:190} WARNING - /home/***/.local/lib/python3.12/site-packages/***/settings.py:209 DeprecationWarning: The sql_alchemy_conn option in [core] has been moved to the sql_alchemy_conn option in [database] - the old setting has been used, but please update your config.
[2025-05-30T00:38:06.543+0000] {task_command.py:467} INFO - Running <TaskInstance: dag_1_ejemplo6.sleep scheduled__2025-05-29T00:00:00+00:00 [running]> on host 31d54648d280
[2025-05-30T00:38:06.545+0000] {logging_mixin.py:190} WARNING - /home/***/.local/lib/python3.12/site-packages/***/settings.py:470 DeprecationWarning: The sql_alchemy_conn option in [core] has been moved to the sql_alchemy_conn option in [database] - the old setting has been used, but please update your config.
[2025-05-30T00:38:06.606+0000] {taskinstance.py:3131} INFO - Exporting env vars: AIRFLOW_CTX_DAG_OWNER='***' AIRFLOW_CTX_DAG_ID='dag_1_ejemplo6' AIRFLOW_CTX_TASK_ID='sleep' AIRFLOW_CTX_EXECUTION_DATE='2025-05-29T00:00:00+00:00' AIRFLOW_CTX_TRY_NUMBER='1' AIRFLOW_CTX_DAG_RUN_ID='scheduled__2025-05-29T00:00:00+00:00'
[2025-05-30T00:38:06.607+0000] {taskinstance.py:731} INFO - ::endgroup::
[2025-05-30T00:38:06.624+0000] {subprocess.py:63} INFO - Tmp dir root location: /tmp
[2025-05-30T00:38:06.625+0000] {subprocess.py:75} INFO - Running command: ['/usr/bin/bash', '-c', 'sleep 10']
[2025-05-30T00:38:06.641+0000] {subprocess.py:86} INFO - Output:
[2025-05-30T00:38:16.664+0000] {subprocess.py:97} INFO - Command exited with return code 0
[2025-05-30T00:38:16.687+0000] {taskinstance.py:340} INFO - ::group::Post task execution logs
[2025-05-30T00:38:16.688+0000] {taskinstance.py:352} INFO - Marking task as SUCCESS. dag_id=dag_1_ejemplo6, task_id=sleep, run_id=scheduled__2025-05-29T00:00:00+00:00, execution_date=20250529T000000, start_date=20250530T003806, end_date=20250530T003816
[2025-05-30T00:38:16.718+0000] {local_task_job_runner.py:266} INFO - Task exited with return code 0
[2025-05-30T00:38:16.737+0000] {taskinstance.py:3900} INFO - 1 downstream tasks scheduled from follow-on schedule check
[2025-05-30T00:38:16.738+0000] {local_task_job_runner.py:245} INFO - ::endgroup::
