[2025-06-05T02:01:24.196+0000] {processor.py:186} INFO - Started process (PID=279) to work on /opt/airflow/dags/Sesion2/Ejemplo2.py
[2025-06-05T02:01:24.199+0000] {processor.py:914} INFO - Processing file /opt/airflow/dags/Sesion2/Ejemplo2.py for tasks to queue
[2025-06-05T02:01:24.208+0000] {logging_mixin.py:190} INFO - [2025-06-05T02:01:24.208+0000] {dagbag.py:588} INFO - Filling up the DagBag from /opt/airflow/dags/Sesion2/Ejemplo2.py
[2025-06-05T02:01:24.255+0000] {processor.py:925} INFO - DAG(s) 'dag_con_feriados' retrieved from /opt/airflow/dags/Sesion2/Ejemplo2.py
[2025-06-05T02:01:24.294+0000] {logging_mixin.py:190} INFO - [2025-06-05T02:01:24.293+0000] {dag.py:3239} INFO - Sync 1 DAGs
[2025-06-05T02:01:24.337+0000] {logging_mixin.py:190} INFO - [2025-06-05T02:01:24.337+0000] {dag.py:4180} INFO - Setting next_dagrun for dag_con_feriados to 2025-05-28 00:00:00+00:00, run_after=2025-05-29 00:00:00+00:00
[2025-06-05T02:01:24.393+0000] {processor.py:208} INFO - Processing /opt/airflow/dags/Sesion2/Ejemplo2.py took 0.219 seconds
[2025-06-05T02:01:56.714+0000] {processor.py:186} INFO - Started process (PID=388) to work on /opt/airflow/dags/Sesion2/Ejemplo2.py
[2025-06-05T02:01:56.717+0000] {processor.py:914} INFO - Processing file /opt/airflow/dags/Sesion2/Ejemplo2.py for tasks to queue
[2025-06-05T02:01:56.724+0000] {logging_mixin.py:190} INFO - [2025-06-05T02:01:56.722+0000] {dagbag.py:588} INFO - Filling up the DagBag from /opt/airflow/dags/Sesion2/Ejemplo2.py
[2025-06-05T02:01:56.751+0000] {processor.py:925} INFO - DAG(s) 'dag_con_feriados' retrieved from /opt/airflow/dags/Sesion2/Ejemplo2.py
[2025-06-05T02:01:56.780+0000] {logging_mixin.py:190} INFO - [2025-06-05T02:01:56.780+0000] {dag.py:3239} INFO - Sync 1 DAGs
[2025-06-05T02:01:56.863+0000] {logging_mixin.py:190} INFO - [2025-06-05T02:01:56.862+0000] {dag.py:4180} INFO - Setting next_dagrun for dag_con_feriados to 2025-05-28 00:00:00+00:00, run_after=2025-05-29 00:00:00+00:00
[2025-06-05T02:01:56.908+0000] {processor.py:208} INFO - Processing /opt/airflow/dags/Sesion2/Ejemplo2.py took 0.208 seconds
[2025-06-05T02:04:34.442+0000] {processor.py:186} INFO - Started process (PID=263) to work on /opt/airflow/dags/Sesion2/Ejemplo2.py
[2025-06-05T02:04:34.443+0000] {processor.py:914} INFO - Processing file /opt/airflow/dags/Sesion2/Ejemplo2.py for tasks to queue
[2025-06-05T02:04:34.447+0000] {logging_mixin.py:190} INFO - [2025-06-05T02:04:34.447+0000] {dagbag.py:588} INFO - Filling up the DagBag from /opt/airflow/dags/Sesion2/Ejemplo2.py
[2025-06-05T02:04:34.475+0000] {processor.py:925} INFO - DAG(s) 'dag_con_feriados' retrieved from /opt/airflow/dags/Sesion2/Ejemplo2.py
[2025-06-05T02:04:34.500+0000] {logging_mixin.py:190} INFO - [2025-06-05T02:04:34.500+0000] {dag.py:3239} INFO - Sync 1 DAGs
[2025-06-05T02:04:34.532+0000] {logging_mixin.py:190} INFO - [2025-06-05T02:04:34.532+0000] {dag.py:4180} INFO - Setting next_dagrun for dag_con_feriados to 2025-05-28 00:00:00+00:00, run_after=2025-05-29 00:00:00+00:00
[2025-06-05T02:04:34.558+0000] {processor.py:208} INFO - Processing /opt/airflow/dags/Sesion2/Ejemplo2.py took 0.134 seconds
[2025-06-05T02:05:04.882+0000] {processor.py:186} INFO - Started process (PID=376) to work on /opt/airflow/dags/Sesion2/Ejemplo2.py
[2025-06-05T02:05:04.883+0000] {processor.py:914} INFO - Processing file /opt/airflow/dags/Sesion2/Ejemplo2.py for tasks to queue
[2025-06-05T02:05:04.885+0000] {logging_mixin.py:190} INFO - [2025-06-05T02:05:04.885+0000] {dagbag.py:588} INFO - Filling up the DagBag from /opt/airflow/dags/Sesion2/Ejemplo2.py
[2025-06-05T02:05:04.896+0000] {processor.py:925} INFO - DAG(s) 'dag_con_feriados' retrieved from /opt/airflow/dags/Sesion2/Ejemplo2.py
[2025-06-05T02:05:04.916+0000] {logging_mixin.py:190} INFO - [2025-06-05T02:05:04.916+0000] {dag.py:3239} INFO - Sync 1 DAGs
[2025-06-05T02:05:04.948+0000] {logging_mixin.py:190} INFO - [2025-06-05T02:05:04.948+0000] {dag.py:4180} INFO - Setting next_dagrun for dag_con_feriados to 2025-05-28 00:00:00+00:00, run_after=2025-05-29 00:00:00+00:00
[2025-06-05T02:05:04.968+0000] {processor.py:208} INFO - Processing /opt/airflow/dags/Sesion2/Ejemplo2.py took 0.093 seconds
[2025-06-05T02:05:36.110+0000] {processor.py:186} INFO - Started process (PID=491) to work on /opt/airflow/dags/Sesion2/Ejemplo2.py
[2025-06-05T02:05:36.111+0000] {processor.py:914} INFO - Processing file /opt/airflow/dags/Sesion2/Ejemplo2.py for tasks to queue
[2025-06-05T02:05:36.114+0000] {logging_mixin.py:190} INFO - [2025-06-05T02:05:36.113+0000] {dagbag.py:588} INFO - Filling up the DagBag from /opt/airflow/dags/Sesion2/Ejemplo2.py
[2025-06-05T02:05:36.124+0000] {processor.py:925} INFO - DAG(s) 'dag_con_feriados' retrieved from /opt/airflow/dags/Sesion2/Ejemplo2.py
[2025-06-05T02:05:36.145+0000] {logging_mixin.py:190} INFO - [2025-06-05T02:05:36.145+0000] {dag.py:3239} INFO - Sync 1 DAGs
[2025-06-05T02:05:36.178+0000] {logging_mixin.py:190} INFO - [2025-06-05T02:05:36.177+0000] {dag.py:4180} INFO - Setting next_dagrun for dag_con_feriados to 2025-05-28 00:00:00+00:00, run_after=2025-05-29 00:00:00+00:00
[2025-06-05T02:05:36.197+0000] {processor.py:208} INFO - Processing /opt/airflow/dags/Sesion2/Ejemplo2.py took 0.094 seconds
[2025-06-05T02:06:07.416+0000] {processor.py:186} INFO - Started process (PID=606) to work on /opt/airflow/dags/Sesion2/Ejemplo2.py
[2025-06-05T02:06:07.417+0000] {processor.py:914} INFO - Processing file /opt/airflow/dags/Sesion2/Ejemplo2.py for tasks to queue
[2025-06-05T02:06:07.419+0000] {logging_mixin.py:190} INFO - [2025-06-05T02:06:07.419+0000] {dagbag.py:588} INFO - Filling up the DagBag from /opt/airflow/dags/Sesion2/Ejemplo2.py
[2025-06-05T02:06:07.430+0000] {processor.py:925} INFO - DAG(s) 'dag_con_feriados' retrieved from /opt/airflow/dags/Sesion2/Ejemplo2.py
[2025-06-05T02:06:07.450+0000] {logging_mixin.py:190} INFO - [2025-06-05T02:06:07.450+0000] {dag.py:3239} INFO - Sync 1 DAGs
[2025-06-05T02:06:07.482+0000] {logging_mixin.py:190} INFO - [2025-06-05T02:06:07.481+0000] {dag.py:4180} INFO - Setting next_dagrun for dag_con_feriados to 2025-05-28 00:00:00+00:00, run_after=2025-05-29 00:00:00+00:00
[2025-06-05T02:06:07.501+0000] {processor.py:208} INFO - Processing /opt/airflow/dags/Sesion2/Ejemplo2.py took 0.092 seconds
[2025-06-05T02:06:38.358+0000] {processor.py:186} INFO - Started process (PID=721) to work on /opt/airflow/dags/Sesion2/Ejemplo2.py
[2025-06-05T02:06:38.359+0000] {processor.py:914} INFO - Processing file /opt/airflow/dags/Sesion2/Ejemplo2.py for tasks to queue
[2025-06-05T02:06:38.361+0000] {logging_mixin.py:190} INFO - [2025-06-05T02:06:38.361+0000] {dagbag.py:588} INFO - Filling up the DagBag from /opt/airflow/dags/Sesion2/Ejemplo2.py
[2025-06-05T02:06:38.383+0000] {processor.py:925} INFO - DAG(s) 'dag_con_feriados' retrieved from /opt/airflow/dags/Sesion2/Ejemplo2.py
[2025-06-05T02:06:38.418+0000] {logging_mixin.py:190} INFO - [2025-06-05T02:06:38.418+0000] {dag.py:3239} INFO - Sync 1 DAGs
[2025-06-05T02:06:38.448+0000] {logging_mixin.py:190} INFO - [2025-06-05T02:06:38.448+0000] {dag.py:4180} INFO - Setting next_dagrun for dag_con_feriados to 2025-05-28 00:00:00+00:00, run_after=2025-05-29 00:00:00+00:00
[2025-06-05T02:06:38.467+0000] {processor.py:208} INFO - Processing /opt/airflow/dags/Sesion2/Ejemplo2.py took 0.116 seconds
[2025-06-05T02:07:09.590+0000] {processor.py:186} INFO - Started process (PID=836) to work on /opt/airflow/dags/Sesion2/Ejemplo2.py
[2025-06-05T02:07:09.591+0000] {processor.py:914} INFO - Processing file /opt/airflow/dags/Sesion2/Ejemplo2.py for tasks to queue
[2025-06-05T02:07:09.593+0000] {logging_mixin.py:190} INFO - [2025-06-05T02:07:09.592+0000] {dagbag.py:588} INFO - Filling up the DagBag from /opt/airflow/dags/Sesion2/Ejemplo2.py
[2025-06-05T02:07:09.603+0000] {processor.py:925} INFO - DAG(s) 'dag_con_feriados' retrieved from /opt/airflow/dags/Sesion2/Ejemplo2.py
[2025-06-05T02:07:09.625+0000] {logging_mixin.py:190} INFO - [2025-06-05T02:07:09.624+0000] {dag.py:3239} INFO - Sync 1 DAGs
[2025-06-05T02:07:09.658+0000] {logging_mixin.py:190} INFO - [2025-06-05T02:07:09.658+0000] {dag.py:4180} INFO - Setting next_dagrun for dag_con_feriados to 2025-05-28 00:00:00+00:00, run_after=2025-05-29 00:00:00+00:00
[2025-06-05T02:07:09.681+0000] {processor.py:208} INFO - Processing /opt/airflow/dags/Sesion2/Ejemplo2.py took 0.098 seconds
[2025-06-05T02:07:40.854+0000] {processor.py:186} INFO - Started process (PID=951) to work on /opt/airflow/dags/Sesion2/Ejemplo2.py
[2025-06-05T02:07:40.855+0000] {processor.py:914} INFO - Processing file /opt/airflow/dags/Sesion2/Ejemplo2.py for tasks to queue
[2025-06-05T02:07:40.857+0000] {logging_mixin.py:190} INFO - [2025-06-05T02:07:40.857+0000] {dagbag.py:588} INFO - Filling up the DagBag from /opt/airflow/dags/Sesion2/Ejemplo2.py
[2025-06-05T02:07:40.868+0000] {processor.py:925} INFO - DAG(s) 'dag_con_feriados' retrieved from /opt/airflow/dags/Sesion2/Ejemplo2.py
[2025-06-05T02:07:40.889+0000] {logging_mixin.py:190} INFO - [2025-06-05T02:07:40.889+0000] {dag.py:3239} INFO - Sync 1 DAGs
[2025-06-05T02:07:40.921+0000] {logging_mixin.py:190} INFO - [2025-06-05T02:07:40.921+0000] {dag.py:4180} INFO - Setting next_dagrun for dag_con_feriados to 2025-05-28 00:00:00+00:00, run_after=2025-05-29 00:00:00+00:00
[2025-06-05T02:07:40.942+0000] {processor.py:208} INFO - Processing /opt/airflow/dags/Sesion2/Ejemplo2.py took 0.096 seconds
[2025-06-05T02:08:12.182+0000] {processor.py:186} INFO - Started process (PID=1066) to work on /opt/airflow/dags/Sesion2/Ejemplo2.py
[2025-06-05T02:08:12.183+0000] {processor.py:914} INFO - Processing file /opt/airflow/dags/Sesion2/Ejemplo2.py for tasks to queue
[2025-06-05T02:08:12.185+0000] {logging_mixin.py:190} INFO - [2025-06-05T02:08:12.185+0000] {dagbag.py:588} INFO - Filling up the DagBag from /opt/airflow/dags/Sesion2/Ejemplo2.py
[2025-06-05T02:08:12.196+0000] {processor.py:925} INFO - DAG(s) 'dag_con_feriados' retrieved from /opt/airflow/dags/Sesion2/Ejemplo2.py
[2025-06-05T02:08:12.217+0000] {logging_mixin.py:190} INFO - [2025-06-05T02:08:12.216+0000] {dag.py:3239} INFO - Sync 1 DAGs
[2025-06-05T02:08:12.249+0000] {logging_mixin.py:190} INFO - [2025-06-05T02:08:12.249+0000] {dag.py:4180} INFO - Setting next_dagrun for dag_con_feriados to 2025-05-28 00:00:00+00:00, run_after=2025-05-29 00:00:00+00:00
[2025-06-05T02:08:12.269+0000] {processor.py:208} INFO - Processing /opt/airflow/dags/Sesion2/Ejemplo2.py took 0.094 seconds
[2025-06-05T02:08:43.221+0000] {processor.py:186} INFO - Started process (PID=1181) to work on /opt/airflow/dags/Sesion2/Ejemplo2.py
[2025-06-05T02:08:43.222+0000] {processor.py:914} INFO - Processing file /opt/airflow/dags/Sesion2/Ejemplo2.py for tasks to queue
[2025-06-05T02:08:43.224+0000] {logging_mixin.py:190} INFO - [2025-06-05T02:08:43.224+0000] {dagbag.py:588} INFO - Filling up the DagBag from /opt/airflow/dags/Sesion2/Ejemplo2.py
[2025-06-05T02:08:43.234+0000] {processor.py:925} INFO - DAG(s) 'dag_con_feriados' retrieved from /opt/airflow/dags/Sesion2/Ejemplo2.py
[2025-06-05T02:08:43.256+0000] {logging_mixin.py:190} INFO - [2025-06-05T02:08:43.256+0000] {dag.py:3239} INFO - Sync 1 DAGs
[2025-06-05T02:08:43.288+0000] {logging_mixin.py:190} INFO - [2025-06-05T02:08:43.288+0000] {dag.py:4180} INFO - Setting next_dagrun for dag_con_feriados to 2025-05-28 00:00:00+00:00, run_after=2025-05-29 00:00:00+00:00
[2025-06-05T02:08:43.307+0000] {processor.py:208} INFO - Processing /opt/airflow/dags/Sesion2/Ejemplo2.py took 0.092 seconds
[2025-06-05T02:09:14.198+0000] {processor.py:186} INFO - Started process (PID=1297) to work on /opt/airflow/dags/Sesion2/Ejemplo2.py
[2025-06-05T02:09:14.199+0000] {processor.py:914} INFO - Processing file /opt/airflow/dags/Sesion2/Ejemplo2.py for tasks to queue
[2025-06-05T02:09:14.202+0000] {logging_mixin.py:190} INFO - [2025-06-05T02:09:14.201+0000] {dagbag.py:588} INFO - Filling up the DagBag from /opt/airflow/dags/Sesion2/Ejemplo2.py
[2025-06-05T02:09:14.212+0000] {processor.py:925} INFO - DAG(s) 'dag_con_feriados' retrieved from /opt/airflow/dags/Sesion2/Ejemplo2.py
[2025-06-05T02:09:14.233+0000] {logging_mixin.py:190} INFO - [2025-06-05T02:09:14.233+0000] {dag.py:3239} INFO - Sync 1 DAGs
[2025-06-05T02:09:14.285+0000] {logging_mixin.py:190} INFO - [2025-06-05T02:09:14.284+0000] {dag.py:4180} INFO - Setting next_dagrun for dag_con_feriados to 2025-05-28 00:00:00+00:00, run_after=2025-05-29 00:00:00+00:00
[2025-06-05T02:09:14.310+0000] {processor.py:208} INFO - Processing /opt/airflow/dags/Sesion2/Ejemplo2.py took 0.118 seconds
[2025-06-05T02:09:45.538+0000] {processor.py:186} INFO - Started process (PID=1411) to work on /opt/airflow/dags/Sesion2/Ejemplo2.py
[2025-06-05T02:09:45.539+0000] {processor.py:914} INFO - Processing file /opt/airflow/dags/Sesion2/Ejemplo2.py for tasks to queue
[2025-06-05T02:09:45.542+0000] {logging_mixin.py:190} INFO - [2025-06-05T02:09:45.541+0000] {dagbag.py:588} INFO - Filling up the DagBag from /opt/airflow/dags/Sesion2/Ejemplo2.py
[2025-06-05T02:09:45.553+0000] {processor.py:925} INFO - DAG(s) 'dag_con_feriados' retrieved from /opt/airflow/dags/Sesion2/Ejemplo2.py
[2025-06-05T02:09:45.595+0000] {logging_mixin.py:190} INFO - [2025-06-05T02:09:45.594+0000] {dag.py:3239} INFO - Sync 1 DAGs
[2025-06-05T02:09:45.663+0000] {logging_mixin.py:190} INFO - [2025-06-05T02:09:45.662+0000] {dag.py:4180} INFO - Setting next_dagrun for dag_con_feriados to 2025-05-28 00:00:00+00:00, run_after=2025-05-29 00:00:00+00:00
[2025-06-05T02:09:45.709+0000] {processor.py:208} INFO - Processing /opt/airflow/dags/Sesion2/Ejemplo2.py took 0.185 seconds
[2025-06-05T02:10:16.584+0000] {processor.py:186} INFO - Started process (PID=1526) to work on /opt/airflow/dags/Sesion2/Ejemplo2.py
[2025-06-05T02:10:16.585+0000] {processor.py:914} INFO - Processing file /opt/airflow/dags/Sesion2/Ejemplo2.py for tasks to queue
[2025-06-05T02:10:16.587+0000] {logging_mixin.py:190} INFO - [2025-06-05T02:10:16.587+0000] {dagbag.py:588} INFO - Filling up the DagBag from /opt/airflow/dags/Sesion2/Ejemplo2.py
[2025-06-05T02:10:16.597+0000] {processor.py:925} INFO - DAG(s) 'dag_con_feriados' retrieved from /opt/airflow/dags/Sesion2/Ejemplo2.py
[2025-06-05T02:10:16.617+0000] {logging_mixin.py:190} INFO - [2025-06-05T02:10:16.617+0000] {dag.py:3239} INFO - Sync 1 DAGs
[2025-06-05T02:10:16.652+0000] {logging_mixin.py:190} INFO - [2025-06-05T02:10:16.651+0000] {dag.py:4180} INFO - Setting next_dagrun for dag_con_feriados to 2025-05-28 00:00:00+00:00, run_after=2025-05-29 00:00:00+00:00
[2025-06-05T02:10:16.670+0000] {processor.py:208} INFO - Processing /opt/airflow/dags/Sesion2/Ejemplo2.py took 0.094 seconds
[2025-06-05T02:10:47.722+0000] {processor.py:186} INFO - Started process (PID=1641) to work on /opt/airflow/dags/Sesion2/Ejemplo2.py
[2025-06-05T02:10:47.723+0000] {processor.py:914} INFO - Processing file /opt/airflow/dags/Sesion2/Ejemplo2.py for tasks to queue
[2025-06-05T02:10:47.726+0000] {logging_mixin.py:190} INFO - [2025-06-05T02:10:47.725+0000] {dagbag.py:588} INFO - Filling up the DagBag from /opt/airflow/dags/Sesion2/Ejemplo2.py
[2025-06-05T02:10:47.737+0000] {processor.py:925} INFO - DAG(s) 'dag_con_feriados' retrieved from /opt/airflow/dags/Sesion2/Ejemplo2.py
[2025-06-05T02:10:47.758+0000] {logging_mixin.py:190} INFO - [2025-06-05T02:10:47.758+0000] {dag.py:3239} INFO - Sync 1 DAGs
[2025-06-05T02:10:47.789+0000] {logging_mixin.py:190} INFO - [2025-06-05T02:10:47.789+0000] {dag.py:4180} INFO - Setting next_dagrun for dag_con_feriados to 2025-05-28 00:00:00+00:00, run_after=2025-05-29 00:00:00+00:00
[2025-06-05T02:10:47.807+0000] {processor.py:208} INFO - Processing /opt/airflow/dags/Sesion2/Ejemplo2.py took 0.092 seconds
[2025-06-05T02:11:19.105+0000] {processor.py:186} INFO - Started process (PID=1756) to work on /opt/airflow/dags/Sesion2/Ejemplo2.py
[2025-06-05T02:11:19.106+0000] {processor.py:914} INFO - Processing file /opt/airflow/dags/Sesion2/Ejemplo2.py for tasks to queue
[2025-06-05T02:11:19.108+0000] {logging_mixin.py:190} INFO - [2025-06-05T02:11:19.108+0000] {dagbag.py:588} INFO - Filling up the DagBag from /opt/airflow/dags/Sesion2/Ejemplo2.py
[2025-06-05T02:11:19.118+0000] {processor.py:925} INFO - DAG(s) 'dag_con_feriados' retrieved from /opt/airflow/dags/Sesion2/Ejemplo2.py
[2025-06-05T02:11:19.139+0000] {logging_mixin.py:190} INFO - [2025-06-05T02:11:19.139+0000] {dag.py:3239} INFO - Sync 1 DAGs
[2025-06-05T02:11:19.171+0000] {logging_mixin.py:190} INFO - [2025-06-05T02:11:19.170+0000] {dag.py:4180} INFO - Setting next_dagrun for dag_con_feriados to 2025-05-28 00:00:00+00:00, run_after=2025-05-29 00:00:00+00:00
[2025-06-05T02:11:19.192+0000] {processor.py:208} INFO - Processing /opt/airflow/dags/Sesion2/Ejemplo2.py took 0.094 seconds
[2025-06-05T02:11:50.093+0000] {processor.py:186} INFO - Started process (PID=1871) to work on /opt/airflow/dags/Sesion2/Ejemplo2.py
[2025-06-05T02:11:50.094+0000] {processor.py:914} INFO - Processing file /opt/airflow/dags/Sesion2/Ejemplo2.py for tasks to queue
[2025-06-05T02:11:50.097+0000] {logging_mixin.py:190} INFO - [2025-06-05T02:11:50.096+0000] {dagbag.py:588} INFO - Filling up the DagBag from /opt/airflow/dags/Sesion2/Ejemplo2.py
[2025-06-05T02:11:50.108+0000] {processor.py:925} INFO - DAG(s) 'dag_con_feriados' retrieved from /opt/airflow/dags/Sesion2/Ejemplo2.py
[2025-06-05T02:11:50.130+0000] {logging_mixin.py:190} INFO - [2025-06-05T02:11:50.130+0000] {dag.py:3239} INFO - Sync 1 DAGs
[2025-06-05T02:11:50.163+0000] {logging_mixin.py:190} INFO - [2025-06-05T02:11:50.163+0000] {dag.py:4180} INFO - Setting next_dagrun for dag_con_feriados to 2025-05-28 00:00:00+00:00, run_after=2025-05-29 00:00:00+00:00
[2025-06-05T02:11:50.182+0000] {processor.py:208} INFO - Processing /opt/airflow/dags/Sesion2/Ejemplo2.py took 0.096 seconds
[2025-06-05T02:12:21.082+0000] {processor.py:186} INFO - Started process (PID=1986) to work on /opt/airflow/dags/Sesion2/Ejemplo2.py
[2025-06-05T02:12:21.083+0000] {processor.py:914} INFO - Processing file /opt/airflow/dags/Sesion2/Ejemplo2.py for tasks to queue
[2025-06-05T02:12:21.087+0000] {logging_mixin.py:190} INFO - [2025-06-05T02:12:21.086+0000] {dagbag.py:588} INFO - Filling up the DagBag from /opt/airflow/dags/Sesion2/Ejemplo2.py
[2025-06-05T02:12:21.100+0000] {processor.py:925} INFO - DAG(s) 'dag_con_feriados' retrieved from /opt/airflow/dags/Sesion2/Ejemplo2.py
[2025-06-05T02:12:21.138+0000] {logging_mixin.py:190} INFO - [2025-06-05T02:12:21.138+0000] {dag.py:3239} INFO - Sync 1 DAGs
[2025-06-05T02:12:21.200+0000] {logging_mixin.py:190} INFO - [2025-06-05T02:12:21.198+0000] {dag.py:4180} INFO - Setting next_dagrun for dag_con_feriados to 2025-05-28 00:00:00+00:00, run_after=2025-05-29 00:00:00+00:00
[2025-06-05T02:12:21.255+0000] {processor.py:208} INFO - Processing /opt/airflow/dags/Sesion2/Ejemplo2.py took 0.181 seconds
[2025-06-05T02:12:52.525+0000] {processor.py:186} INFO - Started process (PID=2101) to work on /opt/airflow/dags/Sesion2/Ejemplo2.py
[2025-06-05T02:12:52.526+0000] {processor.py:914} INFO - Processing file /opt/airflow/dags/Sesion2/Ejemplo2.py for tasks to queue
[2025-06-05T02:12:52.529+0000] {logging_mixin.py:190} INFO - [2025-06-05T02:12:52.528+0000] {dagbag.py:588} INFO - Filling up the DagBag from /opt/airflow/dags/Sesion2/Ejemplo2.py
[2025-06-05T02:12:52.540+0000] {processor.py:925} INFO - DAG(s) 'dag_con_feriados' retrieved from /opt/airflow/dags/Sesion2/Ejemplo2.py
[2025-06-05T02:12:52.561+0000] {logging_mixin.py:190} INFO - [2025-06-05T02:12:52.560+0000] {dag.py:3239} INFO - Sync 1 DAGs
[2025-06-05T02:12:52.593+0000] {logging_mixin.py:190} INFO - [2025-06-05T02:12:52.593+0000] {dag.py:4180} INFO - Setting next_dagrun for dag_con_feriados to 2025-05-28 00:00:00+00:00, run_after=2025-05-29 00:00:00+00:00
[2025-06-05T02:12:52.613+0000] {processor.py:208} INFO - Processing /opt/airflow/dags/Sesion2/Ejemplo2.py took 0.095 seconds
[2025-06-05T02:13:23.593+0000] {processor.py:186} INFO - Started process (PID=2216) to work on /opt/airflow/dags/Sesion2/Ejemplo2.py
[2025-06-05T02:13:23.594+0000] {processor.py:914} INFO - Processing file /opt/airflow/dags/Sesion2/Ejemplo2.py for tasks to queue
[2025-06-05T02:13:23.597+0000] {logging_mixin.py:190} INFO - [2025-06-05T02:13:23.597+0000] {dagbag.py:588} INFO - Filling up the DagBag from /opt/airflow/dags/Sesion2/Ejemplo2.py
[2025-06-05T02:13:23.609+0000] {processor.py:925} INFO - DAG(s) 'dag_con_feriados' retrieved from /opt/airflow/dags/Sesion2/Ejemplo2.py
[2025-06-05T02:13:23.633+0000] {logging_mixin.py:190} INFO - [2025-06-05T02:13:23.632+0000] {dag.py:3239} INFO - Sync 1 DAGs
[2025-06-05T02:13:23.667+0000] {logging_mixin.py:190} INFO - [2025-06-05T02:13:23.666+0000] {dag.py:4180} INFO - Setting next_dagrun for dag_con_feriados to 2025-05-28 00:00:00+00:00, run_after=2025-05-29 00:00:00+00:00
[2025-06-05T02:13:23.686+0000] {processor.py:208} INFO - Processing /opt/airflow/dags/Sesion2/Ejemplo2.py took 0.100 seconds
[2025-06-05T02:13:54.699+0000] {processor.py:186} INFO - Started process (PID=2331) to work on /opt/airflow/dags/Sesion2/Ejemplo2.py
[2025-06-05T02:13:54.700+0000] {processor.py:914} INFO - Processing file /opt/airflow/dags/Sesion2/Ejemplo2.py for tasks to queue
[2025-06-05T02:13:54.703+0000] {logging_mixin.py:190} INFO - [2025-06-05T02:13:54.702+0000] {dagbag.py:588} INFO - Filling up the DagBag from /opt/airflow/dags/Sesion2/Ejemplo2.py
[2025-06-05T02:13:54.713+0000] {processor.py:925} INFO - DAG(s) 'dag_con_feriados' retrieved from /opt/airflow/dags/Sesion2/Ejemplo2.py
[2025-06-05T02:13:54.734+0000] {logging_mixin.py:190} INFO - [2025-06-05T02:13:54.733+0000] {dag.py:3239} INFO - Sync 1 DAGs
[2025-06-05T02:13:54.770+0000] {logging_mixin.py:190} INFO - [2025-06-05T02:13:54.768+0000] {dag.py:4180} INFO - Setting next_dagrun for dag_con_feriados to 2025-05-28 00:00:00+00:00, run_after=2025-05-29 00:00:00+00:00
[2025-06-05T02:13:54.798+0000] {processor.py:208} INFO - Processing /opt/airflow/dags/Sesion2/Ejemplo2.py took 0.106 seconds
[2025-06-05T02:14:25.936+0000] {processor.py:186} INFO - Started process (PID=2448) to work on /opt/airflow/dags/Sesion2/Ejemplo2.py
[2025-06-05T02:14:25.937+0000] {processor.py:914} INFO - Processing file /opt/airflow/dags/Sesion2/Ejemplo2.py for tasks to queue
[2025-06-05T02:14:25.938+0000] {logging_mixin.py:190} INFO - [2025-06-05T02:14:25.938+0000] {dagbag.py:588} INFO - Filling up the DagBag from /opt/airflow/dags/Sesion2/Ejemplo2.py
[2025-06-05T02:14:25.946+0000] {processor.py:925} INFO - DAG(s) 'dag_con_feriados' retrieved from /opt/airflow/dags/Sesion2/Ejemplo2.py
[2025-06-05T02:14:25.961+0000] {logging_mixin.py:190} INFO - [2025-06-05T02:14:25.961+0000] {dag.py:3239} INFO - Sync 1 DAGs
[2025-06-05T02:14:25.985+0000] {logging_mixin.py:190} INFO - [2025-06-05T02:14:25.985+0000] {dag.py:4180} INFO - Setting next_dagrun for dag_con_feriados to 2025-05-28 00:00:00+00:00, run_after=2025-05-29 00:00:00+00:00
[2025-06-05T02:14:26.002+0000] {processor.py:208} INFO - Processing /opt/airflow/dags/Sesion2/Ejemplo2.py took 0.071 seconds
[2025-06-05T02:14:57.377+0000] {processor.py:186} INFO - Started process (PID=2561) to work on /opt/airflow/dags/Sesion2/Ejemplo2.py
[2025-06-05T02:14:57.378+0000] {processor.py:914} INFO - Processing file /opt/airflow/dags/Sesion2/Ejemplo2.py for tasks to queue
[2025-06-05T02:14:57.380+0000] {logging_mixin.py:190} INFO - [2025-06-05T02:14:57.380+0000] {dagbag.py:588} INFO - Filling up the DagBag from /opt/airflow/dags/Sesion2/Ejemplo2.py
[2025-06-05T02:14:57.391+0000] {processor.py:925} INFO - DAG(s) 'dag_con_feriados' retrieved from /opt/airflow/dags/Sesion2/Ejemplo2.py
[2025-06-05T02:14:57.416+0000] {logging_mixin.py:190} INFO - [2025-06-05T02:14:57.416+0000] {dag.py:3239} INFO - Sync 1 DAGs
[2025-06-05T02:14:57.448+0000] {logging_mixin.py:190} INFO - [2025-06-05T02:14:57.448+0000] {dag.py:4180} INFO - Setting next_dagrun for dag_con_feriados to 2025-05-28 00:00:00+00:00, run_after=2025-05-29 00:00:00+00:00
[2025-06-05T02:14:57.467+0000] {processor.py:208} INFO - Processing /opt/airflow/dags/Sesion2/Ejemplo2.py took 0.096 seconds
[2025-06-05T02:15:28.475+0000] {processor.py:186} INFO - Started process (PID=2678) to work on /opt/airflow/dags/Sesion2/Ejemplo2.py
[2025-06-05T02:15:28.475+0000] {processor.py:914} INFO - Processing file /opt/airflow/dags/Sesion2/Ejemplo2.py for tasks to queue
[2025-06-05T02:15:28.477+0000] {logging_mixin.py:190} INFO - [2025-06-05T02:15:28.477+0000] {dagbag.py:588} INFO - Filling up the DagBag from /opt/airflow/dags/Sesion2/Ejemplo2.py
[2025-06-05T02:15:28.484+0000] {processor.py:925} INFO - DAG(s) 'dag_con_feriados' retrieved from /opt/airflow/dags/Sesion2/Ejemplo2.py
[2025-06-05T02:15:28.500+0000] {logging_mixin.py:190} INFO - [2025-06-05T02:15:28.500+0000] {dag.py:3239} INFO - Sync 1 DAGs
[2025-06-05T02:15:28.521+0000] {logging_mixin.py:190} INFO - [2025-06-05T02:15:28.521+0000] {dag.py:4180} INFO - Setting next_dagrun for dag_con_feriados to 2025-05-28 00:00:00+00:00, run_after=2025-05-29 00:00:00+00:00
[2025-06-05T02:15:28.535+0000] {processor.py:208} INFO - Processing /opt/airflow/dags/Sesion2/Ejemplo2.py took 0.066 seconds
[2025-06-05T02:15:59.458+0000] {processor.py:186} INFO - Started process (PID=2791) to work on /opt/airflow/dags/Sesion2/Ejemplo2.py
[2025-06-05T02:15:59.459+0000] {processor.py:914} INFO - Processing file /opt/airflow/dags/Sesion2/Ejemplo2.py for tasks to queue
[2025-06-05T02:15:59.461+0000] {logging_mixin.py:190} INFO - [2025-06-05T02:15:59.461+0000] {dagbag.py:588} INFO - Filling up the DagBag from /opt/airflow/dags/Sesion2/Ejemplo2.py
[2025-06-05T02:15:59.471+0000] {processor.py:925} INFO - DAG(s) 'dag_con_feriados' retrieved from /opt/airflow/dags/Sesion2/Ejemplo2.py
[2025-06-05T02:15:59.493+0000] {logging_mixin.py:190} INFO - [2025-06-05T02:15:59.493+0000] {dag.py:3239} INFO - Sync 1 DAGs
[2025-06-05T02:15:59.541+0000] {logging_mixin.py:190} INFO - [2025-06-05T02:15:59.541+0000] {dag.py:4180} INFO - Setting next_dagrun for dag_con_feriados to 2025-05-28 00:00:00+00:00, run_after=2025-05-29 00:00:00+00:00
[2025-06-05T02:15:59.568+0000] {processor.py:208} INFO - Processing /opt/airflow/dags/Sesion2/Ejemplo2.py took 0.116 seconds
[2025-06-05T02:16:30.952+0000] {processor.py:186} INFO - Started process (PID=2906) to work on /opt/airflow/dags/Sesion2/Ejemplo2.py
[2025-06-05T02:16:30.953+0000] {processor.py:914} INFO - Processing file /opt/airflow/dags/Sesion2/Ejemplo2.py for tasks to queue
[2025-06-05T02:16:30.956+0000] {logging_mixin.py:190} INFO - [2025-06-05T02:16:30.955+0000] {dagbag.py:588} INFO - Filling up the DagBag from /opt/airflow/dags/Sesion2/Ejemplo2.py
[2025-06-05T02:16:30.966+0000] {processor.py:925} INFO - DAG(s) 'dag_con_feriados' retrieved from /opt/airflow/dags/Sesion2/Ejemplo2.py
[2025-06-05T02:16:30.986+0000] {logging_mixin.py:190} INFO - [2025-06-05T02:16:30.986+0000] {dag.py:3239} INFO - Sync 1 DAGs
[2025-06-05T02:16:31.032+0000] {logging_mixin.py:190} INFO - [2025-06-05T02:16:31.032+0000] {dag.py:4180} INFO - Setting next_dagrun for dag_con_feriados to 2025-05-28 00:00:00+00:00, run_after=2025-05-29 00:00:00+00:00
[2025-06-05T02:16:31.070+0000] {processor.py:208} INFO - Processing /opt/airflow/dags/Sesion2/Ejemplo2.py took 0.125 seconds
[2025-06-05T02:17:02.342+0000] {processor.py:186} INFO - Started process (PID=3021) to work on /opt/airflow/dags/Sesion2/Ejemplo2.py
[2025-06-05T02:17:02.343+0000] {processor.py:914} INFO - Processing file /opt/airflow/dags/Sesion2/Ejemplo2.py for tasks to queue
[2025-06-05T02:17:02.345+0000] {logging_mixin.py:190} INFO - [2025-06-05T02:17:02.345+0000] {dagbag.py:588} INFO - Filling up the DagBag from /opt/airflow/dags/Sesion2/Ejemplo2.py
[2025-06-05T02:17:02.356+0000] {processor.py:925} INFO - DAG(s) 'dag_con_feriados' retrieved from /opt/airflow/dags/Sesion2/Ejemplo2.py
[2025-06-05T02:17:02.375+0000] {logging_mixin.py:190} INFO - [2025-06-05T02:17:02.375+0000] {dag.py:3239} INFO - Sync 1 DAGs
[2025-06-05T02:17:02.406+0000] {logging_mixin.py:190} INFO - [2025-06-05T02:17:02.406+0000] {dag.py:4180} INFO - Setting next_dagrun for dag_con_feriados to 2025-05-28 00:00:00+00:00, run_after=2025-05-29 00:00:00+00:00
[2025-06-05T02:17:02.426+0000] {processor.py:208} INFO - Processing /opt/airflow/dags/Sesion2/Ejemplo2.py took 0.090 seconds
[2025-06-05T02:17:33.711+0000] {processor.py:186} INFO - Started process (PID=3136) to work on /opt/airflow/dags/Sesion2/Ejemplo2.py
[2025-06-05T02:17:33.714+0000] {processor.py:914} INFO - Processing file /opt/airflow/dags/Sesion2/Ejemplo2.py for tasks to queue
[2025-06-05T02:17:33.716+0000] {logging_mixin.py:190} INFO - [2025-06-05T02:17:33.716+0000] {dagbag.py:588} INFO - Filling up the DagBag from /opt/airflow/dags/Sesion2/Ejemplo2.py
[2025-06-05T02:17:33.741+0000] {processor.py:925} INFO - DAG(s) 'dag_con_feriados' retrieved from /opt/airflow/dags/Sesion2/Ejemplo2.py
[2025-06-05T02:17:33.767+0000] {logging_mixin.py:190} INFO - [2025-06-05T02:17:33.766+0000] {dag.py:3239} INFO - Sync 1 DAGs
[2025-06-05T02:17:33.799+0000] {logging_mixin.py:190} INFO - [2025-06-05T02:17:33.799+0000] {dag.py:4180} INFO - Setting next_dagrun for dag_con_feriados to 2025-05-28 00:00:00+00:00, run_after=2025-05-29 00:00:00+00:00
[2025-06-05T02:17:33.818+0000] {processor.py:208} INFO - Processing /opt/airflow/dags/Sesion2/Ejemplo2.py took 0.123 seconds
[2025-06-05T02:18:04.742+0000] {processor.py:186} INFO - Started process (PID=3251) to work on /opt/airflow/dags/Sesion2/Ejemplo2.py
[2025-06-05T02:18:04.743+0000] {processor.py:914} INFO - Processing file /opt/airflow/dags/Sesion2/Ejemplo2.py for tasks to queue
[2025-06-05T02:18:04.745+0000] {logging_mixin.py:190} INFO - [2025-06-05T02:18:04.745+0000] {dagbag.py:588} INFO - Filling up the DagBag from /opt/airflow/dags/Sesion2/Ejemplo2.py
[2025-06-05T02:18:04.756+0000] {processor.py:925} INFO - DAG(s) 'dag_con_feriados' retrieved from /opt/airflow/dags/Sesion2/Ejemplo2.py
[2025-06-05T02:18:04.777+0000] {logging_mixin.py:190} INFO - [2025-06-05T02:18:04.777+0000] {dag.py:3239} INFO - Sync 1 DAGs
[2025-06-05T02:18:04.809+0000] {logging_mixin.py:190} INFO - [2025-06-05T02:18:04.808+0000] {dag.py:4180} INFO - Setting next_dagrun for dag_con_feriados to 2025-05-28 00:00:00+00:00, run_after=2025-05-29 00:00:00+00:00
[2025-06-05T02:18:04.827+0000] {processor.py:208} INFO - Processing /opt/airflow/dags/Sesion2/Ejemplo2.py took 0.092 seconds
[2025-06-05T02:18:36.078+0000] {processor.py:186} INFO - Started process (PID=3366) to work on /opt/airflow/dags/Sesion2/Ejemplo2.py
[2025-06-05T02:18:36.079+0000] {processor.py:914} INFO - Processing file /opt/airflow/dags/Sesion2/Ejemplo2.py for tasks to queue
[2025-06-05T02:18:36.082+0000] {logging_mixin.py:190} INFO - [2025-06-05T02:18:36.082+0000] {dagbag.py:588} INFO - Filling up the DagBag from /opt/airflow/dags/Sesion2/Ejemplo2.py
[2025-06-05T02:18:36.093+0000] {processor.py:925} INFO - DAG(s) 'dag_con_feriados' retrieved from /opt/airflow/dags/Sesion2/Ejemplo2.py
[2025-06-05T02:18:36.121+0000] {logging_mixin.py:190} INFO - [2025-06-05T02:18:36.120+0000] {dag.py:3239} INFO - Sync 1 DAGs
[2025-06-05T02:18:36.187+0000] {logging_mixin.py:190} INFO - [2025-06-05T02:18:36.187+0000] {dag.py:4180} INFO - Setting next_dagrun for dag_con_feriados to 2025-05-28 00:00:00+00:00, run_after=2025-05-29 00:00:00+00:00
[2025-06-05T02:18:36.220+0000] {processor.py:208} INFO - Processing /opt/airflow/dags/Sesion2/Ejemplo2.py took 0.149 seconds
[2025-06-05T02:19:07.300+0000] {processor.py:186} INFO - Started process (PID=3481) to work on /opt/airflow/dags/Sesion2/Ejemplo2.py
[2025-06-05T02:19:07.301+0000] {processor.py:914} INFO - Processing file /opt/airflow/dags/Sesion2/Ejemplo2.py for tasks to queue
[2025-06-05T02:19:07.303+0000] {logging_mixin.py:190} INFO - [2025-06-05T02:19:07.303+0000] {dagbag.py:588} INFO - Filling up the DagBag from /opt/airflow/dags/Sesion2/Ejemplo2.py
[2025-06-05T02:19:07.314+0000] {processor.py:925} INFO - DAG(s) 'dag_con_feriados' retrieved from /opt/airflow/dags/Sesion2/Ejemplo2.py
[2025-06-05T02:19:07.334+0000] {logging_mixin.py:190} INFO - [2025-06-05T02:19:07.334+0000] {dag.py:3239} INFO - Sync 1 DAGs
[2025-06-05T02:19:07.375+0000] {logging_mixin.py:190} INFO - [2025-06-05T02:19:07.374+0000] {dag.py:4180} INFO - Setting next_dagrun for dag_con_feriados to 2025-05-28 00:00:00+00:00, run_after=2025-05-29 00:00:00+00:00
[2025-06-05T02:19:07.403+0000] {processor.py:208} INFO - Processing /opt/airflow/dags/Sesion2/Ejemplo2.py took 0.109 seconds
[2025-06-05T02:19:38.012+0000] {processor.py:186} INFO - Started process (PID=3596) to work on /opt/airflow/dags/Sesion2/Ejemplo2.py
[2025-06-05T02:19:38.013+0000] {processor.py:914} INFO - Processing file /opt/airflow/dags/Sesion2/Ejemplo2.py for tasks to queue
[2025-06-05T02:19:38.015+0000] {logging_mixin.py:190} INFO - [2025-06-05T02:19:38.015+0000] {dagbag.py:588} INFO - Filling up the DagBag from /opt/airflow/dags/Sesion2/Ejemplo2.py
[2025-06-05T02:19:38.027+0000] {processor.py:925} INFO - DAG(s) 'dag_con_feriados' retrieved from /opt/airflow/dags/Sesion2/Ejemplo2.py
[2025-06-05T02:19:38.047+0000] {logging_mixin.py:190} INFO - [2025-06-05T02:19:38.047+0000] {dag.py:3239} INFO - Sync 1 DAGs
[2025-06-05T02:19:38.079+0000] {logging_mixin.py:190} INFO - [2025-06-05T02:19:38.079+0000] {dag.py:4180} INFO - Setting next_dagrun for dag_con_feriados to 2025-05-28 00:00:00+00:00, run_after=2025-05-29 00:00:00+00:00
[2025-06-05T02:19:38.270+0000] {processor.py:208} INFO - Processing /opt/airflow/dags/Sesion2/Ejemplo2.py took 0.264 seconds
[2025-06-05T02:20:09.546+0000] {processor.py:186} INFO - Started process (PID=3711) to work on /opt/airflow/dags/Sesion2/Ejemplo2.py
[2025-06-05T02:20:09.547+0000] {processor.py:914} INFO - Processing file /opt/airflow/dags/Sesion2/Ejemplo2.py for tasks to queue
[2025-06-05T02:20:09.549+0000] {logging_mixin.py:190} INFO - [2025-06-05T02:20:09.549+0000] {dagbag.py:588} INFO - Filling up the DagBag from /opt/airflow/dags/Sesion2/Ejemplo2.py
[2025-06-05T02:20:09.560+0000] {processor.py:925} INFO - DAG(s) 'dag_con_feriados' retrieved from /opt/airflow/dags/Sesion2/Ejemplo2.py
[2025-06-05T02:20:09.586+0000] {logging_mixin.py:190} INFO - [2025-06-05T02:20:09.586+0000] {dag.py:3239} INFO - Sync 1 DAGs
[2025-06-05T02:20:09.617+0000] {logging_mixin.py:190} INFO - [2025-06-05T02:20:09.617+0000] {dag.py:4180} INFO - Setting next_dagrun for dag_con_feriados to 2025-05-28 00:00:00+00:00, run_after=2025-05-29 00:00:00+00:00
[2025-06-05T02:20:09.637+0000] {processor.py:208} INFO - Processing /opt/airflow/dags/Sesion2/Ejemplo2.py took 0.099 seconds
[2025-06-05T02:20:40.655+0000] {processor.py:186} INFO - Started process (PID=3825) to work on /opt/airflow/dags/Sesion2/Ejemplo2.py
[2025-06-05T02:20:40.656+0000] {processor.py:914} INFO - Processing file /opt/airflow/dags/Sesion2/Ejemplo2.py for tasks to queue
[2025-06-05T02:20:40.658+0000] {logging_mixin.py:190} INFO - [2025-06-05T02:20:40.658+0000] {dagbag.py:588} INFO - Filling up the DagBag from /opt/airflow/dags/Sesion2/Ejemplo2.py
[2025-06-05T02:20:40.679+0000] {processor.py:925} INFO - DAG(s) 'dag_con_feriados' retrieved from /opt/airflow/dags/Sesion2/Ejemplo2.py
[2025-06-05T02:20:40.714+0000] {logging_mixin.py:190} INFO - [2025-06-05T02:20:40.714+0000] {dag.py:3239} INFO - Sync 1 DAGs
[2025-06-05T02:20:40.749+0000] {logging_mixin.py:190} INFO - [2025-06-05T02:20:40.749+0000] {dag.py:4180} INFO - Setting next_dagrun for dag_con_feriados to 2025-05-28 00:00:00+00:00, run_after=2025-05-29 00:00:00+00:00
[2025-06-05T02:20:40.768+0000] {processor.py:208} INFO - Processing /opt/airflow/dags/Sesion2/Ejemplo2.py took 0.129 seconds
[2025-06-05T02:21:12.040+0000] {processor.py:186} INFO - Started process (PID=3941) to work on /opt/airflow/dags/Sesion2/Ejemplo2.py
[2025-06-05T02:21:12.041+0000] {processor.py:914} INFO - Processing file /opt/airflow/dags/Sesion2/Ejemplo2.py for tasks to queue
[2025-06-05T02:21:12.043+0000] {logging_mixin.py:190} INFO - [2025-06-05T02:21:12.043+0000] {dagbag.py:588} INFO - Filling up the DagBag from /opt/airflow/dags/Sesion2/Ejemplo2.py
[2025-06-05T02:21:12.053+0000] {processor.py:925} INFO - DAG(s) 'dag_con_feriados' retrieved from /opt/airflow/dags/Sesion2/Ejemplo2.py
[2025-06-05T02:21:12.075+0000] {logging_mixin.py:190} INFO - [2025-06-05T02:21:12.075+0000] {dag.py:3239} INFO - Sync 1 DAGs
[2025-06-05T02:21:12.107+0000] {logging_mixin.py:190} INFO - [2025-06-05T02:21:12.107+0000] {dag.py:4180} INFO - Setting next_dagrun for dag_con_feriados to 2025-05-28 00:00:00+00:00, run_after=2025-05-29 00:00:00+00:00
[2025-06-05T02:21:12.126+0000] {processor.py:208} INFO - Processing /opt/airflow/dags/Sesion2/Ejemplo2.py took 0.094 seconds
[2025-06-05T02:21:43.538+0000] {processor.py:186} INFO - Started process (PID=4071) to work on /opt/airflow/dags/Sesion2/Ejemplo2.py
[2025-06-05T02:21:43.538+0000] {processor.py:914} INFO - Processing file /opt/airflow/dags/Sesion2/Ejemplo2.py for tasks to queue
[2025-06-05T02:21:43.541+0000] {logging_mixin.py:190} INFO - [2025-06-05T02:21:43.540+0000] {dagbag.py:588} INFO - Filling up the DagBag from /opt/airflow/dags/Sesion2/Ejemplo2.py
[2025-06-05T02:21:43.551+0000] {processor.py:925} INFO - DAG(s) 'dag_con_feriados' retrieved from /opt/airflow/dags/Sesion2/Ejemplo2.py
[2025-06-05T02:21:43.573+0000] {logging_mixin.py:190} INFO - [2025-06-05T02:21:43.572+0000] {dag.py:3239} INFO - Sync 1 DAGs
[2025-06-05T02:21:43.605+0000] {logging_mixin.py:190} INFO - [2025-06-05T02:21:43.605+0000] {dag.py:4180} INFO - Setting next_dagrun for dag_con_feriados to 2025-05-28 00:00:00+00:00, run_after=2025-05-29 00:00:00+00:00
[2025-06-05T02:21:43.796+0000] {processor.py:208} INFO - Processing /opt/airflow/dags/Sesion2/Ejemplo2.py took 0.266 seconds
[2025-06-05T02:22:14.164+0000] {processor.py:186} INFO - Started process (PID=4186) to work on /opt/airflow/dags/Sesion2/Ejemplo2.py
[2025-06-05T02:22:14.165+0000] {processor.py:914} INFO - Processing file /opt/airflow/dags/Sesion2/Ejemplo2.py for tasks to queue
[2025-06-05T02:22:14.168+0000] {logging_mixin.py:190} INFO - [2025-06-05T02:22:14.167+0000] {dagbag.py:588} INFO - Filling up the DagBag from /opt/airflow/dags/Sesion2/Ejemplo2.py
[2025-06-05T02:22:14.178+0000] {processor.py:925} INFO - DAG(s) 'dag_con_feriados' retrieved from /opt/airflow/dags/Sesion2/Ejemplo2.py
[2025-06-05T02:22:14.205+0000] {logging_mixin.py:190} INFO - [2025-06-05T02:22:14.205+0000] {dag.py:3239} INFO - Sync 1 DAGs
[2025-06-05T02:22:14.258+0000] {logging_mixin.py:190} INFO - [2025-06-05T02:22:14.258+0000] {dag.py:4180} INFO - Setting next_dagrun for dag_con_feriados to 2025-05-28 00:00:00+00:00, run_after=2025-05-29 00:00:00+00:00
[2025-06-05T02:22:14.278+0000] {processor.py:208} INFO - Processing /opt/airflow/dags/Sesion2/Ejemplo2.py took 0.121 seconds
[2025-06-05T02:22:45.186+0000] {processor.py:186} INFO - Started process (PID=4301) to work on /opt/airflow/dags/Sesion2/Ejemplo2.py
[2025-06-05T02:22:45.187+0000] {processor.py:914} INFO - Processing file /opt/airflow/dags/Sesion2/Ejemplo2.py for tasks to queue
[2025-06-05T02:22:45.189+0000] {logging_mixin.py:190} INFO - [2025-06-05T02:22:45.189+0000] {dagbag.py:588} INFO - Filling up the DagBag from /opt/airflow/dags/Sesion2/Ejemplo2.py
[2025-06-05T02:22:45.200+0000] {processor.py:925} INFO - DAG(s) 'dag_con_feriados' retrieved from /opt/airflow/dags/Sesion2/Ejemplo2.py
[2025-06-05T02:22:45.223+0000] {logging_mixin.py:190} INFO - [2025-06-05T02:22:45.222+0000] {dag.py:3239} INFO - Sync 1 DAGs
[2025-06-05T02:22:45.255+0000] {logging_mixin.py:190} INFO - [2025-06-05T02:22:45.255+0000] {dag.py:4180} INFO - Setting next_dagrun for dag_con_feriados to 2025-05-28 00:00:00+00:00, run_after=2025-05-29 00:00:00+00:00
[2025-06-05T02:22:45.277+0000] {processor.py:208} INFO - Processing /opt/airflow/dags/Sesion2/Ejemplo2.py took 0.098 seconds
[2025-06-05T02:23:16.500+0000] {processor.py:186} INFO - Started process (PID=4418) to work on /opt/airflow/dags/Sesion2/Ejemplo2.py
[2025-06-05T02:23:16.501+0000] {processor.py:914} INFO - Processing file /opt/airflow/dags/Sesion2/Ejemplo2.py for tasks to queue
[2025-06-05T02:23:16.503+0000] {logging_mixin.py:190} INFO - [2025-06-05T02:23:16.502+0000] {dagbag.py:588} INFO - Filling up the DagBag from /opt/airflow/dags/Sesion2/Ejemplo2.py
[2025-06-05T02:23:16.510+0000] {processor.py:925} INFO - DAG(s) 'dag_con_feriados' retrieved from /opt/airflow/dags/Sesion2/Ejemplo2.py
[2025-06-05T02:23:16.526+0000] {logging_mixin.py:190} INFO - [2025-06-05T02:23:16.526+0000] {dag.py:3239} INFO - Sync 1 DAGs
[2025-06-05T02:23:16.547+0000] {logging_mixin.py:190} INFO - [2025-06-05T02:23:16.547+0000] {dag.py:4180} INFO - Setting next_dagrun for dag_con_feriados to 2025-05-28 00:00:00+00:00, run_after=2025-05-29 00:00:00+00:00
[2025-06-05T02:23:16.566+0000] {processor.py:208} INFO - Processing /opt/airflow/dags/Sesion2/Ejemplo2.py took 0.071 seconds
[2025-06-05T02:23:47.823+0000] {processor.py:186} INFO - Started process (PID=4533) to work on /opt/airflow/dags/Sesion2/Ejemplo2.py
[2025-06-05T02:23:47.824+0000] {processor.py:914} INFO - Processing file /opt/airflow/dags/Sesion2/Ejemplo2.py for tasks to queue
[2025-06-05T02:23:47.826+0000] {logging_mixin.py:190} INFO - [2025-06-05T02:23:47.825+0000] {dagbag.py:588} INFO - Filling up the DagBag from /opt/airflow/dags/Sesion2/Ejemplo2.py
[2025-06-05T02:23:47.833+0000] {processor.py:925} INFO - DAG(s) 'dag_con_feriados' retrieved from /opt/airflow/dags/Sesion2/Ejemplo2.py
[2025-06-05T02:23:47.850+0000] {logging_mixin.py:190} INFO - [2025-06-05T02:23:47.850+0000] {dag.py:3239} INFO - Sync 1 DAGs
[2025-06-05T02:23:47.871+0000] {logging_mixin.py:190} INFO - [2025-06-05T02:23:47.871+0000] {dag.py:4180} INFO - Setting next_dagrun for dag_con_feriados to 2025-05-28 00:00:00+00:00, run_after=2025-05-29 00:00:00+00:00
[2025-06-05T02:23:48.049+0000] {processor.py:208} INFO - Processing /opt/airflow/dags/Sesion2/Ejemplo2.py took 0.231 seconds
[2025-06-05T02:24:19.282+0000] {processor.py:186} INFO - Started process (PID=4648) to work on /opt/airflow/dags/Sesion2/Ejemplo2.py
[2025-06-05T02:24:19.283+0000] {processor.py:914} INFO - Processing file /opt/airflow/dags/Sesion2/Ejemplo2.py for tasks to queue
[2025-06-05T02:24:19.285+0000] {logging_mixin.py:190} INFO - [2025-06-05T02:24:19.284+0000] {dagbag.py:588} INFO - Filling up the DagBag from /opt/airflow/dags/Sesion2/Ejemplo2.py
[2025-06-05T02:24:19.292+0000] {processor.py:925} INFO - DAG(s) 'dag_con_feriados' retrieved from /opt/airflow/dags/Sesion2/Ejemplo2.py
[2025-06-05T02:24:19.308+0000] {logging_mixin.py:190} INFO - [2025-06-05T02:24:19.307+0000] {dag.py:3239} INFO - Sync 1 DAGs
[2025-06-05T02:24:19.329+0000] {logging_mixin.py:190} INFO - [2025-06-05T02:24:19.328+0000] {dag.py:4180} INFO - Setting next_dagrun for dag_con_feriados to 2025-05-28 00:00:00+00:00, run_after=2025-05-29 00:00:00+00:00
[2025-06-05T02:24:19.342+0000] {processor.py:208} INFO - Processing /opt/airflow/dags/Sesion2/Ejemplo2.py took 0.065 seconds
[2025-06-05T02:24:50.437+0000] {processor.py:186} INFO - Started process (PID=4763) to work on /opt/airflow/dags/Sesion2/Ejemplo2.py
[2025-06-05T02:24:50.438+0000] {processor.py:914} INFO - Processing file /opt/airflow/dags/Sesion2/Ejemplo2.py for tasks to queue
[2025-06-05T02:24:50.439+0000] {logging_mixin.py:190} INFO - [2025-06-05T02:24:50.439+0000] {dagbag.py:588} INFO - Filling up the DagBag from /opt/airflow/dags/Sesion2/Ejemplo2.py
[2025-06-05T02:24:50.448+0000] {processor.py:925} INFO - DAG(s) 'dag_con_feriados' retrieved from /opt/airflow/dags/Sesion2/Ejemplo2.py
[2025-06-05T02:24:50.471+0000] {logging_mixin.py:190} INFO - [2025-06-05T02:24:50.471+0000] {dag.py:3239} INFO - Sync 1 DAGs
[2025-06-05T02:24:50.507+0000] {logging_mixin.py:190} INFO - [2025-06-05T02:24:50.507+0000] {dag.py:4180} INFO - Setting next_dagrun for dag_con_feriados to 2025-05-28 00:00:00+00:00, run_after=2025-05-29 00:00:00+00:00
[2025-06-05T02:24:50.530+0000] {processor.py:208} INFO - Processing /opt/airflow/dags/Sesion2/Ejemplo2.py took 0.098 seconds
[2025-06-05T02:25:21.842+0000] {processor.py:186} INFO - Started process (PID=4878) to work on /opt/airflow/dags/Sesion2/Ejemplo2.py
[2025-06-05T02:25:21.843+0000] {processor.py:914} INFO - Processing file /opt/airflow/dags/Sesion2/Ejemplo2.py for tasks to queue
[2025-06-05T02:25:21.845+0000] {logging_mixin.py:190} INFO - [2025-06-05T02:25:21.845+0000] {dagbag.py:588} INFO - Filling up the DagBag from /opt/airflow/dags/Sesion2/Ejemplo2.py
[2025-06-05T02:25:21.855+0000] {processor.py:925} INFO - DAG(s) 'dag_con_feriados' retrieved from /opt/airflow/dags/Sesion2/Ejemplo2.py
[2025-06-05T02:25:21.877+0000] {logging_mixin.py:190} INFO - [2025-06-05T02:25:21.877+0000] {dag.py:3239} INFO - Sync 1 DAGs
[2025-06-05T02:25:21.909+0000] {logging_mixin.py:190} INFO - [2025-06-05T02:25:21.909+0000] {dag.py:4180} INFO - Setting next_dagrun for dag_con_feriados to 2025-05-28 00:00:00+00:00, run_after=2025-05-29 00:00:00+00:00
[2025-06-05T02:25:21.930+0000] {processor.py:208} INFO - Processing /opt/airflow/dags/Sesion2/Ejemplo2.py took 0.095 seconds
[2025-06-05T02:25:52.935+0000] {processor.py:186} INFO - Started process (PID=4993) to work on /opt/airflow/dags/Sesion2/Ejemplo2.py
[2025-06-05T02:25:52.936+0000] {processor.py:914} INFO - Processing file /opt/airflow/dags/Sesion2/Ejemplo2.py for tasks to queue
[2025-06-05T02:25:52.938+0000] {logging_mixin.py:190} INFO - [2025-06-05T02:25:52.938+0000] {dagbag.py:588} INFO - Filling up the DagBag from /opt/airflow/dags/Sesion2/Ejemplo2.py
[2025-06-05T02:25:52.948+0000] {processor.py:925} INFO - DAG(s) 'dag_con_feriados' retrieved from /opt/airflow/dags/Sesion2/Ejemplo2.py
[2025-06-05T02:25:52.971+0000] {logging_mixin.py:190} INFO - [2025-06-05T02:25:52.970+0000] {dag.py:3239} INFO - Sync 1 DAGs
[2025-06-05T02:25:53.004+0000] {logging_mixin.py:190} INFO - [2025-06-05T02:25:53.003+0000] {dag.py:4180} INFO - Setting next_dagrun for dag_con_feriados to 2025-05-28 00:00:00+00:00, run_after=2025-05-29 00:00:00+00:00
[2025-06-05T02:25:53.217+0000] {processor.py:208} INFO - Processing /opt/airflow/dags/Sesion2/Ejemplo2.py took 0.289 seconds
[2025-06-05T02:26:24.455+0000] {processor.py:186} INFO - Started process (PID=5108) to work on /opt/airflow/dags/Sesion2/Ejemplo2.py
[2025-06-05T02:26:24.456+0000] {processor.py:914} INFO - Processing file /opt/airflow/dags/Sesion2/Ejemplo2.py for tasks to queue
[2025-06-05T02:26:24.458+0000] {logging_mixin.py:190} INFO - [2025-06-05T02:26:24.458+0000] {dagbag.py:588} INFO - Filling up the DagBag from /opt/airflow/dags/Sesion2/Ejemplo2.py
[2025-06-05T02:26:24.469+0000] {processor.py:925} INFO - DAG(s) 'dag_con_feriados' retrieved from /opt/airflow/dags/Sesion2/Ejemplo2.py
[2025-06-05T02:26:24.490+0000] {logging_mixin.py:190} INFO - [2025-06-05T02:26:24.490+0000] {dag.py:3239} INFO - Sync 1 DAGs
[2025-06-05T02:26:24.524+0000] {logging_mixin.py:190} INFO - [2025-06-05T02:26:24.524+0000] {dag.py:4180} INFO - Setting next_dagrun for dag_con_feriados to 2025-05-28 00:00:00+00:00, run_after=2025-05-29 00:00:00+00:00
[2025-06-05T02:26:24.543+0000] {processor.py:208} INFO - Processing /opt/airflow/dags/Sesion2/Ejemplo2.py took 0.094 seconds
[2025-06-05T02:26:55.591+0000] {processor.py:186} INFO - Started process (PID=5223) to work on /opt/airflow/dags/Sesion2/Ejemplo2.py
[2025-06-05T02:26:55.591+0000] {processor.py:914} INFO - Processing file /opt/airflow/dags/Sesion2/Ejemplo2.py for tasks to queue
[2025-06-05T02:26:55.593+0000] {logging_mixin.py:190} INFO - [2025-06-05T02:26:55.593+0000] {dagbag.py:588} INFO - Filling up the DagBag from /opt/airflow/dags/Sesion2/Ejemplo2.py
[2025-06-05T02:26:55.600+0000] {processor.py:925} INFO - DAG(s) 'dag_con_feriados' retrieved from /opt/airflow/dags/Sesion2/Ejemplo2.py
[2025-06-05T02:26:55.616+0000] {logging_mixin.py:190} INFO - [2025-06-05T02:26:55.616+0000] {dag.py:3239} INFO - Sync 1 DAGs
[2025-06-05T02:26:55.637+0000] {logging_mixin.py:190} INFO - [2025-06-05T02:26:55.637+0000] {dag.py:4180} INFO - Setting next_dagrun for dag_con_feriados to 2025-05-28 00:00:00+00:00, run_after=2025-05-29 00:00:00+00:00
[2025-06-05T02:26:55.651+0000] {processor.py:208} INFO - Processing /opt/airflow/dags/Sesion2/Ejemplo2.py took 0.065 seconds
[2025-06-05T02:27:26.870+0000] {processor.py:186} INFO - Started process (PID=5338) to work on /opt/airflow/dags/Sesion2/Ejemplo2.py
[2025-06-05T02:27:26.871+0000] {processor.py:914} INFO - Processing file /opt/airflow/dags/Sesion2/Ejemplo2.py for tasks to queue
[2025-06-05T02:27:26.874+0000] {logging_mixin.py:190} INFO - [2025-06-05T02:27:26.873+0000] {dagbag.py:588} INFO - Filling up the DagBag from /opt/airflow/dags/Sesion2/Ejemplo2.py
[2025-06-05T02:27:26.884+0000] {processor.py:925} INFO - DAG(s) 'dag_con_feriados' retrieved from /opt/airflow/dags/Sesion2/Ejemplo2.py
[2025-06-05T02:27:26.906+0000] {logging_mixin.py:190} INFO - [2025-06-05T02:27:26.906+0000] {dag.py:3239} INFO - Sync 1 DAGs
[2025-06-05T02:27:26.938+0000] {logging_mixin.py:190} INFO - [2025-06-05T02:27:26.938+0000] {dag.py:4180} INFO - Setting next_dagrun for dag_con_feriados to 2025-05-28 00:00:00+00:00, run_after=2025-05-29 00:00:00+00:00
[2025-06-05T02:27:26.957+0000] {processor.py:208} INFO - Processing /opt/airflow/dags/Sesion2/Ejemplo2.py took 0.093 seconds
[2025-06-05T02:27:58.070+0000] {processor.py:186} INFO - Started process (PID=5453) to work on /opt/airflow/dags/Sesion2/Ejemplo2.py
[2025-06-05T02:27:58.071+0000] {processor.py:914} INFO - Processing file /opt/airflow/dags/Sesion2/Ejemplo2.py for tasks to queue
[2025-06-05T02:27:58.072+0000] {logging_mixin.py:190} INFO - [2025-06-05T02:27:58.072+0000] {dagbag.py:588} INFO - Filling up the DagBag from /opt/airflow/dags/Sesion2/Ejemplo2.py
[2025-06-05T02:27:58.080+0000] {processor.py:925} INFO - DAG(s) 'dag_con_feriados' retrieved from /opt/airflow/dags/Sesion2/Ejemplo2.py
[2025-06-05T02:27:58.095+0000] {logging_mixin.py:190} INFO - [2025-06-05T02:27:58.095+0000] {dag.py:3239} INFO - Sync 1 DAGs
[2025-06-05T02:27:58.116+0000] {logging_mixin.py:190} INFO - [2025-06-05T02:27:58.116+0000] {dag.py:4180} INFO - Setting next_dagrun for dag_con_feriados to 2025-05-28 00:00:00+00:00, run_after=2025-05-29 00:00:00+00:00
[2025-06-05T02:27:58.269+0000] {processor.py:208} INFO - Processing /opt/airflow/dags/Sesion2/Ejemplo2.py took 0.204 seconds
[2025-06-05T02:28:28.841+0000] {processor.py:186} INFO - Started process (PID=5568) to work on /opt/airflow/dags/Sesion2/Ejemplo2.py
[2025-06-05T02:28:28.842+0000] {processor.py:914} INFO - Processing file /opt/airflow/dags/Sesion2/Ejemplo2.py for tasks to queue
[2025-06-05T02:28:28.844+0000] {logging_mixin.py:190} INFO - [2025-06-05T02:28:28.843+0000] {dagbag.py:588} INFO - Filling up the DagBag from /opt/airflow/dags/Sesion2/Ejemplo2.py
[2025-06-05T02:28:28.854+0000] {processor.py:925} INFO - DAG(s) 'dag_con_feriados' retrieved from /opt/airflow/dags/Sesion2/Ejemplo2.py
[2025-06-05T02:28:28.875+0000] {logging_mixin.py:190} INFO - [2025-06-05T02:28:28.875+0000] {dag.py:3239} INFO - Sync 1 DAGs
[2025-06-05T02:28:29.080+0000] {logging_mixin.py:190} INFO - [2025-06-05T02:28:29.080+0000] {dag.py:4180} INFO - Setting next_dagrun for dag_con_feriados to 2025-05-28 00:00:00+00:00, run_after=2025-05-29 00:00:00+00:00
[2025-06-05T02:28:29.095+0000] {processor.py:208} INFO - Processing /opt/airflow/dags/Sesion2/Ejemplo2.py took 0.261 seconds
[2025-06-05T02:29:00.305+0000] {processor.py:186} INFO - Started process (PID=5681) to work on /opt/airflow/dags/Sesion2/Ejemplo2.py
[2025-06-05T02:29:00.306+0000] {processor.py:914} INFO - Processing file /opt/airflow/dags/Sesion2/Ejemplo2.py for tasks to queue
[2025-06-05T02:29:00.308+0000] {logging_mixin.py:190} INFO - [2025-06-05T02:29:00.308+0000] {dagbag.py:588} INFO - Filling up the DagBag from /opt/airflow/dags/Sesion2/Ejemplo2.py
[2025-06-05T02:29:00.319+0000] {processor.py:925} INFO - DAG(s) 'dag_con_feriados' retrieved from /opt/airflow/dags/Sesion2/Ejemplo2.py
[2025-06-05T02:29:00.342+0000] {logging_mixin.py:190} INFO - [2025-06-05T02:29:00.342+0000] {dag.py:3239} INFO - Sync 1 DAGs
[2025-06-05T02:29:00.374+0000] {logging_mixin.py:190} INFO - [2025-06-05T02:29:00.374+0000] {dag.py:4180} INFO - Setting next_dagrun for dag_con_feriados to 2025-05-28 00:00:00+00:00, run_after=2025-05-29 00:00:00+00:00
[2025-06-05T02:29:00.412+0000] {processor.py:208} INFO - Processing /opt/airflow/dags/Sesion2/Ejemplo2.py took 0.115 seconds
[2025-06-05T02:29:31.848+0000] {processor.py:186} INFO - Started process (PID=5796) to work on /opt/airflow/dags/Sesion2/Ejemplo2.py
[2025-06-05T02:29:31.849+0000] {processor.py:914} INFO - Processing file /opt/airflow/dags/Sesion2/Ejemplo2.py for tasks to queue
[2025-06-05T02:29:31.851+0000] {logging_mixin.py:190} INFO - [2025-06-05T02:29:31.851+0000] {dagbag.py:588} INFO - Filling up the DagBag from /opt/airflow/dags/Sesion2/Ejemplo2.py
[2025-06-05T02:29:31.862+0000] {processor.py:925} INFO - DAG(s) 'dag_con_feriados' retrieved from /opt/airflow/dags/Sesion2/Ejemplo2.py
[2025-06-05T02:29:31.885+0000] {logging_mixin.py:190} INFO - [2025-06-05T02:29:31.885+0000] {dag.py:3239} INFO - Sync 1 DAGs
[2025-06-05T02:29:31.918+0000] {logging_mixin.py:190} INFO - [2025-06-05T02:29:31.918+0000] {dag.py:4180} INFO - Setting next_dagrun for dag_con_feriados to 2025-05-28 00:00:00+00:00, run_after=2025-05-29 00:00:00+00:00
[2025-06-05T02:29:31.937+0000] {processor.py:208} INFO - Processing /opt/airflow/dags/Sesion2/Ejemplo2.py took 0.097 seconds
[2025-06-05T02:30:03.098+0000] {processor.py:186} INFO - Started process (PID=5913) to work on /opt/airflow/dags/Sesion2/Ejemplo2.py
[2025-06-05T02:30:03.099+0000] {processor.py:914} INFO - Processing file /opt/airflow/dags/Sesion2/Ejemplo2.py for tasks to queue
[2025-06-05T02:30:03.102+0000] {logging_mixin.py:190} INFO - [2025-06-05T02:30:03.102+0000] {dagbag.py:588} INFO - Filling up the DagBag from /opt/airflow/dags/Sesion2/Ejemplo2.py
[2025-06-05T02:30:03.114+0000] {processor.py:925} INFO - DAG(s) 'dag_con_feriados' retrieved from /opt/airflow/dags/Sesion2/Ejemplo2.py
[2025-06-05T02:30:03.135+0000] {logging_mixin.py:190} INFO - [2025-06-05T02:30:03.135+0000] {dag.py:3239} INFO - Sync 1 DAGs
[2025-06-05T02:30:03.177+0000] {logging_mixin.py:190} INFO - [2025-06-05T02:30:03.177+0000] {dag.py:4180} INFO - Setting next_dagrun for dag_con_feriados to 2025-05-28 00:00:00+00:00, run_after=2025-05-29 00:00:00+00:00
[2025-06-05T02:30:03.417+0000] {processor.py:208} INFO - Processing /opt/airflow/dags/Sesion2/Ejemplo2.py took 0.326 seconds
[2025-06-05T02:30:33.984+0000] {processor.py:186} INFO - Started process (PID=6026) to work on /opt/airflow/dags/Sesion2/Ejemplo2.py
[2025-06-05T02:30:33.987+0000] {processor.py:914} INFO - Processing file /opt/airflow/dags/Sesion2/Ejemplo2.py for tasks to queue
[2025-06-05T02:30:33.993+0000] {logging_mixin.py:190} INFO - [2025-06-05T02:30:33.992+0000] {dagbag.py:588} INFO - Filling up the DagBag from /opt/airflow/dags/Sesion2/Ejemplo2.py
[2025-06-05T02:30:34.018+0000] {processor.py:925} INFO - DAG(s) 'dag_con_feriados' retrieved from /opt/airflow/dags/Sesion2/Ejemplo2.py
[2025-06-05T02:30:34.061+0000] {logging_mixin.py:190} INFO - [2025-06-05T02:30:34.061+0000] {dag.py:3239} INFO - Sync 1 DAGs
[2025-06-05T02:30:34.273+0000] {logging_mixin.py:190} INFO - [2025-06-05T02:30:34.273+0000] {dag.py:4180} INFO - Setting next_dagrun for dag_con_feriados to 2025-05-28 00:00:00+00:00, run_after=2025-05-29 00:00:00+00:00
[2025-06-05T02:30:34.290+0000] {processor.py:208} INFO - Processing /opt/airflow/dags/Sesion2/Ejemplo2.py took 0.316 seconds
[2025-06-05T02:31:04.860+0000] {processor.py:186} INFO - Started process (PID=6141) to work on /opt/airflow/dags/Sesion2/Ejemplo2.py
[2025-06-05T02:31:04.861+0000] {processor.py:914} INFO - Processing file /opt/airflow/dags/Sesion2/Ejemplo2.py for tasks to queue
[2025-06-05T02:31:04.863+0000] {logging_mixin.py:190} INFO - [2025-06-05T02:31:04.863+0000] {dagbag.py:588} INFO - Filling up the DagBag from /opt/airflow/dags/Sesion2/Ejemplo2.py
[2025-06-05T02:31:04.873+0000] {processor.py:925} INFO - DAG(s) 'dag_con_feriados' retrieved from /opt/airflow/dags/Sesion2/Ejemplo2.py
[2025-06-05T02:31:04.893+0000] {logging_mixin.py:190} INFO - [2025-06-05T02:31:04.893+0000] {dag.py:3239} INFO - Sync 1 DAGs
[2025-06-05T02:31:04.925+0000] {logging_mixin.py:190} INFO - [2025-06-05T02:31:04.925+0000] {dag.py:4180} INFO - Setting next_dagrun for dag_con_feriados to 2025-05-28 00:00:00+00:00, run_after=2025-05-29 00:00:00+00:00
[2025-06-05T02:31:04.950+0000] {processor.py:208} INFO - Processing /opt/airflow/dags/Sesion2/Ejemplo2.py took 0.098 seconds
[2025-06-05T02:31:35.929+0000] {processor.py:186} INFO - Started process (PID=6258) to work on /opt/airflow/dags/Sesion2/Ejemplo2.py
[2025-06-05T02:31:35.930+0000] {processor.py:914} INFO - Processing file /opt/airflow/dags/Sesion2/Ejemplo2.py for tasks to queue
[2025-06-05T02:31:35.931+0000] {logging_mixin.py:190} INFO - [2025-06-05T02:31:35.931+0000] {dagbag.py:588} INFO - Filling up the DagBag from /opt/airflow/dags/Sesion2/Ejemplo2.py
[2025-06-05T02:31:35.938+0000] {processor.py:925} INFO - DAG(s) 'dag_con_feriados' retrieved from /opt/airflow/dags/Sesion2/Ejemplo2.py
[2025-06-05T02:31:35.953+0000] {logging_mixin.py:190} INFO - [2025-06-05T02:31:35.953+0000] {dag.py:3239} INFO - Sync 1 DAGs
[2025-06-05T02:31:35.985+0000] {logging_mixin.py:190} INFO - [2025-06-05T02:31:35.984+0000] {dag.py:4180} INFO - Setting next_dagrun for dag_con_feriados to 2025-05-28 00:00:00+00:00, run_after=2025-05-29 00:00:00+00:00
[2025-06-05T02:31:36.006+0000] {processor.py:208} INFO - Processing /opt/airflow/dags/Sesion2/Ejemplo2.py took 0.082 seconds
[2025-06-05T02:32:07.221+0000] {processor.py:186} INFO - Started process (PID=6373) to work on /opt/airflow/dags/Sesion2/Ejemplo2.py
[2025-06-05T02:32:07.222+0000] {processor.py:914} INFO - Processing file /opt/airflow/dags/Sesion2/Ejemplo2.py for tasks to queue
[2025-06-05T02:32:07.224+0000] {logging_mixin.py:190} INFO - [2025-06-05T02:32:07.224+0000] {dagbag.py:588} INFO - Filling up the DagBag from /opt/airflow/dags/Sesion2/Ejemplo2.py
[2025-06-05T02:32:07.235+0000] {processor.py:925} INFO - DAG(s) 'dag_con_feriados' retrieved from /opt/airflow/dags/Sesion2/Ejemplo2.py
[2025-06-05T02:32:07.255+0000] {logging_mixin.py:190} INFO - [2025-06-05T02:32:07.255+0000] {dag.py:3239} INFO - Sync 1 DAGs
[2025-06-05T02:32:07.290+0000] {logging_mixin.py:190} INFO - [2025-06-05T02:32:07.290+0000] {dag.py:4180} INFO - Setting next_dagrun for dag_con_feriados to 2025-05-28 00:00:00+00:00, run_after=2025-05-29 00:00:00+00:00
[2025-06-05T02:32:07.480+0000] {processor.py:208} INFO - Processing /opt/airflow/dags/Sesion2/Ejemplo2.py took 0.266 seconds
[2025-06-05T02:32:38.255+0000] {processor.py:186} INFO - Started process (PID=6486) to work on /opt/airflow/dags/Sesion2/Ejemplo2.py
[2025-06-05T02:32:38.256+0000] {processor.py:914} INFO - Processing file /opt/airflow/dags/Sesion2/Ejemplo2.py for tasks to queue
[2025-06-05T02:32:38.259+0000] {logging_mixin.py:190} INFO - [2025-06-05T02:32:38.258+0000] {dagbag.py:588} INFO - Filling up the DagBag from /opt/airflow/dags/Sesion2/Ejemplo2.py
[2025-06-05T02:32:38.269+0000] {processor.py:925} INFO - DAG(s) 'dag_con_feriados' retrieved from /opt/airflow/dags/Sesion2/Ejemplo2.py
[2025-06-05T02:32:38.292+0000] {logging_mixin.py:190} INFO - [2025-06-05T02:32:38.292+0000] {dag.py:3239} INFO - Sync 1 DAGs
[2025-06-05T02:32:38.579+0000] {logging_mixin.py:190} INFO - [2025-06-05T02:32:38.578+0000] {dag.py:4180} INFO - Setting next_dagrun for dag_con_feriados to 2025-05-28 00:00:00+00:00, run_after=2025-05-29 00:00:00+00:00
[2025-06-05T02:32:38.611+0000] {processor.py:208} INFO - Processing /opt/airflow/dags/Sesion2/Ejemplo2.py took 0.363 seconds
[2025-06-05T02:33:09.045+0000] {processor.py:186} INFO - Started process (PID=6603) to work on /opt/airflow/dags/Sesion2/Ejemplo2.py
[2025-06-05T02:33:09.046+0000] {processor.py:914} INFO - Processing file /opt/airflow/dags/Sesion2/Ejemplo2.py for tasks to queue
[2025-06-05T02:33:09.047+0000] {logging_mixin.py:190} INFO - [2025-06-05T02:33:09.047+0000] {dagbag.py:588} INFO - Filling up the DagBag from /opt/airflow/dags/Sesion2/Ejemplo2.py
[2025-06-05T02:33:09.186+0000] {processor.py:925} INFO - DAG(s) 'dag_con_feriados' retrieved from /opt/airflow/dags/Sesion2/Ejemplo2.py
[2025-06-05T02:33:09.203+0000] {logging_mixin.py:190} INFO - [2025-06-05T02:33:09.203+0000] {dag.py:3239} INFO - Sync 1 DAGs
[2025-06-05T02:33:09.224+0000] {logging_mixin.py:190} INFO - [2025-06-05T02:33:09.224+0000] {dag.py:4180} INFO - Setting next_dagrun for dag_con_feriados to 2025-05-28 00:00:00+00:00, run_after=2025-05-29 00:00:00+00:00
[2025-06-05T02:33:09.237+0000] {processor.py:208} INFO - Processing /opt/airflow/dags/Sesion2/Ejemplo2.py took 0.197 seconds
[2025-06-05T02:33:40.012+0000] {processor.py:186} INFO - Started process (PID=6718) to work on /opt/airflow/dags/Sesion2/Ejemplo2.py
[2025-06-05T02:33:40.013+0000] {processor.py:914} INFO - Processing file /opt/airflow/dags/Sesion2/Ejemplo2.py for tasks to queue
[2025-06-05T02:33:40.015+0000] {logging_mixin.py:190} INFO - [2025-06-05T02:33:40.014+0000] {dagbag.py:588} INFO - Filling up the DagBag from /opt/airflow/dags/Sesion2/Ejemplo2.py
[2025-06-05T02:33:40.022+0000] {processor.py:925} INFO - DAG(s) 'dag_con_feriados' retrieved from /opt/airflow/dags/Sesion2/Ejemplo2.py
[2025-06-05T02:33:40.038+0000] {logging_mixin.py:190} INFO - [2025-06-05T02:33:40.038+0000] {dag.py:3239} INFO - Sync 1 DAGs
[2025-06-05T02:33:40.060+0000] {logging_mixin.py:190} INFO - [2025-06-05T02:33:40.059+0000] {dag.py:4180} INFO - Setting next_dagrun for dag_con_feriados to 2025-05-28 00:00:00+00:00, run_after=2025-05-29 00:00:00+00:00
[2025-06-05T02:33:40.074+0000] {processor.py:208} INFO - Processing /opt/airflow/dags/Sesion2/Ejemplo2.py took 0.067 seconds
[2025-06-05T02:34:10.891+0000] {processor.py:186} INFO - Started process (PID=6833) to work on /opt/airflow/dags/Sesion2/Ejemplo2.py
[2025-06-05T02:34:10.892+0000] {processor.py:914} INFO - Processing file /opt/airflow/dags/Sesion2/Ejemplo2.py for tasks to queue
[2025-06-05T02:34:10.894+0000] {logging_mixin.py:190} INFO - [2025-06-05T02:34:10.894+0000] {dagbag.py:588} INFO - Filling up the DagBag from /opt/airflow/dags/Sesion2/Ejemplo2.py
[2025-06-05T02:34:10.904+0000] {processor.py:925} INFO - DAG(s) 'dag_con_feriados' retrieved from /opt/airflow/dags/Sesion2/Ejemplo2.py
[2025-06-05T02:34:10.926+0000] {logging_mixin.py:190} INFO - [2025-06-05T02:34:10.925+0000] {dag.py:3239} INFO - Sync 1 DAGs
[2025-06-05T02:34:10.961+0000] {logging_mixin.py:190} INFO - [2025-06-05T02:34:10.961+0000] {dag.py:4180} INFO - Setting next_dagrun for dag_con_feriados to 2025-05-28 00:00:00+00:00, run_after=2025-05-29 00:00:00+00:00
[2025-06-05T02:34:10.981+0000] {processor.py:208} INFO - Processing /opt/airflow/dags/Sesion2/Ejemplo2.py took 0.097 seconds
[2025-06-05T05:21:12.705+0000] {processor.py:186} INFO - Started process (PID=281) to work on /opt/airflow/dags/Sesion2/Ejemplo2.py
[2025-06-05T05:21:12.708+0000] {processor.py:914} INFO - Processing file /opt/airflow/dags/Sesion2/Ejemplo2.py for tasks to queue
[2025-06-05T05:21:12.715+0000] {logging_mixin.py:190} INFO - [2025-06-05T05:21:12.714+0000] {dagbag.py:588} INFO - Filling up the DagBag from /opt/airflow/dags/Sesion2/Ejemplo2.py
[2025-06-05T05:21:12.738+0000] {processor.py:925} INFO - DAG(s) 'dag_con_feriados' retrieved from /opt/airflow/dags/Sesion2/Ejemplo2.py
[2025-06-05T05:21:12.781+0000] {logging_mixin.py:190} INFO - [2025-06-05T05:21:12.780+0000] {dag.py:3239} INFO - Sync 1 DAGs
[2025-06-05T05:21:12.838+0000] {logging_mixin.py:190} INFO - [2025-06-05T05:21:12.837+0000] {dag.py:4180} INFO - Setting next_dagrun for dag_con_feriados to 2025-05-28 00:00:00+00:00, run_after=2025-05-29 00:00:00+00:00
[2025-06-05T05:21:12.876+0000] {processor.py:208} INFO - Processing /opt/airflow/dags/Sesion2/Ejemplo2.py took 0.196 seconds
[2025-06-05T05:21:43.714+0000] {processor.py:186} INFO - Started process (PID=396) to work on /opt/airflow/dags/Sesion2/Ejemplo2.py
[2025-06-05T05:21:43.716+0000] {processor.py:914} INFO - Processing file /opt/airflow/dags/Sesion2/Ejemplo2.py for tasks to queue
[2025-06-05T05:21:43.721+0000] {logging_mixin.py:190} INFO - [2025-06-05T05:21:43.720+0000] {dagbag.py:588} INFO - Filling up the DagBag from /opt/airflow/dags/Sesion2/Ejemplo2.py
[2025-06-05T05:21:43.734+0000] {processor.py:925} INFO - DAG(s) 'dag_con_feriados' retrieved from /opt/airflow/dags/Sesion2/Ejemplo2.py
[2025-06-05T05:21:43.763+0000] {logging_mixin.py:190} INFO - [2025-06-05T05:21:43.763+0000] {dag.py:3239} INFO - Sync 1 DAGs
[2025-06-05T05:21:43.804+0000] {logging_mixin.py:190} INFO - [2025-06-05T05:21:43.803+0000] {dag.py:4180} INFO - Setting next_dagrun for dag_con_feriados to 2025-05-28 00:00:00+00:00, run_after=2025-05-29 00:00:00+00:00
[2025-06-05T05:21:43.825+0000] {processor.py:208} INFO - Processing /opt/airflow/dags/Sesion2/Ejemplo2.py took 0.120 seconds
[2025-06-05T05:22:14.780+0000] {processor.py:186} INFO - Started process (PID=510) to work on /opt/airflow/dags/Sesion2/Ejemplo2.py
[2025-06-05T05:22:14.781+0000] {processor.py:914} INFO - Processing file /opt/airflow/dags/Sesion2/Ejemplo2.py for tasks to queue
[2025-06-05T05:22:14.783+0000] {logging_mixin.py:190} INFO - [2025-06-05T05:22:14.783+0000] {dagbag.py:588} INFO - Filling up the DagBag from /opt/airflow/dags/Sesion2/Ejemplo2.py
[2025-06-05T05:22:14.793+0000] {processor.py:925} INFO - DAG(s) 'dag_con_feriados' retrieved from /opt/airflow/dags/Sesion2/Ejemplo2.py
[2025-06-05T05:22:14.815+0000] {logging_mixin.py:190} INFO - [2025-06-05T05:22:14.814+0000] {dag.py:3239} INFO - Sync 1 DAGs
[2025-06-05T05:22:14.854+0000] {logging_mixin.py:190} INFO - [2025-06-05T05:22:14.854+0000] {dag.py:4180} INFO - Setting next_dagrun for dag_con_feriados to 2025-05-28 00:00:00+00:00, run_after=2025-05-29 00:00:00+00:00
[2025-06-05T05:22:14.892+0000] {processor.py:208} INFO - Processing /opt/airflow/dags/Sesion2/Ejemplo2.py took 0.119 seconds
[2025-06-05T05:22:45.236+0000] {processor.py:186} INFO - Started process (PID=622) to work on /opt/airflow/dags/Sesion2/Ejemplo2.py
[2025-06-05T05:22:45.237+0000] {processor.py:914} INFO - Processing file /opt/airflow/dags/Sesion2/Ejemplo2.py for tasks to queue
[2025-06-05T05:22:45.240+0000] {logging_mixin.py:190} INFO - [2025-06-05T05:22:45.239+0000] {dagbag.py:588} INFO - Filling up the DagBag from /opt/airflow/dags/Sesion2/Ejemplo2.py
[2025-06-05T05:22:45.250+0000] {processor.py:925} INFO - DAG(s) 'dag_con_feriados' retrieved from /opt/airflow/dags/Sesion2/Ejemplo2.py
[2025-06-05T05:22:45.273+0000] {logging_mixin.py:190} INFO - [2025-06-05T05:22:45.273+0000] {dag.py:3239} INFO - Sync 1 DAGs
[2025-06-05T05:22:45.307+0000] {logging_mixin.py:190} INFO - [2025-06-05T05:22:45.307+0000] {dag.py:4180} INFO - Setting next_dagrun for dag_con_feriados to 2025-05-28 00:00:00+00:00, run_after=2025-05-29 00:00:00+00:00
[2025-06-05T05:22:45.327+0000] {processor.py:208} INFO - Processing /opt/airflow/dags/Sesion2/Ejemplo2.py took 0.098 seconds
[2025-06-05T05:23:15.440+0000] {processor.py:186} INFO - Started process (PID=735) to work on /opt/airflow/dags/Sesion2/Ejemplo2.py
[2025-06-05T05:23:15.443+0000] {processor.py:914} INFO - Processing file /opt/airflow/dags/Sesion2/Ejemplo2.py for tasks to queue
[2025-06-05T05:23:15.446+0000] {logging_mixin.py:190} INFO - [2025-06-05T05:23:15.445+0000] {dagbag.py:588} INFO - Filling up the DagBag from /opt/airflow/dags/Sesion2/Ejemplo2.py
[2025-06-05T05:23:15.456+0000] {processor.py:925} INFO - DAG(s) 'dag_con_feriados' retrieved from /opt/airflow/dags/Sesion2/Ejemplo2.py
[2025-06-05T05:23:15.484+0000] {logging_mixin.py:190} INFO - [2025-06-05T05:23:15.484+0000] {dag.py:3239} INFO - Sync 1 DAGs
[2025-06-05T05:23:15.517+0000] {logging_mixin.py:190} INFO - [2025-06-05T05:23:15.517+0000] {dag.py:4180} INFO - Setting next_dagrun for dag_con_feriados to 2025-05-28 00:00:00+00:00, run_after=2025-05-29 00:00:00+00:00
[2025-06-05T05:23:15.538+0000] {processor.py:208} INFO - Processing /opt/airflow/dags/Sesion2/Ejemplo2.py took 0.125 seconds
[2025-06-05T05:23:45.628+0000] {processor.py:186} INFO - Started process (PID=845) to work on /opt/airflow/dags/Sesion2/Ejemplo2.py
[2025-06-05T05:23:45.630+0000] {processor.py:914} INFO - Processing file /opt/airflow/dags/Sesion2/Ejemplo2.py for tasks to queue
[2025-06-05T05:23:45.632+0000] {logging_mixin.py:190} INFO - [2025-06-05T05:23:45.632+0000] {dagbag.py:588} INFO - Filling up the DagBag from /opt/airflow/dags/Sesion2/Ejemplo2.py
[2025-06-05T05:23:45.639+0000] {processor.py:925} INFO - DAG(s) 'dag_con_feriados' retrieved from /opt/airflow/dags/Sesion2/Ejemplo2.py
[2025-06-05T05:23:45.653+0000] {logging_mixin.py:190} INFO - [2025-06-05T05:23:45.653+0000] {dag.py:3239} INFO - Sync 1 DAGs
[2025-06-05T05:23:45.679+0000] {logging_mixin.py:190} INFO - [2025-06-05T05:23:45.679+0000] {dag.py:4180} INFO - Setting next_dagrun for dag_con_feriados to 2025-05-28 00:00:00+00:00, run_after=2025-05-29 00:00:00+00:00
[2025-06-05T05:23:45.693+0000] {processor.py:208} INFO - Processing /opt/airflow/dags/Sesion2/Ejemplo2.py took 0.073 seconds
[2025-06-05T05:24:16.884+0000] {processor.py:186} INFO - Started process (PID=959) to work on /opt/airflow/dags/Sesion2/Ejemplo2.py
[2025-06-05T05:24:16.885+0000] {processor.py:914} INFO - Processing file /opt/airflow/dags/Sesion2/Ejemplo2.py for tasks to queue
[2025-06-05T05:24:16.887+0000] {logging_mixin.py:190} INFO - [2025-06-05T05:24:16.887+0000] {dagbag.py:588} INFO - Filling up the DagBag from /opt/airflow/dags/Sesion2/Ejemplo2.py
[2025-06-05T05:24:16.898+0000] {processor.py:925} INFO - DAG(s) 'dag_con_feriados' retrieved from /opt/airflow/dags/Sesion2/Ejemplo2.py
[2025-06-05T05:24:16.920+0000] {logging_mixin.py:190} INFO - [2025-06-05T05:24:16.920+0000] {dag.py:3239} INFO - Sync 1 DAGs
[2025-06-05T05:24:16.951+0000] {logging_mixin.py:190} INFO - [2025-06-05T05:24:16.950+0000] {dag.py:4180} INFO - Setting next_dagrun for dag_con_feriados to 2025-05-28 00:00:00+00:00, run_after=2025-05-29 00:00:00+00:00
[2025-06-05T05:24:16.968+0000] {processor.py:208} INFO - Processing /opt/airflow/dags/Sesion2/Ejemplo2.py took 0.091 seconds
[2025-06-05T05:24:47.526+0000] {processor.py:186} INFO - Started process (PID=1074) to work on /opt/airflow/dags/Sesion2/Ejemplo2.py
[2025-06-05T05:24:47.527+0000] {processor.py:914} INFO - Processing file /opt/airflow/dags/Sesion2/Ejemplo2.py for tasks to queue
[2025-06-05T05:24:47.529+0000] {logging_mixin.py:190} INFO - [2025-06-05T05:24:47.529+0000] {dagbag.py:588} INFO - Filling up the DagBag from /opt/airflow/dags/Sesion2/Ejemplo2.py
[2025-06-05T05:24:47.540+0000] {processor.py:925} INFO - DAG(s) 'dag_con_feriados' retrieved from /opt/airflow/dags/Sesion2/Ejemplo2.py
[2025-06-05T05:24:47.566+0000] {logging_mixin.py:190} INFO - [2025-06-05T05:24:47.566+0000] {dag.py:3239} INFO - Sync 1 DAGs
[2025-06-05T05:24:47.601+0000] {logging_mixin.py:190} INFO - [2025-06-05T05:24:47.600+0000] {dag.py:4180} INFO - Setting next_dagrun for dag_con_feriados to 2025-05-28 00:00:00+00:00, run_after=2025-05-29 00:00:00+00:00
[2025-06-05T05:24:47.622+0000] {processor.py:208} INFO - Processing /opt/airflow/dags/Sesion2/Ejemplo2.py took 0.103 seconds
[2025-06-05T05:25:19.018+0000] {processor.py:186} INFO - Started process (PID=1189) to work on /opt/airflow/dags/Sesion2/Ejemplo2.py
[2025-06-05T05:25:19.018+0000] {processor.py:914} INFO - Processing file /opt/airflow/dags/Sesion2/Ejemplo2.py for tasks to queue
[2025-06-05T05:25:19.021+0000] {logging_mixin.py:190} INFO - [2025-06-05T05:25:19.021+0000] {dagbag.py:588} INFO - Filling up the DagBag from /opt/airflow/dags/Sesion2/Ejemplo2.py
[2025-06-05T05:25:19.032+0000] {processor.py:925} INFO - DAG(s) 'dag_con_feriados' retrieved from /opt/airflow/dags/Sesion2/Ejemplo2.py
[2025-06-05T05:25:19.057+0000] {logging_mixin.py:190} INFO - [2025-06-05T05:25:19.057+0000] {dag.py:3239} INFO - Sync 1 DAGs
[2025-06-05T05:25:19.097+0000] {logging_mixin.py:190} INFO - [2025-06-05T05:25:19.097+0000] {dag.py:4180} INFO - Setting next_dagrun for dag_con_feriados to 2025-05-28 00:00:00+00:00, run_after=2025-05-29 00:00:00+00:00
[2025-06-05T05:25:19.119+0000] {processor.py:208} INFO - Processing /opt/airflow/dags/Sesion2/Ejemplo2.py took 0.109 seconds
[2025-06-05T05:25:50.297+0000] {processor.py:186} INFO - Started process (PID=1304) to work on /opt/airflow/dags/Sesion2/Ejemplo2.py
[2025-06-05T05:25:50.299+0000] {processor.py:914} INFO - Processing file /opt/airflow/dags/Sesion2/Ejemplo2.py for tasks to queue
[2025-06-05T05:25:50.302+0000] {logging_mixin.py:190} INFO - [2025-06-05T05:25:50.302+0000] {dagbag.py:588} INFO - Filling up the DagBag from /opt/airflow/dags/Sesion2/Ejemplo2.py
[2025-06-05T05:25:50.312+0000] {processor.py:925} INFO - DAG(s) 'dag_con_feriados' retrieved from /opt/airflow/dags/Sesion2/Ejemplo2.py
[2025-06-05T05:25:50.347+0000] {logging_mixin.py:190} INFO - [2025-06-05T05:25:50.347+0000] {dag.py:3239} INFO - Sync 1 DAGs
[2025-06-05T05:25:50.380+0000] {logging_mixin.py:190} INFO - [2025-06-05T05:25:50.380+0000] {dag.py:4180} INFO - Setting next_dagrun for dag_con_feriados to 2025-05-28 00:00:00+00:00, run_after=2025-05-29 00:00:00+00:00
[2025-06-05T05:25:50.400+0000] {processor.py:208} INFO - Processing /opt/airflow/dags/Sesion2/Ejemplo2.py took 0.111 seconds
[2025-06-05T05:26:21.526+0000] {processor.py:186} INFO - Started process (PID=1419) to work on /opt/airflow/dags/Sesion2/Ejemplo2.py
[2025-06-05T05:26:21.527+0000] {processor.py:914} INFO - Processing file /opt/airflow/dags/Sesion2/Ejemplo2.py for tasks to queue
[2025-06-05T05:26:21.530+0000] {logging_mixin.py:190} INFO - [2025-06-05T05:26:21.529+0000] {dagbag.py:588} INFO - Filling up the DagBag from /opt/airflow/dags/Sesion2/Ejemplo2.py
[2025-06-05T05:26:21.542+0000] {processor.py:925} INFO - DAG(s) 'dag_con_feriados' retrieved from /opt/airflow/dags/Sesion2/Ejemplo2.py
[2025-06-05T05:26:21.602+0000] {logging_mixin.py:190} INFO - [2025-06-05T05:26:21.601+0000] {dag.py:3239} INFO - Sync 1 DAGs
[2025-06-05T05:26:21.664+0000] {logging_mixin.py:190} INFO - [2025-06-05T05:26:21.664+0000] {dag.py:4180} INFO - Setting next_dagrun for dag_con_feriados to 2025-05-28 00:00:00+00:00, run_after=2025-05-29 00:00:00+00:00
[2025-06-05T05:26:21.683+0000] {processor.py:208} INFO - Processing /opt/airflow/dags/Sesion2/Ejemplo2.py took 0.164 seconds
[2025-06-05T05:26:52.659+0000] {processor.py:186} INFO - Started process (PID=1536) to work on /opt/airflow/dags/Sesion2/Ejemplo2.py
[2025-06-05T05:26:52.660+0000] {processor.py:914} INFO - Processing file /opt/airflow/dags/Sesion2/Ejemplo2.py for tasks to queue
[2025-06-05T05:26:52.663+0000] {logging_mixin.py:190} INFO - [2025-06-05T05:26:52.662+0000] {dagbag.py:588} INFO - Filling up the DagBag from /opt/airflow/dags/Sesion2/Ejemplo2.py
[2025-06-05T05:26:52.672+0000] {processor.py:925} INFO - DAG(s) 'dag_con_feriados' retrieved from /opt/airflow/dags/Sesion2/Ejemplo2.py
[2025-06-05T05:26:52.695+0000] {logging_mixin.py:190} INFO - [2025-06-05T05:26:52.695+0000] {dag.py:3239} INFO - Sync 1 DAGs
[2025-06-05T05:26:52.728+0000] {logging_mixin.py:190} INFO - [2025-06-05T05:26:52.728+0000] {dag.py:4180} INFO - Setting next_dagrun for dag_con_feriados to 2025-05-28 00:00:00+00:00, run_after=2025-05-29 00:00:00+00:00
[2025-06-05T05:26:52.747+0000] {processor.py:208} INFO - Processing /opt/airflow/dags/Sesion2/Ejemplo2.py took 0.095 seconds
[2025-06-05T05:27:24.076+0000] {processor.py:186} INFO - Started process (PID=1649) to work on /opt/airflow/dags/Sesion2/Ejemplo2.py
[2025-06-05T05:27:24.077+0000] {processor.py:914} INFO - Processing file /opt/airflow/dags/Sesion2/Ejemplo2.py for tasks to queue
[2025-06-05T05:27:24.080+0000] {logging_mixin.py:190} INFO - [2025-06-05T05:27:24.079+0000] {dagbag.py:588} INFO - Filling up the DagBag from /opt/airflow/dags/Sesion2/Ejemplo2.py
[2025-06-05T05:27:24.091+0000] {processor.py:925} INFO - DAG(s) 'dag_con_feriados' retrieved from /opt/airflow/dags/Sesion2/Ejemplo2.py
[2025-06-05T05:27:24.134+0000] {logging_mixin.py:190} INFO - [2025-06-05T05:27:24.133+0000] {dag.py:3239} INFO - Sync 1 DAGs
[2025-06-05T05:27:24.172+0000] {logging_mixin.py:190} INFO - [2025-06-05T05:27:24.171+0000] {dag.py:4180} INFO - Setting next_dagrun for dag_con_feriados to 2025-05-28 00:00:00+00:00, run_after=2025-05-29 00:00:00+00:00
[2025-06-05T05:27:24.191+0000] {processor.py:208} INFO - Processing /opt/airflow/dags/Sesion2/Ejemplo2.py took 0.123 seconds
[2025-06-05T05:27:55.915+0000] {processor.py:186} INFO - Started process (PID=1764) to work on /opt/airflow/dags/Sesion2/Ejemplo2.py
[2025-06-05T05:27:55.916+0000] {processor.py:914} INFO - Processing file /opt/airflow/dags/Sesion2/Ejemplo2.py for tasks to queue
[2025-06-05T05:27:55.920+0000] {logging_mixin.py:190} INFO - [2025-06-05T05:27:55.919+0000] {dagbag.py:588} INFO - Filling up the DagBag from /opt/airflow/dags/Sesion2/Ejemplo2.py
[2025-06-05T05:27:55.931+0000] {processor.py:925} INFO - DAG(s) 'dag_con_feriados' retrieved from /opt/airflow/dags/Sesion2/Ejemplo2.py
[2025-06-05T05:27:55.955+0000] {logging_mixin.py:190} INFO - [2025-06-05T05:27:55.954+0000] {dag.py:3239} INFO - Sync 1 DAGs
[2025-06-05T05:27:55.993+0000] {logging_mixin.py:190} INFO - [2025-06-05T05:27:55.993+0000] {dag.py:4180} INFO - Setting next_dagrun for dag_con_feriados to 2025-05-28 00:00:00+00:00, run_after=2025-05-29 00:00:00+00:00
[2025-06-05T05:27:56.014+0000] {processor.py:208} INFO - Processing /opt/airflow/dags/Sesion2/Ejemplo2.py took 0.106 seconds
[2025-06-05T05:28:27.772+0000] {processor.py:186} INFO - Started process (PID=1879) to work on /opt/airflow/dags/Sesion2/Ejemplo2.py
[2025-06-05T05:28:27.775+0000] {processor.py:914} INFO - Processing file /opt/airflow/dags/Sesion2/Ejemplo2.py for tasks to queue
[2025-06-05T05:28:27.778+0000] {logging_mixin.py:190} INFO - [2025-06-05T05:28:27.778+0000] {dagbag.py:588} INFO - Filling up the DagBag from /opt/airflow/dags/Sesion2/Ejemplo2.py
[2025-06-05T05:28:27.788+0000] {processor.py:925} INFO - DAG(s) 'dag_con_feriados' retrieved from /opt/airflow/dags/Sesion2/Ejemplo2.py
[2025-06-05T05:28:27.810+0000] {logging_mixin.py:190} INFO - [2025-06-05T05:28:27.810+0000] {dag.py:3239} INFO - Sync 1 DAGs
[2025-06-05T05:28:27.843+0000] {logging_mixin.py:190} INFO - [2025-06-05T05:28:27.842+0000] {dag.py:4180} INFO - Setting next_dagrun for dag_con_feriados to 2025-05-28 00:00:00+00:00, run_after=2025-05-29 00:00:00+00:00
[2025-06-05T05:28:27.862+0000] {processor.py:208} INFO - Processing /opt/airflow/dags/Sesion2/Ejemplo2.py took 0.106 seconds
[2025-06-05T05:28:58.458+0000] {processor.py:186} INFO - Started process (PID=1994) to work on /opt/airflow/dags/Sesion2/Ejemplo2.py
[2025-06-05T05:28:58.459+0000] {processor.py:914} INFO - Processing file /opt/airflow/dags/Sesion2/Ejemplo2.py for tasks to queue
[2025-06-05T05:28:58.462+0000] {logging_mixin.py:190} INFO - [2025-06-05T05:28:58.462+0000] {dagbag.py:588} INFO - Filling up the DagBag from /opt/airflow/dags/Sesion2/Ejemplo2.py
[2025-06-05T05:28:58.473+0000] {processor.py:925} INFO - DAG(s) 'dag_con_feriados' retrieved from /opt/airflow/dags/Sesion2/Ejemplo2.py
[2025-06-05T05:28:58.493+0000] {logging_mixin.py:190} INFO - [2025-06-05T05:28:58.493+0000] {dag.py:3239} INFO - Sync 1 DAGs
[2025-06-05T05:28:58.527+0000] {logging_mixin.py:190} INFO - [2025-06-05T05:28:58.527+0000] {dag.py:4180} INFO - Setting next_dagrun for dag_con_feriados to 2025-05-28 00:00:00+00:00, run_after=2025-05-29 00:00:00+00:00
[2025-06-05T05:28:58.549+0000] {processor.py:208} INFO - Processing /opt/airflow/dags/Sesion2/Ejemplo2.py took 0.110 seconds
[2025-06-05T05:29:30.333+0000] {processor.py:186} INFO - Started process (PID=2115) to work on /opt/airflow/dags/Sesion2/Ejemplo2.py
[2025-06-05T05:29:30.334+0000] {processor.py:914} INFO - Processing file /opt/airflow/dags/Sesion2/Ejemplo2.py for tasks to queue
[2025-06-05T05:29:30.337+0000] {logging_mixin.py:190} INFO - [2025-06-05T05:29:30.336+0000] {dagbag.py:588} INFO - Filling up the DagBag from /opt/airflow/dags/Sesion2/Ejemplo2.py
[2025-06-05T05:29:30.346+0000] {processor.py:925} INFO - DAG(s) 'dag_con_feriados' retrieved from /opt/airflow/dags/Sesion2/Ejemplo2.py
[2025-06-05T05:29:30.369+0000] {logging_mixin.py:190} INFO - [2025-06-05T05:29:30.369+0000] {dag.py:3239} INFO - Sync 1 DAGs
[2025-06-05T05:29:30.402+0000] {logging_mixin.py:190} INFO - [2025-06-05T05:29:30.402+0000] {dag.py:4180} INFO - Setting next_dagrun for dag_con_feriados to 2025-05-28 00:00:00+00:00, run_after=2025-05-29 00:00:00+00:00
[2025-06-05T05:29:30.421+0000] {processor.py:208} INFO - Processing /opt/airflow/dags/Sesion2/Ejemplo2.py took 0.094 seconds
[2025-06-05T05:30:01.867+0000] {processor.py:186} INFO - Started process (PID=2235) to work on /opt/airflow/dags/Sesion2/Ejemplo2.py
[2025-06-05T05:30:01.868+0000] {processor.py:914} INFO - Processing file /opt/airflow/dags/Sesion2/Ejemplo2.py for tasks to queue
[2025-06-05T05:30:01.870+0000] {logging_mixin.py:190} INFO - [2025-06-05T05:30:01.870+0000] {dagbag.py:588} INFO - Filling up the DagBag from /opt/airflow/dags/Sesion2/Ejemplo2.py
[2025-06-05T05:30:01.880+0000] {processor.py:925} INFO - DAG(s) 'dag_con_feriados' retrieved from /opt/airflow/dags/Sesion2/Ejemplo2.py
[2025-06-05T05:30:01.902+0000] {logging_mixin.py:190} INFO - [2025-06-05T05:30:01.902+0000] {dag.py:3239} INFO - Sync 1 DAGs
[2025-06-05T05:30:01.937+0000] {logging_mixin.py:190} INFO - [2025-06-05T05:30:01.937+0000] {dag.py:4180} INFO - Setting next_dagrun for dag_con_feriados to 2025-05-28 00:00:00+00:00, run_after=2025-05-29 00:00:00+00:00
[2025-06-05T05:30:01.957+0000] {processor.py:208} INFO - Processing /opt/airflow/dags/Sesion2/Ejemplo2.py took 0.097 seconds
[2025-06-05T05:30:33.736+0000] {processor.py:186} INFO - Started process (PID=2351) to work on /opt/airflow/dags/Sesion2/Ejemplo2.py
[2025-06-05T05:30:33.737+0000] {processor.py:914} INFO - Processing file /opt/airflow/dags/Sesion2/Ejemplo2.py for tasks to queue
[2025-06-05T05:30:33.740+0000] {logging_mixin.py:190} INFO - [2025-06-05T05:30:33.739+0000] {dagbag.py:588} INFO - Filling up the DagBag from /opt/airflow/dags/Sesion2/Ejemplo2.py
[2025-06-05T05:30:33.751+0000] {processor.py:925} INFO - DAG(s) 'dag_con_feriados' retrieved from /opt/airflow/dags/Sesion2/Ejemplo2.py
[2025-06-05T05:30:33.779+0000] {logging_mixin.py:190} INFO - [2025-06-05T05:30:33.778+0000] {dag.py:3239} INFO - Sync 1 DAGs
[2025-06-05T05:30:33.835+0000] {logging_mixin.py:190} INFO - [2025-06-05T05:30:33.835+0000] {dag.py:4180} INFO - Setting next_dagrun for dag_con_feriados to 2025-05-28 00:00:00+00:00, run_after=2025-05-29 00:00:00+00:00
[2025-06-05T05:30:33.880+0000] {processor.py:208} INFO - Processing /opt/airflow/dags/Sesion2/Ejemplo2.py took 0.152 seconds
[2025-06-05T05:31:04.026+0000] {processor.py:186} INFO - Started process (PID=2460) to work on /opt/airflow/dags/Sesion2/Ejemplo2.py
[2025-06-05T05:31:04.027+0000] {processor.py:914} INFO - Processing file /opt/airflow/dags/Sesion2/Ejemplo2.py for tasks to queue
[2025-06-05T05:31:04.030+0000] {logging_mixin.py:190} INFO - [2025-06-05T05:31:04.029+0000] {dagbag.py:588} INFO - Filling up the DagBag from /opt/airflow/dags/Sesion2/Ejemplo2.py
[2025-06-05T05:31:04.042+0000] {processor.py:925} INFO - DAG(s) 'dag_con_feriados' retrieved from /opt/airflow/dags/Sesion2/Ejemplo2.py
[2025-06-05T05:31:04.067+0000] {logging_mixin.py:190} INFO - [2025-06-05T05:31:04.067+0000] {dag.py:3239} INFO - Sync 1 DAGs
[2025-06-05T05:31:04.110+0000] {logging_mixin.py:190} INFO - [2025-06-05T05:31:04.110+0000] {dag.py:4180} INFO - Setting next_dagrun for dag_con_feriados to 2025-05-28 00:00:00+00:00, run_after=2025-05-29 00:00:00+00:00
[2025-06-05T05:31:04.135+0000] {processor.py:208} INFO - Processing /opt/airflow/dags/Sesion2/Ejemplo2.py took 0.117 seconds
[2025-06-05T05:31:35.158+0000] {processor.py:186} INFO - Started process (PID=2575) to work on /opt/airflow/dags/Sesion2/Ejemplo2.py
[2025-06-05T05:31:35.159+0000] {processor.py:914} INFO - Processing file /opt/airflow/dags/Sesion2/Ejemplo2.py for tasks to queue
[2025-06-05T05:31:35.162+0000] {logging_mixin.py:190} INFO - [2025-06-05T05:31:35.161+0000] {dagbag.py:588} INFO - Filling up the DagBag from /opt/airflow/dags/Sesion2/Ejemplo2.py
[2025-06-05T05:31:35.172+0000] {processor.py:925} INFO - DAG(s) 'dag_con_feriados' retrieved from /opt/airflow/dags/Sesion2/Ejemplo2.py
[2025-06-05T05:31:35.197+0000] {logging_mixin.py:190} INFO - [2025-06-05T05:31:35.197+0000] {dag.py:3239} INFO - Sync 1 DAGs
[2025-06-05T05:31:35.233+0000] {logging_mixin.py:190} INFO - [2025-06-05T05:31:35.233+0000] {dag.py:4180} INFO - Setting next_dagrun for dag_con_feriados to 2025-05-28 00:00:00+00:00, run_after=2025-05-29 00:00:00+00:00
[2025-06-05T05:31:35.255+0000] {processor.py:208} INFO - Processing /opt/airflow/dags/Sesion2/Ejemplo2.py took 0.103 seconds
[2025-06-05T05:38:52.631+0000] {processor.py:186} INFO - Started process (PID=259) to work on /opt/airflow/dags/Sesion2/Ejemplo2.py
[2025-06-05T05:38:52.643+0000] {processor.py:914} INFO - Processing file /opt/airflow/dags/Sesion2/Ejemplo2.py for tasks to queue
[2025-06-05T05:38:52.650+0000] {logging_mixin.py:190} INFO - [2025-06-05T05:38:52.649+0000] {dagbag.py:588} INFO - Filling up the DagBag from /opt/airflow/dags/Sesion2/Ejemplo2.py
[2025-06-05T05:38:52.672+0000] {processor.py:925} INFO - DAG(s) 'dag_con_feriados' retrieved from /opt/airflow/dags/Sesion2/Ejemplo2.py
[2025-06-05T05:38:52.752+0000] {logging_mixin.py:190} INFO - [2025-06-05T05:38:52.752+0000] {dag.py:3239} INFO - Sync 1 DAGs
[2025-06-05T05:38:52.872+0000] {logging_mixin.py:190} INFO - [2025-06-05T05:38:52.870+0000] {dag.py:4180} INFO - Setting next_dagrun for dag_con_feriados to 2025-05-28 00:00:00+00:00, run_after=2025-05-29 00:00:00+00:00
[2025-06-05T05:38:52.951+0000] {processor.py:208} INFO - Processing /opt/airflow/dags/Sesion2/Ejemplo2.py took 0.341 seconds
[2025-06-05T05:39:23.733+0000] {processor.py:186} INFO - Started process (PID=374) to work on /opt/airflow/dags/Sesion2/Ejemplo2.py
[2025-06-05T05:39:23.735+0000] {processor.py:914} INFO - Processing file /opt/airflow/dags/Sesion2/Ejemplo2.py for tasks to queue
[2025-06-05T05:39:23.737+0000] {logging_mixin.py:190} INFO - [2025-06-05T05:39:23.737+0000] {dagbag.py:588} INFO - Filling up the DagBag from /opt/airflow/dags/Sesion2/Ejemplo2.py
[2025-06-05T05:39:23.749+0000] {processor.py:925} INFO - DAG(s) 'dag_con_feriados' retrieved from /opt/airflow/dags/Sesion2/Ejemplo2.py
[2025-06-05T05:39:23.773+0000] {logging_mixin.py:190} INFO - [2025-06-05T05:39:23.772+0000] {dag.py:3239} INFO - Sync 1 DAGs
[2025-06-05T05:39:23.805+0000] {logging_mixin.py:190} INFO - [2025-06-05T05:39:23.805+0000] {dag.py:4180} INFO - Setting next_dagrun for dag_con_feriados to 2025-05-28 00:00:00+00:00, run_after=2025-05-29 00:00:00+00:00
[2025-06-05T05:39:23.825+0000] {processor.py:208} INFO - Processing /opt/airflow/dags/Sesion2/Ejemplo2.py took 0.098 seconds
[2025-06-05T05:39:54.123+0000] {processor.py:186} INFO - Started process (PID=485) to work on /opt/airflow/dags/Sesion2/Ejemplo2.py
[2025-06-05T05:39:54.124+0000] {processor.py:914} INFO - Processing file /opt/airflow/dags/Sesion2/Ejemplo2.py for tasks to queue
[2025-06-05T05:39:54.127+0000] {logging_mixin.py:190} INFO - [2025-06-05T05:39:54.124+0000] {dagbag.py:588} INFO - Filling up the DagBag from /opt/airflow/dags/Sesion2/Ejemplo2.py
[2025-06-05T05:39:54.137+0000] {processor.py:925} INFO - DAG(s) 'dag_con_feriados' retrieved from /opt/airflow/dags/Sesion2/Ejemplo2.py
[2025-06-05T05:39:54.159+0000] {logging_mixin.py:190} INFO - [2025-06-05T05:39:54.159+0000] {dag.py:3239} INFO - Sync 1 DAGs
[2025-06-05T05:39:54.196+0000] {logging_mixin.py:190} INFO - [2025-06-05T05:39:54.196+0000] {dag.py:4180} INFO - Setting next_dagrun for dag_con_feriados to 2025-05-28 00:00:00+00:00, run_after=2025-05-29 00:00:00+00:00
[2025-06-05T05:39:54.214+0000] {processor.py:208} INFO - Processing /opt/airflow/dags/Sesion2/Ejemplo2.py took 0.100 seconds
