[2025-06-05T02:01:23.690+0000] {processor.py:186} INFO - Started process (PID=274) to work on /opt/airflow/dags/Sesion2/Ejemplo3.py
[2025-06-05T02:01:23.692+0000] {processor.py:914} INFO - Processing file /opt/airflow/dags/Sesion2/Ejemplo3.py for tasks to queue
[2025-06-05T02:01:23.698+0000] {logging_mixin.py:190} INFO - [2025-06-05T02:01:23.698+0000] {dagbag.py:588} INFO - Filling up the DagBag from /opt/airflow/dags/Sesion2/Ejemplo3.py
[2025-06-05T02:01:23.723+0000] {processor.py:925} INFO - DAG(s) 'bash_dag' retrieved from /opt/airflow/dags/Sesion2/Ejemplo3.py
[2025-06-05T02:01:23.842+0000] {logging_mixin.py:190} INFO - [2025-06-05T02:01:23.841+0000] {dag.py:3239} INFO - Sync 1 DAGs
[2025-06-05T02:01:23.990+0000] {logging_mixin.py:190} INFO - [2025-06-05T02:01:23.990+0000] {dag.py:4180} INFO - Setting next_dagrun for bash_dag to 2025-05-28 00:00:00+00:00, run_after=2025-05-29 00:00:00+00:00
[2025-06-05T02:01:24.088+0000] {processor.py:208} INFO - Processing /opt/airflow/dags/Sesion2/Ejemplo3.py took 0.415 seconds
[2025-06-05T02:01:56.454+0000] {processor.py:186} INFO - Started process (PID=383) to work on /opt/airflow/dags/Sesion2/Ejemplo3.py
[2025-06-05T02:01:56.455+0000] {processor.py:914} INFO - Processing file /opt/airflow/dags/Sesion2/Ejemplo3.py for tasks to queue
[2025-06-05T02:01:56.458+0000] {logging_mixin.py:190} INFO - [2025-06-05T02:01:56.457+0000] {dagbag.py:588} INFO - Filling up the DagBag from /opt/airflow/dags/Sesion2/Ejemplo3.py
[2025-06-05T02:01:56.468+0000] {processor.py:925} INFO - DAG(s) 'bash_dag' retrieved from /opt/airflow/dags/Sesion2/Ejemplo3.py
[2025-06-05T02:01:56.496+0000] {logging_mixin.py:190} INFO - [2025-06-05T02:01:56.496+0000] {dag.py:3239} INFO - Sync 1 DAGs
[2025-06-05T02:01:56.576+0000] {logging_mixin.py:190} INFO - [2025-06-05T02:01:56.574+0000] {dag.py:4180} INFO - Setting next_dagrun for bash_dag to 2025-05-28 00:00:00+00:00, run_after=2025-05-29 00:00:00+00:00
[2025-06-05T02:01:56.618+0000] {processor.py:208} INFO - Processing /opt/airflow/dags/Sesion2/Ejemplo3.py took 0.174 seconds
[2025-06-05T02:04:34.201+0000] {processor.py:186} INFO - Started process (PID=256) to work on /opt/airflow/dags/Sesion2/Ejemplo3.py
[2025-06-05T02:04:34.202+0000] {processor.py:914} INFO - Processing file /opt/airflow/dags/Sesion2/Ejemplo3.py for tasks to queue
[2025-06-05T02:04:34.204+0000] {logging_mixin.py:190} INFO - [2025-06-05T02:04:34.204+0000] {dagbag.py:588} INFO - Filling up the DagBag from /opt/airflow/dags/Sesion2/Ejemplo3.py
[2025-06-05T02:04:34.221+0000] {processor.py:925} INFO - DAG(s) 'bash_dag' retrieved from /opt/airflow/dags/Sesion2/Ejemplo3.py
[2025-06-05T02:04:34.292+0000] {logging_mixin.py:190} INFO - [2025-06-05T02:04:34.292+0000] {dag.py:3239} INFO - Sync 1 DAGs
[2025-06-05T02:04:34.325+0000] {logging_mixin.py:190} INFO - [2025-06-05T02:04:34.324+0000] {dag.py:4180} INFO - Setting next_dagrun for bash_dag to 2025-05-28 00:00:00+00:00, run_after=2025-05-29 00:00:00+00:00
[2025-06-05T02:04:34.367+0000] {processor.py:208} INFO - Processing /opt/airflow/dags/Sesion2/Ejemplo3.py took 0.174 seconds
[2025-06-05T02:05:04.873+0000] {processor.py:186} INFO - Started process (PID=373) to work on /opt/airflow/dags/Sesion2/Ejemplo3.py
[2025-06-05T02:05:04.874+0000] {processor.py:914} INFO - Processing file /opt/airflow/dags/Sesion2/Ejemplo3.py for tasks to queue
[2025-06-05T02:05:04.877+0000] {logging_mixin.py:190} INFO - [2025-06-05T02:05:04.876+0000] {dagbag.py:588} INFO - Filling up the DagBag from /opt/airflow/dags/Sesion2/Ejemplo3.py
[2025-06-05T02:05:04.885+0000] {processor.py:925} INFO - DAG(s) 'bash_dag' retrieved from /opt/airflow/dags/Sesion2/Ejemplo3.py
[2025-06-05T02:05:04.908+0000] {logging_mixin.py:190} INFO - [2025-06-05T02:05:04.908+0000] {dag.py:3239} INFO - Sync 1 DAGs
[2025-06-05T02:05:04.938+0000] {logging_mixin.py:190} INFO - [2025-06-05T02:05:04.938+0000] {dag.py:4180} INFO - Setting next_dagrun for bash_dag to 2025-05-28 00:00:00+00:00, run_after=2025-05-29 00:00:00+00:00
[2025-06-05T02:05:04.958+0000] {processor.py:208} INFO - Processing /opt/airflow/dags/Sesion2/Ejemplo3.py took 0.092 seconds
[2025-06-05T02:05:36.105+0000] {processor.py:186} INFO - Started process (PID=488) to work on /opt/airflow/dags/Sesion2/Ejemplo3.py
[2025-06-05T02:05:36.106+0000] {processor.py:914} INFO - Processing file /opt/airflow/dags/Sesion2/Ejemplo3.py for tasks to queue
[2025-06-05T02:05:36.108+0000] {logging_mixin.py:190} INFO - [2025-06-05T02:05:36.108+0000] {dagbag.py:588} INFO - Filling up the DagBag from /opt/airflow/dags/Sesion2/Ejemplo3.py
[2025-06-05T02:05:36.117+0000] {processor.py:925} INFO - DAG(s) 'bash_dag' retrieved from /opt/airflow/dags/Sesion2/Ejemplo3.py
[2025-06-05T02:05:36.140+0000] {logging_mixin.py:190} INFO - [2025-06-05T02:05:36.140+0000] {dag.py:3239} INFO - Sync 1 DAGs
[2025-06-05T02:05:36.171+0000] {logging_mixin.py:190} INFO - [2025-06-05T02:05:36.171+0000] {dag.py:4180} INFO - Setting next_dagrun for bash_dag to 2025-05-28 00:00:00+00:00, run_after=2025-05-29 00:00:00+00:00
[2025-06-05T02:05:36.191+0000] {processor.py:208} INFO - Processing /opt/airflow/dags/Sesion2/Ejemplo3.py took 0.094 seconds
[2025-06-05T02:06:07.337+0000] {processor.py:186} INFO - Started process (PID=601) to work on /opt/airflow/dags/Sesion2/Ejemplo3.py
[2025-06-05T02:06:07.338+0000] {processor.py:914} INFO - Processing file /opt/airflow/dags/Sesion2/Ejemplo3.py for tasks to queue
[2025-06-05T02:06:07.340+0000] {logging_mixin.py:190} INFO - [2025-06-05T02:06:07.340+0000] {dagbag.py:588} INFO - Filling up the DagBag from /opt/airflow/dags/Sesion2/Ejemplo3.py
[2025-06-05T02:06:07.349+0000] {processor.py:925} INFO - DAG(s) 'bash_dag' retrieved from /opt/airflow/dags/Sesion2/Ejemplo3.py
[2025-06-05T02:06:07.377+0000] {logging_mixin.py:190} INFO - [2025-06-05T02:06:07.377+0000] {dag.py:3239} INFO - Sync 1 DAGs
[2025-06-05T02:06:07.405+0000] {logging_mixin.py:190} INFO - [2025-06-05T02:06:07.405+0000] {dag.py:4180} INFO - Setting next_dagrun for bash_dag to 2025-05-28 00:00:00+00:00, run_after=2025-05-29 00:00:00+00:00
[2025-06-05T02:06:07.427+0000] {processor.py:208} INFO - Processing /opt/airflow/dags/Sesion2/Ejemplo3.py took 0.098 seconds
[2025-06-05T02:06:38.350+0000] {processor.py:186} INFO - Started process (PID=718) to work on /opt/airflow/dags/Sesion2/Ejemplo3.py
[2025-06-05T02:06:38.351+0000] {processor.py:914} INFO - Processing file /opt/airflow/dags/Sesion2/Ejemplo3.py for tasks to queue
[2025-06-05T02:06:38.353+0000] {logging_mixin.py:190} INFO - [2025-06-05T02:06:38.353+0000] {dagbag.py:588} INFO - Filling up the DagBag from /opt/airflow/dags/Sesion2/Ejemplo3.py
[2025-06-05T02:06:38.362+0000] {processor.py:925} INFO - DAG(s) 'bash_dag' retrieved from /opt/airflow/dags/Sesion2/Ejemplo3.py
[2025-06-05T02:06:38.386+0000] {logging_mixin.py:190} INFO - [2025-06-05T02:06:38.386+0000] {dag.py:3239} INFO - Sync 1 DAGs
[2025-06-05T02:06:38.461+0000] {logging_mixin.py:190} INFO - [2025-06-05T02:06:38.461+0000] {dag.py:4180} INFO - Setting next_dagrun for bash_dag to 2025-05-28 00:00:00+00:00, run_after=2025-05-29 00:00:00+00:00
[2025-06-05T02:06:38.494+0000] {processor.py:208} INFO - Processing /opt/airflow/dags/Sesion2/Ejemplo3.py took 0.151 seconds
[2025-06-05T02:07:09.498+0000] {processor.py:186} INFO - Started process (PID=831) to work on /opt/airflow/dags/Sesion2/Ejemplo3.py
[2025-06-05T02:07:09.499+0000] {processor.py:914} INFO - Processing file /opt/airflow/dags/Sesion2/Ejemplo3.py for tasks to queue
[2025-06-05T02:07:09.501+0000] {logging_mixin.py:190} INFO - [2025-06-05T02:07:09.501+0000] {dagbag.py:588} INFO - Filling up the DagBag from /opt/airflow/dags/Sesion2/Ejemplo3.py
[2025-06-05T02:07:09.510+0000] {processor.py:925} INFO - DAG(s) 'bash_dag' retrieved from /opt/airflow/dags/Sesion2/Ejemplo3.py
[2025-06-05T02:07:09.533+0000] {logging_mixin.py:190} INFO - [2025-06-05T02:07:09.532+0000] {dag.py:3239} INFO - Sync 1 DAGs
[2025-06-05T02:07:09.563+0000] {logging_mixin.py:190} INFO - [2025-06-05T02:07:09.563+0000] {dag.py:4180} INFO - Setting next_dagrun for bash_dag to 2025-05-28 00:00:00+00:00, run_after=2025-05-29 00:00:00+00:00
[2025-06-05T02:07:09.581+0000] {processor.py:208} INFO - Processing /opt/airflow/dags/Sesion2/Ejemplo3.py took 0.090 seconds
[2025-06-05T02:07:40.844+0000] {processor.py:186} INFO - Started process (PID=948) to work on /opt/airflow/dags/Sesion2/Ejemplo3.py
[2025-06-05T02:07:40.845+0000] {processor.py:914} INFO - Processing file /opt/airflow/dags/Sesion2/Ejemplo3.py for tasks to queue
[2025-06-05T02:07:40.848+0000] {logging_mixin.py:190} INFO - [2025-06-05T02:07:40.847+0000] {dagbag.py:588} INFO - Filling up the DagBag from /opt/airflow/dags/Sesion2/Ejemplo3.py
[2025-06-05T02:07:40.856+0000] {processor.py:925} INFO - DAG(s) 'bash_dag' retrieved from /opt/airflow/dags/Sesion2/Ejemplo3.py
[2025-06-05T02:07:40.880+0000] {logging_mixin.py:190} INFO - [2025-06-05T02:07:40.880+0000] {dag.py:3239} INFO - Sync 1 DAGs
[2025-06-05T02:07:40.910+0000] {logging_mixin.py:190} INFO - [2025-06-05T02:07:40.909+0000] {dag.py:4180} INFO - Setting next_dagrun for bash_dag to 2025-05-28 00:00:00+00:00, run_after=2025-05-29 00:00:00+00:00
[2025-06-05T02:07:40.930+0000] {processor.py:208} INFO - Processing /opt/airflow/dags/Sesion2/Ejemplo3.py took 0.092 seconds
[2025-06-05T02:08:12.174+0000] {processor.py:186} INFO - Started process (PID=1063) to work on /opt/airflow/dags/Sesion2/Ejemplo3.py
[2025-06-05T02:08:12.175+0000] {processor.py:914} INFO - Processing file /opt/airflow/dags/Sesion2/Ejemplo3.py for tasks to queue
[2025-06-05T02:08:12.178+0000] {logging_mixin.py:190} INFO - [2025-06-05T02:08:12.177+0000] {dagbag.py:588} INFO - Filling up the DagBag from /opt/airflow/dags/Sesion2/Ejemplo3.py
[2025-06-05T02:08:12.186+0000] {processor.py:925} INFO - DAG(s) 'bash_dag' retrieved from /opt/airflow/dags/Sesion2/Ejemplo3.py
[2025-06-05T02:08:12.210+0000] {logging_mixin.py:190} INFO - [2025-06-05T02:08:12.209+0000] {dag.py:3239} INFO - Sync 1 DAGs
[2025-06-05T02:08:12.240+0000] {logging_mixin.py:190} INFO - [2025-06-05T02:08:12.239+0000] {dag.py:4180} INFO - Setting next_dagrun for bash_dag to 2025-05-28 00:00:00+00:00, run_after=2025-05-29 00:00:00+00:00
[2025-06-05T02:08:12.259+0000] {processor.py:208} INFO - Processing /opt/airflow/dags/Sesion2/Ejemplo3.py took 0.092 seconds
[2025-06-05T02:08:43.119+0000] {processor.py:186} INFO - Started process (PID=1176) to work on /opt/airflow/dags/Sesion2/Ejemplo3.py
[2025-06-05T02:08:43.120+0000] {processor.py:914} INFO - Processing file /opt/airflow/dags/Sesion2/Ejemplo3.py for tasks to queue
[2025-06-05T02:08:43.122+0000] {logging_mixin.py:190} INFO - [2025-06-05T02:08:43.122+0000] {dagbag.py:588} INFO - Filling up the DagBag from /opt/airflow/dags/Sesion2/Ejemplo3.py
[2025-06-05T02:08:43.130+0000] {processor.py:925} INFO - DAG(s) 'bash_dag' retrieved from /opt/airflow/dags/Sesion2/Ejemplo3.py
[2025-06-05T02:08:43.153+0000] {logging_mixin.py:190} INFO - [2025-06-05T02:08:43.153+0000] {dag.py:3239} INFO - Sync 1 DAGs
[2025-06-05T02:08:43.183+0000] {logging_mixin.py:190} INFO - [2025-06-05T02:08:43.183+0000] {dag.py:4180} INFO - Setting next_dagrun for bash_dag to 2025-05-28 00:00:00+00:00, run_after=2025-05-29 00:00:00+00:00
[2025-06-05T02:08:43.207+0000] {processor.py:208} INFO - Processing /opt/airflow/dags/Sesion2/Ejemplo3.py took 0.095 seconds
[2025-06-05T02:09:14.096+0000] {processor.py:186} INFO - Started process (PID=1291) to work on /opt/airflow/dags/Sesion2/Ejemplo3.py
[2025-06-05T02:09:14.097+0000] {processor.py:914} INFO - Processing file /opt/airflow/dags/Sesion2/Ejemplo3.py for tasks to queue
[2025-06-05T02:09:14.100+0000] {logging_mixin.py:190} INFO - [2025-06-05T02:09:14.100+0000] {dagbag.py:588} INFO - Filling up the DagBag from /opt/airflow/dags/Sesion2/Ejemplo3.py
[2025-06-05T02:09:14.109+0000] {processor.py:925} INFO - DAG(s) 'bash_dag' retrieved from /opt/airflow/dags/Sesion2/Ejemplo3.py
[2025-06-05T02:09:14.131+0000] {logging_mixin.py:190} INFO - [2025-06-05T02:09:14.131+0000] {dag.py:3239} INFO - Sync 1 DAGs
[2025-06-05T02:09:14.162+0000] {logging_mixin.py:190} INFO - [2025-06-05T02:09:14.162+0000] {dag.py:4180} INFO - Setting next_dagrun for bash_dag to 2025-05-28 00:00:00+00:00, run_after=2025-05-29 00:00:00+00:00
[2025-06-05T02:09:14.182+0000] {processor.py:208} INFO - Processing /opt/airflow/dags/Sesion2/Ejemplo3.py took 0.092 seconds
[2025-06-05T02:09:45.415+0000] {processor.py:186} INFO - Started process (PID=1406) to work on /opt/airflow/dags/Sesion2/Ejemplo3.py
[2025-06-05T02:09:45.417+0000] {processor.py:914} INFO - Processing file /opt/airflow/dags/Sesion2/Ejemplo3.py for tasks to queue
[2025-06-05T02:09:45.421+0000] {logging_mixin.py:190} INFO - [2025-06-05T02:09:45.420+0000] {dagbag.py:588} INFO - Filling up the DagBag from /opt/airflow/dags/Sesion2/Ejemplo3.py
[2025-06-05T02:09:45.438+0000] {processor.py:925} INFO - DAG(s) 'bash_dag' retrieved from /opt/airflow/dags/Sesion2/Ejemplo3.py
[2025-06-05T02:09:45.464+0000] {logging_mixin.py:190} INFO - [2025-06-05T02:09:45.464+0000] {dag.py:3239} INFO - Sync 1 DAGs
[2025-06-05T02:09:45.520+0000] {logging_mixin.py:190} INFO - [2025-06-05T02:09:45.520+0000] {dag.py:4180} INFO - Setting next_dagrun for bash_dag to 2025-05-28 00:00:00+00:00, run_after=2025-05-29 00:00:00+00:00
[2025-06-05T02:09:45.579+0000] {processor.py:208} INFO - Processing /opt/airflow/dags/Sesion2/Ejemplo3.py took 0.179 seconds
[2025-06-05T02:10:16.500+0000] {processor.py:186} INFO - Started process (PID=1521) to work on /opt/airflow/dags/Sesion2/Ejemplo3.py
[2025-06-05T02:10:16.500+0000] {processor.py:914} INFO - Processing file /opt/airflow/dags/Sesion2/Ejemplo3.py for tasks to queue
[2025-06-05T02:10:16.503+0000] {logging_mixin.py:190} INFO - [2025-06-05T02:10:16.502+0000] {dagbag.py:588} INFO - Filling up the DagBag from /opt/airflow/dags/Sesion2/Ejemplo3.py
[2025-06-05T02:10:16.511+0000] {processor.py:925} INFO - DAG(s) 'bash_dag' retrieved from /opt/airflow/dags/Sesion2/Ejemplo3.py
[2025-06-05T02:10:16.534+0000] {logging_mixin.py:190} INFO - [2025-06-05T02:10:16.533+0000] {dag.py:3239} INFO - Sync 1 DAGs
[2025-06-05T02:10:16.562+0000] {logging_mixin.py:190} INFO - [2025-06-05T02:10:16.562+0000] {dag.py:4180} INFO - Setting next_dagrun for bash_dag to 2025-05-28 00:00:00+00:00, run_after=2025-05-29 00:00:00+00:00
[2025-06-05T02:10:16.580+0000] {processor.py:208} INFO - Processing /opt/airflow/dags/Sesion2/Ejemplo3.py took 0.088 seconds
[2025-06-05T02:10:47.691+0000] {processor.py:186} INFO - Started process (PID=1636) to work on /opt/airflow/dags/Sesion2/Ejemplo3.py
[2025-06-05T02:10:47.692+0000] {processor.py:914} INFO - Processing file /opt/airflow/dags/Sesion2/Ejemplo3.py for tasks to queue
[2025-06-05T02:10:47.694+0000] {logging_mixin.py:190} INFO - [2025-06-05T02:10:47.694+0000] {dagbag.py:588} INFO - Filling up the DagBag from /opt/airflow/dags/Sesion2/Ejemplo3.py
[2025-06-05T02:10:47.703+0000] {processor.py:925} INFO - DAG(s) 'bash_dag' retrieved from /opt/airflow/dags/Sesion2/Ejemplo3.py
[2025-06-05T02:10:47.724+0000] {logging_mixin.py:190} INFO - [2025-06-05T02:10:47.724+0000] {dag.py:3239} INFO - Sync 1 DAGs
[2025-06-05T02:10:47.755+0000] {logging_mixin.py:190} INFO - [2025-06-05T02:10:47.755+0000] {dag.py:4180} INFO - Setting next_dagrun for bash_dag to 2025-05-28 00:00:00+00:00, run_after=2025-05-29 00:00:00+00:00
[2025-06-05T02:10:47.774+0000] {processor.py:208} INFO - Processing /opt/airflow/dags/Sesion2/Ejemplo3.py took 0.090 seconds
[2025-06-05T02:11:19.096+0000] {processor.py:186} INFO - Started process (PID=1753) to work on /opt/airflow/dags/Sesion2/Ejemplo3.py
[2025-06-05T02:11:19.097+0000] {processor.py:914} INFO - Processing file /opt/airflow/dags/Sesion2/Ejemplo3.py for tasks to queue
[2025-06-05T02:11:19.100+0000] {logging_mixin.py:190} INFO - [2025-06-05T02:11:19.099+0000] {dagbag.py:588} INFO - Filling up the DagBag from /opt/airflow/dags/Sesion2/Ejemplo3.py
[2025-06-05T02:11:19.109+0000] {processor.py:925} INFO - DAG(s) 'bash_dag' retrieved from /opt/airflow/dags/Sesion2/Ejemplo3.py
[2025-06-05T02:11:19.133+0000] {logging_mixin.py:190} INFO - [2025-06-05T02:11:19.133+0000] {dag.py:3239} INFO - Sync 1 DAGs
[2025-06-05T02:11:19.163+0000] {logging_mixin.py:190} INFO - [2025-06-05T02:11:19.163+0000] {dag.py:4180} INFO - Setting next_dagrun for bash_dag to 2025-05-28 00:00:00+00:00, run_after=2025-05-29 00:00:00+00:00
[2025-06-05T02:11:19.183+0000] {processor.py:208} INFO - Processing /opt/airflow/dags/Sesion2/Ejemplo3.py took 0.094 seconds
[2025-06-05T02:11:50.014+0000] {processor.py:186} INFO - Started process (PID=1866) to work on /opt/airflow/dags/Sesion2/Ejemplo3.py
[2025-06-05T02:11:50.015+0000] {processor.py:914} INFO - Processing file /opt/airflow/dags/Sesion2/Ejemplo3.py for tasks to queue
[2025-06-05T02:11:50.017+0000] {logging_mixin.py:190} INFO - [2025-06-05T02:11:50.017+0000] {dagbag.py:588} INFO - Filling up the DagBag from /opt/airflow/dags/Sesion2/Ejemplo3.py
[2025-06-05T02:11:50.026+0000] {processor.py:925} INFO - DAG(s) 'bash_dag' retrieved from /opt/airflow/dags/Sesion2/Ejemplo3.py
[2025-06-05T02:11:50.049+0000] {logging_mixin.py:190} INFO - [2025-06-05T02:11:50.048+0000] {dag.py:3239} INFO - Sync 1 DAGs
[2025-06-05T02:11:50.078+0000] {logging_mixin.py:190} INFO - [2025-06-05T02:11:50.078+0000] {dag.py:4180} INFO - Setting next_dagrun for bash_dag to 2025-05-28 00:00:00+00:00, run_after=2025-05-29 00:00:00+00:00
[2025-06-05T02:11:50.100+0000] {processor.py:208} INFO - Processing /opt/airflow/dags/Sesion2/Ejemplo3.py took 0.108 seconds
[2025-06-05T02:12:20.958+0000] {processor.py:186} INFO - Started process (PID=1981) to work on /opt/airflow/dags/Sesion2/Ejemplo3.py
[2025-06-05T02:12:20.960+0000] {processor.py:914} INFO - Processing file /opt/airflow/dags/Sesion2/Ejemplo3.py for tasks to queue
[2025-06-05T02:12:20.962+0000] {logging_mixin.py:190} INFO - [2025-06-05T02:12:20.962+0000] {dagbag.py:588} INFO - Filling up the DagBag from /opt/airflow/dags/Sesion2/Ejemplo3.py
[2025-06-05T02:12:20.974+0000] {processor.py:925} INFO - DAG(s) 'bash_dag' retrieved from /opt/airflow/dags/Sesion2/Ejemplo3.py
[2025-06-05T02:12:21.020+0000] {logging_mixin.py:190} INFO - [2025-06-05T02:12:21.020+0000] {dag.py:3239} INFO - Sync 1 DAGs
[2025-06-05T02:12:21.083+0000] {logging_mixin.py:190} INFO - [2025-06-05T02:12:21.082+0000] {dag.py:4180} INFO - Setting next_dagrun for bash_dag to 2025-05-28 00:00:00+00:00, run_after=2025-05-29 00:00:00+00:00
[2025-06-05T02:12:21.122+0000] {processor.py:208} INFO - Processing /opt/airflow/dags/Sesion2/Ejemplo3.py took 0.172 seconds
[2025-06-05T02:12:52.452+0000] {processor.py:186} INFO - Started process (PID=2096) to work on /opt/airflow/dags/Sesion2/Ejemplo3.py
[2025-06-05T02:12:52.453+0000] {processor.py:914} INFO - Processing file /opt/airflow/dags/Sesion2/Ejemplo3.py for tasks to queue
[2025-06-05T02:12:52.455+0000] {logging_mixin.py:190} INFO - [2025-06-05T02:12:52.455+0000] {dagbag.py:588} INFO - Filling up the DagBag from /opt/airflow/dags/Sesion2/Ejemplo3.py
[2025-06-05T02:12:52.467+0000] {processor.py:925} INFO - DAG(s) 'bash_dag' retrieved from /opt/airflow/dags/Sesion2/Ejemplo3.py
[2025-06-05T02:12:52.490+0000] {logging_mixin.py:190} INFO - [2025-06-05T02:12:52.490+0000] {dag.py:3239} INFO - Sync 1 DAGs
[2025-06-05T02:12:52.519+0000] {logging_mixin.py:190} INFO - [2025-06-05T02:12:52.519+0000] {dag.py:4180} INFO - Setting next_dagrun for bash_dag to 2025-05-28 00:00:00+00:00, run_after=2025-05-29 00:00:00+00:00
[2025-06-05T02:12:52.538+0000] {processor.py:208} INFO - Processing /opt/airflow/dags/Sesion2/Ejemplo3.py took 0.094 seconds
[2025-06-05T02:13:23.580+0000] {processor.py:186} INFO - Started process (PID=2213) to work on /opt/airflow/dags/Sesion2/Ejemplo3.py
[2025-06-05T02:13:23.581+0000] {processor.py:914} INFO - Processing file /opt/airflow/dags/Sesion2/Ejemplo3.py for tasks to queue
[2025-06-05T02:13:23.585+0000] {logging_mixin.py:190} INFO - [2025-06-05T02:13:23.584+0000] {dagbag.py:588} INFO - Filling up the DagBag from /opt/airflow/dags/Sesion2/Ejemplo3.py
[2025-06-05T02:13:23.593+0000] {processor.py:925} INFO - DAG(s) 'bash_dag' retrieved from /opt/airflow/dags/Sesion2/Ejemplo3.py
[2025-06-05T02:13:23.616+0000] {logging_mixin.py:190} INFO - [2025-06-05T02:13:23.616+0000] {dag.py:3239} INFO - Sync 1 DAGs
[2025-06-05T02:13:23.650+0000] {logging_mixin.py:190} INFO - [2025-06-05T02:13:23.649+0000] {dag.py:4180} INFO - Setting next_dagrun for bash_dag to 2025-05-28 00:00:00+00:00, run_after=2025-05-29 00:00:00+00:00
[2025-06-05T02:13:23.670+0000] {processor.py:208} INFO - Processing /opt/airflow/dags/Sesion2/Ejemplo3.py took 0.097 seconds
[2025-06-05T02:13:54.691+0000] {processor.py:186} INFO - Started process (PID=2328) to work on /opt/airflow/dags/Sesion2/Ejemplo3.py
[2025-06-05T02:13:54.692+0000] {processor.py:914} INFO - Processing file /opt/airflow/dags/Sesion2/Ejemplo3.py for tasks to queue
[2025-06-05T02:13:54.694+0000] {logging_mixin.py:190} INFO - [2025-06-05T02:13:54.694+0000] {dagbag.py:588} INFO - Filling up the DagBag from /opt/airflow/dags/Sesion2/Ejemplo3.py
[2025-06-05T02:13:54.702+0000] {processor.py:925} INFO - DAG(s) 'bash_dag' retrieved from /opt/airflow/dags/Sesion2/Ejemplo3.py
[2025-06-05T02:13:54.725+0000] {logging_mixin.py:190} INFO - [2025-06-05T02:13:54.725+0000] {dag.py:3239} INFO - Sync 1 DAGs
[2025-06-05T02:13:54.756+0000] {logging_mixin.py:190} INFO - [2025-06-05T02:13:54.756+0000] {dag.py:4180} INFO - Setting next_dagrun for bash_dag to 2025-05-28 00:00:00+00:00, run_after=2025-05-29 00:00:00+00:00
[2025-06-05T02:13:54.785+0000] {processor.py:208} INFO - Processing /opt/airflow/dags/Sesion2/Ejemplo3.py took 0.101 seconds
[2025-06-05T02:14:25.830+0000] {processor.py:186} INFO - Started process (PID=2441) to work on /opt/airflow/dags/Sesion2/Ejemplo3.py
[2025-06-05T02:14:25.831+0000] {processor.py:914} INFO - Processing file /opt/airflow/dags/Sesion2/Ejemplo3.py for tasks to queue
[2025-06-05T02:14:25.833+0000] {logging_mixin.py:190} INFO - [2025-06-05T02:14:25.833+0000] {dagbag.py:588} INFO - Filling up the DagBag from /opt/airflow/dags/Sesion2/Ejemplo3.py
[2025-06-05T02:14:25.841+0000] {processor.py:925} INFO - DAG(s) 'bash_dag' retrieved from /opt/airflow/dags/Sesion2/Ejemplo3.py
[2025-06-05T02:14:25.863+0000] {logging_mixin.py:190} INFO - [2025-06-05T02:14:25.863+0000] {dag.py:3239} INFO - Sync 1 DAGs
[2025-06-05T02:14:25.893+0000] {logging_mixin.py:190} INFO - [2025-06-05T02:14:25.892+0000] {dag.py:4180} INFO - Setting next_dagrun for bash_dag to 2025-05-28 00:00:00+00:00, run_after=2025-05-29 00:00:00+00:00
[2025-06-05T02:14:25.912+0000] {processor.py:208} INFO - Processing /opt/airflow/dags/Sesion2/Ejemplo3.py took 0.088 seconds
[2025-06-05T02:14:57.242+0000] {processor.py:186} INFO - Started process (PID=2556) to work on /opt/airflow/dags/Sesion2/Ejemplo3.py
[2025-06-05T02:14:57.243+0000] {processor.py:914} INFO - Processing file /opt/airflow/dags/Sesion2/Ejemplo3.py for tasks to queue
[2025-06-05T02:14:57.245+0000] {logging_mixin.py:190} INFO - [2025-06-05T02:14:57.245+0000] {dagbag.py:588} INFO - Filling up the DagBag from /opt/airflow/dags/Sesion2/Ejemplo3.py
[2025-06-05T02:14:57.256+0000] {processor.py:925} INFO - DAG(s) 'bash_dag' retrieved from /opt/airflow/dags/Sesion2/Ejemplo3.py
[2025-06-05T02:14:57.282+0000] {logging_mixin.py:190} INFO - [2025-06-05T02:14:57.282+0000] {dag.py:3239} INFO - Sync 1 DAGs
[2025-06-05T02:14:57.313+0000] {logging_mixin.py:190} INFO - [2025-06-05T02:14:57.312+0000] {dag.py:4180} INFO - Setting next_dagrun for bash_dag to 2025-05-28 00:00:00+00:00, run_after=2025-05-29 00:00:00+00:00
[2025-06-05T02:14:57.363+0000] {processor.py:208} INFO - Processing /opt/airflow/dags/Sesion2/Ejemplo3.py took 0.129 seconds
[2025-06-05T02:15:28.364+0000] {processor.py:186} INFO - Started process (PID=2671) to work on /opt/airflow/dags/Sesion2/Ejemplo3.py
[2025-06-05T02:15:28.365+0000] {processor.py:914} INFO - Processing file /opt/airflow/dags/Sesion2/Ejemplo3.py for tasks to queue
[2025-06-05T02:15:28.367+0000] {logging_mixin.py:190} INFO - [2025-06-05T02:15:28.367+0000] {dagbag.py:588} INFO - Filling up the DagBag from /opt/airflow/dags/Sesion2/Ejemplo3.py
[2025-06-05T02:15:28.376+0000] {processor.py:925} INFO - DAG(s) 'bash_dag' retrieved from /opt/airflow/dags/Sesion2/Ejemplo3.py
[2025-06-05T02:15:28.397+0000] {logging_mixin.py:190} INFO - [2025-06-05T02:15:28.397+0000] {dag.py:3239} INFO - Sync 1 DAGs
[2025-06-05T02:15:28.429+0000] {logging_mixin.py:190} INFO - [2025-06-05T02:15:28.429+0000] {dag.py:4180} INFO - Setting next_dagrun for bash_dag to 2025-05-28 00:00:00+00:00, run_after=2025-05-29 00:00:00+00:00
[2025-06-05T02:15:28.449+0000] {processor.py:208} INFO - Processing /opt/airflow/dags/Sesion2/Ejemplo3.py took 0.092 seconds
[2025-06-05T02:15:59.343+0000] {processor.py:186} INFO - Started process (PID=2786) to work on /opt/airflow/dags/Sesion2/Ejemplo3.py
[2025-06-05T02:15:59.344+0000] {processor.py:914} INFO - Processing file /opt/airflow/dags/Sesion2/Ejemplo3.py for tasks to queue
[2025-06-05T02:15:59.346+0000] {logging_mixin.py:190} INFO - [2025-06-05T02:15:59.346+0000] {dagbag.py:588} INFO - Filling up the DagBag from /opt/airflow/dags/Sesion2/Ejemplo3.py
[2025-06-05T02:15:59.354+0000] {processor.py:925} INFO - DAG(s) 'bash_dag' retrieved from /opt/airflow/dags/Sesion2/Ejemplo3.py
[2025-06-05T02:15:59.377+0000] {logging_mixin.py:190} INFO - [2025-06-05T02:15:59.377+0000] {dag.py:3239} INFO - Sync 1 DAGs
[2025-06-05T02:15:59.419+0000] {logging_mixin.py:190} INFO - [2025-06-05T02:15:59.419+0000] {dag.py:4180} INFO - Setting next_dagrun for bash_dag to 2025-05-28 00:00:00+00:00, run_after=2025-05-29 00:00:00+00:00
[2025-06-05T02:15:59.441+0000] {processor.py:208} INFO - Processing /opt/airflow/dags/Sesion2/Ejemplo3.py took 0.105 seconds
[2025-06-05T02:16:30.877+0000] {processor.py:186} INFO - Started process (PID=2901) to work on /opt/airflow/dags/Sesion2/Ejemplo3.py
[2025-06-05T02:16:30.877+0000] {processor.py:914} INFO - Processing file /opt/airflow/dags/Sesion2/Ejemplo3.py for tasks to queue
[2025-06-05T02:16:30.880+0000] {logging_mixin.py:190} INFO - [2025-06-05T02:16:30.880+0000] {dagbag.py:588} INFO - Filling up the DagBag from /opt/airflow/dags/Sesion2/Ejemplo3.py
[2025-06-05T02:16:30.888+0000] {processor.py:925} INFO - DAG(s) 'bash_dag' retrieved from /opt/airflow/dags/Sesion2/Ejemplo3.py
[2025-06-05T02:16:30.910+0000] {logging_mixin.py:190} INFO - [2025-06-05T02:16:30.910+0000] {dag.py:3239} INFO - Sync 1 DAGs
[2025-06-05T02:16:30.939+0000] {logging_mixin.py:190} INFO - [2025-06-05T02:16:30.938+0000] {dag.py:4180} INFO - Setting next_dagrun for bash_dag to 2025-05-28 00:00:00+00:00, run_after=2025-05-29 00:00:00+00:00
[2025-06-05T02:16:30.958+0000] {processor.py:208} INFO - Processing /opt/airflow/dags/Sesion2/Ejemplo3.py took 0.088 seconds
[2025-06-05T02:17:02.330+0000] {processor.py:186} INFO - Started process (PID=3018) to work on /opt/airflow/dags/Sesion2/Ejemplo3.py
[2025-06-05T02:17:02.331+0000] {processor.py:914} INFO - Processing file /opt/airflow/dags/Sesion2/Ejemplo3.py for tasks to queue
[2025-06-05T02:17:02.334+0000] {logging_mixin.py:190} INFO - [2025-06-05T02:17:02.334+0000] {dagbag.py:588} INFO - Filling up the DagBag from /opt/airflow/dags/Sesion2/Ejemplo3.py
[2025-06-05T02:17:02.342+0000] {processor.py:925} INFO - DAG(s) 'bash_dag' retrieved from /opt/airflow/dags/Sesion2/Ejemplo3.py
[2025-06-05T02:17:02.367+0000] {logging_mixin.py:190} INFO - [2025-06-05T02:17:02.367+0000] {dag.py:3239} INFO - Sync 1 DAGs
[2025-06-05T02:17:02.397+0000] {logging_mixin.py:190} INFO - [2025-06-05T02:17:02.397+0000] {dag.py:4180} INFO - Setting next_dagrun for bash_dag to 2025-05-28 00:00:00+00:00, run_after=2025-05-29 00:00:00+00:00
[2025-06-05T02:17:02.416+0000] {processor.py:208} INFO - Processing /opt/airflow/dags/Sesion2/Ejemplo3.py took 0.098 seconds
[2025-06-05T02:17:33.695+0000] {processor.py:186} INFO - Started process (PID=3133) to work on /opt/airflow/dags/Sesion2/Ejemplo3.py
[2025-06-05T02:17:33.698+0000] {processor.py:914} INFO - Processing file /opt/airflow/dags/Sesion2/Ejemplo3.py for tasks to queue
[2025-06-05T02:17:33.703+0000] {logging_mixin.py:190} INFO - [2025-06-05T02:17:33.701+0000] {dagbag.py:588} INFO - Filling up the DagBag from /opt/airflow/dags/Sesion2/Ejemplo3.py
[2025-06-05T02:17:33.720+0000] {processor.py:925} INFO - DAG(s) 'bash_dag' retrieved from /opt/airflow/dags/Sesion2/Ejemplo3.py
[2025-06-05T02:17:33.755+0000] {logging_mixin.py:190} INFO - [2025-06-05T02:17:33.754+0000] {dag.py:3239} INFO - Sync 1 DAGs
[2025-06-05T02:17:33.787+0000] {logging_mixin.py:190} INFO - [2025-06-05T02:17:33.787+0000] {dag.py:4180} INFO - Setting next_dagrun for bash_dag to 2025-05-28 00:00:00+00:00, run_after=2025-05-29 00:00:00+00:00
[2025-06-05T02:17:33.806+0000] {processor.py:208} INFO - Processing /opt/airflow/dags/Sesion2/Ejemplo3.py took 0.125 seconds
[2025-06-05T02:18:04.732+0000] {processor.py:186} INFO - Started process (PID=3248) to work on /opt/airflow/dags/Sesion2/Ejemplo3.py
[2025-06-05T02:18:04.734+0000] {processor.py:914} INFO - Processing file /opt/airflow/dags/Sesion2/Ejemplo3.py for tasks to queue
[2025-06-05T02:18:04.736+0000] {logging_mixin.py:190} INFO - [2025-06-05T02:18:04.736+0000] {dagbag.py:588} INFO - Filling up the DagBag from /opt/airflow/dags/Sesion2/Ejemplo3.py
[2025-06-05T02:18:04.744+0000] {processor.py:925} INFO - DAG(s) 'bash_dag' retrieved from /opt/airflow/dags/Sesion2/Ejemplo3.py
[2025-06-05T02:18:04.768+0000] {logging_mixin.py:190} INFO - [2025-06-05T02:18:04.768+0000] {dag.py:3239} INFO - Sync 1 DAGs
[2025-06-05T02:18:04.798+0000] {logging_mixin.py:190} INFO - [2025-06-05T02:18:04.797+0000] {dag.py:4180} INFO - Setting next_dagrun for bash_dag to 2025-05-28 00:00:00+00:00, run_after=2025-05-29 00:00:00+00:00
[2025-06-05T02:18:04.817+0000] {processor.py:208} INFO - Processing /opt/airflow/dags/Sesion2/Ejemplo3.py took 0.091 seconds
[2025-06-05T02:18:35.999+0000] {processor.py:186} INFO - Started process (PID=3361) to work on /opt/airflow/dags/Sesion2/Ejemplo3.py
[2025-06-05T02:18:36.000+0000] {processor.py:914} INFO - Processing file /opt/airflow/dags/Sesion2/Ejemplo3.py for tasks to queue
[2025-06-05T02:18:36.002+0000] {logging_mixin.py:190} INFO - [2025-06-05T02:18:36.002+0000] {dagbag.py:588} INFO - Filling up the DagBag from /opt/airflow/dags/Sesion2/Ejemplo3.py
[2025-06-05T02:18:36.011+0000] {processor.py:925} INFO - DAG(s) 'bash_dag' retrieved from /opt/airflow/dags/Sesion2/Ejemplo3.py
[2025-06-05T02:18:36.034+0000] {logging_mixin.py:190} INFO - [2025-06-05T02:18:36.034+0000] {dag.py:3239} INFO - Sync 1 DAGs
[2025-06-05T02:18:36.064+0000] {logging_mixin.py:190} INFO - [2025-06-05T02:18:36.063+0000] {dag.py:4180} INFO - Setting next_dagrun for bash_dag to 2025-05-28 00:00:00+00:00, run_after=2025-05-29 00:00:00+00:00
[2025-06-05T02:18:36.084+0000] {processor.py:208} INFO - Processing /opt/airflow/dags/Sesion2/Ejemplo3.py took 0.092 seconds
[2025-06-05T02:19:07.199+0000] {processor.py:186} INFO - Started process (PID=3476) to work on /opt/airflow/dags/Sesion2/Ejemplo3.py
[2025-06-05T02:19:07.200+0000] {processor.py:914} INFO - Processing file /opt/airflow/dags/Sesion2/Ejemplo3.py for tasks to queue
[2025-06-05T02:19:07.203+0000] {logging_mixin.py:190} INFO - [2025-06-05T02:19:07.202+0000] {dagbag.py:588} INFO - Filling up the DagBag from /opt/airflow/dags/Sesion2/Ejemplo3.py
[2025-06-05T02:19:07.212+0000] {processor.py:925} INFO - DAG(s) 'bash_dag' retrieved from /opt/airflow/dags/Sesion2/Ejemplo3.py
[2025-06-05T02:19:07.235+0000] {logging_mixin.py:190} INFO - [2025-06-05T02:19:07.234+0000] {dag.py:3239} INFO - Sync 1 DAGs
[2025-06-05T02:19:07.267+0000] {logging_mixin.py:190} INFO - [2025-06-05T02:19:07.267+0000] {dag.py:4180} INFO - Setting next_dagrun for bash_dag to 2025-05-28 00:00:00+00:00, run_after=2025-05-29 00:00:00+00:00
[2025-06-05T02:19:07.285+0000] {processor.py:208} INFO - Processing /opt/airflow/dags/Sesion2/Ejemplo3.py took 0.093 seconds
[2025-06-05T02:19:38.003+0000] {processor.py:186} INFO - Started process (PID=3593) to work on /opt/airflow/dags/Sesion2/Ejemplo3.py
[2025-06-05T02:19:38.005+0000] {processor.py:914} INFO - Processing file /opt/airflow/dags/Sesion2/Ejemplo3.py for tasks to queue
[2025-06-05T02:19:38.007+0000] {logging_mixin.py:190} INFO - [2025-06-05T02:19:38.007+0000] {dagbag.py:588} INFO - Filling up the DagBag from /opt/airflow/dags/Sesion2/Ejemplo3.py
[2025-06-05T02:19:38.016+0000] {processor.py:925} INFO - DAG(s) 'bash_dag' retrieved from /opt/airflow/dags/Sesion2/Ejemplo3.py
[2025-06-05T02:19:38.039+0000] {logging_mixin.py:190} INFO - [2025-06-05T02:19:38.038+0000] {dag.py:3239} INFO - Sync 1 DAGs
[2025-06-05T02:19:38.070+0000] {logging_mixin.py:190} INFO - [2025-06-05T02:19:38.069+0000] {dag.py:4180} INFO - Setting next_dagrun for bash_dag to 2025-05-28 00:00:00+00:00, run_after=2025-05-29 00:00:00+00:00
[2025-06-05T02:19:38.089+0000] {processor.py:208} INFO - Processing /opt/airflow/dags/Sesion2/Ejemplo3.py took 0.092 seconds
[2025-06-05T02:20:09.465+0000] {processor.py:186} INFO - Started process (PID=3706) to work on /opt/airflow/dags/Sesion2/Ejemplo3.py
[2025-06-05T02:20:09.466+0000] {processor.py:914} INFO - Processing file /opt/airflow/dags/Sesion2/Ejemplo3.py for tasks to queue
[2025-06-05T02:20:09.468+0000] {logging_mixin.py:190} INFO - [2025-06-05T02:20:09.468+0000] {dagbag.py:588} INFO - Filling up the DagBag from /opt/airflow/dags/Sesion2/Ejemplo3.py
[2025-06-05T02:20:09.477+0000] {processor.py:925} INFO - DAG(s) 'bash_dag' retrieved from /opt/airflow/dags/Sesion2/Ejemplo3.py
[2025-06-05T02:20:09.499+0000] {logging_mixin.py:190} INFO - [2025-06-05T02:20:09.499+0000] {dag.py:3239} INFO - Sync 1 DAGs
[2025-06-05T02:20:09.528+0000] {logging_mixin.py:190} INFO - [2025-06-05T02:20:09.528+0000] {dag.py:4180} INFO - Setting next_dagrun for bash_dag to 2025-05-28 00:00:00+00:00, run_after=2025-05-29 00:00:00+00:00
[2025-06-05T02:20:09.571+0000] {processor.py:208} INFO - Processing /opt/airflow/dags/Sesion2/Ejemplo3.py took 0.113 seconds
[2025-06-05T02:20:40.645+0000] {processor.py:186} INFO - Started process (PID=3823) to work on /opt/airflow/dags/Sesion2/Ejemplo3.py
[2025-06-05T02:20:40.647+0000] {processor.py:914} INFO - Processing file /opt/airflow/dags/Sesion2/Ejemplo3.py for tasks to queue
[2025-06-05T02:20:40.650+0000] {logging_mixin.py:190} INFO - [2025-06-05T02:20:40.650+0000] {dagbag.py:588} INFO - Filling up the DagBag from /opt/airflow/dags/Sesion2/Ejemplo3.py
[2025-06-05T02:20:40.675+0000] {processor.py:925} INFO - DAG(s) 'bash_dag' retrieved from /opt/airflow/dags/Sesion2/Ejemplo3.py
[2025-06-05T02:20:40.720+0000] {logging_mixin.py:190} INFO - [2025-06-05T02:20:40.720+0000] {dag.py:3239} INFO - Sync 1 DAGs
[2025-06-05T02:20:40.750+0000] {logging_mixin.py:190} INFO - [2025-06-05T02:20:40.750+0000] {dag.py:4180} INFO - Setting next_dagrun for bash_dag to 2025-05-28 00:00:00+00:00, run_after=2025-05-29 00:00:00+00:00
[2025-06-05T02:20:40.769+0000] {processor.py:208} INFO - Processing /opt/airflow/dags/Sesion2/Ejemplo3.py took 0.138 seconds
[2025-06-05T02:21:12.031+0000] {processor.py:186} INFO - Started process (PID=3938) to work on /opt/airflow/dags/Sesion2/Ejemplo3.py
[2025-06-05T02:21:12.031+0000] {processor.py:914} INFO - Processing file /opt/airflow/dags/Sesion2/Ejemplo3.py for tasks to queue
[2025-06-05T02:21:12.034+0000] {logging_mixin.py:190} INFO - [2025-06-05T02:21:12.033+0000] {dagbag.py:588} INFO - Filling up the DagBag from /opt/airflow/dags/Sesion2/Ejemplo3.py
[2025-06-05T02:21:12.042+0000] {processor.py:925} INFO - DAG(s) 'bash_dag' retrieved from /opt/airflow/dags/Sesion2/Ejemplo3.py
[2025-06-05T02:21:12.066+0000] {logging_mixin.py:190} INFO - [2025-06-05T02:21:12.065+0000] {dag.py:3239} INFO - Sync 1 DAGs
[2025-06-05T02:21:12.096+0000] {logging_mixin.py:190} INFO - [2025-06-05T02:21:12.095+0000] {dag.py:4180} INFO - Setting next_dagrun for bash_dag to 2025-05-28 00:00:00+00:00, run_after=2025-05-29 00:00:00+00:00
[2025-06-05T02:21:12.116+0000] {processor.py:208} INFO - Processing /opt/airflow/dags/Sesion2/Ejemplo3.py took 0.092 seconds
[2025-06-05T02:21:43.529+0000] {processor.py:186} INFO - Started process (PID=4068) to work on /opt/airflow/dags/Sesion2/Ejemplo3.py
[2025-06-05T02:21:43.530+0000] {processor.py:914} INFO - Processing file /opt/airflow/dags/Sesion2/Ejemplo3.py for tasks to queue
[2025-06-05T02:21:43.532+0000] {logging_mixin.py:190} INFO - [2025-06-05T02:21:43.532+0000] {dagbag.py:588} INFO - Filling up the DagBag from /opt/airflow/dags/Sesion2/Ejemplo3.py
[2025-06-05T02:21:43.541+0000] {processor.py:925} INFO - DAG(s) 'bash_dag' retrieved from /opt/airflow/dags/Sesion2/Ejemplo3.py
[2025-06-05T02:21:43.564+0000] {logging_mixin.py:190} INFO - [2025-06-05T02:21:43.564+0000] {dag.py:3239} INFO - Sync 1 DAGs
[2025-06-05T02:21:43.594+0000] {logging_mixin.py:190} INFO - [2025-06-05T02:21:43.594+0000] {dag.py:4180} INFO - Setting next_dagrun for bash_dag to 2025-05-28 00:00:00+00:00, run_after=2025-05-29 00:00:00+00:00
[2025-06-05T02:21:43.827+0000] {processor.py:208} INFO - Processing /opt/airflow/dags/Sesion2/Ejemplo3.py took 0.305 seconds
[2025-06-05T02:22:13.986+0000] {processor.py:186} INFO - Started process (PID=4181) to work on /opt/airflow/dags/Sesion2/Ejemplo3.py
[2025-06-05T02:22:13.987+0000] {processor.py:914} INFO - Processing file /opt/airflow/dags/Sesion2/Ejemplo3.py for tasks to queue
[2025-06-05T02:22:13.989+0000] {logging_mixin.py:190} INFO - [2025-06-05T02:22:13.989+0000] {dagbag.py:588} INFO - Filling up the DagBag from /opt/airflow/dags/Sesion2/Ejemplo3.py
[2025-06-05T02:22:14.001+0000] {processor.py:925} INFO - DAG(s) 'bash_dag' retrieved from /opt/airflow/dags/Sesion2/Ejemplo3.py
[2025-06-05T02:22:14.038+0000] {logging_mixin.py:190} INFO - [2025-06-05T02:22:14.038+0000] {dag.py:3239} INFO - Sync 1 DAGs
[2025-06-05T02:22:14.105+0000] {logging_mixin.py:190} INFO - [2025-06-05T02:22:14.105+0000] {dag.py:4180} INFO - Setting next_dagrun for bash_dag to 2025-05-28 00:00:00+00:00, run_after=2025-05-29 00:00:00+00:00
[2025-06-05T02:22:14.124+0000] {processor.py:208} INFO - Processing /opt/airflow/dags/Sesion2/Ejemplo3.py took 0.145 seconds
[2025-06-05T02:22:44.632+0000] {processor.py:186} INFO - Started process (PID=4290) to work on /opt/airflow/dags/Sesion2/Ejemplo3.py
[2025-06-05T02:22:44.633+0000] {processor.py:914} INFO - Processing file /opt/airflow/dags/Sesion2/Ejemplo3.py for tasks to queue
[2025-06-05T02:22:44.636+0000] {logging_mixin.py:190} INFO - [2025-06-05T02:22:44.635+0000] {dagbag.py:588} INFO - Filling up the DagBag from /opt/airflow/dags/Sesion2/Ejemplo3.py
[2025-06-05T02:22:44.644+0000] {processor.py:925} INFO - DAG(s) 'bash_dag' retrieved from /opt/airflow/dags/Sesion2/Ejemplo3.py
[2025-06-05T02:22:44.666+0000] {logging_mixin.py:190} INFO - [2025-06-05T02:22:44.666+0000] {dag.py:3239} INFO - Sync 1 DAGs
[2025-06-05T02:22:44.696+0000] {logging_mixin.py:190} INFO - [2025-06-05T02:22:44.695+0000] {dag.py:4180} INFO - Setting next_dagrun for bash_dag to 2025-05-28 00:00:00+00:00, run_after=2025-05-29 00:00:00+00:00
[2025-06-05T02:22:44.718+0000] {processor.py:208} INFO - Processing /opt/airflow/dags/Sesion2/Ejemplo3.py took 0.093 seconds
[2025-06-05T02:23:14.796+0000] {processor.py:186} INFO - Started process (PID=4401) to work on /opt/airflow/dags/Sesion2/Ejemplo3.py
[2025-06-05T02:23:14.797+0000] {processor.py:914} INFO - Processing file /opt/airflow/dags/Sesion2/Ejemplo3.py for tasks to queue
[2025-06-05T02:23:14.799+0000] {logging_mixin.py:190} INFO - [2025-06-05T02:23:14.799+0000] {dagbag.py:588} INFO - Filling up the DagBag from /opt/airflow/dags/Sesion2/Ejemplo3.py
[2025-06-05T02:23:14.805+0000] {processor.py:925} INFO - DAG(s) 'bash_dag' retrieved from /opt/airflow/dags/Sesion2/Ejemplo3.py
[2025-06-05T02:23:14.821+0000] {logging_mixin.py:190} INFO - [2025-06-05T02:23:14.821+0000] {dag.py:3239} INFO - Sync 1 DAGs
[2025-06-05T02:23:14.840+0000] {logging_mixin.py:190} INFO - [2025-06-05T02:23:14.840+0000] {dag.py:4180} INFO - Setting next_dagrun for bash_dag to 2025-05-28 00:00:00+00:00, run_after=2025-05-29 00:00:00+00:00
[2025-06-05T02:23:14.854+0000] {processor.py:208} INFO - Processing /opt/airflow/dags/Sesion2/Ejemplo3.py took 0.064 seconds
[2025-06-05T02:23:45.785+0000] {processor.py:186} INFO - Started process (PID=4514) to work on /opt/airflow/dags/Sesion2/Ejemplo3.py
[2025-06-05T02:23:45.786+0000] {processor.py:914} INFO - Processing file /opt/airflow/dags/Sesion2/Ejemplo3.py for tasks to queue
[2025-06-05T02:23:45.789+0000] {logging_mixin.py:190} INFO - [2025-06-05T02:23:45.788+0000] {dagbag.py:588} INFO - Filling up the DagBag from /opt/airflow/dags/Sesion2/Ejemplo3.py
[2025-06-05T02:23:45.796+0000] {processor.py:925} INFO - DAG(s) 'bash_dag' retrieved from /opt/airflow/dags/Sesion2/Ejemplo3.py
[2025-06-05T02:23:45.818+0000] {logging_mixin.py:190} INFO - [2025-06-05T02:23:45.818+0000] {dag.py:3239} INFO - Sync 1 DAGs
[2025-06-05T02:23:45.846+0000] {logging_mixin.py:190} INFO - [2025-06-05T02:23:45.846+0000] {dag.py:4180} INFO - Setting next_dagrun for bash_dag to 2025-05-28 00:00:00+00:00, run_after=2025-05-29 00:00:00+00:00
[2025-06-05T02:23:46.015+0000] {processor.py:208} INFO - Processing /opt/airflow/dags/Sesion2/Ejemplo3.py took 0.237 seconds
[2025-06-05T02:24:16.521+0000] {processor.py:186} INFO - Started process (PID=4629) to work on /opt/airflow/dags/Sesion2/Ejemplo3.py
[2025-06-05T02:24:16.522+0000] {processor.py:914} INFO - Processing file /opt/airflow/dags/Sesion2/Ejemplo3.py for tasks to queue
[2025-06-05T02:24:16.525+0000] {logging_mixin.py:190} INFO - [2025-06-05T02:24:16.524+0000] {dagbag.py:588} INFO - Filling up the DagBag from /opt/airflow/dags/Sesion2/Ejemplo3.py
[2025-06-05T02:24:16.533+0000] {processor.py:925} INFO - DAG(s) 'bash_dag' retrieved from /opt/airflow/dags/Sesion2/Ejemplo3.py
[2025-06-05T02:24:16.556+0000] {logging_mixin.py:190} INFO - [2025-06-05T02:24:16.556+0000] {dag.py:3239} INFO - Sync 1 DAGs
[2025-06-05T02:24:16.581+0000] {logging_mixin.py:190} INFO - [2025-06-05T02:24:16.581+0000] {dag.py:4180} INFO - Setting next_dagrun for bash_dag to 2025-05-28 00:00:00+00:00, run_after=2025-05-29 00:00:00+00:00
[2025-06-05T02:24:16.595+0000] {processor.py:208} INFO - Processing /opt/airflow/dags/Sesion2/Ejemplo3.py took 0.082 seconds
[2025-06-05T02:24:46.726+0000] {processor.py:186} INFO - Started process (PID=4744) to work on /opt/airflow/dags/Sesion2/Ejemplo3.py
[2025-06-05T02:24:46.727+0000] {processor.py:914} INFO - Processing file /opt/airflow/dags/Sesion2/Ejemplo3.py for tasks to queue
[2025-06-05T02:24:46.730+0000] {logging_mixin.py:190} INFO - [2025-06-05T02:24:46.729+0000] {dagbag.py:588} INFO - Filling up the DagBag from /opt/airflow/dags/Sesion2/Ejemplo3.py
[2025-06-05T02:24:46.738+0000] {processor.py:925} INFO - DAG(s) 'bash_dag' retrieved from /opt/airflow/dags/Sesion2/Ejemplo3.py
[2025-06-05T02:24:46.759+0000] {logging_mixin.py:190} INFO - [2025-06-05T02:24:46.759+0000] {dag.py:3239} INFO - Sync 1 DAGs
[2025-06-05T02:24:46.789+0000] {logging_mixin.py:190} INFO - [2025-06-05T02:24:46.789+0000] {dag.py:4180} INFO - Setting next_dagrun for bash_dag to 2025-05-28 00:00:00+00:00, run_after=2025-05-29 00:00:00+00:00
[2025-06-05T02:24:46.807+0000] {processor.py:208} INFO - Processing /opt/airflow/dags/Sesion2/Ejemplo3.py took 0.088 seconds
[2025-06-05T02:25:17.989+0000] {processor.py:186} INFO - Started process (PID=4861) to work on /opt/airflow/dags/Sesion2/Ejemplo3.py
[2025-06-05T02:25:17.990+0000] {processor.py:914} INFO - Processing file /opt/airflow/dags/Sesion2/Ejemplo3.py for tasks to queue
[2025-06-05T02:25:17.991+0000] {logging_mixin.py:190} INFO - [2025-06-05T02:25:17.991+0000] {dagbag.py:588} INFO - Filling up the DagBag from /opt/airflow/dags/Sesion2/Ejemplo3.py
[2025-06-05T02:25:17.997+0000] {processor.py:925} INFO - DAG(s) 'bash_dag' retrieved from /opt/airflow/dags/Sesion2/Ejemplo3.py
[2025-06-05T02:25:18.014+0000] {logging_mixin.py:190} INFO - [2025-06-05T02:25:18.013+0000] {dag.py:3239} INFO - Sync 1 DAGs
[2025-06-05T02:25:18.034+0000] {logging_mixin.py:190} INFO - [2025-06-05T02:25:18.034+0000] {dag.py:4180} INFO - Setting next_dagrun for bash_dag to 2025-05-28 00:00:00+00:00, run_after=2025-05-29 00:00:00+00:00
[2025-06-05T02:25:18.049+0000] {processor.py:208} INFO - Processing /opt/airflow/dags/Sesion2/Ejemplo3.py took 0.065 seconds
[2025-06-05T02:25:50.068+0000] {processor.py:186} INFO - Started process (PID=4974) to work on /opt/airflow/dags/Sesion2/Ejemplo3.py
[2025-06-05T02:25:50.069+0000] {processor.py:914} INFO - Processing file /opt/airflow/dags/Sesion2/Ejemplo3.py for tasks to queue
[2025-06-05T02:25:50.072+0000] {logging_mixin.py:190} INFO - [2025-06-05T02:25:50.071+0000] {dagbag.py:588} INFO - Filling up the DagBag from /opt/airflow/dags/Sesion2/Ejemplo3.py
[2025-06-05T02:25:50.080+0000] {processor.py:925} INFO - DAG(s) 'bash_dag' retrieved from /opt/airflow/dags/Sesion2/Ejemplo3.py
[2025-06-05T02:25:50.098+0000] {logging_mixin.py:190} INFO - [2025-06-05T02:25:50.098+0000] {dag.py:3239} INFO - Sync 1 DAGs
[2025-06-05T02:25:50.124+0000] {logging_mixin.py:190} INFO - [2025-06-05T02:25:50.124+0000] {dag.py:4180} INFO - Setting next_dagrun for bash_dag to 2025-05-28 00:00:00+00:00, run_after=2025-05-29 00:00:00+00:00
[2025-06-05T02:25:50.261+0000] {processor.py:208} INFO - Processing /opt/airflow/dags/Sesion2/Ejemplo3.py took 0.200 seconds
[2025-06-05T02:26:21.698+0000] {processor.py:186} INFO - Started process (PID=5089) to work on /opt/airflow/dags/Sesion2/Ejemplo3.py
[2025-06-05T02:26:21.699+0000] {processor.py:914} INFO - Processing file /opt/airflow/dags/Sesion2/Ejemplo3.py for tasks to queue
[2025-06-05T02:26:21.701+0000] {logging_mixin.py:190} INFO - [2025-06-05T02:26:21.701+0000] {dagbag.py:588} INFO - Filling up the DagBag from /opt/airflow/dags/Sesion2/Ejemplo3.py
[2025-06-05T02:26:21.710+0000] {processor.py:925} INFO - DAG(s) 'bash_dag' retrieved from /opt/airflow/dags/Sesion2/Ejemplo3.py
[2025-06-05T02:26:21.731+0000] {logging_mixin.py:190} INFO - [2025-06-05T02:26:21.730+0000] {dag.py:3239} INFO - Sync 1 DAGs
[2025-06-05T02:26:21.876+0000] {logging_mixin.py:190} INFO - [2025-06-05T02:26:21.875+0000] {dag.py:4180} INFO - Setting next_dagrun for bash_dag to 2025-05-28 00:00:00+00:00, run_after=2025-05-29 00:00:00+00:00
[2025-06-05T02:26:21.889+0000] {processor.py:208} INFO - Processing /opt/airflow/dags/Sesion2/Ejemplo3.py took 0.198 seconds
[2025-06-05T02:26:52.793+0000] {processor.py:186} INFO - Started process (PID=5206) to work on /opt/airflow/dags/Sesion2/Ejemplo3.py
[2025-06-05T02:26:52.793+0000] {processor.py:914} INFO - Processing file /opt/airflow/dags/Sesion2/Ejemplo3.py for tasks to queue
[2025-06-05T02:26:52.795+0000] {logging_mixin.py:190} INFO - [2025-06-05T02:26:52.795+0000] {dagbag.py:588} INFO - Filling up the DagBag from /opt/airflow/dags/Sesion2/Ejemplo3.py
[2025-06-05T02:26:52.802+0000] {processor.py:925} INFO - DAG(s) 'bash_dag' retrieved from /opt/airflow/dags/Sesion2/Ejemplo3.py
[2025-06-05T02:26:52.817+0000] {logging_mixin.py:190} INFO - [2025-06-05T02:26:52.817+0000] {dag.py:3239} INFO - Sync 1 DAGs
[2025-06-05T02:26:52.837+0000] {logging_mixin.py:190} INFO - [2025-06-05T02:26:52.837+0000] {dag.py:4180} INFO - Setting next_dagrun for bash_dag to 2025-05-28 00:00:00+00:00, run_after=2025-05-29 00:00:00+00:00
[2025-06-05T02:26:52.851+0000] {processor.py:208} INFO - Processing /opt/airflow/dags/Sesion2/Ejemplo3.py took 0.064 seconds
[2025-06-05T02:27:22.977+0000] {processor.py:186} INFO - Started process (PID=5321) to work on /opt/airflow/dags/Sesion2/Ejemplo3.py
[2025-06-05T02:27:22.977+0000] {processor.py:914} INFO - Processing file /opt/airflow/dags/Sesion2/Ejemplo3.py for tasks to queue
[2025-06-05T02:27:22.980+0000] {logging_mixin.py:190} INFO - [2025-06-05T02:27:22.979+0000] {dagbag.py:588} INFO - Filling up the DagBag from /opt/airflow/dags/Sesion2/Ejemplo3.py
[2025-06-05T02:27:22.987+0000] {processor.py:925} INFO - DAG(s) 'bash_dag' retrieved from /opt/airflow/dags/Sesion2/Ejemplo3.py
[2025-06-05T02:27:23.002+0000] {logging_mixin.py:190} INFO - [2025-06-05T02:27:23.002+0000] {dag.py:3239} INFO - Sync 1 DAGs
[2025-06-05T02:27:23.022+0000] {logging_mixin.py:190} INFO - [2025-06-05T02:27:23.022+0000] {dag.py:4180} INFO - Setting next_dagrun for bash_dag to 2025-05-28 00:00:00+00:00, run_after=2025-05-29 00:00:00+00:00
[2025-06-05T02:27:23.036+0000] {processor.py:208} INFO - Processing /opt/airflow/dags/Sesion2/Ejemplo3.py took 0.067 seconds
[2025-06-05T02:27:55.319+0000] {processor.py:186} INFO - Started process (PID=5434) to work on /opt/airflow/dags/Sesion2/Ejemplo3.py
[2025-06-05T02:27:55.321+0000] {processor.py:914} INFO - Processing file /opt/airflow/dags/Sesion2/Ejemplo3.py for tasks to queue
[2025-06-05T02:27:55.323+0000] {logging_mixin.py:190} INFO - [2025-06-05T02:27:55.323+0000] {dagbag.py:588} INFO - Filling up the DagBag from /opt/airflow/dags/Sesion2/Ejemplo3.py
[2025-06-05T02:27:55.331+0000] {processor.py:925} INFO - DAG(s) 'bash_dag' retrieved from /opt/airflow/dags/Sesion2/Ejemplo3.py
[2025-06-05T02:27:55.351+0000] {logging_mixin.py:190} INFO - [2025-06-05T02:27:55.350+0000] {dag.py:3239} INFO - Sync 1 DAGs
[2025-06-05T02:27:55.371+0000] {logging_mixin.py:190} INFO - [2025-06-05T02:27:55.371+0000] {dag.py:4180} INFO - Setting next_dagrun for bash_dag to 2025-05-28 00:00:00+00:00, run_after=2025-05-29 00:00:00+00:00
[2025-06-05T02:27:55.510+0000] {processor.py:208} INFO - Processing /opt/airflow/dags/Sesion2/Ejemplo3.py took 0.198 seconds
[2025-06-05T02:28:26.941+0000] {processor.py:186} INFO - Started process (PID=5549) to work on /opt/airflow/dags/Sesion2/Ejemplo3.py
[2025-06-05T02:28:26.942+0000] {processor.py:914} INFO - Processing file /opt/airflow/dags/Sesion2/Ejemplo3.py for tasks to queue
[2025-06-05T02:28:26.944+0000] {logging_mixin.py:190} INFO - [2025-06-05T02:28:26.944+0000] {dagbag.py:588} INFO - Filling up the DagBag from /opt/airflow/dags/Sesion2/Ejemplo3.py
[2025-06-05T02:28:26.952+0000] {processor.py:925} INFO - DAG(s) 'bash_dag' retrieved from /opt/airflow/dags/Sesion2/Ejemplo3.py
[2025-06-05T02:28:26.977+0000] {logging_mixin.py:190} INFO - [2025-06-05T02:28:26.977+0000] {dag.py:3239} INFO - Sync 1 DAGs
[2025-06-05T02:28:27.193+0000] {logging_mixin.py:190} INFO - [2025-06-05T02:28:27.193+0000] {dag.py:4180} INFO - Setting next_dagrun for bash_dag to 2025-05-28 00:00:00+00:00, run_after=2025-05-29 00:00:00+00:00
[2025-06-05T02:28:27.211+0000] {processor.py:208} INFO - Processing /opt/airflow/dags/Sesion2/Ejemplo3.py took 0.277 seconds
[2025-06-05T02:28:57.368+0000] {processor.py:186} INFO - Started process (PID=5664) to work on /opt/airflow/dags/Sesion2/Ejemplo3.py
[2025-06-05T02:28:57.369+0000] {processor.py:914} INFO - Processing file /opt/airflow/dags/Sesion2/Ejemplo3.py for tasks to queue
[2025-06-05T02:28:57.372+0000] {logging_mixin.py:190} INFO - [2025-06-05T02:28:57.372+0000] {dagbag.py:588} INFO - Filling up the DagBag from /opt/airflow/dags/Sesion2/Ejemplo3.py
[2025-06-05T02:28:57.381+0000] {processor.py:925} INFO - DAG(s) 'bash_dag' retrieved from /opt/airflow/dags/Sesion2/Ejemplo3.py
[2025-06-05T02:28:57.408+0000] {logging_mixin.py:190} INFO - [2025-06-05T02:28:57.407+0000] {dag.py:3239} INFO - Sync 1 DAGs
[2025-06-05T02:28:57.431+0000] {logging_mixin.py:190} INFO - [2025-06-05T02:28:57.431+0000] {dag.py:4180} INFO - Setting next_dagrun for bash_dag to 2025-05-28 00:00:00+00:00, run_after=2025-05-29 00:00:00+00:00
[2025-06-05T02:28:57.445+0000] {processor.py:208} INFO - Processing /opt/airflow/dags/Sesion2/Ejemplo3.py took 0.084 seconds
[2025-06-05T02:29:28.806+0000] {processor.py:186} INFO - Started process (PID=5779) to work on /opt/airflow/dags/Sesion2/Ejemplo3.py
[2025-06-05T02:29:28.807+0000] {processor.py:914} INFO - Processing file /opt/airflow/dags/Sesion2/Ejemplo3.py for tasks to queue
[2025-06-05T02:29:28.810+0000] {logging_mixin.py:190} INFO - [2025-06-05T02:29:28.810+0000] {dagbag.py:588} INFO - Filling up the DagBag from /opt/airflow/dags/Sesion2/Ejemplo3.py
[2025-06-05T02:29:28.819+0000] {processor.py:925} INFO - DAG(s) 'bash_dag' retrieved from /opt/airflow/dags/Sesion2/Ejemplo3.py
[2025-06-05T02:29:28.841+0000] {logging_mixin.py:190} INFO - [2025-06-05T02:29:28.841+0000] {dag.py:3239} INFO - Sync 1 DAGs
[2025-06-05T02:29:28.867+0000] {logging_mixin.py:190} INFO - [2025-06-05T02:29:28.867+0000] {dag.py:4180} INFO - Setting next_dagrun for bash_dag to 2025-05-28 00:00:00+00:00, run_after=2025-05-29 00:00:00+00:00
[2025-06-05T02:29:28.881+0000] {processor.py:208} INFO - Processing /opt/airflow/dags/Sesion2/Ejemplo3.py took 0.081 seconds
[2025-06-05T02:30:01.085+0000] {processor.py:186} INFO - Started process (PID=5894) to work on /opt/airflow/dags/Sesion2/Ejemplo3.py
[2025-06-05T02:30:01.087+0000] {processor.py:914} INFO - Processing file /opt/airflow/dags/Sesion2/Ejemplo3.py for tasks to queue
[2025-06-05T02:30:01.089+0000] {logging_mixin.py:190} INFO - [2025-06-05T02:30:01.089+0000] {dagbag.py:588} INFO - Filling up the DagBag from /opt/airflow/dags/Sesion2/Ejemplo3.py
[2025-06-05T02:30:01.098+0000] {processor.py:925} INFO - DAG(s) 'bash_dag' retrieved from /opt/airflow/dags/Sesion2/Ejemplo3.py
[2025-06-05T02:30:01.120+0000] {logging_mixin.py:190} INFO - [2025-06-05T02:30:01.120+0000] {dag.py:3239} INFO - Sync 1 DAGs
[2025-06-05T02:30:01.152+0000] {logging_mixin.py:190} INFO - [2025-06-05T02:30:01.151+0000] {dag.py:4180} INFO - Setting next_dagrun for bash_dag to 2025-05-28 00:00:00+00:00, run_after=2025-05-29 00:00:00+00:00
[2025-06-05T02:30:01.328+0000] {processor.py:208} INFO - Processing /opt/airflow/dags/Sesion2/Ejemplo3.py took 0.250 seconds
[2025-06-05T02:30:31.850+0000] {processor.py:186} INFO - Started process (PID=6009) to work on /opt/airflow/dags/Sesion2/Ejemplo3.py
[2025-06-05T02:30:31.851+0000] {processor.py:914} INFO - Processing file /opt/airflow/dags/Sesion2/Ejemplo3.py for tasks to queue
[2025-06-05T02:30:31.853+0000] {logging_mixin.py:190} INFO - [2025-06-05T02:30:31.853+0000] {dagbag.py:588} INFO - Filling up the DagBag from /opt/airflow/dags/Sesion2/Ejemplo3.py
[2025-06-05T02:30:31.862+0000] {processor.py:925} INFO - DAG(s) 'bash_dag' retrieved from /opt/airflow/dags/Sesion2/Ejemplo3.py
[2025-06-05T02:30:31.899+0000] {logging_mixin.py:190} INFO - [2025-06-05T02:30:31.899+0000] {dag.py:3239} INFO - Sync 1 DAGs
[2025-06-05T02:30:32.106+0000] {logging_mixin.py:190} INFO - [2025-06-05T02:30:32.106+0000] {dag.py:4180} INFO - Setting next_dagrun for bash_dag to 2025-05-28 00:00:00+00:00, run_after=2025-05-29 00:00:00+00:00
[2025-06-05T02:30:32.119+0000] {processor.py:208} INFO - Processing /opt/airflow/dags/Sesion2/Ejemplo3.py took 0.277 seconds
[2025-06-05T02:31:02.914+0000] {processor.py:186} INFO - Started process (PID=6124) to work on /opt/airflow/dags/Sesion2/Ejemplo3.py
[2025-06-05T02:31:02.914+0000] {processor.py:914} INFO - Processing file /opt/airflow/dags/Sesion2/Ejemplo3.py for tasks to queue
[2025-06-05T02:31:02.919+0000] {logging_mixin.py:190} INFO - [2025-06-05T02:31:02.919+0000] {dagbag.py:588} INFO - Filling up the DagBag from /opt/airflow/dags/Sesion2/Ejemplo3.py
[2025-06-05T02:31:02.936+0000] {processor.py:925} INFO - DAG(s) 'bash_dag' retrieved from /opt/airflow/dags/Sesion2/Ejemplo3.py
[2025-06-05T02:31:03.025+0000] {logging_mixin.py:190} INFO - [2025-06-05T02:31:03.025+0000] {dag.py:3239} INFO - Sync 1 DAGs
[2025-06-05T02:31:03.070+0000] {logging_mixin.py:190} INFO - [2025-06-05T02:31:03.070+0000] {dag.py:4180} INFO - Setting next_dagrun for bash_dag to 2025-05-28 00:00:00+00:00, run_after=2025-05-29 00:00:00+00:00
[2025-06-05T02:31:03.117+0000] {processor.py:208} INFO - Processing /opt/airflow/dags/Sesion2/Ejemplo3.py took 0.217 seconds
[2025-06-05T02:31:33.176+0000] {processor.py:186} INFO - Started process (PID=6239) to work on /opt/airflow/dags/Sesion2/Ejemplo3.py
[2025-06-05T02:31:33.177+0000] {processor.py:914} INFO - Processing file /opt/airflow/dags/Sesion2/Ejemplo3.py for tasks to queue
[2025-06-05T02:31:33.179+0000] {logging_mixin.py:190} INFO - [2025-06-05T02:31:33.179+0000] {dagbag.py:588} INFO - Filling up the DagBag from /opt/airflow/dags/Sesion2/Ejemplo3.py
[2025-06-05T02:31:33.188+0000] {processor.py:925} INFO - DAG(s) 'bash_dag' retrieved from /opt/airflow/dags/Sesion2/Ejemplo3.py
[2025-06-05T02:31:33.209+0000] {logging_mixin.py:190} INFO - [2025-06-05T02:31:33.209+0000] {dag.py:3239} INFO - Sync 1 DAGs
[2025-06-05T02:31:33.239+0000] {logging_mixin.py:190} INFO - [2025-06-05T02:31:33.238+0000] {dag.py:4180} INFO - Setting next_dagrun for bash_dag to 2025-05-28 00:00:00+00:00, run_after=2025-05-29 00:00:00+00:00
[2025-06-05T02:31:33.257+0000] {processor.py:208} INFO - Processing /opt/airflow/dags/Sesion2/Ejemplo3.py took 0.088 seconds
[2025-06-05T02:32:05.208+0000] {processor.py:186} INFO - Started process (PID=6354) to work on /opt/airflow/dags/Sesion2/Ejemplo3.py
[2025-06-05T02:32:05.209+0000] {processor.py:914} INFO - Processing file /opt/airflow/dags/Sesion2/Ejemplo3.py for tasks to queue
[2025-06-05T02:32:05.212+0000] {logging_mixin.py:190} INFO - [2025-06-05T02:32:05.212+0000] {dagbag.py:588} INFO - Filling up the DagBag from /opt/airflow/dags/Sesion2/Ejemplo3.py
[2025-06-05T02:32:05.221+0000] {processor.py:925} INFO - DAG(s) 'bash_dag' retrieved from /opt/airflow/dags/Sesion2/Ejemplo3.py
[2025-06-05T02:32:05.247+0000] {logging_mixin.py:190} INFO - [2025-06-05T02:32:05.246+0000] {dag.py:3239} INFO - Sync 1 DAGs
[2025-06-05T02:32:05.276+0000] {logging_mixin.py:190} INFO - [2025-06-05T02:32:05.276+0000] {dag.py:4180} INFO - Setting next_dagrun for bash_dag to 2025-05-28 00:00:00+00:00, run_after=2025-05-29 00:00:00+00:00
[2025-06-05T02:32:05.462+0000] {processor.py:208} INFO - Processing /opt/airflow/dags/Sesion2/Ejemplo3.py took 0.261 seconds
[2025-06-05T02:32:36.373+0000] {processor.py:186} INFO - Started process (PID=6469) to work on /opt/airflow/dags/Sesion2/Ejemplo3.py
[2025-06-05T02:32:36.374+0000] {processor.py:914} INFO - Processing file /opt/airflow/dags/Sesion2/Ejemplo3.py for tasks to queue
[2025-06-05T02:32:36.376+0000] {logging_mixin.py:190} INFO - [2025-06-05T02:32:36.375+0000] {dagbag.py:588} INFO - Filling up the DagBag from /opt/airflow/dags/Sesion2/Ejemplo3.py
[2025-06-05T02:32:36.384+0000] {processor.py:925} INFO - DAG(s) 'bash_dag' retrieved from /opt/airflow/dags/Sesion2/Ejemplo3.py
[2025-06-05T02:32:36.406+0000] {logging_mixin.py:190} INFO - [2025-06-05T02:32:36.405+0000] {dag.py:3239} INFO - Sync 1 DAGs
[2025-06-05T02:32:36.573+0000] {logging_mixin.py:190} INFO - [2025-06-05T02:32:36.573+0000] {dag.py:4180} INFO - Setting next_dagrun for bash_dag to 2025-05-28 00:00:00+00:00, run_after=2025-05-29 00:00:00+00:00
[2025-06-05T02:32:36.587+0000] {processor.py:208} INFO - Processing /opt/airflow/dags/Sesion2/Ejemplo3.py took 0.228 seconds
[2025-06-05T02:33:07.218+0000] {processor.py:186} INFO - Started process (PID=6584) to work on /opt/airflow/dags/Sesion2/Ejemplo3.py
[2025-06-05T02:33:07.219+0000] {processor.py:914} INFO - Processing file /opt/airflow/dags/Sesion2/Ejemplo3.py for tasks to queue
[2025-06-05T02:33:07.221+0000] {logging_mixin.py:190} INFO - [2025-06-05T02:33:07.221+0000] {dagbag.py:588} INFO - Filling up the DagBag from /opt/airflow/dags/Sesion2/Ejemplo3.py
[2025-06-05T02:33:07.230+0000] {processor.py:925} INFO - DAG(s) 'bash_dag' retrieved from /opt/airflow/dags/Sesion2/Ejemplo3.py
[2025-06-05T02:33:07.251+0000] {logging_mixin.py:190} INFO - [2025-06-05T02:33:07.251+0000] {dag.py:3239} INFO - Sync 1 DAGs
[2025-06-05T02:33:07.291+0000] {logging_mixin.py:190} INFO - [2025-06-05T02:33:07.291+0000] {dag.py:4180} INFO - Setting next_dagrun for bash_dag to 2025-05-28 00:00:00+00:00, run_after=2025-05-29 00:00:00+00:00
[2025-06-05T02:33:07.310+0000] {processor.py:208} INFO - Processing /opt/airflow/dags/Sesion2/Ejemplo3.py took 0.099 seconds
[2025-06-05T02:33:37.371+0000] {processor.py:186} INFO - Started process (PID=6696) to work on /opt/airflow/dags/Sesion2/Ejemplo3.py
[2025-06-05T02:33:37.372+0000] {processor.py:914} INFO - Processing file /opt/airflow/dags/Sesion2/Ejemplo3.py for tasks to queue
[2025-06-05T02:33:37.376+0000] {logging_mixin.py:190} INFO - [2025-06-05T02:33:37.376+0000] {dagbag.py:588} INFO - Filling up the DagBag from /opt/airflow/dags/Sesion2/Ejemplo3.py
[2025-06-05T02:33:37.387+0000] {processor.py:925} INFO - DAG(s) 'bash_dag' retrieved from /opt/airflow/dags/Sesion2/Ejemplo3.py
[2025-06-05T02:33:37.406+0000] {logging_mixin.py:190} INFO - [2025-06-05T02:33:37.406+0000] {dag.py:3239} INFO - Sync 1 DAGs
[2025-06-05T02:33:37.433+0000] {logging_mixin.py:190} INFO - [2025-06-05T02:33:37.433+0000] {dag.py:4180} INFO - Setting next_dagrun for bash_dag to 2025-05-28 00:00:00+00:00, run_after=2025-05-29 00:00:00+00:00
[2025-06-05T02:33:37.447+0000] {processor.py:208} INFO - Processing /opt/airflow/dags/Sesion2/Ejemplo3.py took 0.083 seconds
[2025-06-05T02:34:08.201+0000] {processor.py:186} INFO - Started process (PID=6814) to work on /opt/airflow/dags/Sesion2/Ejemplo3.py
[2025-06-05T02:34:08.202+0000] {processor.py:914} INFO - Processing file /opt/airflow/dags/Sesion2/Ejemplo3.py for tasks to queue
[2025-06-05T02:34:08.205+0000] {logging_mixin.py:190} INFO - [2025-06-05T02:34:08.204+0000] {dagbag.py:588} INFO - Filling up the DagBag from /opt/airflow/dags/Sesion2/Ejemplo3.py
[2025-06-05T02:34:08.221+0000] {processor.py:925} INFO - DAG(s) 'bash_dag' retrieved from /opt/airflow/dags/Sesion2/Ejemplo3.py
[2025-06-05T02:34:08.271+0000] {logging_mixin.py:190} INFO - [2025-06-05T02:34:08.271+0000] {dag.py:3239} INFO - Sync 1 DAGs
[2025-06-05T02:34:08.314+0000] {logging_mixin.py:190} INFO - [2025-06-05T02:34:08.314+0000] {dag.py:4180} INFO - Setting next_dagrun for bash_dag to 2025-05-28 00:00:00+00:00, run_after=2025-05-29 00:00:00+00:00
[2025-06-05T02:34:08.331+0000] {processor.py:208} INFO - Processing /opt/airflow/dags/Sesion2/Ejemplo3.py took 0.138 seconds
[2025-06-05T05:21:12.373+0000] {processor.py:186} INFO - Started process (PID=276) to work on /opt/airflow/dags/Sesion2/Ejemplo3.py
[2025-06-05T05:21:12.380+0000] {processor.py:914} INFO - Processing file /opt/airflow/dags/Sesion2/Ejemplo3.py for tasks to queue
[2025-06-05T05:21:12.385+0000] {logging_mixin.py:190} INFO - [2025-06-05T05:21:12.385+0000] {dagbag.py:588} INFO - Filling up the DagBag from /opt/airflow/dags/Sesion2/Ejemplo3.py
[2025-06-05T05:21:12.409+0000] {processor.py:925} INFO - DAG(s) 'bash_dag' retrieved from /opt/airflow/dags/Sesion2/Ejemplo3.py
[2025-06-05T05:21:12.454+0000] {logging_mixin.py:190} INFO - [2025-06-05T05:21:12.453+0000] {dag.py:3239} INFO - Sync 1 DAGs
[2025-06-05T05:21:12.491+0000] {logging_mixin.py:190} INFO - [2025-06-05T05:21:12.491+0000] {dag.py:4180} INFO - Setting next_dagrun for bash_dag to 2025-05-28 00:00:00+00:00, run_after=2025-05-29 00:00:00+00:00
[2025-06-05T05:21:12.544+0000] {processor.py:208} INFO - Processing /opt/airflow/dags/Sesion2/Ejemplo3.py took 0.193 seconds
[2025-06-05T05:21:43.518+0000] {processor.py:186} INFO - Started process (PID=390) to work on /opt/airflow/dags/Sesion2/Ejemplo3.py
[2025-06-05T05:21:43.519+0000] {processor.py:914} INFO - Processing file /opt/airflow/dags/Sesion2/Ejemplo3.py for tasks to queue
[2025-06-05T05:21:43.523+0000] {logging_mixin.py:190} INFO - [2025-06-05T05:21:43.523+0000] {dagbag.py:588} INFO - Filling up the DagBag from /opt/airflow/dags/Sesion2/Ejemplo3.py
[2025-06-05T05:21:43.539+0000] {processor.py:925} INFO - DAG(s) 'bash_dag' retrieved from /opt/airflow/dags/Sesion2/Ejemplo3.py
[2025-06-05T05:21:43.583+0000] {logging_mixin.py:190} INFO - [2025-06-05T05:21:43.583+0000] {dag.py:3239} INFO - Sync 1 DAGs
[2025-06-05T05:21:43.632+0000] {logging_mixin.py:190} INFO - [2025-06-05T05:21:43.631+0000] {dag.py:4180} INFO - Setting next_dagrun for bash_dag to 2025-05-28 00:00:00+00:00, run_after=2025-05-29 00:00:00+00:00
[2025-06-05T05:21:43.653+0000] {processor.py:208} INFO - Processing /opt/airflow/dags/Sesion2/Ejemplo3.py took 0.144 seconds
