[2025-06-05T02:01:24.508+0000] {processor.py:186} INFO - Started process (PID=284) to work on /opt/airflow/dags/Sesion2/Ejemplo1.py
[2025-06-05T02:01:24.511+0000] {processor.py:914} INFO - Processing file /opt/airflow/dags/Sesion2/Ejemplo1.py for tasks to queue
[2025-06-05T02:01:24.516+0000] {logging_mixin.py:190} INFO - [2025-06-05T02:01:24.515+0000] {dagbag.py:588} INFO - Filling up the DagBag from /opt/airflow/dags/Sesion2/Ejemplo1.py
[2025-06-05T02:01:24.740+0000] {processor.py:925} INFO - DAG(s) 'hello_world_dag' retrieved from /opt/airflow/dags/Sesion2/Ejemplo1.py
[2025-06-05T02:01:24.897+0000] {logging_mixin.py:190} INFO - [2025-06-05T02:01:24.897+0000] {dag.py:3239} INFO - Sync 1 DAGs
[2025-06-05T02:01:25.082+0000] {logging_mixin.py:190} INFO - [2025-06-05T02:01:25.082+0000] {dag.py:4180} INFO - Setting next_dagrun for hello_world_dag to 2025-05-28 00:00:00+00:00, run_after=2025-05-29 00:00:00+00:00
[2025-06-05T02:01:25.156+0000] {processor.py:208} INFO - Processing /opt/airflow/dags/Sesion2/Ejemplo1.py took 0.667 seconds
[2025-06-05T02:01:57.161+0000] {processor.py:186} INFO - Started process (PID=398) to work on /opt/airflow/dags/Sesion2/Ejemplo1.py
[2025-06-05T02:01:57.164+0000] {processor.py:914} INFO - Processing file /opt/airflow/dags/Sesion2/Ejemplo1.py for tasks to queue
[2025-06-05T02:01:57.169+0000] {logging_mixin.py:190} INFO - [2025-06-05T02:01:57.169+0000] {dagbag.py:588} INFO - Filling up the DagBag from /opt/airflow/dags/Sesion2/Ejemplo1.py
[2025-06-05T02:01:57.204+0000] {processor.py:925} INFO - DAG(s) 'hello_world_dag' retrieved from /opt/airflow/dags/Sesion2/Ejemplo1.py
[2025-06-05T02:01:57.335+0000] {logging_mixin.py:190} INFO - [2025-06-05T02:01:57.334+0000] {dag.py:3239} INFO - Sync 1 DAGs
[2025-06-05T02:01:57.517+0000] {logging_mixin.py:190} INFO - [2025-06-05T02:01:57.515+0000] {dag.py:4180} INFO - Setting next_dagrun for hello_world_dag to 2025-05-28 00:00:00+00:00, run_after=2025-05-29 00:00:00+00:00
[2025-06-05T02:01:57.658+0000] {processor.py:208} INFO - Processing /opt/airflow/dags/Sesion2/Ejemplo1.py took 0.516 seconds
[2025-06-05T02:04:34.599+0000] {processor.py:186} INFO - Started process (PID=268) to work on /opt/airflow/dags/Sesion2/Ejemplo1.py
[2025-06-05T02:04:34.600+0000] {processor.py:914} INFO - Processing file /opt/airflow/dags/Sesion2/Ejemplo1.py for tasks to queue
[2025-06-05T02:04:34.602+0000] {logging_mixin.py:190} INFO - [2025-06-05T02:04:34.602+0000] {dagbag.py:588} INFO - Filling up the DagBag from /opt/airflow/dags/Sesion2/Ejemplo1.py
[2025-06-05T02:04:34.611+0000] {processor.py:925} INFO - DAG(s) 'hello_world_dag' retrieved from /opt/airflow/dags/Sesion2/Ejemplo1.py
[2025-06-05T02:04:34.633+0000] {logging_mixin.py:190} INFO - [2025-06-05T02:04:34.633+0000] {dag.py:3239} INFO - Sync 1 DAGs
[2025-06-05T02:04:34.663+0000] {logging_mixin.py:190} INFO - [2025-06-05T02:04:34.663+0000] {dag.py:4180} INFO - Setting next_dagrun for hello_world_dag to 2025-05-28 00:00:00+00:00, run_after=2025-05-29 00:00:00+00:00
[2025-06-05T02:04:34.684+0000] {processor.py:208} INFO - Processing /opt/airflow/dags/Sesion2/Ejemplo1.py took 0.093 seconds
[2025-06-05T02:05:04.991+0000] {processor.py:186} INFO - Started process (PID=383) to work on /opt/airflow/dags/Sesion2/Ejemplo1.py
[2025-06-05T02:05:04.991+0000] {processor.py:914} INFO - Processing file /opt/airflow/dags/Sesion2/Ejemplo1.py for tasks to queue
[2025-06-05T02:05:04.993+0000] {logging_mixin.py:190} INFO - [2025-06-05T02:05:04.993+0000] {dagbag.py:588} INFO - Filling up the DagBag from /opt/airflow/dags/Sesion2/Ejemplo1.py
[2025-06-05T02:05:04.999+0000] {processor.py:925} INFO - DAG(s) 'hello_world_dag' retrieved from /opt/airflow/dags/Sesion2/Ejemplo1.py
[2025-06-05T02:05:05.014+0000] {logging_mixin.py:190} INFO - [2025-06-05T02:05:05.014+0000] {dag.py:3239} INFO - Sync 1 DAGs
[2025-06-05T02:05:05.045+0000] {logging_mixin.py:190} INFO - [2025-06-05T02:05:05.045+0000] {dag.py:4180} INFO - Setting next_dagrun for hello_world_dag to 2025-05-28 00:00:00+00:00, run_after=2025-05-29 00:00:00+00:00
[2025-06-05T02:05:05.073+0000] {processor.py:208} INFO - Processing /opt/airflow/dags/Sesion2/Ejemplo1.py took 0.087 seconds
[2025-06-05T02:05:36.225+0000] {processor.py:186} INFO - Started process (PID=498) to work on /opt/airflow/dags/Sesion2/Ejemplo1.py
[2025-06-05T02:05:36.226+0000] {processor.py:914} INFO - Processing file /opt/airflow/dags/Sesion2/Ejemplo1.py for tasks to queue
[2025-06-05T02:05:36.227+0000] {logging_mixin.py:190} INFO - [2025-06-05T02:05:36.227+0000] {dagbag.py:588} INFO - Filling up the DagBag from /opt/airflow/dags/Sesion2/Ejemplo1.py
[2025-06-05T02:05:36.233+0000] {processor.py:925} INFO - DAG(s) 'hello_world_dag' retrieved from /opt/airflow/dags/Sesion2/Ejemplo1.py
[2025-06-05T02:05:36.248+0000] {logging_mixin.py:190} INFO - [2025-06-05T02:05:36.248+0000] {dag.py:3239} INFO - Sync 1 DAGs
[2025-06-05T02:05:36.271+0000] {logging_mixin.py:190} INFO - [2025-06-05T02:05:36.271+0000] {dag.py:4180} INFO - Setting next_dagrun for hello_world_dag to 2025-05-28 00:00:00+00:00, run_after=2025-05-29 00:00:00+00:00
[2025-06-05T02:05:36.291+0000] {processor.py:208} INFO - Processing /opt/airflow/dags/Sesion2/Ejemplo1.py took 0.071 seconds
[2025-06-05T02:06:07.468+0000] {processor.py:186} INFO - Started process (PID=611) to work on /opt/airflow/dags/Sesion2/Ejemplo1.py
[2025-06-05T02:06:07.469+0000] {processor.py:914} INFO - Processing file /opt/airflow/dags/Sesion2/Ejemplo1.py for tasks to queue
[2025-06-05T02:06:07.471+0000] {logging_mixin.py:190} INFO - [2025-06-05T02:06:07.471+0000] {dagbag.py:588} INFO - Filling up the DagBag from /opt/airflow/dags/Sesion2/Ejemplo1.py
[2025-06-05T02:06:07.479+0000] {processor.py:925} INFO - DAG(s) 'hello_world_dag' retrieved from /opt/airflow/dags/Sesion2/Ejemplo1.py
[2025-06-05T02:06:07.501+0000] {logging_mixin.py:190} INFO - [2025-06-05T02:06:07.500+0000] {dag.py:3239} INFO - Sync 1 DAGs
[2025-06-05T02:06:07.527+0000] {logging_mixin.py:190} INFO - [2025-06-05T02:06:07.527+0000] {dag.py:4180} INFO - Setting next_dagrun for hello_world_dag to 2025-05-28 00:00:00+00:00, run_after=2025-05-29 00:00:00+00:00
[2025-06-05T02:06:07.541+0000] {processor.py:208} INFO - Processing /opt/airflow/dags/Sesion2/Ejemplo1.py took 0.081 seconds
[2025-06-05T02:06:38.519+0000] {processor.py:186} INFO - Started process (PID=728) to work on /opt/airflow/dags/Sesion2/Ejemplo1.py
[2025-06-05T02:06:38.519+0000] {processor.py:914} INFO - Processing file /opt/airflow/dags/Sesion2/Ejemplo1.py for tasks to queue
[2025-06-05T02:06:38.524+0000] {logging_mixin.py:190} INFO - [2025-06-05T02:06:38.523+0000] {dagbag.py:588} INFO - Filling up the DagBag from /opt/airflow/dags/Sesion2/Ejemplo1.py
[2025-06-05T02:06:38.534+0000] {processor.py:925} INFO - DAG(s) 'hello_world_dag' retrieved from /opt/airflow/dags/Sesion2/Ejemplo1.py
[2025-06-05T02:06:38.549+0000] {logging_mixin.py:190} INFO - [2025-06-05T02:06:38.549+0000] {dag.py:3239} INFO - Sync 1 DAGs
[2025-06-05T02:06:38.569+0000] {logging_mixin.py:190} INFO - [2025-06-05T02:06:38.569+0000] {dag.py:4180} INFO - Setting next_dagrun for hello_world_dag to 2025-05-28 00:00:00+00:00, run_after=2025-05-29 00:00:00+00:00
[2025-06-05T02:06:38.582+0000] {processor.py:208} INFO - Processing /opt/airflow/dags/Sesion2/Ejemplo1.py took 0.073 seconds
[2025-06-05T02:07:09.623+0000] {processor.py:186} INFO - Started process (PID=841) to work on /opt/airflow/dags/Sesion2/Ejemplo1.py
[2025-06-05T02:07:09.626+0000] {processor.py:914} INFO - Processing file /opt/airflow/dags/Sesion2/Ejemplo1.py for tasks to queue
[2025-06-05T02:07:09.628+0000] {logging_mixin.py:190} INFO - [2025-06-05T02:07:09.628+0000] {dagbag.py:588} INFO - Filling up the DagBag from /opt/airflow/dags/Sesion2/Ejemplo1.py
[2025-06-05T02:07:09.636+0000] {processor.py:925} INFO - DAG(s) 'hello_world_dag' retrieved from /opt/airflow/dags/Sesion2/Ejemplo1.py
[2025-06-05T02:07:09.657+0000] {logging_mixin.py:190} INFO - [2025-06-05T02:07:09.656+0000] {dag.py:3239} INFO - Sync 1 DAGs
[2025-06-05T02:07:09.689+0000] {logging_mixin.py:190} INFO - [2025-06-05T02:07:09.688+0000] {dag.py:4180} INFO - Setting next_dagrun for hello_world_dag to 2025-05-28 00:00:00+00:00, run_after=2025-05-29 00:00:00+00:00
[2025-06-05T02:07:09.706+0000] {processor.py:208} INFO - Processing /opt/airflow/dags/Sesion2/Ejemplo1.py took 0.091 seconds
[2025-06-05T02:07:40.963+0000] {processor.py:186} INFO - Started process (PID=958) to work on /opt/airflow/dags/Sesion2/Ejemplo1.py
[2025-06-05T02:07:40.964+0000] {processor.py:914} INFO - Processing file /opt/airflow/dags/Sesion2/Ejemplo1.py for tasks to queue
[2025-06-05T02:07:40.966+0000] {logging_mixin.py:190} INFO - [2025-06-05T02:07:40.965+0000] {dagbag.py:588} INFO - Filling up the DagBag from /opt/airflow/dags/Sesion2/Ejemplo1.py
[2025-06-05T02:07:40.971+0000] {processor.py:925} INFO - DAG(s) 'hello_world_dag' retrieved from /opt/airflow/dags/Sesion2/Ejemplo1.py
[2025-06-05T02:07:40.986+0000] {logging_mixin.py:190} INFO - [2025-06-05T02:07:40.986+0000] {dag.py:3239} INFO - Sync 1 DAGs
[2025-06-05T02:07:41.006+0000] {logging_mixin.py:190} INFO - [2025-06-05T02:07:41.006+0000] {dag.py:4180} INFO - Setting next_dagrun for hello_world_dag to 2025-05-28 00:00:00+00:00, run_after=2025-05-29 00:00:00+00:00
[2025-06-05T02:07:41.020+0000] {processor.py:208} INFO - Processing /opt/airflow/dags/Sesion2/Ejemplo1.py took 0.062 seconds
[2025-06-05T02:08:12.297+0000] {processor.py:186} INFO - Started process (PID=1073) to work on /opt/airflow/dags/Sesion2/Ejemplo1.py
[2025-06-05T02:08:12.298+0000] {processor.py:914} INFO - Processing file /opt/airflow/dags/Sesion2/Ejemplo1.py for tasks to queue
[2025-06-05T02:08:12.302+0000] {logging_mixin.py:190} INFO - [2025-06-05T02:08:12.302+0000] {dagbag.py:588} INFO - Filling up the DagBag from /opt/airflow/dags/Sesion2/Ejemplo1.py
[2025-06-05T02:08:12.318+0000] {processor.py:925} INFO - DAG(s) 'hello_world_dag' retrieved from /opt/airflow/dags/Sesion2/Ejemplo1.py
[2025-06-05T02:08:12.344+0000] {logging_mixin.py:190} INFO - [2025-06-05T02:08:12.343+0000] {dag.py:3239} INFO - Sync 1 DAGs
[2025-06-05T02:08:12.364+0000] {logging_mixin.py:190} INFO - [2025-06-05T02:08:12.363+0000] {dag.py:4180} INFO - Setting next_dagrun for hello_world_dag to 2025-05-28 00:00:00+00:00, run_after=2025-05-29 00:00:00+00:00
[2025-06-05T02:08:12.378+0000] {processor.py:208} INFO - Processing /opt/airflow/dags/Sesion2/Ejemplo1.py took 0.090 seconds
[2025-06-05T02:08:43.250+0000] {processor.py:186} INFO - Started process (PID=1186) to work on /opt/airflow/dags/Sesion2/Ejemplo1.py
[2025-06-05T02:08:43.251+0000] {processor.py:914} INFO - Processing file /opt/airflow/dags/Sesion2/Ejemplo1.py for tasks to queue
[2025-06-05T02:08:43.254+0000] {logging_mixin.py:190} INFO - [2025-06-05T02:08:43.253+0000] {dagbag.py:588} INFO - Filling up the DagBag from /opt/airflow/dags/Sesion2/Ejemplo1.py
[2025-06-05T02:08:43.261+0000] {processor.py:925} INFO - DAG(s) 'hello_world_dag' retrieved from /opt/airflow/dags/Sesion2/Ejemplo1.py
[2025-06-05T02:08:43.283+0000] {logging_mixin.py:190} INFO - [2025-06-05T02:08:43.282+0000] {dag.py:3239} INFO - Sync 1 DAGs
[2025-06-05T02:08:43.313+0000] {logging_mixin.py:190} INFO - [2025-06-05T02:08:43.312+0000] {dag.py:4180} INFO - Setting next_dagrun for hello_world_dag to 2025-05-28 00:00:00+00:00, run_after=2025-05-29 00:00:00+00:00
[2025-06-05T02:08:43.330+0000] {processor.py:208} INFO - Processing /opt/airflow/dags/Sesion2/Ejemplo1.py took 0.086 seconds
[2025-06-05T02:09:14.226+0000] {processor.py:186} INFO - Started process (PID=1301) to work on /opt/airflow/dags/Sesion2/Ejemplo1.py
[2025-06-05T02:09:14.227+0000] {processor.py:914} INFO - Processing file /opt/airflow/dags/Sesion2/Ejemplo1.py for tasks to queue
[2025-06-05T02:09:14.229+0000] {logging_mixin.py:190} INFO - [2025-06-05T02:09:14.229+0000] {dagbag.py:588} INFO - Filling up the DagBag from /opt/airflow/dags/Sesion2/Ejemplo1.py
[2025-06-05T02:09:14.238+0000] {processor.py:925} INFO - DAG(s) 'hello_world_dag' retrieved from /opt/airflow/dags/Sesion2/Ejemplo1.py
[2025-06-05T02:09:14.261+0000] {logging_mixin.py:190} INFO - [2025-06-05T02:09:14.261+0000] {dag.py:3239} INFO - Sync 1 DAGs
[2025-06-05T02:09:14.293+0000] {logging_mixin.py:190} INFO - [2025-06-05T02:09:14.293+0000] {dag.py:4180} INFO - Setting next_dagrun for hello_world_dag to 2025-05-28 00:00:00+00:00, run_after=2025-05-29 00:00:00+00:00
[2025-06-05T02:09:14.312+0000] {processor.py:208} INFO - Processing /opt/airflow/dags/Sesion2/Ejemplo1.py took 0.093 seconds
[2025-06-05T02:09:45.626+0000] {processor.py:186} INFO - Started process (PID=1416) to work on /opt/airflow/dags/Sesion2/Ejemplo1.py
[2025-06-05T02:09:45.635+0000] {processor.py:914} INFO - Processing file /opt/airflow/dags/Sesion2/Ejemplo1.py for tasks to queue
[2025-06-05T02:09:45.638+0000] {logging_mixin.py:190} INFO - [2025-06-05T02:09:45.638+0000] {dagbag.py:588} INFO - Filling up the DagBag from /opt/airflow/dags/Sesion2/Ejemplo1.py
[2025-06-05T02:09:45.648+0000] {processor.py:925} INFO - DAG(s) 'hello_world_dag' retrieved from /opt/airflow/dags/Sesion2/Ejemplo1.py
[2025-06-05T02:09:45.692+0000] {logging_mixin.py:190} INFO - [2025-06-05T02:09:45.692+0000] {dag.py:3239} INFO - Sync 1 DAGs
[2025-06-05T02:09:45.728+0000] {logging_mixin.py:190} INFO - [2025-06-05T02:09:45.728+0000] {dag.py:4180} INFO - Setting next_dagrun for hello_world_dag to 2025-05-28 00:00:00+00:00, run_after=2025-05-29 00:00:00+00:00
[2025-06-05T02:09:45.749+0000] {processor.py:208} INFO - Processing /opt/airflow/dags/Sesion2/Ejemplo1.py took 0.131 seconds
[2025-06-05T02:10:16.619+0000] {processor.py:186} INFO - Started process (PID=1531) to work on /opt/airflow/dags/Sesion2/Ejemplo1.py
[2025-06-05T02:10:16.620+0000] {processor.py:914} INFO - Processing file /opt/airflow/dags/Sesion2/Ejemplo1.py for tasks to queue
[2025-06-05T02:10:16.622+0000] {logging_mixin.py:190} INFO - [2025-06-05T02:10:16.622+0000] {dagbag.py:588} INFO - Filling up the DagBag from /opt/airflow/dags/Sesion2/Ejemplo1.py
[2025-06-05T02:10:16.630+0000] {processor.py:925} INFO - DAG(s) 'hello_world_dag' retrieved from /opt/airflow/dags/Sesion2/Ejemplo1.py
[2025-06-05T02:10:16.651+0000] {logging_mixin.py:190} INFO - [2025-06-05T02:10:16.650+0000] {dag.py:3239} INFO - Sync 1 DAGs
[2025-06-05T02:10:16.680+0000] {logging_mixin.py:190} INFO - [2025-06-05T02:10:16.680+0000] {dag.py:4180} INFO - Setting next_dagrun for hello_world_dag to 2025-05-28 00:00:00+00:00, run_after=2025-05-29 00:00:00+00:00
[2025-06-05T02:10:16.697+0000] {processor.py:208} INFO - Processing /opt/airflow/dags/Sesion2/Ejemplo1.py took 0.085 seconds
[2025-06-05T02:10:47.814+0000] {processor.py:186} INFO - Started process (PID=1646) to work on /opt/airflow/dags/Sesion2/Ejemplo1.py
[2025-06-05T02:10:47.815+0000] {processor.py:914} INFO - Processing file /opt/airflow/dags/Sesion2/Ejemplo1.py for tasks to queue
[2025-06-05T02:10:47.817+0000] {logging_mixin.py:190} INFO - [2025-06-05T02:10:47.817+0000] {dagbag.py:588} INFO - Filling up the DagBag from /opt/airflow/dags/Sesion2/Ejemplo1.py
[2025-06-05T02:10:47.824+0000] {processor.py:925} INFO - DAG(s) 'hello_world_dag' retrieved from /opt/airflow/dags/Sesion2/Ejemplo1.py
[2025-06-05T02:10:47.842+0000] {logging_mixin.py:190} INFO - [2025-06-05T02:10:47.840+0000] {dag.py:3239} INFO - Sync 1 DAGs
[2025-06-05T02:10:47.863+0000] {logging_mixin.py:190} INFO - [2025-06-05T02:10:47.862+0000] {dag.py:4180} INFO - Setting next_dagrun for hello_world_dag to 2025-05-28 00:00:00+00:00, run_after=2025-05-29 00:00:00+00:00
[2025-06-05T02:10:47.877+0000] {processor.py:208} INFO - Processing /opt/airflow/dags/Sesion2/Ejemplo1.py took 0.070 seconds
[2025-06-05T02:11:19.216+0000] {processor.py:186} INFO - Started process (PID=1763) to work on /opt/airflow/dags/Sesion2/Ejemplo1.py
[2025-06-05T02:11:19.217+0000] {processor.py:914} INFO - Processing file /opt/airflow/dags/Sesion2/Ejemplo1.py for tasks to queue
[2025-06-05T02:11:19.219+0000] {logging_mixin.py:190} INFO - [2025-06-05T02:11:19.218+0000] {dagbag.py:588} INFO - Filling up the DagBag from /opt/airflow/dags/Sesion2/Ejemplo1.py
[2025-06-05T02:11:19.224+0000] {processor.py:925} INFO - DAG(s) 'hello_world_dag' retrieved from /opt/airflow/dags/Sesion2/Ejemplo1.py
[2025-06-05T02:11:19.240+0000] {logging_mixin.py:190} INFO - [2025-06-05T02:11:19.240+0000] {dag.py:3239} INFO - Sync 1 DAGs
[2025-06-05T02:11:19.260+0000] {logging_mixin.py:190} INFO - [2025-06-05T02:11:19.260+0000] {dag.py:4180} INFO - Setting next_dagrun for hello_world_dag to 2025-05-28 00:00:00+00:00, run_after=2025-05-29 00:00:00+00:00
[2025-06-05T02:11:19.274+0000] {processor.py:208} INFO - Processing /opt/airflow/dags/Sesion2/Ejemplo1.py took 0.063 seconds
[2025-06-05T02:11:50.144+0000] {processor.py:186} INFO - Started process (PID=1876) to work on /opt/airflow/dags/Sesion2/Ejemplo1.py
[2025-06-05T02:11:50.145+0000] {processor.py:914} INFO - Processing file /opt/airflow/dags/Sesion2/Ejemplo1.py for tasks to queue
[2025-06-05T02:11:50.148+0000] {logging_mixin.py:190} INFO - [2025-06-05T02:11:50.148+0000] {dagbag.py:588} INFO - Filling up the DagBag from /opt/airflow/dags/Sesion2/Ejemplo1.py
[2025-06-05T02:11:50.156+0000] {processor.py:925} INFO - DAG(s) 'hello_world_dag' retrieved from /opt/airflow/dags/Sesion2/Ejemplo1.py
[2025-06-05T02:11:50.177+0000] {logging_mixin.py:190} INFO - [2025-06-05T02:11:50.177+0000] {dag.py:3239} INFO - Sync 1 DAGs
[2025-06-05T02:11:50.206+0000] {logging_mixin.py:190} INFO - [2025-06-05T02:11:50.206+0000] {dag.py:4180} INFO - Setting next_dagrun for hello_world_dag to 2025-05-28 00:00:00+00:00, run_after=2025-05-29 00:00:00+00:00
[2025-06-05T02:11:50.220+0000] {processor.py:208} INFO - Processing /opt/airflow/dags/Sesion2/Ejemplo1.py took 0.083 seconds
[2025-06-05T02:12:21.204+0000] {processor.py:186} INFO - Started process (PID=1991) to work on /opt/airflow/dags/Sesion2/Ejemplo1.py
[2025-06-05T02:12:21.205+0000] {processor.py:914} INFO - Processing file /opt/airflow/dags/Sesion2/Ejemplo1.py for tasks to queue
[2025-06-05T02:12:21.208+0000] {logging_mixin.py:190} INFO - [2025-06-05T02:12:21.207+0000] {dagbag.py:588} INFO - Filling up the DagBag from /opt/airflow/dags/Sesion2/Ejemplo1.py
[2025-06-05T02:12:21.216+0000] {processor.py:925} INFO - DAG(s) 'hello_world_dag' retrieved from /opt/airflow/dags/Sesion2/Ejemplo1.py
[2025-06-05T02:12:21.246+0000] {logging_mixin.py:190} INFO - [2025-06-05T02:12:21.246+0000] {dag.py:3239} INFO - Sync 1 DAGs
[2025-06-05T02:12:21.287+0000] {logging_mixin.py:190} INFO - [2025-06-05T02:12:21.286+0000] {dag.py:4180} INFO - Setting next_dagrun for hello_world_dag to 2025-05-28 00:00:00+00:00, run_after=2025-05-29 00:00:00+00:00
[2025-06-05T02:12:21.301+0000] {processor.py:208} INFO - Processing /opt/airflow/dags/Sesion2/Ejemplo1.py took 0.111 seconds
[2025-06-05T02:12:52.580+0000] {processor.py:186} INFO - Started process (PID=2106) to work on /opt/airflow/dags/Sesion2/Ejemplo1.py
[2025-06-05T02:12:52.581+0000] {processor.py:914} INFO - Processing file /opt/airflow/dags/Sesion2/Ejemplo1.py for tasks to queue
[2025-06-05T02:12:52.583+0000] {logging_mixin.py:190} INFO - [2025-06-05T02:12:52.583+0000] {dagbag.py:588} INFO - Filling up the DagBag from /opt/airflow/dags/Sesion2/Ejemplo1.py
[2025-06-05T02:12:52.591+0000] {processor.py:925} INFO - DAG(s) 'hello_world_dag' retrieved from /opt/airflow/dags/Sesion2/Ejemplo1.py
[2025-06-05T02:12:52.613+0000] {logging_mixin.py:190} INFO - [2025-06-05T02:12:52.612+0000] {dag.py:3239} INFO - Sync 1 DAGs
[2025-06-05T02:12:52.639+0000] {logging_mixin.py:190} INFO - [2025-06-05T02:12:52.639+0000] {dag.py:4180} INFO - Setting next_dagrun for hello_world_dag to 2025-05-28 00:00:00+00:00, run_after=2025-05-29 00:00:00+00:00
[2025-06-05T02:12:52.653+0000] {processor.py:208} INFO - Processing /opt/airflow/dags/Sesion2/Ejemplo1.py took 0.081 seconds
[2025-06-05T02:13:23.707+0000] {processor.py:186} INFO - Started process (PID=2223) to work on /opt/airflow/dags/Sesion2/Ejemplo1.py
[2025-06-05T02:13:23.708+0000] {processor.py:914} INFO - Processing file /opt/airflow/dags/Sesion2/Ejemplo1.py for tasks to queue
[2025-06-05T02:13:23.710+0000] {logging_mixin.py:190} INFO - [2025-06-05T02:13:23.709+0000] {dagbag.py:588} INFO - Filling up the DagBag from /opt/airflow/dags/Sesion2/Ejemplo1.py
[2025-06-05T02:13:23.715+0000] {processor.py:925} INFO - DAG(s) 'hello_world_dag' retrieved from /opt/airflow/dags/Sesion2/Ejemplo1.py
[2025-06-05T02:13:23.730+0000] {logging_mixin.py:190} INFO - [2025-06-05T02:13:23.730+0000] {dag.py:3239} INFO - Sync 1 DAGs
[2025-06-05T02:13:23.752+0000] {logging_mixin.py:190} INFO - [2025-06-05T02:13:23.752+0000] {dag.py:4180} INFO - Setting next_dagrun for hello_world_dag to 2025-05-28 00:00:00+00:00, run_after=2025-05-29 00:00:00+00:00
[2025-06-05T02:13:23.768+0000] {processor.py:208} INFO - Processing /opt/airflow/dags/Sesion2/Ejemplo1.py took 0.067 seconds
[2025-06-05T02:13:54.825+0000] {processor.py:186} INFO - Started process (PID=2338) to work on /opt/airflow/dags/Sesion2/Ejemplo1.py
[2025-06-05T02:13:54.825+0000] {processor.py:914} INFO - Processing file /opt/airflow/dags/Sesion2/Ejemplo1.py for tasks to queue
[2025-06-05T02:13:54.827+0000] {logging_mixin.py:190} INFO - [2025-06-05T02:13:54.827+0000] {dagbag.py:588} INFO - Filling up the DagBag from /opt/airflow/dags/Sesion2/Ejemplo1.py
[2025-06-05T02:13:54.832+0000] {processor.py:925} INFO - DAG(s) 'hello_world_dag' retrieved from /opt/airflow/dags/Sesion2/Ejemplo1.py
[2025-06-05T02:13:54.847+0000] {logging_mixin.py:190} INFO - [2025-06-05T02:13:54.847+0000] {dag.py:3239} INFO - Sync 1 DAGs
[2025-06-05T02:13:54.867+0000] {logging_mixin.py:190} INFO - [2025-06-05T02:13:54.866+0000] {dag.py:4180} INFO - Setting next_dagrun for hello_world_dag to 2025-05-28 00:00:00+00:00, run_after=2025-05-29 00:00:00+00:00
[2025-06-05T02:13:54.880+0000] {processor.py:208} INFO - Processing /opt/airflow/dags/Sesion2/Ejemplo1.py took 0.061 seconds
[2025-06-05T02:14:26.029+0000] {processor.py:186} INFO - Started process (PID=2453) to work on /opt/airflow/dags/Sesion2/Ejemplo1.py
[2025-06-05T02:14:26.029+0000] {processor.py:914} INFO - Processing file /opt/airflow/dags/Sesion2/Ejemplo1.py for tasks to queue
[2025-06-05T02:14:26.032+0000] {logging_mixin.py:190} INFO - [2025-06-05T02:14:26.031+0000] {dagbag.py:588} INFO - Filling up the DagBag from /opt/airflow/dags/Sesion2/Ejemplo1.py
[2025-06-05T02:14:26.038+0000] {processor.py:925} INFO - DAG(s) 'hello_world_dag' retrieved from /opt/airflow/dags/Sesion2/Ejemplo1.py
[2025-06-05T02:14:26.054+0000] {logging_mixin.py:190} INFO - [2025-06-05T02:14:26.053+0000] {dag.py:3239} INFO - Sync 1 DAGs
[2025-06-05T02:14:26.073+0000] {logging_mixin.py:190} INFO - [2025-06-05T02:14:26.073+0000] {dag.py:4180} INFO - Setting next_dagrun for hello_world_dag to 2025-05-28 00:00:00+00:00, run_after=2025-05-29 00:00:00+00:00
[2025-06-05T02:14:26.087+0000] {processor.py:208} INFO - Processing /opt/airflow/dags/Sesion2/Ejemplo1.py took 0.064 seconds
[2025-06-05T02:14:57.418+0000] {processor.py:186} INFO - Started process (PID=2566) to work on /opt/airflow/dags/Sesion2/Ejemplo1.py
[2025-06-05T02:14:57.419+0000] {processor.py:914} INFO - Processing file /opt/airflow/dags/Sesion2/Ejemplo1.py for tasks to queue
[2025-06-05T02:14:57.421+0000] {logging_mixin.py:190} INFO - [2025-06-05T02:14:57.421+0000] {dagbag.py:588} INFO - Filling up the DagBag from /opt/airflow/dags/Sesion2/Ejemplo1.py
[2025-06-05T02:14:57.429+0000] {processor.py:925} INFO - DAG(s) 'hello_world_dag' retrieved from /opt/airflow/dags/Sesion2/Ejemplo1.py
[2025-06-05T02:14:57.452+0000] {logging_mixin.py:190} INFO - [2025-06-05T02:14:57.452+0000] {dag.py:3239} INFO - Sync 1 DAGs
[2025-06-05T02:14:57.498+0000] {logging_mixin.py:190} INFO - [2025-06-05T02:14:57.498+0000] {dag.py:4180} INFO - Setting next_dagrun for hello_world_dag to 2025-05-28 00:00:00+00:00, run_after=2025-05-29 00:00:00+00:00
[2025-06-05T02:14:57.512+0000] {processor.py:208} INFO - Processing /opt/airflow/dags/Sesion2/Ejemplo1.py took 0.101 seconds
[2025-06-05T02:15:28.560+0000] {processor.py:186} INFO - Started process (PID=2683) to work on /opt/airflow/dags/Sesion2/Ejemplo1.py
[2025-06-05T02:15:28.561+0000] {processor.py:914} INFO - Processing file /opt/airflow/dags/Sesion2/Ejemplo1.py for tasks to queue
[2025-06-05T02:15:28.563+0000] {logging_mixin.py:190} INFO - [2025-06-05T02:15:28.562+0000] {dagbag.py:588} INFO - Filling up the DagBag from /opt/airflow/dags/Sesion2/Ejemplo1.py
[2025-06-05T02:15:28.568+0000] {processor.py:925} INFO - DAG(s) 'hello_world_dag' retrieved from /opt/airflow/dags/Sesion2/Ejemplo1.py
[2025-06-05T02:15:28.583+0000] {logging_mixin.py:190} INFO - [2025-06-05T02:15:28.583+0000] {dag.py:3239} INFO - Sync 1 DAGs
[2025-06-05T02:15:28.604+0000] {logging_mixin.py:190} INFO - [2025-06-05T02:15:28.603+0000] {dag.py:4180} INFO - Setting next_dagrun for hello_world_dag to 2025-05-28 00:00:00+00:00, run_after=2025-05-29 00:00:00+00:00
[2025-06-05T02:15:28.618+0000] {processor.py:208} INFO - Processing /opt/airflow/dags/Sesion2/Ejemplo1.py took 0.062 seconds
[2025-06-05T02:15:59.486+0000] {processor.py:186} INFO - Started process (PID=2796) to work on /opt/airflow/dags/Sesion2/Ejemplo1.py
[2025-06-05T02:15:59.487+0000] {processor.py:914} INFO - Processing file /opt/airflow/dags/Sesion2/Ejemplo1.py for tasks to queue
[2025-06-05T02:15:59.489+0000] {logging_mixin.py:190} INFO - [2025-06-05T02:15:59.489+0000] {dagbag.py:588} INFO - Filling up the DagBag from /opt/airflow/dags/Sesion2/Ejemplo1.py
[2025-06-05T02:15:59.497+0000] {processor.py:925} INFO - DAG(s) 'hello_world_dag' retrieved from /opt/airflow/dags/Sesion2/Ejemplo1.py
[2025-06-05T02:15:59.555+0000] {logging_mixin.py:190} INFO - [2025-06-05T02:15:59.555+0000] {dag.py:3239} INFO - Sync 1 DAGs
[2025-06-05T02:15:59.596+0000] {logging_mixin.py:190} INFO - [2025-06-05T02:15:59.596+0000] {dag.py:4180} INFO - Setting next_dagrun for hello_world_dag to 2025-05-28 00:00:00+00:00, run_after=2025-05-29 00:00:00+00:00
[2025-06-05T02:15:59.622+0000] {processor.py:208} INFO - Processing /opt/airflow/dags/Sesion2/Ejemplo1.py took 0.143 seconds
[2025-06-05T02:16:31.014+0000] {processor.py:186} INFO - Started process (PID=2911) to work on /opt/airflow/dags/Sesion2/Ejemplo1.py
[2025-06-05T02:16:31.015+0000] {processor.py:914} INFO - Processing file /opt/airflow/dags/Sesion2/Ejemplo1.py for tasks to queue
[2025-06-05T02:16:31.017+0000] {logging_mixin.py:190} INFO - [2025-06-05T02:16:31.017+0000] {dagbag.py:588} INFO - Filling up the DagBag from /opt/airflow/dags/Sesion2/Ejemplo1.py
[2025-06-05T02:16:31.025+0000] {processor.py:925} INFO - DAG(s) 'hello_world_dag' retrieved from /opt/airflow/dags/Sesion2/Ejemplo1.py
[2025-06-05T02:16:31.053+0000] {logging_mixin.py:190} INFO - [2025-06-05T02:16:31.053+0000] {dag.py:3239} INFO - Sync 1 DAGs
[2025-06-05T02:16:31.101+0000] {logging_mixin.py:190} INFO - [2025-06-05T02:16:31.101+0000] {dag.py:4180} INFO - Setting next_dagrun for hello_world_dag to 2025-05-28 00:00:00+00:00, run_after=2025-05-29 00:00:00+00:00
[2025-06-05T02:16:31.120+0000] {processor.py:208} INFO - Processing /opt/airflow/dags/Sesion2/Ejemplo1.py took 0.122 seconds
[2025-06-05T02:17:02.449+0000] {processor.py:186} INFO - Started process (PID=3028) to work on /opt/airflow/dags/Sesion2/Ejemplo1.py
[2025-06-05T02:17:02.449+0000] {processor.py:914} INFO - Processing file /opt/airflow/dags/Sesion2/Ejemplo1.py for tasks to queue
[2025-06-05T02:17:02.451+0000] {logging_mixin.py:190} INFO - [2025-06-05T02:17:02.451+0000] {dagbag.py:588} INFO - Filling up the DagBag from /opt/airflow/dags/Sesion2/Ejemplo1.py
[2025-06-05T02:17:02.456+0000] {processor.py:925} INFO - DAG(s) 'hello_world_dag' retrieved from /opt/airflow/dags/Sesion2/Ejemplo1.py
[2025-06-05T02:17:02.472+0000] {logging_mixin.py:190} INFO - [2025-06-05T02:17:02.472+0000] {dag.py:3239} INFO - Sync 1 DAGs
[2025-06-05T02:17:02.494+0000] {logging_mixin.py:190} INFO - [2025-06-05T02:17:02.494+0000] {dag.py:4180} INFO - Setting next_dagrun for hello_world_dag to 2025-05-28 00:00:00+00:00, run_after=2025-05-29 00:00:00+00:00
[2025-06-05T02:17:02.508+0000] {processor.py:208} INFO - Processing /opt/airflow/dags/Sesion2/Ejemplo1.py took 0.065 seconds
[2025-06-05T02:17:33.840+0000] {processor.py:186} INFO - Started process (PID=3143) to work on /opt/airflow/dags/Sesion2/Ejemplo1.py
[2025-06-05T02:17:33.840+0000] {processor.py:914} INFO - Processing file /opt/airflow/dags/Sesion2/Ejemplo1.py for tasks to queue
[2025-06-05T02:17:33.842+0000] {logging_mixin.py:190} INFO - [2025-06-05T02:17:33.842+0000] {dagbag.py:588} INFO - Filling up the DagBag from /opt/airflow/dags/Sesion2/Ejemplo1.py
[2025-06-05T02:17:33.847+0000] {processor.py:925} INFO - DAG(s) 'hello_world_dag' retrieved from /opt/airflow/dags/Sesion2/Ejemplo1.py
[2025-06-05T02:17:33.862+0000] {logging_mixin.py:190} INFO - [2025-06-05T02:17:33.862+0000] {dag.py:3239} INFO - Sync 1 DAGs
[2025-06-05T02:17:33.882+0000] {logging_mixin.py:190} INFO - [2025-06-05T02:17:33.882+0000] {dag.py:4180} INFO - Setting next_dagrun for hello_world_dag to 2025-05-28 00:00:00+00:00, run_after=2025-05-29 00:00:00+00:00
[2025-06-05T02:17:33.896+0000] {processor.py:208} INFO - Processing /opt/airflow/dags/Sesion2/Ejemplo1.py took 0.061 seconds
[2025-06-05T02:18:04.850+0000] {processor.py:186} INFO - Started process (PID=3258) to work on /opt/airflow/dags/Sesion2/Ejemplo1.py
[2025-06-05T02:18:04.851+0000] {processor.py:914} INFO - Processing file /opt/airflow/dags/Sesion2/Ejemplo1.py for tasks to queue
[2025-06-05T02:18:04.852+0000] {logging_mixin.py:190} INFO - [2025-06-05T02:18:04.852+0000] {dagbag.py:588} INFO - Filling up the DagBag from /opt/airflow/dags/Sesion2/Ejemplo1.py
[2025-06-05T02:18:04.859+0000] {processor.py:925} INFO - DAG(s) 'hello_world_dag' retrieved from /opt/airflow/dags/Sesion2/Ejemplo1.py
[2025-06-05T02:18:04.878+0000] {logging_mixin.py:190} INFO - [2025-06-05T02:18:04.878+0000] {dag.py:3239} INFO - Sync 1 DAGs
[2025-06-05T02:18:04.898+0000] {logging_mixin.py:190} INFO - [2025-06-05T02:18:04.898+0000] {dag.py:4180} INFO - Setting next_dagrun for hello_world_dag to 2025-05-28 00:00:00+00:00, run_after=2025-05-29 00:00:00+00:00
[2025-06-05T02:18:04.912+0000] {processor.py:208} INFO - Processing /opt/airflow/dags/Sesion2/Ejemplo1.py took 0.067 seconds
[2025-06-05T02:18:36.191+0000] {processor.py:186} INFO - Started process (PID=3371) to work on /opt/airflow/dags/Sesion2/Ejemplo1.py
[2025-06-05T02:18:36.193+0000] {processor.py:914} INFO - Processing file /opt/airflow/dags/Sesion2/Ejemplo1.py for tasks to queue
[2025-06-05T02:18:36.197+0000] {logging_mixin.py:190} INFO - [2025-06-05T02:18:36.197+0000] {dagbag.py:588} INFO - Filling up the DagBag from /opt/airflow/dags/Sesion2/Ejemplo1.py
[2025-06-05T02:18:36.210+0000] {processor.py:925} INFO - DAG(s) 'hello_world_dag' retrieved from /opt/airflow/dags/Sesion2/Ejemplo1.py
[2025-06-05T02:18:36.233+0000] {logging_mixin.py:190} INFO - [2025-06-05T02:18:36.233+0000] {dag.py:3239} INFO - Sync 1 DAGs
[2025-06-05T02:18:36.259+0000] {logging_mixin.py:190} INFO - [2025-06-05T02:18:36.259+0000] {dag.py:4180} INFO - Setting next_dagrun for hello_world_dag to 2025-05-28 00:00:00+00:00, run_after=2025-05-29 00:00:00+00:00
[2025-06-05T02:18:36.273+0000] {processor.py:208} INFO - Processing /opt/airflow/dags/Sesion2/Ejemplo1.py took 0.098 seconds
[2025-06-05T02:19:07.335+0000] {processor.py:186} INFO - Started process (PID=3486) to work on /opt/airflow/dags/Sesion2/Ejemplo1.py
[2025-06-05T02:19:07.338+0000] {processor.py:914} INFO - Processing file /opt/airflow/dags/Sesion2/Ejemplo1.py for tasks to queue
[2025-06-05T02:19:07.341+0000] {logging_mixin.py:190} INFO - [2025-06-05T02:19:07.341+0000] {dagbag.py:588} INFO - Filling up the DagBag from /opt/airflow/dags/Sesion2/Ejemplo1.py
[2025-06-05T02:19:07.359+0000] {processor.py:925} INFO - DAG(s) 'hello_world_dag' retrieved from /opt/airflow/dags/Sesion2/Ejemplo1.py
[2025-06-05T02:19:07.395+0000] {logging_mixin.py:190} INFO - [2025-06-05T02:19:07.395+0000] {dag.py:3239} INFO - Sync 1 DAGs
[2025-06-05T02:19:07.441+0000] {logging_mixin.py:190} INFO - [2025-06-05T02:19:07.441+0000] {dag.py:4180} INFO - Setting next_dagrun for hello_world_dag to 2025-05-28 00:00:00+00:00, run_after=2025-05-29 00:00:00+00:00
[2025-06-05T02:19:07.462+0000] {processor.py:208} INFO - Processing /opt/airflow/dags/Sesion2/Ejemplo1.py took 0.139 seconds
[2025-06-05T02:19:38.146+0000] {processor.py:186} INFO - Started process (PID=3601) to work on /opt/airflow/dags/Sesion2/Ejemplo1.py
[2025-06-05T02:19:38.147+0000] {processor.py:914} INFO - Processing file /opt/airflow/dags/Sesion2/Ejemplo1.py for tasks to queue
[2025-06-05T02:19:38.149+0000] {logging_mixin.py:190} INFO - [2025-06-05T02:19:38.149+0000] {dagbag.py:588} INFO - Filling up the DagBag from /opt/airflow/dags/Sesion2/Ejemplo1.py
[2025-06-05T02:19:38.156+0000] {processor.py:925} INFO - DAG(s) 'hello_world_dag' retrieved from /opt/airflow/dags/Sesion2/Ejemplo1.py
[2025-06-05T02:19:38.178+0000] {logging_mixin.py:190} INFO - [2025-06-05T02:19:38.177+0000] {dag.py:3239} INFO - Sync 1 DAGs
[2025-06-05T02:19:38.206+0000] {logging_mixin.py:190} INFO - [2025-06-05T02:19:38.206+0000] {dag.py:4180} INFO - Setting next_dagrun for hello_world_dag to 2025-05-28 00:00:00+00:00, run_after=2025-05-29 00:00:00+00:00
[2025-06-05T02:19:38.226+0000] {processor.py:208} INFO - Processing /opt/airflow/dags/Sesion2/Ejemplo1.py took 0.093 seconds
[2025-06-05T02:20:09.630+0000] {processor.py:186} INFO - Started process (PID=3716) to work on /opt/airflow/dags/Sesion2/Ejemplo1.py
[2025-06-05T02:20:09.631+0000] {processor.py:914} INFO - Processing file /opt/airflow/dags/Sesion2/Ejemplo1.py for tasks to queue
[2025-06-05T02:20:09.633+0000] {logging_mixin.py:190} INFO - [2025-06-05T02:20:09.633+0000] {dagbag.py:588} INFO - Filling up the DagBag from /opt/airflow/dags/Sesion2/Ejemplo1.py
[2025-06-05T02:20:09.641+0000] {processor.py:925} INFO - DAG(s) 'hello_world_dag' retrieved from /opt/airflow/dags/Sesion2/Ejemplo1.py
[2025-06-05T02:20:09.662+0000] {logging_mixin.py:190} INFO - [2025-06-05T02:20:09.662+0000] {dag.py:3239} INFO - Sync 1 DAGs
[2025-06-05T02:20:09.683+0000] {logging_mixin.py:190} INFO - [2025-06-05T02:20:09.683+0000] {dag.py:4180} INFO - Setting next_dagrun for hello_world_dag to 2025-05-28 00:00:00+00:00, run_after=2025-05-29 00:00:00+00:00
[2025-06-05T02:20:09.697+0000] {processor.py:208} INFO - Processing /opt/airflow/dags/Sesion2/Ejemplo1.py took 0.074 seconds
[2025-06-05T02:20:40.802+0000] {processor.py:186} INFO - Started process (PID=3833) to work on /opt/airflow/dags/Sesion2/Ejemplo1.py
[2025-06-05T02:20:40.803+0000] {processor.py:914} INFO - Processing file /opt/airflow/dags/Sesion2/Ejemplo1.py for tasks to queue
[2025-06-05T02:20:40.805+0000] {logging_mixin.py:190} INFO - [2025-06-05T02:20:40.804+0000] {dagbag.py:588} INFO - Filling up the DagBag from /opt/airflow/dags/Sesion2/Ejemplo1.py
[2025-06-05T02:20:40.810+0000] {processor.py:925} INFO - DAG(s) 'hello_world_dag' retrieved from /opt/airflow/dags/Sesion2/Ejemplo1.py
[2025-06-05T02:20:40.825+0000] {logging_mixin.py:190} INFO - [2025-06-05T02:20:40.825+0000] {dag.py:3239} INFO - Sync 1 DAGs
[2025-06-05T02:20:40.846+0000] {logging_mixin.py:190} INFO - [2025-06-05T02:20:40.846+0000] {dag.py:4180} INFO - Setting next_dagrun for hello_world_dag to 2025-05-28 00:00:00+00:00, run_after=2025-05-29 00:00:00+00:00
[2025-06-05T02:20:40.861+0000] {processor.py:208} INFO - Processing /opt/airflow/dags/Sesion2/Ejemplo1.py took 0.064 seconds
[2025-06-05T02:21:12.150+0000] {processor.py:186} INFO - Started process (PID=3948) to work on /opt/airflow/dags/Sesion2/Ejemplo1.py
[2025-06-05T02:21:12.151+0000] {processor.py:914} INFO - Processing file /opt/airflow/dags/Sesion2/Ejemplo1.py for tasks to queue
[2025-06-05T02:21:12.152+0000] {logging_mixin.py:190} INFO - [2025-06-05T02:21:12.152+0000] {dagbag.py:588} INFO - Filling up the DagBag from /opt/airflow/dags/Sesion2/Ejemplo1.py
[2025-06-05T02:21:12.158+0000] {processor.py:925} INFO - DAG(s) 'hello_world_dag' retrieved from /opt/airflow/dags/Sesion2/Ejemplo1.py
[2025-06-05T02:21:12.176+0000] {logging_mixin.py:190} INFO - [2025-06-05T02:21:12.176+0000] {dag.py:3239} INFO - Sync 1 DAGs
[2025-06-05T02:21:12.198+0000] {logging_mixin.py:190} INFO - [2025-06-05T02:21:12.198+0000] {dag.py:4180} INFO - Setting next_dagrun for hello_world_dag to 2025-05-28 00:00:00+00:00, run_after=2025-05-29 00:00:00+00:00
[2025-06-05T02:21:12.213+0000] {processor.py:208} INFO - Processing /opt/airflow/dags/Sesion2/Ejemplo1.py took 0.068 seconds
[2025-06-05T02:21:43.866+0000] {processor.py:186} INFO - Started process (PID=4078) to work on /opt/airflow/dags/Sesion2/Ejemplo1.py
[2025-06-05T02:21:43.867+0000] {processor.py:914} INFO - Processing file /opt/airflow/dags/Sesion2/Ejemplo1.py for tasks to queue
[2025-06-05T02:21:43.869+0000] {logging_mixin.py:190} INFO - [2025-06-05T02:21:43.869+0000] {dagbag.py:588} INFO - Filling up the DagBag from /opt/airflow/dags/Sesion2/Ejemplo1.py
[2025-06-05T02:21:43.877+0000] {processor.py:925} INFO - DAG(s) 'hello_world_dag' retrieved from /opt/airflow/dags/Sesion2/Ejemplo1.py
[2025-06-05T02:21:43.894+0000] {logging_mixin.py:190} INFO - [2025-06-05T02:21:43.893+0000] {dag.py:3239} INFO - Sync 1 DAGs
[2025-06-05T02:21:43.914+0000] {logging_mixin.py:190} INFO - [2025-06-05T02:21:43.914+0000] {dag.py:4180} INFO - Setting next_dagrun for hello_world_dag to 2025-05-28 00:00:00+00:00, run_after=2025-05-29 00:00:00+00:00
[2025-06-05T02:21:44.065+0000] {processor.py:208} INFO - Processing /opt/airflow/dags/Sesion2/Ejemplo1.py took 0.208 seconds
[2025-06-05T02:22:14.305+0000] {processor.py:186} INFO - Started process (PID=4193) to work on /opt/airflow/dags/Sesion2/Ejemplo1.py
[2025-06-05T02:22:14.305+0000] {processor.py:914} INFO - Processing file /opt/airflow/dags/Sesion2/Ejemplo1.py for tasks to queue
[2025-06-05T02:22:14.307+0000] {logging_mixin.py:190} INFO - [2025-06-05T02:22:14.307+0000] {dagbag.py:588} INFO - Filling up the DagBag from /opt/airflow/dags/Sesion2/Ejemplo1.py
[2025-06-05T02:22:14.313+0000] {processor.py:925} INFO - DAG(s) 'hello_world_dag' retrieved from /opt/airflow/dags/Sesion2/Ejemplo1.py
[2025-06-05T02:22:14.328+0000] {logging_mixin.py:190} INFO - [2025-06-05T02:22:14.328+0000] {dag.py:3239} INFO - Sync 1 DAGs
[2025-06-05T02:22:14.349+0000] {logging_mixin.py:190} INFO - [2025-06-05T02:22:14.349+0000] {dag.py:4180} INFO - Setting next_dagrun for hello_world_dag to 2025-05-28 00:00:00+00:00, run_after=2025-05-29 00:00:00+00:00
[2025-06-05T02:22:14.363+0000] {processor.py:208} INFO - Processing /opt/airflow/dags/Sesion2/Ejemplo1.py took 0.063 seconds
[2025-06-05T02:22:45.318+0000] {processor.py:186} INFO - Started process (PID=4306) to work on /opt/airflow/dags/Sesion2/Ejemplo1.py
[2025-06-05T02:22:45.319+0000] {processor.py:914} INFO - Processing file /opt/airflow/dags/Sesion2/Ejemplo1.py for tasks to queue
[2025-06-05T02:22:45.321+0000] {logging_mixin.py:190} INFO - [2025-06-05T02:22:45.321+0000] {dagbag.py:588} INFO - Filling up the DagBag from /opt/airflow/dags/Sesion2/Ejemplo1.py
[2025-06-05T02:22:45.329+0000] {processor.py:925} INFO - DAG(s) 'hello_world_dag' retrieved from /opt/airflow/dags/Sesion2/Ejemplo1.py
[2025-06-05T02:22:45.350+0000] {logging_mixin.py:190} INFO - [2025-06-05T02:22:45.350+0000] {dag.py:3239} INFO - Sync 1 DAGs
[2025-06-05T02:22:45.381+0000] {logging_mixin.py:190} INFO - [2025-06-05T02:22:45.381+0000] {dag.py:4180} INFO - Setting next_dagrun for hello_world_dag to 2025-05-28 00:00:00+00:00, run_after=2025-05-29 00:00:00+00:00
[2025-06-05T02:22:45.401+0000] {processor.py:208} INFO - Processing /opt/airflow/dags/Sesion2/Ejemplo1.py took 0.090 seconds
[2025-06-05T02:23:16.595+0000] {processor.py:186} INFO - Started process (PID=4423) to work on /opt/airflow/dags/Sesion2/Ejemplo1.py
[2025-06-05T02:23:16.596+0000] {processor.py:914} INFO - Processing file /opt/airflow/dags/Sesion2/Ejemplo1.py for tasks to queue
[2025-06-05T02:23:16.598+0000] {logging_mixin.py:190} INFO - [2025-06-05T02:23:16.597+0000] {dagbag.py:588} INFO - Filling up the DagBag from /opt/airflow/dags/Sesion2/Ejemplo1.py
[2025-06-05T02:23:16.603+0000] {processor.py:925} INFO - DAG(s) 'hello_world_dag' retrieved from /opt/airflow/dags/Sesion2/Ejemplo1.py
[2025-06-05T02:23:16.618+0000] {logging_mixin.py:190} INFO - [2025-06-05T02:23:16.618+0000] {dag.py:3239} INFO - Sync 1 DAGs
[2025-06-05T02:23:16.637+0000] {logging_mixin.py:190} INFO - [2025-06-05T02:23:16.637+0000] {dag.py:4180} INFO - Setting next_dagrun for hello_world_dag to 2025-05-28 00:00:00+00:00, run_after=2025-05-29 00:00:00+00:00
[2025-06-05T02:23:16.651+0000] {processor.py:208} INFO - Processing /opt/airflow/dags/Sesion2/Ejemplo1.py took 0.061 seconds
[2025-06-05T02:23:48.067+0000] {processor.py:186} INFO - Started process (PID=4537) to work on /opt/airflow/dags/Sesion2/Ejemplo1.py
[2025-06-05T02:23:48.068+0000] {processor.py:914} INFO - Processing file /opt/airflow/dags/Sesion2/Ejemplo1.py for tasks to queue
[2025-06-05T02:23:48.070+0000] {logging_mixin.py:190} INFO - [2025-06-05T02:23:48.070+0000] {dagbag.py:588} INFO - Filling up the DagBag from /opt/airflow/dags/Sesion2/Ejemplo1.py
[2025-06-05T02:23:48.077+0000] {processor.py:925} INFO - DAG(s) 'hello_world_dag' retrieved from /opt/airflow/dags/Sesion2/Ejemplo1.py
[2025-06-05T02:23:48.092+0000] {logging_mixin.py:190} INFO - [2025-06-05T02:23:48.092+0000] {dag.py:3239} INFO - Sync 1 DAGs
[2025-06-05T02:23:48.112+0000] {logging_mixin.py:190} INFO - [2025-06-05T02:23:48.112+0000] {dag.py:4180} INFO - Setting next_dagrun for hello_world_dag to 2025-05-28 00:00:00+00:00, run_after=2025-05-29 00:00:00+00:00
[2025-06-05T02:23:48.254+0000] {processor.py:208} INFO - Processing /opt/airflow/dags/Sesion2/Ejemplo1.py took 0.194 seconds
[2025-06-05T02:24:19.370+0000] {processor.py:186} INFO - Started process (PID=4653) to work on /opt/airflow/dags/Sesion2/Ejemplo1.py
[2025-06-05T02:24:19.370+0000] {processor.py:914} INFO - Processing file /opt/airflow/dags/Sesion2/Ejemplo1.py for tasks to queue
[2025-06-05T02:24:19.372+0000] {logging_mixin.py:190} INFO - [2025-06-05T02:24:19.372+0000] {dagbag.py:588} INFO - Filling up the DagBag from /opt/airflow/dags/Sesion2/Ejemplo1.py
[2025-06-05T02:24:19.378+0000] {processor.py:925} INFO - DAG(s) 'hello_world_dag' retrieved from /opt/airflow/dags/Sesion2/Ejemplo1.py
[2025-06-05T02:24:19.394+0000] {logging_mixin.py:190} INFO - [2025-06-05T02:24:19.394+0000] {dag.py:3239} INFO - Sync 1 DAGs
[2025-06-05T02:24:19.415+0000] {logging_mixin.py:190} INFO - [2025-06-05T02:24:19.415+0000] {dag.py:4180} INFO - Setting next_dagrun for hello_world_dag to 2025-05-28 00:00:00+00:00, run_after=2025-05-29 00:00:00+00:00
[2025-06-05T02:24:19.435+0000] {processor.py:208} INFO - Processing /opt/airflow/dags/Sesion2/Ejemplo1.py took 0.070 seconds
[2025-06-05T02:24:50.565+0000] {processor.py:186} INFO - Started process (PID=4768) to work on /opt/airflow/dags/Sesion2/Ejemplo1.py
[2025-06-05T02:24:50.566+0000] {processor.py:914} INFO - Processing file /opt/airflow/dags/Sesion2/Ejemplo1.py for tasks to queue
[2025-06-05T02:24:50.567+0000] {logging_mixin.py:190} INFO - [2025-06-05T02:24:50.567+0000] {dagbag.py:588} INFO - Filling up the DagBag from /opt/airflow/dags/Sesion2/Ejemplo1.py
[2025-06-05T02:24:50.573+0000] {processor.py:925} INFO - DAG(s) 'hello_world_dag' retrieved from /opt/airflow/dags/Sesion2/Ejemplo1.py
[2025-06-05T02:24:50.588+0000] {logging_mixin.py:190} INFO - [2025-06-05T02:24:50.588+0000] {dag.py:3239} INFO - Sync 1 DAGs
[2025-06-05T02:24:50.608+0000] {logging_mixin.py:190} INFO - [2025-06-05T02:24:50.608+0000] {dag.py:4180} INFO - Setting next_dagrun for hello_world_dag to 2025-05-28 00:00:00+00:00, run_after=2025-05-29 00:00:00+00:00
[2025-06-05T02:24:50.623+0000] {processor.py:208} INFO - Processing /opt/airflow/dags/Sesion2/Ejemplo1.py took 0.063 seconds
[2025-06-05T02:25:21.864+0000] {processor.py:186} INFO - Started process (PID=4881) to work on /opt/airflow/dags/Sesion2/Ejemplo1.py
[2025-06-05T02:25:21.865+0000] {processor.py:914} INFO - Processing file /opt/airflow/dags/Sesion2/Ejemplo1.py for tasks to queue
[2025-06-05T02:25:21.867+0000] {logging_mixin.py:190} INFO - [2025-06-05T02:25:21.867+0000] {dagbag.py:588} INFO - Filling up the DagBag from /opt/airflow/dags/Sesion2/Ejemplo1.py
[2025-06-05T02:25:21.875+0000] {processor.py:925} INFO - DAG(s) 'hello_world_dag' retrieved from /opt/airflow/dags/Sesion2/Ejemplo1.py
[2025-06-05T02:25:21.897+0000] {logging_mixin.py:190} INFO - [2025-06-05T02:25:21.897+0000] {dag.py:3239} INFO - Sync 1 DAGs
[2025-06-05T02:25:21.927+0000] {logging_mixin.py:190} INFO - [2025-06-05T02:25:21.927+0000] {dag.py:4180} INFO - Setting next_dagrun for hello_world_dag to 2025-05-28 00:00:00+00:00, run_after=2025-05-29 00:00:00+00:00
[2025-06-05T02:25:21.963+0000] {processor.py:208} INFO - Processing /opt/airflow/dags/Sesion2/Ejemplo1.py took 0.108 seconds
[2025-06-05T02:25:52.958+0000] {processor.py:186} INFO - Started process (PID=4996) to work on /opt/airflow/dags/Sesion2/Ejemplo1.py
[2025-06-05T02:25:52.959+0000] {processor.py:914} INFO - Processing file /opt/airflow/dags/Sesion2/Ejemplo1.py for tasks to queue
[2025-06-05T02:25:52.961+0000] {logging_mixin.py:190} INFO - [2025-06-05T02:25:52.961+0000] {dagbag.py:588} INFO - Filling up the DagBag from /opt/airflow/dags/Sesion2/Ejemplo1.py
[2025-06-05T02:25:52.969+0000] {processor.py:925} INFO - DAG(s) 'hello_world_dag' retrieved from /opt/airflow/dags/Sesion2/Ejemplo1.py
[2025-06-05T02:25:52.991+0000] {logging_mixin.py:190} INFO - [2025-06-05T02:25:52.991+0000] {dag.py:3239} INFO - Sync 1 DAGs
[2025-06-05T02:25:53.023+0000] {logging_mixin.py:190} INFO - [2025-06-05T02:25:53.023+0000] {dag.py:4180} INFO - Setting next_dagrun for hello_world_dag to 2025-05-28 00:00:00+00:00, run_after=2025-05-29 00:00:00+00:00
[2025-06-05T02:25:53.211+0000] {processor.py:208} INFO - Processing /opt/airflow/dags/Sesion2/Ejemplo1.py took 0.261 seconds
[2025-06-05T02:26:24.490+0000] {processor.py:186} INFO - Started process (PID=5111) to work on /opt/airflow/dags/Sesion2/Ejemplo1.py
[2025-06-05T02:26:24.491+0000] {processor.py:914} INFO - Processing file /opt/airflow/dags/Sesion2/Ejemplo1.py for tasks to queue
[2025-06-05T02:26:24.493+0000] {logging_mixin.py:190} INFO - [2025-06-05T02:26:24.493+0000] {dagbag.py:588} INFO - Filling up the DagBag from /opt/airflow/dags/Sesion2/Ejemplo1.py
[2025-06-05T02:26:24.501+0000] {processor.py:925} INFO - DAG(s) 'hello_world_dag' retrieved from /opt/airflow/dags/Sesion2/Ejemplo1.py
[2025-06-05T02:26:24.524+0000] {logging_mixin.py:190} INFO - [2025-06-05T02:26:24.523+0000] {dag.py:3239} INFO - Sync 1 DAGs
[2025-06-05T02:26:24.555+0000] {logging_mixin.py:190} INFO - [2025-06-05T02:26:24.555+0000] {dag.py:4180} INFO - Setting next_dagrun for hello_world_dag to 2025-05-28 00:00:00+00:00, run_after=2025-05-29 00:00:00+00:00
[2025-06-05T02:26:24.571+0000] {processor.py:208} INFO - Processing /opt/airflow/dags/Sesion2/Ejemplo1.py took 0.089 seconds
[2025-06-05T02:26:55.676+0000] {processor.py:186} INFO - Started process (PID=5228) to work on /opt/airflow/dags/Sesion2/Ejemplo1.py
[2025-06-05T02:26:55.677+0000] {processor.py:914} INFO - Processing file /opt/airflow/dags/Sesion2/Ejemplo1.py for tasks to queue
[2025-06-05T02:26:55.679+0000] {logging_mixin.py:190} INFO - [2025-06-05T02:26:55.679+0000] {dagbag.py:588} INFO - Filling up the DagBag from /opt/airflow/dags/Sesion2/Ejemplo1.py
[2025-06-05T02:26:55.684+0000] {processor.py:925} INFO - DAG(s) 'hello_world_dag' retrieved from /opt/airflow/dags/Sesion2/Ejemplo1.py
[2025-06-05T02:26:55.699+0000] {logging_mixin.py:190} INFO - [2025-06-05T02:26:55.699+0000] {dag.py:3239} INFO - Sync 1 DAGs
[2025-06-05T02:26:55.719+0000] {logging_mixin.py:190} INFO - [2025-06-05T02:26:55.719+0000] {dag.py:4180} INFO - Setting next_dagrun for hello_world_dag to 2025-05-28 00:00:00+00:00, run_after=2025-05-29 00:00:00+00:00
[2025-06-05T02:26:55.733+0000] {processor.py:208} INFO - Processing /opt/airflow/dags/Sesion2/Ejemplo1.py took 0.062 seconds
[2025-06-05T02:27:26.904+0000] {processor.py:186} INFO - Started process (PID=5341) to work on /opt/airflow/dags/Sesion2/Ejemplo1.py
[2025-06-05T02:27:26.905+0000] {processor.py:914} INFO - Processing file /opt/airflow/dags/Sesion2/Ejemplo1.py for tasks to queue
[2025-06-05T02:27:26.907+0000] {logging_mixin.py:190} INFO - [2025-06-05T02:27:26.907+0000] {dagbag.py:588} INFO - Filling up the DagBag from /opt/airflow/dags/Sesion2/Ejemplo1.py
[2025-06-05T02:27:26.915+0000] {processor.py:925} INFO - DAG(s) 'hello_world_dag' retrieved from /opt/airflow/dags/Sesion2/Ejemplo1.py
[2025-06-05T02:27:26.936+0000] {logging_mixin.py:190} INFO - [2025-06-05T02:27:26.935+0000] {dag.py:3239} INFO - Sync 1 DAGs
[2025-06-05T02:27:26.966+0000] {logging_mixin.py:190} INFO - [2025-06-05T02:27:26.966+0000] {dag.py:4180} INFO - Setting next_dagrun for hello_world_dag to 2025-05-28 00:00:00+00:00, run_after=2025-05-29 00:00:00+00:00
[2025-06-05T02:27:26.983+0000] {processor.py:208} INFO - Processing /opt/airflow/dags/Sesion2/Ejemplo1.py took 0.086 seconds
[2025-06-05T02:27:58.303+0000] {processor.py:186} INFO - Started process (PID=5458) to work on /opt/airflow/dags/Sesion2/Ejemplo1.py
[2025-06-05T02:27:58.303+0000] {processor.py:914} INFO - Processing file /opt/airflow/dags/Sesion2/Ejemplo1.py for tasks to queue
[2025-06-05T02:27:58.305+0000] {logging_mixin.py:190} INFO - [2025-06-05T02:27:58.305+0000] {dagbag.py:588} INFO - Filling up the DagBag from /opt/airflow/dags/Sesion2/Ejemplo1.py
[2025-06-05T02:27:58.311+0000] {processor.py:925} INFO - DAG(s) 'hello_world_dag' retrieved from /opt/airflow/dags/Sesion2/Ejemplo1.py
[2025-06-05T02:27:58.326+0000] {logging_mixin.py:190} INFO - [2025-06-05T02:27:58.326+0000] {dag.py:3239} INFO - Sync 1 DAGs
[2025-06-05T02:27:58.347+0000] {logging_mixin.py:190} INFO - [2025-06-05T02:27:58.346+0000] {dag.py:4180} INFO - Setting next_dagrun for hello_world_dag to 2025-05-28 00:00:00+00:00, run_after=2025-05-29 00:00:00+00:00
[2025-06-05T02:27:58.509+0000] {processor.py:208} INFO - Processing /opt/airflow/dags/Sesion2/Ejemplo1.py took 0.212 seconds
[2025-06-05T02:28:28.856+0000] {processor.py:186} INFO - Started process (PID=5571) to work on /opt/airflow/dags/Sesion2/Ejemplo1.py
[2025-06-05T02:28:28.857+0000] {processor.py:914} INFO - Processing file /opt/airflow/dags/Sesion2/Ejemplo1.py for tasks to queue
[2025-06-05T02:28:28.859+0000] {logging_mixin.py:190} INFO - [2025-06-05T02:28:28.859+0000] {dagbag.py:588} INFO - Filling up the DagBag from /opt/airflow/dags/Sesion2/Ejemplo1.py
[2025-06-05T02:28:28.867+0000] {processor.py:925} INFO - DAG(s) 'hello_world_dag' retrieved from /opt/airflow/dags/Sesion2/Ejemplo1.py
[2025-06-05T02:28:28.888+0000] {logging_mixin.py:190} INFO - [2025-06-05T02:28:28.888+0000] {dag.py:3239} INFO - Sync 1 DAGs
[2025-06-05T02:28:29.113+0000] {logging_mixin.py:190} INFO - [2025-06-05T02:28:29.113+0000] {dag.py:4180} INFO - Setting next_dagrun for hello_world_dag to 2025-05-28 00:00:00+00:00, run_after=2025-05-29 00:00:00+00:00
[2025-06-05T02:28:29.129+0000] {processor.py:208} INFO - Processing /opt/airflow/dags/Sesion2/Ejemplo1.py took 0.280 seconds
[2025-06-05T02:29:00.379+0000] {processor.py:186} INFO - Started process (PID=5686) to work on /opt/airflow/dags/Sesion2/Ejemplo1.py
[2025-06-05T02:29:00.382+0000] {processor.py:914} INFO - Processing file /opt/airflow/dags/Sesion2/Ejemplo1.py for tasks to queue
[2025-06-05T02:29:00.385+0000] {logging_mixin.py:190} INFO - [2025-06-05T02:29:00.384+0000] {dagbag.py:588} INFO - Filling up the DagBag from /opt/airflow/dags/Sesion2/Ejemplo1.py
[2025-06-05T02:29:00.393+0000] {processor.py:925} INFO - DAG(s) 'hello_world_dag' retrieved from /opt/airflow/dags/Sesion2/Ejemplo1.py
[2025-06-05T02:29:00.427+0000] {logging_mixin.py:190} INFO - [2025-06-05T02:29:00.427+0000] {dag.py:3239} INFO - Sync 1 DAGs
[2025-06-05T02:29:00.466+0000] {logging_mixin.py:190} INFO - [2025-06-05T02:29:00.466+0000] {dag.py:4180} INFO - Setting next_dagrun for hello_world_dag to 2025-05-28 00:00:00+00:00, run_after=2025-05-29 00:00:00+00:00
[2025-06-05T02:29:00.485+0000] {processor.py:208} INFO - Processing /opt/airflow/dags/Sesion2/Ejemplo1.py took 0.113 seconds
[2025-06-05T02:29:31.933+0000] {processor.py:186} INFO - Started process (PID=5801) to work on /opt/airflow/dags/Sesion2/Ejemplo1.py
[2025-06-05T02:29:31.934+0000] {processor.py:914} INFO - Processing file /opt/airflow/dags/Sesion2/Ejemplo1.py for tasks to queue
[2025-06-05T02:29:31.937+0000] {logging_mixin.py:190} INFO - [2025-06-05T02:29:31.937+0000] {dagbag.py:588} INFO - Filling up the DagBag from /opt/airflow/dags/Sesion2/Ejemplo1.py
[2025-06-05T02:29:31.944+0000] {processor.py:925} INFO - DAG(s) 'hello_world_dag' retrieved from /opt/airflow/dags/Sesion2/Ejemplo1.py
[2025-06-05T02:29:31.964+0000] {logging_mixin.py:190} INFO - [2025-06-05T02:29:31.963+0000] {dag.py:3239} INFO - Sync 1 DAGs
[2025-06-05T02:29:31.983+0000] {logging_mixin.py:190} INFO - [2025-06-05T02:29:31.983+0000] {dag.py:4180} INFO - Setting next_dagrun for hello_world_dag to 2025-05-28 00:00:00+00:00, run_after=2025-05-29 00:00:00+00:00
[2025-06-05T02:29:31.997+0000] {processor.py:208} INFO - Processing /opt/airflow/dags/Sesion2/Ejemplo1.py took 0.072 seconds
[2025-06-05T02:30:03.140+0000] {processor.py:186} INFO - Started process (PID=5916) to work on /opt/airflow/dags/Sesion2/Ejemplo1.py
[2025-06-05T02:30:03.141+0000] {processor.py:914} INFO - Processing file /opt/airflow/dags/Sesion2/Ejemplo1.py for tasks to queue
[2025-06-05T02:30:03.143+0000] {logging_mixin.py:190} INFO - [2025-06-05T02:30:03.143+0000] {dagbag.py:588} INFO - Filling up the DagBag from /opt/airflow/dags/Sesion2/Ejemplo1.py
[2025-06-05T02:30:03.151+0000] {processor.py:925} INFO - DAG(s) 'hello_world_dag' retrieved from /opt/airflow/dags/Sesion2/Ejemplo1.py
[2025-06-05T02:30:03.185+0000] {logging_mixin.py:190} INFO - [2025-06-05T02:30:03.184+0000] {dag.py:3239} INFO - Sync 1 DAGs
[2025-06-05T02:30:03.239+0000] {logging_mixin.py:190} INFO - [2025-06-05T02:30:03.238+0000] {dag.py:4180} INFO - Setting next_dagrun for hello_world_dag to 2025-05-28 00:00:00+00:00, run_after=2025-05-29 00:00:00+00:00
[2025-06-05T02:30:03.447+0000] {processor.py:208} INFO - Processing /opt/airflow/dags/Sesion2/Ejemplo1.py took 0.314 seconds
[2025-06-05T02:30:34.088+0000] {processor.py:186} INFO - Started process (PID=6031) to work on /opt/airflow/dags/Sesion2/Ejemplo1.py
[2025-06-05T02:30:34.089+0000] {processor.py:914} INFO - Processing file /opt/airflow/dags/Sesion2/Ejemplo1.py for tasks to queue
[2025-06-05T02:30:34.092+0000] {logging_mixin.py:190} INFO - [2025-06-05T02:30:34.091+0000] {dagbag.py:588} INFO - Filling up the DagBag from /opt/airflow/dags/Sesion2/Ejemplo1.py
[2025-06-05T02:30:34.099+0000] {processor.py:925} INFO - DAG(s) 'hello_world_dag' retrieved from /opt/airflow/dags/Sesion2/Ejemplo1.py
[2025-06-05T02:30:34.120+0000] {logging_mixin.py:190} INFO - [2025-06-05T02:30:34.119+0000] {dag.py:3239} INFO - Sync 1 DAGs
[2025-06-05T02:30:34.310+0000] {logging_mixin.py:190} INFO - [2025-06-05T02:30:34.310+0000] {dag.py:4180} INFO - Setting next_dagrun for hello_world_dag to 2025-05-28 00:00:00+00:00, run_after=2025-05-29 00:00:00+00:00
[2025-06-05T02:30:34.325+0000] {processor.py:208} INFO - Processing /opt/airflow/dags/Sesion2/Ejemplo1.py took 0.244 seconds
[2025-06-05T02:31:04.912+0000] {processor.py:186} INFO - Started process (PID=6146) to work on /opt/airflow/dags/Sesion2/Ejemplo1.py
[2025-06-05T02:31:04.913+0000] {processor.py:914} INFO - Processing file /opt/airflow/dags/Sesion2/Ejemplo1.py for tasks to queue
[2025-06-05T02:31:04.915+0000] {logging_mixin.py:190} INFO - [2025-06-05T02:31:04.915+0000] {dagbag.py:588} INFO - Filling up the DagBag from /opt/airflow/dags/Sesion2/Ejemplo1.py
[2025-06-05T02:31:04.923+0000] {processor.py:925} INFO - DAG(s) 'hello_world_dag' retrieved from /opt/airflow/dags/Sesion2/Ejemplo1.py
[2025-06-05T02:31:04.948+0000] {logging_mixin.py:190} INFO - [2025-06-05T02:31:04.948+0000] {dag.py:3239} INFO - Sync 1 DAGs
[2025-06-05T02:31:04.975+0000] {logging_mixin.py:190} INFO - [2025-06-05T02:31:04.974+0000] {dag.py:4180} INFO - Setting next_dagrun for hello_world_dag to 2025-05-28 00:00:00+00:00, run_after=2025-05-29 00:00:00+00:00
[2025-06-05T02:31:04.990+0000] {processor.py:208} INFO - Processing /opt/airflow/dags/Sesion2/Ejemplo1.py took 0.085 seconds
[2025-06-05T02:31:36.043+0000] {processor.py:186} INFO - Started process (PID=6263) to work on /opt/airflow/dags/Sesion2/Ejemplo1.py
[2025-06-05T02:31:36.043+0000] {processor.py:914} INFO - Processing file /opt/airflow/dags/Sesion2/Ejemplo1.py for tasks to queue
[2025-06-05T02:31:36.045+0000] {logging_mixin.py:190} INFO - [2025-06-05T02:31:36.045+0000] {dagbag.py:588} INFO - Filling up the DagBag from /opt/airflow/dags/Sesion2/Ejemplo1.py
[2025-06-05T02:31:36.050+0000] {processor.py:925} INFO - DAG(s) 'hello_world_dag' retrieved from /opt/airflow/dags/Sesion2/Ejemplo1.py
[2025-06-05T02:31:36.066+0000] {logging_mixin.py:190} INFO - [2025-06-05T02:31:36.065+0000] {dag.py:3239} INFO - Sync 1 DAGs
[2025-06-05T02:31:36.085+0000] {logging_mixin.py:190} INFO - [2025-06-05T02:31:36.085+0000] {dag.py:4180} INFO - Setting next_dagrun for hello_world_dag to 2025-05-28 00:00:00+00:00, run_after=2025-05-29 00:00:00+00:00
[2025-06-05T02:31:36.099+0000] {processor.py:208} INFO - Processing /opt/airflow/dags/Sesion2/Ejemplo1.py took 0.061 seconds
[2025-06-05T02:32:07.254+0000] {processor.py:186} INFO - Started process (PID=6376) to work on /opt/airflow/dags/Sesion2/Ejemplo1.py
[2025-06-05T02:32:07.255+0000] {processor.py:914} INFO - Processing file /opt/airflow/dags/Sesion2/Ejemplo1.py for tasks to queue
[2025-06-05T02:32:07.258+0000] {logging_mixin.py:190} INFO - [2025-06-05T02:32:07.258+0000] {dagbag.py:588} INFO - Filling up the DagBag from /opt/airflow/dags/Sesion2/Ejemplo1.py
[2025-06-05T02:32:07.266+0000] {processor.py:925} INFO - DAG(s) 'hello_world_dag' retrieved from /opt/airflow/dags/Sesion2/Ejemplo1.py
[2025-06-05T02:32:07.288+0000] {logging_mixin.py:190} INFO - [2025-06-05T02:32:07.287+0000] {dag.py:3239} INFO - Sync 1 DAGs
[2025-06-05T02:32:07.318+0000] {logging_mixin.py:190} INFO - [2025-06-05T02:32:07.317+0000] {dag.py:4180} INFO - Setting next_dagrun for hello_world_dag to 2025-05-28 00:00:00+00:00, run_after=2025-05-29 00:00:00+00:00
[2025-06-05T02:32:07.503+0000] {processor.py:208} INFO - Processing /opt/airflow/dags/Sesion2/Ejemplo1.py took 0.256 seconds
[2025-06-05T02:32:38.344+0000] {processor.py:186} INFO - Started process (PID=6491) to work on /opt/airflow/dags/Sesion2/Ejemplo1.py
[2025-06-05T02:32:38.345+0000] {processor.py:914} INFO - Processing file /opt/airflow/dags/Sesion2/Ejemplo1.py for tasks to queue
[2025-06-05T02:32:38.347+0000] {logging_mixin.py:190} INFO - [2025-06-05T02:32:38.347+0000] {dagbag.py:588} INFO - Filling up the DagBag from /opt/airflow/dags/Sesion2/Ejemplo1.py
[2025-06-05T02:32:38.354+0000] {processor.py:925} INFO - DAG(s) 'hello_world_dag' retrieved from /opt/airflow/dags/Sesion2/Ejemplo1.py
[2025-06-05T02:32:38.375+0000] {logging_mixin.py:190} INFO - [2025-06-05T02:32:38.375+0000] {dag.py:3239} INFO - Sync 1 DAGs
[2025-06-05T02:32:38.657+0000] {logging_mixin.py:190} INFO - [2025-06-05T02:32:38.657+0000] {dag.py:4180} INFO - Setting next_dagrun for hello_world_dag to 2025-05-28 00:00:00+00:00, run_after=2025-05-29 00:00:00+00:00
[2025-06-05T02:32:38.670+0000] {processor.py:208} INFO - Processing /opt/airflow/dags/Sesion2/Ejemplo1.py took 0.334 seconds
[2025-06-05T02:33:09.269+0000] {processor.py:186} INFO - Started process (PID=6608) to work on /opt/airflow/dags/Sesion2/Ejemplo1.py
[2025-06-05T02:33:09.269+0000] {processor.py:914} INFO - Processing file /opt/airflow/dags/Sesion2/Ejemplo1.py for tasks to queue
[2025-06-05T02:33:09.271+0000] {logging_mixin.py:190} INFO - [2025-06-05T02:33:09.271+0000] {dagbag.py:588} INFO - Filling up the DagBag from /opt/airflow/dags/Sesion2/Ejemplo1.py
[2025-06-05T02:33:09.407+0000] {processor.py:925} INFO - DAG(s) 'hello_world_dag' retrieved from /opt/airflow/dags/Sesion2/Ejemplo1.py
[2025-06-05T02:33:09.420+0000] {logging_mixin.py:190} INFO - [2025-06-05T02:33:09.420+0000] {dag.py:3239} INFO - Sync 1 DAGs
[2025-06-05T02:33:09.438+0000] {logging_mixin.py:190} INFO - [2025-06-05T02:33:09.438+0000] {dag.py:4180} INFO - Setting next_dagrun for hello_world_dag to 2025-05-28 00:00:00+00:00, run_after=2025-05-29 00:00:00+00:00
[2025-06-05T02:33:09.451+0000] {processor.py:208} INFO - Processing /opt/airflow/dags/Sesion2/Ejemplo1.py took 0.188 seconds
[2025-06-05T02:33:40.100+0000] {processor.py:186} INFO - Started process (PID=6723) to work on /opt/airflow/dags/Sesion2/Ejemplo1.py
[2025-06-05T02:33:40.100+0000] {processor.py:914} INFO - Processing file /opt/airflow/dags/Sesion2/Ejemplo1.py for tasks to queue
[2025-06-05T02:33:40.102+0000] {logging_mixin.py:190} INFO - [2025-06-05T02:33:40.102+0000] {dagbag.py:588} INFO - Filling up the DagBag from /opt/airflow/dags/Sesion2/Ejemplo1.py
[2025-06-05T02:33:40.108+0000] {processor.py:925} INFO - DAG(s) 'hello_world_dag' retrieved from /opt/airflow/dags/Sesion2/Ejemplo1.py
[2025-06-05T02:33:40.123+0000] {logging_mixin.py:190} INFO - [2025-06-05T02:33:40.122+0000] {dag.py:3239} INFO - Sync 1 DAGs
[2025-06-05T02:33:40.144+0000] {logging_mixin.py:190} INFO - [2025-06-05T02:33:40.144+0000] {dag.py:4180} INFO - Setting next_dagrun for hello_world_dag to 2025-05-28 00:00:00+00:00, run_after=2025-05-29 00:00:00+00:00
[2025-06-05T02:33:40.158+0000] {processor.py:208} INFO - Processing /opt/airflow/dags/Sesion2/Ejemplo1.py took 0.064 seconds
[2025-06-05T02:34:10.908+0000] {processor.py:186} INFO - Started process (PID=6836) to work on /opt/airflow/dags/Sesion2/Ejemplo1.py
[2025-06-05T02:34:10.909+0000] {processor.py:914} INFO - Processing file /opt/airflow/dags/Sesion2/Ejemplo1.py for tasks to queue
[2025-06-05T02:34:10.911+0000] {logging_mixin.py:190} INFO - [2025-06-05T02:34:10.911+0000] {dagbag.py:588} INFO - Filling up the DagBag from /opt/airflow/dags/Sesion2/Ejemplo1.py
[2025-06-05T02:34:10.920+0000] {processor.py:925} INFO - DAG(s) 'hello_world_dag' retrieved from /opt/airflow/dags/Sesion2/Ejemplo1.py
[2025-06-05T02:34:10.942+0000] {logging_mixin.py:190} INFO - [2025-06-05T02:34:10.941+0000] {dag.py:3239} INFO - Sync 1 DAGs
[2025-06-05T02:34:11.001+0000] {logging_mixin.py:190} INFO - [2025-06-05T02:34:11.000+0000] {dag.py:4180} INFO - Setting next_dagrun for hello_world_dag to 2025-05-28 00:00:00+00:00, run_after=2025-05-29 00:00:00+00:00
[2025-06-05T02:34:11.030+0000] {processor.py:208} INFO - Processing /opt/airflow/dags/Sesion2/Ejemplo1.py took 0.131 seconds
[2025-06-05T05:21:12.849+0000] {processor.py:186} INFO - Started process (PID=286) to work on /opt/airflow/dags/Sesion2/Ejemplo1.py
[2025-06-05T05:21:12.861+0000] {processor.py:914} INFO - Processing file /opt/airflow/dags/Sesion2/Ejemplo1.py for tasks to queue
[2025-06-05T05:21:12.880+0000] {logging_mixin.py:190} INFO - [2025-06-05T05:21:12.880+0000] {dagbag.py:588} INFO - Filling up the DagBag from /opt/airflow/dags/Sesion2/Ejemplo1.py
[2025-06-05T05:21:12.901+0000] {processor.py:925} INFO - DAG(s) 'hello_world_dag' retrieved from /opt/airflow/dags/Sesion2/Ejemplo1.py
[2025-06-05T05:21:12.960+0000] {logging_mixin.py:190} INFO - [2025-06-05T05:21:12.959+0000] {dag.py:3239} INFO - Sync 1 DAGs
[2025-06-05T05:21:13.029+0000] {logging_mixin.py:190} INFO - [2025-06-05T05:21:13.025+0000] {dag.py:4180} INFO - Setting next_dagrun for hello_world_dag to 2025-05-28 00:00:00+00:00, run_after=2025-05-29 00:00:00+00:00
[2025-06-05T05:21:13.091+0000] {processor.py:208} INFO - Processing /opt/airflow/dags/Sesion2/Ejemplo1.py took 0.294 seconds
[2025-06-05T05:21:43.875+0000] {processor.py:186} INFO - Started process (PID=401) to work on /opt/airflow/dags/Sesion2/Ejemplo1.py
[2025-06-05T05:21:43.876+0000] {processor.py:914} INFO - Processing file /opt/airflow/dags/Sesion2/Ejemplo1.py for tasks to queue
[2025-06-05T05:21:43.878+0000] {logging_mixin.py:190} INFO - [2025-06-05T05:21:43.878+0000] {dagbag.py:588} INFO - Filling up the DagBag from /opt/airflow/dags/Sesion2/Ejemplo1.py
[2025-06-05T05:21:43.885+0000] {processor.py:925} INFO - DAG(s) 'hello_world_dag' retrieved from /opt/airflow/dags/Sesion2/Ejemplo1.py
[2025-06-05T05:21:43.914+0000] {logging_mixin.py:190} INFO - [2025-06-05T05:21:43.914+0000] {dag.py:3239} INFO - Sync 1 DAGs
[2025-06-05T05:21:43.962+0000] {logging_mixin.py:190} INFO - [2025-06-05T05:21:43.962+0000] {dag.py:4180} INFO - Setting next_dagrun for hello_world_dag to 2025-05-28 00:00:00+00:00, run_after=2025-05-29 00:00:00+00:00
[2025-06-05T05:21:43.993+0000] {processor.py:208} INFO - Processing /opt/airflow/dags/Sesion2/Ejemplo1.py took 0.125 seconds
