[2025-06-04T00:26:20.303+0000] {local_task_job_runner.py:123} INFO - ::group::Pre task execution logs
[2025-06-04T00:26:20.317+0000] {taskinstance.py:2612} INFO - Dependencies all met for dep_context=non-requeueable deps ti=<TaskInstance: consumer_dag_s5.consume_data_s5 dataset_triggered__2025-06-04T00:26:19.467478+00:00 [queued]>
[2025-06-04T00:26:20.324+0000] {taskinstance.py:2612} INFO - Dependencies all met for dep_context=requeueable deps ti=<TaskInstance: consumer_dag_s5.consume_data_s5 dataset_triggered__2025-06-04T00:26:19.467478+00:00 [queued]>
[2025-06-04T00:26:20.324+0000] {taskinstance.py:2865} INFO - Starting attempt 1 of 1
[2025-06-04T00:26:20.336+0000] {taskinstance.py:2888} INFO - Executing <Task(PythonOperator): consume_data_s5> on 2025-06-04 00:26:19.467478+00:00
[2025-06-04T00:26:20.345+0000] {logging_mixin.py:190} WARNING - /home/***/.local/lib/python3.12/site-packages/***/task/task_runner/standard_task_runner.py:70 DeprecationWarning: This process (pid=1442) is multi-threaded, use of fork() may lead to deadlocks in the child.
[2025-06-04T00:26:20.346+0000] {standard_task_runner.py:72} INFO - Started process 1443 to run task
[2025-06-04T00:26:20.345+0000] {standard_task_runner.py:104} INFO - Running: ['***', 'tasks', 'run', 'consumer_dag_s5', 'consume_data_s5', 'dataset_triggered__2025-06-04T00:26:19.467478+00:00', '--job-id', '242', '--raw', '--subdir', 'DAGS_FOLDER/Sesion5/consumer_dag_dataset.py', '--cfg-path', '/tmp/tmp733ka62r']
[2025-06-04T00:26:20.347+0000] {standard_task_runner.py:105} INFO - Job 242: Subtask consume_data_s5
[2025-06-04T00:26:20.359+0000] {logging_mixin.py:190} WARNING - /home/***/.local/lib/python3.12/site-packages/***/settings.py:209 DeprecationWarning: The sql_alchemy_conn option in [core] has been moved to the sql_alchemy_conn option in [database] - the old setting has been used, but please update your config.
[2025-06-04T00:26:20.385+0000] {task_command.py:467} INFO - Running <TaskInstance: consumer_dag_s5.consume_data_s5 dataset_triggered__2025-06-04T00:26:19.467478+00:00 [running]> on host 31d54648d280
[2025-06-04T00:26:20.387+0000] {logging_mixin.py:190} WARNING - /home/***/.local/lib/python3.12/site-packages/***/settings.py:470 DeprecationWarning: The sql_alchemy_conn option in [core] has been moved to the sql_alchemy_conn option in [database] - the old setting has been used, but please update your config.
[2025-06-04T00:26:20.453+0000] {taskinstance.py:3131} INFO - Exporting env vars: AIRFLOW_CTX_DAG_OWNER='***' AIRFLOW_CTX_DAG_ID='consumer_dag_s5' AIRFLOW_CTX_TASK_ID='consume_data_s5' AIRFLOW_CTX_EXECUTION_DATE='2025-06-04T00:26:19.467478+00:00' AIRFLOW_CTX_TRY_NUMBER='1' AIRFLOW_CTX_DAG_RUN_ID='dataset_triggered__2025-06-04T00:26:19.467478+00:00'
[2025-06-04T00:26:20.454+0000] {taskinstance.py:731} INFO - ::endgroup::
[2025-06-04T00:26:20.467+0000] {logging_mixin.py:190} INFO - Dataset consumido
[2025-06-04T00:26:20.467+0000] {python.py:240} INFO - Done. Returned value was: None
[2025-06-04T00:26:20.475+0000] {taskinstance.py:340} INFO - ::group::Post task execution logs
[2025-06-04T00:26:20.475+0000] {taskinstance.py:352} INFO - Marking task as SUCCESS. dag_id=consumer_dag_s5, task_id=consume_data_s5, run_id=dataset_triggered__2025-06-04T00:26:19.467478+00:00, execution_date=20250604T002619, start_date=20250604T002620, end_date=20250604T002620
[2025-06-04T00:26:20.521+0000] {local_task_job_runner.py:266} INFO - Task exited with return code 0
[2025-06-04T00:26:20.536+0000] {taskinstance.py:3900} INFO - 0 downstream tasks scheduled from follow-on schedule check
[2025-06-04T00:26:20.537+0000] {local_task_job_runner.py:245} INFO - ::endgroup::
