[2025-05-30T00:15:58.905+0000] {processor.py:186} INFO - Started process (PID=169) to work on /opt/airflow/dags/Sesion2/Ejemplo5.py
[2025-05-30T00:15:58.964+0000] {processor.py:914} INFO - Processing file /opt/airflow/dags/Sesion2/Ejemplo5.py for tasks to queue
[2025-05-30T00:15:59.003+0000] {logging_mixin.py:190} INFO - [2025-05-30T00:15:59.003+0000] {dagbag.py:588} INFO - Filling up the DagBag from /opt/airflow/dags/Sesion2/Ejemplo5.py
[2025-05-30T00:15:59.170+0000] {processor.py:925} INFO - DAG(s) 'dag_2', 'dag_1' retrieved from /opt/airflow/dags/Sesion2/Ejemplo5.py
[2025-05-30T00:15:59.568+0000] {logging_mixin.py:190} INFO - [2025-05-30T00:15:59.567+0000] {dag.py:3239} INFO - Sync 2 DAGs
[2025-05-30T00:16:00.122+0000] {logging_mixin.py:190} INFO - [2025-05-30T00:16:00.119+0000] {dag.py:4180} INFO - Setting next_dagrun for dag_1 to 2025-05-30 00:00:00+00:00, run_after=2025-05-31 00:00:00+00:00
[2025-05-30T00:16:00.191+0000] {logging_mixin.py:190} INFO - [2025-05-30T00:16:00.191+0000] {dag.py:4180} INFO - Setting next_dagrun for dag_2 to 2025-05-30 00:00:00+00:00, run_after=2025-05-31 00:00:00+00:00
[2025-05-30T00:16:00.399+0000] {processor.py:208} INFO - Processing /opt/airflow/dags/Sesion2/Ejemplo5.py took 1.577 seconds
[2025-05-30T00:16:30.943+0000] {processor.py:186} INFO - Started process (PID=212) to work on /opt/airflow/dags/Sesion2/Ejemplo5.py
[2025-05-30T00:16:30.959+0000] {processor.py:914} INFO - Processing file /opt/airflow/dags/Sesion2/Ejemplo5.py for tasks to queue
[2025-05-30T00:16:30.966+0000] {logging_mixin.py:190} INFO - [2025-05-30T00:16:30.966+0000] {dagbag.py:588} INFO - Filling up the DagBag from /opt/airflow/dags/Sesion2/Ejemplo5.py
[2025-05-30T00:16:31.058+0000] {processor.py:925} INFO - DAG(s) 'dag_2', 'dag_1' retrieved from /opt/airflow/dags/Sesion2/Ejemplo5.py
[2025-05-30T00:16:31.251+0000] {logging_mixin.py:190} INFO - [2025-05-30T00:16:31.247+0000] {dag.py:3239} INFO - Sync 2 DAGs
[2025-05-30T00:16:31.357+0000] {logging_mixin.py:190} INFO - [2025-05-30T00:16:31.357+0000] {dag.py:4180} INFO - Setting next_dagrun for dag_1 to 2025-05-30 00:00:00+00:00, run_after=2025-05-31 00:00:00+00:00
[2025-05-30T00:16:31.409+0000] {logging_mixin.py:190} INFO - [2025-05-30T00:16:31.408+0000] {dag.py:4180} INFO - Setting next_dagrun for dag_2 to 2025-05-30 00:00:00+00:00, run_after=2025-05-31 00:00:00+00:00
[2025-05-30T00:16:31.553+0000] {processor.py:208} INFO - Processing /opt/airflow/dags/Sesion2/Ejemplo5.py took 0.661 seconds
[2025-05-30T00:17:02.156+0000] {processor.py:186} INFO - Started process (PID=237) to work on /opt/airflow/dags/Sesion2/Ejemplo5.py
[2025-05-30T00:17:02.160+0000] {processor.py:914} INFO - Processing file /opt/airflow/dags/Sesion2/Ejemplo5.py for tasks to queue
[2025-05-30T00:17:02.164+0000] {logging_mixin.py:190} INFO - [2025-05-30T00:17:02.163+0000] {dagbag.py:588} INFO - Filling up the DagBag from /opt/airflow/dags/Sesion2/Ejemplo5.py
[2025-05-30T00:17:02.188+0000] {processor.py:925} INFO - DAG(s) 'dag_2', 'dag_1' retrieved from /opt/airflow/dags/Sesion2/Ejemplo5.py
[2025-05-30T00:17:02.257+0000] {logging_mixin.py:190} INFO - [2025-05-30T00:17:02.257+0000] {dag.py:3239} INFO - Sync 2 DAGs
[2025-05-30T00:17:02.314+0000] {logging_mixin.py:190} INFO - [2025-05-30T00:17:02.314+0000] {dag.py:4180} INFO - Setting next_dagrun for dag_1 to 2025-05-30 00:00:00+00:00, run_after=2025-05-31 00:00:00+00:00
[2025-05-30T00:17:02.323+0000] {logging_mixin.py:190} INFO - [2025-05-30T00:17:02.323+0000] {dag.py:4180} INFO - Setting next_dagrun for dag_2 to 2025-05-30 00:00:00+00:00, run_after=2025-05-31 00:00:00+00:00
[2025-05-30T00:17:02.380+0000] {processor.py:208} INFO - Processing /opt/airflow/dags/Sesion2/Ejemplo5.py took 0.254 seconds
[2025-05-30T00:17:32.856+0000] {processor.py:186} INFO - Started process (PID=262) to work on /opt/airflow/dags/Sesion2/Ejemplo5.py
[2025-05-30T00:17:32.858+0000] {processor.py:914} INFO - Processing file /opt/airflow/dags/Sesion2/Ejemplo5.py for tasks to queue
[2025-05-30T00:17:32.860+0000] {logging_mixin.py:190} INFO - [2025-05-30T00:17:32.859+0000] {dagbag.py:588} INFO - Filling up the DagBag from /opt/airflow/dags/Sesion2/Ejemplo5.py
[2025-05-30T00:17:32.873+0000] {processor.py:925} INFO - DAG(s) 'dag_2', 'dag_1' retrieved from /opt/airflow/dags/Sesion2/Ejemplo5.py
[2025-05-30T00:17:32.910+0000] {logging_mixin.py:190} INFO - [2025-05-30T00:17:32.910+0000] {dag.py:3239} INFO - Sync 2 DAGs
[2025-05-30T00:17:32.978+0000] {logging_mixin.py:190} INFO - [2025-05-30T00:17:32.978+0000] {dag.py:4180} INFO - Setting next_dagrun for dag_1 to 2025-05-30 00:00:00+00:00, run_after=2025-05-31 00:00:00+00:00
[2025-05-30T00:17:33.005+0000] {logging_mixin.py:190} INFO - [2025-05-30T00:17:33.005+0000] {dag.py:4180} INFO - Setting next_dagrun for dag_2 to 2025-05-30 00:00:00+00:00, run_after=2025-05-31 00:00:00+00:00
[2025-05-30T00:17:33.027+0000] {processor.py:208} INFO - Processing /opt/airflow/dags/Sesion2/Ejemplo5.py took 0.177 seconds
[2025-05-30T00:18:03.505+0000] {processor.py:186} INFO - Started process (PID=287) to work on /opt/airflow/dags/Sesion2/Ejemplo5.py
[2025-05-30T00:18:03.506+0000] {processor.py:914} INFO - Processing file /opt/airflow/dags/Sesion2/Ejemplo5.py for tasks to queue
[2025-05-30T00:18:03.509+0000] {logging_mixin.py:190} INFO - [2025-05-30T00:18:03.509+0000] {dagbag.py:588} INFO - Filling up the DagBag from /opt/airflow/dags/Sesion2/Ejemplo5.py
[2025-05-30T00:18:03.522+0000] {processor.py:925} INFO - DAG(s) 'dag_2', 'dag_1' retrieved from /opt/airflow/dags/Sesion2/Ejemplo5.py
[2025-05-30T00:18:03.587+0000] {logging_mixin.py:190} INFO - [2025-05-30T00:18:03.586+0000] {dag.py:3239} INFO - Sync 2 DAGs
[2025-05-30T00:18:03.630+0000] {logging_mixin.py:190} INFO - [2025-05-30T00:18:03.629+0000] {dag.py:4180} INFO - Setting next_dagrun for dag_1 to 2025-05-30 00:00:00+00:00, run_after=2025-05-31 00:00:00+00:00
[2025-05-30T00:18:03.638+0000] {logging_mixin.py:190} INFO - [2025-05-30T00:18:03.638+0000] {dag.py:4180} INFO - Setting next_dagrun for dag_2 to 2025-05-30 00:00:00+00:00, run_after=2025-05-31 00:00:00+00:00
[2025-05-30T00:18:03.665+0000] {processor.py:208} INFO - Processing /opt/airflow/dags/Sesion2/Ejemplo5.py took 0.169 seconds
[2025-05-30T00:18:34.177+0000] {processor.py:186} INFO - Started process (PID=312) to work on /opt/airflow/dags/Sesion2/Ejemplo5.py
[2025-05-30T00:18:34.178+0000] {processor.py:914} INFO - Processing file /opt/airflow/dags/Sesion2/Ejemplo5.py for tasks to queue
[2025-05-30T00:18:34.181+0000] {logging_mixin.py:190} INFO - [2025-05-30T00:18:34.180+0000] {dagbag.py:588} INFO - Filling up the DagBag from /opt/airflow/dags/Sesion2/Ejemplo5.py
[2025-05-30T00:18:34.189+0000] {processor.py:925} INFO - DAG(s) 'dag_2', 'dag_1' retrieved from /opt/airflow/dags/Sesion2/Ejemplo5.py
[2025-05-30T00:18:34.231+0000] {logging_mixin.py:190} INFO - [2025-05-30T00:18:34.231+0000] {dag.py:3239} INFO - Sync 2 DAGs
[2025-05-30T00:18:34.263+0000] {logging_mixin.py:190} INFO - [2025-05-30T00:18:34.263+0000] {dag.py:4180} INFO - Setting next_dagrun for dag_1 to 2025-05-30 00:00:00+00:00, run_after=2025-05-31 00:00:00+00:00
[2025-05-30T00:18:34.270+0000] {logging_mixin.py:190} INFO - [2025-05-30T00:18:34.270+0000] {dag.py:4180} INFO - Setting next_dagrun for dag_2 to 2025-05-30 00:00:00+00:00, run_after=2025-05-31 00:00:00+00:00
[2025-05-30T00:18:34.299+0000] {processor.py:208} INFO - Processing /opt/airflow/dags/Sesion2/Ejemplo5.py took 0.129 seconds
[2025-05-30T00:19:04.529+0000] {processor.py:186} INFO - Started process (PID=337) to work on /opt/airflow/dags/Sesion2/Ejemplo5.py
[2025-05-30T00:19:04.530+0000] {processor.py:914} INFO - Processing file /opt/airflow/dags/Sesion2/Ejemplo5.py for tasks to queue
[2025-05-30T00:19:04.534+0000] {logging_mixin.py:190} INFO - [2025-05-30T00:19:04.533+0000] {dagbag.py:588} INFO - Filling up the DagBag from /opt/airflow/dags/Sesion2/Ejemplo5.py
[2025-05-30T00:19:04.543+0000] {processor.py:925} INFO - DAG(s) 'dag_2', 'dag_1' retrieved from /opt/airflow/dags/Sesion2/Ejemplo5.py
[2025-05-30T00:19:04.579+0000] {logging_mixin.py:190} INFO - [2025-05-30T00:19:04.578+0000] {dag.py:3239} INFO - Sync 2 DAGs
[2025-05-30T00:19:04.615+0000] {logging_mixin.py:190} INFO - [2025-05-30T00:19:04.615+0000] {dag.py:4180} INFO - Setting next_dagrun for dag_1 to 2025-05-30 00:00:00+00:00, run_after=2025-05-31 00:00:00+00:00
[2025-05-30T00:19:04.620+0000] {logging_mixin.py:190} INFO - [2025-05-30T00:19:04.619+0000] {dag.py:4180} INFO - Setting next_dagrun for dag_2 to 2025-05-30 00:00:00+00:00, run_after=2025-05-31 00:00:00+00:00
[2025-05-30T00:19:04.635+0000] {processor.py:208} INFO - Processing /opt/airflow/dags/Sesion2/Ejemplo5.py took 0.112 seconds
[2025-05-30T00:19:35.099+0000] {processor.py:186} INFO - Started process (PID=362) to work on /opt/airflow/dags/Sesion2/Ejemplo5.py
[2025-05-30T00:19:35.100+0000] {processor.py:914} INFO - Processing file /opt/airflow/dags/Sesion2/Ejemplo5.py for tasks to queue
[2025-05-30T00:19:35.103+0000] {logging_mixin.py:190} INFO - [2025-05-30T00:19:35.102+0000] {dagbag.py:588} INFO - Filling up the DagBag from /opt/airflow/dags/Sesion2/Ejemplo5.py
[2025-05-30T00:19:35.112+0000] {processor.py:925} INFO - DAG(s) 'dag_1', 'dag_2' retrieved from /opt/airflow/dags/Sesion2/Ejemplo5.py
[2025-05-30T00:19:35.141+0000] {logging_mixin.py:190} INFO - [2025-05-30T00:19:35.140+0000] {dag.py:3239} INFO - Sync 2 DAGs
[2025-05-30T00:19:35.194+0000] {logging_mixin.py:190} INFO - [2025-05-30T00:19:35.193+0000] {dag.py:4180} INFO - Setting next_dagrun for dag_1 to 2025-05-30 00:00:00+00:00, run_after=2025-05-31 00:00:00+00:00
[2025-05-30T00:19:35.198+0000] {logging_mixin.py:190} INFO - [2025-05-30T00:19:35.198+0000] {dag.py:4180} INFO - Setting next_dagrun for dag_2 to 2025-05-30 00:00:00+00:00, run_after=2025-05-31 00:00:00+00:00
[2025-05-30T00:19:35.214+0000] {processor.py:208} INFO - Processing /opt/airflow/dags/Sesion2/Ejemplo5.py took 0.121 seconds
[2025-05-30T00:20:05.458+0000] {processor.py:186} INFO - Started process (PID=387) to work on /opt/airflow/dags/Sesion2/Ejemplo5.py
[2025-05-30T00:20:05.459+0000] {processor.py:914} INFO - Processing file /opt/airflow/dags/Sesion2/Ejemplo5.py for tasks to queue
[2025-05-30T00:20:05.461+0000] {logging_mixin.py:190} INFO - [2025-05-30T00:20:05.461+0000] {dagbag.py:588} INFO - Filling up the DagBag from /opt/airflow/dags/Sesion2/Ejemplo5.py
[2025-05-30T00:20:05.471+0000] {processor.py:925} INFO - DAG(s) 'dag_1', 'dag_2' retrieved from /opt/airflow/dags/Sesion2/Ejemplo5.py
[2025-05-30T00:20:05.505+0000] {logging_mixin.py:190} INFO - [2025-05-30T00:20:05.505+0000] {dag.py:3239} INFO - Sync 2 DAGs
[2025-05-30T00:20:05.553+0000] {logging_mixin.py:190} INFO - [2025-05-30T00:20:05.552+0000] {dag.py:4180} INFO - Setting next_dagrun for dag_1 to 2025-05-30 00:00:00+00:00, run_after=2025-05-31 00:00:00+00:00
[2025-05-30T00:20:05.558+0000] {logging_mixin.py:190} INFO - [2025-05-30T00:20:05.558+0000] {dag.py:4180} INFO - Setting next_dagrun for dag_2 to 2025-05-30 00:00:00+00:00, run_after=2025-05-31 00:00:00+00:00
[2025-05-30T00:20:05.574+0000] {processor.py:208} INFO - Processing /opt/airflow/dags/Sesion2/Ejemplo5.py took 0.123 seconds
[2025-05-30T00:20:35.879+0000] {processor.py:186} INFO - Started process (PID=412) to work on /opt/airflow/dags/Sesion2/Ejemplo5.py
[2025-05-30T00:20:35.880+0000] {processor.py:914} INFO - Processing file /opt/airflow/dags/Sesion2/Ejemplo5.py for tasks to queue
[2025-05-30T00:20:35.883+0000] {logging_mixin.py:190} INFO - [2025-05-30T00:20:35.882+0000] {dagbag.py:588} INFO - Filling up the DagBag from /opt/airflow/dags/Sesion2/Ejemplo5.py
[2025-05-30T00:20:35.892+0000] {processor.py:925} INFO - DAG(s) 'dag_1', 'dag_2' retrieved from /opt/airflow/dags/Sesion2/Ejemplo5.py
[2025-05-30T00:20:35.921+0000] {logging_mixin.py:190} INFO - [2025-05-30T00:20:35.921+0000] {dag.py:3239} INFO - Sync 2 DAGs
[2025-05-30T00:20:35.951+0000] {logging_mixin.py:190} INFO - [2025-05-30T00:20:35.951+0000] {dag.py:4180} INFO - Setting next_dagrun for dag_1 to 2025-05-30 00:00:00+00:00, run_after=2025-05-31 00:00:00+00:00
[2025-05-30T00:20:35.956+0000] {logging_mixin.py:190} INFO - [2025-05-30T00:20:35.955+0000] {dag.py:4180} INFO - Setting next_dagrun for dag_2 to 2025-05-30 00:00:00+00:00, run_after=2025-05-31 00:00:00+00:00
[2025-05-30T00:20:35.977+0000] {processor.py:208} INFO - Processing /opt/airflow/dags/Sesion2/Ejemplo5.py took 0.105 seconds
[2025-05-30T00:21:06.970+0000] {processor.py:186} INFO - Started process (PID=465) to work on /opt/airflow/dags/Sesion2/Ejemplo5.py
[2025-05-30T00:21:06.971+0000] {processor.py:914} INFO - Processing file /opt/airflow/dags/Sesion2/Ejemplo5.py for tasks to queue
[2025-05-30T00:21:06.973+0000] {logging_mixin.py:190} INFO - [2025-05-30T00:21:06.973+0000] {dagbag.py:588} INFO - Filling up the DagBag from /opt/airflow/dags/Sesion2/Ejemplo5.py
[2025-05-30T00:21:06.981+0000] {processor.py:925} INFO - DAG(s) 'dag_2', 'dag_1' retrieved from /opt/airflow/dags/Sesion2/Ejemplo5.py
[2025-05-30T00:21:06.996+0000] {logging_mixin.py:190} INFO - [2025-05-30T00:21:06.996+0000] {dag.py:3239} INFO - Sync 2 DAGs
[2025-05-30T00:21:07.038+0000] {logging_mixin.py:190} INFO - [2025-05-30T00:21:07.038+0000] {dag.py:4180} INFO - Setting next_dagrun for dag_1 to 2025-05-30 00:00:00+00:00, run_after=2025-05-31 00:00:00+00:00
[2025-05-30T00:21:07.042+0000] {logging_mixin.py:190} INFO - [2025-05-30T00:21:07.042+0000] {dag.py:4180} INFO - Setting next_dagrun for dag_2 to 2025-05-30 00:00:00+00:00, run_after=2025-05-31 00:00:00+00:00
[2025-05-30T00:21:07.059+0000] {processor.py:208} INFO - Processing /opt/airflow/dags/Sesion2/Ejemplo5.py took 0.106 seconds
[2025-05-30T00:21:37.496+0000] {processor.py:186} INFO - Started process (PID=512) to work on /opt/airflow/dags/Sesion2/Ejemplo5.py
[2025-05-30T00:21:37.497+0000] {processor.py:914} INFO - Processing file /opt/airflow/dags/Sesion2/Ejemplo5.py for tasks to queue
[2025-05-30T00:21:37.499+0000] {logging_mixin.py:190} INFO - [2025-05-30T00:21:37.499+0000] {dagbag.py:588} INFO - Filling up the DagBag from /opt/airflow/dags/Sesion2/Ejemplo5.py
[2025-05-30T00:21:37.507+0000] {processor.py:925} INFO - DAG(s) 'dag_1', 'dag_2' retrieved from /opt/airflow/dags/Sesion2/Ejemplo5.py
[2025-05-30T00:21:37.670+0000] {logging_mixin.py:190} INFO - [2025-05-30T00:21:37.670+0000] {dag.py:3239} INFO - Sync 2 DAGs
[2025-05-30T00:21:37.689+0000] {logging_mixin.py:190} INFO - [2025-05-30T00:21:37.689+0000] {dag.py:4180} INFO - Setting next_dagrun for dag_1 to 2025-05-30 00:00:00+00:00, run_after=2025-05-31 00:00:00+00:00
[2025-05-30T00:21:37.692+0000] {logging_mixin.py:190} INFO - [2025-05-30T00:21:37.692+0000] {dag.py:4180} INFO - Setting next_dagrun for dag_2 to 2025-05-30 00:00:00+00:00, run_after=2025-05-31 00:00:00+00:00
[2025-05-30T00:21:37.706+0000] {processor.py:208} INFO - Processing /opt/airflow/dags/Sesion2/Ejemplo5.py took 0.216 seconds
[2025-05-30T00:22:08.059+0000] {processor.py:186} INFO - Started process (PID=557) to work on /opt/airflow/dags/Sesion2/Ejemplo5.py
[2025-05-30T00:22:08.060+0000] {processor.py:914} INFO - Processing file /opt/airflow/dags/Sesion2/Ejemplo5.py for tasks to queue
[2025-05-30T00:22:08.062+0000] {logging_mixin.py:190} INFO - [2025-05-30T00:22:08.062+0000] {dagbag.py:588} INFO - Filling up the DagBag from /opt/airflow/dags/Sesion2/Ejemplo5.py
[2025-05-30T00:22:08.073+0000] {processor.py:925} INFO - DAG(s) 'dag_1', 'dag_2' retrieved from /opt/airflow/dags/Sesion2/Ejemplo5.py
[2025-05-30T00:22:08.113+0000] {logging_mixin.py:190} INFO - [2025-05-30T00:22:08.113+0000] {dag.py:3239} INFO - Sync 2 DAGs
[2025-05-30T00:22:08.150+0000] {logging_mixin.py:190} INFO - [2025-05-30T00:22:08.149+0000] {dag.py:4180} INFO - Setting next_dagrun for dag_1 to 2025-05-30 00:00:00+00:00, run_after=2025-05-31 00:00:00+00:00
[2025-05-30T00:22:08.155+0000] {logging_mixin.py:190} INFO - [2025-05-30T00:22:08.155+0000] {dag.py:4180} INFO - Setting next_dagrun for dag_2 to 2025-05-30 00:00:00+00:00, run_after=2025-05-31 00:00:00+00:00
[2025-05-30T00:22:08.186+0000] {processor.py:208} INFO - Processing /opt/airflow/dags/Sesion2/Ejemplo5.py took 0.133 seconds
[2025-05-30T00:22:38.767+0000] {processor.py:186} INFO - Started process (PID=602) to work on /opt/airflow/dags/Sesion2/Ejemplo5.py
[2025-05-30T00:22:38.768+0000] {processor.py:914} INFO - Processing file /opt/airflow/dags/Sesion2/Ejemplo5.py for tasks to queue
[2025-05-30T00:22:38.771+0000] {logging_mixin.py:190} INFO - [2025-05-30T00:22:38.771+0000] {dagbag.py:588} INFO - Filling up the DagBag from /opt/airflow/dags/Sesion2/Ejemplo5.py
[2025-05-30T00:22:38.781+0000] {processor.py:925} INFO - DAG(s) 'dag_2', 'dag_1' retrieved from /opt/airflow/dags/Sesion2/Ejemplo5.py
[2025-05-30T00:22:38.806+0000] {logging_mixin.py:190} INFO - [2025-05-30T00:22:38.805+0000] {dag.py:3239} INFO - Sync 2 DAGs
[2025-05-30T00:22:38.837+0000] {logging_mixin.py:190} INFO - [2025-05-30T00:22:38.837+0000] {dag.py:4180} INFO - Setting next_dagrun for dag_1 to 2025-05-30 00:00:00+00:00, run_after=2025-05-31 00:00:00+00:00
[2025-05-30T00:22:38.842+0000] {logging_mixin.py:190} INFO - [2025-05-30T00:22:38.842+0000] {dag.py:4180} INFO - Setting next_dagrun for dag_2 to 2025-05-30 00:00:00+00:00, run_after=2025-05-31 00:00:00+00:00
[2025-05-30T00:22:38.861+0000] {processor.py:208} INFO - Processing /opt/airflow/dags/Sesion2/Ejemplo5.py took 0.100 seconds
[2025-05-30T00:23:09.398+0000] {processor.py:186} INFO - Started process (PID=652) to work on /opt/airflow/dags/Sesion2/Ejemplo5.py
[2025-05-30T00:23:09.401+0000] {processor.py:914} INFO - Processing file /opt/airflow/dags/Sesion2/Ejemplo5.py for tasks to queue
[2025-05-30T00:23:09.405+0000] {logging_mixin.py:190} INFO - [2025-05-30T00:23:09.405+0000] {dagbag.py:588} INFO - Filling up the DagBag from /opt/airflow/dags/Sesion2/Ejemplo5.py
[2025-05-30T00:23:09.414+0000] {processor.py:925} INFO - DAG(s) 'dag_2', 'dag_1' retrieved from /opt/airflow/dags/Sesion2/Ejemplo5.py
[2025-05-30T00:23:09.707+0000] {logging_mixin.py:190} INFO - [2025-05-30T00:23:09.707+0000] {dag.py:3239} INFO - Sync 2 DAGs
[2025-05-30T00:23:09.732+0000] {logging_mixin.py:190} INFO - [2025-05-30T00:23:09.732+0000] {dag.py:4180} INFO - Setting next_dagrun for dag_1 to 2025-05-30 00:00:00+00:00, run_after=2025-05-31 00:00:00+00:00
[2025-05-30T00:23:09.736+0000] {logging_mixin.py:190} INFO - [2025-05-30T00:23:09.736+0000] {dag.py:4180} INFO - Setting next_dagrun for dag_2 to 2025-05-30 00:00:00+00:00, run_after=2025-05-31 00:00:00+00:00
[2025-05-30T00:23:09.750+0000] {processor.py:208} INFO - Processing /opt/airflow/dags/Sesion2/Ejemplo5.py took 0.358 seconds
[2025-05-30T00:23:39.911+0000] {processor.py:186} INFO - Started process (PID=700) to work on /opt/airflow/dags/Sesion2/Ejemplo5.py
[2025-05-30T00:23:39.914+0000] {processor.py:914} INFO - Processing file /opt/airflow/dags/Sesion2/Ejemplo5.py for tasks to queue
[2025-05-30T00:23:39.916+0000] {logging_mixin.py:190} INFO - [2025-05-30T00:23:39.916+0000] {dagbag.py:588} INFO - Filling up the DagBag from /opt/airflow/dags/Sesion2/Ejemplo5.py
[2025-05-30T00:23:39.925+0000] {processor.py:925} INFO - DAG(s) 'dag_2', 'dag_1' retrieved from /opt/airflow/dags/Sesion2/Ejemplo5.py
[2025-05-30T00:23:39.948+0000] {logging_mixin.py:190} INFO - [2025-05-30T00:23:39.948+0000] {dag.py:3239} INFO - Sync 2 DAGs
[2025-05-30T00:23:39.980+0000] {logging_mixin.py:190} INFO - [2025-05-30T00:23:39.980+0000] {dag.py:4180} INFO - Setting next_dagrun for dag_1 to 2025-05-30 00:00:00+00:00, run_after=2025-05-31 00:00:00+00:00
[2025-05-30T00:23:39.993+0000] {logging_mixin.py:190} INFO - [2025-05-30T00:23:39.993+0000] {dag.py:4180} INFO - Setting next_dagrun for dag_2 to 2025-05-30 00:00:00+00:00, run_after=2025-05-31 00:00:00+00:00
[2025-05-30T00:23:40.021+0000] {processor.py:208} INFO - Processing /opt/airflow/dags/Sesion2/Ejemplo5.py took 0.116 seconds
[2025-05-30T00:24:10.660+0000] {processor.py:186} INFO - Started process (PID=745) to work on /opt/airflow/dags/Sesion2/Ejemplo5.py
[2025-05-30T00:24:10.661+0000] {processor.py:914} INFO - Processing file /opt/airflow/dags/Sesion2/Ejemplo5.py for tasks to queue
[2025-05-30T00:24:10.667+0000] {logging_mixin.py:190} INFO - [2025-05-30T00:24:10.667+0000] {dagbag.py:588} INFO - Filling up the DagBag from /opt/airflow/dags/Sesion2/Ejemplo5.py
[2025-05-30T00:24:10.687+0000] {processor.py:925} INFO - DAG(s) 'dag_2', 'dag_1' retrieved from /opt/airflow/dags/Sesion2/Ejemplo5.py
[2025-05-30T00:24:10.915+0000] {logging_mixin.py:190} INFO - [2025-05-30T00:24:10.915+0000] {dag.py:3239} INFO - Sync 2 DAGs
[2025-05-30T00:24:10.944+0000] {logging_mixin.py:190} INFO - [2025-05-30T00:24:10.943+0000] {dag.py:4180} INFO - Setting next_dagrun for dag_1 to 2025-05-30 00:00:00+00:00, run_after=2025-05-31 00:00:00+00:00
[2025-05-30T00:24:10.953+0000] {logging_mixin.py:190} INFO - [2025-05-30T00:24:10.953+0000] {dag.py:4180} INFO - Setting next_dagrun for dag_2 to 2025-05-30 00:00:00+00:00, run_after=2025-05-31 00:00:00+00:00
[2025-05-30T00:24:11.110+0000] {processor.py:208} INFO - Processing /opt/airflow/dags/Sesion2/Ejemplo5.py took 0.460 seconds
[2025-05-30T00:24:41.465+0000] {processor.py:186} INFO - Started process (PID=790) to work on /opt/airflow/dags/Sesion2/Ejemplo5.py
[2025-05-30T00:24:41.466+0000] {processor.py:914} INFO - Processing file /opt/airflow/dags/Sesion2/Ejemplo5.py for tasks to queue
[2025-05-30T00:24:41.471+0000] {logging_mixin.py:190} INFO - [2025-05-30T00:24:41.471+0000] {dagbag.py:588} INFO - Filling up the DagBag from /opt/airflow/dags/Sesion2/Ejemplo5.py
[2025-05-30T00:24:41.479+0000] {processor.py:925} INFO - DAG(s) 'dag_2', 'dag_1' retrieved from /opt/airflow/dags/Sesion2/Ejemplo5.py
[2025-05-30T00:24:41.505+0000] {logging_mixin.py:190} INFO - [2025-05-30T00:24:41.504+0000] {dag.py:3239} INFO - Sync 2 DAGs
[2025-05-30T00:24:41.538+0000] {logging_mixin.py:190} INFO - [2025-05-30T00:24:41.538+0000] {dag.py:4180} INFO - Setting next_dagrun for dag_1 to 2025-05-30 00:00:00+00:00, run_after=2025-05-31 00:00:00+00:00
[2025-05-30T00:24:41.543+0000] {logging_mixin.py:190} INFO - [2025-05-30T00:24:41.543+0000] {dag.py:4180} INFO - Setting next_dagrun for dag_2 to 2025-05-30 00:00:00+00:00, run_after=2025-05-31 00:00:00+00:00
[2025-05-30T00:24:41.559+0000] {processor.py:208} INFO - Processing /opt/airflow/dags/Sesion2/Ejemplo5.py took 0.103 seconds
[2025-05-30T00:25:12.218+0000] {processor.py:186} INFO - Started process (PID=835) to work on /opt/airflow/dags/Sesion2/Ejemplo5.py
[2025-05-30T00:25:12.219+0000] {processor.py:914} INFO - Processing file /opt/airflow/dags/Sesion2/Ejemplo5.py for tasks to queue
[2025-05-30T00:25:12.221+0000] {logging_mixin.py:190} INFO - [2025-05-30T00:25:12.221+0000] {dagbag.py:588} INFO - Filling up the DagBag from /opt/airflow/dags/Sesion2/Ejemplo5.py
[2025-05-30T00:25:12.230+0000] {processor.py:925} INFO - DAG(s) 'dag_2', 'dag_1' retrieved from /opt/airflow/dags/Sesion2/Ejemplo5.py
[2025-05-30T00:25:12.559+0000] {logging_mixin.py:190} INFO - [2025-05-30T00:25:12.559+0000] {dag.py:3239} INFO - Sync 2 DAGs
[2025-05-30T00:25:12.576+0000] {logging_mixin.py:190} INFO - [2025-05-30T00:25:12.576+0000] {dag.py:4180} INFO - Setting next_dagrun for dag_1 to 2025-05-30 00:00:00+00:00, run_after=2025-05-31 00:00:00+00:00
[2025-05-30T00:25:12.579+0000] {logging_mixin.py:190} INFO - [2025-05-30T00:25:12.579+0000] {dag.py:4180} INFO - Setting next_dagrun for dag_2 to 2025-05-30 00:00:00+00:00, run_after=2025-05-31 00:00:00+00:00
[2025-05-30T00:25:12.594+0000] {processor.py:208} INFO - Processing /opt/airflow/dags/Sesion2/Ejemplo5.py took 0.384 seconds
[2025-05-30T00:25:43.177+0000] {processor.py:186} INFO - Started process (PID=892) to work on /opt/airflow/dags/Sesion2/Ejemplo5.py
[2025-05-30T00:25:43.177+0000] {processor.py:914} INFO - Processing file /opt/airflow/dags/Sesion2/Ejemplo5.py for tasks to queue
[2025-05-30T00:25:43.180+0000] {logging_mixin.py:190} INFO - [2025-05-30T00:25:43.180+0000] {dagbag.py:588} INFO - Filling up the DagBag from /opt/airflow/dags/Sesion2/Ejemplo5.py
[2025-05-30T00:25:43.188+0000] {processor.py:925} INFO - DAG(s) 'dag_2', 'dag_1' retrieved from /opt/airflow/dags/Sesion2/Ejemplo5.py
[2025-05-30T00:25:43.232+0000] {logging_mixin.py:190} INFO - [2025-05-30T00:25:43.231+0000] {dag.py:3239} INFO - Sync 2 DAGs
[2025-05-30T00:25:43.263+0000] {logging_mixin.py:190} INFO - [2025-05-30T00:25:43.263+0000] {dag.py:4180} INFO - Setting next_dagrun for dag_1 to 2025-05-30 00:00:00+00:00, run_after=2025-05-31 00:00:00+00:00
[2025-05-30T00:25:43.268+0000] {logging_mixin.py:190} INFO - [2025-05-30T00:25:43.268+0000] {dag.py:4180} INFO - Setting next_dagrun for dag_2 to 2025-05-30 00:00:00+00:00, run_after=2025-05-31 00:00:00+00:00
[2025-05-30T00:25:43.285+0000] {processor.py:208} INFO - Processing /opt/airflow/dags/Sesion2/Ejemplo5.py took 0.115 seconds
[2025-05-30T00:26:13.802+0000] {processor.py:186} INFO - Started process (PID=950) to work on /opt/airflow/dags/Sesion2/Ejemplo5.py
[2025-05-30T00:26:13.803+0000] {processor.py:914} INFO - Processing file /opt/airflow/dags/Sesion2/Ejemplo5.py for tasks to queue
[2025-05-30T00:26:13.805+0000] {logging_mixin.py:190} INFO - [2025-05-30T00:26:13.805+0000] {dagbag.py:588} INFO - Filling up the DagBag from /opt/airflow/dags/Sesion2/Ejemplo5.py
[2025-05-30T00:26:13.813+0000] {processor.py:925} INFO - DAG(s) 'dag_2', 'dag_1' retrieved from /opt/airflow/dags/Sesion2/Ejemplo5.py
[2025-05-30T00:26:13.839+0000] {logging_mixin.py:190} INFO - [2025-05-30T00:26:13.839+0000] {dag.py:3239} INFO - Sync 2 DAGs
[2025-05-30T00:26:13.869+0000] {logging_mixin.py:190} INFO - [2025-05-30T00:26:13.869+0000] {dag.py:4180} INFO - Setting next_dagrun for dag_1 to 2025-05-30 00:00:00+00:00, run_after=2025-05-31 00:00:00+00:00
[2025-05-30T00:26:13.874+0000] {logging_mixin.py:190} INFO - [2025-05-30T00:26:13.874+0000] {dag.py:4180} INFO - Setting next_dagrun for dag_2 to 2025-05-30 00:00:00+00:00, run_after=2025-05-31 00:00:00+00:00
[2025-05-30T00:26:13.896+0000] {processor.py:208} INFO - Processing /opt/airflow/dags/Sesion2/Ejemplo5.py took 0.100 seconds
[2025-05-30T00:26:44.368+0000] {processor.py:186} INFO - Started process (PID=1002) to work on /opt/airflow/dags/Sesion2/Ejemplo5.py
[2025-05-30T00:26:44.369+0000] {processor.py:914} INFO - Processing file /opt/airflow/dags/Sesion2/Ejemplo5.py for tasks to queue
[2025-05-30T00:26:44.372+0000] {logging_mixin.py:190} INFO - [2025-05-30T00:26:44.372+0000] {dagbag.py:588} INFO - Filling up the DagBag from /opt/airflow/dags/Sesion2/Ejemplo5.py
[2025-05-30T00:26:44.381+0000] {processor.py:925} INFO - DAG(s) 'dag_2', 'dag_1' retrieved from /opt/airflow/dags/Sesion2/Ejemplo5.py
[2025-05-30T00:26:44.516+0000] {logging_mixin.py:190} INFO - [2025-05-30T00:26:44.516+0000] {dag.py:3239} INFO - Sync 2 DAGs
[2025-05-30T00:26:44.648+0000] {logging_mixin.py:190} INFO - [2025-05-30T00:26:44.648+0000] {dag.py:4180} INFO - Setting next_dagrun for dag_1 to 2025-05-30 00:00:00+00:00, run_after=2025-05-31 00:00:00+00:00
[2025-05-30T00:26:44.651+0000] {logging_mixin.py:190} INFO - [2025-05-30T00:26:44.651+0000] {dag.py:4180} INFO - Setting next_dagrun for dag_2 to 2025-05-30 00:00:00+00:00, run_after=2025-05-31 00:00:00+00:00
[2025-05-30T00:26:44.664+0000] {processor.py:208} INFO - Processing /opt/airflow/dags/Sesion2/Ejemplo5.py took 0.302 seconds
[2025-05-30T00:27:14.929+0000] {processor.py:186} INFO - Started process (PID=1050) to work on /opt/airflow/dags/Sesion2/Ejemplo5.py
[2025-05-30T00:27:14.930+0000] {processor.py:914} INFO - Processing file /opt/airflow/dags/Sesion2/Ejemplo5.py for tasks to queue
[2025-05-30T00:27:14.933+0000] {logging_mixin.py:190} INFO - [2025-05-30T00:27:14.932+0000] {dagbag.py:588} INFO - Filling up the DagBag from /opt/airflow/dags/Sesion2/Ejemplo5.py
[2025-05-30T00:27:14.940+0000] {processor.py:925} INFO - DAG(s) 'dag_1', 'dag_2' retrieved from /opt/airflow/dags/Sesion2/Ejemplo5.py
[2025-05-30T00:27:14.970+0000] {logging_mixin.py:190} INFO - [2025-05-30T00:27:14.970+0000] {dag.py:3239} INFO - Sync 2 DAGs
[2025-05-30T00:27:15.023+0000] {logging_mixin.py:190} INFO - [2025-05-30T00:27:15.023+0000] {dag.py:4180} INFO - Setting next_dagrun for dag_1 to 2025-05-30 00:00:00+00:00, run_after=2025-05-31 00:00:00+00:00
[2025-05-30T00:27:15.034+0000] {logging_mixin.py:190} INFO - [2025-05-30T00:27:15.034+0000] {dag.py:4180} INFO - Setting next_dagrun for dag_2 to 2025-05-30 00:00:00+00:00, run_after=2025-05-31 00:00:00+00:00
[2025-05-30T00:27:15.077+0000] {processor.py:208} INFO - Processing /opt/airflow/dags/Sesion2/Ejemplo5.py took 0.154 seconds
[2025-05-30T00:27:45.837+0000] {processor.py:186} INFO - Started process (PID=1102) to work on /opt/airflow/dags/Sesion2/Ejemplo5.py
[2025-05-30T00:27:45.838+0000] {processor.py:914} INFO - Processing file /opt/airflow/dags/Sesion2/Ejemplo5.py for tasks to queue
[2025-05-30T00:27:45.841+0000] {logging_mixin.py:190} INFO - [2025-05-30T00:27:45.840+0000] {dagbag.py:588} INFO - Filling up the DagBag from /opt/airflow/dags/Sesion2/Ejemplo5.py
[2025-05-30T00:27:45.849+0000] {processor.py:925} INFO - DAG(s) 'dag_2', 'dag_1' retrieved from /opt/airflow/dags/Sesion2/Ejemplo5.py
[2025-05-30T00:27:46.036+0000] {logging_mixin.py:190} INFO - [2025-05-30T00:27:46.036+0000] {dag.py:3239} INFO - Sync 2 DAGs
[2025-05-30T00:27:46.058+0000] {logging_mixin.py:190} INFO - [2025-05-30T00:27:46.058+0000] {dag.py:4180} INFO - Setting next_dagrun for dag_1 to 2025-05-30 00:00:00+00:00, run_after=2025-05-31 00:00:00+00:00
[2025-05-30T00:27:46.060+0000] {logging_mixin.py:190} INFO - [2025-05-30T00:27:46.060+0000] {dag.py:4180} INFO - Setting next_dagrun for dag_2 to 2025-05-30 00:00:00+00:00, run_after=2025-05-31 00:00:00+00:00
[2025-05-30T00:27:46.074+0000] {processor.py:208} INFO - Processing /opt/airflow/dags/Sesion2/Ejemplo5.py took 0.244 seconds
[2025-05-30T00:28:16.536+0000] {processor.py:186} INFO - Started process (PID=1147) to work on /opt/airflow/dags/Sesion2/Ejemplo5.py
[2025-05-30T00:28:16.537+0000] {processor.py:914} INFO - Processing file /opt/airflow/dags/Sesion2/Ejemplo5.py for tasks to queue
[2025-05-30T00:28:16.540+0000] {logging_mixin.py:190} INFO - [2025-05-30T00:28:16.539+0000] {dagbag.py:588} INFO - Filling up the DagBag from /opt/airflow/dags/Sesion2/Ejemplo5.py
[2025-05-30T00:28:16.548+0000] {processor.py:925} INFO - DAG(s) 'dag_1', 'dag_2' retrieved from /opt/airflow/dags/Sesion2/Ejemplo5.py
[2025-05-30T00:28:16.577+0000] {logging_mixin.py:190} INFO - [2025-05-30T00:28:16.577+0000] {dag.py:3239} INFO - Sync 2 DAGs
[2025-05-30T00:28:16.609+0000] {logging_mixin.py:190} INFO - [2025-05-30T00:28:16.609+0000] {dag.py:4180} INFO - Setting next_dagrun for dag_1 to 2025-05-30 00:00:00+00:00, run_after=2025-05-31 00:00:00+00:00
[2025-05-30T00:28:16.616+0000] {logging_mixin.py:190} INFO - [2025-05-30T00:28:16.616+0000] {dag.py:4180} INFO - Setting next_dagrun for dag_2 to 2025-05-30 00:00:00+00:00, run_after=2025-05-31 00:00:00+00:00
[2025-05-30T00:28:16.634+0000] {processor.py:208} INFO - Processing /opt/airflow/dags/Sesion2/Ejemplo5.py took 0.104 seconds
[2025-05-30T00:28:47.005+0000] {processor.py:186} INFO - Started process (PID=1192) to work on /opt/airflow/dags/Sesion2/Ejemplo5.py
[2025-05-30T00:28:47.006+0000] {processor.py:914} INFO - Processing file /opt/airflow/dags/Sesion2/Ejemplo5.py for tasks to queue
[2025-05-30T00:28:47.011+0000] {logging_mixin.py:190} INFO - [2025-05-30T00:28:47.011+0000] {dagbag.py:588} INFO - Filling up the DagBag from /opt/airflow/dags/Sesion2/Ejemplo5.py
[2025-05-30T00:28:47.019+0000] {processor.py:925} INFO - DAG(s) 'dag_2', 'dag_1' retrieved from /opt/airflow/dags/Sesion2/Ejemplo5.py
[2025-05-30T00:28:47.045+0000] {logging_mixin.py:190} INFO - [2025-05-30T00:28:47.045+0000] {dag.py:3239} INFO - Sync 2 DAGs
[2025-05-30T00:28:47.075+0000] {logging_mixin.py:190} INFO - [2025-05-30T00:28:47.075+0000] {dag.py:4180} INFO - Setting next_dagrun for dag_1 to 2025-05-30 00:00:00+00:00, run_after=2025-05-31 00:00:00+00:00
[2025-05-30T00:28:47.080+0000] {logging_mixin.py:190} INFO - [2025-05-30T00:28:47.079+0000] {dag.py:4180} INFO - Setting next_dagrun for dag_2 to 2025-05-30 00:00:00+00:00, run_after=2025-05-31 00:00:00+00:00
[2025-05-30T00:28:47.100+0000] {processor.py:208} INFO - Processing /opt/airflow/dags/Sesion2/Ejemplo5.py took 0.101 seconds
[2025-05-30T00:29:17.559+0000] {processor.py:186} INFO - Started process (PID=1260) to work on /opt/airflow/dags/Sesion2/Ejemplo5.py
[2025-05-30T00:29:17.560+0000] {processor.py:914} INFO - Processing file /opt/airflow/dags/Sesion2/Ejemplo5.py for tasks to queue
[2025-05-30T00:29:17.563+0000] {logging_mixin.py:190} INFO - [2025-05-30T00:29:17.563+0000] {dagbag.py:588} INFO - Filling up the DagBag from /opt/airflow/dags/Sesion2/Ejemplo5.py
[2025-05-30T00:29:17.571+0000] {processor.py:925} INFO - DAG(s) 'dag_2', 'dag_1' retrieved from /opt/airflow/dags/Sesion2/Ejemplo5.py
[2025-05-30T00:29:17.597+0000] {logging_mixin.py:190} INFO - [2025-05-30T00:29:17.597+0000] {dag.py:3239} INFO - Sync 2 DAGs
[2025-05-30T00:29:17.629+0000] {logging_mixin.py:190} INFO - [2025-05-30T00:29:17.629+0000] {dag.py:4180} INFO - Setting next_dagrun for dag_1 to 2025-05-30 00:00:00+00:00, run_after=2025-05-31 00:00:00+00:00
[2025-05-30T00:29:17.634+0000] {logging_mixin.py:190} INFO - [2025-05-30T00:29:17.634+0000] {dag.py:4180} INFO - Setting next_dagrun for dag_2 to 2025-05-30 00:00:00+00:00, run_after=2025-05-31 00:00:00+00:00
[2025-05-30T00:29:17.650+0000] {processor.py:208} INFO - Processing /opt/airflow/dags/Sesion2/Ejemplo5.py took 0.097 seconds
[2025-05-30T00:29:48.235+0000] {processor.py:186} INFO - Started process (PID=1327) to work on /opt/airflow/dags/Sesion2/Ejemplo5.py
[2025-05-30T00:29:48.236+0000] {processor.py:914} INFO - Processing file /opt/airflow/dags/Sesion2/Ejemplo5.py for tasks to queue
[2025-05-30T00:29:48.239+0000] {logging_mixin.py:190} INFO - [2025-05-30T00:29:48.239+0000] {dagbag.py:588} INFO - Filling up the DagBag from /opt/airflow/dags/Sesion2/Ejemplo5.py
[2025-05-30T00:29:48.248+0000] {processor.py:925} INFO - DAG(s) 'dag_1', 'dag_2' retrieved from /opt/airflow/dags/Sesion2/Ejemplo5.py
[2025-05-30T00:29:48.276+0000] {logging_mixin.py:190} INFO - [2025-05-30T00:29:48.276+0000] {dag.py:3239} INFO - Sync 2 DAGs
[2025-05-30T00:29:48.306+0000] {logging_mixin.py:190} INFO - [2025-05-30T00:29:48.306+0000] {dag.py:4180} INFO - Setting next_dagrun for dag_1 to 2025-05-30 00:00:00+00:00, run_after=2025-05-31 00:00:00+00:00
[2025-05-30T00:29:48.311+0000] {logging_mixin.py:190} INFO - [2025-05-30T00:29:48.310+0000] {dag.py:4180} INFO - Setting next_dagrun for dag_2 to 2025-05-30 00:00:00+00:00, run_after=2025-05-31 00:00:00+00:00
[2025-05-30T00:29:48.327+0000] {processor.py:208} INFO - Processing /opt/airflow/dags/Sesion2/Ejemplo5.py took 0.098 seconds
[2025-05-30T00:30:18.768+0000] {processor.py:186} INFO - Started process (PID=1377) to work on /opt/airflow/dags/Sesion2/Ejemplo5.py
[2025-05-30T00:30:18.768+0000] {processor.py:914} INFO - Processing file /opt/airflow/dags/Sesion2/Ejemplo5.py for tasks to queue
[2025-05-30T00:30:18.771+0000] {logging_mixin.py:190} INFO - [2025-05-30T00:30:18.771+0000] {dagbag.py:588} INFO - Filling up the DagBag from /opt/airflow/dags/Sesion2/Ejemplo5.py
[2025-05-30T00:30:18.784+0000] {processor.py:925} INFO - DAG(s) 'dag_1', 'dag_2' retrieved from /opt/airflow/dags/Sesion2/Ejemplo5.py
[2025-05-30T00:30:18.811+0000] {logging_mixin.py:190} INFO - [2025-05-30T00:30:18.811+0000] {dag.py:3239} INFO - Sync 2 DAGs
[2025-05-30T00:30:18.839+0000] {logging_mixin.py:190} INFO - [2025-05-30T00:30:18.839+0000] {dag.py:4180} INFO - Setting next_dagrun for dag_1 to 2025-05-30 00:00:00+00:00, run_after=2025-05-31 00:00:00+00:00
[2025-05-30T00:30:18.843+0000] {logging_mixin.py:190} INFO - [2025-05-30T00:30:18.843+0000] {dag.py:4180} INFO - Setting next_dagrun for dag_2 to 2025-05-30 00:00:00+00:00, run_after=2025-05-31 00:00:00+00:00
[2025-05-30T00:30:18.862+0000] {processor.py:208} INFO - Processing /opt/airflow/dags/Sesion2/Ejemplo5.py took 0.100 seconds
[2025-05-30T00:30:49.252+0000] {processor.py:186} INFO - Started process (PID=1422) to work on /opt/airflow/dags/Sesion2/Ejemplo5.py
[2025-05-30T00:30:49.254+0000] {processor.py:914} INFO - Processing file /opt/airflow/dags/Sesion2/Ejemplo5.py for tasks to queue
[2025-05-30T00:30:49.256+0000] {logging_mixin.py:190} INFO - [2025-05-30T00:30:49.256+0000] {dagbag.py:588} INFO - Filling up the DagBag from /opt/airflow/dags/Sesion2/Ejemplo5.py
[2025-05-30T00:30:49.265+0000] {processor.py:925} INFO - DAG(s) 'dag_2', 'dag_1' retrieved from /opt/airflow/dags/Sesion2/Ejemplo5.py
[2025-05-30T00:30:49.291+0000] {logging_mixin.py:190} INFO - [2025-05-30T00:30:49.291+0000] {dag.py:3239} INFO - Sync 2 DAGs
[2025-05-30T00:30:49.322+0000] {logging_mixin.py:190} INFO - [2025-05-30T00:30:49.322+0000] {dag.py:4180} INFO - Setting next_dagrun for dag_1 to 2025-05-30 00:00:00+00:00, run_after=2025-05-31 00:00:00+00:00
[2025-05-30T00:30:49.326+0000] {logging_mixin.py:190} INFO - [2025-05-30T00:30:49.326+0000] {dag.py:4180} INFO - Setting next_dagrun for dag_2 to 2025-05-30 00:00:00+00:00, run_after=2025-05-31 00:00:00+00:00
[2025-05-30T00:30:49.343+0000] {processor.py:208} INFO - Processing /opt/airflow/dags/Sesion2/Ejemplo5.py took 0.097 seconds
[2025-05-30T00:31:19.765+0000] {processor.py:186} INFO - Started process (PID=1467) to work on /opt/airflow/dags/Sesion2/Ejemplo5.py
[2025-05-30T00:31:19.766+0000] {processor.py:914} INFO - Processing file /opt/airflow/dags/Sesion2/Ejemplo5.py for tasks to queue
[2025-05-30T00:31:19.769+0000] {logging_mixin.py:190} INFO - [2025-05-30T00:31:19.768+0000] {dagbag.py:588} INFO - Filling up the DagBag from /opt/airflow/dags/Sesion2/Ejemplo5.py
[2025-05-30T00:31:19.777+0000] {processor.py:925} INFO - DAG(s) 'dag_1', 'dag_2' retrieved from /opt/airflow/dags/Sesion2/Ejemplo5.py
[2025-05-30T00:31:20.044+0000] {logging_mixin.py:190} INFO - [2025-05-30T00:31:20.044+0000] {dag.py:3239} INFO - Sync 2 DAGs
[2025-05-30T00:31:20.054+0000] {logging_mixin.py:190} INFO - [2025-05-30T00:31:20.054+0000] {dag.py:3262} INFO - Creating ORM DAG for dag_2
[2025-05-30T00:31:20.055+0000] {logging_mixin.py:190} INFO - [2025-05-30T00:31:20.054+0000] {dag.py:3262} INFO - Creating ORM DAG for dag_1
[2025-05-30T00:31:20.062+0000] {logging_mixin.py:190} INFO - [2025-05-30T00:31:20.062+0000] {dag.py:4180} INFO - Setting next_dagrun for dag_1 to 2025-05-27 00:00:00+00:00, run_after=2025-05-28 00:00:00+00:00
[2025-05-30T00:31:20.062+0000] {logging_mixin.py:190} INFO - [2025-05-30T00:31:20.062+0000] {dag.py:4180} INFO - Setting next_dagrun for dag_2 to 2025-05-27 00:00:00+00:00, run_after=2025-05-28 00:00:00+00:00
[2025-05-30T00:31:20.076+0000] {processor.py:208} INFO - Processing /opt/airflow/dags/Sesion2/Ejemplo5.py took 0.317 seconds
