[2025-06-04T01:29:52.319+0000] {local_task_job_runner.py:123} INFO - ::group::Pre task execution logs
[2025-06-04T01:29:52.337+0000] {taskinstance.py:2612} INFO - Dependencies all met for dep_context=non-requeueable deps ti=<TaskInstance: final_dag_ej2_1.esperar_consumer_dag_S5_ej2_2 manual__2025-06-04T01:29:50.763828+00:00 [queued]>
[2025-06-04T01:29:52.346+0000] {taskinstance.py:2612} INFO - Dependencies all met for dep_context=requeueable deps ti=<TaskInstance: final_dag_ej2_1.esperar_consumer_dag_S5_ej2_2 manual__2025-06-04T01:29:50.763828+00:00 [queued]>
[2025-06-04T01:29:52.347+0000] {taskinstance.py:2865} INFO - Starting attempt 1 of 1
[2025-06-04T01:29:52.363+0000] {taskinstance.py:2888} INFO - Executing <Task(ExternalTaskSensor): esperar_consumer_dag_S5_ej2_2> on 2025-06-04 01:29:50.763828+00:00
[2025-06-04T01:29:52.379+0000] {logging_mixin.py:190} WARNING - /home/***/.local/lib/python3.12/site-packages/***/task/task_runner/standard_task_runner.py:70 DeprecationWarning: This process (pid=10393) is multi-threaded, use of fork() may lead to deadlocks in the child.
[2025-06-04T01:29:52.381+0000] {standard_task_runner.py:72} INFO - Started process 10394 to run task
[2025-06-04T01:29:52.377+0000] {standard_task_runner.py:104} INFO - Running: ['***', 'tasks', 'run', 'final_dag_ej2_1', 'esperar_consumer_dag_S5_ej2_2', 'manual__2025-06-04T01:29:50.763828+00:00', '--job-id', '284', '--raw', '--subdir', 'DAGS_FOLDER/Sesion5/Dataset_S5_4_1.py', '--cfg-path', '/tmp/tmp_h1kw54x']
[2025-06-04T01:29:52.382+0000] {standard_task_runner.py:105} INFO - Job 284: Subtask esperar_consumer_dag_S5_ej2_2
[2025-06-04T01:29:52.403+0000] {logging_mixin.py:190} WARNING - /home/***/.local/lib/python3.12/site-packages/***/settings.py:209 DeprecationWarning: The sql_alchemy_conn option in [core] has been moved to the sql_alchemy_conn option in [database] - the old setting has been used, but please update your config.
[2025-06-04T01:29:52.442+0000] {task_command.py:467} INFO - Running <TaskInstance: final_dag_ej2_1.esperar_consumer_dag_S5_ej2_2 manual__2025-06-04T01:29:50.763828+00:00 [running]> on host 31d54648d280
[2025-06-04T01:29:52.657+0000] {taskinstance.py:3131} INFO - Exporting env vars: AIRFLOW_CTX_DAG_OWNER='***' AIRFLOW_CTX_DAG_ID='final_dag_ej2_1' AIRFLOW_CTX_TASK_ID='esperar_consumer_dag_S5_ej2_2' AIRFLOW_CTX_EXECUTION_DATE='2025-06-04T01:29:50.763828+00:00' AIRFLOW_CTX_TRY_NUMBER='1' AIRFLOW_CTX_DAG_RUN_ID='manual__2025-06-04T01:29:50.763828+00:00'
[2025-06-04T01:29:52.658+0000] {taskinstance.py:731} INFO - ::endgroup::
[2025-06-04T01:29:52.715+0000] {baseoperator.py:405} WARNING - ExternalTaskSensor.execute cannot be called outside TaskInstance!
[2025-06-04T01:29:52.717+0000] {external_task.py:258} INFO - Poking for tasks ['consume_data_dag_S5_ej2_2'] in dag consumer_dag_S5_ej2_2 on 2025-06-04T01:29:50.763828+00:00 ... 
[2025-06-04T01:29:52.720+0000] {logging_mixin.py:190} WARNING - /home/***/.local/lib/python3.12/site-packages/***/utils/session.py:97 DeprecationWarning: This method is deprecated and will be removed in future.
[2025-06-04T01:30:22.780+0000] {external_task.py:258} INFO - Poking for tasks ['consume_data_dag_S5_ej2_2'] in dag consumer_dag_S5_ej2_2 on 2025-06-04T01:29:50.763828+00:00 ... 
[2025-06-04T01:30:52.787+0000] {external_task.py:258} INFO - Poking for tasks ['consume_data_dag_S5_ej2_2'] in dag consumer_dag_S5_ej2_2 on 2025-06-04T01:29:50.763828+00:00 ... 
[2025-06-04T01:31:22.799+0000] {external_task.py:258} INFO - Poking for tasks ['consume_data_dag_S5_ej2_2'] in dag consumer_dag_S5_ej2_2 on 2025-06-04T01:29:50.763828+00:00 ... 
[2025-06-04T01:31:52.807+0000] {external_task.py:258} INFO - Poking for tasks ['consume_data_dag_S5_ej2_2'] in dag consumer_dag_S5_ej2_2 on 2025-06-04T01:29:50.763828+00:00 ... 
[2025-06-04T01:32:22.815+0000] {external_task.py:258} INFO - Poking for tasks ['consume_data_dag_S5_ej2_2'] in dag consumer_dag_S5_ej2_2 on 2025-06-04T01:29:50.763828+00:00 ... 
[2025-06-04T01:32:52.822+0000] {external_task.py:258} INFO - Poking for tasks ['consume_data_dag_S5_ej2_2'] in dag consumer_dag_S5_ej2_2 on 2025-06-04T01:29:50.763828+00:00 ... 
[2025-06-04T01:33:22.830+0000] {external_task.py:258} INFO - Poking for tasks ['consume_data_dag_S5_ej2_2'] in dag consumer_dag_S5_ej2_2 on 2025-06-04T01:29:50.763828+00:00 ... 
[2025-06-04T01:33:52.840+0000] {external_task.py:258} INFO - Poking for tasks ['consume_data_dag_S5_ej2_2'] in dag consumer_dag_S5_ej2_2 on 2025-06-04T01:29:50.763828+00:00 ... 
[2025-06-04T01:34:22.847+0000] {external_task.py:258} INFO - Poking for tasks ['consume_data_dag_S5_ej2_2'] in dag consumer_dag_S5_ej2_2 on 2025-06-04T01:29:50.763828+00:00 ... 
[2025-06-04T01:34:52.867+0000] {external_task.py:258} INFO - Poking for tasks ['consume_data_dag_S5_ej2_2'] in dag consumer_dag_S5_ej2_2 on 2025-06-04T01:29:50.763828+00:00 ... 
[2025-06-04T01:35:22.875+0000] {external_task.py:258} INFO - Poking for tasks ['consume_data_dag_S5_ej2_2'] in dag consumer_dag_S5_ej2_2 on 2025-06-04T01:29:50.763828+00:00 ... 
[2025-06-04T01:35:52.883+0000] {external_task.py:258} INFO - Poking for tasks ['consume_data_dag_S5_ej2_2'] in dag consumer_dag_S5_ej2_2 on 2025-06-04T01:29:50.763828+00:00 ... 
[2025-06-04T01:36:22.891+0000] {external_task.py:258} INFO - Poking for tasks ['consume_data_dag_S5_ej2_2'] in dag consumer_dag_S5_ej2_2 on 2025-06-04T01:29:50.763828+00:00 ... 
[2025-06-04T01:36:52.898+0000] {external_task.py:258} INFO - Poking for tasks ['consume_data_dag_S5_ej2_2'] in dag consumer_dag_S5_ej2_2 on 2025-06-04T01:29:50.763828+00:00 ... 
[2025-06-04T01:37:22.905+0000] {external_task.py:258} INFO - Poking for tasks ['consume_data_dag_S5_ej2_2'] in dag consumer_dag_S5_ej2_2 on 2025-06-04T01:29:50.763828+00:00 ... 
[2025-06-04T01:37:52.913+0000] {external_task.py:258} INFO - Poking for tasks ['consume_data_dag_S5_ej2_2'] in dag consumer_dag_S5_ej2_2 on 2025-06-04T01:29:50.763828+00:00 ... 
[2025-06-04T01:38:22.921+0000] {external_task.py:258} INFO - Poking for tasks ['consume_data_dag_S5_ej2_2'] in dag consumer_dag_S5_ej2_2 on 2025-06-04T01:29:50.763828+00:00 ... 
[2025-06-04T01:38:52.931+0000] {external_task.py:258} INFO - Poking for tasks ['consume_data_dag_S5_ej2_2'] in dag consumer_dag_S5_ej2_2 on 2025-06-04T01:29:50.763828+00:00 ... 
[2025-06-04T01:39:22.939+0000] {external_task.py:258} INFO - Poking for tasks ['consume_data_dag_S5_ej2_2'] in dag consumer_dag_S5_ej2_2 on 2025-06-04T01:29:50.763828+00:00 ... 
[2025-06-04T01:39:52.947+0000] {external_task.py:258} INFO - Poking for tasks ['consume_data_dag_S5_ej2_2'] in dag consumer_dag_S5_ej2_2 on 2025-06-04T01:29:50.763828+00:00 ... 
[2025-06-04T01:39:52.957+0000] {taskinstance.py:3310} ERROR - Task failed with exception
Traceback (most recent call last):
  File "/home/airflow/.local/lib/python3.12/site-packages/airflow/models/taskinstance.py", line 767, in _execute_task
    result = _execute_callable(context=context, **execute_callable_kwargs)
             ^^^^^^^^^^^^^^^^^^^^^^^^^^^^^^^^^^^^^^^^^^^^^^^^^^^^^^^^^^^^^
  File "/home/airflow/.local/lib/python3.12/site-packages/airflow/models/taskinstance.py", line 733, in _execute_callable
    return ExecutionCallableRunner(
           ^^^^^^^^^^^^^^^^^^^^^^^^
  File "/home/airflow/.local/lib/python3.12/site-packages/airflow/utils/operator_helpers.py", line 252, in run
    return self.func(*args, **kwargs)
           ^^^^^^^^^^^^^^^^^^^^^^^^^^
  File "/home/airflow/.local/lib/python3.12/site-packages/airflow/models/baseoperator.py", line 406, in wrapper
    return func(self, *args, **kwargs)
           ^^^^^^^^^^^^^^^^^^^^^^^^^^^
  File "/home/airflow/.local/lib/python3.12/site-packages/airflow/sensors/external_task.py", line 348, in execute
    super().execute(context)
  File "/home/airflow/.local/lib/python3.12/site-packages/airflow/models/baseoperator.py", line 406, in wrapper
    return func(self, *args, **kwargs)
           ^^^^^^^^^^^^^^^^^^^^^^^^^^^
  File "/home/airflow/.local/lib/python3.12/site-packages/airflow/sensors/base.py", line 323, in execute
    raise AirflowSensorTimeout(message)
airflow.exceptions.AirflowSensorTimeout: Sensor has timed out; run duration of 600.2400221030002 seconds exceeds the specified timeout of 600.0.
[2025-06-04T01:39:52.970+0000] {taskinstance.py:1225} INFO - Immediate failure requested. Marking task as FAILED. dag_id=final_dag_ej2_1, task_id=esperar_consumer_dag_S5_ej2_2, run_id=manual__2025-06-04T01:29:50.763828+00:00, execution_date=20250604T012950, start_date=20250604T012952, end_date=20250604T013952
[2025-06-04T01:39:53.003+0000] {taskinstance.py:340} INFO - ::group::Post task execution logs
[2025-06-04T01:39:53.005+0000] {standard_task_runner.py:124} ERROR - Failed to execute job 284 for task esperar_consumer_dag_S5_ej2_2 (Sensor has timed out; run duration of 600.2400221030002 seconds exceeds the specified timeout of 600.0.; 10394)
Traceback (most recent call last):
  File "/home/airflow/.local/lib/python3.12/site-packages/airflow/task/task_runner/standard_task_runner.py", line 117, in _start_by_fork
    ret = args.func(args, dag=self.dag)
          ^^^^^^^^^^^^^^^^^^^^^^^^^^^^^
  File "/home/airflow/.local/lib/python3.12/site-packages/airflow/cli/cli_config.py", line 49, in command
    return func(*args, **kwargs)
           ^^^^^^^^^^^^^^^^^^^^^
  File "/home/airflow/.local/lib/python3.12/site-packages/airflow/utils/cli.py", line 115, in wrapper
    return f(*args, **kwargs)
           ^^^^^^^^^^^^^^^^^^
  File "/home/airflow/.local/lib/python3.12/site-packages/airflow/cli/commands/task_command.py", line 483, in task_run
    task_return_code = _run_task_by_selected_method(args, _dag, ti)
                       ^^^^^^^^^^^^^^^^^^^^^^^^^^^^^^^^^^^^^^^^^^^^
  File "/home/airflow/.local/lib/python3.12/site-packages/airflow/cli/commands/task_command.py", line 256, in _run_task_by_selected_method
    return _run_raw_task(args, ti)
           ^^^^^^^^^^^^^^^^^^^^^^^
  File "/home/airflow/.local/lib/python3.12/site-packages/airflow/cli/commands/task_command.py", line 341, in _run_raw_task
    return ti._run_raw_task(
           ^^^^^^^^^^^^^^^^^
  File "/home/airflow/.local/lib/python3.12/site-packages/airflow/utils/session.py", line 97, in wrapper
    return func(*args, session=session, **kwargs)
           ^^^^^^^^^^^^^^^^^^^^^^^^^^^^^^^^^^^^^^
  File "/home/airflow/.local/lib/python3.12/site-packages/airflow/models/taskinstance.py", line 3004, in _run_raw_task
    return _run_raw_task(
           ^^^^^^^^^^^^^^
  File "/home/airflow/.local/lib/python3.12/site-packages/airflow/models/taskinstance.py", line 273, in _run_raw_task
    TaskInstance._execute_task_with_callbacks(
  File "/home/airflow/.local/lib/python3.12/site-packages/airflow/models/taskinstance.py", line 3158, in _execute_task_with_callbacks
    result = self._execute_task(context, task_orig)
             ^^^^^^^^^^^^^^^^^^^^^^^^^^^^^^^^^^^^^^
  File "/home/airflow/.local/lib/python3.12/site-packages/airflow/models/taskinstance.py", line 3182, in _execute_task
    return _execute_task(self, context, task_orig)
           ^^^^^^^^^^^^^^^^^^^^^^^^^^^^^^^^^^^^^^^
  File "/home/airflow/.local/lib/python3.12/site-packages/airflow/models/taskinstance.py", line 767, in _execute_task
    result = _execute_callable(context=context, **execute_callable_kwargs)
             ^^^^^^^^^^^^^^^^^^^^^^^^^^^^^^^^^^^^^^^^^^^^^^^^^^^^^^^^^^^^^
  File "/home/airflow/.local/lib/python3.12/site-packages/airflow/models/taskinstance.py", line 733, in _execute_callable
    return ExecutionCallableRunner(
           ^^^^^^^^^^^^^^^^^^^^^^^^
  File "/home/airflow/.local/lib/python3.12/site-packages/airflow/utils/operator_helpers.py", line 252, in run
    return self.func(*args, **kwargs)
           ^^^^^^^^^^^^^^^^^^^^^^^^^^
  File "/home/airflow/.local/lib/python3.12/site-packages/airflow/models/baseoperator.py", line 406, in wrapper
    return func(self, *args, **kwargs)
           ^^^^^^^^^^^^^^^^^^^^^^^^^^^
  File "/home/airflow/.local/lib/python3.12/site-packages/airflow/sensors/external_task.py", line 348, in execute
    super().execute(context)
  File "/home/airflow/.local/lib/python3.12/site-packages/airflow/models/baseoperator.py", line 406, in wrapper
    return func(self, *args, **kwargs)
           ^^^^^^^^^^^^^^^^^^^^^^^^^^^
  File "/home/airflow/.local/lib/python3.12/site-packages/airflow/sensors/base.py", line 323, in execute
    raise AirflowSensorTimeout(message)
airflow.exceptions.AirflowSensorTimeout: Sensor has timed out; run duration of 600.2400221030002 seconds exceeds the specified timeout of 600.0.
[2025-06-04T01:39:53.031+0000] {local_task_job_runner.py:266} INFO - Task exited with return code 1
[2025-06-04T01:39:53.055+0000] {taskinstance.py:3900} INFO - 0 downstream tasks scheduled from follow-on schedule check
[2025-06-04T01:39:53.058+0000] {local_task_job_runner.py:245} INFO - ::endgroup::
