[2025-06-04T01:45:45.754+0000] {local_task_job_runner.py:123} INFO - ::group::Pre task execution logs
[2025-06-04T01:45:45.775+0000] {taskinstance.py:2612} INFO - Dependencies all met for dep_context=non-requeueable deps ti=<TaskInstance: ejemplo_bash_dag_s5.show_file_content manual__2025-06-04T01:45:40.882131+00:00 [queued]>
[2025-06-04T01:45:45.783+0000] {taskinstance.py:2612} INFO - Dependencies all met for dep_context=requeueable deps ti=<TaskInstance: ejemplo_bash_dag_s5.show_file_content manual__2025-06-04T01:45:40.882131+00:00 [queued]>
[2025-06-04T01:45:45.784+0000] {taskinstance.py:2865} INFO - Starting attempt 1 of 3
[2025-06-04T01:45:45.798+0000] {taskinstance.py:2888} INFO - Executing <Task(BashOperator): show_file_content> on 2025-06-04 01:45:40.882131+00:00
[2025-06-04T01:45:45.807+0000] {logging_mixin.py:190} WARNING - /home/***/.local/lib/python3.12/site-packages/***/task/task_runner/standard_task_runner.py:70 DeprecationWarning: This process (pid=12905) is multi-threaded, use of fork() may lead to deadlocks in the child.
[2025-06-04T01:45:45.808+0000] {standard_task_runner.py:72} INFO - Started process 12906 to run task
[2025-06-04T01:45:45.807+0000] {standard_task_runner.py:104} INFO - Running: ['***', 'tasks', 'run', 'ejemplo_bash_dag_s5', 'show_file_content', 'manual__2025-06-04T01:45:40.882131+00:00', '--job-id', '298', '--raw', '--subdir', 'DAGS_FOLDER/Sesion5/DAG_bash_s5.py', '--cfg-path', '/tmp/tmpwsh6l7h6']
[2025-06-04T01:45:45.809+0000] {standard_task_runner.py:105} INFO - Job 298: Subtask show_file_content
[2025-06-04T01:45:45.824+0000] {logging_mixin.py:190} WARNING - /home/***/.local/lib/python3.12/site-packages/***/settings.py:209 DeprecationWarning: The sql_alchemy_conn option in [core] has been moved to the sql_alchemy_conn option in [database] - the old setting has been used, but please update your config.
[2025-06-04T01:45:45.853+0000] {task_command.py:467} INFO - Running <TaskInstance: ejemplo_bash_dag_s5.show_file_content manual__2025-06-04T01:45:40.882131+00:00 [running]> on host 31d54648d280
[2025-06-04T01:45:45.947+0000] {taskinstance.py:3131} INFO - Exporting env vars: AIRFLOW_CTX_DAG_OWNER='***' AIRFLOW_CTX_DAG_ID='ejemplo_bash_dag_s5' AIRFLOW_CTX_TASK_ID='show_file_content' AIRFLOW_CTX_EXECUTION_DATE='2025-06-04T01:45:40.882131+00:00' AIRFLOW_CTX_TRY_NUMBER='1' AIRFLOW_CTX_DAG_RUN_ID='manual__2025-06-04T01:45:40.882131+00:00'
[2025-06-04T01:45:45.948+0000] {taskinstance.py:731} INFO - ::endgroup::
[2025-06-04T01:45:45.964+0000] {subprocess.py:63} INFO - Tmp dir root location: /tmp
[2025-06-04T01:45:45.964+0000] {subprocess.py:75} INFO - Running command: ['/usr/bin/bash', '-c', 'cat /tmp/my_dir_datapath_s5/archivo.txt']
[2025-06-04T01:45:45.976+0000] {subprocess.py:86} INFO - Output:
[2025-06-04T01:45:45.980+0000] {subprocess.py:93} INFO - Contenido del archivo
[2025-06-04T01:45:45.980+0000] {subprocess.py:97} INFO - Command exited with return code 0
[2025-06-04T01:45:46.003+0000] {taskinstance.py:340} INFO - ::group::Post task execution logs
[2025-06-04T01:45:46.004+0000] {taskinstance.py:352} INFO - Marking task as SUCCESS. dag_id=ejemplo_bash_dag_s5, task_id=show_file_content, run_id=manual__2025-06-04T01:45:40.882131+00:00, execution_date=20250604T014540, start_date=20250604T014545, end_date=20250604T014546
[2025-06-04T01:45:46.026+0000] {local_task_job_runner.py:266} INFO - Task exited with return code 0
[2025-06-04T01:45:46.044+0000] {taskinstance.py:3900} INFO - 0 downstream tasks scheduled from follow-on schedule check
[2025-06-04T01:45:46.045+0000] {local_task_job_runner.py:245} INFO - ::endgroup::
