[2025-05-30T01:19:54.192+0000] {local_task_job_runner.py:123} INFO - ::group::Pre task execution logs
[2025-05-30T01:19:54.290+0000] {taskinstance.py:2612} INFO - Dependencies all met for dep_context=non-requeueable deps ti=<TaskInstance: flag_check_mysql_dag.check_flag scheduled__2025-05-29T00:04:00+00:00 [queued]>
[2025-05-30T01:19:54.335+0000] {taskinstance.py:2612} INFO - Dependencies all met for dep_context=requeueable deps ti=<TaskInstance: flag_check_mysql_dag.check_flag scheduled__2025-05-29T00:04:00+00:00 [queued]>
[2025-05-30T01:19:54.337+0000] {taskinstance.py:2865} INFO - Starting attempt 1 of 2
[2025-05-30T01:19:54.403+0000] {taskinstance.py:2888} INFO - Executing <Task(SqlSensor): check_flag> on 2025-05-29 00:04:00+00:00
[2025-05-30T01:19:54.455+0000] {logging_mixin.py:190} WARNING - /home/***/.local/lib/python3.12/site-packages/***/task/task_runner/standard_task_runner.py:70 DeprecationWarning: This process (pid=622) is multi-threaded, use of fork() may lead to deadlocks in the child.
[2025-05-30T01:19:54.460+0000] {standard_task_runner.py:72} INFO - Started process 629 to run task
[2025-05-30T01:19:54.456+0000] {standard_task_runner.py:104} INFO - Running: ['***', 'tasks', 'run', 'flag_check_mysql_dag', 'check_flag', 'scheduled__2025-05-29T00:04:00+00:00', '--job-id', '51', '--raw', '--subdir', 'DAGS_FOLDER/Sesion3/Ejemplo7.py', '--cfg-path', '/tmp/tmpc_3e5p02']
[2025-05-30T01:19:54.476+0000] {standard_task_runner.py:105} INFO - Job 51: Subtask check_flag
[2025-05-30T01:19:54.566+0000] {logging_mixin.py:190} WARNING - /home/***/.local/lib/python3.12/site-packages/***/settings.py:209 DeprecationWarning: The sql_alchemy_conn option in [core] has been moved to the sql_alchemy_conn option in [database] - the old setting has been used, but please update your config.
[2025-05-30T01:19:54.684+0000] {task_command.py:467} INFO - Running <TaskInstance: flag_check_mysql_dag.check_flag scheduled__2025-05-29T00:04:00+00:00 [running]> on host 31d54648d280
[2025-05-30T01:19:54.689+0000] {logging_mixin.py:190} WARNING - /home/***/.local/lib/python3.12/site-packages/***/settings.py:470 DeprecationWarning: The sql_alchemy_conn option in [core] has been moved to the sql_alchemy_conn option in [database] - the old setting has been used, but please update your config.
[2025-05-30T01:19:55.163+0000] {taskinstance.py:3131} INFO - Exporting env vars: AIRFLOW_CTX_DAG_OWNER='***' AIRFLOW_CTX_DAG_ID='flag_check_mysql_dag' AIRFLOW_CTX_TASK_ID='check_flag' AIRFLOW_CTX_EXECUTION_DATE='2025-05-29T00:04:00+00:00' AIRFLOW_CTX_TRY_NUMBER='1' AIRFLOW_CTX_DAG_RUN_ID='scheduled__2025-05-29T00:04:00+00:00'
[2025-05-30T01:19:55.165+0000] {taskinstance.py:731} INFO - ::endgroup::
[2025-05-30T01:19:55.290+0000] {base.py:84} INFO - Retrieving connection 'my_db_connection_mysql'
[2025-05-30T01:19:55.304+0000] {sql.py:96} INFO - Poking: SELECT flag FROM my_table WHERE id = 1 (with parameters None)
[2025-05-30T01:19:55.329+0000] {base.py:84} INFO - Retrieving connection 'my_db_connection_mysql'
[2025-05-30T01:19:55.378+0000] {sql.py:509} INFO - Running statement: SELECT flag FROM my_table WHERE id = 1, parameters: None
[2025-05-30T01:19:55.379+0000] {sql.py:518} INFO - Rows affected: 1
[2025-05-30T01:20:25.387+0000] {base.py:84} INFO - Retrieving connection 'my_db_connection_mysql'
[2025-05-30T01:20:25.387+0000] {sql.py:96} INFO - Poking: SELECT flag FROM my_table WHERE id = 1 (with parameters None)
[2025-05-30T01:20:25.393+0000] {base.py:84} INFO - Retrieving connection 'my_db_connection_mysql'
[2025-05-30T01:20:25.394+0000] {sql.py:509} INFO - Running statement: SELECT flag FROM my_table WHERE id = 1, parameters: None
[2025-05-30T01:20:25.395+0000] {sql.py:518} INFO - Rows affected: 1
[2025-05-30T01:20:55.401+0000] {base.py:84} INFO - Retrieving connection 'my_db_connection_mysql'
[2025-05-30T01:20:55.401+0000] {sql.py:96} INFO - Poking: SELECT flag FROM my_table WHERE id = 1 (with parameters None)
[2025-05-30T01:20:55.407+0000] {base.py:84} INFO - Retrieving connection 'my_db_connection_mysql'
[2025-05-30T01:20:55.408+0000] {sql.py:509} INFO - Running statement: SELECT flag FROM my_table WHERE id = 1, parameters: None
[2025-05-30T01:20:55.409+0000] {sql.py:518} INFO - Rows affected: 1
[2025-05-30T01:21:25.415+0000] {base.py:84} INFO - Retrieving connection 'my_db_connection_mysql'
[2025-05-30T01:21:25.415+0000] {sql.py:96} INFO - Poking: SELECT flag FROM my_table WHERE id = 1 (with parameters None)
[2025-05-30T01:21:25.421+0000] {base.py:84} INFO - Retrieving connection 'my_db_connection_mysql'
[2025-05-30T01:21:25.422+0000] {sql.py:509} INFO - Running statement: SELECT flag FROM my_table WHERE id = 1, parameters: None
[2025-05-30T01:21:25.423+0000] {sql.py:518} INFO - Rows affected: 1
[2025-05-30T01:21:55.430+0000] {base.py:84} INFO - Retrieving connection 'my_db_connection_mysql'
[2025-05-30T01:21:55.430+0000] {sql.py:96} INFO - Poking: SELECT flag FROM my_table WHERE id = 1 (with parameters None)
[2025-05-30T01:21:55.436+0000] {base.py:84} INFO - Retrieving connection 'my_db_connection_mysql'
[2025-05-30T01:21:55.437+0000] {sql.py:509} INFO - Running statement: SELECT flag FROM my_table WHERE id = 1, parameters: None
[2025-05-30T01:21:55.438+0000] {sql.py:518} INFO - Rows affected: 1
[2025-05-30T01:22:25.444+0000] {base.py:84} INFO - Retrieving connection 'my_db_connection_mysql'
[2025-05-30T01:22:25.444+0000] {sql.py:96} INFO - Poking: SELECT flag FROM my_table WHERE id = 1 (with parameters None)
[2025-05-30T01:22:25.449+0000] {base.py:84} INFO - Retrieving connection 'my_db_connection_mysql'
[2025-05-30T01:22:25.451+0000] {sql.py:509} INFO - Running statement: SELECT flag FROM my_table WHERE id = 1, parameters: None
[2025-05-30T01:22:25.451+0000] {sql.py:518} INFO - Rows affected: 1
[2025-05-30T01:22:55.466+0000] {base.py:84} INFO - Retrieving connection 'my_db_connection_mysql'
[2025-05-30T01:22:55.468+0000] {sql.py:96} INFO - Poking: SELECT flag FROM my_table WHERE id = 1 (with parameters None)
[2025-05-30T01:22:55.481+0000] {base.py:84} INFO - Retrieving connection 'my_db_connection_mysql'
[2025-05-30T01:22:55.484+0000] {sql.py:509} INFO - Running statement: SELECT flag FROM my_table WHERE id = 1, parameters: None
[2025-05-30T01:22:55.486+0000] {sql.py:518} INFO - Rows affected: 1
[2025-05-30T01:22:55.487+0000] {base.py:336} INFO - Success criteria met. Exiting.
[2025-05-30T01:22:55.507+0000] {taskinstance.py:340} INFO - ::group::Post task execution logs
[2025-05-30T01:22:55.508+0000] {taskinstance.py:352} INFO - Marking task as SUCCESS. dag_id=flag_check_mysql_dag, task_id=check_flag, run_id=scheduled__2025-05-29T00:04:00+00:00, execution_date=20250529T000400, start_date=20250530T011954, end_date=20250530T012255
[2025-05-30T01:22:55.687+0000] {local_task_job_runner.py:266} INFO - Task exited with return code 0
[2025-05-30T01:22:55.837+0000] {taskinstance.py:3900} INFO - 1 downstream tasks scheduled from follow-on schedule check
[2025-05-30T01:22:55.844+0000] {local_task_job_runner.py:245} INFO - ::endgroup::
