[2025-05-28T01:21:02.595+0000] {processor.py:186} INFO - Started process (PID=158) to work on /opt/airflow/dags/Ejemplo1.py
[2025-05-28T01:21:02.596+0000] {processor.py:914} INFO - Processing file /opt/airflow/dags/Ejemplo1.py for tasks to queue
[2025-05-28T01:21:02.598+0000] {logging_mixin.py:190} INFO - [2025-05-28T01:21:02.597+0000] {dagbag.py:588} INFO - Filling up the DagBag from /opt/airflow/dags/Ejemplo1.py
[2025-05-28T01:21:02.651+0000] {processor.py:925} INFO - DAG(s) 'hello_world_dag' retrieved from /opt/airflow/dags/Ejemplo1.py
[2025-05-28T01:21:03.042+0000] {logging_mixin.py:190} INFO - [2025-05-28T01:21:03.042+0000] {override.py:1900} INFO - Created Permission View: can read on DAG:hello_world_dag
[2025-05-28T01:21:03.050+0000] {logging_mixin.py:190} INFO - [2025-05-28T01:21:03.050+0000] {override.py:1900} INFO - Created Permission View: can edit on DAG:hello_world_dag
[2025-05-28T01:21:03.055+0000] {logging_mixin.py:190} INFO - [2025-05-28T01:21:03.055+0000] {override.py:1900} INFO - Created Permission View: can delete on DAG:hello_world_dag
[2025-05-28T01:21:03.060+0000] {logging_mixin.py:190} INFO - [2025-05-28T01:21:03.060+0000] {override.py:1900} INFO - Created Permission View: can read on DAG Run:hello_world_dag
[2025-05-28T01:21:03.065+0000] {logging_mixin.py:190} INFO - [2025-05-28T01:21:03.065+0000] {override.py:1900} INFO - Created Permission View: menu access on DAG Run:hello_world_dag
[2025-05-28T01:21:03.070+0000] {logging_mixin.py:190} INFO - [2025-05-28T01:21:03.069+0000] {override.py:1900} INFO - Created Permission View: can create on DAG Run:hello_world_dag
[2025-05-28T01:21:03.074+0000] {logging_mixin.py:190} INFO - [2025-05-28T01:21:03.074+0000] {override.py:1900} INFO - Created Permission View: can delete on DAG Run:hello_world_dag
[2025-05-28T01:21:03.075+0000] {logging_mixin.py:190} INFO - [2025-05-28T01:21:03.075+0000] {dag.py:3239} INFO - Sync 1 DAGs
[2025-05-28T01:21:03.087+0000] {logging_mixin.py:190} INFO - [2025-05-28T01:21:03.087+0000] {dag.py:3262} INFO - Creating ORM DAG for hello_world_dag
[2025-05-28T01:21:03.097+0000] {logging_mixin.py:190} INFO - [2025-05-28T01:21:03.097+0000] {dag.py:4180} INFO - Setting next_dagrun for hello_world_dag to 2025-05-27 00:00:00+00:00, run_after=2025-05-28 00:00:00+00:00
[2025-05-28T01:21:03.222+0000] {processor.py:208} INFO - Processing /opt/airflow/dags/Ejemplo1.py took 0.633 seconds
[2025-05-28T01:21:33.381+0000] {processor.py:186} INFO - Started process (PID=163) to work on /opt/airflow/dags/Ejemplo1.py
[2025-05-28T01:21:33.382+0000] {processor.py:914} INFO - Processing file /opt/airflow/dags/Ejemplo1.py for tasks to queue
[2025-05-28T01:21:33.383+0000] {logging_mixin.py:190} INFO - [2025-05-28T01:21:33.383+0000] {dagbag.py:588} INFO - Filling up the DagBag from /opt/airflow/dags/Ejemplo1.py
[2025-05-28T01:21:33.393+0000] {processor.py:925} INFO - DAG(s) 'hello_world_dag' retrieved from /opt/airflow/dags/Ejemplo1.py
[2025-05-28T01:21:33.413+0000] {logging_mixin.py:190} INFO - [2025-05-28T01:21:33.413+0000] {dag.py:3239} INFO - Sync 1 DAGs
[2025-05-28T01:21:33.435+0000] {logging_mixin.py:190} INFO - [2025-05-28T01:21:33.435+0000] {dag.py:4180} INFO - Setting next_dagrun for hello_world_dag to 2025-05-27 00:00:00+00:00, run_after=2025-05-28 00:00:00+00:00
[2025-05-28T01:21:33.449+0000] {processor.py:208} INFO - Processing /opt/airflow/dags/Ejemplo1.py took 0.072 seconds
[2025-05-28T01:22:03.514+0000] {processor.py:186} INFO - Started process (PID=168) to work on /opt/airflow/dags/Ejemplo1.py
[2025-05-28T01:22:03.515+0000] {processor.py:914} INFO - Processing file /opt/airflow/dags/Ejemplo1.py for tasks to queue
[2025-05-28T01:22:03.516+0000] {logging_mixin.py:190} INFO - [2025-05-28T01:22:03.516+0000] {dagbag.py:588} INFO - Filling up the DagBag from /opt/airflow/dags/Ejemplo1.py
[2025-05-28T01:22:03.526+0000] {processor.py:925} INFO - DAG(s) 'hello_world_dag' retrieved from /opt/airflow/dags/Ejemplo1.py
[2025-05-28T01:22:03.546+0000] {logging_mixin.py:190} INFO - [2025-05-28T01:22:03.546+0000] {dag.py:3239} INFO - Sync 1 DAGs
[2025-05-28T01:22:03.568+0000] {logging_mixin.py:190} INFO - [2025-05-28T01:22:03.567+0000] {dag.py:4180} INFO - Setting next_dagrun for hello_world_dag to 2025-05-27 00:00:00+00:00, run_after=2025-05-28 00:00:00+00:00
[2025-05-28T01:22:03.581+0000] {processor.py:208} INFO - Processing /opt/airflow/dags/Ejemplo1.py took 0.072 seconds
[2025-05-28T01:22:33.698+0000] {processor.py:186} INFO - Started process (PID=173) to work on /opt/airflow/dags/Ejemplo1.py
[2025-05-28T01:22:33.699+0000] {processor.py:914} INFO - Processing file /opt/airflow/dags/Ejemplo1.py for tasks to queue
[2025-05-28T01:22:33.701+0000] {logging_mixin.py:190} INFO - [2025-05-28T01:22:33.700+0000] {dagbag.py:588} INFO - Filling up the DagBag from /opt/airflow/dags/Ejemplo1.py
[2025-05-28T01:22:33.711+0000] {processor.py:925} INFO - DAG(s) 'hello_world_dag' retrieved from /opt/airflow/dags/Ejemplo1.py
[2025-05-28T01:22:33.730+0000] {logging_mixin.py:190} INFO - [2025-05-28T01:22:33.730+0000] {dag.py:3239} INFO - Sync 1 DAGs
[2025-05-28T01:22:33.749+0000] {logging_mixin.py:190} INFO - [2025-05-28T01:22:33.749+0000] {dag.py:4180} INFO - Setting next_dagrun for hello_world_dag to 2025-05-27 00:00:00+00:00, run_after=2025-05-28 00:00:00+00:00
[2025-05-28T01:22:33.764+0000] {processor.py:208} INFO - Processing /opt/airflow/dags/Ejemplo1.py took 0.070 seconds
[2025-05-28T01:22:50.784+0000] {processor.py:186} INFO - Started process (PID=178) to work on /opt/airflow/dags/Ejemplo1.py
[2025-05-28T01:22:50.785+0000] {processor.py:914} INFO - Processing file /opt/airflow/dags/Ejemplo1.py for tasks to queue
[2025-05-28T01:22:50.787+0000] {logging_mixin.py:190} INFO - [2025-05-28T01:22:50.786+0000] {dagbag.py:588} INFO - Filling up the DagBag from /opt/airflow/dags/Ejemplo1.py
[2025-05-28T01:22:50.797+0000] {processor.py:925} INFO - DAG(s) 'hello_world_dag' retrieved from /opt/airflow/dags/Ejemplo1.py
[2025-05-28T01:22:50.817+0000] {logging_mixin.py:190} INFO - [2025-05-28T01:22:50.817+0000] {dag.py:3239} INFO - Sync 1 DAGs
[2025-05-28T01:22:50.837+0000] {logging_mixin.py:190} INFO - [2025-05-28T01:22:50.837+0000] {dag.py:4180} INFO - Setting next_dagrun for hello_world_dag to 2025-05-27 00:00:00+00:00, run_after=2025-05-28 00:00:00+00:00
[2025-05-28T01:22:50.851+0000] {processor.py:208} INFO - Processing /opt/airflow/dags/Ejemplo1.py took 0.073 seconds
[2025-05-28T01:23:20.982+0000] {processor.py:186} INFO - Started process (PID=183) to work on /opt/airflow/dags/Ejemplo1.py
[2025-05-28T01:23:20.983+0000] {processor.py:914} INFO - Processing file /opt/airflow/dags/Ejemplo1.py for tasks to queue
[2025-05-28T01:23:20.984+0000] {logging_mixin.py:190} INFO - [2025-05-28T01:23:20.984+0000] {dagbag.py:588} INFO - Filling up the DagBag from /opt/airflow/dags/Ejemplo1.py
[2025-05-28T01:23:20.996+0000] {processor.py:925} INFO - DAG(s) 'hello_world_dag' retrieved from /opt/airflow/dags/Ejemplo1.py
[2025-05-28T01:23:21.019+0000] {logging_mixin.py:190} INFO - [2025-05-28T01:23:21.019+0000] {dag.py:3239} INFO - Sync 1 DAGs
[2025-05-28T01:23:21.038+0000] {logging_mixin.py:190} INFO - [2025-05-28T01:23:21.038+0000] {dag.py:4180} INFO - Setting next_dagrun for hello_world_dag to 2025-05-27 00:00:00+00:00, run_after=2025-05-28 00:00:00+00:00
[2025-05-28T01:23:21.051+0000] {processor.py:208} INFO - Processing /opt/airflow/dags/Ejemplo1.py took 0.074 seconds
[2025-05-28T01:23:51.109+0000] {processor.py:186} INFO - Started process (PID=188) to work on /opt/airflow/dags/Ejemplo1.py
[2025-05-28T01:23:51.109+0000] {processor.py:914} INFO - Processing file /opt/airflow/dags/Ejemplo1.py for tasks to queue
[2025-05-28T01:23:51.111+0000] {logging_mixin.py:190} INFO - [2025-05-28T01:23:51.111+0000] {dagbag.py:588} INFO - Filling up the DagBag from /opt/airflow/dags/Ejemplo1.py
[2025-05-28T01:23:51.121+0000] {processor.py:925} INFO - DAG(s) 'hello_world_dag' retrieved from /opt/airflow/dags/Ejemplo1.py
[2025-05-28T01:23:51.141+0000] {logging_mixin.py:190} INFO - [2025-05-28T01:23:51.141+0000] {dag.py:3239} INFO - Sync 1 DAGs
[2025-05-28T01:23:51.161+0000] {logging_mixin.py:190} INFO - [2025-05-28T01:23:51.161+0000] {dag.py:4180} INFO - Setting next_dagrun for hello_world_dag to 2025-05-27 00:00:00+00:00, run_after=2025-05-28 00:00:00+00:00
[2025-05-28T01:23:51.175+0000] {processor.py:208} INFO - Processing /opt/airflow/dags/Ejemplo1.py took 0.071 seconds
[2025-05-28T01:24:21.309+0000] {processor.py:186} INFO - Started process (PID=193) to work on /opt/airflow/dags/Ejemplo1.py
[2025-05-28T01:24:21.310+0000] {processor.py:914} INFO - Processing file /opt/airflow/dags/Ejemplo1.py for tasks to queue
[2025-05-28T01:24:21.312+0000] {logging_mixin.py:190} INFO - [2025-05-28T01:24:21.311+0000] {dagbag.py:588} INFO - Filling up the DagBag from /opt/airflow/dags/Ejemplo1.py
[2025-05-28T01:24:21.321+0000] {processor.py:925} INFO - DAG(s) 'hello_world_dag' retrieved from /opt/airflow/dags/Ejemplo1.py
[2025-05-28T01:24:21.340+0000] {logging_mixin.py:190} INFO - [2025-05-28T01:24:21.340+0000] {dag.py:3239} INFO - Sync 1 DAGs
[2025-05-28T01:24:21.359+0000] {logging_mixin.py:190} INFO - [2025-05-28T01:24:21.359+0000] {dag.py:4180} INFO - Setting next_dagrun for hello_world_dag to 2025-05-27 00:00:00+00:00, run_after=2025-05-28 00:00:00+00:00
[2025-05-28T01:24:21.372+0000] {processor.py:208} INFO - Processing /opt/airflow/dags/Ejemplo1.py took 0.068 seconds
[2025-05-28T01:24:51.458+0000] {processor.py:186} INFO - Started process (PID=198) to work on /opt/airflow/dags/Ejemplo1.py
[2025-05-28T01:24:51.459+0000] {processor.py:914} INFO - Processing file /opt/airflow/dags/Ejemplo1.py for tasks to queue
[2025-05-28T01:24:51.461+0000] {logging_mixin.py:190} INFO - [2025-05-28T01:24:51.460+0000] {dagbag.py:588} INFO - Filling up the DagBag from /opt/airflow/dags/Ejemplo1.py
[2025-05-28T01:24:51.470+0000] {processor.py:925} INFO - DAG(s) 'hello_world_dag' retrieved from /opt/airflow/dags/Ejemplo1.py
[2025-05-28T01:24:51.491+0000] {logging_mixin.py:190} INFO - [2025-05-28T01:24:51.491+0000] {dag.py:3239} INFO - Sync 1 DAGs
[2025-05-28T01:24:51.512+0000] {logging_mixin.py:190} INFO - [2025-05-28T01:24:51.512+0000] {dag.py:4180} INFO - Setting next_dagrun for hello_world_dag to 2025-05-27 00:00:00+00:00, run_after=2025-05-28 00:00:00+00:00
[2025-05-28T01:24:51.529+0000] {processor.py:208} INFO - Processing /opt/airflow/dags/Ejemplo1.py took 0.075 seconds
[2025-05-28T01:25:21.618+0000] {processor.py:186} INFO - Started process (PID=203) to work on /opt/airflow/dags/Ejemplo1.py
[2025-05-28T01:25:21.619+0000] {processor.py:914} INFO - Processing file /opt/airflow/dags/Ejemplo1.py for tasks to queue
[2025-05-28T01:25:21.621+0000] {logging_mixin.py:190} INFO - [2025-05-28T01:25:21.621+0000] {dagbag.py:588} INFO - Filling up the DagBag from /opt/airflow/dags/Ejemplo1.py
[2025-05-28T01:25:21.631+0000] {processor.py:925} INFO - DAG(s) 'hello_world_dag' retrieved from /opt/airflow/dags/Ejemplo1.py
[2025-05-28T01:25:21.651+0000] {logging_mixin.py:190} INFO - [2025-05-28T01:25:21.651+0000] {dag.py:3239} INFO - Sync 1 DAGs
[2025-05-28T01:25:21.670+0000] {logging_mixin.py:190} INFO - [2025-05-28T01:25:21.669+0000] {dag.py:4180} INFO - Setting next_dagrun for hello_world_dag to 2025-05-27 00:00:00+00:00, run_after=2025-05-28 00:00:00+00:00
[2025-05-28T01:25:21.683+0000] {processor.py:208} INFO - Processing /opt/airflow/dags/Ejemplo1.py took 0.071 seconds
[2025-05-28T01:25:52.099+0000] {processor.py:186} INFO - Started process (PID=208) to work on /opt/airflow/dags/Ejemplo1.py
[2025-05-28T01:25:52.099+0000] {processor.py:914} INFO - Processing file /opt/airflow/dags/Ejemplo1.py for tasks to queue
[2025-05-28T01:25:52.101+0000] {logging_mixin.py:190} INFO - [2025-05-28T01:25:52.101+0000] {dagbag.py:588} INFO - Filling up the DagBag from /opt/airflow/dags/Ejemplo1.py
[2025-05-28T01:25:52.110+0000] {processor.py:925} INFO - DAG(s) 'hello_world_dag' retrieved from /opt/airflow/dags/Ejemplo1.py
[2025-05-28T01:25:52.213+0000] {logging_mixin.py:190} INFO - [2025-05-28T01:25:52.212+0000] {override.py:1900} INFO - Created Permission View: can read on DAG:hello_world_dag
[2025-05-28T01:25:52.219+0000] {logging_mixin.py:190} INFO - [2025-05-28T01:25:52.219+0000] {override.py:1900} INFO - Created Permission View: can edit on DAG:hello_world_dag
[2025-05-28T01:25:52.225+0000] {logging_mixin.py:190} INFO - [2025-05-28T01:25:52.224+0000] {override.py:1900} INFO - Created Permission View: can delete on DAG:hello_world_dag
[2025-05-28T01:25:52.230+0000] {logging_mixin.py:190} INFO - [2025-05-28T01:25:52.230+0000] {override.py:1900} INFO - Created Permission View: can read on DAG Run:hello_world_dag
[2025-05-28T01:25:52.236+0000] {logging_mixin.py:190} INFO - [2025-05-28T01:25:52.236+0000] {override.py:1900} INFO - Created Permission View: menu access on DAG Run:hello_world_dag
[2025-05-28T01:25:52.242+0000] {logging_mixin.py:190} INFO - [2025-05-28T01:25:52.242+0000] {override.py:1900} INFO - Created Permission View: can create on DAG Run:hello_world_dag
[2025-05-28T01:25:52.252+0000] {logging_mixin.py:190} INFO - [2025-05-28T01:25:52.252+0000] {override.py:1900} INFO - Created Permission View: can delete on DAG Run:hello_world_dag
[2025-05-28T01:25:52.253+0000] {logging_mixin.py:190} INFO - [2025-05-28T01:25:52.252+0000] {dag.py:3239} INFO - Sync 1 DAGs
[2025-05-28T01:25:52.264+0000] {logging_mixin.py:190} INFO - [2025-05-28T01:25:52.264+0000] {dag.py:3262} INFO - Creating ORM DAG for hello_world_dag
[2025-05-28T01:25:52.275+0000] {logging_mixin.py:190} INFO - [2025-05-28T01:25:52.275+0000] {dag.py:4180} INFO - Setting next_dagrun for hello_world_dag to 2025-05-27 00:00:00+00:00, run_after=2025-05-28 00:00:00+00:00
[2025-05-28T01:25:52.290+0000] {processor.py:208} INFO - Processing /opt/airflow/dags/Ejemplo1.py took 0.196 seconds
[2025-05-28T01:26:22.413+0000] {processor.py:186} INFO - Started process (PID=213) to work on /opt/airflow/dags/Ejemplo1.py
[2025-05-28T01:26:22.413+0000] {processor.py:914} INFO - Processing file /opt/airflow/dags/Ejemplo1.py for tasks to queue
[2025-05-28T01:26:22.415+0000] {logging_mixin.py:190} INFO - [2025-05-28T01:26:22.415+0000] {dagbag.py:588} INFO - Filling up the DagBag from /opt/airflow/dags/Ejemplo1.py
[2025-05-28T01:26:22.425+0000] {processor.py:925} INFO - DAG(s) 'hello_world_dag' retrieved from /opt/airflow/dags/Ejemplo1.py
[2025-05-28T01:26:22.445+0000] {logging_mixin.py:190} INFO - [2025-05-28T01:26:22.445+0000] {dag.py:3239} INFO - Sync 1 DAGs
[2025-05-28T01:26:22.465+0000] {logging_mixin.py:190} INFO - [2025-05-28T01:26:22.464+0000] {dag.py:4180} INFO - Setting next_dagrun for hello_world_dag to 2025-05-27 00:00:00+00:00, run_after=2025-05-28 00:00:00+00:00
[2025-05-28T01:26:22.479+0000] {processor.py:208} INFO - Processing /opt/airflow/dags/Ejemplo1.py took 0.071 seconds
[2025-05-28T01:26:52.543+0000] {processor.py:186} INFO - Started process (PID=218) to work on /opt/airflow/dags/Ejemplo1.py
[2025-05-28T01:26:52.544+0000] {processor.py:914} INFO - Processing file /opt/airflow/dags/Ejemplo1.py for tasks to queue
[2025-05-28T01:26:52.546+0000] {logging_mixin.py:190} INFO - [2025-05-28T01:26:52.545+0000] {dagbag.py:588} INFO - Filling up the DagBag from /opt/airflow/dags/Ejemplo1.py
[2025-05-28T01:26:52.556+0000] {processor.py:925} INFO - DAG(s) 'hello_world_dag' retrieved from /opt/airflow/dags/Ejemplo1.py
[2025-05-28T01:26:52.577+0000] {logging_mixin.py:190} INFO - [2025-05-28T01:26:52.577+0000] {dag.py:3239} INFO - Sync 1 DAGs
[2025-05-28T01:26:52.598+0000] {logging_mixin.py:190} INFO - [2025-05-28T01:26:52.598+0000] {dag.py:4180} INFO - Setting next_dagrun for hello_world_dag to 2025-05-27 00:00:00+00:00, run_after=2025-05-28 00:00:00+00:00
[2025-05-28T01:26:52.612+0000] {processor.py:208} INFO - Processing /opt/airflow/dags/Ejemplo1.py took 0.073 seconds
[2025-05-28T01:27:22.731+0000] {processor.py:186} INFO - Started process (PID=223) to work on /opt/airflow/dags/Ejemplo1.py
[2025-05-28T01:27:22.732+0000] {processor.py:914} INFO - Processing file /opt/airflow/dags/Ejemplo1.py for tasks to queue
[2025-05-28T01:27:22.735+0000] {logging_mixin.py:190} INFO - [2025-05-28T01:27:22.735+0000] {dagbag.py:588} INFO - Filling up the DagBag from /opt/airflow/dags/Ejemplo1.py
[2025-05-28T01:27:22.749+0000] {processor.py:925} INFO - DAG(s) 'hello_world_dag' retrieved from /opt/airflow/dags/Ejemplo1.py
[2025-05-28T01:27:22.780+0000] {logging_mixin.py:190} INFO - [2025-05-28T01:27:22.780+0000] {dag.py:3239} INFO - Sync 1 DAGs
[2025-05-28T01:27:22.816+0000] {logging_mixin.py:190} INFO - [2025-05-28T01:27:22.816+0000] {dag.py:4180} INFO - Setting next_dagrun for hello_world_dag to 2025-05-27 00:00:00+00:00, run_after=2025-05-28 00:00:00+00:00
[2025-05-28T01:27:22.842+0000] {processor.py:208} INFO - Processing /opt/airflow/dags/Ejemplo1.py took 0.117 seconds
[2025-05-28T01:27:52.966+0000] {processor.py:186} INFO - Started process (PID=228) to work on /opt/airflow/dags/Ejemplo1.py
[2025-05-28T01:27:52.967+0000] {processor.py:914} INFO - Processing file /opt/airflow/dags/Ejemplo1.py for tasks to queue
[2025-05-28T01:27:52.969+0000] {logging_mixin.py:190} INFO - [2025-05-28T01:27:52.968+0000] {dagbag.py:588} INFO - Filling up the DagBag from /opt/airflow/dags/Ejemplo1.py
[2025-05-28T01:27:52.981+0000] {processor.py:925} INFO - DAG(s) 'hello_world_dag' retrieved from /opt/airflow/dags/Ejemplo1.py
[2025-05-28T01:27:53.004+0000] {logging_mixin.py:190} INFO - [2025-05-28T01:27:53.004+0000] {dag.py:3239} INFO - Sync 1 DAGs
[2025-05-28T01:27:53.023+0000] {logging_mixin.py:190} INFO - [2025-05-28T01:27:53.023+0000] {dag.py:4180} INFO - Setting next_dagrun for hello_world_dag to 2025-05-27 00:00:00+00:00, run_after=2025-05-28 00:00:00+00:00
[2025-05-28T01:27:53.037+0000] {processor.py:208} INFO - Processing /opt/airflow/dags/Ejemplo1.py took 0.075 seconds
[2025-05-28T01:28:23.087+0000] {processor.py:186} INFO - Started process (PID=233) to work on /opt/airflow/dags/Ejemplo1.py
[2025-05-28T01:28:23.087+0000] {processor.py:914} INFO - Processing file /opt/airflow/dags/Ejemplo1.py for tasks to queue
[2025-05-28T01:28:23.089+0000] {logging_mixin.py:190} INFO - [2025-05-28T01:28:23.089+0000] {dagbag.py:588} INFO - Filling up the DagBag from /opt/airflow/dags/Ejemplo1.py
[2025-05-28T01:28:23.099+0000] {processor.py:925} INFO - DAG(s) 'hello_world_dag' retrieved from /opt/airflow/dags/Ejemplo1.py
[2025-05-28T01:28:23.120+0000] {logging_mixin.py:190} INFO - [2025-05-28T01:28:23.120+0000] {dag.py:3239} INFO - Sync 1 DAGs
[2025-05-28T01:28:23.145+0000] {logging_mixin.py:190} INFO - [2025-05-28T01:28:23.145+0000] {dag.py:4180} INFO - Setting next_dagrun for hello_world_dag to 2025-05-27 00:00:00+00:00, run_after=2025-05-28 00:00:00+00:00
[2025-05-28T01:28:23.160+0000] {processor.py:208} INFO - Processing /opt/airflow/dags/Ejemplo1.py took 0.078 seconds
[2025-05-28T01:28:53.286+0000] {processor.py:186} INFO - Started process (PID=238) to work on /opt/airflow/dags/Ejemplo1.py
[2025-05-28T01:28:53.287+0000] {processor.py:914} INFO - Processing file /opt/airflow/dags/Ejemplo1.py for tasks to queue
[2025-05-28T01:28:53.290+0000] {logging_mixin.py:190} INFO - [2025-05-28T01:28:53.290+0000] {dagbag.py:588} INFO - Filling up the DagBag from /opt/airflow/dags/Ejemplo1.py
[2025-05-28T01:28:53.301+0000] {processor.py:925} INFO - DAG(s) 'hello_world_dag' retrieved from /opt/airflow/dags/Ejemplo1.py
[2025-05-28T01:28:53.321+0000] {logging_mixin.py:190} INFO - [2025-05-28T01:28:53.321+0000] {dag.py:3239} INFO - Sync 1 DAGs
[2025-05-28T01:28:53.340+0000] {logging_mixin.py:190} INFO - [2025-05-28T01:28:53.340+0000] {dag.py:4180} INFO - Setting next_dagrun for hello_world_dag to 2025-05-27 00:00:00+00:00, run_after=2025-05-28 00:00:00+00:00
[2025-05-28T01:28:53.354+0000] {processor.py:208} INFO - Processing /opt/airflow/dags/Ejemplo1.py took 0.074 seconds
[2025-05-28T01:29:23.421+0000] {processor.py:186} INFO - Started process (PID=243) to work on /opt/airflow/dags/Ejemplo1.py
[2025-05-28T01:29:23.422+0000] {processor.py:914} INFO - Processing file /opt/airflow/dags/Ejemplo1.py for tasks to queue
[2025-05-28T01:29:23.424+0000] {logging_mixin.py:190} INFO - [2025-05-28T01:29:23.424+0000] {dagbag.py:588} INFO - Filling up the DagBag from /opt/airflow/dags/Ejemplo1.py
[2025-05-28T01:29:23.433+0000] {processor.py:925} INFO - DAG(s) 'hello_world_dag' retrieved from /opt/airflow/dags/Ejemplo1.py
[2025-05-28T01:29:23.455+0000] {logging_mixin.py:190} INFO - [2025-05-28T01:29:23.455+0000] {dag.py:3239} INFO - Sync 1 DAGs
[2025-05-28T01:29:23.479+0000] {logging_mixin.py:190} INFO - [2025-05-28T01:29:23.479+0000] {dag.py:4180} INFO - Setting next_dagrun for hello_world_dag to 2025-05-27 00:00:00+00:00, run_after=2025-05-28 00:00:00+00:00
[2025-05-28T01:29:23.494+0000] {processor.py:208} INFO - Processing /opt/airflow/dags/Ejemplo1.py took 0.078 seconds
[2025-05-28T01:29:53.593+0000] {processor.py:186} INFO - Started process (PID=248) to work on /opt/airflow/dags/Ejemplo1.py
[2025-05-28T01:29:53.594+0000] {processor.py:914} INFO - Processing file /opt/airflow/dags/Ejemplo1.py for tasks to queue
[2025-05-28T01:29:53.596+0000] {logging_mixin.py:190} INFO - [2025-05-28T01:29:53.596+0000] {dagbag.py:588} INFO - Filling up the DagBag from /opt/airflow/dags/Ejemplo1.py
[2025-05-28T01:29:53.608+0000] {processor.py:925} INFO - DAG(s) 'hello_world_dag' retrieved from /opt/airflow/dags/Ejemplo1.py
[2025-05-28T01:29:53.631+0000] {logging_mixin.py:190} INFO - [2025-05-28T01:29:53.631+0000] {dag.py:3239} INFO - Sync 1 DAGs
[2025-05-28T01:29:53.651+0000] {logging_mixin.py:190} INFO - [2025-05-28T01:29:53.651+0000] {dag.py:4180} INFO - Setting next_dagrun for hello_world_dag to 2025-05-27 00:00:00+00:00, run_after=2025-05-28 00:00:00+00:00
[2025-05-28T01:29:53.668+0000] {processor.py:208} INFO - Processing /opt/airflow/dags/Ejemplo1.py took 0.080 seconds
[2025-05-28T01:30:23.737+0000] {processor.py:186} INFO - Started process (PID=253) to work on /opt/airflow/dags/Ejemplo1.py
[2025-05-28T01:30:23.737+0000] {processor.py:914} INFO - Processing file /opt/airflow/dags/Ejemplo1.py for tasks to queue
[2025-05-28T01:30:23.739+0000] {logging_mixin.py:190} INFO - [2025-05-28T01:30:23.739+0000] {dagbag.py:588} INFO - Filling up the DagBag from /opt/airflow/dags/Ejemplo1.py
[2025-05-28T01:30:23.748+0000] {processor.py:925} INFO - DAG(s) 'hello_world_dag' retrieved from /opt/airflow/dags/Ejemplo1.py
[2025-05-28T01:30:23.775+0000] {logging_mixin.py:190} INFO - [2025-05-28T01:30:23.775+0000] {dag.py:3239} INFO - Sync 1 DAGs
[2025-05-28T01:30:23.797+0000] {logging_mixin.py:190} INFO - [2025-05-28T01:30:23.797+0000] {dag.py:4180} INFO - Setting next_dagrun for hello_world_dag to 2025-05-27 00:00:00+00:00, run_after=2025-05-28 00:00:00+00:00
[2025-05-28T01:30:23.811+0000] {processor.py:208} INFO - Processing /opt/airflow/dags/Ejemplo1.py took 0.079 seconds
[2025-05-28T01:30:53.931+0000] {processor.py:186} INFO - Started process (PID=258) to work on /opt/airflow/dags/Ejemplo1.py
[2025-05-28T01:30:53.932+0000] {processor.py:914} INFO - Processing file /opt/airflow/dags/Ejemplo1.py for tasks to queue
[2025-05-28T01:30:53.935+0000] {logging_mixin.py:190} INFO - [2025-05-28T01:30:53.934+0000] {dagbag.py:588} INFO - Filling up the DagBag from /opt/airflow/dags/Ejemplo1.py
[2025-05-28T01:30:53.957+0000] {processor.py:925} INFO - DAG(s) 'hello_world_dag' retrieved from /opt/airflow/dags/Ejemplo1.py
[2025-05-28T01:30:53.979+0000] {logging_mixin.py:190} INFO - [2025-05-28T01:30:53.979+0000] {dag.py:3239} INFO - Sync 1 DAGs
[2025-05-28T01:30:53.998+0000] {logging_mixin.py:190} INFO - [2025-05-28T01:30:53.998+0000] {dag.py:4180} INFO - Setting next_dagrun for hello_world_dag to 2025-05-27 00:00:00+00:00, run_after=2025-05-28 00:00:00+00:00
[2025-05-28T01:30:54.013+0000] {processor.py:208} INFO - Processing /opt/airflow/dags/Ejemplo1.py took 0.091 seconds
[2025-05-28T01:31:24.063+0000] {processor.py:186} INFO - Started process (PID=263) to work on /opt/airflow/dags/Ejemplo1.py
[2025-05-28T01:31:24.063+0000] {processor.py:914} INFO - Processing file /opt/airflow/dags/Ejemplo1.py for tasks to queue
[2025-05-28T01:31:24.065+0000] {logging_mixin.py:190} INFO - [2025-05-28T01:31:24.065+0000] {dagbag.py:588} INFO - Filling up the DagBag from /opt/airflow/dags/Ejemplo1.py
[2025-05-28T01:31:24.075+0000] {processor.py:925} INFO - DAG(s) 'hello_world_dag' retrieved from /opt/airflow/dags/Ejemplo1.py
[2025-05-28T01:31:24.099+0000] {logging_mixin.py:190} INFO - [2025-05-28T01:31:24.099+0000] {dag.py:3239} INFO - Sync 1 DAGs
[2025-05-28T01:31:24.122+0000] {logging_mixin.py:190} INFO - [2025-05-28T01:31:24.122+0000] {dag.py:4180} INFO - Setting next_dagrun for hello_world_dag to 2025-05-27 00:00:00+00:00, run_after=2025-05-28 00:00:00+00:00
[2025-05-28T01:31:24.136+0000] {processor.py:208} INFO - Processing /opt/airflow/dags/Ejemplo1.py took 0.078 seconds
[2025-05-28T01:31:54.255+0000] {processor.py:186} INFO - Started process (PID=268) to work on /opt/airflow/dags/Ejemplo1.py
[2025-05-28T01:31:54.256+0000] {processor.py:914} INFO - Processing file /opt/airflow/dags/Ejemplo1.py for tasks to queue
[2025-05-28T01:31:54.257+0000] {logging_mixin.py:190} INFO - [2025-05-28T01:31:54.257+0000] {dagbag.py:588} INFO - Filling up the DagBag from /opt/airflow/dags/Ejemplo1.py
[2025-05-28T01:31:54.267+0000] {processor.py:925} INFO - DAG(s) 'hello_world_dag' retrieved from /opt/airflow/dags/Ejemplo1.py
[2025-05-28T01:31:54.291+0000] {logging_mixin.py:190} INFO - [2025-05-28T01:31:54.291+0000] {dag.py:3239} INFO - Sync 1 DAGs
[2025-05-28T01:31:54.312+0000] {logging_mixin.py:190} INFO - [2025-05-28T01:31:54.312+0000] {dag.py:4180} INFO - Setting next_dagrun for hello_world_dag to 2025-05-27 00:00:00+00:00, run_after=2025-05-28 00:00:00+00:00
[2025-05-28T01:31:54.329+0000] {processor.py:208} INFO - Processing /opt/airflow/dags/Ejemplo1.py took 0.079 seconds
[2025-05-28T01:32:24.397+0000] {processor.py:186} INFO - Started process (PID=273) to work on /opt/airflow/dags/Ejemplo1.py
[2025-05-28T01:32:24.398+0000] {processor.py:914} INFO - Processing file /opt/airflow/dags/Ejemplo1.py for tasks to queue
[2025-05-28T01:32:24.401+0000] {logging_mixin.py:190} INFO - [2025-05-28T01:32:24.401+0000] {dagbag.py:588} INFO - Filling up the DagBag from /opt/airflow/dags/Ejemplo1.py
[2025-05-28T01:32:24.421+0000] {processor.py:925} INFO - DAG(s) 'hello_world_dag' retrieved from /opt/airflow/dags/Ejemplo1.py
[2025-05-28T01:32:24.444+0000] {logging_mixin.py:190} INFO - [2025-05-28T01:32:24.444+0000] {dag.py:3239} INFO - Sync 1 DAGs
[2025-05-28T01:32:24.463+0000] {logging_mixin.py:190} INFO - [2025-05-28T01:32:24.463+0000] {dag.py:4180} INFO - Setting next_dagrun for hello_world_dag to 2025-05-27 00:00:00+00:00, run_after=2025-05-28 00:00:00+00:00
[2025-05-28T01:32:24.483+0000] {processor.py:208} INFO - Processing /opt/airflow/dags/Ejemplo1.py took 0.098 seconds
[2025-05-28T01:32:54.584+0000] {processor.py:186} INFO - Started process (PID=278) to work on /opt/airflow/dags/Ejemplo1.py
[2025-05-28T01:32:54.585+0000] {processor.py:914} INFO - Processing file /opt/airflow/dags/Ejemplo1.py for tasks to queue
[2025-05-28T01:32:54.587+0000] {logging_mixin.py:190} INFO - [2025-05-28T01:32:54.586+0000] {dagbag.py:588} INFO - Filling up the DagBag from /opt/airflow/dags/Ejemplo1.py
[2025-05-28T01:32:54.598+0000] {processor.py:925} INFO - DAG(s) 'hello_world_dag' retrieved from /opt/airflow/dags/Ejemplo1.py
[2025-05-28T01:32:54.617+0000] {logging_mixin.py:190} INFO - [2025-05-28T01:32:54.617+0000] {dag.py:3239} INFO - Sync 1 DAGs
[2025-05-28T01:32:54.637+0000] {logging_mixin.py:190} INFO - [2025-05-28T01:32:54.636+0000] {dag.py:4180} INFO - Setting next_dagrun for hello_world_dag to 2025-05-27 00:00:00+00:00, run_after=2025-05-28 00:00:00+00:00
[2025-05-28T01:32:54.655+0000] {processor.py:208} INFO - Processing /opt/airflow/dags/Ejemplo1.py took 0.075 seconds
[2025-05-28T01:33:24.731+0000] {processor.py:186} INFO - Started process (PID=283) to work on /opt/airflow/dags/Ejemplo1.py
[2025-05-28T01:33:24.732+0000] {processor.py:914} INFO - Processing file /opt/airflow/dags/Ejemplo1.py for tasks to queue
[2025-05-28T01:33:24.734+0000] {logging_mixin.py:190} INFO - [2025-05-28T01:33:24.733+0000] {dagbag.py:588} INFO - Filling up the DagBag from /opt/airflow/dags/Ejemplo1.py
[2025-05-28T01:33:24.743+0000] {processor.py:925} INFO - DAG(s) 'hello_world_dag' retrieved from /opt/airflow/dags/Ejemplo1.py
[2025-05-28T01:33:24.765+0000] {logging_mixin.py:190} INFO - [2025-05-28T01:33:24.765+0000] {dag.py:3239} INFO - Sync 1 DAGs
[2025-05-28T01:33:24.783+0000] {logging_mixin.py:190} INFO - [2025-05-28T01:33:24.783+0000] {dag.py:4180} INFO - Setting next_dagrun for hello_world_dag to 2025-05-27 00:00:00+00:00, run_after=2025-05-28 00:00:00+00:00
[2025-05-28T01:33:24.797+0000] {processor.py:208} INFO - Processing /opt/airflow/dags/Ejemplo1.py took 0.071 seconds
[2025-05-28T01:33:54.890+0000] {processor.py:186} INFO - Started process (PID=288) to work on /opt/airflow/dags/Ejemplo1.py
[2025-05-28T01:33:54.891+0000] {processor.py:914} INFO - Processing file /opt/airflow/dags/Ejemplo1.py for tasks to queue
[2025-05-28T01:33:54.892+0000] {logging_mixin.py:190} INFO - [2025-05-28T01:33:54.892+0000] {dagbag.py:588} INFO - Filling up the DagBag from /opt/airflow/dags/Ejemplo1.py
[2025-05-28T01:33:54.904+0000] {processor.py:925} INFO - DAG(s) 'hello_world_dag' retrieved from /opt/airflow/dags/Ejemplo1.py
[2025-05-28T01:33:54.923+0000] {logging_mixin.py:190} INFO - [2025-05-28T01:33:54.923+0000] {dag.py:3239} INFO - Sync 1 DAGs
[2025-05-28T01:33:54.942+0000] {logging_mixin.py:190} INFO - [2025-05-28T01:33:54.942+0000] {dag.py:4180} INFO - Setting next_dagrun for hello_world_dag to 2025-05-27 00:00:00+00:00, run_after=2025-05-28 00:00:00+00:00
[2025-05-28T01:33:54.956+0000] {processor.py:208} INFO - Processing /opt/airflow/dags/Ejemplo1.py took 0.070 seconds
[2025-05-28T01:34:25.046+0000] {processor.py:186} INFO - Started process (PID=293) to work on /opt/airflow/dags/Ejemplo1.py
[2025-05-28T01:34:25.047+0000] {processor.py:914} INFO - Processing file /opt/airflow/dags/Ejemplo1.py for tasks to queue
[2025-05-28T01:34:25.048+0000] {logging_mixin.py:190} INFO - [2025-05-28T01:34:25.048+0000] {dagbag.py:588} INFO - Filling up the DagBag from /opt/airflow/dags/Ejemplo1.py
[2025-05-28T01:34:25.059+0000] {processor.py:925} INFO - DAG(s) 'hello_world_dag' retrieved from /opt/airflow/dags/Ejemplo1.py
[2025-05-28T01:34:25.079+0000] {logging_mixin.py:190} INFO - [2025-05-28T01:34:25.079+0000] {dag.py:3239} INFO - Sync 1 DAGs
[2025-05-28T01:34:25.097+0000] {logging_mixin.py:190} INFO - [2025-05-28T01:34:25.097+0000] {dag.py:4180} INFO - Setting next_dagrun for hello_world_dag to 2025-05-27 00:00:00+00:00, run_after=2025-05-28 00:00:00+00:00
[2025-05-28T01:34:25.111+0000] {processor.py:208} INFO - Processing /opt/airflow/dags/Ejemplo1.py took 0.070 seconds
[2025-05-28T01:34:55.189+0000] {processor.py:186} INFO - Started process (PID=298) to work on /opt/airflow/dags/Ejemplo1.py
[2025-05-28T01:34:55.190+0000] {processor.py:914} INFO - Processing file /opt/airflow/dags/Ejemplo1.py for tasks to queue
[2025-05-28T01:34:55.191+0000] {logging_mixin.py:190} INFO - [2025-05-28T01:34:55.191+0000] {dagbag.py:588} INFO - Filling up the DagBag from /opt/airflow/dags/Ejemplo1.py
[2025-05-28T01:34:55.201+0000] {processor.py:925} INFO - DAG(s) 'hello_world_dag' retrieved from /opt/airflow/dags/Ejemplo1.py
[2025-05-28T01:34:55.222+0000] {logging_mixin.py:190} INFO - [2025-05-28T01:34:55.222+0000] {dag.py:3239} INFO - Sync 1 DAGs
[2025-05-28T01:34:55.251+0000] {logging_mixin.py:190} INFO - [2025-05-28T01:34:55.251+0000] {dag.py:4180} INFO - Setting next_dagrun for hello_world_dag to 2025-05-27 00:00:00+00:00, run_after=2025-05-28 00:00:00+00:00
[2025-05-28T01:34:55.273+0000] {processor.py:208} INFO - Processing /opt/airflow/dags/Ejemplo1.py took 0.089 seconds
[2025-05-28T01:35:25.352+0000] {processor.py:186} INFO - Started process (PID=303) to work on /opt/airflow/dags/Ejemplo1.py
[2025-05-28T01:35:25.352+0000] {processor.py:914} INFO - Processing file /opt/airflow/dags/Ejemplo1.py for tasks to queue
[2025-05-28T01:35:25.354+0000] {logging_mixin.py:190} INFO - [2025-05-28T01:35:25.354+0000] {dagbag.py:588} INFO - Filling up the DagBag from /opt/airflow/dags/Ejemplo1.py
[2025-05-28T01:35:25.364+0000] {processor.py:925} INFO - DAG(s) 'hello_world_dag' retrieved from /opt/airflow/dags/Ejemplo1.py
[2025-05-28T01:35:25.385+0000] {logging_mixin.py:190} INFO - [2025-05-28T01:35:25.385+0000] {dag.py:3239} INFO - Sync 1 DAGs
[2025-05-28T01:35:25.406+0000] {logging_mixin.py:190} INFO - [2025-05-28T01:35:25.406+0000] {dag.py:4180} INFO - Setting next_dagrun for hello_world_dag to 2025-05-27 00:00:00+00:00, run_after=2025-05-28 00:00:00+00:00
[2025-05-28T01:35:25.420+0000] {processor.py:208} INFO - Processing /opt/airflow/dags/Ejemplo1.py took 0.073 seconds
[2025-05-28T01:35:55.542+0000] {processor.py:186} INFO - Started process (PID=308) to work on /opt/airflow/dags/Ejemplo1.py
[2025-05-28T01:35:55.542+0000] {processor.py:914} INFO - Processing file /opt/airflow/dags/Ejemplo1.py for tasks to queue
[2025-05-28T01:35:55.544+0000] {logging_mixin.py:190} INFO - [2025-05-28T01:35:55.544+0000] {dagbag.py:588} INFO - Filling up the DagBag from /opt/airflow/dags/Ejemplo1.py
[2025-05-28T01:35:55.554+0000] {processor.py:925} INFO - DAG(s) 'hello_world_dag' retrieved from /opt/airflow/dags/Ejemplo1.py
[2025-05-28T01:35:55.573+0000] {logging_mixin.py:190} INFO - [2025-05-28T01:35:55.573+0000] {dag.py:3239} INFO - Sync 1 DAGs
[2025-05-28T01:35:55.592+0000] {logging_mixin.py:190} INFO - [2025-05-28T01:35:55.592+0000] {dag.py:4180} INFO - Setting next_dagrun for hello_world_dag to 2025-05-27 00:00:00+00:00, run_after=2025-05-28 00:00:00+00:00
[2025-05-28T01:35:55.608+0000] {processor.py:208} INFO - Processing /opt/airflow/dags/Ejemplo1.py took 0.071 seconds
[2025-05-28T01:36:25.685+0000] {processor.py:186} INFO - Started process (PID=313) to work on /opt/airflow/dags/Ejemplo1.py
[2025-05-28T01:36:25.687+0000] {processor.py:914} INFO - Processing file /opt/airflow/dags/Ejemplo1.py for tasks to queue
[2025-05-28T01:36:25.688+0000] {logging_mixin.py:190} INFO - [2025-05-28T01:36:25.688+0000] {dagbag.py:588} INFO - Filling up the DagBag from /opt/airflow/dags/Ejemplo1.py
[2025-05-28T01:36:25.698+0000] {processor.py:925} INFO - DAG(s) 'hello_world_dag' retrieved from /opt/airflow/dags/Ejemplo1.py
[2025-05-28T01:36:25.726+0000] {logging_mixin.py:190} INFO - [2025-05-28T01:36:25.726+0000] {dag.py:3239} INFO - Sync 1 DAGs
[2025-05-28T01:36:25.748+0000] {logging_mixin.py:190} INFO - [2025-05-28T01:36:25.748+0000] {dag.py:4180} INFO - Setting next_dagrun for hello_world_dag to 2025-05-27 00:00:00+00:00, run_after=2025-05-28 00:00:00+00:00
[2025-05-28T01:36:25.762+0000] {processor.py:208} INFO - Processing /opt/airflow/dags/Ejemplo1.py took 0.081 seconds
[2025-05-28T01:36:55.858+0000] {processor.py:186} INFO - Started process (PID=318) to work on /opt/airflow/dags/Ejemplo1.py
[2025-05-28T01:36:55.859+0000] {processor.py:914} INFO - Processing file /opt/airflow/dags/Ejemplo1.py for tasks to queue
[2025-05-28T01:36:55.861+0000] {logging_mixin.py:190} INFO - [2025-05-28T01:36:55.861+0000] {dagbag.py:588} INFO - Filling up the DagBag from /opt/airflow/dags/Ejemplo1.py
[2025-05-28T01:36:55.871+0000] {processor.py:925} INFO - DAG(s) 'hello_world_dag' retrieved from /opt/airflow/dags/Ejemplo1.py
[2025-05-28T01:36:55.890+0000] {logging_mixin.py:190} INFO - [2025-05-28T01:36:55.890+0000] {dag.py:3239} INFO - Sync 1 DAGs
[2025-05-28T01:36:55.910+0000] {logging_mixin.py:190} INFO - [2025-05-28T01:36:55.909+0000] {dag.py:4180} INFO - Setting next_dagrun for hello_world_dag to 2025-05-27 00:00:00+00:00, run_after=2025-05-28 00:00:00+00:00
[2025-05-28T01:36:55.923+0000] {processor.py:208} INFO - Processing /opt/airflow/dags/Ejemplo1.py took 0.070 seconds
[2025-05-28T01:37:26.002+0000] {processor.py:186} INFO - Started process (PID=323) to work on /opt/airflow/dags/Ejemplo1.py
[2025-05-28T01:37:26.003+0000] {processor.py:914} INFO - Processing file /opt/airflow/dags/Ejemplo1.py for tasks to queue
[2025-05-28T01:37:26.005+0000] {logging_mixin.py:190} INFO - [2025-05-28T01:37:26.004+0000] {dagbag.py:588} INFO - Filling up the DagBag from /opt/airflow/dags/Ejemplo1.py
[2025-05-28T01:37:26.014+0000] {processor.py:925} INFO - DAG(s) 'hello_world_dag' retrieved from /opt/airflow/dags/Ejemplo1.py
[2025-05-28T01:37:26.035+0000] {logging_mixin.py:190} INFO - [2025-05-28T01:37:26.035+0000] {dag.py:3239} INFO - Sync 1 DAGs
[2025-05-28T01:37:26.054+0000] {logging_mixin.py:190} INFO - [2025-05-28T01:37:26.054+0000] {dag.py:4180} INFO - Setting next_dagrun for hello_world_dag to 2025-05-27 00:00:00+00:00, run_after=2025-05-28 00:00:00+00:00
[2025-05-28T01:37:26.068+0000] {processor.py:208} INFO - Processing /opt/airflow/dags/Ejemplo1.py took 0.070 seconds
[2025-05-28T01:37:56.169+0000] {processor.py:186} INFO - Started process (PID=328) to work on /opt/airflow/dags/Ejemplo1.py
[2025-05-28T01:37:56.170+0000] {processor.py:914} INFO - Processing file /opt/airflow/dags/Ejemplo1.py for tasks to queue
[2025-05-28T01:37:56.172+0000] {logging_mixin.py:190} INFO - [2025-05-28T01:37:56.171+0000] {dagbag.py:588} INFO - Filling up the DagBag from /opt/airflow/dags/Ejemplo1.py
[2025-05-28T01:37:56.182+0000] {processor.py:925} INFO - DAG(s) 'hello_world_dag' retrieved from /opt/airflow/dags/Ejemplo1.py
[2025-05-28T01:37:56.212+0000] {logging_mixin.py:190} INFO - [2025-05-28T01:37:56.212+0000] {dag.py:3239} INFO - Sync 1 DAGs
[2025-05-28T01:37:56.242+0000] {logging_mixin.py:190} INFO - [2025-05-28T01:37:56.242+0000] {dag.py:4180} INFO - Setting next_dagrun for hello_world_dag to 2025-05-27 00:00:00+00:00, run_after=2025-05-28 00:00:00+00:00
[2025-05-28T01:37:56.290+0000] {processor.py:208} INFO - Processing /opt/airflow/dags/Ejemplo1.py took 0.127 seconds
[2025-05-28T01:38:26.410+0000] {processor.py:186} INFO - Started process (PID=333) to work on /opt/airflow/dags/Ejemplo1.py
[2025-05-28T01:38:26.411+0000] {processor.py:914} INFO - Processing file /opt/airflow/dags/Ejemplo1.py for tasks to queue
[2025-05-28T01:38:26.412+0000] {logging_mixin.py:190} INFO - [2025-05-28T01:38:26.412+0000] {dagbag.py:588} INFO - Filling up the DagBag from /opt/airflow/dags/Ejemplo1.py
[2025-05-28T01:38:26.422+0000] {processor.py:925} INFO - DAG(s) 'hello_world_dag' retrieved from /opt/airflow/dags/Ejemplo1.py
[2025-05-28T01:38:26.442+0000] {logging_mixin.py:190} INFO - [2025-05-28T01:38:26.442+0000] {dag.py:3239} INFO - Sync 1 DAGs
[2025-05-28T01:38:26.461+0000] {logging_mixin.py:190} INFO - [2025-05-28T01:38:26.461+0000] {dag.py:4180} INFO - Setting next_dagrun for hello_world_dag to 2025-05-27 00:00:00+00:00, run_after=2025-05-28 00:00:00+00:00
[2025-05-28T01:38:26.475+0000] {processor.py:208} INFO - Processing /opt/airflow/dags/Ejemplo1.py took 0.070 seconds
[2025-05-28T01:38:56.537+0000] {processor.py:186} INFO - Started process (PID=338) to work on /opt/airflow/dags/Ejemplo1.py
[2025-05-28T01:38:56.538+0000] {processor.py:914} INFO - Processing file /opt/airflow/dags/Ejemplo1.py for tasks to queue
[2025-05-28T01:38:56.539+0000] {logging_mixin.py:190} INFO - [2025-05-28T01:38:56.539+0000] {dagbag.py:588} INFO - Filling up the DagBag from /opt/airflow/dags/Ejemplo1.py
[2025-05-28T01:38:56.549+0000] {processor.py:925} INFO - DAG(s) 'hello_world_dag' retrieved from /opt/airflow/dags/Ejemplo1.py
[2025-05-28T01:38:56.570+0000] {logging_mixin.py:190} INFO - [2025-05-28T01:38:56.570+0000] {dag.py:3239} INFO - Sync 1 DAGs
[2025-05-28T01:38:56.590+0000] {logging_mixin.py:190} INFO - [2025-05-28T01:38:56.590+0000] {dag.py:4180} INFO - Setting next_dagrun for hello_world_dag to 2025-05-27 00:00:00+00:00, run_after=2025-05-28 00:00:00+00:00
[2025-05-28T01:38:56.604+0000] {processor.py:208} INFO - Processing /opt/airflow/dags/Ejemplo1.py took 0.072 seconds
[2025-05-28T01:39:26.729+0000] {processor.py:186} INFO - Started process (PID=343) to work on /opt/airflow/dags/Ejemplo1.py
[2025-05-28T01:39:26.730+0000] {processor.py:914} INFO - Processing file /opt/airflow/dags/Ejemplo1.py for tasks to queue
[2025-05-28T01:39:26.732+0000] {logging_mixin.py:190} INFO - [2025-05-28T01:39:26.732+0000] {dagbag.py:588} INFO - Filling up the DagBag from /opt/airflow/dags/Ejemplo1.py
[2025-05-28T01:39:26.741+0000] {processor.py:925} INFO - DAG(s) 'hello_world_dag' retrieved from /opt/airflow/dags/Ejemplo1.py
[2025-05-28T01:39:26.761+0000] {logging_mixin.py:190} INFO - [2025-05-28T01:39:26.761+0000] {dag.py:3239} INFO - Sync 1 DAGs
[2025-05-28T01:39:26.780+0000] {logging_mixin.py:190} INFO - [2025-05-28T01:39:26.779+0000] {dag.py:4180} INFO - Setting next_dagrun for hello_world_dag to 2025-05-27 00:00:00+00:00, run_after=2025-05-28 00:00:00+00:00
[2025-05-28T01:39:26.793+0000] {processor.py:208} INFO - Processing /opt/airflow/dags/Ejemplo1.py took 0.069 seconds
[2025-05-28T01:41:27.692+0000] {processor.py:186} INFO - Started process (PID=156) to work on /opt/airflow/dags/Ejemplo1.py
[2025-05-28T01:41:27.701+0000] {processor.py:914} INFO - Processing file /opt/airflow/dags/Ejemplo1.py for tasks to queue
[2025-05-28T01:41:27.715+0000] {logging_mixin.py:190} INFO - [2025-05-28T01:41:27.715+0000] {dagbag.py:588} INFO - Filling up the DagBag from /opt/airflow/dags/Ejemplo1.py
[2025-05-28T01:41:27.868+0000] {processor.py:925} INFO - DAG(s) 'hello_world_dag' retrieved from /opt/airflow/dags/Ejemplo1.py
[2025-05-28T01:41:27.987+0000] {logging_mixin.py:190} INFO - [2025-05-28T01:41:27.986+0000] {dag.py:3239} INFO - Sync 1 DAGs
[2025-05-28T01:41:28.069+0000] {logging_mixin.py:190} INFO - [2025-05-28T01:41:28.069+0000] {dag.py:4180} INFO - Setting next_dagrun for hello_world_dag to 2025-05-27 00:00:00+00:00, run_after=2025-05-28 00:00:00+00:00
[2025-05-28T01:41:28.164+0000] {processor.py:208} INFO - Processing /opt/airflow/dags/Ejemplo1.py took 0.509 seconds
[2025-05-28T01:41:58.511+0000] {processor.py:186} INFO - Started process (PID=162) to work on /opt/airflow/dags/Ejemplo1.py
[2025-05-28T01:41:58.517+0000] {processor.py:914} INFO - Processing file /opt/airflow/dags/Ejemplo1.py for tasks to queue
[2025-05-28T01:41:58.523+0000] {logging_mixin.py:190} INFO - [2025-05-28T01:41:58.522+0000] {dagbag.py:588} INFO - Filling up the DagBag from /opt/airflow/dags/Ejemplo1.py
[2025-05-28T01:41:58.541+0000] {processor.py:925} INFO - DAG(s) 'hello_world_dag' retrieved from /opt/airflow/dags/Ejemplo1.py
[2025-05-28T01:41:58.581+0000] {logging_mixin.py:190} INFO - [2025-05-28T01:41:58.581+0000] {dag.py:3239} INFO - Sync 1 DAGs
[2025-05-28T01:41:58.616+0000] {logging_mixin.py:190} INFO - [2025-05-28T01:41:58.615+0000] {dag.py:4180} INFO - Setting next_dagrun for hello_world_dag to 2025-05-27 00:00:00+00:00, run_after=2025-05-28 00:00:00+00:00
[2025-05-28T01:41:58.634+0000] {processor.py:208} INFO - Processing /opt/airflow/dags/Ejemplo1.py took 0.133 seconds
[2025-05-28T01:42:28.774+0000] {processor.py:186} INFO - Started process (PID=167) to work on /opt/airflow/dags/Ejemplo1.py
[2025-05-28T01:42:28.774+0000] {processor.py:914} INFO - Processing file /opt/airflow/dags/Ejemplo1.py for tasks to queue
[2025-05-28T01:42:28.776+0000] {logging_mixin.py:190} INFO - [2025-05-28T01:42:28.776+0000] {dagbag.py:588} INFO - Filling up the DagBag from /opt/airflow/dags/Ejemplo1.py
[2025-05-28T01:42:28.786+0000] {processor.py:925} INFO - DAG(s) 'hello_world_dag' retrieved from /opt/airflow/dags/Ejemplo1.py
[2025-05-28T01:42:28.807+0000] {logging_mixin.py:190} INFO - [2025-05-28T01:42:28.807+0000] {dag.py:3239} INFO - Sync 1 DAGs
[2025-05-28T01:42:28.826+0000] {logging_mixin.py:190} INFO - [2025-05-28T01:42:28.826+0000] {dag.py:4180} INFO - Setting next_dagrun for hello_world_dag to 2025-05-27 00:00:00+00:00, run_after=2025-05-28 00:00:00+00:00
[2025-05-28T01:42:28.845+0000] {processor.py:208} INFO - Processing /opt/airflow/dags/Ejemplo1.py took 0.076 seconds
[2025-05-28T01:42:58.900+0000] {processor.py:186} INFO - Started process (PID=172) to work on /opt/airflow/dags/Ejemplo1.py
[2025-05-28T01:42:58.900+0000] {processor.py:914} INFO - Processing file /opt/airflow/dags/Ejemplo1.py for tasks to queue
[2025-05-28T01:42:58.902+0000] {logging_mixin.py:190} INFO - [2025-05-28T01:42:58.902+0000] {dagbag.py:588} INFO - Filling up the DagBag from /opt/airflow/dags/Ejemplo1.py
[2025-05-28T01:42:58.913+0000] {processor.py:925} INFO - DAG(s) 'hello_world_dag' retrieved from /opt/airflow/dags/Ejemplo1.py
[2025-05-28T01:42:58.933+0000] {logging_mixin.py:190} INFO - [2025-05-28T01:42:58.933+0000] {dag.py:3239} INFO - Sync 1 DAGs
[2025-05-28T01:42:58.953+0000] {logging_mixin.py:190} INFO - [2025-05-28T01:42:58.953+0000] {dag.py:4180} INFO - Setting next_dagrun for hello_world_dag to 2025-05-27 00:00:00+00:00, run_after=2025-05-28 00:00:00+00:00
[2025-05-28T01:42:58.966+0000] {processor.py:208} INFO - Processing /opt/airflow/dags/Ejemplo1.py took 0.071 seconds
[2025-05-28T01:43:29.095+0000] {processor.py:186} INFO - Started process (PID=177) to work on /opt/airflow/dags/Ejemplo1.py
[2025-05-28T01:43:29.095+0000] {processor.py:914} INFO - Processing file /opt/airflow/dags/Ejemplo1.py for tasks to queue
[2025-05-28T01:43:29.097+0000] {logging_mixin.py:190} INFO - [2025-05-28T01:43:29.097+0000] {dagbag.py:588} INFO - Filling up the DagBag from /opt/airflow/dags/Ejemplo1.py
[2025-05-28T01:43:29.107+0000] {processor.py:925} INFO - DAG(s) 'hello_world_dag' retrieved from /opt/airflow/dags/Ejemplo1.py
[2025-05-28T01:43:29.126+0000] {logging_mixin.py:190} INFO - [2025-05-28T01:43:29.126+0000] {dag.py:3239} INFO - Sync 1 DAGs
[2025-05-28T01:43:29.146+0000] {logging_mixin.py:190} INFO - [2025-05-28T01:43:29.146+0000] {dag.py:4180} INFO - Setting next_dagrun for hello_world_dag to 2025-05-27 00:00:00+00:00, run_after=2025-05-28 00:00:00+00:00
[2025-05-28T01:43:29.159+0000] {processor.py:208} INFO - Processing /opt/airflow/dags/Ejemplo1.py took 0.071 seconds
[2025-05-28T01:43:59.233+0000] {processor.py:186} INFO - Started process (PID=182) to work on /opt/airflow/dags/Ejemplo1.py
[2025-05-28T01:43:59.233+0000] {processor.py:914} INFO - Processing file /opt/airflow/dags/Ejemplo1.py for tasks to queue
[2025-05-28T01:43:59.235+0000] {logging_mixin.py:190} INFO - [2025-05-28T01:43:59.234+0000] {dagbag.py:588} INFO - Filling up the DagBag from /opt/airflow/dags/Ejemplo1.py
[2025-05-28T01:43:59.245+0000] {processor.py:925} INFO - DAG(s) 'hello_world_dag' retrieved from /opt/airflow/dags/Ejemplo1.py
[2025-05-28T01:43:59.266+0000] {logging_mixin.py:190} INFO - [2025-05-28T01:43:59.266+0000] {dag.py:3239} INFO - Sync 1 DAGs
[2025-05-28T01:43:59.285+0000] {logging_mixin.py:190} INFO - [2025-05-28T01:43:59.285+0000] {dag.py:4180} INFO - Setting next_dagrun for hello_world_dag to 2025-05-27 00:00:00+00:00, run_after=2025-05-28 00:00:00+00:00
[2025-05-28T01:43:59.301+0000] {processor.py:208} INFO - Processing /opt/airflow/dags/Ejemplo1.py took 0.073 seconds
[2025-05-28T01:44:29.402+0000] {processor.py:186} INFO - Started process (PID=187) to work on /opt/airflow/dags/Ejemplo1.py
[2025-05-28T01:44:29.402+0000] {processor.py:914} INFO - Processing file /opt/airflow/dags/Ejemplo1.py for tasks to queue
[2025-05-28T01:44:29.404+0000] {logging_mixin.py:190} INFO - [2025-05-28T01:44:29.404+0000] {dagbag.py:588} INFO - Filling up the DagBag from /opt/airflow/dags/Ejemplo1.py
[2025-05-28T01:44:29.415+0000] {processor.py:925} INFO - DAG(s) 'hello_world_dag' retrieved from /opt/airflow/dags/Ejemplo1.py
[2025-05-28T01:44:29.435+0000] {logging_mixin.py:190} INFO - [2025-05-28T01:44:29.435+0000] {dag.py:3239} INFO - Sync 1 DAGs
[2025-05-28T01:44:29.454+0000] {logging_mixin.py:190} INFO - [2025-05-28T01:44:29.454+0000] {dag.py:4180} INFO - Setting next_dagrun for hello_world_dag to 2025-05-27 00:00:00+00:00, run_after=2025-05-28 00:00:00+00:00
[2025-05-28T01:44:29.468+0000] {processor.py:208} INFO - Processing /opt/airflow/dags/Ejemplo1.py took 0.072 seconds
[2025-05-28T01:44:59.543+0000] {processor.py:186} INFO - Started process (PID=192) to work on /opt/airflow/dags/Ejemplo1.py
[2025-05-28T01:44:59.544+0000] {processor.py:914} INFO - Processing file /opt/airflow/dags/Ejemplo1.py for tasks to queue
[2025-05-28T01:44:59.545+0000] {logging_mixin.py:190} INFO - [2025-05-28T01:44:59.545+0000] {dagbag.py:588} INFO - Filling up the DagBag from /opt/airflow/dags/Ejemplo1.py
[2025-05-28T01:44:59.556+0000] {processor.py:925} INFO - DAG(s) 'hello_world_dag' retrieved from /opt/airflow/dags/Ejemplo1.py
[2025-05-28T01:44:59.577+0000] {logging_mixin.py:190} INFO - [2025-05-28T01:44:59.577+0000] {dag.py:3239} INFO - Sync 1 DAGs
[2025-05-28T01:44:59.597+0000] {logging_mixin.py:190} INFO - [2025-05-28T01:44:59.596+0000] {dag.py:4180} INFO - Setting next_dagrun for hello_world_dag to 2025-05-27 00:00:00+00:00, run_after=2025-05-28 00:00:00+00:00
[2025-05-28T01:44:59.610+0000] {processor.py:208} INFO - Processing /opt/airflow/dags/Ejemplo1.py took 0.072 seconds
[2025-05-28T01:45:29.719+0000] {processor.py:186} INFO - Started process (PID=197) to work on /opt/airflow/dags/Ejemplo1.py
[2025-05-28T01:45:29.720+0000] {processor.py:914} INFO - Processing file /opt/airflow/dags/Ejemplo1.py for tasks to queue
[2025-05-28T01:45:29.722+0000] {logging_mixin.py:190} INFO - [2025-05-28T01:45:29.722+0000] {dagbag.py:588} INFO - Filling up the DagBag from /opt/airflow/dags/Ejemplo1.py
[2025-05-28T01:45:29.736+0000] {processor.py:925} INFO - DAG(s) 'hello_world_dag' retrieved from /opt/airflow/dags/Ejemplo1.py
[2025-05-28T01:45:29.757+0000] {logging_mixin.py:190} INFO - [2025-05-28T01:45:29.756+0000] {dag.py:3239} INFO - Sync 1 DAGs
[2025-05-28T01:45:29.779+0000] {logging_mixin.py:190} INFO - [2025-05-28T01:45:29.779+0000] {dag.py:4180} INFO - Setting next_dagrun for hello_world_dag to 2025-05-27 00:00:00+00:00, run_after=2025-05-28 00:00:00+00:00
[2025-05-28T01:45:29.801+0000] {processor.py:208} INFO - Processing /opt/airflow/dags/Ejemplo1.py took 0.094 seconds
[2025-05-28T01:45:59.848+0000] {processor.py:186} INFO - Started process (PID=202) to work on /opt/airflow/dags/Ejemplo1.py
[2025-05-28T01:45:59.848+0000] {processor.py:914} INFO - Processing file /opt/airflow/dags/Ejemplo1.py for tasks to queue
[2025-05-28T01:45:59.850+0000] {logging_mixin.py:190} INFO - [2025-05-28T01:45:59.849+0000] {dagbag.py:588} INFO - Filling up the DagBag from /opt/airflow/dags/Ejemplo1.py
[2025-05-28T01:45:59.860+0000] {processor.py:925} INFO - DAG(s) 'hello_world_dag' retrieved from /opt/airflow/dags/Ejemplo1.py
[2025-05-28T01:45:59.881+0000] {logging_mixin.py:190} INFO - [2025-05-28T01:45:59.881+0000] {dag.py:3239} INFO - Sync 1 DAGs
[2025-05-28T01:45:59.902+0000] {logging_mixin.py:190} INFO - [2025-05-28T01:45:59.902+0000] {dag.py:4180} INFO - Setting next_dagrun for hello_world_dag to 2025-05-27 00:00:00+00:00, run_after=2025-05-28 00:00:00+00:00
[2025-05-28T01:45:59.916+0000] {processor.py:208} INFO - Processing /opt/airflow/dags/Ejemplo1.py took 0.074 seconds
[2025-05-28T01:46:30.053+0000] {processor.py:186} INFO - Started process (PID=207) to work on /opt/airflow/dags/Ejemplo1.py
[2025-05-28T01:46:30.053+0000] {processor.py:914} INFO - Processing file /opt/airflow/dags/Ejemplo1.py for tasks to queue
[2025-05-28T01:46:30.056+0000] {logging_mixin.py:190} INFO - [2025-05-28T01:46:30.056+0000] {dagbag.py:588} INFO - Filling up the DagBag from /opt/airflow/dags/Ejemplo1.py
[2025-05-28T01:46:30.066+0000] {processor.py:925} INFO - DAG(s) 'hello_world_dag' retrieved from /opt/airflow/dags/Ejemplo1.py
[2025-05-28T01:46:30.085+0000] {logging_mixin.py:190} INFO - [2025-05-28T01:46:30.085+0000] {dag.py:3239} INFO - Sync 1 DAGs
[2025-05-28T01:46:30.104+0000] {logging_mixin.py:190} INFO - [2025-05-28T01:46:30.103+0000] {dag.py:4180} INFO - Setting next_dagrun for hello_world_dag to 2025-05-27 00:00:00+00:00, run_after=2025-05-28 00:00:00+00:00
[2025-05-28T01:46:30.117+0000] {processor.py:208} INFO - Processing /opt/airflow/dags/Ejemplo1.py took 0.070 seconds
[2025-05-28T01:47:00.184+0000] {processor.py:186} INFO - Started process (PID=212) to work on /opt/airflow/dags/Ejemplo1.py
[2025-05-28T01:47:00.185+0000] {processor.py:914} INFO - Processing file /opt/airflow/dags/Ejemplo1.py for tasks to queue
[2025-05-28T01:47:00.187+0000] {logging_mixin.py:190} INFO - [2025-05-28T01:47:00.187+0000] {dagbag.py:588} INFO - Filling up the DagBag from /opt/airflow/dags/Ejemplo1.py
[2025-05-28T01:47:00.197+0000] {processor.py:925} INFO - DAG(s) 'hello_world_dag' retrieved from /opt/airflow/dags/Ejemplo1.py
[2025-05-28T01:47:00.218+0000] {logging_mixin.py:190} INFO - [2025-05-28T01:47:00.218+0000] {dag.py:3239} INFO - Sync 1 DAGs
[2025-05-28T01:47:00.237+0000] {logging_mixin.py:190} INFO - [2025-05-28T01:47:00.237+0000] {dag.py:4180} INFO - Setting next_dagrun for hello_world_dag to 2025-05-27 00:00:00+00:00, run_after=2025-05-28 00:00:00+00:00
[2025-05-28T01:47:00.250+0000] {processor.py:208} INFO - Processing /opt/airflow/dags/Ejemplo1.py took 0.071 seconds
[2025-05-28T01:47:30.361+0000] {processor.py:186} INFO - Started process (PID=217) to work on /opt/airflow/dags/Ejemplo1.py
[2025-05-28T01:47:30.361+0000] {processor.py:914} INFO - Processing file /opt/airflow/dags/Ejemplo1.py for tasks to queue
[2025-05-28T01:47:30.363+0000] {logging_mixin.py:190} INFO - [2025-05-28T01:47:30.362+0000] {dagbag.py:588} INFO - Filling up the DagBag from /opt/airflow/dags/Ejemplo1.py
[2025-05-28T01:47:30.373+0000] {processor.py:925} INFO - DAG(s) 'hello_world_dag' retrieved from /opt/airflow/dags/Ejemplo1.py
[2025-05-28T01:47:30.392+0000] {logging_mixin.py:190} INFO - [2025-05-28T01:47:30.392+0000] {dag.py:3239} INFO - Sync 1 DAGs
[2025-05-28T01:47:30.411+0000] {logging_mixin.py:190} INFO - [2025-05-28T01:47:30.411+0000] {dag.py:4180} INFO - Setting next_dagrun for hello_world_dag to 2025-05-27 00:00:00+00:00, run_after=2025-05-28 00:00:00+00:00
[2025-05-28T01:47:30.424+0000] {processor.py:208} INFO - Processing /opt/airflow/dags/Ejemplo1.py took 0.070 seconds
[2025-05-28T01:48:00.497+0000] {processor.py:186} INFO - Started process (PID=222) to work on /opt/airflow/dags/Ejemplo1.py
[2025-05-28T01:48:00.497+0000] {processor.py:914} INFO - Processing file /opt/airflow/dags/Ejemplo1.py for tasks to queue
[2025-05-28T01:48:00.499+0000] {logging_mixin.py:190} INFO - [2025-05-28T01:48:00.498+0000] {dagbag.py:588} INFO - Filling up the DagBag from /opt/airflow/dags/Ejemplo1.py
[2025-05-28T01:48:00.509+0000] {processor.py:925} INFO - DAG(s) 'hello_world_dag' retrieved from /opt/airflow/dags/Ejemplo1.py
[2025-05-28T01:48:00.531+0000] {logging_mixin.py:190} INFO - [2025-05-28T01:48:00.531+0000] {dag.py:3239} INFO - Sync 1 DAGs
[2025-05-28T01:48:00.549+0000] {logging_mixin.py:190} INFO - [2025-05-28T01:48:00.549+0000] {dag.py:4180} INFO - Setting next_dagrun for hello_world_dag to 2025-05-27 00:00:00+00:00, run_after=2025-05-28 00:00:00+00:00
[2025-05-28T01:48:00.563+0000] {processor.py:208} INFO - Processing /opt/airflow/dags/Ejemplo1.py took 0.071 seconds
[2025-05-28T01:48:30.674+0000] {processor.py:186} INFO - Started process (PID=227) to work on /opt/airflow/dags/Ejemplo1.py
[2025-05-28T01:48:30.674+0000] {processor.py:914} INFO - Processing file /opt/airflow/dags/Ejemplo1.py for tasks to queue
[2025-05-28T01:48:30.676+0000] {logging_mixin.py:190} INFO - [2025-05-28T01:48:30.676+0000] {dagbag.py:588} INFO - Filling up the DagBag from /opt/airflow/dags/Ejemplo1.py
[2025-05-28T01:48:30.686+0000] {processor.py:925} INFO - DAG(s) 'hello_world_dag' retrieved from /opt/airflow/dags/Ejemplo1.py
[2025-05-28T01:48:30.705+0000] {logging_mixin.py:190} INFO - [2025-05-28T01:48:30.705+0000] {dag.py:3239} INFO - Sync 1 DAGs
[2025-05-28T01:48:30.724+0000] {logging_mixin.py:190} INFO - [2025-05-28T01:48:30.724+0000] {dag.py:4180} INFO - Setting next_dagrun for hello_world_dag to 2025-05-27 00:00:00+00:00, run_after=2025-05-28 00:00:00+00:00
[2025-05-28T01:48:30.738+0000] {processor.py:208} INFO - Processing /opt/airflow/dags/Ejemplo1.py took 0.069 seconds
[2025-05-28T01:49:00.807+0000] {processor.py:186} INFO - Started process (PID=235) to work on /opt/airflow/dags/Ejemplo1.py
[2025-05-28T01:49:00.807+0000] {processor.py:914} INFO - Processing file /opt/airflow/dags/Ejemplo1.py for tasks to queue
[2025-05-28T01:49:00.809+0000] {logging_mixin.py:190} INFO - [2025-05-28T01:49:00.809+0000] {dagbag.py:588} INFO - Filling up the DagBag from /opt/airflow/dags/Ejemplo1.py
[2025-05-28T01:49:00.819+0000] {processor.py:925} INFO - DAG(s) 'hello_world_dag' retrieved from /opt/airflow/dags/Ejemplo1.py
[2025-05-28T01:49:00.839+0000] {logging_mixin.py:190} INFO - [2025-05-28T01:49:00.839+0000] {dag.py:3239} INFO - Sync 1 DAGs
[2025-05-28T01:49:00.860+0000] {logging_mixin.py:190} INFO - [2025-05-28T01:49:00.860+0000] {dag.py:4180} INFO - Setting next_dagrun for hello_world_dag to 2025-05-28 00:00:00+00:00, run_after=2025-05-29 00:00:00+00:00
[2025-05-28T01:49:00.876+0000] {processor.py:208} INFO - Processing /opt/airflow/dags/Ejemplo1.py took 0.073 seconds
[2025-05-28T01:49:30.992+0000] {processor.py:186} INFO - Started process (PID=240) to work on /opt/airflow/dags/Ejemplo1.py
[2025-05-28T01:49:30.992+0000] {processor.py:914} INFO - Processing file /opt/airflow/dags/Ejemplo1.py for tasks to queue
[2025-05-28T01:49:30.994+0000] {logging_mixin.py:190} INFO - [2025-05-28T01:49:30.994+0000] {dagbag.py:588} INFO - Filling up the DagBag from /opt/airflow/dags/Ejemplo1.py
[2025-05-28T01:49:31.004+0000] {processor.py:925} INFO - DAG(s) 'hello_world_dag' retrieved from /opt/airflow/dags/Ejemplo1.py
[2025-05-28T01:49:31.023+0000] {logging_mixin.py:190} INFO - [2025-05-28T01:49:31.023+0000] {dag.py:3239} INFO - Sync 1 DAGs
[2025-05-28T01:49:31.043+0000] {logging_mixin.py:190} INFO - [2025-05-28T01:49:31.042+0000] {dag.py:4180} INFO - Setting next_dagrun for hello_world_dag to 2025-05-28 00:00:00+00:00, run_after=2025-05-29 00:00:00+00:00
[2025-05-28T01:49:31.066+0000] {processor.py:208} INFO - Processing /opt/airflow/dags/Ejemplo1.py took 0.084 seconds
[2025-05-28T01:50:01.114+0000] {processor.py:186} INFO - Started process (PID=245) to work on /opt/airflow/dags/Ejemplo1.py
[2025-05-28T01:50:01.114+0000] {processor.py:914} INFO - Processing file /opt/airflow/dags/Ejemplo1.py for tasks to queue
[2025-05-28T01:50:01.116+0000] {logging_mixin.py:190} INFO - [2025-05-28T01:50:01.116+0000] {dagbag.py:588} INFO - Filling up the DagBag from /opt/airflow/dags/Ejemplo1.py
[2025-05-28T01:50:01.129+0000] {processor.py:925} INFO - DAG(s) 'hello_world_dag' retrieved from /opt/airflow/dags/Ejemplo1.py
[2025-05-28T01:50:01.156+0000] {logging_mixin.py:190} INFO - [2025-05-28T01:50:01.156+0000] {dag.py:3239} INFO - Sync 1 DAGs
[2025-05-28T01:50:01.177+0000] {logging_mixin.py:190} INFO - [2025-05-28T01:50:01.177+0000] {dag.py:4180} INFO - Setting next_dagrun for hello_world_dag to 2025-05-28 00:00:00+00:00, run_after=2025-05-29 00:00:00+00:00
[2025-05-28T01:50:01.192+0000] {processor.py:208} INFO - Processing /opt/airflow/dags/Ejemplo1.py took 0.082 seconds
[2025-05-28T01:50:31.305+0000] {processor.py:186} INFO - Started process (PID=250) to work on /opt/airflow/dags/Ejemplo1.py
[2025-05-28T01:50:31.305+0000] {processor.py:914} INFO - Processing file /opt/airflow/dags/Ejemplo1.py for tasks to queue
[2025-05-28T01:50:31.307+0000] {logging_mixin.py:190} INFO - [2025-05-28T01:50:31.307+0000] {dagbag.py:588} INFO - Filling up the DagBag from /opt/airflow/dags/Ejemplo1.py
[2025-05-28T01:50:31.318+0000] {processor.py:925} INFO - DAG(s) 'hello_world_dag' retrieved from /opt/airflow/dags/Ejemplo1.py
[2025-05-28T01:50:31.337+0000] {logging_mixin.py:190} INFO - [2025-05-28T01:50:31.337+0000] {dag.py:3239} INFO - Sync 1 DAGs
[2025-05-28T01:50:31.357+0000] {logging_mixin.py:190} INFO - [2025-05-28T01:50:31.357+0000] {dag.py:4180} INFO - Setting next_dagrun for hello_world_dag to 2025-05-28 00:00:00+00:00, run_after=2025-05-29 00:00:00+00:00
[2025-05-28T01:50:31.370+0000] {processor.py:208} INFO - Processing /opt/airflow/dags/Ejemplo1.py took 0.071 seconds
[2025-05-28T01:51:01.439+0000] {processor.py:186} INFO - Started process (PID=255) to work on /opt/airflow/dags/Ejemplo1.py
[2025-05-28T01:51:01.440+0000] {processor.py:914} INFO - Processing file /opt/airflow/dags/Ejemplo1.py for tasks to queue
[2025-05-28T01:51:01.442+0000] {logging_mixin.py:190} INFO - [2025-05-28T01:51:01.442+0000] {dagbag.py:588} INFO - Filling up the DagBag from /opt/airflow/dags/Ejemplo1.py
[2025-05-28T01:51:01.452+0000] {processor.py:925} INFO - DAG(s) 'hello_world_dag' retrieved from /opt/airflow/dags/Ejemplo1.py
[2025-05-28T01:51:01.474+0000] {logging_mixin.py:190} INFO - [2025-05-28T01:51:01.474+0000] {dag.py:3239} INFO - Sync 1 DAGs
[2025-05-28T01:51:01.492+0000] {logging_mixin.py:190} INFO - [2025-05-28T01:51:01.492+0000] {dag.py:4180} INFO - Setting next_dagrun for hello_world_dag to 2025-05-28 00:00:00+00:00, run_after=2025-05-29 00:00:00+00:00
[2025-05-28T01:51:01.506+0000] {processor.py:208} INFO - Processing /opt/airflow/dags/Ejemplo1.py took 0.071 seconds
[2025-05-28T01:51:31.612+0000] {processor.py:186} INFO - Started process (PID=260) to work on /opt/airflow/dags/Ejemplo1.py
[2025-05-28T01:51:31.613+0000] {processor.py:914} INFO - Processing file /opt/airflow/dags/Ejemplo1.py for tasks to queue
[2025-05-28T01:51:31.615+0000] {logging_mixin.py:190} INFO - [2025-05-28T01:51:31.614+0000] {dagbag.py:588} INFO - Filling up the DagBag from /opt/airflow/dags/Ejemplo1.py
[2025-05-28T01:51:31.624+0000] {processor.py:925} INFO - DAG(s) 'hello_world_dag' retrieved from /opt/airflow/dags/Ejemplo1.py
[2025-05-28T01:51:31.643+0000] {logging_mixin.py:190} INFO - [2025-05-28T01:51:31.643+0000] {dag.py:3239} INFO - Sync 1 DAGs
[2025-05-28T01:51:31.662+0000] {logging_mixin.py:190} INFO - [2025-05-28T01:51:31.662+0000] {dag.py:4180} INFO - Setting next_dagrun for hello_world_dag to 2025-05-28 00:00:00+00:00, run_after=2025-05-29 00:00:00+00:00
[2025-05-28T01:51:31.675+0000] {processor.py:208} INFO - Processing /opt/airflow/dags/Ejemplo1.py took 0.070 seconds
[2025-05-28T01:52:01.749+0000] {processor.py:186} INFO - Started process (PID=265) to work on /opt/airflow/dags/Ejemplo1.py
[2025-05-28T01:52:01.750+0000] {processor.py:914} INFO - Processing file /opt/airflow/dags/Ejemplo1.py for tasks to queue
[2025-05-28T01:52:01.752+0000] {logging_mixin.py:190} INFO - [2025-05-28T01:52:01.752+0000] {dagbag.py:588} INFO - Filling up the DagBag from /opt/airflow/dags/Ejemplo1.py
[2025-05-28T01:52:01.766+0000] {processor.py:925} INFO - DAG(s) 'hello_world_dag' retrieved from /opt/airflow/dags/Ejemplo1.py
[2025-05-28T01:52:01.787+0000] {logging_mixin.py:190} INFO - [2025-05-28T01:52:01.787+0000] {dag.py:3239} INFO - Sync 1 DAGs
[2025-05-28T01:52:01.806+0000] {logging_mixin.py:190} INFO - [2025-05-28T01:52:01.806+0000] {dag.py:4180} INFO - Setting next_dagrun for hello_world_dag to 2025-05-28 00:00:00+00:00, run_after=2025-05-29 00:00:00+00:00
[2025-05-28T01:52:01.820+0000] {processor.py:208} INFO - Processing /opt/airflow/dags/Ejemplo1.py took 0.078 seconds
[2025-05-28T01:52:31.917+0000] {processor.py:186} INFO - Started process (PID=270) to work on /opt/airflow/dags/Ejemplo1.py
[2025-05-28T01:52:31.917+0000] {processor.py:914} INFO - Processing file /opt/airflow/dags/Ejemplo1.py for tasks to queue
[2025-05-28T01:52:31.919+0000] {logging_mixin.py:190} INFO - [2025-05-28T01:52:31.919+0000] {dagbag.py:588} INFO - Filling up the DagBag from /opt/airflow/dags/Ejemplo1.py
[2025-05-28T01:52:31.929+0000] {processor.py:925} INFO - DAG(s) 'hello_world_dag' retrieved from /opt/airflow/dags/Ejemplo1.py
[2025-05-28T01:52:31.949+0000] {logging_mixin.py:190} INFO - [2025-05-28T01:52:31.948+0000] {dag.py:3239} INFO - Sync 1 DAGs
[2025-05-28T01:52:31.968+0000] {logging_mixin.py:190} INFO - [2025-05-28T01:52:31.968+0000] {dag.py:4180} INFO - Setting next_dagrun for hello_world_dag to 2025-05-28 00:00:00+00:00, run_after=2025-05-29 00:00:00+00:00
[2025-05-28T01:52:31.982+0000] {processor.py:208} INFO - Processing /opt/airflow/dags/Ejemplo1.py took 0.072 seconds
