[2025-06-04T02:58:48.303+0000] {processor.py:186} INFO - Started process (PID=25877) to work on /opt/airflow/dags/Sesion5/DAG_Jar.py
[2025-06-04T02:58:48.304+0000] {processor.py:914} INFO - Processing file /opt/airflow/dags/Sesion5/DAG_Jar.py for tasks to queue
[2025-06-04T02:58:48.305+0000] {logging_mixin.py:190} INFO - [2025-06-04T02:58:48.305+0000] {dagbag.py:588} INFO - Filling up the DagBag from /opt/airflow/dags/Sesion5/DAG_Jar.py
[2025-06-04T02:58:48.317+0000] {processor.py:925} INFO - DAG(s) 'run_jar_dag' retrieved from /opt/airflow/dags/Sesion5/DAG_Jar.py
[2025-06-04T02:58:48.414+0000] {logging_mixin.py:190} INFO - [2025-06-04T02:58:48.413+0000] {override.py:1900} INFO - Created Permission View: can edit on DAG:run_jar_dag
[2025-06-04T02:58:48.422+0000] {logging_mixin.py:190} INFO - [2025-06-04T02:58:48.421+0000] {override.py:1900} INFO - Created Permission View: can delete on DAG:run_jar_dag
[2025-06-04T02:58:48.426+0000] {logging_mixin.py:190} INFO - [2025-06-04T02:58:48.426+0000] {override.py:1900} INFO - Created Permission View: can read on DAG:run_jar_dag
[2025-06-04T02:58:48.432+0000] {logging_mixin.py:190} INFO - [2025-06-04T02:58:48.432+0000] {override.py:1900} INFO - Created Permission View: can delete on DAG Run:run_jar_dag
[2025-06-04T02:58:48.437+0000] {logging_mixin.py:190} INFO - [2025-06-04T02:58:48.437+0000] {override.py:1900} INFO - Created Permission View: can read on DAG Run:run_jar_dag
[2025-06-04T02:58:48.442+0000] {logging_mixin.py:190} INFO - [2025-06-04T02:58:48.442+0000] {override.py:1900} INFO - Created Permission View: menu access on DAG Run:run_jar_dag
[2025-06-04T02:58:48.448+0000] {logging_mixin.py:190} INFO - [2025-06-04T02:58:48.447+0000] {override.py:1900} INFO - Created Permission View: can create on DAG Run:run_jar_dag
[2025-06-04T02:58:48.448+0000] {logging_mixin.py:190} INFO - [2025-06-04T02:58:48.448+0000] {dag.py:3239} INFO - Sync 1 DAGs
[2025-06-04T02:58:48.459+0000] {logging_mixin.py:190} INFO - [2025-06-04T02:58:48.459+0000] {dag.py:3262} INFO - Creating ORM DAG for run_jar_dag
[2025-06-04T02:58:48.472+0000] {logging_mixin.py:190} INFO - [2025-06-04T02:58:48.472+0000] {dag.py:4180} INFO - Setting next_dagrun for run_jar_dag to 2025-06-03 00:00:00+00:00, run_after=2025-06-04 00:00:00+00:00
[2025-06-04T02:58:48.484+0000] {processor.py:208} INFO - Processing /opt/airflow/dags/Sesion5/DAG_Jar.py took 0.188 seconds
[2025-06-04T02:59:06.218+0000] {processor.py:186} INFO - Started process (PID=25921) to work on /opt/airflow/dags/Sesion5/DAG_Jar.py
[2025-06-04T02:59:06.218+0000] {processor.py:914} INFO - Processing file /opt/airflow/dags/Sesion5/DAG_Jar.py for tasks to queue
[2025-06-04T02:59:06.220+0000] {logging_mixin.py:190} INFO - [2025-06-04T02:59:06.220+0000] {dagbag.py:588} INFO - Filling up the DagBag from /opt/airflow/dags/Sesion5/DAG_Jar.py
[2025-06-04T02:59:06.236+0000] {processor.py:925} INFO - DAG(s) 'run_jar_dag' retrieved from /opt/airflow/dags/Sesion5/DAG_Jar.py
[2025-06-04T02:59:06.252+0000] {logging_mixin.py:190} INFO - [2025-06-04T02:59:06.252+0000] {dag.py:3239} INFO - Sync 1 DAGs
[2025-06-04T02:59:06.287+0000] {logging_mixin.py:190} INFO - [2025-06-04T02:59:06.286+0000] {dag.py:4180} INFO - Setting next_dagrun for run_jar_dag to 2025-06-03 00:00:00+00:00, run_after=2025-06-04 00:00:00+00:00
[2025-06-04T02:59:06.307+0000] {processor.py:208} INFO - Processing /opt/airflow/dags/Sesion5/DAG_Jar.py took 0.097 seconds
[2025-06-04T02:59:07.412+0000] {processor.py:186} INFO - Started process (PID=25931) to work on /opt/airflow/dags/Sesion5/DAG_Jar.py
[2025-06-04T02:59:07.413+0000] {processor.py:914} INFO - Processing file /opt/airflow/dags/Sesion5/DAG_Jar.py for tasks to queue
[2025-06-04T02:59:07.415+0000] {logging_mixin.py:190} INFO - [2025-06-04T02:59:07.414+0000] {dagbag.py:588} INFO - Filling up the DagBag from /opt/airflow/dags/Sesion5/DAG_Jar.py
[2025-06-04T02:59:07.428+0000] {processor.py:925} INFO - DAG(s) 'run_jar_dag' retrieved from /opt/airflow/dags/Sesion5/DAG_Jar.py
[2025-06-04T02:59:07.451+0000] {logging_mixin.py:190} INFO - [2025-06-04T02:59:07.451+0000] {dag.py:3239} INFO - Sync 1 DAGs
[2025-06-04T02:59:07.489+0000] {logging_mixin.py:190} INFO - [2025-06-04T02:59:07.488+0000] {dag.py:4180} INFO - Setting next_dagrun for run_jar_dag to 2025-06-03 00:00:00+00:00, run_after=2025-06-04 00:00:00+00:00
[2025-06-04T02:59:07.508+0000] {processor.py:208} INFO - Processing /opt/airflow/dags/Sesion5/DAG_Jar.py took 0.119 seconds
[2025-06-04T02:59:08.215+0000] {processor.py:186} INFO - Started process (PID=25956) to work on /opt/airflow/dags/Sesion5/DAG_Jar.py
[2025-06-04T02:59:08.216+0000] {processor.py:914} INFO - Processing file /opt/airflow/dags/Sesion5/DAG_Jar.py for tasks to queue
[2025-06-04T02:59:08.217+0000] {logging_mixin.py:190} INFO - [2025-06-04T02:59:08.217+0000] {dagbag.py:588} INFO - Filling up the DagBag from /opt/airflow/dags/Sesion5/DAG_Jar.py
[2025-06-04T02:59:08.233+0000] {processor.py:925} INFO - DAG(s) 'run_jar_dag' retrieved from /opt/airflow/dags/Sesion5/DAG_Jar.py
[2025-06-04T02:59:08.247+0000] {logging_mixin.py:190} INFO - [2025-06-04T02:59:08.247+0000] {dag.py:3239} INFO - Sync 1 DAGs
[2025-06-04T02:59:08.284+0000] {logging_mixin.py:190} INFO - [2025-06-04T02:59:08.283+0000] {dag.py:4180} INFO - Setting next_dagrun for run_jar_dag to 2025-06-03 00:00:00+00:00, run_after=2025-06-04 00:00:00+00:00
[2025-06-04T02:59:08.299+0000] {processor.py:208} INFO - Processing /opt/airflow/dags/Sesion5/DAG_Jar.py took 0.094 seconds
[2025-06-04T02:59:38.369+0000] {processor.py:186} INFO - Started process (PID=26050) to work on /opt/airflow/dags/Sesion5/DAG_Jar.py
[2025-06-04T02:59:38.372+0000] {processor.py:914} INFO - Processing file /opt/airflow/dags/Sesion5/DAG_Jar.py for tasks to queue
[2025-06-04T02:59:38.374+0000] {logging_mixin.py:190} INFO - [2025-06-04T02:59:38.373+0000] {dagbag.py:588} INFO - Filling up the DagBag from /opt/airflow/dags/Sesion5/DAG_Jar.py
[2025-06-04T02:59:38.395+0000] {processor.py:925} INFO - DAG(s) 'run_jar_dag' retrieved from /opt/airflow/dags/Sesion5/DAG_Jar.py
[2025-06-04T02:59:38.546+0000] {logging_mixin.py:190} INFO - [2025-06-04T02:59:38.546+0000] {dag.py:3239} INFO - Sync 1 DAGs
[2025-06-04T02:59:38.579+0000] {logging_mixin.py:190} INFO - [2025-06-04T02:59:38.578+0000] {dag.py:4180} INFO - Setting next_dagrun for run_jar_dag to 2025-06-04 00:00:00+00:00, run_after=2025-06-05 00:00:00+00:00
[2025-06-04T02:59:38.603+0000] {processor.py:208} INFO - Processing /opt/airflow/dags/Sesion5/DAG_Jar.py took 0.241 seconds
[2025-06-04T03:00:08.850+0000] {processor.py:186} INFO - Started process (PID=26160) to work on /opt/airflow/dags/Sesion5/DAG_Jar.py
[2025-06-04T03:00:08.850+0000] {processor.py:914} INFO - Processing file /opt/airflow/dags/Sesion5/DAG_Jar.py for tasks to queue
[2025-06-04T03:00:08.851+0000] {logging_mixin.py:190} INFO - [2025-06-04T03:00:08.851+0000] {dagbag.py:588} INFO - Filling up the DagBag from /opt/airflow/dags/Sesion5/DAG_Jar.py
[2025-06-04T03:00:08.859+0000] {processor.py:925} INFO - DAG(s) 'run_jar_dag' retrieved from /opt/airflow/dags/Sesion5/DAG_Jar.py
[2025-06-04T03:00:08.874+0000] {logging_mixin.py:190} INFO - [2025-06-04T03:00:08.873+0000] {dag.py:3239} INFO - Sync 1 DAGs
[2025-06-04T03:00:08.895+0000] {logging_mixin.py:190} INFO - [2025-06-04T03:00:08.895+0000] {dag.py:4180} INFO - Setting next_dagrun for run_jar_dag to 2025-06-04 00:00:00+00:00, run_after=2025-06-05 00:00:00+00:00
[2025-06-04T03:00:08.909+0000] {processor.py:208} INFO - Processing /opt/airflow/dags/Sesion5/DAG_Jar.py took 0.064 seconds
[2025-06-04T03:00:39.597+0000] {processor.py:186} INFO - Started process (PID=26270) to work on /opt/airflow/dags/Sesion5/DAG_Jar.py
[2025-06-04T03:00:39.597+0000] {processor.py:914} INFO - Processing file /opt/airflow/dags/Sesion5/DAG_Jar.py for tasks to queue
[2025-06-04T03:00:39.598+0000] {logging_mixin.py:190} INFO - [2025-06-04T03:00:39.598+0000] {dagbag.py:588} INFO - Filling up the DagBag from /opt/airflow/dags/Sesion5/DAG_Jar.py
[2025-06-04T03:00:39.606+0000] {processor.py:925} INFO - DAG(s) 'run_jar_dag' retrieved from /opt/airflow/dags/Sesion5/DAG_Jar.py
[2025-06-04T03:00:39.622+0000] {logging_mixin.py:190} INFO - [2025-06-04T03:00:39.621+0000] {dag.py:3239} INFO - Sync 1 DAGs
[2025-06-04T03:00:39.644+0000] {logging_mixin.py:190} INFO - [2025-06-04T03:00:39.643+0000] {dag.py:4180} INFO - Setting next_dagrun for run_jar_dag to 2025-06-04 00:00:00+00:00, run_after=2025-06-05 00:00:00+00:00
[2025-06-04T03:00:39.658+0000] {processor.py:208} INFO - Processing /opt/airflow/dags/Sesion5/DAG_Jar.py took 0.067 seconds
[2025-06-04T03:01:10.005+0000] {processor.py:186} INFO - Started process (PID=26380) to work on /opt/airflow/dags/Sesion5/DAG_Jar.py
[2025-06-04T03:01:10.005+0000] {processor.py:914} INFO - Processing file /opt/airflow/dags/Sesion5/DAG_Jar.py for tasks to queue
[2025-06-04T03:01:10.006+0000] {logging_mixin.py:190} INFO - [2025-06-04T03:01:10.006+0000] {dagbag.py:588} INFO - Filling up the DagBag from /opt/airflow/dags/Sesion5/DAG_Jar.py
[2025-06-04T03:01:10.015+0000] {processor.py:925} INFO - DAG(s) 'run_jar_dag' retrieved from /opt/airflow/dags/Sesion5/DAG_Jar.py
[2025-06-04T03:01:10.031+0000] {logging_mixin.py:190} INFO - [2025-06-04T03:01:10.030+0000] {dag.py:3239} INFO - Sync 1 DAGs
[2025-06-04T03:01:10.052+0000] {logging_mixin.py:190} INFO - [2025-06-04T03:01:10.052+0000] {dag.py:4180} INFO - Setting next_dagrun for run_jar_dag to 2025-06-04 00:00:00+00:00, run_after=2025-06-05 00:00:00+00:00
[2025-06-04T03:01:10.066+0000] {processor.py:208} INFO - Processing /opt/airflow/dags/Sesion5/DAG_Jar.py took 0.067 seconds
[2025-06-04T03:01:40.741+0000] {processor.py:186} INFO - Started process (PID=26490) to work on /opt/airflow/dags/Sesion5/DAG_Jar.py
[2025-06-04T03:01:40.742+0000] {processor.py:914} INFO - Processing file /opt/airflow/dags/Sesion5/DAG_Jar.py for tasks to queue
[2025-06-04T03:01:40.743+0000] {logging_mixin.py:190} INFO - [2025-06-04T03:01:40.743+0000] {dagbag.py:588} INFO - Filling up the DagBag from /opt/airflow/dags/Sesion5/DAG_Jar.py
[2025-06-04T03:01:40.757+0000] {processor.py:925} INFO - DAG(s) 'run_jar_dag' retrieved from /opt/airflow/dags/Sesion5/DAG_Jar.py
[2025-06-04T03:01:40.779+0000] {logging_mixin.py:190} INFO - [2025-06-04T03:01:40.779+0000] {dag.py:3239} INFO - Sync 1 DAGs
[2025-06-04T03:01:40.821+0000] {logging_mixin.py:190} INFO - [2025-06-04T03:01:40.821+0000] {dag.py:4180} INFO - Setting next_dagrun for run_jar_dag to 2025-06-04 00:00:00+00:00, run_after=2025-06-05 00:00:00+00:00
[2025-06-04T03:01:40.841+0000] {processor.py:208} INFO - Processing /opt/airflow/dags/Sesion5/DAG_Jar.py took 0.110 seconds
[2025-06-04T03:02:10.914+0000] {processor.py:186} INFO - Started process (PID=26600) to work on /opt/airflow/dags/Sesion5/DAG_Jar.py
[2025-06-04T03:02:10.914+0000] {processor.py:914} INFO - Processing file /opt/airflow/dags/Sesion5/DAG_Jar.py for tasks to queue
[2025-06-04T03:02:10.915+0000] {logging_mixin.py:190} INFO - [2025-06-04T03:02:10.915+0000] {dagbag.py:588} INFO - Filling up the DagBag from /opt/airflow/dags/Sesion5/DAG_Jar.py
[2025-06-04T03:02:10.924+0000] {processor.py:925} INFO - DAG(s) 'run_jar_dag' retrieved from /opt/airflow/dags/Sesion5/DAG_Jar.py
[2025-06-04T03:02:10.941+0000] {logging_mixin.py:190} INFO - [2025-06-04T03:02:10.941+0000] {dag.py:3239} INFO - Sync 1 DAGs
[2025-06-04T03:02:10.963+0000] {logging_mixin.py:190} INFO - [2025-06-04T03:02:10.963+0000] {dag.py:4180} INFO - Setting next_dagrun for run_jar_dag to 2025-06-04 00:00:00+00:00, run_after=2025-06-05 00:00:00+00:00
[2025-06-04T03:02:10.977+0000] {processor.py:208} INFO - Processing /opt/airflow/dags/Sesion5/DAG_Jar.py took 0.069 seconds
[2025-06-04T03:02:41.122+0000] {processor.py:186} INFO - Started process (PID=26710) to work on /opt/airflow/dags/Sesion5/DAG_Jar.py
[2025-06-04T03:02:41.123+0000] {processor.py:914} INFO - Processing file /opt/airflow/dags/Sesion5/DAG_Jar.py for tasks to queue
[2025-06-04T03:02:41.124+0000] {logging_mixin.py:190} INFO - [2025-06-04T03:02:41.123+0000] {dagbag.py:588} INFO - Filling up the DagBag from /opt/airflow/dags/Sesion5/DAG_Jar.py
[2025-06-04T03:02:41.131+0000] {processor.py:925} INFO - DAG(s) 'run_jar_dag' retrieved from /opt/airflow/dags/Sesion5/DAG_Jar.py
[2025-06-04T03:02:41.147+0000] {logging_mixin.py:190} INFO - [2025-06-04T03:02:41.147+0000] {dag.py:3239} INFO - Sync 1 DAGs
[2025-06-04T03:02:41.173+0000] {logging_mixin.py:190} INFO - [2025-06-04T03:02:41.172+0000] {dag.py:4180} INFO - Setting next_dagrun for run_jar_dag to 2025-06-04 00:00:00+00:00, run_after=2025-06-05 00:00:00+00:00
[2025-06-04T03:02:41.189+0000] {processor.py:208} INFO - Processing /opt/airflow/dags/Sesion5/DAG_Jar.py took 0.073 seconds
[2025-06-04T03:03:11.710+0000] {processor.py:186} INFO - Started process (PID=26827) to work on /opt/airflow/dags/Sesion5/DAG_Jar.py
[2025-06-04T03:03:11.710+0000] {processor.py:914} INFO - Processing file /opt/airflow/dags/Sesion5/DAG_Jar.py for tasks to queue
[2025-06-04T03:03:11.711+0000] {logging_mixin.py:190} INFO - [2025-06-04T03:03:11.711+0000] {dagbag.py:588} INFO - Filling up the DagBag from /opt/airflow/dags/Sesion5/DAG_Jar.py
[2025-06-04T03:03:11.719+0000] {processor.py:925} INFO - DAG(s) 'run_jar_dag' retrieved from /opt/airflow/dags/Sesion5/DAG_Jar.py
[2025-06-04T03:03:11.735+0000] {logging_mixin.py:190} INFO - [2025-06-04T03:03:11.735+0000] {dag.py:3239} INFO - Sync 1 DAGs
[2025-06-04T03:03:11.758+0000] {logging_mixin.py:190} INFO - [2025-06-04T03:03:11.758+0000] {dag.py:4180} INFO - Setting next_dagrun for run_jar_dag to 2025-06-04 00:00:00+00:00, run_after=2025-06-05 00:00:00+00:00
[2025-06-04T03:03:11.774+0000] {processor.py:208} INFO - Processing /opt/airflow/dags/Sesion5/DAG_Jar.py took 0.070 seconds
[2025-06-04T03:03:42.040+0000] {processor.py:186} INFO - Started process (PID=26938) to work on /opt/airflow/dags/Sesion5/DAG_Jar.py
[2025-06-04T03:03:42.041+0000] {processor.py:914} INFO - Processing file /opt/airflow/dags/Sesion5/DAG_Jar.py for tasks to queue
[2025-06-04T03:03:42.042+0000] {logging_mixin.py:190} INFO - [2025-06-04T03:03:42.042+0000] {dagbag.py:588} INFO - Filling up the DagBag from /opt/airflow/dags/Sesion5/DAG_Jar.py
[2025-06-04T03:03:42.053+0000] {processor.py:925} INFO - DAG(s) 'run_jar_dag' retrieved from /opt/airflow/dags/Sesion5/DAG_Jar.py
[2025-06-04T03:03:42.070+0000] {logging_mixin.py:190} INFO - [2025-06-04T03:03:42.069+0000] {dag.py:3239} INFO - Sync 1 DAGs
[2025-06-04T03:03:42.093+0000] {logging_mixin.py:190} INFO - [2025-06-04T03:03:42.093+0000] {dag.py:4180} INFO - Setting next_dagrun for run_jar_dag to 2025-06-04 00:00:00+00:00, run_after=2025-06-05 00:00:00+00:00
[2025-06-04T03:03:42.107+0000] {processor.py:208} INFO - Processing /opt/airflow/dags/Sesion5/DAG_Jar.py took 0.076 seconds
[2025-06-04T03:04:12.157+0000] {processor.py:186} INFO - Started process (PID=27048) to work on /opt/airflow/dags/Sesion5/DAG_Jar.py
[2025-06-04T03:04:12.157+0000] {processor.py:914} INFO - Processing file /opt/airflow/dags/Sesion5/DAG_Jar.py for tasks to queue
[2025-06-04T03:04:12.158+0000] {logging_mixin.py:190} INFO - [2025-06-04T03:04:12.158+0000] {dagbag.py:588} INFO - Filling up the DagBag from /opt/airflow/dags/Sesion5/DAG_Jar.py
[2025-06-04T03:04:12.167+0000] {processor.py:925} INFO - DAG(s) 'run_jar_dag' retrieved from /opt/airflow/dags/Sesion5/DAG_Jar.py
[2025-06-04T03:04:12.182+0000] {logging_mixin.py:190} INFO - [2025-06-04T03:04:12.182+0000] {dag.py:3239} INFO - Sync 1 DAGs
[2025-06-04T03:04:12.204+0000] {logging_mixin.py:190} INFO - [2025-06-04T03:04:12.204+0000] {dag.py:4180} INFO - Setting next_dagrun for run_jar_dag to 2025-06-04 00:00:00+00:00, run_after=2025-06-05 00:00:00+00:00
[2025-06-04T03:04:12.221+0000] {processor.py:208} INFO - Processing /opt/airflow/dags/Sesion5/DAG_Jar.py took 0.070 seconds
[2025-06-04T03:04:42.386+0000] {processor.py:186} INFO - Started process (PID=27158) to work on /opt/airflow/dags/Sesion5/DAG_Jar.py
[2025-06-04T03:04:42.386+0000] {processor.py:914} INFO - Processing file /opt/airflow/dags/Sesion5/DAG_Jar.py for tasks to queue
[2025-06-04T03:04:42.387+0000] {logging_mixin.py:190} INFO - [2025-06-04T03:04:42.387+0000] {dagbag.py:588} INFO - Filling up the DagBag from /opt/airflow/dags/Sesion5/DAG_Jar.py
[2025-06-04T03:04:42.395+0000] {processor.py:925} INFO - DAG(s) 'run_jar_dag' retrieved from /opt/airflow/dags/Sesion5/DAG_Jar.py
[2025-06-04T03:04:42.413+0000] {logging_mixin.py:190} INFO - [2025-06-04T03:04:42.412+0000] {dag.py:3239} INFO - Sync 1 DAGs
[2025-06-04T03:04:42.437+0000] {logging_mixin.py:190} INFO - [2025-06-04T03:04:42.437+0000] {dag.py:4180} INFO - Setting next_dagrun for run_jar_dag to 2025-06-04 00:00:00+00:00, run_after=2025-06-05 00:00:00+00:00
[2025-06-04T03:04:42.453+0000] {processor.py:208} INFO - Processing /opt/airflow/dags/Sesion5/DAG_Jar.py took 0.073 seconds
[2025-06-04T03:05:12.563+0000] {processor.py:186} INFO - Started process (PID=27268) to work on /opt/airflow/dags/Sesion5/DAG_Jar.py
[2025-06-04T03:05:12.564+0000] {processor.py:914} INFO - Processing file /opt/airflow/dags/Sesion5/DAG_Jar.py for tasks to queue
[2025-06-04T03:05:12.565+0000] {logging_mixin.py:190} INFO - [2025-06-04T03:05:12.565+0000] {dagbag.py:588} INFO - Filling up the DagBag from /opt/airflow/dags/Sesion5/DAG_Jar.py
[2025-06-04T03:05:12.577+0000] {processor.py:925} INFO - DAG(s) 'run_jar_dag' retrieved from /opt/airflow/dags/Sesion5/DAG_Jar.py
[2025-06-04T03:05:12.600+0000] {logging_mixin.py:190} INFO - [2025-06-04T03:05:12.600+0000] {dag.py:3239} INFO - Sync 1 DAGs
[2025-06-04T03:05:12.642+0000] {logging_mixin.py:190} INFO - [2025-06-04T03:05:12.642+0000] {dag.py:4180} INFO - Setting next_dagrun for run_jar_dag to 2025-06-04 00:00:00+00:00, run_after=2025-06-05 00:00:00+00:00
[2025-06-04T03:05:12.662+0000] {processor.py:208} INFO - Processing /opt/airflow/dags/Sesion5/DAG_Jar.py took 0.110 seconds
[2025-06-04T03:05:42.771+0000] {processor.py:186} INFO - Started process (PID=27378) to work on /opt/airflow/dags/Sesion5/DAG_Jar.py
[2025-06-04T03:05:42.772+0000] {processor.py:914} INFO - Processing file /opt/airflow/dags/Sesion5/DAG_Jar.py for tasks to queue
[2025-06-04T03:05:42.773+0000] {logging_mixin.py:190} INFO - [2025-06-04T03:05:42.772+0000] {dagbag.py:588} INFO - Filling up the DagBag from /opt/airflow/dags/Sesion5/DAG_Jar.py
[2025-06-04T03:05:42.780+0000] {processor.py:925} INFO - DAG(s) 'run_jar_dag' retrieved from /opt/airflow/dags/Sesion5/DAG_Jar.py
[2025-06-04T03:05:42.797+0000] {logging_mixin.py:190} INFO - [2025-06-04T03:05:42.797+0000] {dag.py:3239} INFO - Sync 1 DAGs
[2025-06-04T03:05:42.831+0000] {logging_mixin.py:190} INFO - [2025-06-04T03:05:42.830+0000] {dag.py:4180} INFO - Setting next_dagrun for run_jar_dag to 2025-06-04 00:00:00+00:00, run_after=2025-06-05 00:00:00+00:00
[2025-06-04T03:05:42.853+0000] {processor.py:208} INFO - Processing /opt/airflow/dags/Sesion5/DAG_Jar.py took 0.088 seconds
[2025-06-04T03:06:13.174+0000] {processor.py:186} INFO - Started process (PID=27486) to work on /opt/airflow/dags/Sesion5/DAG_Jar.py
[2025-06-04T03:06:13.178+0000] {processor.py:914} INFO - Processing file /opt/airflow/dags/Sesion5/DAG_Jar.py for tasks to queue
[2025-06-04T03:06:13.181+0000] {logging_mixin.py:190} INFO - [2025-06-04T03:06:13.181+0000] {dagbag.py:588} INFO - Filling up the DagBag from /opt/airflow/dags/Sesion5/DAG_Jar.py
[2025-06-04T03:06:13.198+0000] {processor.py:925} INFO - DAG(s) 'run_jar_dag' retrieved from /opt/airflow/dags/Sesion5/DAG_Jar.py
[2025-06-04T03:06:13.236+0000] {logging_mixin.py:190} INFO - [2025-06-04T03:06:13.235+0000] {dag.py:3239} INFO - Sync 1 DAGs
[2025-06-04T03:06:13.283+0000] {logging_mixin.py:190} INFO - [2025-06-04T03:06:13.282+0000] {dag.py:4180} INFO - Setting next_dagrun for run_jar_dag to 2025-06-04 00:00:00+00:00, run_after=2025-06-05 00:00:00+00:00
[2025-06-04T03:06:13.861+0000] {processor.py:208} INFO - Processing /opt/airflow/dags/Sesion5/DAG_Jar.py took 0.702 seconds
[2025-06-04T03:06:44.199+0000] {processor.py:186} INFO - Started process (PID=27593) to work on /opt/airflow/dags/Sesion5/DAG_Jar.py
[2025-06-04T03:06:44.199+0000] {processor.py:914} INFO - Processing file /opt/airflow/dags/Sesion5/DAG_Jar.py for tasks to queue
[2025-06-04T03:06:44.202+0000] {logging_mixin.py:190} INFO - [2025-06-04T03:06:44.201+0000] {dagbag.py:588} INFO - Filling up the DagBag from /opt/airflow/dags/Sesion5/DAG_Jar.py
[2025-06-04T03:06:44.212+0000] {processor.py:925} INFO - DAG(s) 'run_jar_dag' retrieved from /opt/airflow/dags/Sesion5/DAG_Jar.py
[2025-06-04T03:06:44.234+0000] {logging_mixin.py:190} INFO - [2025-06-04T03:06:44.234+0000] {dag.py:3239} INFO - Sync 1 DAGs
[2025-06-04T03:06:44.275+0000] {logging_mixin.py:190} INFO - [2025-06-04T03:06:44.274+0000] {dag.py:4180} INFO - Setting next_dagrun for run_jar_dag to 2025-06-04 00:00:00+00:00, run_after=2025-06-05 00:00:00+00:00
[2025-06-04T03:06:44.301+0000] {processor.py:208} INFO - Processing /opt/airflow/dags/Sesion5/DAG_Jar.py took 0.110 seconds
[2025-06-04T03:07:14.435+0000] {processor.py:186} INFO - Started process (PID=27703) to work on /opt/airflow/dags/Sesion5/DAG_Jar.py
[2025-06-04T03:07:14.436+0000] {processor.py:914} INFO - Processing file /opt/airflow/dags/Sesion5/DAG_Jar.py for tasks to queue
[2025-06-04T03:07:14.438+0000] {logging_mixin.py:190} INFO - [2025-06-04T03:07:14.438+0000] {dagbag.py:588} INFO - Filling up the DagBag from /opt/airflow/dags/Sesion5/DAG_Jar.py
[2025-06-04T03:07:14.448+0000] {processor.py:925} INFO - DAG(s) 'run_jar_dag' retrieved from /opt/airflow/dags/Sesion5/DAG_Jar.py
[2025-06-04T03:07:14.469+0000] {logging_mixin.py:190} INFO - [2025-06-04T03:07:14.468+0000] {dag.py:3239} INFO - Sync 1 DAGs
[2025-06-04T03:07:14.506+0000] {logging_mixin.py:190} INFO - [2025-06-04T03:07:14.505+0000] {dag.py:4180} INFO - Setting next_dagrun for run_jar_dag to 2025-06-04 00:00:00+00:00, run_after=2025-06-05 00:00:00+00:00
[2025-06-04T03:07:14.529+0000] {processor.py:208} INFO - Processing /opt/airflow/dags/Sesion5/DAG_Jar.py took 0.101 seconds
[2025-06-04T03:07:45.242+0000] {processor.py:186} INFO - Started process (PID=27813) to work on /opt/airflow/dags/Sesion5/DAG_Jar.py
[2025-06-04T03:07:45.243+0000] {processor.py:914} INFO - Processing file /opt/airflow/dags/Sesion5/DAG_Jar.py for tasks to queue
[2025-06-04T03:07:45.244+0000] {logging_mixin.py:190} INFO - [2025-06-04T03:07:45.244+0000] {dagbag.py:588} INFO - Filling up the DagBag from /opt/airflow/dags/Sesion5/DAG_Jar.py
[2025-06-04T03:07:45.255+0000] {processor.py:925} INFO - DAG(s) 'run_jar_dag' retrieved from /opt/airflow/dags/Sesion5/DAG_Jar.py
[2025-06-04T03:07:45.276+0000] {logging_mixin.py:190} INFO - [2025-06-04T03:07:45.276+0000] {dag.py:3239} INFO - Sync 1 DAGs
[2025-06-04T03:07:45.313+0000] {logging_mixin.py:190} INFO - [2025-06-04T03:07:45.313+0000] {dag.py:4180} INFO - Setting next_dagrun for run_jar_dag to 2025-06-04 00:00:00+00:00, run_after=2025-06-05 00:00:00+00:00
[2025-06-04T03:07:45.337+0000] {processor.py:208} INFO - Processing /opt/airflow/dags/Sesion5/DAG_Jar.py took 0.102 seconds
[2025-06-04T03:08:15.554+0000] {processor.py:186} INFO - Started process (PID=27923) to work on /opt/airflow/dags/Sesion5/DAG_Jar.py
[2025-06-04T03:08:15.555+0000] {processor.py:914} INFO - Processing file /opt/airflow/dags/Sesion5/DAG_Jar.py for tasks to queue
[2025-06-04T03:08:15.556+0000] {logging_mixin.py:190} INFO - [2025-06-04T03:08:15.556+0000] {dagbag.py:588} INFO - Filling up the DagBag from /opt/airflow/dags/Sesion5/DAG_Jar.py
[2025-06-04T03:08:15.567+0000] {processor.py:925} INFO - DAG(s) 'run_jar_dag' retrieved from /opt/airflow/dags/Sesion5/DAG_Jar.py
[2025-06-04T03:08:15.588+0000] {logging_mixin.py:190} INFO - [2025-06-04T03:08:15.587+0000] {dag.py:3239} INFO - Sync 1 DAGs
[2025-06-04T03:08:15.624+0000] {logging_mixin.py:190} INFO - [2025-06-04T03:08:15.623+0000] {dag.py:4180} INFO - Setting next_dagrun for run_jar_dag to 2025-06-04 00:00:00+00:00, run_after=2025-06-05 00:00:00+00:00
[2025-06-04T03:08:15.644+0000] {processor.py:208} INFO - Processing /opt/airflow/dags/Sesion5/DAG_Jar.py took 0.096 seconds
[2025-06-04T03:08:45.891+0000] {processor.py:186} INFO - Started process (PID=28033) to work on /opt/airflow/dags/Sesion5/DAG_Jar.py
[2025-06-04T03:08:45.892+0000] {processor.py:914} INFO - Processing file /opt/airflow/dags/Sesion5/DAG_Jar.py for tasks to queue
[2025-06-04T03:08:45.893+0000] {logging_mixin.py:190} INFO - [2025-06-04T03:08:45.893+0000] {dagbag.py:588} INFO - Filling up the DagBag from /opt/airflow/dags/Sesion5/DAG_Jar.py
[2025-06-04T03:08:45.904+0000] {processor.py:925} INFO - DAG(s) 'run_jar_dag' retrieved from /opt/airflow/dags/Sesion5/DAG_Jar.py
[2025-06-04T03:08:45.926+0000] {logging_mixin.py:190} INFO - [2025-06-04T03:08:45.925+0000] {dag.py:3239} INFO - Sync 1 DAGs
[2025-06-04T03:08:45.962+0000] {logging_mixin.py:190} INFO - [2025-06-04T03:08:45.962+0000] {dag.py:4180} INFO - Setting next_dagrun for run_jar_dag to 2025-06-04 00:00:00+00:00, run_after=2025-06-05 00:00:00+00:00
[2025-06-04T03:08:45.985+0000] {processor.py:208} INFO - Processing /opt/airflow/dags/Sesion5/DAG_Jar.py took 0.101 seconds
[2025-06-04T03:09:16.187+0000] {processor.py:186} INFO - Started process (PID=28148) to work on /opt/airflow/dags/Sesion5/DAG_Jar.py
[2025-06-04T03:09:16.188+0000] {processor.py:914} INFO - Processing file /opt/airflow/dags/Sesion5/DAG_Jar.py for tasks to queue
[2025-06-04T03:09:16.190+0000] {logging_mixin.py:190} INFO - [2025-06-04T03:09:16.189+0000] {dagbag.py:588} INFO - Filling up the DagBag from /opt/airflow/dags/Sesion5/DAG_Jar.py
[2025-06-04T03:09:16.200+0000] {processor.py:925} INFO - DAG(s) 'run_jar_dag' retrieved from /opt/airflow/dags/Sesion5/DAG_Jar.py
[2025-06-04T03:09:16.222+0000] {logging_mixin.py:190} INFO - [2025-06-04T03:09:16.221+0000] {dag.py:3239} INFO - Sync 1 DAGs
[2025-06-04T03:09:16.256+0000] {logging_mixin.py:190} INFO - [2025-06-04T03:09:16.255+0000] {dag.py:4180} INFO - Setting next_dagrun for run_jar_dag to 2025-06-04 00:00:00+00:00, run_after=2025-06-05 00:00:00+00:00
[2025-06-04T03:09:16.277+0000] {processor.py:208} INFO - Processing /opt/airflow/dags/Sesion5/DAG_Jar.py took 0.097 seconds
[2025-06-04T03:09:46.456+0000] {processor.py:186} INFO - Started process (PID=28263) to work on /opt/airflow/dags/Sesion5/DAG_Jar.py
[2025-06-04T03:09:46.457+0000] {processor.py:914} INFO - Processing file /opt/airflow/dags/Sesion5/DAG_Jar.py for tasks to queue
[2025-06-04T03:09:46.459+0000] {logging_mixin.py:190} INFO - [2025-06-04T03:09:46.459+0000] {dagbag.py:588} INFO - Filling up the DagBag from /opt/airflow/dags/Sesion5/DAG_Jar.py
[2025-06-04T03:09:46.470+0000] {processor.py:925} INFO - DAG(s) 'run_jar_dag' retrieved from /opt/airflow/dags/Sesion5/DAG_Jar.py
[2025-06-04T03:09:46.518+0000] {logging_mixin.py:190} INFO - [2025-06-04T03:09:46.518+0000] {dag.py:3239} INFO - Sync 1 DAGs
[2025-06-04T03:09:46.569+0000] {logging_mixin.py:190} INFO - [2025-06-04T03:09:46.568+0000] {dag.py:4180} INFO - Setting next_dagrun for run_jar_dag to 2025-06-04 00:00:00+00:00, run_after=2025-06-05 00:00:00+00:00
[2025-06-04T03:09:46.616+0000] {processor.py:208} INFO - Processing /opt/airflow/dags/Sesion5/DAG_Jar.py took 0.170 seconds
[2025-06-04T03:10:16.752+0000] {processor.py:186} INFO - Started process (PID=28378) to work on /opt/airflow/dags/Sesion5/DAG_Jar.py
[2025-06-04T03:10:16.753+0000] {processor.py:914} INFO - Processing file /opt/airflow/dags/Sesion5/DAG_Jar.py for tasks to queue
[2025-06-04T03:10:16.755+0000] {logging_mixin.py:190} INFO - [2025-06-04T03:10:16.754+0000] {dagbag.py:588} INFO - Filling up the DagBag from /opt/airflow/dags/Sesion5/DAG_Jar.py
[2025-06-04T03:10:16.766+0000] {processor.py:925} INFO - DAG(s) 'run_jar_dag' retrieved from /opt/airflow/dags/Sesion5/DAG_Jar.py
[2025-06-04T03:10:16.787+0000] {logging_mixin.py:190} INFO - [2025-06-04T03:10:16.787+0000] {dag.py:3239} INFO - Sync 1 DAGs
[2025-06-04T03:10:16.820+0000] {logging_mixin.py:190} INFO - [2025-06-04T03:10:16.820+0000] {dag.py:4180} INFO - Setting next_dagrun for run_jar_dag to 2025-06-04 00:00:00+00:00, run_after=2025-06-05 00:00:00+00:00
[2025-06-04T03:10:16.841+0000] {processor.py:208} INFO - Processing /opt/airflow/dags/Sesion5/DAG_Jar.py took 0.096 seconds
[2025-06-04T03:10:46.990+0000] {processor.py:186} INFO - Started process (PID=28487) to work on /opt/airflow/dags/Sesion5/DAG_Jar.py
[2025-06-04T03:10:46.991+0000] {processor.py:914} INFO - Processing file /opt/airflow/dags/Sesion5/DAG_Jar.py for tasks to queue
[2025-06-04T03:10:46.992+0000] {logging_mixin.py:190} INFO - [2025-06-04T03:10:46.992+0000] {dagbag.py:588} INFO - Filling up the DagBag from /opt/airflow/dags/Sesion5/DAG_Jar.py
[2025-06-04T03:10:47.007+0000] {processor.py:925} INFO - DAG(s) 'run_jar_dag' retrieved from /opt/airflow/dags/Sesion5/DAG_Jar.py
[2025-06-04T03:10:47.030+0000] {logging_mixin.py:190} INFO - [2025-06-04T03:10:47.030+0000] {dag.py:3239} INFO - Sync 1 DAGs
[2025-06-04T03:10:47.065+0000] {logging_mixin.py:190} INFO - [2025-06-04T03:10:47.065+0000] {dag.py:4180} INFO - Setting next_dagrun for run_jar_dag to 2025-06-04 00:00:00+00:00, run_after=2025-06-05 00:00:00+00:00
[2025-06-04T03:10:47.089+0000] {processor.py:208} INFO - Processing /opt/airflow/dags/Sesion5/DAG_Jar.py took 0.108 seconds
[2025-06-04T03:11:17.330+0000] {processor.py:186} INFO - Started process (PID=28602) to work on /opt/airflow/dags/Sesion5/DAG_Jar.py
[2025-06-04T03:11:17.331+0000] {processor.py:914} INFO - Processing file /opt/airflow/dags/Sesion5/DAG_Jar.py for tasks to queue
[2025-06-04T03:11:17.332+0000] {logging_mixin.py:190} INFO - [2025-06-04T03:11:17.332+0000] {dagbag.py:588} INFO - Filling up the DagBag from /opt/airflow/dags/Sesion5/DAG_Jar.py
[2025-06-04T03:11:17.343+0000] {processor.py:925} INFO - DAG(s) 'run_jar_dag' retrieved from /opt/airflow/dags/Sesion5/DAG_Jar.py
[2025-06-04T03:11:17.365+0000] {logging_mixin.py:190} INFO - [2025-06-04T03:11:17.364+0000] {dag.py:3239} INFO - Sync 1 DAGs
[2025-06-04T03:11:17.403+0000] {logging_mixin.py:190} INFO - [2025-06-04T03:11:17.403+0000] {dag.py:4180} INFO - Setting next_dagrun for run_jar_dag to 2025-06-04 00:00:00+00:00, run_after=2025-06-05 00:00:00+00:00
[2025-06-04T03:11:17.425+0000] {processor.py:208} INFO - Processing /opt/airflow/dags/Sesion5/DAG_Jar.py took 0.102 seconds
[2025-06-04T03:11:47.903+0000] {processor.py:186} INFO - Started process (PID=28717) to work on /opt/airflow/dags/Sesion5/DAG_Jar.py
[2025-06-04T03:11:47.904+0000] {processor.py:914} INFO - Processing file /opt/airflow/dags/Sesion5/DAG_Jar.py for tasks to queue
[2025-06-04T03:11:47.905+0000] {logging_mixin.py:190} INFO - [2025-06-04T03:11:47.905+0000] {dagbag.py:588} INFO - Filling up the DagBag from /opt/airflow/dags/Sesion5/DAG_Jar.py
[2025-06-04T03:11:47.917+0000] {processor.py:925} INFO - DAG(s) 'run_jar_dag' retrieved from /opt/airflow/dags/Sesion5/DAG_Jar.py
[2025-06-04T03:11:47.941+0000] {logging_mixin.py:190} INFO - [2025-06-04T03:11:47.940+0000] {dag.py:3239} INFO - Sync 1 DAGs
[2025-06-04T03:11:47.976+0000] {logging_mixin.py:190} INFO - [2025-06-04T03:11:47.976+0000] {dag.py:4180} INFO - Setting next_dagrun for run_jar_dag to 2025-06-04 00:00:00+00:00, run_after=2025-06-05 00:00:00+00:00
[2025-06-04T03:11:48.006+0000] {processor.py:208} INFO - Processing /opt/airflow/dags/Sesion5/DAG_Jar.py took 0.110 seconds
[2025-06-04T03:12:19.037+0000] {processor.py:186} INFO - Started process (PID=28832) to work on /opt/airflow/dags/Sesion5/DAG_Jar.py
[2025-06-04T03:12:19.037+0000] {processor.py:914} INFO - Processing file /opt/airflow/dags/Sesion5/DAG_Jar.py for tasks to queue
[2025-06-04T03:12:19.039+0000] {logging_mixin.py:190} INFO - [2025-06-04T03:12:19.039+0000] {dagbag.py:588} INFO - Filling up the DagBag from /opt/airflow/dags/Sesion5/DAG_Jar.py
[2025-06-04T03:12:19.051+0000] {processor.py:925} INFO - DAG(s) 'run_jar_dag' retrieved from /opt/airflow/dags/Sesion5/DAG_Jar.py
[2025-06-04T03:12:19.072+0000] {logging_mixin.py:190} INFO - [2025-06-04T03:12:19.072+0000] {dag.py:3239} INFO - Sync 1 DAGs
[2025-06-04T03:12:19.104+0000] {logging_mixin.py:190} INFO - [2025-06-04T03:12:19.104+0000] {dag.py:4180} INFO - Setting next_dagrun for run_jar_dag to 2025-06-04 00:00:00+00:00, run_after=2025-06-05 00:00:00+00:00
[2025-06-04T03:12:19.126+0000] {processor.py:208} INFO - Processing /opt/airflow/dags/Sesion5/DAG_Jar.py took 0.096 seconds
[2025-06-04T03:12:49.404+0000] {processor.py:186} INFO - Started process (PID=28947) to work on /opt/airflow/dags/Sesion5/DAG_Jar.py
[2025-06-04T03:12:49.405+0000] {processor.py:914} INFO - Processing file /opt/airflow/dags/Sesion5/DAG_Jar.py for tasks to queue
[2025-06-04T03:12:49.406+0000] {logging_mixin.py:190} INFO - [2025-06-04T03:12:49.406+0000] {dagbag.py:588} INFO - Filling up the DagBag from /opt/airflow/dags/Sesion5/DAG_Jar.py
[2025-06-04T03:12:49.413+0000] {processor.py:925} INFO - DAG(s) 'run_jar_dag' retrieved from /opt/airflow/dags/Sesion5/DAG_Jar.py
[2025-06-04T03:12:49.429+0000] {logging_mixin.py:190} INFO - [2025-06-04T03:12:49.429+0000] {dag.py:3239} INFO - Sync 1 DAGs
[2025-06-04T03:12:49.451+0000] {logging_mixin.py:190} INFO - [2025-06-04T03:12:49.451+0000] {dag.py:4180} INFO - Setting next_dagrun for run_jar_dag to 2025-06-04 00:00:00+00:00, run_after=2025-06-05 00:00:00+00:00
[2025-06-04T03:12:49.466+0000] {processor.py:208} INFO - Processing /opt/airflow/dags/Sesion5/DAG_Jar.py took 0.067 seconds
[2025-06-04T03:13:19.713+0000] {processor.py:186} INFO - Started process (PID=29062) to work on /opt/airflow/dags/Sesion5/DAG_Jar.py
[2025-06-04T03:13:19.716+0000] {processor.py:914} INFO - Processing file /opt/airflow/dags/Sesion5/DAG_Jar.py for tasks to queue
[2025-06-04T03:13:19.718+0000] {logging_mixin.py:190} INFO - [2025-06-04T03:13:19.718+0000] {dagbag.py:588} INFO - Filling up the DagBag from /opt/airflow/dags/Sesion5/DAG_Jar.py
[2025-06-04T03:13:19.747+0000] {processor.py:925} INFO - DAG(s) 'run_jar_dag' retrieved from /opt/airflow/dags/Sesion5/DAG_Jar.py
[2025-06-04T03:13:19.797+0000] {logging_mixin.py:190} INFO - [2025-06-04T03:13:19.796+0000] {dag.py:3239} INFO - Sync 1 DAGs
[2025-06-04T03:13:19.832+0000] {logging_mixin.py:190} INFO - [2025-06-04T03:13:19.831+0000] {dag.py:4180} INFO - Setting next_dagrun for run_jar_dag to 2025-06-04 00:00:00+00:00, run_after=2025-06-05 00:00:00+00:00
[2025-06-04T03:13:19.852+0000] {processor.py:208} INFO - Processing /opt/airflow/dags/Sesion5/DAG_Jar.py took 0.155 seconds
[2025-06-04T03:13:50.869+0000] {processor.py:186} INFO - Started process (PID=29177) to work on /opt/airflow/dags/Sesion5/DAG_Jar.py
[2025-06-04T03:13:50.871+0000] {processor.py:914} INFO - Processing file /opt/airflow/dags/Sesion5/DAG_Jar.py for tasks to queue
[2025-06-04T03:13:50.873+0000] {logging_mixin.py:190} INFO - [2025-06-04T03:13:50.873+0000] {dagbag.py:588} INFO - Filling up the DagBag from /opt/airflow/dags/Sesion5/DAG_Jar.py
[2025-06-04T03:13:50.884+0000] {processor.py:925} INFO - DAG(s) 'run_jar_dag' retrieved from /opt/airflow/dags/Sesion5/DAG_Jar.py
[2025-06-04T03:13:50.905+0000] {logging_mixin.py:190} INFO - [2025-06-04T03:13:50.905+0000] {dag.py:3239} INFO - Sync 1 DAGs
[2025-06-04T03:13:50.938+0000] {logging_mixin.py:190} INFO - [2025-06-04T03:13:50.938+0000] {dag.py:4180} INFO - Setting next_dagrun for run_jar_dag to 2025-06-04 00:00:00+00:00, run_after=2025-06-05 00:00:00+00:00
[2025-06-04T03:13:50.957+0000] {processor.py:208} INFO - Processing /opt/airflow/dags/Sesion5/DAG_Jar.py took 0.095 seconds
[2025-06-04T03:14:21.491+0000] {processor.py:186} INFO - Started process (PID=29292) to work on /opt/airflow/dags/Sesion5/DAG_Jar.py
[2025-06-04T03:14:21.492+0000] {processor.py:914} INFO - Processing file /opt/airflow/dags/Sesion5/DAG_Jar.py for tasks to queue
[2025-06-04T03:14:21.494+0000] {logging_mixin.py:190} INFO - [2025-06-04T03:14:21.493+0000] {dagbag.py:588} INFO - Filling up the DagBag from /opt/airflow/dags/Sesion5/DAG_Jar.py
[2025-06-04T03:14:21.504+0000] {processor.py:925} INFO - DAG(s) 'run_jar_dag' retrieved from /opt/airflow/dags/Sesion5/DAG_Jar.py
[2025-06-04T03:14:21.525+0000] {logging_mixin.py:190} INFO - [2025-06-04T03:14:21.524+0000] {dag.py:3239} INFO - Sync 1 DAGs
[2025-06-04T03:14:21.558+0000] {logging_mixin.py:190} INFO - [2025-06-04T03:14:21.558+0000] {dag.py:4180} INFO - Setting next_dagrun for run_jar_dag to 2025-06-04 00:00:00+00:00, run_after=2025-06-05 00:00:00+00:00
[2025-06-04T03:14:21.577+0000] {processor.py:208} INFO - Processing /opt/airflow/dags/Sesion5/DAG_Jar.py took 0.094 seconds
[2025-06-04T03:14:52.020+0000] {processor.py:186} INFO - Started process (PID=29407) to work on /opt/airflow/dags/Sesion5/DAG_Jar.py
[2025-06-04T03:14:52.021+0000] {processor.py:914} INFO - Processing file /opt/airflow/dags/Sesion5/DAG_Jar.py for tasks to queue
[2025-06-04T03:14:52.022+0000] {logging_mixin.py:190} INFO - [2025-06-04T03:14:52.022+0000] {dagbag.py:588} INFO - Filling up the DagBag from /opt/airflow/dags/Sesion5/DAG_Jar.py
[2025-06-04T03:14:52.033+0000] {processor.py:925} INFO - DAG(s) 'run_jar_dag' retrieved from /opt/airflow/dags/Sesion5/DAG_Jar.py
[2025-06-04T03:14:52.055+0000] {logging_mixin.py:190} INFO - [2025-06-04T03:14:52.055+0000] {dag.py:3239} INFO - Sync 1 DAGs
[2025-06-04T03:14:52.093+0000] {logging_mixin.py:190} INFO - [2025-06-04T03:14:52.093+0000] {dag.py:4180} INFO - Setting next_dagrun for run_jar_dag to 2025-06-04 00:00:00+00:00, run_after=2025-06-05 00:00:00+00:00
[2025-06-04T03:14:52.113+0000] {processor.py:208} INFO - Processing /opt/airflow/dags/Sesion5/DAG_Jar.py took 0.100 seconds
[2025-06-04T03:15:22.447+0000] {processor.py:186} INFO - Started process (PID=29522) to work on /opt/airflow/dags/Sesion5/DAG_Jar.py
[2025-06-04T03:15:22.449+0000] {processor.py:914} INFO - Processing file /opt/airflow/dags/Sesion5/DAG_Jar.py for tasks to queue
[2025-06-04T03:15:22.453+0000] {logging_mixin.py:190} INFO - [2025-06-04T03:15:22.453+0000] {dagbag.py:588} INFO - Filling up the DagBag from /opt/airflow/dags/Sesion5/DAG_Jar.py
[2025-06-04T03:15:22.467+0000] {processor.py:925} INFO - DAG(s) 'run_jar_dag' retrieved from /opt/airflow/dags/Sesion5/DAG_Jar.py
[2025-06-04T03:15:22.489+0000] {logging_mixin.py:190} INFO - [2025-06-04T03:15:22.489+0000] {dag.py:3239} INFO - Sync 1 DAGs
[2025-06-04T03:15:22.524+0000] {logging_mixin.py:190} INFO - [2025-06-04T03:15:22.523+0000] {dag.py:4180} INFO - Setting next_dagrun for run_jar_dag to 2025-06-04 00:00:00+00:00, run_after=2025-06-05 00:00:00+00:00
[2025-06-04T03:15:22.543+0000] {processor.py:208} INFO - Processing /opt/airflow/dags/Sesion5/DAG_Jar.py took 0.102 seconds
[2025-06-04T03:15:52.755+0000] {processor.py:186} INFO - Started process (PID=29637) to work on /opt/airflow/dags/Sesion5/DAG_Jar.py
[2025-06-04T03:15:52.756+0000] {processor.py:914} INFO - Processing file /opt/airflow/dags/Sesion5/DAG_Jar.py for tasks to queue
[2025-06-04T03:15:52.758+0000] {logging_mixin.py:190} INFO - [2025-06-04T03:15:52.757+0000] {dagbag.py:588} INFO - Filling up the DagBag from /opt/airflow/dags/Sesion5/DAG_Jar.py
[2025-06-04T03:15:52.769+0000] {processor.py:925} INFO - DAG(s) 'run_jar_dag' retrieved from /opt/airflow/dags/Sesion5/DAG_Jar.py
[2025-06-04T03:15:52.790+0000] {logging_mixin.py:190} INFO - [2025-06-04T03:15:52.789+0000] {dag.py:3239} INFO - Sync 1 DAGs
[2025-06-04T03:15:52.827+0000] {logging_mixin.py:190} INFO - [2025-06-04T03:15:52.827+0000] {dag.py:4180} INFO - Setting next_dagrun for run_jar_dag to 2025-06-04 00:00:00+00:00, run_after=2025-06-05 00:00:00+00:00
[2025-06-04T03:15:52.849+0000] {processor.py:208} INFO - Processing /opt/airflow/dags/Sesion5/DAG_Jar.py took 0.101 seconds
[2025-06-04T03:16:23.127+0000] {processor.py:186} INFO - Started process (PID=29752) to work on /opt/airflow/dags/Sesion5/DAG_Jar.py
[2025-06-04T03:16:23.128+0000] {processor.py:914} INFO - Processing file /opt/airflow/dags/Sesion5/DAG_Jar.py for tasks to queue
[2025-06-04T03:16:23.130+0000] {logging_mixin.py:190} INFO - [2025-06-04T03:16:23.129+0000] {dagbag.py:588} INFO - Filling up the DagBag from /opt/airflow/dags/Sesion5/DAG_Jar.py
[2025-06-04T03:16:23.141+0000] {processor.py:925} INFO - DAG(s) 'run_jar_dag' retrieved from /opt/airflow/dags/Sesion5/DAG_Jar.py
[2025-06-04T03:16:23.162+0000] {logging_mixin.py:190} INFO - [2025-06-04T03:16:23.162+0000] {dag.py:3239} INFO - Sync 1 DAGs
[2025-06-04T03:16:23.197+0000] {logging_mixin.py:190} INFO - [2025-06-04T03:16:23.196+0000] {dag.py:4180} INFO - Setting next_dagrun for run_jar_dag to 2025-06-04 00:00:00+00:00, run_after=2025-06-05 00:00:00+00:00
[2025-06-04T03:16:23.219+0000] {processor.py:208} INFO - Processing /opt/airflow/dags/Sesion5/DAG_Jar.py took 0.099 seconds
[2025-06-04T03:16:53.546+0000] {processor.py:186} INFO - Started process (PID=29867) to work on /opt/airflow/dags/Sesion5/DAG_Jar.py
[2025-06-04T03:16:53.547+0000] {processor.py:914} INFO - Processing file /opt/airflow/dags/Sesion5/DAG_Jar.py for tasks to queue
[2025-06-04T03:16:53.548+0000] {logging_mixin.py:190} INFO - [2025-06-04T03:16:53.548+0000] {dagbag.py:588} INFO - Filling up the DagBag from /opt/airflow/dags/Sesion5/DAG_Jar.py
[2025-06-04T03:16:53.559+0000] {processor.py:925} INFO - DAG(s) 'run_jar_dag' retrieved from /opt/airflow/dags/Sesion5/DAG_Jar.py
[2025-06-04T03:16:53.581+0000] {logging_mixin.py:190} INFO - [2025-06-04T03:16:53.580+0000] {dag.py:3239} INFO - Sync 1 DAGs
[2025-06-04T03:16:53.615+0000] {logging_mixin.py:190} INFO - [2025-06-04T03:16:53.615+0000] {dag.py:4180} INFO - Setting next_dagrun for run_jar_dag to 2025-06-04 00:00:00+00:00, run_after=2025-06-05 00:00:00+00:00
[2025-06-04T03:16:53.634+0000] {processor.py:208} INFO - Processing /opt/airflow/dags/Sesion5/DAG_Jar.py took 0.095 seconds
[2025-06-04T03:17:23.931+0000] {processor.py:186} INFO - Started process (PID=29982) to work on /opt/airflow/dags/Sesion5/DAG_Jar.py
[2025-06-04T03:17:23.932+0000] {processor.py:914} INFO - Processing file /opt/airflow/dags/Sesion5/DAG_Jar.py for tasks to queue
[2025-06-04T03:17:23.933+0000] {logging_mixin.py:190} INFO - [2025-06-04T03:17:23.933+0000] {dagbag.py:588} INFO - Filling up the DagBag from /opt/airflow/dags/Sesion5/DAG_Jar.py
[2025-06-04T03:17:23.944+0000] {processor.py:925} INFO - DAG(s) 'run_jar_dag' retrieved from /opt/airflow/dags/Sesion5/DAG_Jar.py
[2025-06-04T03:17:23.965+0000] {logging_mixin.py:190} INFO - [2025-06-04T03:17:23.965+0000] {dag.py:3239} INFO - Sync 1 DAGs
[2025-06-04T03:17:24.004+0000] {logging_mixin.py:190} INFO - [2025-06-04T03:17:24.004+0000] {dag.py:4180} INFO - Setting next_dagrun for run_jar_dag to 2025-06-04 00:00:00+00:00, run_after=2025-06-05 00:00:00+00:00
[2025-06-04T03:17:24.025+0000] {processor.py:208} INFO - Processing /opt/airflow/dags/Sesion5/DAG_Jar.py took 0.100 seconds
[2025-06-04T03:17:54.143+0000] {processor.py:186} INFO - Started process (PID=30097) to work on /opt/airflow/dags/Sesion5/DAG_Jar.py
[2025-06-04T03:17:54.143+0000] {processor.py:914} INFO - Processing file /opt/airflow/dags/Sesion5/DAG_Jar.py for tasks to queue
[2025-06-04T03:17:54.145+0000] {logging_mixin.py:190} INFO - [2025-06-04T03:17:54.144+0000] {dagbag.py:588} INFO - Filling up the DagBag from /opt/airflow/dags/Sesion5/DAG_Jar.py
[2025-06-04T03:17:54.156+0000] {processor.py:925} INFO - DAG(s) 'run_jar_dag' retrieved from /opt/airflow/dags/Sesion5/DAG_Jar.py
[2025-06-04T03:17:54.178+0000] {logging_mixin.py:190} INFO - [2025-06-04T03:17:54.177+0000] {dag.py:3239} INFO - Sync 1 DAGs
[2025-06-04T03:17:54.214+0000] {logging_mixin.py:190} INFO - [2025-06-04T03:17:54.214+0000] {dag.py:4180} INFO - Setting next_dagrun for run_jar_dag to 2025-06-04 00:00:00+00:00, run_after=2025-06-05 00:00:00+00:00
[2025-06-04T03:17:54.235+0000] {processor.py:208} INFO - Processing /opt/airflow/dags/Sesion5/DAG_Jar.py took 0.099 seconds
[2025-06-04T03:18:24.325+0000] {processor.py:186} INFO - Started process (PID=30212) to work on /opt/airflow/dags/Sesion5/DAG_Jar.py
[2025-06-04T03:18:24.326+0000] {processor.py:914} INFO - Processing file /opt/airflow/dags/Sesion5/DAG_Jar.py for tasks to queue
[2025-06-04T03:18:24.328+0000] {logging_mixin.py:190} INFO - [2025-06-04T03:18:24.327+0000] {dagbag.py:588} INFO - Filling up the DagBag from /opt/airflow/dags/Sesion5/DAG_Jar.py
[2025-06-04T03:18:24.339+0000] {processor.py:925} INFO - DAG(s) 'run_jar_dag' retrieved from /opt/airflow/dags/Sesion5/DAG_Jar.py
[2025-06-04T03:18:24.367+0000] {logging_mixin.py:190} INFO - [2025-06-04T03:18:24.366+0000] {dag.py:3239} INFO - Sync 1 DAGs
[2025-06-04T03:18:24.413+0000] {logging_mixin.py:190} INFO - [2025-06-04T03:18:24.412+0000] {dag.py:4180} INFO - Setting next_dagrun for run_jar_dag to 2025-06-04 00:00:00+00:00, run_after=2025-06-05 00:00:00+00:00
[2025-06-04T03:18:24.435+0000] {processor.py:208} INFO - Processing /opt/airflow/dags/Sesion5/DAG_Jar.py took 0.117 seconds
[2025-06-04T03:18:54.942+0000] {processor.py:186} INFO - Started process (PID=30327) to work on /opt/airflow/dags/Sesion5/DAG_Jar.py
[2025-06-04T03:18:54.943+0000] {processor.py:914} INFO - Processing file /opt/airflow/dags/Sesion5/DAG_Jar.py for tasks to queue
[2025-06-04T03:18:54.944+0000] {logging_mixin.py:190} INFO - [2025-06-04T03:18:54.944+0000] {dagbag.py:588} INFO - Filling up the DagBag from /opt/airflow/dags/Sesion5/DAG_Jar.py
[2025-06-04T03:18:54.955+0000] {processor.py:925} INFO - DAG(s) 'run_jar_dag' retrieved from /opt/airflow/dags/Sesion5/DAG_Jar.py
[2025-06-04T03:18:54.977+0000] {logging_mixin.py:190} INFO - [2025-06-04T03:18:54.977+0000] {dag.py:3239} INFO - Sync 1 DAGs
[2025-06-04T03:18:55.013+0000] {logging_mixin.py:190} INFO - [2025-06-04T03:18:55.013+0000] {dag.py:4180} INFO - Setting next_dagrun for run_jar_dag to 2025-06-04 00:00:00+00:00, run_after=2025-06-05 00:00:00+00:00
[2025-06-04T03:18:55.034+0000] {processor.py:208} INFO - Processing /opt/airflow/dags/Sesion5/DAG_Jar.py took 0.099 seconds
[2025-06-04T03:19:25.610+0000] {processor.py:186} INFO - Started process (PID=30440) to work on /opt/airflow/dags/Sesion5/DAG_Jar.py
[2025-06-04T03:19:25.612+0000] {processor.py:914} INFO - Processing file /opt/airflow/dags/Sesion5/DAG_Jar.py for tasks to queue
[2025-06-04T03:19:25.613+0000] {logging_mixin.py:190} INFO - [2025-06-04T03:19:25.613+0000] {dagbag.py:588} INFO - Filling up the DagBag from /opt/airflow/dags/Sesion5/DAG_Jar.py
[2025-06-04T03:19:25.624+0000] {processor.py:925} INFO - DAG(s) 'run_jar_dag' retrieved from /opt/airflow/dags/Sesion5/DAG_Jar.py
[2025-06-04T03:19:25.645+0000] {logging_mixin.py:190} INFO - [2025-06-04T03:19:25.645+0000] {dag.py:3239} INFO - Sync 1 DAGs
[2025-06-04T03:19:25.679+0000] {logging_mixin.py:190} INFO - [2025-06-04T03:19:25.679+0000] {dag.py:4180} INFO - Setting next_dagrun for run_jar_dag to 2025-06-04 00:00:00+00:00, run_after=2025-06-05 00:00:00+00:00
[2025-06-04T03:19:25.700+0000] {processor.py:208} INFO - Processing /opt/airflow/dags/Sesion5/DAG_Jar.py took 0.097 seconds
[2025-06-04T03:19:55.939+0000] {processor.py:186} INFO - Started process (PID=30546) to work on /opt/airflow/dags/Sesion5/DAG_Jar.py
[2025-06-04T03:19:55.940+0000] {processor.py:914} INFO - Processing file /opt/airflow/dags/Sesion5/DAG_Jar.py for tasks to queue
[2025-06-04T03:19:55.941+0000] {logging_mixin.py:190} INFO - [2025-06-04T03:19:55.941+0000] {dagbag.py:588} INFO - Filling up the DagBag from /opt/airflow/dags/Sesion5/DAG_Jar.py
[2025-06-04T03:19:55.952+0000] {processor.py:925} INFO - DAG(s) 'run_jar_dag' retrieved from /opt/airflow/dags/Sesion5/DAG_Jar.py
[2025-06-04T03:19:55.973+0000] {logging_mixin.py:190} INFO - [2025-06-04T03:19:55.973+0000] {dag.py:3239} INFO - Sync 1 DAGs
[2025-06-04T03:19:56.006+0000] {logging_mixin.py:190} INFO - [2025-06-04T03:19:56.006+0000] {dag.py:4180} INFO - Setting next_dagrun for run_jar_dag to 2025-06-04 00:00:00+00:00, run_after=2025-06-05 00:00:00+00:00
[2025-06-04T03:19:56.025+0000] {processor.py:208} INFO - Processing /opt/airflow/dags/Sesion5/DAG_Jar.py took 0.093 seconds
[2025-06-04T03:20:26.665+0000] {processor.py:186} INFO - Started process (PID=30655) to work on /opt/airflow/dags/Sesion5/DAG_Jar.py
[2025-06-04T03:20:26.666+0000] {processor.py:914} INFO - Processing file /opt/airflow/dags/Sesion5/DAG_Jar.py for tasks to queue
[2025-06-04T03:20:26.667+0000] {logging_mixin.py:190} INFO - [2025-06-04T03:20:26.667+0000] {dagbag.py:588} INFO - Filling up the DagBag from /opt/airflow/dags/Sesion5/DAG_Jar.py
[2025-06-04T03:20:26.678+0000] {processor.py:925} INFO - DAG(s) 'run_jar_dag' retrieved from /opt/airflow/dags/Sesion5/DAG_Jar.py
[2025-06-04T03:20:26.699+0000] {logging_mixin.py:190} INFO - [2025-06-04T03:20:26.699+0000] {dag.py:3239} INFO - Sync 1 DAGs
[2025-06-04T03:20:26.733+0000] {logging_mixin.py:190} INFO - [2025-06-04T03:20:26.733+0000] {dag.py:4180} INFO - Setting next_dagrun for run_jar_dag to 2025-06-04 00:00:00+00:00, run_after=2025-06-05 00:00:00+00:00
[2025-06-04T03:20:26.753+0000] {processor.py:208} INFO - Processing /opt/airflow/dags/Sesion5/DAG_Jar.py took 0.095 seconds
[2025-06-04T03:20:56.821+0000] {processor.py:186} INFO - Started process (PID=30770) to work on /opt/airflow/dags/Sesion5/DAG_Jar.py
[2025-06-04T03:20:56.822+0000] {processor.py:914} INFO - Processing file /opt/airflow/dags/Sesion5/DAG_Jar.py for tasks to queue
[2025-06-04T03:20:56.823+0000] {logging_mixin.py:190} INFO - [2025-06-04T03:20:56.822+0000] {dagbag.py:588} INFO - Filling up the DagBag from /opt/airflow/dags/Sesion5/DAG_Jar.py
[2025-06-04T03:20:56.831+0000] {processor.py:925} INFO - DAG(s) 'run_jar_dag' retrieved from /opt/airflow/dags/Sesion5/DAG_Jar.py
[2025-06-04T03:20:56.847+0000] {logging_mixin.py:190} INFO - [2025-06-04T03:20:56.846+0000] {dag.py:3239} INFO - Sync 1 DAGs
[2025-06-04T03:20:56.869+0000] {logging_mixin.py:190} INFO - [2025-06-04T03:20:56.869+0000] {dag.py:4180} INFO - Setting next_dagrun for run_jar_dag to 2025-06-04 00:00:00+00:00, run_after=2025-06-05 00:00:00+00:00
[2025-06-04T03:20:56.884+0000] {processor.py:208} INFO - Processing /opt/airflow/dags/Sesion5/DAG_Jar.py took 0.068 seconds
[2025-06-04T03:21:27.308+0000] {processor.py:186} INFO - Started process (PID=30853) to work on /opt/airflow/dags/Sesion5/DAG_Jar.py
[2025-06-04T03:21:27.309+0000] {processor.py:914} INFO - Processing file /opt/airflow/dags/Sesion5/DAG_Jar.py for tasks to queue
[2025-06-04T03:21:27.311+0000] {logging_mixin.py:190} INFO - [2025-06-04T03:21:27.311+0000] {dagbag.py:588} INFO - Filling up the DagBag from /opt/airflow/dags/Sesion5/DAG_Jar.py
[2025-06-04T03:21:27.323+0000] {processor.py:925} INFO - DAG(s) 'run_jar_dag' retrieved from /opt/airflow/dags/Sesion5/DAG_Jar.py
[2025-06-04T03:21:27.343+0000] {logging_mixin.py:190} INFO - [2025-06-04T03:21:27.343+0000] {dag.py:3239} INFO - Sync 1 DAGs
[2025-06-04T03:21:27.376+0000] {logging_mixin.py:190} INFO - [2025-06-04T03:21:27.376+0000] {dag.py:4180} INFO - Setting next_dagrun for run_jar_dag to 2025-06-04 00:00:00+00:00, run_after=2025-06-05 00:00:00+00:00
[2025-06-04T03:21:27.396+0000] {processor.py:208} INFO - Processing /opt/airflow/dags/Sesion5/DAG_Jar.py took 0.095 seconds
[2025-06-04T03:21:57.429+0000] {processor.py:186} INFO - Started process (PID=30968) to work on /opt/airflow/dags/Sesion5/DAG_Jar.py
[2025-06-04T03:21:57.430+0000] {processor.py:914} INFO - Processing file /opt/airflow/dags/Sesion5/DAG_Jar.py for tasks to queue
[2025-06-04T03:21:57.431+0000] {logging_mixin.py:190} INFO - [2025-06-04T03:21:57.430+0000] {dagbag.py:588} INFO - Filling up the DagBag from /opt/airflow/dags/Sesion5/DAG_Jar.py
[2025-06-04T03:21:57.438+0000] {processor.py:925} INFO - DAG(s) 'run_jar_dag' retrieved from /opt/airflow/dags/Sesion5/DAG_Jar.py
[2025-06-04T03:21:57.454+0000] {logging_mixin.py:190} INFO - [2025-06-04T03:21:57.453+0000] {dag.py:3239} INFO - Sync 1 DAGs
[2025-06-04T03:21:57.475+0000] {logging_mixin.py:190} INFO - [2025-06-04T03:21:57.475+0000] {dag.py:4180} INFO - Setting next_dagrun for run_jar_dag to 2025-06-04 00:00:00+00:00, run_after=2025-06-05 00:00:00+00:00
[2025-06-04T03:21:57.491+0000] {processor.py:208} INFO - Processing /opt/airflow/dags/Sesion5/DAG_Jar.py took 0.067 seconds
[2025-06-04T03:22:27.645+0000] {processor.py:186} INFO - Started process (PID=31083) to work on /opt/airflow/dags/Sesion5/DAG_Jar.py
[2025-06-04T03:22:27.646+0000] {processor.py:914} INFO - Processing file /opt/airflow/dags/Sesion5/DAG_Jar.py for tasks to queue
[2025-06-04T03:22:27.647+0000] {logging_mixin.py:190} INFO - [2025-06-04T03:22:27.647+0000] {dagbag.py:588} INFO - Filling up the DagBag from /opt/airflow/dags/Sesion5/DAG_Jar.py
[2025-06-04T03:22:27.654+0000] {processor.py:925} INFO - DAG(s) 'run_jar_dag' retrieved from /opt/airflow/dags/Sesion5/DAG_Jar.py
[2025-06-04T03:22:27.672+0000] {logging_mixin.py:190} INFO - [2025-06-04T03:22:27.671+0000] {dag.py:3239} INFO - Sync 1 DAGs
[2025-06-04T03:22:27.693+0000] {logging_mixin.py:190} INFO - [2025-06-04T03:22:27.693+0000] {dag.py:4180} INFO - Setting next_dagrun for run_jar_dag to 2025-06-04 00:00:00+00:00, run_after=2025-06-05 00:00:00+00:00
[2025-06-04T03:22:27.707+0000] {processor.py:208} INFO - Processing /opt/airflow/dags/Sesion5/DAG_Jar.py took 0.067 seconds
[2025-06-04T03:22:57.918+0000] {processor.py:186} INFO - Started process (PID=31198) to work on /opt/airflow/dags/Sesion5/DAG_Jar.py
[2025-06-04T03:22:57.919+0000] {processor.py:914} INFO - Processing file /opt/airflow/dags/Sesion5/DAG_Jar.py for tasks to queue
[2025-06-04T03:22:57.920+0000] {logging_mixin.py:190} INFO - [2025-06-04T03:22:57.920+0000] {dagbag.py:588} INFO - Filling up the DagBag from /opt/airflow/dags/Sesion5/DAG_Jar.py
[2025-06-04T03:22:57.930+0000] {processor.py:925} INFO - DAG(s) 'run_jar_dag' retrieved from /opt/airflow/dags/Sesion5/DAG_Jar.py
[2025-06-04T03:22:57.948+0000] {logging_mixin.py:190} INFO - [2025-06-04T03:22:57.948+0000] {dag.py:3239} INFO - Sync 1 DAGs
[2025-06-04T03:22:57.969+0000] {logging_mixin.py:190} INFO - [2025-06-04T03:22:57.969+0000] {dag.py:4180} INFO - Setting next_dagrun for run_jar_dag to 2025-06-04 00:00:00+00:00, run_after=2025-06-05 00:00:00+00:00
[2025-06-04T03:22:57.984+0000] {processor.py:208} INFO - Processing /opt/airflow/dags/Sesion5/DAG_Jar.py took 0.071 seconds
[2025-06-04T03:23:28.038+0000] {processor.py:186} INFO - Started process (PID=31313) to work on /opt/airflow/dags/Sesion5/DAG_Jar.py
[2025-06-04T03:23:28.038+0000] {processor.py:914} INFO - Processing file /opt/airflow/dags/Sesion5/DAG_Jar.py for tasks to queue
[2025-06-04T03:23:28.039+0000] {logging_mixin.py:190} INFO - [2025-06-04T03:23:28.039+0000] {dagbag.py:588} INFO - Filling up the DagBag from /opt/airflow/dags/Sesion5/DAG_Jar.py
[2025-06-04T03:23:28.047+0000] {processor.py:925} INFO - DAG(s) 'run_jar_dag' retrieved from /opt/airflow/dags/Sesion5/DAG_Jar.py
[2025-06-04T03:23:28.063+0000] {logging_mixin.py:190} INFO - [2025-06-04T03:23:28.063+0000] {dag.py:3239} INFO - Sync 1 DAGs
[2025-06-04T03:23:28.091+0000] {logging_mixin.py:190} INFO - [2025-06-04T03:23:28.091+0000] {dag.py:4180} INFO - Setting next_dagrun for run_jar_dag to 2025-06-04 00:00:00+00:00, run_after=2025-06-05 00:00:00+00:00
[2025-06-04T03:23:28.107+0000] {processor.py:208} INFO - Processing /opt/airflow/dags/Sesion5/DAG_Jar.py took 0.075 seconds
[2025-06-04T03:23:58.322+0000] {processor.py:186} INFO - Started process (PID=31428) to work on /opt/airflow/dags/Sesion5/DAG_Jar.py
[2025-06-04T03:23:58.323+0000] {processor.py:914} INFO - Processing file /opt/airflow/dags/Sesion5/DAG_Jar.py for tasks to queue
[2025-06-04T03:23:58.325+0000] {logging_mixin.py:190} INFO - [2025-06-04T03:23:58.325+0000] {dagbag.py:588} INFO - Filling up the DagBag from /opt/airflow/dags/Sesion5/DAG_Jar.py
[2025-06-04T03:23:58.336+0000] {processor.py:925} INFO - DAG(s) 'run_jar_dag' retrieved from /opt/airflow/dags/Sesion5/DAG_Jar.py
[2025-06-04T03:23:58.358+0000] {logging_mixin.py:190} INFO - [2025-06-04T03:23:58.358+0000] {dag.py:3239} INFO - Sync 1 DAGs
[2025-06-04T03:23:58.391+0000] {logging_mixin.py:190} INFO - [2025-06-04T03:23:58.391+0000] {dag.py:4180} INFO - Setting next_dagrun for run_jar_dag to 2025-06-04 00:00:00+00:00, run_after=2025-06-05 00:00:00+00:00
[2025-06-04T03:23:58.410+0000] {processor.py:208} INFO - Processing /opt/airflow/dags/Sesion5/DAG_Jar.py took 0.096 seconds
[2025-06-04T03:24:28.636+0000] {processor.py:186} INFO - Started process (PID=31543) to work on /opt/airflow/dags/Sesion5/DAG_Jar.py
[2025-06-04T03:24:28.636+0000] {processor.py:914} INFO - Processing file /opt/airflow/dags/Sesion5/DAG_Jar.py for tasks to queue
[2025-06-04T03:24:28.637+0000] {logging_mixin.py:190} INFO - [2025-06-04T03:24:28.637+0000] {dagbag.py:588} INFO - Filling up the DagBag from /opt/airflow/dags/Sesion5/DAG_Jar.py
[2025-06-04T03:24:28.645+0000] {processor.py:925} INFO - DAG(s) 'run_jar_dag' retrieved from /opt/airflow/dags/Sesion5/DAG_Jar.py
[2025-06-04T03:24:28.662+0000] {logging_mixin.py:190} INFO - [2025-06-04T03:24:28.661+0000] {dag.py:3239} INFO - Sync 1 DAGs
[2025-06-04T03:24:28.685+0000] {logging_mixin.py:190} INFO - [2025-06-04T03:24:28.685+0000] {dag.py:4180} INFO - Setting next_dagrun for run_jar_dag to 2025-06-04 00:00:00+00:00, run_after=2025-06-05 00:00:00+00:00
[2025-06-04T03:24:28.699+0000] {processor.py:208} INFO - Processing /opt/airflow/dags/Sesion5/DAG_Jar.py took 0.071 seconds
[2025-06-04T03:24:58.980+0000] {processor.py:186} INFO - Started process (PID=31658) to work on /opt/airflow/dags/Sesion5/DAG_Jar.py
[2025-06-04T03:24:58.981+0000] {processor.py:914} INFO - Processing file /opt/airflow/dags/Sesion5/DAG_Jar.py for tasks to queue
[2025-06-04T03:24:58.982+0000] {logging_mixin.py:190} INFO - [2025-06-04T03:24:58.982+0000] {dagbag.py:588} INFO - Filling up the DagBag from /opt/airflow/dags/Sesion5/DAG_Jar.py
[2025-06-04T03:24:58.989+0000] {processor.py:925} INFO - DAG(s) 'run_jar_dag' retrieved from /opt/airflow/dags/Sesion5/DAG_Jar.py
[2025-06-04T03:24:59.005+0000] {logging_mixin.py:190} INFO - [2025-06-04T03:24:59.004+0000] {dag.py:3239} INFO - Sync 1 DAGs
[2025-06-04T03:24:59.027+0000] {logging_mixin.py:190} INFO - [2025-06-04T03:24:59.027+0000] {dag.py:4180} INFO - Setting next_dagrun for run_jar_dag to 2025-06-04 00:00:00+00:00, run_after=2025-06-05 00:00:00+00:00
[2025-06-04T03:24:59.042+0000] {processor.py:208} INFO - Processing /opt/airflow/dags/Sesion5/DAG_Jar.py took 0.067 seconds
[2025-06-04T03:25:29.392+0000] {processor.py:186} INFO - Started process (PID=31773) to work on /opt/airflow/dags/Sesion5/DAG_Jar.py
[2025-06-04T03:25:29.393+0000] {processor.py:914} INFO - Processing file /opt/airflow/dags/Sesion5/DAG_Jar.py for tasks to queue
[2025-06-04T03:25:29.394+0000] {logging_mixin.py:190} INFO - [2025-06-04T03:25:29.394+0000] {dagbag.py:588} INFO - Filling up the DagBag from /opt/airflow/dags/Sesion5/DAG_Jar.py
[2025-06-04T03:25:29.402+0000] {processor.py:925} INFO - DAG(s) 'run_jar_dag' retrieved from /opt/airflow/dags/Sesion5/DAG_Jar.py
[2025-06-04T03:25:29.419+0000] {logging_mixin.py:190} INFO - [2025-06-04T03:25:29.419+0000] {dag.py:3239} INFO - Sync 1 DAGs
[2025-06-04T03:25:29.441+0000] {logging_mixin.py:190} INFO - [2025-06-04T03:25:29.441+0000] {dag.py:4180} INFO - Setting next_dagrun for run_jar_dag to 2025-06-04 00:00:00+00:00, run_after=2025-06-05 00:00:00+00:00
[2025-06-04T03:25:29.454+0000] {processor.py:208} INFO - Processing /opt/airflow/dags/Sesion5/DAG_Jar.py took 0.069 seconds
[2025-06-04T03:25:59.785+0000] {processor.py:186} INFO - Started process (PID=31888) to work on /opt/airflow/dags/Sesion5/DAG_Jar.py
[2025-06-04T03:25:59.786+0000] {processor.py:914} INFO - Processing file /opt/airflow/dags/Sesion5/DAG_Jar.py for tasks to queue
[2025-06-04T03:25:59.787+0000] {logging_mixin.py:190} INFO - [2025-06-04T03:25:59.787+0000] {dagbag.py:588} INFO - Filling up the DagBag from /opt/airflow/dags/Sesion5/DAG_Jar.py
[2025-06-04T03:25:59.794+0000] {processor.py:925} INFO - DAG(s) 'run_jar_dag' retrieved from /opt/airflow/dags/Sesion5/DAG_Jar.py
[2025-06-04T03:25:59.808+0000] {logging_mixin.py:190} INFO - [2025-06-04T03:25:59.808+0000] {dag.py:3239} INFO - Sync 1 DAGs
[2025-06-04T03:25:59.829+0000] {logging_mixin.py:190} INFO - [2025-06-04T03:25:59.829+0000] {dag.py:4180} INFO - Setting next_dagrun for run_jar_dag to 2025-06-04 00:00:00+00:00, run_after=2025-06-05 00:00:00+00:00
[2025-06-04T03:25:59.843+0000] {processor.py:208} INFO - Processing /opt/airflow/dags/Sesion5/DAG_Jar.py took 0.065 seconds
[2025-06-04T03:26:30.232+0000] {processor.py:186} INFO - Started process (PID=32003) to work on /opt/airflow/dags/Sesion5/DAG_Jar.py
[2025-06-04T03:26:30.232+0000] {processor.py:914} INFO - Processing file /opt/airflow/dags/Sesion5/DAG_Jar.py for tasks to queue
[2025-06-04T03:26:30.233+0000] {logging_mixin.py:190} INFO - [2025-06-04T03:26:30.233+0000] {dagbag.py:588} INFO - Filling up the DagBag from /opt/airflow/dags/Sesion5/DAG_Jar.py
[2025-06-04T03:26:30.241+0000] {processor.py:925} INFO - DAG(s) 'run_jar_dag' retrieved from /opt/airflow/dags/Sesion5/DAG_Jar.py
[2025-06-04T03:26:30.256+0000] {logging_mixin.py:190} INFO - [2025-06-04T03:26:30.256+0000] {dag.py:3239} INFO - Sync 1 DAGs
[2025-06-04T03:26:30.279+0000] {logging_mixin.py:190} INFO - [2025-06-04T03:26:30.279+0000] {dag.py:4180} INFO - Setting next_dagrun for run_jar_dag to 2025-06-04 00:00:00+00:00, run_after=2025-06-05 00:00:00+00:00
[2025-06-04T03:26:30.294+0000] {processor.py:208} INFO - Processing /opt/airflow/dags/Sesion5/DAG_Jar.py took 0.068 seconds
[2025-06-04T03:27:00.550+0000] {processor.py:186} INFO - Started process (PID=32118) to work on /opt/airflow/dags/Sesion5/DAG_Jar.py
[2025-06-04T03:27:00.551+0000] {processor.py:914} INFO - Processing file /opt/airflow/dags/Sesion5/DAG_Jar.py for tasks to queue
[2025-06-04T03:27:00.552+0000] {logging_mixin.py:190} INFO - [2025-06-04T03:27:00.552+0000] {dagbag.py:588} INFO - Filling up the DagBag from /opt/airflow/dags/Sesion5/DAG_Jar.py
[2025-06-04T03:27:00.560+0000] {processor.py:925} INFO - DAG(s) 'run_jar_dag' retrieved from /opt/airflow/dags/Sesion5/DAG_Jar.py
[2025-06-04T03:27:00.574+0000] {logging_mixin.py:190} INFO - [2025-06-04T03:27:00.574+0000] {dag.py:3239} INFO - Sync 1 DAGs
[2025-06-04T03:27:00.598+0000] {logging_mixin.py:190} INFO - [2025-06-04T03:27:00.597+0000] {dag.py:4180} INFO - Setting next_dagrun for run_jar_dag to 2025-06-04 00:00:00+00:00, run_after=2025-06-05 00:00:00+00:00
[2025-06-04T03:27:00.611+0000] {processor.py:208} INFO - Processing /opt/airflow/dags/Sesion5/DAG_Jar.py took 0.066 seconds
[2025-06-04T03:27:30.780+0000] {processor.py:186} INFO - Started process (PID=32233) to work on /opt/airflow/dags/Sesion5/DAG_Jar.py
[2025-06-04T03:27:30.781+0000] {processor.py:914} INFO - Processing file /opt/airflow/dags/Sesion5/DAG_Jar.py for tasks to queue
[2025-06-04T03:27:30.782+0000] {logging_mixin.py:190} INFO - [2025-06-04T03:27:30.781+0000] {dagbag.py:588} INFO - Filling up the DagBag from /opt/airflow/dags/Sesion5/DAG_Jar.py
[2025-06-04T03:27:30.789+0000] {processor.py:925} INFO - DAG(s) 'run_jar_dag' retrieved from /opt/airflow/dags/Sesion5/DAG_Jar.py
[2025-06-04T03:27:30.806+0000] {logging_mixin.py:190} INFO - [2025-06-04T03:27:30.806+0000] {dag.py:3239} INFO - Sync 1 DAGs
[2025-06-04T03:27:30.829+0000] {logging_mixin.py:190} INFO - [2025-06-04T03:27:30.829+0000] {dag.py:4180} INFO - Setting next_dagrun for run_jar_dag to 2025-06-04 00:00:00+00:00, run_after=2025-06-05 00:00:00+00:00
[2025-06-04T03:27:30.844+0000] {processor.py:208} INFO - Processing /opt/airflow/dags/Sesion5/DAG_Jar.py took 0.069 seconds
[2025-06-04T03:28:01.065+0000] {processor.py:186} INFO - Started process (PID=32348) to work on /opt/airflow/dags/Sesion5/DAG_Jar.py
[2025-06-04T03:28:01.065+0000] {processor.py:914} INFO - Processing file /opt/airflow/dags/Sesion5/DAG_Jar.py for tasks to queue
[2025-06-04T03:28:01.066+0000] {logging_mixin.py:190} INFO - [2025-06-04T03:28:01.066+0000] {dagbag.py:588} INFO - Filling up the DagBag from /opt/airflow/dags/Sesion5/DAG_Jar.py
[2025-06-04T03:28:01.074+0000] {processor.py:925} INFO - DAG(s) 'run_jar_dag' retrieved from /opt/airflow/dags/Sesion5/DAG_Jar.py
[2025-06-04T03:28:01.089+0000] {logging_mixin.py:190} INFO - [2025-06-04T03:28:01.089+0000] {dag.py:3239} INFO - Sync 1 DAGs
[2025-06-04T03:28:01.111+0000] {logging_mixin.py:190} INFO - [2025-06-04T03:28:01.111+0000] {dag.py:4180} INFO - Setting next_dagrun for run_jar_dag to 2025-06-04 00:00:00+00:00, run_after=2025-06-05 00:00:00+00:00
[2025-06-04T03:28:01.124+0000] {processor.py:208} INFO - Processing /opt/airflow/dags/Sesion5/DAG_Jar.py took 0.065 seconds
[2025-06-04T03:28:31.389+0000] {processor.py:186} INFO - Started process (PID=32463) to work on /opt/airflow/dags/Sesion5/DAG_Jar.py
[2025-06-04T03:28:31.390+0000] {processor.py:914} INFO - Processing file /opt/airflow/dags/Sesion5/DAG_Jar.py for tasks to queue
[2025-06-04T03:28:31.391+0000] {logging_mixin.py:190} INFO - [2025-06-04T03:28:31.391+0000] {dagbag.py:588} INFO - Filling up the DagBag from /opt/airflow/dags/Sesion5/DAG_Jar.py
[2025-06-04T03:28:31.399+0000] {processor.py:925} INFO - DAG(s) 'run_jar_dag' retrieved from /opt/airflow/dags/Sesion5/DAG_Jar.py
[2025-06-04T03:28:31.414+0000] {logging_mixin.py:190} INFO - [2025-06-04T03:28:31.413+0000] {dag.py:3239} INFO - Sync 1 DAGs
[2025-06-04T03:28:31.435+0000] {logging_mixin.py:190} INFO - [2025-06-04T03:28:31.434+0000] {dag.py:4180} INFO - Setting next_dagrun for run_jar_dag to 2025-06-04 00:00:00+00:00, run_after=2025-06-05 00:00:00+00:00
[2025-06-04T03:28:31.448+0000] {processor.py:208} INFO - Processing /opt/airflow/dags/Sesion5/DAG_Jar.py took 0.064 seconds
[2025-06-04T03:29:01.715+0000] {processor.py:186} INFO - Started process (PID=32578) to work on /opt/airflow/dags/Sesion5/DAG_Jar.py
[2025-06-04T03:29:01.716+0000] {processor.py:914} INFO - Processing file /opt/airflow/dags/Sesion5/DAG_Jar.py for tasks to queue
[2025-06-04T03:29:01.717+0000] {logging_mixin.py:190} INFO - [2025-06-04T03:29:01.716+0000] {dagbag.py:588} INFO - Filling up the DagBag from /opt/airflow/dags/Sesion5/DAG_Jar.py
[2025-06-04T03:29:01.724+0000] {processor.py:925} INFO - DAG(s) 'run_jar_dag' retrieved from /opt/airflow/dags/Sesion5/DAG_Jar.py
[2025-06-04T03:29:01.740+0000] {logging_mixin.py:190} INFO - [2025-06-04T03:29:01.739+0000] {dag.py:3239} INFO - Sync 1 DAGs
[2025-06-04T03:29:01.761+0000] {logging_mixin.py:190} INFO - [2025-06-04T03:29:01.761+0000] {dag.py:4180} INFO - Setting next_dagrun for run_jar_dag to 2025-06-04 00:00:00+00:00, run_after=2025-06-05 00:00:00+00:00
[2025-06-04T03:29:01.775+0000] {processor.py:208} INFO - Processing /opt/airflow/dags/Sesion5/DAG_Jar.py took 0.066 seconds
[2025-06-04T03:29:32.433+0000] {processor.py:186} INFO - Started process (PID=32693) to work on /opt/airflow/dags/Sesion5/DAG_Jar.py
[2025-06-04T03:29:32.434+0000] {processor.py:914} INFO - Processing file /opt/airflow/dags/Sesion5/DAG_Jar.py for tasks to queue
[2025-06-04T03:29:32.435+0000] {logging_mixin.py:190} INFO - [2025-06-04T03:29:32.435+0000] {dagbag.py:588} INFO - Filling up the DagBag from /opt/airflow/dags/Sesion5/DAG_Jar.py
[2025-06-04T03:29:32.443+0000] {processor.py:925} INFO - DAG(s) 'run_jar_dag' retrieved from /opt/airflow/dags/Sesion5/DAG_Jar.py
[2025-06-04T03:29:32.458+0000] {logging_mixin.py:190} INFO - [2025-06-04T03:29:32.458+0000] {dag.py:3239} INFO - Sync 1 DAGs
[2025-06-04T03:29:32.481+0000] {logging_mixin.py:190} INFO - [2025-06-04T03:29:32.480+0000] {dag.py:4180} INFO - Setting next_dagrun for run_jar_dag to 2025-06-04 00:00:00+00:00, run_after=2025-06-05 00:00:00+00:00
[2025-06-04T03:29:32.495+0000] {processor.py:208} INFO - Processing /opt/airflow/dags/Sesion5/DAG_Jar.py took 0.067 seconds
[2025-06-04T03:30:02.805+0000] {processor.py:186} INFO - Started process (PID=32808) to work on /opt/airflow/dags/Sesion5/DAG_Jar.py
[2025-06-04T03:30:02.805+0000] {processor.py:914} INFO - Processing file /opt/airflow/dags/Sesion5/DAG_Jar.py for tasks to queue
[2025-06-04T03:30:02.806+0000] {logging_mixin.py:190} INFO - [2025-06-04T03:30:02.806+0000] {dagbag.py:588} INFO - Filling up the DagBag from /opt/airflow/dags/Sesion5/DAG_Jar.py
[2025-06-04T03:30:02.814+0000] {processor.py:925} INFO - DAG(s) 'run_jar_dag' retrieved from /opt/airflow/dags/Sesion5/DAG_Jar.py
[2025-06-04T03:30:02.831+0000] {logging_mixin.py:190} INFO - [2025-06-04T03:30:02.831+0000] {dag.py:3239} INFO - Sync 1 DAGs
[2025-06-04T03:30:02.854+0000] {logging_mixin.py:190} INFO - [2025-06-04T03:30:02.854+0000] {dag.py:4180} INFO - Setting next_dagrun for run_jar_dag to 2025-06-04 00:00:00+00:00, run_after=2025-06-05 00:00:00+00:00
[2025-06-04T03:30:02.870+0000] {processor.py:208} INFO - Processing /opt/airflow/dags/Sesion5/DAG_Jar.py took 0.070 seconds
[2025-06-04T03:30:33.290+0000] {processor.py:186} INFO - Started process (PID=32923) to work on /opt/airflow/dags/Sesion5/DAG_Jar.py
[2025-06-04T03:30:33.291+0000] {processor.py:914} INFO - Processing file /opt/airflow/dags/Sesion5/DAG_Jar.py for tasks to queue
[2025-06-04T03:30:33.292+0000] {logging_mixin.py:190} INFO - [2025-06-04T03:30:33.292+0000] {dagbag.py:588} INFO - Filling up the DagBag from /opt/airflow/dags/Sesion5/DAG_Jar.py
[2025-06-04T03:30:33.299+0000] {processor.py:925} INFO - DAG(s) 'run_jar_dag' retrieved from /opt/airflow/dags/Sesion5/DAG_Jar.py
[2025-06-04T03:30:33.315+0000] {logging_mixin.py:190} INFO - [2025-06-04T03:30:33.315+0000] {dag.py:3239} INFO - Sync 1 DAGs
[2025-06-04T03:30:33.338+0000] {logging_mixin.py:190} INFO - [2025-06-04T03:30:33.338+0000] {dag.py:4180} INFO - Setting next_dagrun for run_jar_dag to 2025-06-04 00:00:00+00:00, run_after=2025-06-05 00:00:00+00:00
[2025-06-04T03:30:33.353+0000] {processor.py:208} INFO - Processing /opt/airflow/dags/Sesion5/DAG_Jar.py took 0.069 seconds
[2025-06-04T03:31:03.961+0000] {processor.py:186} INFO - Started process (PID=33038) to work on /opt/airflow/dags/Sesion5/DAG_Jar.py
[2025-06-04T03:31:03.961+0000] {processor.py:914} INFO - Processing file /opt/airflow/dags/Sesion5/DAG_Jar.py for tasks to queue
[2025-06-04T03:31:03.962+0000] {logging_mixin.py:190} INFO - [2025-06-04T03:31:03.962+0000] {dagbag.py:588} INFO - Filling up the DagBag from /opt/airflow/dags/Sesion5/DAG_Jar.py
[2025-06-04T03:31:03.970+0000] {processor.py:925} INFO - DAG(s) 'run_jar_dag' retrieved from /opt/airflow/dags/Sesion5/DAG_Jar.py
[2025-06-04T03:31:03.985+0000] {logging_mixin.py:190} INFO - [2025-06-04T03:31:03.985+0000] {dag.py:3239} INFO - Sync 1 DAGs
[2025-06-04T03:31:04.007+0000] {logging_mixin.py:190} INFO - [2025-06-04T03:31:04.007+0000] {dag.py:4180} INFO - Setting next_dagrun for run_jar_dag to 2025-06-04 00:00:00+00:00, run_after=2025-06-05 00:00:00+00:00
[2025-06-04T03:31:04.022+0000] {processor.py:208} INFO - Processing /opt/airflow/dags/Sesion5/DAG_Jar.py took 0.068 seconds
[2025-06-04T03:31:34.816+0000] {processor.py:186} INFO - Started process (PID=33153) to work on /opt/airflow/dags/Sesion5/DAG_Jar.py
[2025-06-04T03:31:34.817+0000] {processor.py:914} INFO - Processing file /opt/airflow/dags/Sesion5/DAG_Jar.py for tasks to queue
[2025-06-04T03:31:34.818+0000] {logging_mixin.py:190} INFO - [2025-06-04T03:31:34.818+0000] {dagbag.py:588} INFO - Filling up the DagBag from /opt/airflow/dags/Sesion5/DAG_Jar.py
[2025-06-04T03:31:34.825+0000] {processor.py:925} INFO - DAG(s) 'run_jar_dag' retrieved from /opt/airflow/dags/Sesion5/DAG_Jar.py
[2025-06-04T03:31:34.842+0000] {logging_mixin.py:190} INFO - [2025-06-04T03:31:34.842+0000] {dag.py:3239} INFO - Sync 1 DAGs
[2025-06-04T03:31:34.865+0000] {logging_mixin.py:190} INFO - [2025-06-04T03:31:34.864+0000] {dag.py:4180} INFO - Setting next_dagrun for run_jar_dag to 2025-06-04 00:00:00+00:00, run_after=2025-06-05 00:00:00+00:00
[2025-06-04T03:31:34.881+0000] {processor.py:208} INFO - Processing /opt/airflow/dags/Sesion5/DAG_Jar.py took 0.071 seconds
[2025-06-04T03:32:05.488+0000] {processor.py:186} INFO - Started process (PID=33268) to work on /opt/airflow/dags/Sesion5/DAG_Jar.py
[2025-06-04T03:32:05.488+0000] {processor.py:914} INFO - Processing file /opt/airflow/dags/Sesion5/DAG_Jar.py for tasks to queue
[2025-06-04T03:32:05.489+0000] {logging_mixin.py:190} INFO - [2025-06-04T03:32:05.489+0000] {dagbag.py:588} INFO - Filling up the DagBag from /opt/airflow/dags/Sesion5/DAG_Jar.py
[2025-06-04T03:32:05.497+0000] {processor.py:925} INFO - DAG(s) 'run_jar_dag' retrieved from /opt/airflow/dags/Sesion5/DAG_Jar.py
[2025-06-04T03:32:05.513+0000] {logging_mixin.py:190} INFO - [2025-06-04T03:32:05.513+0000] {dag.py:3239} INFO - Sync 1 DAGs
[2025-06-04T03:32:05.536+0000] {logging_mixin.py:190} INFO - [2025-06-04T03:32:05.536+0000] {dag.py:4180} INFO - Setting next_dagrun for run_jar_dag to 2025-06-04 00:00:00+00:00, run_after=2025-06-05 00:00:00+00:00
[2025-06-04T03:32:05.551+0000] {processor.py:208} INFO - Processing /opt/airflow/dags/Sesion5/DAG_Jar.py took 0.069 seconds
[2025-06-04T03:32:36.336+0000] {processor.py:186} INFO - Started process (PID=33383) to work on /opt/airflow/dags/Sesion5/DAG_Jar.py
[2025-06-04T03:32:36.337+0000] {processor.py:914} INFO - Processing file /opt/airflow/dags/Sesion5/DAG_Jar.py for tasks to queue
[2025-06-04T03:32:36.338+0000] {logging_mixin.py:190} INFO - [2025-06-04T03:32:36.338+0000] {dagbag.py:588} INFO - Filling up the DagBag from /opt/airflow/dags/Sesion5/DAG_Jar.py
[2025-06-04T03:32:36.345+0000] {processor.py:925} INFO - DAG(s) 'run_jar_dag' retrieved from /opt/airflow/dags/Sesion5/DAG_Jar.py
[2025-06-04T03:32:36.359+0000] {logging_mixin.py:190} INFO - [2025-06-04T03:32:36.359+0000] {dag.py:3239} INFO - Sync 1 DAGs
[2025-06-04T03:32:36.381+0000] {logging_mixin.py:190} INFO - [2025-06-04T03:32:36.381+0000] {dag.py:4180} INFO - Setting next_dagrun for run_jar_dag to 2025-06-04 00:00:00+00:00, run_after=2025-06-05 00:00:00+00:00
[2025-06-04T03:32:36.395+0000] {processor.py:208} INFO - Processing /opt/airflow/dags/Sesion5/DAG_Jar.py took 0.065 seconds
[2025-06-04T03:33:07.162+0000] {processor.py:186} INFO - Started process (PID=33498) to work on /opt/airflow/dags/Sesion5/DAG_Jar.py
[2025-06-04T03:33:07.162+0000] {processor.py:914} INFO - Processing file /opt/airflow/dags/Sesion5/DAG_Jar.py for tasks to queue
[2025-06-04T03:33:07.163+0000] {logging_mixin.py:190} INFO - [2025-06-04T03:33:07.163+0000] {dagbag.py:588} INFO - Filling up the DagBag from /opt/airflow/dags/Sesion5/DAG_Jar.py
[2025-06-04T03:33:07.170+0000] {processor.py:925} INFO - DAG(s) 'run_jar_dag' retrieved from /opt/airflow/dags/Sesion5/DAG_Jar.py
[2025-06-04T03:33:07.185+0000] {logging_mixin.py:190} INFO - [2025-06-04T03:33:07.185+0000] {dag.py:3239} INFO - Sync 1 DAGs
[2025-06-04T03:33:07.206+0000] {logging_mixin.py:190} INFO - [2025-06-04T03:33:07.206+0000] {dag.py:4180} INFO - Setting next_dagrun for run_jar_dag to 2025-06-04 00:00:00+00:00, run_after=2025-06-05 00:00:00+00:00
[2025-06-04T03:33:07.220+0000] {processor.py:208} INFO - Processing /opt/airflow/dags/Sesion5/DAG_Jar.py took 0.065 seconds
[2025-06-04T03:33:37.775+0000] {processor.py:186} INFO - Started process (PID=33613) to work on /opt/airflow/dags/Sesion5/DAG_Jar.py
[2025-06-04T03:33:37.775+0000] {processor.py:914} INFO - Processing file /opt/airflow/dags/Sesion5/DAG_Jar.py for tasks to queue
[2025-06-04T03:33:37.777+0000] {logging_mixin.py:190} INFO - [2025-06-04T03:33:37.776+0000] {dagbag.py:588} INFO - Filling up the DagBag from /opt/airflow/dags/Sesion5/DAG_Jar.py
[2025-06-04T03:33:37.784+0000] {processor.py:925} INFO - DAG(s) 'run_jar_dag' retrieved from /opt/airflow/dags/Sesion5/DAG_Jar.py
[2025-06-04T03:33:37.801+0000] {logging_mixin.py:190} INFO - [2025-06-04T03:33:37.801+0000] {dag.py:3239} INFO - Sync 1 DAGs
[2025-06-04T03:33:37.824+0000] {logging_mixin.py:190} INFO - [2025-06-04T03:33:37.824+0000] {dag.py:4180} INFO - Setting next_dagrun for run_jar_dag to 2025-06-04 00:00:00+00:00, run_after=2025-06-05 00:00:00+00:00
[2025-06-04T03:33:37.840+0000] {processor.py:208} INFO - Processing /opt/airflow/dags/Sesion5/DAG_Jar.py took 0.074 seconds
[2025-06-04T03:34:08.348+0000] {processor.py:186} INFO - Started process (PID=33728) to work on /opt/airflow/dags/Sesion5/DAG_Jar.py
[2025-06-04T03:34:08.348+0000] {processor.py:914} INFO - Processing file /opt/airflow/dags/Sesion5/DAG_Jar.py for tasks to queue
[2025-06-04T03:34:08.349+0000] {logging_mixin.py:190} INFO - [2025-06-04T03:34:08.349+0000] {dagbag.py:588} INFO - Filling up the DagBag from /opt/airflow/dags/Sesion5/DAG_Jar.py
[2025-06-04T03:34:08.356+0000] {processor.py:925} INFO - DAG(s) 'run_jar_dag' retrieved from /opt/airflow/dags/Sesion5/DAG_Jar.py
[2025-06-04T03:34:08.372+0000] {logging_mixin.py:190} INFO - [2025-06-04T03:34:08.371+0000] {dag.py:3239} INFO - Sync 1 DAGs
[2025-06-04T03:34:08.394+0000] {logging_mixin.py:190} INFO - [2025-06-04T03:34:08.394+0000] {dag.py:4180} INFO - Setting next_dagrun for run_jar_dag to 2025-06-04 00:00:00+00:00, run_after=2025-06-05 00:00:00+00:00
[2025-06-04T03:34:08.408+0000] {processor.py:208} INFO - Processing /opt/airflow/dags/Sesion5/DAG_Jar.py took 0.066 seconds
[2025-06-04T03:34:38.992+0000] {processor.py:186} INFO - Started process (PID=33843) to work on /opt/airflow/dags/Sesion5/DAG_Jar.py
[2025-06-04T03:34:38.993+0000] {processor.py:914} INFO - Processing file /opt/airflow/dags/Sesion5/DAG_Jar.py for tasks to queue
[2025-06-04T03:34:38.994+0000] {logging_mixin.py:190} INFO - [2025-06-04T03:34:38.994+0000] {dagbag.py:588} INFO - Filling up the DagBag from /opt/airflow/dags/Sesion5/DAG_Jar.py
[2025-06-04T03:34:39.002+0000] {processor.py:925} INFO - DAG(s) 'run_jar_dag' retrieved from /opt/airflow/dags/Sesion5/DAG_Jar.py
[2025-06-04T03:34:39.018+0000] {logging_mixin.py:190} INFO - [2025-06-04T03:34:39.018+0000] {dag.py:3239} INFO - Sync 1 DAGs
[2025-06-04T03:34:39.041+0000] {logging_mixin.py:190} INFO - [2025-06-04T03:34:39.041+0000] {dag.py:4180} INFO - Setting next_dagrun for run_jar_dag to 2025-06-04 00:00:00+00:00, run_after=2025-06-05 00:00:00+00:00
[2025-06-04T03:34:39.057+0000] {processor.py:208} INFO - Processing /opt/airflow/dags/Sesion5/DAG_Jar.py took 0.071 seconds
[2025-06-04T03:35:09.760+0000] {processor.py:186} INFO - Started process (PID=33958) to work on /opt/airflow/dags/Sesion5/DAG_Jar.py
[2025-06-04T03:35:09.761+0000] {processor.py:914} INFO - Processing file /opt/airflow/dags/Sesion5/DAG_Jar.py for tasks to queue
[2025-06-04T03:35:09.762+0000] {logging_mixin.py:190} INFO - [2025-06-04T03:35:09.762+0000] {dagbag.py:588} INFO - Filling up the DagBag from /opt/airflow/dags/Sesion5/DAG_Jar.py
[2025-06-04T03:35:09.769+0000] {processor.py:925} INFO - DAG(s) 'run_jar_dag' retrieved from /opt/airflow/dags/Sesion5/DAG_Jar.py
[2025-06-04T03:35:09.785+0000] {logging_mixin.py:190} INFO - [2025-06-04T03:35:09.785+0000] {dag.py:3239} INFO - Sync 1 DAGs
[2025-06-04T03:35:09.808+0000] {logging_mixin.py:190} INFO - [2025-06-04T03:35:09.808+0000] {dag.py:4180} INFO - Setting next_dagrun for run_jar_dag to 2025-06-04 00:00:00+00:00, run_after=2025-06-05 00:00:00+00:00
[2025-06-04T03:35:09.823+0000] {processor.py:208} INFO - Processing /opt/airflow/dags/Sesion5/DAG_Jar.py took 0.068 seconds
[2025-06-04T03:35:40.464+0000] {processor.py:186} INFO - Started process (PID=34073) to work on /opt/airflow/dags/Sesion5/DAG_Jar.py
[2025-06-04T03:35:40.464+0000] {processor.py:914} INFO - Processing file /opt/airflow/dags/Sesion5/DAG_Jar.py for tasks to queue
[2025-06-04T03:35:40.465+0000] {logging_mixin.py:190} INFO - [2025-06-04T03:35:40.465+0000] {dagbag.py:588} INFO - Filling up the DagBag from /opt/airflow/dags/Sesion5/DAG_Jar.py
[2025-06-04T03:35:40.474+0000] {processor.py:925} INFO - DAG(s) 'run_jar_dag' retrieved from /opt/airflow/dags/Sesion5/DAG_Jar.py
[2025-06-04T03:35:40.494+0000] {logging_mixin.py:190} INFO - [2025-06-04T03:35:40.494+0000] {dag.py:3239} INFO - Sync 1 DAGs
[2025-06-04T03:35:40.530+0000] {logging_mixin.py:190} INFO - [2025-06-04T03:35:40.530+0000] {dag.py:4180} INFO - Setting next_dagrun for run_jar_dag to 2025-06-04 00:00:00+00:00, run_after=2025-06-05 00:00:00+00:00
[2025-06-04T03:35:40.553+0000] {processor.py:208} INFO - Processing /opt/airflow/dags/Sesion5/DAG_Jar.py took 0.095 seconds
[2025-06-04T03:36:11.130+0000] {processor.py:186} INFO - Started process (PID=34188) to work on /opt/airflow/dags/Sesion5/DAG_Jar.py
[2025-06-04T03:36:11.131+0000] {processor.py:914} INFO - Processing file /opt/airflow/dags/Sesion5/DAG_Jar.py for tasks to queue
[2025-06-04T03:36:11.132+0000] {logging_mixin.py:190} INFO - [2025-06-04T03:36:11.131+0000] {dagbag.py:588} INFO - Filling up the DagBag from /opt/airflow/dags/Sesion5/DAG_Jar.py
[2025-06-04T03:36:11.139+0000] {processor.py:925} INFO - DAG(s) 'run_jar_dag' retrieved from /opt/airflow/dags/Sesion5/DAG_Jar.py
[2025-06-04T03:36:11.153+0000] {logging_mixin.py:190} INFO - [2025-06-04T03:36:11.153+0000] {dag.py:3239} INFO - Sync 1 DAGs
[2025-06-04T03:36:11.175+0000] {logging_mixin.py:190} INFO - [2025-06-04T03:36:11.175+0000] {dag.py:4180} INFO - Setting next_dagrun for run_jar_dag to 2025-06-04 00:00:00+00:00, run_after=2025-06-05 00:00:00+00:00
[2025-06-04T03:36:11.190+0000] {processor.py:208} INFO - Processing /opt/airflow/dags/Sesion5/DAG_Jar.py took 0.067 seconds
[2025-06-04T03:36:41.352+0000] {processor.py:186} INFO - Started process (PID=34303) to work on /opt/airflow/dags/Sesion5/DAG_Jar.py
[2025-06-04T03:36:41.353+0000] {processor.py:914} INFO - Processing file /opt/airflow/dags/Sesion5/DAG_Jar.py for tasks to queue
[2025-06-04T03:36:41.354+0000] {logging_mixin.py:190} INFO - [2025-06-04T03:36:41.354+0000] {dagbag.py:588} INFO - Filling up the DagBag from /opt/airflow/dags/Sesion5/DAG_Jar.py
[2025-06-04T03:36:41.362+0000] {processor.py:925} INFO - DAG(s) 'run_jar_dag' retrieved from /opt/airflow/dags/Sesion5/DAG_Jar.py
[2025-06-04T03:36:41.378+0000] {logging_mixin.py:190} INFO - [2025-06-04T03:36:41.377+0000] {dag.py:3239} INFO - Sync 1 DAGs
[2025-06-04T03:36:41.400+0000] {logging_mixin.py:190} INFO - [2025-06-04T03:36:41.400+0000] {dag.py:4180} INFO - Setting next_dagrun for run_jar_dag to 2025-06-04 00:00:00+00:00, run_after=2025-06-05 00:00:00+00:00
[2025-06-04T03:36:41.414+0000] {processor.py:208} INFO - Processing /opt/airflow/dags/Sesion5/DAG_Jar.py took 0.068 seconds
[2025-06-04T03:37:11.535+0000] {processor.py:186} INFO - Started process (PID=34418) to work on /opt/airflow/dags/Sesion5/DAG_Jar.py
[2025-06-04T03:37:11.536+0000] {processor.py:914} INFO - Processing file /opt/airflow/dags/Sesion5/DAG_Jar.py for tasks to queue
[2025-06-04T03:37:11.537+0000] {logging_mixin.py:190} INFO - [2025-06-04T03:37:11.537+0000] {dagbag.py:588} INFO - Filling up the DagBag from /opt/airflow/dags/Sesion5/DAG_Jar.py
[2025-06-04T03:37:11.545+0000] {processor.py:925} INFO - DAG(s) 'run_jar_dag' retrieved from /opt/airflow/dags/Sesion5/DAG_Jar.py
[2025-06-04T03:37:11.559+0000] {logging_mixin.py:190} INFO - [2025-06-04T03:37:11.559+0000] {dag.py:3239} INFO - Sync 1 DAGs
[2025-06-04T03:37:11.581+0000] {logging_mixin.py:190} INFO - [2025-06-04T03:37:11.580+0000] {dag.py:4180} INFO - Setting next_dagrun for run_jar_dag to 2025-06-04 00:00:00+00:00, run_after=2025-06-05 00:00:00+00:00
[2025-06-04T03:37:11.595+0000] {processor.py:208} INFO - Processing /opt/airflow/dags/Sesion5/DAG_Jar.py took 0.065 seconds
[2025-06-04T03:37:41.866+0000] {processor.py:186} INFO - Started process (PID=34533) to work on /opt/airflow/dags/Sesion5/DAG_Jar.py
[2025-06-04T03:37:41.868+0000] {processor.py:914} INFO - Processing file /opt/airflow/dags/Sesion5/DAG_Jar.py for tasks to queue
[2025-06-04T03:37:41.870+0000] {logging_mixin.py:190} INFO - [2025-06-04T03:37:41.870+0000] {dagbag.py:588} INFO - Filling up the DagBag from /opt/airflow/dags/Sesion5/DAG_Jar.py
[2025-06-04T03:37:41.880+0000] {processor.py:925} INFO - DAG(s) 'run_jar_dag' retrieved from /opt/airflow/dags/Sesion5/DAG_Jar.py
[2025-06-04T03:37:41.901+0000] {logging_mixin.py:190} INFO - [2025-06-04T03:37:41.900+0000] {dag.py:3239} INFO - Sync 1 DAGs
[2025-06-04T03:37:41.923+0000] {logging_mixin.py:190} INFO - [2025-06-04T03:37:41.923+0000] {dag.py:4180} INFO - Setting next_dagrun for run_jar_dag to 2025-06-04 00:00:00+00:00, run_after=2025-06-05 00:00:00+00:00
[2025-06-04T03:37:41.938+0000] {processor.py:208} INFO - Processing /opt/airflow/dags/Sesion5/DAG_Jar.py took 0.079 seconds
[2025-06-04T03:38:12.007+0000] {processor.py:186} INFO - Started process (PID=34648) to work on /opt/airflow/dags/Sesion5/DAG_Jar.py
[2025-06-04T03:38:12.007+0000] {processor.py:914} INFO - Processing file /opt/airflow/dags/Sesion5/DAG_Jar.py for tasks to queue
[2025-06-04T03:38:12.009+0000] {logging_mixin.py:190} INFO - [2025-06-04T03:38:12.008+0000] {dagbag.py:588} INFO - Filling up the DagBag from /opt/airflow/dags/Sesion5/DAG_Jar.py
[2025-06-04T03:38:12.016+0000] {processor.py:925} INFO - DAG(s) 'run_jar_dag' retrieved from /opt/airflow/dags/Sesion5/DAG_Jar.py
[2025-06-04T03:38:12.034+0000] {logging_mixin.py:190} INFO - [2025-06-04T03:38:12.034+0000] {dag.py:3239} INFO - Sync 1 DAGs
[2025-06-04T03:38:12.067+0000] {logging_mixin.py:190} INFO - [2025-06-04T03:38:12.067+0000] {dag.py:4180} INFO - Setting next_dagrun for run_jar_dag to 2025-06-04 00:00:00+00:00, run_after=2025-06-05 00:00:00+00:00
[2025-06-04T03:38:12.104+0000] {processor.py:208} INFO - Processing /opt/airflow/dags/Sesion5/DAG_Jar.py took 0.102 seconds
[2025-06-04T03:38:42.451+0000] {processor.py:186} INFO - Started process (PID=34763) to work on /opt/airflow/dags/Sesion5/DAG_Jar.py
[2025-06-04T03:38:42.452+0000] {processor.py:914} INFO - Processing file /opt/airflow/dags/Sesion5/DAG_Jar.py for tasks to queue
[2025-06-04T03:38:42.453+0000] {logging_mixin.py:190} INFO - [2025-06-04T03:38:42.453+0000] {dagbag.py:588} INFO - Filling up the DagBag from /opt/airflow/dags/Sesion5/DAG_Jar.py
[2025-06-04T03:38:42.461+0000] {processor.py:925} INFO - DAG(s) 'run_jar_dag' retrieved from /opt/airflow/dags/Sesion5/DAG_Jar.py
[2025-06-04T03:38:42.478+0000] {logging_mixin.py:190} INFO - [2025-06-04T03:38:42.477+0000] {dag.py:3239} INFO - Sync 1 DAGs
[2025-06-04T03:38:42.500+0000] {logging_mixin.py:190} INFO - [2025-06-04T03:38:42.499+0000] {dag.py:4180} INFO - Setting next_dagrun for run_jar_dag to 2025-06-04 00:00:00+00:00, run_after=2025-06-05 00:00:00+00:00
[2025-06-04T03:38:42.514+0000] {processor.py:208} INFO - Processing /opt/airflow/dags/Sesion5/DAG_Jar.py took 0.068 seconds
[2025-06-04T03:39:13.081+0000] {processor.py:186} INFO - Started process (PID=34878) to work on /opt/airflow/dags/Sesion5/DAG_Jar.py
[2025-06-04T03:39:13.082+0000] {processor.py:914} INFO - Processing file /opt/airflow/dags/Sesion5/DAG_Jar.py for tasks to queue
[2025-06-04T03:39:13.083+0000] {logging_mixin.py:190} INFO - [2025-06-04T03:39:13.083+0000] {dagbag.py:588} INFO - Filling up the DagBag from /opt/airflow/dags/Sesion5/DAG_Jar.py
[2025-06-04T03:39:13.091+0000] {processor.py:925} INFO - DAG(s) 'run_jar_dag' retrieved from /opt/airflow/dags/Sesion5/DAG_Jar.py
[2025-06-04T03:39:13.108+0000] {logging_mixin.py:190} INFO - [2025-06-04T03:39:13.108+0000] {dag.py:3239} INFO - Sync 1 DAGs
[2025-06-04T03:39:13.130+0000] {logging_mixin.py:190} INFO - [2025-06-04T03:39:13.129+0000] {dag.py:4180} INFO - Setting next_dagrun for run_jar_dag to 2025-06-04 00:00:00+00:00, run_after=2025-06-05 00:00:00+00:00
[2025-06-04T03:39:13.145+0000] {processor.py:208} INFO - Processing /opt/airflow/dags/Sesion5/DAG_Jar.py took 0.069 seconds
[2025-06-04T03:39:43.769+0000] {processor.py:186} INFO - Started process (PID=34993) to work on /opt/airflow/dags/Sesion5/DAG_Jar.py
[2025-06-04T03:39:43.770+0000] {processor.py:914} INFO - Processing file /opt/airflow/dags/Sesion5/DAG_Jar.py for tasks to queue
[2025-06-04T03:39:43.771+0000] {logging_mixin.py:190} INFO - [2025-06-04T03:39:43.771+0000] {dagbag.py:588} INFO - Filling up the DagBag from /opt/airflow/dags/Sesion5/DAG_Jar.py
[2025-06-04T03:39:43.779+0000] {processor.py:925} INFO - DAG(s) 'run_jar_dag' retrieved from /opt/airflow/dags/Sesion5/DAG_Jar.py
[2025-06-04T03:39:43.798+0000] {logging_mixin.py:190} INFO - [2025-06-04T03:39:43.797+0000] {dag.py:3239} INFO - Sync 1 DAGs
[2025-06-04T03:39:43.821+0000] {logging_mixin.py:190} INFO - [2025-06-04T03:39:43.821+0000] {dag.py:4180} INFO - Setting next_dagrun for run_jar_dag to 2025-06-04 00:00:00+00:00, run_after=2025-06-05 00:00:00+00:00
[2025-06-04T03:39:43.836+0000] {processor.py:208} INFO - Processing /opt/airflow/dags/Sesion5/DAG_Jar.py took 0.072 seconds
[2025-06-04T03:40:14.443+0000] {processor.py:186} INFO - Started process (PID=35108) to work on /opt/airflow/dags/Sesion5/DAG_Jar.py
[2025-06-04T03:40:14.443+0000] {processor.py:914} INFO - Processing file /opt/airflow/dags/Sesion5/DAG_Jar.py for tasks to queue
[2025-06-04T03:40:14.445+0000] {logging_mixin.py:190} INFO - [2025-06-04T03:40:14.444+0000] {dagbag.py:588} INFO - Filling up the DagBag from /opt/airflow/dags/Sesion5/DAG_Jar.py
[2025-06-04T03:40:14.452+0000] {processor.py:925} INFO - DAG(s) 'run_jar_dag' retrieved from /opt/airflow/dags/Sesion5/DAG_Jar.py
[2025-06-04T03:40:14.466+0000] {logging_mixin.py:190} INFO - [2025-06-04T03:40:14.466+0000] {dag.py:3239} INFO - Sync 1 DAGs
[2025-06-04T03:40:14.488+0000] {logging_mixin.py:190} INFO - [2025-06-04T03:40:14.488+0000] {dag.py:4180} INFO - Setting next_dagrun for run_jar_dag to 2025-06-04 00:00:00+00:00, run_after=2025-06-05 00:00:00+00:00
[2025-06-04T03:40:14.502+0000] {processor.py:208} INFO - Processing /opt/airflow/dags/Sesion5/DAG_Jar.py took 0.065 seconds
