[2025-06-04T03:08:49.054+0000] {processor.py:186} INFO - Started process (PID=28043) to work on /opt/airflow/dags/Sesion5/DAG_Ejecucion_JAR.py
[2025-06-04T03:08:49.054+0000] {processor.py:914} INFO - Processing file /opt/airflow/dags/Sesion5/DAG_Ejecucion_JAR.py for tasks to queue
[2025-06-04T03:08:49.056+0000] {logging_mixin.py:190} INFO - [2025-06-04T03:08:49.056+0000] {dagbag.py:588} INFO - Filling up the DagBag from /opt/airflow/dags/Sesion5/DAG_Ejecucion_JAR.py
[2025-06-04T03:08:49.068+0000] {processor.py:925} INFO - DAG(s) 'dag_run_java_jar' retrieved from /opt/airflow/dags/Sesion5/DAG_Ejecucion_JAR.py
[2025-06-04T03:08:49.208+0000] {logging_mixin.py:190} INFO - [2025-06-04T03:08:49.207+0000] {override.py:1900} INFO - Created Permission View: can edit on DAG:dag_run_java_jar
[2025-06-04T03:08:49.215+0000] {logging_mixin.py:190} INFO - [2025-06-04T03:08:49.215+0000] {override.py:1900} INFO - Created Permission View: can delete on DAG:dag_run_java_jar
[2025-06-04T03:08:49.220+0000] {logging_mixin.py:190} INFO - [2025-06-04T03:08:49.220+0000] {override.py:1900} INFO - Created Permission View: can read on DAG:dag_run_java_jar
[2025-06-04T03:08:49.226+0000] {logging_mixin.py:190} INFO - [2025-06-04T03:08:49.226+0000] {override.py:1900} INFO - Created Permission View: can delete on DAG Run:dag_run_java_jar
[2025-06-04T03:08:49.232+0000] {logging_mixin.py:190} INFO - [2025-06-04T03:08:49.232+0000] {override.py:1900} INFO - Created Permission View: can read on DAG Run:dag_run_java_jar
[2025-06-04T03:08:49.238+0000] {logging_mixin.py:190} INFO - [2025-06-04T03:08:49.238+0000] {override.py:1900} INFO - Created Permission View: menu access on DAG Run:dag_run_java_jar
[2025-06-04T03:08:49.243+0000] {logging_mixin.py:190} INFO - [2025-06-04T03:08:49.242+0000] {override.py:1900} INFO - Created Permission View: can create on DAG Run:dag_run_java_jar
[2025-06-04T03:08:49.243+0000] {logging_mixin.py:190} INFO - [2025-06-04T03:08:49.243+0000] {dag.py:3239} INFO - Sync 1 DAGs
[2025-06-04T03:08:49.254+0000] {logging_mixin.py:190} INFO - [2025-06-04T03:08:49.254+0000] {dag.py:3262} INFO - Creating ORM DAG for dag_run_java_jar
[2025-06-04T03:08:49.264+0000] {logging_mixin.py:190} INFO - [2025-06-04T03:08:49.264+0000] {dag.py:4180} INFO - Setting next_dagrun for dag_run_java_jar to 2024-10-01 00:00:00+00:00, run_after=2024-10-02 00:00:00+00:00
[2025-06-04T03:08:49.276+0000] {processor.py:208} INFO - Processing /opt/airflow/dags/Sesion5/DAG_Ejecucion_JAR.py took 0.229 seconds
[2025-06-04T03:09:19.327+0000] {processor.py:186} INFO - Started process (PID=28158) to work on /opt/airflow/dags/Sesion5/DAG_Ejecucion_JAR.py
[2025-06-04T03:09:19.328+0000] {processor.py:914} INFO - Processing file /opt/airflow/dags/Sesion5/DAG_Ejecucion_JAR.py for tasks to queue
[2025-06-04T03:09:19.331+0000] {logging_mixin.py:190} INFO - [2025-06-04T03:09:19.330+0000] {dagbag.py:588} INFO - Filling up the DagBag from /opt/airflow/dags/Sesion5/DAG_Ejecucion_JAR.py
[2025-06-04T03:09:19.341+0000] {processor.py:925} INFO - DAG(s) 'dag_run_java_jar' retrieved from /opt/airflow/dags/Sesion5/DAG_Ejecucion_JAR.py
[2025-06-04T03:09:19.369+0000] {logging_mixin.py:190} INFO - [2025-06-04T03:09:19.369+0000] {dag.py:3239} INFO - Sync 1 DAGs
[2025-06-04T03:09:19.400+0000] {logging_mixin.py:190} INFO - [2025-06-04T03:09:19.399+0000] {dag.py:4180} INFO - Setting next_dagrun for dag_run_java_jar to 2024-10-01 00:00:00+00:00, run_after=2024-10-02 00:00:00+00:00
[2025-06-04T03:09:19.419+0000] {processor.py:208} INFO - Processing /opt/airflow/dags/Sesion5/DAG_Ejecucion_JAR.py took 0.099 seconds
[2025-06-04T03:09:49.706+0000] {processor.py:186} INFO - Started process (PID=28273) to work on /opt/airflow/dags/Sesion5/DAG_Ejecucion_JAR.py
[2025-06-04T03:09:49.707+0000] {processor.py:914} INFO - Processing file /opt/airflow/dags/Sesion5/DAG_Ejecucion_JAR.py for tasks to queue
[2025-06-04T03:09:49.709+0000] {logging_mixin.py:190} INFO - [2025-06-04T03:09:49.708+0000] {dagbag.py:588} INFO - Filling up the DagBag from /opt/airflow/dags/Sesion5/DAG_Ejecucion_JAR.py
[2025-06-04T03:09:49.718+0000] {processor.py:925} INFO - DAG(s) 'dag_run_java_jar' retrieved from /opt/airflow/dags/Sesion5/DAG_Ejecucion_JAR.py
[2025-06-04T03:09:49.747+0000] {logging_mixin.py:190} INFO - [2025-06-04T03:09:49.747+0000] {dag.py:3239} INFO - Sync 1 DAGs
[2025-06-04T03:09:49.804+0000] {logging_mixin.py:190} INFO - [2025-06-04T03:09:49.804+0000] {dag.py:4180} INFO - Setting next_dagrun for dag_run_java_jar to 2024-10-01 00:00:00+00:00, run_after=2024-10-02 00:00:00+00:00
[2025-06-04T03:09:49.823+0000] {processor.py:208} INFO - Processing /opt/airflow/dags/Sesion5/DAG_Ejecucion_JAR.py took 0.124 seconds
[2025-06-04T03:10:19.895+0000] {processor.py:186} INFO - Started process (PID=28388) to work on /opt/airflow/dags/Sesion5/DAG_Ejecucion_JAR.py
[2025-06-04T03:10:19.896+0000] {processor.py:914} INFO - Processing file /opt/airflow/dags/Sesion5/DAG_Ejecucion_JAR.py for tasks to queue
[2025-06-04T03:10:19.898+0000] {logging_mixin.py:190} INFO - [2025-06-04T03:10:19.897+0000] {dagbag.py:588} INFO - Filling up the DagBag from /opt/airflow/dags/Sesion5/DAG_Ejecucion_JAR.py
[2025-06-04T03:10:19.907+0000] {processor.py:925} INFO - DAG(s) 'dag_run_java_jar' retrieved from /opt/airflow/dags/Sesion5/DAG_Ejecucion_JAR.py
[2025-06-04T03:10:19.933+0000] {logging_mixin.py:190} INFO - [2025-06-04T03:10:19.933+0000] {dag.py:3239} INFO - Sync 1 DAGs
[2025-06-04T03:10:19.974+0000] {logging_mixin.py:190} INFO - [2025-06-04T03:10:19.974+0000] {dag.py:4180} INFO - Setting next_dagrun for dag_run_java_jar to 2024-10-01 00:00:00+00:00, run_after=2024-10-02 00:00:00+00:00
[2025-06-04T03:10:20.007+0000] {processor.py:208} INFO - Processing /opt/airflow/dags/Sesion5/DAG_Ejecucion_JAR.py took 0.118 seconds
[2025-06-04T03:10:50.331+0000] {processor.py:186} INFO - Started process (PID=28503) to work on /opt/airflow/dags/Sesion5/DAG_Ejecucion_JAR.py
[2025-06-04T03:10:50.333+0000] {processor.py:914} INFO - Processing file /opt/airflow/dags/Sesion5/DAG_Ejecucion_JAR.py for tasks to queue
[2025-06-04T03:10:50.334+0000] {logging_mixin.py:190} INFO - [2025-06-04T03:10:50.334+0000] {dagbag.py:588} INFO - Filling up the DagBag from /opt/airflow/dags/Sesion5/DAG_Ejecucion_JAR.py
[2025-06-04T03:10:50.345+0000] {processor.py:925} INFO - DAG(s) 'dag_run_java_jar' retrieved from /opt/airflow/dags/Sesion5/DAG_Ejecucion_JAR.py
[2025-06-04T03:10:50.374+0000] {logging_mixin.py:190} INFO - [2025-06-04T03:10:50.373+0000] {dag.py:3239} INFO - Sync 1 DAGs
[2025-06-04T03:10:50.406+0000] {logging_mixin.py:190} INFO - [2025-06-04T03:10:50.406+0000] {dag.py:4180} INFO - Setting next_dagrun for dag_run_java_jar to 2024-10-01 00:00:00+00:00, run_after=2024-10-02 00:00:00+00:00
[2025-06-04T03:10:50.459+0000] {processor.py:208} INFO - Processing /opt/airflow/dags/Sesion5/DAG_Ejecucion_JAR.py took 0.135 seconds
[2025-06-04T03:11:20.918+0000] {processor.py:186} INFO - Started process (PID=28618) to work on /opt/airflow/dags/Sesion5/DAG_Ejecucion_JAR.py
[2025-06-04T03:11:20.919+0000] {processor.py:914} INFO - Processing file /opt/airflow/dags/Sesion5/DAG_Ejecucion_JAR.py for tasks to queue
[2025-06-04T03:11:20.920+0000] {logging_mixin.py:190} INFO - [2025-06-04T03:11:20.920+0000] {dagbag.py:588} INFO - Filling up the DagBag from /opt/airflow/dags/Sesion5/DAG_Ejecucion_JAR.py
[2025-06-04T03:11:20.930+0000] {processor.py:925} INFO - DAG(s) 'dag_run_java_jar' retrieved from /opt/airflow/dags/Sesion5/DAG_Ejecucion_JAR.py
[2025-06-04T03:11:20.957+0000] {logging_mixin.py:190} INFO - [2025-06-04T03:11:20.956+0000] {dag.py:3239} INFO - Sync 1 DAGs
[2025-06-04T03:11:20.988+0000] {logging_mixin.py:190} INFO - [2025-06-04T03:11:20.988+0000] {dag.py:4180} INFO - Setting next_dagrun for dag_run_java_jar to 2024-10-01 00:00:00+00:00, run_after=2024-10-02 00:00:00+00:00
[2025-06-04T03:11:21.008+0000] {processor.py:208} INFO - Processing /opt/airflow/dags/Sesion5/DAG_Ejecucion_JAR.py took 0.097 seconds
[2025-06-04T03:11:51.229+0000] {processor.py:186} INFO - Started process (PID=28733) to work on /opt/airflow/dags/Sesion5/DAG_Ejecucion_JAR.py
[2025-06-04T03:11:51.230+0000] {processor.py:914} INFO - Processing file /opt/airflow/dags/Sesion5/DAG_Ejecucion_JAR.py for tasks to queue
[2025-06-04T03:11:51.231+0000] {logging_mixin.py:190} INFO - [2025-06-04T03:11:51.231+0000] {dagbag.py:588} INFO - Filling up the DagBag from /opt/airflow/dags/Sesion5/DAG_Ejecucion_JAR.py
[2025-06-04T03:11:51.242+0000] {processor.py:925} INFO - DAG(s) 'dag_run_java_jar' retrieved from /opt/airflow/dags/Sesion5/DAG_Ejecucion_JAR.py
[2025-06-04T03:11:51.268+0000] {logging_mixin.py:190} INFO - [2025-06-04T03:11:51.268+0000] {dag.py:3239} INFO - Sync 1 DAGs
[2025-06-04T03:11:51.300+0000] {logging_mixin.py:190} INFO - [2025-06-04T03:11:51.300+0000] {dag.py:4180} INFO - Setting next_dagrun for dag_run_java_jar to 2024-10-01 00:00:00+00:00, run_after=2024-10-02 00:00:00+00:00
[2025-06-04T03:11:51.321+0000] {processor.py:208} INFO - Processing /opt/airflow/dags/Sesion5/DAG_Ejecucion_JAR.py took 0.099 seconds
[2025-06-04T03:12:21.434+0000] {processor.py:186} INFO - Started process (PID=28848) to work on /opt/airflow/dags/Sesion5/DAG_Ejecucion_JAR.py
[2025-06-04T03:12:21.435+0000] {processor.py:914} INFO - Processing file /opt/airflow/dags/Sesion5/DAG_Ejecucion_JAR.py for tasks to queue
[2025-06-04T03:12:21.436+0000] {logging_mixin.py:190} INFO - [2025-06-04T03:12:21.436+0000] {dagbag.py:588} INFO - Filling up the DagBag from /opt/airflow/dags/Sesion5/DAG_Ejecucion_JAR.py
[2025-06-04T03:12:21.446+0000] {processor.py:925} INFO - DAG(s) 'dag_run_java_jar' retrieved from /opt/airflow/dags/Sesion5/DAG_Ejecucion_JAR.py
[2025-06-04T03:12:21.475+0000] {logging_mixin.py:190} INFO - [2025-06-04T03:12:21.475+0000] {dag.py:3239} INFO - Sync 1 DAGs
[2025-06-04T03:12:21.505+0000] {logging_mixin.py:190} INFO - [2025-06-04T03:12:21.505+0000] {dag.py:4180} INFO - Setting next_dagrun for dag_run_java_jar to 2024-10-01 00:00:00+00:00, run_after=2024-10-02 00:00:00+00:00
[2025-06-04T03:12:21.525+0000] {processor.py:208} INFO - Processing /opt/airflow/dags/Sesion5/DAG_Ejecucion_JAR.py took 0.098 seconds
[2025-06-04T03:12:51.624+0000] {processor.py:186} INFO - Started process (PID=28963) to work on /opt/airflow/dags/Sesion5/DAG_Ejecucion_JAR.py
[2025-06-04T03:12:51.626+0000] {processor.py:914} INFO - Processing file /opt/airflow/dags/Sesion5/DAG_Ejecucion_JAR.py for tasks to queue
[2025-06-04T03:12:51.628+0000] {logging_mixin.py:190} INFO - [2025-06-04T03:12:51.627+0000] {dagbag.py:588} INFO - Filling up the DagBag from /opt/airflow/dags/Sesion5/DAG_Ejecucion_JAR.py
[2025-06-04T03:12:51.647+0000] {processor.py:925} INFO - DAG(s) 'dag_run_java_jar' retrieved from /opt/airflow/dags/Sesion5/DAG_Ejecucion_JAR.py
[2025-06-04T03:12:51.689+0000] {logging_mixin.py:190} INFO - [2025-06-04T03:12:51.689+0000] {dag.py:3239} INFO - Sync 1 DAGs
[2025-06-04T03:12:51.750+0000] {logging_mixin.py:190} INFO - [2025-06-04T03:12:51.750+0000] {dag.py:4180} INFO - Setting next_dagrun for dag_run_java_jar to 2024-10-01 00:00:00+00:00, run_after=2024-10-02 00:00:00+00:00
[2025-06-04T03:12:51.769+0000] {processor.py:208} INFO - Processing /opt/airflow/dags/Sesion5/DAG_Ejecucion_JAR.py took 0.160 seconds
[2025-06-04T03:13:21.906+0000] {processor.py:186} INFO - Started process (PID=29078) to work on /opt/airflow/dags/Sesion5/DAG_Ejecucion_JAR.py
[2025-06-04T03:13:21.907+0000] {processor.py:914} INFO - Processing file /opt/airflow/dags/Sesion5/DAG_Ejecucion_JAR.py for tasks to queue
[2025-06-04T03:13:21.908+0000] {logging_mixin.py:190} INFO - [2025-06-04T03:13:21.908+0000] {dagbag.py:588} INFO - Filling up the DagBag from /opt/airflow/dags/Sesion5/DAG_Ejecucion_JAR.py
[2025-06-04T03:13:21.918+0000] {processor.py:925} INFO - DAG(s) 'dag_run_java_jar' retrieved from /opt/airflow/dags/Sesion5/DAG_Ejecucion_JAR.py
[2025-06-04T03:13:21.944+0000] {logging_mixin.py:190} INFO - [2025-06-04T03:13:21.943+0000] {dag.py:3239} INFO - Sync 1 DAGs
[2025-06-04T03:13:21.974+0000] {logging_mixin.py:190} INFO - [2025-06-04T03:13:21.974+0000] {dag.py:4180} INFO - Setting next_dagrun for dag_run_java_jar to 2024-10-01 00:00:00+00:00, run_after=2024-10-02 00:00:00+00:00
[2025-06-04T03:13:21.993+0000] {processor.py:208} INFO - Processing /opt/airflow/dags/Sesion5/DAG_Ejecucion_JAR.py took 0.094 seconds
[2025-06-04T03:13:52.034+0000] {processor.py:186} INFO - Started process (PID=29190) to work on /opt/airflow/dags/Sesion5/DAG_Ejecucion_JAR.py
[2025-06-04T03:13:52.035+0000] {processor.py:914} INFO - Processing file /opt/airflow/dags/Sesion5/DAG_Ejecucion_JAR.py for tasks to queue
[2025-06-04T03:13:52.037+0000] {logging_mixin.py:190} INFO - [2025-06-04T03:13:52.036+0000] {dagbag.py:588} INFO - Filling up the DagBag from /opt/airflow/dags/Sesion5/DAG_Ejecucion_JAR.py
[2025-06-04T03:13:52.047+0000] {processor.py:925} INFO - DAG(s) 'dag_run_java_jar' retrieved from /opt/airflow/dags/Sesion5/DAG_Ejecucion_JAR.py
[2025-06-04T03:13:52.072+0000] {logging_mixin.py:190} INFO - [2025-06-04T03:13:52.071+0000] {dag.py:3239} INFO - Sync 1 DAGs
[2025-06-04T03:13:52.102+0000] {logging_mixin.py:190} INFO - [2025-06-04T03:13:52.101+0000] {dag.py:4180} INFO - Setting next_dagrun for dag_run_java_jar to 2024-10-01 00:00:00+00:00, run_after=2024-10-02 00:00:00+00:00
[2025-06-04T03:13:52.121+0000] {processor.py:208} INFO - Processing /opt/airflow/dags/Sesion5/DAG_Ejecucion_JAR.py took 0.093 seconds
[2025-06-04T03:14:22.618+0000] {processor.py:186} INFO - Started process (PID=29302) to work on /opt/airflow/dags/Sesion5/DAG_Ejecucion_JAR.py
[2025-06-04T03:14:22.619+0000] {processor.py:914} INFO - Processing file /opt/airflow/dags/Sesion5/DAG_Ejecucion_JAR.py for tasks to queue
[2025-06-04T03:14:22.620+0000] {logging_mixin.py:190} INFO - [2025-06-04T03:14:22.620+0000] {dagbag.py:588} INFO - Filling up the DagBag from /opt/airflow/dags/Sesion5/DAG_Ejecucion_JAR.py
[2025-06-04T03:14:22.636+0000] {processor.py:925} INFO - DAG(s) 'dag_run_java_jar' retrieved from /opt/airflow/dags/Sesion5/DAG_Ejecucion_JAR.py
[2025-06-04T03:14:22.661+0000] {logging_mixin.py:190} INFO - [2025-06-04T03:14:22.660+0000] {dag.py:3239} INFO - Sync 1 DAGs
[2025-06-04T03:14:22.691+0000] {logging_mixin.py:190} INFO - [2025-06-04T03:14:22.691+0000] {dag.py:4180} INFO - Setting next_dagrun for dag_run_java_jar to 2024-10-01 00:00:00+00:00, run_after=2024-10-02 00:00:00+00:00
[2025-06-04T03:14:22.718+0000] {processor.py:208} INFO - Processing /opt/airflow/dags/Sesion5/DAG_Ejecucion_JAR.py took 0.107 seconds
[2025-06-04T03:14:53.154+0000] {processor.py:186} INFO - Started process (PID=29417) to work on /opt/airflow/dags/Sesion5/DAG_Ejecucion_JAR.py
[2025-06-04T03:14:53.155+0000] {processor.py:914} INFO - Processing file /opt/airflow/dags/Sesion5/DAG_Ejecucion_JAR.py for tasks to queue
[2025-06-04T03:14:53.157+0000] {logging_mixin.py:190} INFO - [2025-06-04T03:14:53.156+0000] {dagbag.py:588} INFO - Filling up the DagBag from /opt/airflow/dags/Sesion5/DAG_Ejecucion_JAR.py
[2025-06-04T03:14:53.167+0000] {processor.py:925} INFO - DAG(s) 'dag_run_java_jar' retrieved from /opt/airflow/dags/Sesion5/DAG_Ejecucion_JAR.py
[2025-06-04T03:14:53.198+0000] {logging_mixin.py:190} INFO - [2025-06-04T03:14:53.198+0000] {dag.py:3239} INFO - Sync 1 DAGs
[2025-06-04T03:14:53.231+0000] {logging_mixin.py:190} INFO - [2025-06-04T03:14:53.230+0000] {dag.py:4180} INFO - Setting next_dagrun for dag_run_java_jar to 2024-10-01 00:00:00+00:00, run_after=2024-10-02 00:00:00+00:00
[2025-06-04T03:14:53.251+0000] {processor.py:208} INFO - Processing /opt/airflow/dags/Sesion5/DAG_Ejecucion_JAR.py took 0.104 seconds
[2025-06-04T03:15:23.585+0000] {processor.py:186} INFO - Started process (PID=29532) to work on /opt/airflow/dags/Sesion5/DAG_Ejecucion_JAR.py
[2025-06-04T03:15:23.587+0000] {processor.py:914} INFO - Processing file /opt/airflow/dags/Sesion5/DAG_Ejecucion_JAR.py for tasks to queue
[2025-06-04T03:15:23.589+0000] {logging_mixin.py:190} INFO - [2025-06-04T03:15:23.588+0000] {dagbag.py:588} INFO - Filling up the DagBag from /opt/airflow/dags/Sesion5/DAG_Ejecucion_JAR.py
[2025-06-04T03:15:23.600+0000] {processor.py:925} INFO - DAG(s) 'dag_run_java_jar' retrieved from /opt/airflow/dags/Sesion5/DAG_Ejecucion_JAR.py
[2025-06-04T03:15:23.625+0000] {logging_mixin.py:190} INFO - [2025-06-04T03:15:23.625+0000] {dag.py:3239} INFO - Sync 1 DAGs
[2025-06-04T03:15:23.657+0000] {logging_mixin.py:190} INFO - [2025-06-04T03:15:23.656+0000] {dag.py:4180} INFO - Setting next_dagrun for dag_run_java_jar to 2024-10-01 00:00:00+00:00, run_after=2024-10-02 00:00:00+00:00
[2025-06-04T03:15:23.677+0000] {processor.py:208} INFO - Processing /opt/airflow/dags/Sesion5/DAG_Ejecucion_JAR.py took 0.099 seconds
[2025-06-04T03:15:53.893+0000] {processor.py:186} INFO - Started process (PID=29647) to work on /opt/airflow/dags/Sesion5/DAG_Ejecucion_JAR.py
[2025-06-04T03:15:53.894+0000] {processor.py:914} INFO - Processing file /opt/airflow/dags/Sesion5/DAG_Ejecucion_JAR.py for tasks to queue
[2025-06-04T03:15:53.896+0000] {logging_mixin.py:190} INFO - [2025-06-04T03:15:53.896+0000] {dagbag.py:588} INFO - Filling up the DagBag from /opt/airflow/dags/Sesion5/DAG_Ejecucion_JAR.py
[2025-06-04T03:15:53.908+0000] {processor.py:925} INFO - DAG(s) 'dag_run_java_jar' retrieved from /opt/airflow/dags/Sesion5/DAG_Ejecucion_JAR.py
[2025-06-04T03:15:53.941+0000] {logging_mixin.py:190} INFO - [2025-06-04T03:15:53.938+0000] {dag.py:3239} INFO - Sync 1 DAGs
[2025-06-04T03:15:54.037+0000] {logging_mixin.py:190} INFO - [2025-06-04T03:15:54.036+0000] {dag.py:4180} INFO - Setting next_dagrun for dag_run_java_jar to 2024-10-01 00:00:00+00:00, run_after=2024-10-02 00:00:00+00:00
[2025-06-04T03:15:54.106+0000] {processor.py:208} INFO - Processing /opt/airflow/dags/Sesion5/DAG_Ejecucion_JAR.py took 0.221 seconds
[2025-06-04T03:16:24.314+0000] {processor.py:186} INFO - Started process (PID=29762) to work on /opt/airflow/dags/Sesion5/DAG_Ejecucion_JAR.py
[2025-06-04T03:16:24.316+0000] {processor.py:914} INFO - Processing file /opt/airflow/dags/Sesion5/DAG_Ejecucion_JAR.py for tasks to queue
[2025-06-04T03:16:24.319+0000] {logging_mixin.py:190} INFO - [2025-06-04T03:16:24.318+0000] {dagbag.py:588} INFO - Filling up the DagBag from /opt/airflow/dags/Sesion5/DAG_Ejecucion_JAR.py
[2025-06-04T03:16:24.368+0000] {processor.py:925} INFO - DAG(s) 'dag_run_java_jar' retrieved from /opt/airflow/dags/Sesion5/DAG_Ejecucion_JAR.py
[2025-06-04T03:16:24.542+0000] {logging_mixin.py:190} INFO - [2025-06-04T03:16:24.541+0000] {dag.py:3239} INFO - Sync 1 DAGs
[2025-06-04T03:16:24.617+0000] {logging_mixin.py:190} INFO - [2025-06-04T03:16:24.616+0000] {dag.py:4180} INFO - Setting next_dagrun for dag_run_java_jar to 2024-10-01 00:00:00+00:00, run_after=2024-10-02 00:00:00+00:00
[2025-06-04T03:16:24.659+0000] {processor.py:208} INFO - Processing /opt/airflow/dags/Sesion5/DAG_Ejecucion_JAR.py took 0.357 seconds
[2025-06-04T03:16:54.697+0000] {processor.py:186} INFO - Started process (PID=29877) to work on /opt/airflow/dags/Sesion5/DAG_Ejecucion_JAR.py
[2025-06-04T03:16:54.698+0000] {processor.py:914} INFO - Processing file /opt/airflow/dags/Sesion5/DAG_Ejecucion_JAR.py for tasks to queue
[2025-06-04T03:16:54.699+0000] {logging_mixin.py:190} INFO - [2025-06-04T03:16:54.699+0000] {dagbag.py:588} INFO - Filling up the DagBag from /opt/airflow/dags/Sesion5/DAG_Ejecucion_JAR.py
[2025-06-04T03:16:54.706+0000] {processor.py:925} INFO - DAG(s) 'dag_run_java_jar' retrieved from /opt/airflow/dags/Sesion5/DAG_Ejecucion_JAR.py
[2025-06-04T03:16:54.724+0000] {logging_mixin.py:190} INFO - [2025-06-04T03:16:54.724+0000] {dag.py:3239} INFO - Sync 1 DAGs
[2025-06-04T03:16:54.745+0000] {logging_mixin.py:190} INFO - [2025-06-04T03:16:54.745+0000] {dag.py:4180} INFO - Setting next_dagrun for dag_run_java_jar to 2024-10-01 00:00:00+00:00, run_after=2024-10-02 00:00:00+00:00
[2025-06-04T03:16:54.760+0000] {processor.py:208} INFO - Processing /opt/airflow/dags/Sesion5/DAG_Ejecucion_JAR.py took 0.067 seconds
[2025-06-04T03:17:25.073+0000] {processor.py:186} INFO - Started process (PID=29992) to work on /opt/airflow/dags/Sesion5/DAG_Ejecucion_JAR.py
[2025-06-04T03:17:25.074+0000] {processor.py:914} INFO - Processing file /opt/airflow/dags/Sesion5/DAG_Ejecucion_JAR.py for tasks to queue
[2025-06-04T03:17:25.076+0000] {logging_mixin.py:190} INFO - [2025-06-04T03:17:25.075+0000] {dagbag.py:588} INFO - Filling up the DagBag from /opt/airflow/dags/Sesion5/DAG_Ejecucion_JAR.py
[2025-06-04T03:17:25.087+0000] {processor.py:925} INFO - DAG(s) 'dag_run_java_jar' retrieved from /opt/airflow/dags/Sesion5/DAG_Ejecucion_JAR.py
[2025-06-04T03:17:25.115+0000] {logging_mixin.py:190} INFO - [2025-06-04T03:17:25.114+0000] {dag.py:3239} INFO - Sync 1 DAGs
[2025-06-04T03:17:25.146+0000] {logging_mixin.py:190} INFO - [2025-06-04T03:17:25.146+0000] {dag.py:4180} INFO - Setting next_dagrun for dag_run_java_jar to 2024-10-01 00:00:00+00:00, run_after=2024-10-02 00:00:00+00:00
[2025-06-04T03:17:25.193+0000] {processor.py:208} INFO - Processing /opt/airflow/dags/Sesion5/DAG_Ejecucion_JAR.py took 0.126 seconds
[2025-06-04T03:17:55.313+0000] {processor.py:186} INFO - Started process (PID=30107) to work on /opt/airflow/dags/Sesion5/DAG_Ejecucion_JAR.py
[2025-06-04T03:17:55.315+0000] {processor.py:914} INFO - Processing file /opt/airflow/dags/Sesion5/DAG_Ejecucion_JAR.py for tasks to queue
[2025-06-04T03:17:55.319+0000] {logging_mixin.py:190} INFO - [2025-06-04T03:17:55.318+0000] {dagbag.py:588} INFO - Filling up the DagBag from /opt/airflow/dags/Sesion5/DAG_Ejecucion_JAR.py
[2025-06-04T03:17:55.331+0000] {processor.py:925} INFO - DAG(s) 'dag_run_java_jar' retrieved from /opt/airflow/dags/Sesion5/DAG_Ejecucion_JAR.py
[2025-06-04T03:17:55.356+0000] {logging_mixin.py:190} INFO - [2025-06-04T03:17:55.356+0000] {dag.py:3239} INFO - Sync 1 DAGs
[2025-06-04T03:17:55.387+0000] {logging_mixin.py:190} INFO - [2025-06-04T03:17:55.387+0000] {dag.py:4180} INFO - Setting next_dagrun for dag_run_java_jar to 2024-10-01 00:00:00+00:00, run_after=2024-10-02 00:00:00+00:00
[2025-06-04T03:17:55.408+0000] {processor.py:208} INFO - Processing /opt/airflow/dags/Sesion5/DAG_Ejecucion_JAR.py took 0.110 seconds
[2025-06-04T03:18:25.483+0000] {processor.py:186} INFO - Started process (PID=30222) to work on /opt/airflow/dags/Sesion5/DAG_Ejecucion_JAR.py
[2025-06-04T03:18:25.483+0000] {processor.py:914} INFO - Processing file /opt/airflow/dags/Sesion5/DAG_Ejecucion_JAR.py for tasks to queue
[2025-06-04T03:18:25.485+0000] {logging_mixin.py:190} INFO - [2025-06-04T03:18:25.485+0000] {dagbag.py:588} INFO - Filling up the DagBag from /opt/airflow/dags/Sesion5/DAG_Ejecucion_JAR.py
[2025-06-04T03:18:25.497+0000] {processor.py:925} INFO - DAG(s) 'dag_run_java_jar' retrieved from /opt/airflow/dags/Sesion5/DAG_Ejecucion_JAR.py
[2025-06-04T03:18:25.530+0000] {logging_mixin.py:190} INFO - [2025-06-04T03:18:25.530+0000] {dag.py:3239} INFO - Sync 1 DAGs
[2025-06-04T03:18:25.569+0000] {logging_mixin.py:190} INFO - [2025-06-04T03:18:25.568+0000] {dag.py:4180} INFO - Setting next_dagrun for dag_run_java_jar to 2024-10-01 00:00:00+00:00, run_after=2024-10-02 00:00:00+00:00
[2025-06-04T03:18:25.589+0000] {processor.py:208} INFO - Processing /opt/airflow/dags/Sesion5/DAG_Ejecucion_JAR.py took 0.113 seconds
[2025-06-04T03:18:56.076+0000] {processor.py:186} INFO - Started process (PID=30337) to work on /opt/airflow/dags/Sesion5/DAG_Ejecucion_JAR.py
[2025-06-04T03:18:56.077+0000] {processor.py:914} INFO - Processing file /opt/airflow/dags/Sesion5/DAG_Ejecucion_JAR.py for tasks to queue
[2025-06-04T03:18:56.079+0000] {logging_mixin.py:190} INFO - [2025-06-04T03:18:56.078+0000] {dagbag.py:588} INFO - Filling up the DagBag from /opt/airflow/dags/Sesion5/DAG_Ejecucion_JAR.py
[2025-06-04T03:18:56.091+0000] {processor.py:925} INFO - DAG(s) 'dag_run_java_jar' retrieved from /opt/airflow/dags/Sesion5/DAG_Ejecucion_JAR.py
[2025-06-04T03:18:56.119+0000] {logging_mixin.py:190} INFO - [2025-06-04T03:18:56.118+0000] {dag.py:3239} INFO - Sync 1 DAGs
[2025-06-04T03:18:56.150+0000] {logging_mixin.py:190} INFO - [2025-06-04T03:18:56.150+0000] {dag.py:4180} INFO - Setting next_dagrun for dag_run_java_jar to 2024-10-01 00:00:00+00:00, run_after=2024-10-02 00:00:00+00:00
[2025-06-04T03:18:56.170+0000] {processor.py:208} INFO - Processing /opt/airflow/dags/Sesion5/DAG_Ejecucion_JAR.py took 0.100 seconds
[2025-06-04T03:19:26.745+0000] {processor.py:186} INFO - Started process (PID=30452) to work on /opt/airflow/dags/Sesion5/DAG_Ejecucion_JAR.py
[2025-06-04T03:19:26.746+0000] {processor.py:914} INFO - Processing file /opt/airflow/dags/Sesion5/DAG_Ejecucion_JAR.py for tasks to queue
[2025-06-04T03:19:26.748+0000] {logging_mixin.py:190} INFO - [2025-06-04T03:19:26.748+0000] {dagbag.py:588} INFO - Filling up the DagBag from /opt/airflow/dags/Sesion5/DAG_Ejecucion_JAR.py
[2025-06-04T03:19:26.759+0000] {processor.py:925} INFO - DAG(s) 'dag_run_java_jar' retrieved from /opt/airflow/dags/Sesion5/DAG_Ejecucion_JAR.py
[2025-06-04T03:19:26.786+0000] {logging_mixin.py:190} INFO - [2025-06-04T03:19:26.785+0000] {dag.py:3239} INFO - Sync 1 DAGs
[2025-06-04T03:19:26.818+0000] {logging_mixin.py:190} INFO - [2025-06-04T03:19:26.818+0000] {dag.py:4180} INFO - Setting next_dagrun for dag_run_java_jar to 2024-10-01 00:00:00+00:00, run_after=2024-10-02 00:00:00+00:00
[2025-06-04T03:19:26.842+0000] {processor.py:208} INFO - Processing /opt/airflow/dags/Sesion5/DAG_Ejecucion_JAR.py took 0.104 seconds
[2025-06-04T03:19:57.231+0000] {processor.py:186} INFO - Started process (PID=30567) to work on /opt/airflow/dags/Sesion5/DAG_Ejecucion_JAR.py
[2025-06-04T03:19:57.232+0000] {processor.py:914} INFO - Processing file /opt/airflow/dags/Sesion5/DAG_Ejecucion_JAR.py for tasks to queue
[2025-06-04T03:19:57.233+0000] {logging_mixin.py:190} INFO - [2025-06-04T03:19:57.233+0000] {dagbag.py:588} INFO - Filling up the DagBag from /opt/airflow/dags/Sesion5/DAG_Ejecucion_JAR.py
[2025-06-04T03:19:57.243+0000] {processor.py:925} INFO - DAG(s) 'dag_run_java_jar' retrieved from /opt/airflow/dags/Sesion5/DAG_Ejecucion_JAR.py
[2025-06-04T03:19:57.268+0000] {logging_mixin.py:190} INFO - [2025-06-04T03:19:57.268+0000] {dag.py:3239} INFO - Sync 1 DAGs
[2025-06-04T03:19:57.299+0000] {logging_mixin.py:190} INFO - [2025-06-04T03:19:57.298+0000] {dag.py:4180} INFO - Setting next_dagrun for dag_run_java_jar to 2024-10-01 00:00:00+00:00, run_after=2024-10-02 00:00:00+00:00
[2025-06-04T03:19:57.320+0000] {processor.py:208} INFO - Processing /opt/airflow/dags/Sesion5/DAG_Ejecucion_JAR.py took 0.096 seconds
[2025-06-04T03:20:27.384+0000] {processor.py:186} INFO - Started process (PID=30680) to work on /opt/airflow/dags/Sesion5/DAG_Ejecucion_JAR.py
[2025-06-04T03:20:27.385+0000] {processor.py:914} INFO - Processing file /opt/airflow/dags/Sesion5/DAG_Ejecucion_JAR.py for tasks to queue
[2025-06-04T03:20:27.386+0000] {logging_mixin.py:190} INFO - [2025-06-04T03:20:27.386+0000] {dagbag.py:588} INFO - Filling up the DagBag from /opt/airflow/dags/Sesion5/DAG_Ejecucion_JAR.py
[2025-06-04T03:20:27.396+0000] {processor.py:925} INFO - DAG(s) 'dag_run_java_jar' retrieved from /opt/airflow/dags/Sesion5/DAG_Ejecucion_JAR.py
[2025-06-04T03:20:27.419+0000] {logging_mixin.py:190} INFO - [2025-06-04T03:20:27.419+0000] {dag.py:3239} INFO - Sync 1 DAGs
[2025-06-04T03:20:27.450+0000] {logging_mixin.py:190} INFO - [2025-06-04T03:20:27.450+0000] {dag.py:4180} INFO - Setting next_dagrun for dag_run_java_jar to 2024-10-01 00:00:00+00:00, run_after=2024-10-02 00:00:00+00:00
[2025-06-04T03:20:27.469+0000] {processor.py:208} INFO - Processing /opt/airflow/dags/Sesion5/DAG_Ejecucion_JAR.py took 0.093 seconds
[2025-06-04T03:20:57.835+0000] {processor.py:186} INFO - Started process (PID=30775) to work on /opt/airflow/dags/Sesion5/DAG_Ejecucion_JAR.py
[2025-06-04T03:20:57.836+0000] {processor.py:914} INFO - Processing file /opt/airflow/dags/Sesion5/DAG_Ejecucion_JAR.py for tasks to queue
[2025-06-04T03:20:57.837+0000] {logging_mixin.py:190} INFO - [2025-06-04T03:20:57.837+0000] {dagbag.py:588} INFO - Filling up the DagBag from /opt/airflow/dags/Sesion5/DAG_Ejecucion_JAR.py
[2025-06-04T03:20:57.847+0000] {processor.py:925} INFO - DAG(s) 'dag_run_java_jar' retrieved from /opt/airflow/dags/Sesion5/DAG_Ejecucion_JAR.py
[2025-06-04T03:20:57.874+0000] {logging_mixin.py:190} INFO - [2025-06-04T03:20:57.874+0000] {dag.py:3239} INFO - Sync 1 DAGs
[2025-06-04T03:20:57.907+0000] {logging_mixin.py:190} INFO - [2025-06-04T03:20:57.907+0000] {dag.py:4180} INFO - Setting next_dagrun for dag_run_java_jar to 2024-10-01 00:00:00+00:00, run_after=2024-10-02 00:00:00+00:00
[2025-06-04T03:20:57.930+0000] {processor.py:208} INFO - Processing /opt/airflow/dags/Sesion5/DAG_Ejecucion_JAR.py took 0.103 seconds
[2025-06-04T03:21:28.185+0000] {processor.py:186} INFO - Started process (PID=30888) to work on /opt/airflow/dags/Sesion5/DAG_Ejecucion_JAR.py
[2025-06-04T03:21:28.186+0000] {processor.py:914} INFO - Processing file /opt/airflow/dags/Sesion5/DAG_Ejecucion_JAR.py for tasks to queue
[2025-06-04T03:21:28.187+0000] {logging_mixin.py:190} INFO - [2025-06-04T03:21:28.187+0000] {dagbag.py:588} INFO - Filling up the DagBag from /opt/airflow/dags/Sesion5/DAG_Ejecucion_JAR.py
[2025-06-04T03:21:28.198+0000] {processor.py:925} INFO - DAG(s) 'dag_run_java_jar' retrieved from /opt/airflow/dags/Sesion5/DAG_Ejecucion_JAR.py
[2025-06-04T03:21:28.225+0000] {logging_mixin.py:190} INFO - [2025-06-04T03:21:28.225+0000] {dag.py:3239} INFO - Sync 1 DAGs
[2025-06-04T03:21:28.256+0000] {logging_mixin.py:190} INFO - [2025-06-04T03:21:28.256+0000] {dag.py:4180} INFO - Setting next_dagrun for dag_run_java_jar to 2024-10-01 00:00:00+00:00, run_after=2024-10-02 00:00:00+00:00
[2025-06-04T03:21:28.275+0000] {processor.py:208} INFO - Processing /opt/airflow/dags/Sesion5/DAG_Ejecucion_JAR.py took 0.098 seconds
[2025-06-04T03:21:58.442+0000] {processor.py:186} INFO - Started process (PID=30973) to work on /opt/airflow/dags/Sesion5/DAG_Ejecucion_JAR.py
[2025-06-04T03:21:58.443+0000] {processor.py:914} INFO - Processing file /opt/airflow/dags/Sesion5/DAG_Ejecucion_JAR.py for tasks to queue
[2025-06-04T03:21:58.444+0000] {logging_mixin.py:190} INFO - [2025-06-04T03:21:58.444+0000] {dagbag.py:588} INFO - Filling up the DagBag from /opt/airflow/dags/Sesion5/DAG_Ejecucion_JAR.py
[2025-06-04T03:21:58.455+0000] {processor.py:925} INFO - DAG(s) 'dag_run_java_jar' retrieved from /opt/airflow/dags/Sesion5/DAG_Ejecucion_JAR.py
[2025-06-04T03:21:58.481+0000] {logging_mixin.py:190} INFO - [2025-06-04T03:21:58.481+0000] {dag.py:3239} INFO - Sync 1 DAGs
[2025-06-04T03:21:58.521+0000] {logging_mixin.py:190} INFO - [2025-06-04T03:21:58.521+0000] {dag.py:4180} INFO - Setting next_dagrun for dag_run_java_jar to 2024-10-01 00:00:00+00:00, run_after=2024-10-02 00:00:00+00:00
[2025-06-04T03:21:58.544+0000] {processor.py:208} INFO - Processing /opt/airflow/dags/Sesion5/DAG_Ejecucion_JAR.py took 0.109 seconds
[2025-06-04T03:22:28.689+0000] {processor.py:186} INFO - Started process (PID=31088) to work on /opt/airflow/dags/Sesion5/DAG_Ejecucion_JAR.py
[2025-06-04T03:22:28.689+0000] {processor.py:914} INFO - Processing file /opt/airflow/dags/Sesion5/DAG_Ejecucion_JAR.py for tasks to queue
[2025-06-04T03:22:28.690+0000] {logging_mixin.py:190} INFO - [2025-06-04T03:22:28.690+0000] {dagbag.py:588} INFO - Filling up the DagBag from /opt/airflow/dags/Sesion5/DAG_Ejecucion_JAR.py
[2025-06-04T03:22:28.698+0000] {processor.py:925} INFO - DAG(s) 'dag_run_java_jar' retrieved from /opt/airflow/dags/Sesion5/DAG_Ejecucion_JAR.py
[2025-06-04T03:22:28.715+0000] {logging_mixin.py:190} INFO - [2025-06-04T03:22:28.715+0000] {dag.py:3239} INFO - Sync 1 DAGs
[2025-06-04T03:22:28.738+0000] {logging_mixin.py:190} INFO - [2025-06-04T03:22:28.738+0000] {dag.py:4180} INFO - Setting next_dagrun for dag_run_java_jar to 2024-10-01 00:00:00+00:00, run_after=2024-10-02 00:00:00+00:00
[2025-06-04T03:22:28.753+0000] {processor.py:208} INFO - Processing /opt/airflow/dags/Sesion5/DAG_Ejecucion_JAR.py took 0.069 seconds
[2025-06-04T03:22:58.934+0000] {processor.py:186} INFO - Started process (PID=31203) to work on /opt/airflow/dags/Sesion5/DAG_Ejecucion_JAR.py
[2025-06-04T03:22:58.935+0000] {processor.py:914} INFO - Processing file /opt/airflow/dags/Sesion5/DAG_Ejecucion_JAR.py for tasks to queue
[2025-06-04T03:22:58.936+0000] {logging_mixin.py:190} INFO - [2025-06-04T03:22:58.935+0000] {dagbag.py:588} INFO - Filling up the DagBag from /opt/airflow/dags/Sesion5/DAG_Ejecucion_JAR.py
[2025-06-04T03:22:58.944+0000] {processor.py:925} INFO - DAG(s) 'dag_run_java_jar' retrieved from /opt/airflow/dags/Sesion5/DAG_Ejecucion_JAR.py
[2025-06-04T03:22:58.967+0000] {logging_mixin.py:190} INFO - [2025-06-04T03:22:58.966+0000] {dag.py:3239} INFO - Sync 1 DAGs
[2025-06-04T03:22:58.987+0000] {logging_mixin.py:190} INFO - [2025-06-04T03:22:58.986+0000] {dag.py:4180} INFO - Setting next_dagrun for dag_run_java_jar to 2024-10-01 00:00:00+00:00, run_after=2024-10-02 00:00:00+00:00
[2025-06-04T03:22:59.002+0000] {processor.py:208} INFO - Processing /opt/airflow/dags/Sesion5/DAG_Ejecucion_JAR.py took 0.073 seconds
[2025-06-04T03:23:29.079+0000] {processor.py:186} INFO - Started process (PID=31318) to work on /opt/airflow/dags/Sesion5/DAG_Ejecucion_JAR.py
[2025-06-04T03:23:29.080+0000] {processor.py:914} INFO - Processing file /opt/airflow/dags/Sesion5/DAG_Ejecucion_JAR.py for tasks to queue
[2025-06-04T03:23:29.081+0000] {logging_mixin.py:190} INFO - [2025-06-04T03:23:29.081+0000] {dagbag.py:588} INFO - Filling up the DagBag from /opt/airflow/dags/Sesion5/DAG_Ejecucion_JAR.py
[2025-06-04T03:23:29.088+0000] {processor.py:925} INFO - DAG(s) 'dag_run_java_jar' retrieved from /opt/airflow/dags/Sesion5/DAG_Ejecucion_JAR.py
[2025-06-04T03:23:29.106+0000] {logging_mixin.py:190} INFO - [2025-06-04T03:23:29.106+0000] {dag.py:3239} INFO - Sync 1 DAGs
[2025-06-04T03:23:29.129+0000] {logging_mixin.py:190} INFO - [2025-06-04T03:23:29.128+0000] {dag.py:4180} INFO - Setting next_dagrun for dag_run_java_jar to 2024-10-01 00:00:00+00:00, run_after=2024-10-02 00:00:00+00:00
[2025-06-04T03:23:29.146+0000] {processor.py:208} INFO - Processing /opt/airflow/dags/Sesion5/DAG_Ejecucion_JAR.py took 0.073 seconds
[2025-06-04T03:23:59.406+0000] {processor.py:186} INFO - Started process (PID=31433) to work on /opt/airflow/dags/Sesion5/DAG_Ejecucion_JAR.py
[2025-06-04T03:23:59.407+0000] {processor.py:914} INFO - Processing file /opt/airflow/dags/Sesion5/DAG_Ejecucion_JAR.py for tasks to queue
[2025-06-04T03:23:59.408+0000] {logging_mixin.py:190} INFO - [2025-06-04T03:23:59.407+0000] {dagbag.py:588} INFO - Filling up the DagBag from /opt/airflow/dags/Sesion5/DAG_Ejecucion_JAR.py
[2025-06-04T03:23:59.414+0000] {processor.py:925} INFO - DAG(s) 'dag_run_java_jar' retrieved from /opt/airflow/dags/Sesion5/DAG_Ejecucion_JAR.py
[2025-06-04T03:23:59.434+0000] {logging_mixin.py:190} INFO - [2025-06-04T03:23:59.434+0000] {dag.py:3239} INFO - Sync 1 DAGs
[2025-06-04T03:23:59.454+0000] {logging_mixin.py:190} INFO - [2025-06-04T03:23:59.454+0000] {dag.py:4180} INFO - Setting next_dagrun for dag_run_java_jar to 2024-10-01 00:00:00+00:00, run_after=2024-10-02 00:00:00+00:00
[2025-06-04T03:23:59.469+0000] {processor.py:208} INFO - Processing /opt/airflow/dags/Sesion5/DAG_Ejecucion_JAR.py took 0.069 seconds
[2025-06-04T03:24:29.683+0000] {processor.py:186} INFO - Started process (PID=31548) to work on /opt/airflow/dags/Sesion5/DAG_Ejecucion_JAR.py
[2025-06-04T03:24:29.684+0000] {processor.py:914} INFO - Processing file /opt/airflow/dags/Sesion5/DAG_Ejecucion_JAR.py for tasks to queue
[2025-06-04T03:24:29.685+0000] {logging_mixin.py:190} INFO - [2025-06-04T03:24:29.685+0000] {dagbag.py:588} INFO - Filling up the DagBag from /opt/airflow/dags/Sesion5/DAG_Ejecucion_JAR.py
[2025-06-04T03:24:29.693+0000] {processor.py:925} INFO - DAG(s) 'dag_run_java_jar' retrieved from /opt/airflow/dags/Sesion5/DAG_Ejecucion_JAR.py
[2025-06-04T03:24:29.712+0000] {logging_mixin.py:190} INFO - [2025-06-04T03:24:29.711+0000] {dag.py:3239} INFO - Sync 1 DAGs
[2025-06-04T03:24:29.734+0000] {logging_mixin.py:190} INFO - [2025-06-04T03:24:29.734+0000] {dag.py:4180} INFO - Setting next_dagrun for dag_run_java_jar to 2024-10-01 00:00:00+00:00, run_after=2024-10-02 00:00:00+00:00
[2025-06-04T03:24:29.750+0000] {processor.py:208} INFO - Processing /opt/airflow/dags/Sesion5/DAG_Ejecucion_JAR.py took 0.072 seconds
[2025-06-04T03:24:59.992+0000] {processor.py:186} INFO - Started process (PID=31663) to work on /opt/airflow/dags/Sesion5/DAG_Ejecucion_JAR.py
[2025-06-04T03:24:59.992+0000] {processor.py:914} INFO - Processing file /opt/airflow/dags/Sesion5/DAG_Ejecucion_JAR.py for tasks to queue
[2025-06-04T03:24:59.994+0000] {logging_mixin.py:190} INFO - [2025-06-04T03:24:59.993+0000] {dagbag.py:588} INFO - Filling up the DagBag from /opt/airflow/dags/Sesion5/DAG_Ejecucion_JAR.py
[2025-06-04T03:25:00.001+0000] {processor.py:925} INFO - DAG(s) 'dag_run_java_jar' retrieved from /opt/airflow/dags/Sesion5/DAG_Ejecucion_JAR.py
[2025-06-04T03:25:00.019+0000] {logging_mixin.py:190} INFO - [2025-06-04T03:25:00.019+0000] {dag.py:3239} INFO - Sync 1 DAGs
[2025-06-04T03:25:00.041+0000] {logging_mixin.py:190} INFO - [2025-06-04T03:25:00.041+0000] {dag.py:4180} INFO - Setting next_dagrun for dag_run_java_jar to 2024-10-01 00:00:00+00:00, run_after=2024-10-02 00:00:00+00:00
[2025-06-04T03:25:00.056+0000] {processor.py:208} INFO - Processing /opt/airflow/dags/Sesion5/DAG_Ejecucion_JAR.py took 0.070 seconds
[2025-06-04T03:25:30.439+0000] {processor.py:186} INFO - Started process (PID=31778) to work on /opt/airflow/dags/Sesion5/DAG_Ejecucion_JAR.py
[2025-06-04T03:25:30.440+0000] {processor.py:914} INFO - Processing file /opt/airflow/dags/Sesion5/DAG_Ejecucion_JAR.py for tasks to queue
[2025-06-04T03:25:30.441+0000] {logging_mixin.py:190} INFO - [2025-06-04T03:25:30.441+0000] {dagbag.py:588} INFO - Filling up the DagBag from /opt/airflow/dags/Sesion5/DAG_Ejecucion_JAR.py
[2025-06-04T03:25:30.449+0000] {processor.py:925} INFO - DAG(s) 'dag_run_java_jar' retrieved from /opt/airflow/dags/Sesion5/DAG_Ejecucion_JAR.py
[2025-06-04T03:25:30.468+0000] {logging_mixin.py:190} INFO - [2025-06-04T03:25:30.468+0000] {dag.py:3239} INFO - Sync 1 DAGs
[2025-06-04T03:25:30.491+0000] {logging_mixin.py:190} INFO - [2025-06-04T03:25:30.491+0000] {dag.py:4180} INFO - Setting next_dagrun for dag_run_java_jar to 2024-10-01 00:00:00+00:00, run_after=2024-10-02 00:00:00+00:00
[2025-06-04T03:25:30.506+0000] {processor.py:208} INFO - Processing /opt/airflow/dags/Sesion5/DAG_Ejecucion_JAR.py took 0.073 seconds
[2025-06-04T03:26:00.803+0000] {processor.py:186} INFO - Started process (PID=31893) to work on /opt/airflow/dags/Sesion5/DAG_Ejecucion_JAR.py
[2025-06-04T03:26:00.803+0000] {processor.py:914} INFO - Processing file /opt/airflow/dags/Sesion5/DAG_Ejecucion_JAR.py for tasks to queue
[2025-06-04T03:26:00.805+0000] {logging_mixin.py:190} INFO - [2025-06-04T03:26:00.805+0000] {dagbag.py:588} INFO - Filling up the DagBag from /opt/airflow/dags/Sesion5/DAG_Ejecucion_JAR.py
[2025-06-04T03:26:00.812+0000] {processor.py:925} INFO - DAG(s) 'dag_run_java_jar' retrieved from /opt/airflow/dags/Sesion5/DAG_Ejecucion_JAR.py
[2025-06-04T03:26:00.829+0000] {logging_mixin.py:190} INFO - [2025-06-04T03:26:00.828+0000] {dag.py:3239} INFO - Sync 1 DAGs
[2025-06-04T03:26:00.849+0000] {logging_mixin.py:190} INFO - [2025-06-04T03:26:00.848+0000] {dag.py:4180} INFO - Setting next_dagrun for dag_run_java_jar to 2024-10-01 00:00:00+00:00, run_after=2024-10-02 00:00:00+00:00
[2025-06-04T03:26:00.863+0000] {processor.py:208} INFO - Processing /opt/airflow/dags/Sesion5/DAG_Ejecucion_JAR.py took 0.066 seconds
[2025-06-04T03:26:31.248+0000] {processor.py:186} INFO - Started process (PID=32008) to work on /opt/airflow/dags/Sesion5/DAG_Ejecucion_JAR.py
[2025-06-04T03:26:31.249+0000] {processor.py:914} INFO - Processing file /opt/airflow/dags/Sesion5/DAG_Ejecucion_JAR.py for tasks to queue
[2025-06-04T03:26:31.251+0000] {logging_mixin.py:190} INFO - [2025-06-04T03:26:31.250+0000] {dagbag.py:588} INFO - Filling up the DagBag from /opt/airflow/dags/Sesion5/DAG_Ejecucion_JAR.py
[2025-06-04T03:26:31.258+0000] {processor.py:925} INFO - DAG(s) 'dag_run_java_jar' retrieved from /opt/airflow/dags/Sesion5/DAG_Ejecucion_JAR.py
[2025-06-04T03:26:31.276+0000] {logging_mixin.py:190} INFO - [2025-06-04T03:26:31.276+0000] {dag.py:3239} INFO - Sync 1 DAGs
[2025-06-04T03:26:31.297+0000] {logging_mixin.py:190} INFO - [2025-06-04T03:26:31.297+0000] {dag.py:4180} INFO - Setting next_dagrun for dag_run_java_jar to 2024-10-01 00:00:00+00:00, run_after=2024-10-02 00:00:00+00:00
[2025-06-04T03:26:31.316+0000] {processor.py:208} INFO - Processing /opt/airflow/dags/Sesion5/DAG_Ejecucion_JAR.py took 0.073 seconds
[2025-06-04T03:27:01.602+0000] {processor.py:186} INFO - Started process (PID=32123) to work on /opt/airflow/dags/Sesion5/DAG_Ejecucion_JAR.py
[2025-06-04T03:27:01.603+0000] {processor.py:914} INFO - Processing file /opt/airflow/dags/Sesion5/DAG_Ejecucion_JAR.py for tasks to queue
[2025-06-04T03:27:01.604+0000] {logging_mixin.py:190} INFO - [2025-06-04T03:27:01.604+0000] {dagbag.py:588} INFO - Filling up the DagBag from /opt/airflow/dags/Sesion5/DAG_Ejecucion_JAR.py
[2025-06-04T03:27:01.614+0000] {processor.py:925} INFO - DAG(s) 'dag_run_java_jar' retrieved from /opt/airflow/dags/Sesion5/DAG_Ejecucion_JAR.py
[2025-06-04T03:27:01.639+0000] {logging_mixin.py:190} INFO - [2025-06-04T03:27:01.639+0000] {dag.py:3239} INFO - Sync 1 DAGs
[2025-06-04T03:27:01.661+0000] {logging_mixin.py:190} INFO - [2025-06-04T03:27:01.660+0000] {dag.py:4180} INFO - Setting next_dagrun for dag_run_java_jar to 2024-10-01 00:00:00+00:00, run_after=2024-10-02 00:00:00+00:00
[2025-06-04T03:27:01.675+0000] {processor.py:208} INFO - Processing /opt/airflow/dags/Sesion5/DAG_Ejecucion_JAR.py took 0.078 seconds
[2025-06-04T03:27:31.821+0000] {processor.py:186} INFO - Started process (PID=32238) to work on /opt/airflow/dags/Sesion5/DAG_Ejecucion_JAR.py
[2025-06-04T03:27:31.822+0000] {processor.py:914} INFO - Processing file /opt/airflow/dags/Sesion5/DAG_Ejecucion_JAR.py for tasks to queue
[2025-06-04T03:27:31.823+0000] {logging_mixin.py:190} INFO - [2025-06-04T03:27:31.823+0000] {dagbag.py:588} INFO - Filling up the DagBag from /opt/airflow/dags/Sesion5/DAG_Ejecucion_JAR.py
[2025-06-04T03:27:31.830+0000] {processor.py:925} INFO - DAG(s) 'dag_run_java_jar' retrieved from /opt/airflow/dags/Sesion5/DAG_Ejecucion_JAR.py
[2025-06-04T03:27:31.848+0000] {logging_mixin.py:190} INFO - [2025-06-04T03:27:31.848+0000] {dag.py:3239} INFO - Sync 1 DAGs
[2025-06-04T03:27:31.870+0000] {logging_mixin.py:190} INFO - [2025-06-04T03:27:31.870+0000] {dag.py:4180} INFO - Setting next_dagrun for dag_run_java_jar to 2024-10-01 00:00:00+00:00, run_after=2024-10-02 00:00:00+00:00
[2025-06-04T03:27:31.884+0000] {processor.py:208} INFO - Processing /opt/airflow/dags/Sesion5/DAG_Ejecucion_JAR.py took 0.068 seconds
[2025-06-04T03:28:02.075+0000] {processor.py:186} INFO - Started process (PID=32353) to work on /opt/airflow/dags/Sesion5/DAG_Ejecucion_JAR.py
[2025-06-04T03:28:02.075+0000] {processor.py:914} INFO - Processing file /opt/airflow/dags/Sesion5/DAG_Ejecucion_JAR.py for tasks to queue
[2025-06-04T03:28:02.077+0000] {logging_mixin.py:190} INFO - [2025-06-04T03:28:02.076+0000] {dagbag.py:588} INFO - Filling up the DagBag from /opt/airflow/dags/Sesion5/DAG_Ejecucion_JAR.py
[2025-06-04T03:28:02.083+0000] {processor.py:925} INFO - DAG(s) 'dag_run_java_jar' retrieved from /opt/airflow/dags/Sesion5/DAG_Ejecucion_JAR.py
[2025-06-04T03:28:02.101+0000] {logging_mixin.py:190} INFO - [2025-06-04T03:28:02.101+0000] {dag.py:3239} INFO - Sync 1 DAGs
[2025-06-04T03:28:02.120+0000] {logging_mixin.py:190} INFO - [2025-06-04T03:28:02.120+0000] {dag.py:4180} INFO - Setting next_dagrun for dag_run_java_jar to 2024-10-01 00:00:00+00:00, run_after=2024-10-02 00:00:00+00:00
[2025-06-04T03:28:02.134+0000] {processor.py:208} INFO - Processing /opt/airflow/dags/Sesion5/DAG_Ejecucion_JAR.py took 0.064 seconds
[2025-06-04T03:28:32.400+0000] {processor.py:186} INFO - Started process (PID=32468) to work on /opt/airflow/dags/Sesion5/DAG_Ejecucion_JAR.py
[2025-06-04T03:28:32.401+0000] {processor.py:914} INFO - Processing file /opt/airflow/dags/Sesion5/DAG_Ejecucion_JAR.py for tasks to queue
[2025-06-04T03:28:32.402+0000] {logging_mixin.py:190} INFO - [2025-06-04T03:28:32.402+0000] {dagbag.py:588} INFO - Filling up the DagBag from /opt/airflow/dags/Sesion5/DAG_Ejecucion_JAR.py
[2025-06-04T03:28:32.409+0000] {processor.py:925} INFO - DAG(s) 'dag_run_java_jar' retrieved from /opt/airflow/dags/Sesion5/DAG_Ejecucion_JAR.py
[2025-06-04T03:28:32.426+0000] {logging_mixin.py:190} INFO - [2025-06-04T03:28:32.426+0000] {dag.py:3239} INFO - Sync 1 DAGs
[2025-06-04T03:28:32.446+0000] {logging_mixin.py:190} INFO - [2025-06-04T03:28:32.446+0000] {dag.py:4180} INFO - Setting next_dagrun for dag_run_java_jar to 2024-10-01 00:00:00+00:00, run_after=2024-10-02 00:00:00+00:00
[2025-06-04T03:28:32.461+0000] {processor.py:208} INFO - Processing /opt/airflow/dags/Sesion5/DAG_Ejecucion_JAR.py took 0.066 seconds
[2025-06-04T03:29:02.730+0000] {processor.py:186} INFO - Started process (PID=32583) to work on /opt/airflow/dags/Sesion5/DAG_Ejecucion_JAR.py
[2025-06-04T03:29:02.731+0000] {processor.py:914} INFO - Processing file /opt/airflow/dags/Sesion5/DAG_Ejecucion_JAR.py for tasks to queue
[2025-06-04T03:29:02.732+0000] {logging_mixin.py:190} INFO - [2025-06-04T03:29:02.731+0000] {dagbag.py:588} INFO - Filling up the DagBag from /opt/airflow/dags/Sesion5/DAG_Ejecucion_JAR.py
[2025-06-04T03:29:02.739+0000] {processor.py:925} INFO - DAG(s) 'dag_run_java_jar' retrieved from /opt/airflow/dags/Sesion5/DAG_Ejecucion_JAR.py
[2025-06-04T03:29:02.757+0000] {logging_mixin.py:190} INFO - [2025-06-04T03:29:02.757+0000] {dag.py:3239} INFO - Sync 1 DAGs
[2025-06-04T03:29:02.777+0000] {logging_mixin.py:190} INFO - [2025-06-04T03:29:02.777+0000] {dag.py:4180} INFO - Setting next_dagrun for dag_run_java_jar to 2024-10-01 00:00:00+00:00, run_after=2024-10-02 00:00:00+00:00
[2025-06-04T03:29:02.792+0000] {processor.py:208} INFO - Processing /opt/airflow/dags/Sesion5/DAG_Ejecucion_JAR.py took 0.068 seconds
[2025-06-04T03:29:33.448+0000] {processor.py:186} INFO - Started process (PID=32698) to work on /opt/airflow/dags/Sesion5/DAG_Ejecucion_JAR.py
[2025-06-04T03:29:33.449+0000] {processor.py:914} INFO - Processing file /opt/airflow/dags/Sesion5/DAG_Ejecucion_JAR.py for tasks to queue
[2025-06-04T03:29:33.450+0000] {logging_mixin.py:190} INFO - [2025-06-04T03:29:33.449+0000] {dagbag.py:588} INFO - Filling up the DagBag from /opt/airflow/dags/Sesion5/DAG_Ejecucion_JAR.py
[2025-06-04T03:29:33.457+0000] {processor.py:925} INFO - DAG(s) 'dag_run_java_jar' retrieved from /opt/airflow/dags/Sesion5/DAG_Ejecucion_JAR.py
[2025-06-04T03:29:33.474+0000] {logging_mixin.py:190} INFO - [2025-06-04T03:29:33.474+0000] {dag.py:3239} INFO - Sync 1 DAGs
[2025-06-04T03:29:33.495+0000] {logging_mixin.py:190} INFO - [2025-06-04T03:29:33.495+0000] {dag.py:4180} INFO - Setting next_dagrun for dag_run_java_jar to 2024-10-01 00:00:00+00:00, run_after=2024-10-02 00:00:00+00:00
[2025-06-04T03:29:33.509+0000] {processor.py:208} INFO - Processing /opt/airflow/dags/Sesion5/DAG_Ejecucion_JAR.py took 0.067 seconds
[2025-06-04T03:30:03.814+0000] {processor.py:186} INFO - Started process (PID=32813) to work on /opt/airflow/dags/Sesion5/DAG_Ejecucion_JAR.py
[2025-06-04T03:30:03.815+0000] {processor.py:914} INFO - Processing file /opt/airflow/dags/Sesion5/DAG_Ejecucion_JAR.py for tasks to queue
[2025-06-04T03:30:03.816+0000] {logging_mixin.py:190} INFO - [2025-06-04T03:30:03.816+0000] {dagbag.py:588} INFO - Filling up the DagBag from /opt/airflow/dags/Sesion5/DAG_Ejecucion_JAR.py
[2025-06-04T03:30:03.824+0000] {processor.py:925} INFO - DAG(s) 'dag_run_java_jar' retrieved from /opt/airflow/dags/Sesion5/DAG_Ejecucion_JAR.py
[2025-06-04T03:30:03.841+0000] {logging_mixin.py:190} INFO - [2025-06-04T03:30:03.841+0000] {dag.py:3239} INFO - Sync 1 DAGs
[2025-06-04T03:30:03.862+0000] {logging_mixin.py:190} INFO - [2025-06-04T03:30:03.862+0000] {dag.py:4180} INFO - Setting next_dagrun for dag_run_java_jar to 2024-10-01 00:00:00+00:00, run_after=2024-10-02 00:00:00+00:00
[2025-06-04T03:30:03.876+0000] {processor.py:208} INFO - Processing /opt/airflow/dags/Sesion5/DAG_Ejecucion_JAR.py took 0.067 seconds
[2025-06-04T03:30:34.299+0000] {processor.py:186} INFO - Started process (PID=32928) to work on /opt/airflow/dags/Sesion5/DAG_Ejecucion_JAR.py
[2025-06-04T03:30:34.300+0000] {processor.py:914} INFO - Processing file /opt/airflow/dags/Sesion5/DAG_Ejecucion_JAR.py for tasks to queue
[2025-06-04T03:30:34.301+0000] {logging_mixin.py:190} INFO - [2025-06-04T03:30:34.301+0000] {dagbag.py:588} INFO - Filling up the DagBag from /opt/airflow/dags/Sesion5/DAG_Ejecucion_JAR.py
[2025-06-04T03:30:34.308+0000] {processor.py:925} INFO - DAG(s) 'dag_run_java_jar' retrieved from /opt/airflow/dags/Sesion5/DAG_Ejecucion_JAR.py
[2025-06-04T03:30:34.325+0000] {logging_mixin.py:190} INFO - [2025-06-04T03:30:34.325+0000] {dag.py:3239} INFO - Sync 1 DAGs
[2025-06-04T03:30:34.347+0000] {logging_mixin.py:190} INFO - [2025-06-04T03:30:34.347+0000] {dag.py:4180} INFO - Setting next_dagrun for dag_run_java_jar to 2024-10-01 00:00:00+00:00, run_after=2024-10-02 00:00:00+00:00
[2025-06-04T03:30:34.361+0000] {processor.py:208} INFO - Processing /opt/airflow/dags/Sesion5/DAG_Ejecucion_JAR.py took 0.067 seconds
[2025-06-04T03:31:04.970+0000] {processor.py:186} INFO - Started process (PID=33043) to work on /opt/airflow/dags/Sesion5/DAG_Ejecucion_JAR.py
[2025-06-04T03:31:04.971+0000] {processor.py:914} INFO - Processing file /opt/airflow/dags/Sesion5/DAG_Ejecucion_JAR.py for tasks to queue
[2025-06-04T03:31:04.972+0000] {logging_mixin.py:190} INFO - [2025-06-04T03:31:04.972+0000] {dagbag.py:588} INFO - Filling up the DagBag from /opt/airflow/dags/Sesion5/DAG_Ejecucion_JAR.py
[2025-06-04T03:31:04.979+0000] {processor.py:925} INFO - DAG(s) 'dag_run_java_jar' retrieved from /opt/airflow/dags/Sesion5/DAG_Ejecucion_JAR.py
[2025-06-04T03:31:04.997+0000] {logging_mixin.py:190} INFO - [2025-06-04T03:31:04.996+0000] {dag.py:3239} INFO - Sync 1 DAGs
[2025-06-04T03:31:05.017+0000] {logging_mixin.py:190} INFO - [2025-06-04T03:31:05.017+0000] {dag.py:4180} INFO - Setting next_dagrun for dag_run_java_jar to 2024-10-01 00:00:00+00:00, run_after=2024-10-02 00:00:00+00:00
[2025-06-04T03:31:05.032+0000] {processor.py:208} INFO - Processing /opt/airflow/dags/Sesion5/DAG_Ejecucion_JAR.py took 0.066 seconds
[2025-06-04T03:31:35.859+0000] {processor.py:186} INFO - Started process (PID=33158) to work on /opt/airflow/dags/Sesion5/DAG_Ejecucion_JAR.py
[2025-06-04T03:31:35.859+0000] {processor.py:914} INFO - Processing file /opt/airflow/dags/Sesion5/DAG_Ejecucion_JAR.py for tasks to queue
[2025-06-04T03:31:35.860+0000] {logging_mixin.py:190} INFO - [2025-06-04T03:31:35.860+0000] {dagbag.py:588} INFO - Filling up the DagBag from /opt/airflow/dags/Sesion5/DAG_Ejecucion_JAR.py
[2025-06-04T03:31:35.867+0000] {processor.py:925} INFO - DAG(s) 'dag_run_java_jar' retrieved from /opt/airflow/dags/Sesion5/DAG_Ejecucion_JAR.py
[2025-06-04T03:31:35.885+0000] {logging_mixin.py:190} INFO - [2025-06-04T03:31:35.885+0000] {dag.py:3239} INFO - Sync 1 DAGs
[2025-06-04T03:31:35.908+0000] {logging_mixin.py:190} INFO - [2025-06-04T03:31:35.908+0000] {dag.py:4180} INFO - Setting next_dagrun for dag_run_java_jar to 2024-10-01 00:00:00+00:00, run_after=2024-10-02 00:00:00+00:00
[2025-06-04T03:31:35.922+0000] {processor.py:208} INFO - Processing /opt/airflow/dags/Sesion5/DAG_Ejecucion_JAR.py took 0.068 seconds
[2025-06-04T03:32:06.498+0000] {processor.py:186} INFO - Started process (PID=33273) to work on /opt/airflow/dags/Sesion5/DAG_Ejecucion_JAR.py
[2025-06-04T03:32:06.499+0000] {processor.py:914} INFO - Processing file /opt/airflow/dags/Sesion5/DAG_Ejecucion_JAR.py for tasks to queue
[2025-06-04T03:32:06.500+0000] {logging_mixin.py:190} INFO - [2025-06-04T03:32:06.500+0000] {dagbag.py:588} INFO - Filling up the DagBag from /opt/airflow/dags/Sesion5/DAG_Ejecucion_JAR.py
[2025-06-04T03:32:06.507+0000] {processor.py:925} INFO - DAG(s) 'dag_run_java_jar' retrieved from /opt/airflow/dags/Sesion5/DAG_Ejecucion_JAR.py
[2025-06-04T03:32:06.525+0000] {logging_mixin.py:190} INFO - [2025-06-04T03:32:06.525+0000] {dag.py:3239} INFO - Sync 1 DAGs
[2025-06-04T03:32:06.545+0000] {logging_mixin.py:190} INFO - [2025-06-04T03:32:06.545+0000] {dag.py:4180} INFO - Setting next_dagrun for dag_run_java_jar to 2024-10-01 00:00:00+00:00, run_after=2024-10-02 00:00:00+00:00
[2025-06-04T03:32:06.559+0000] {processor.py:208} INFO - Processing /opt/airflow/dags/Sesion5/DAG_Ejecucion_JAR.py took 0.066 seconds
[2025-06-04T03:32:37.352+0000] {processor.py:186} INFO - Started process (PID=33388) to work on /opt/airflow/dags/Sesion5/DAG_Ejecucion_JAR.py
[2025-06-04T03:32:37.353+0000] {processor.py:914} INFO - Processing file /opt/airflow/dags/Sesion5/DAG_Ejecucion_JAR.py for tasks to queue
[2025-06-04T03:32:37.354+0000] {logging_mixin.py:190} INFO - [2025-06-04T03:32:37.354+0000] {dagbag.py:588} INFO - Filling up the DagBag from /opt/airflow/dags/Sesion5/DAG_Ejecucion_JAR.py
[2025-06-04T03:32:37.361+0000] {processor.py:925} INFO - DAG(s) 'dag_run_java_jar' retrieved from /opt/airflow/dags/Sesion5/DAG_Ejecucion_JAR.py
[2025-06-04T03:32:37.377+0000] {logging_mixin.py:190} INFO - [2025-06-04T03:32:37.377+0000] {dag.py:3239} INFO - Sync 1 DAGs
[2025-06-04T03:32:37.397+0000] {logging_mixin.py:190} INFO - [2025-06-04T03:32:37.397+0000] {dag.py:4180} INFO - Setting next_dagrun for dag_run_java_jar to 2024-10-01 00:00:00+00:00, run_after=2024-10-02 00:00:00+00:00
[2025-06-04T03:32:37.411+0000] {processor.py:208} INFO - Processing /opt/airflow/dags/Sesion5/DAG_Ejecucion_JAR.py took 0.064 seconds
[2025-06-04T03:33:08.177+0000] {processor.py:186} INFO - Started process (PID=33503) to work on /opt/airflow/dags/Sesion5/DAG_Ejecucion_JAR.py
[2025-06-04T03:33:08.178+0000] {processor.py:914} INFO - Processing file /opt/airflow/dags/Sesion5/DAG_Ejecucion_JAR.py for tasks to queue
[2025-06-04T03:33:08.179+0000] {logging_mixin.py:190} INFO - [2025-06-04T03:33:08.179+0000] {dagbag.py:588} INFO - Filling up the DagBag from /opt/airflow/dags/Sesion5/DAG_Ejecucion_JAR.py
[2025-06-04T03:33:08.186+0000] {processor.py:925} INFO - DAG(s) 'dag_run_java_jar' retrieved from /opt/airflow/dags/Sesion5/DAG_Ejecucion_JAR.py
[2025-06-04T03:33:08.203+0000] {logging_mixin.py:190} INFO - [2025-06-04T03:33:08.203+0000] {dag.py:3239} INFO - Sync 1 DAGs
[2025-06-04T03:33:08.223+0000] {logging_mixin.py:190} INFO - [2025-06-04T03:33:08.222+0000] {dag.py:4180} INFO - Setting next_dagrun for dag_run_java_jar to 2024-10-01 00:00:00+00:00, run_after=2024-10-02 00:00:00+00:00
[2025-06-04T03:33:08.238+0000] {processor.py:208} INFO - Processing /opt/airflow/dags/Sesion5/DAG_Ejecucion_JAR.py took 0.066 seconds
[2025-06-04T03:33:38.781+0000] {processor.py:186} INFO - Started process (PID=33618) to work on /opt/airflow/dags/Sesion5/DAG_Ejecucion_JAR.py
[2025-06-04T03:33:38.782+0000] {processor.py:914} INFO - Processing file /opt/airflow/dags/Sesion5/DAG_Ejecucion_JAR.py for tasks to queue
[2025-06-04T03:33:38.783+0000] {logging_mixin.py:190} INFO - [2025-06-04T03:33:38.783+0000] {dagbag.py:588} INFO - Filling up the DagBag from /opt/airflow/dags/Sesion5/DAG_Ejecucion_JAR.py
[2025-06-04T03:33:38.790+0000] {processor.py:925} INFO - DAG(s) 'dag_run_java_jar' retrieved from /opt/airflow/dags/Sesion5/DAG_Ejecucion_JAR.py
[2025-06-04T03:33:38.808+0000] {logging_mixin.py:190} INFO - [2025-06-04T03:33:38.808+0000] {dag.py:3239} INFO - Sync 1 DAGs
[2025-06-04T03:33:38.828+0000] {logging_mixin.py:190} INFO - [2025-06-04T03:33:38.828+0000] {dag.py:4180} INFO - Setting next_dagrun for dag_run_java_jar to 2024-10-01 00:00:00+00:00, run_after=2024-10-02 00:00:00+00:00
[2025-06-04T03:33:38.842+0000] {processor.py:208} INFO - Processing /opt/airflow/dags/Sesion5/DAG_Ejecucion_JAR.py took 0.066 seconds
[2025-06-04T03:34:09.358+0000] {processor.py:186} INFO - Started process (PID=33733) to work on /opt/airflow/dags/Sesion5/DAG_Ejecucion_JAR.py
[2025-06-04T03:34:09.359+0000] {processor.py:914} INFO - Processing file /opt/airflow/dags/Sesion5/DAG_Ejecucion_JAR.py for tasks to queue
[2025-06-04T03:34:09.360+0000] {logging_mixin.py:190} INFO - [2025-06-04T03:34:09.360+0000] {dagbag.py:588} INFO - Filling up the DagBag from /opt/airflow/dags/Sesion5/DAG_Ejecucion_JAR.py
[2025-06-04T03:34:09.367+0000] {processor.py:925} INFO - DAG(s) 'dag_run_java_jar' retrieved from /opt/airflow/dags/Sesion5/DAG_Ejecucion_JAR.py
[2025-06-04T03:34:09.385+0000] {logging_mixin.py:190} INFO - [2025-06-04T03:34:09.384+0000] {dag.py:3239} INFO - Sync 1 DAGs
[2025-06-04T03:34:09.406+0000] {logging_mixin.py:190} INFO - [2025-06-04T03:34:09.405+0000] {dag.py:4180} INFO - Setting next_dagrun for dag_run_java_jar to 2024-10-01 00:00:00+00:00, run_after=2024-10-02 00:00:00+00:00
[2025-06-04T03:34:09.420+0000] {processor.py:208} INFO - Processing /opt/airflow/dags/Sesion5/DAG_Ejecucion_JAR.py took 0.067 seconds
[2025-06-04T03:34:40.015+0000] {processor.py:186} INFO - Started process (PID=33848) to work on /opt/airflow/dags/Sesion5/DAG_Ejecucion_JAR.py
[2025-06-04T03:34:40.016+0000] {processor.py:914} INFO - Processing file /opt/airflow/dags/Sesion5/DAG_Ejecucion_JAR.py for tasks to queue
[2025-06-04T03:34:40.017+0000] {logging_mixin.py:190} INFO - [2025-06-04T03:34:40.017+0000] {dagbag.py:588} INFO - Filling up the DagBag from /opt/airflow/dags/Sesion5/DAG_Ejecucion_JAR.py
[2025-06-04T03:34:40.024+0000] {processor.py:925} INFO - DAG(s) 'dag_run_java_jar' retrieved from /opt/airflow/dags/Sesion5/DAG_Ejecucion_JAR.py
[2025-06-04T03:34:40.042+0000] {logging_mixin.py:190} INFO - [2025-06-04T03:34:40.041+0000] {dag.py:3239} INFO - Sync 1 DAGs
[2025-06-04T03:34:40.063+0000] {logging_mixin.py:190} INFO - [2025-06-04T03:34:40.062+0000] {dag.py:4180} INFO - Setting next_dagrun for dag_run_java_jar to 2024-10-01 00:00:00+00:00, run_after=2024-10-02 00:00:00+00:00
[2025-06-04T03:34:40.091+0000] {processor.py:208} INFO - Processing /opt/airflow/dags/Sesion5/DAG_Ejecucion_JAR.py took 0.082 seconds
[2025-06-04T03:35:10.778+0000] {processor.py:186} INFO - Started process (PID=33963) to work on /opt/airflow/dags/Sesion5/DAG_Ejecucion_JAR.py
[2025-06-04T03:35:10.779+0000] {processor.py:914} INFO - Processing file /opt/airflow/dags/Sesion5/DAG_Ejecucion_JAR.py for tasks to queue
[2025-06-04T03:35:10.781+0000] {logging_mixin.py:190} INFO - [2025-06-04T03:35:10.780+0000] {dagbag.py:588} INFO - Filling up the DagBag from /opt/airflow/dags/Sesion5/DAG_Ejecucion_JAR.py
[2025-06-04T03:35:10.790+0000] {processor.py:925} INFO - DAG(s) 'dag_run_java_jar' retrieved from /opt/airflow/dags/Sesion5/DAG_Ejecucion_JAR.py
[2025-06-04T03:35:10.822+0000] {logging_mixin.py:190} INFO - [2025-06-04T03:35:10.822+0000] {dag.py:3239} INFO - Sync 1 DAGs
[2025-06-04T03:35:10.859+0000] {logging_mixin.py:190} INFO - [2025-06-04T03:35:10.858+0000] {dag.py:4180} INFO - Setting next_dagrun for dag_run_java_jar to 2024-10-01 00:00:00+00:00, run_after=2024-10-02 00:00:00+00:00
[2025-06-04T03:35:10.877+0000] {processor.py:208} INFO - Processing /opt/airflow/dags/Sesion5/DAG_Ejecucion_JAR.py took 0.106 seconds
[2025-06-04T03:35:41.479+0000] {processor.py:186} INFO - Started process (PID=34078) to work on /opt/airflow/dags/Sesion5/DAG_Ejecucion_JAR.py
[2025-06-04T03:35:41.480+0000] {processor.py:914} INFO - Processing file /opt/airflow/dags/Sesion5/DAG_Ejecucion_JAR.py for tasks to queue
[2025-06-04T03:35:41.481+0000] {logging_mixin.py:190} INFO - [2025-06-04T03:35:41.481+0000] {dagbag.py:588} INFO - Filling up the DagBag from /opt/airflow/dags/Sesion5/DAG_Ejecucion_JAR.py
[2025-06-04T03:35:41.488+0000] {processor.py:925} INFO - DAG(s) 'dag_run_java_jar' retrieved from /opt/airflow/dags/Sesion5/DAG_Ejecucion_JAR.py
[2025-06-04T03:35:41.505+0000] {logging_mixin.py:190} INFO - [2025-06-04T03:35:41.505+0000] {dag.py:3239} INFO - Sync 1 DAGs
[2025-06-04T03:35:41.526+0000] {logging_mixin.py:190} INFO - [2025-06-04T03:35:41.526+0000] {dag.py:4180} INFO - Setting next_dagrun for dag_run_java_jar to 2024-10-01 00:00:00+00:00, run_after=2024-10-02 00:00:00+00:00
[2025-06-04T03:35:41.540+0000] {processor.py:208} INFO - Processing /opt/airflow/dags/Sesion5/DAG_Ejecucion_JAR.py took 0.066 seconds
[2025-06-04T03:36:12.149+0000] {processor.py:186} INFO - Started process (PID=34193) to work on /opt/airflow/dags/Sesion5/DAG_Ejecucion_JAR.py
[2025-06-04T03:36:12.149+0000] {processor.py:914} INFO - Processing file /opt/airflow/dags/Sesion5/DAG_Ejecucion_JAR.py for tasks to queue
[2025-06-04T03:36:12.150+0000] {logging_mixin.py:190} INFO - [2025-06-04T03:36:12.150+0000] {dagbag.py:588} INFO - Filling up the DagBag from /opt/airflow/dags/Sesion5/DAG_Ejecucion_JAR.py
[2025-06-04T03:36:12.157+0000] {processor.py:925} INFO - DAG(s) 'dag_run_java_jar' retrieved from /opt/airflow/dags/Sesion5/DAG_Ejecucion_JAR.py
[2025-06-04T03:36:12.174+0000] {logging_mixin.py:190} INFO - [2025-06-04T03:36:12.173+0000] {dag.py:3239} INFO - Sync 1 DAGs
[2025-06-04T03:36:12.193+0000] {logging_mixin.py:190} INFO - [2025-06-04T03:36:12.193+0000] {dag.py:4180} INFO - Setting next_dagrun for dag_run_java_jar to 2024-10-01 00:00:00+00:00, run_after=2024-10-02 00:00:00+00:00
[2025-06-04T03:36:12.208+0000] {processor.py:208} INFO - Processing /opt/airflow/dags/Sesion5/DAG_Ejecucion_JAR.py took 0.065 seconds
[2025-06-04T03:36:42.363+0000] {processor.py:186} INFO - Started process (PID=34308) to work on /opt/airflow/dags/Sesion5/DAG_Ejecucion_JAR.py
[2025-06-04T03:36:42.364+0000] {processor.py:914} INFO - Processing file /opt/airflow/dags/Sesion5/DAG_Ejecucion_JAR.py for tasks to queue
[2025-06-04T03:36:42.365+0000] {logging_mixin.py:190} INFO - [2025-06-04T03:36:42.364+0000] {dagbag.py:588} INFO - Filling up the DagBag from /opt/airflow/dags/Sesion5/DAG_Ejecucion_JAR.py
[2025-06-04T03:36:42.372+0000] {processor.py:925} INFO - DAG(s) 'dag_run_java_jar' retrieved from /opt/airflow/dags/Sesion5/DAG_Ejecucion_JAR.py
[2025-06-04T03:36:42.389+0000] {logging_mixin.py:190} INFO - [2025-06-04T03:36:42.389+0000] {dag.py:3239} INFO - Sync 1 DAGs
[2025-06-04T03:36:42.411+0000] {logging_mixin.py:190} INFO - [2025-06-04T03:36:42.410+0000] {dag.py:4180} INFO - Setting next_dagrun for dag_run_java_jar to 2024-10-01 00:00:00+00:00, run_after=2024-10-02 00:00:00+00:00
[2025-06-04T03:36:42.425+0000] {processor.py:208} INFO - Processing /opt/airflow/dags/Sesion5/DAG_Ejecucion_JAR.py took 0.068 seconds
[2025-06-04T03:37:12.547+0000] {processor.py:186} INFO - Started process (PID=34423) to work on /opt/airflow/dags/Sesion5/DAG_Ejecucion_JAR.py
[2025-06-04T03:37:12.547+0000] {processor.py:914} INFO - Processing file /opt/airflow/dags/Sesion5/DAG_Ejecucion_JAR.py for tasks to queue
[2025-06-04T03:37:12.548+0000] {logging_mixin.py:190} INFO - [2025-06-04T03:37:12.548+0000] {dagbag.py:588} INFO - Filling up the DagBag from /opt/airflow/dags/Sesion5/DAG_Ejecucion_JAR.py
[2025-06-04T03:37:12.555+0000] {processor.py:925} INFO - DAG(s) 'dag_run_java_jar' retrieved from /opt/airflow/dags/Sesion5/DAG_Ejecucion_JAR.py
[2025-06-04T03:37:12.576+0000] {logging_mixin.py:190} INFO - [2025-06-04T03:37:12.575+0000] {dag.py:3239} INFO - Sync 1 DAGs
[2025-06-04T03:37:12.599+0000] {logging_mixin.py:190} INFO - [2025-06-04T03:37:12.599+0000] {dag.py:4180} INFO - Setting next_dagrun for dag_run_java_jar to 2024-10-01 00:00:00+00:00, run_after=2024-10-02 00:00:00+00:00
[2025-06-04T03:37:12.613+0000] {processor.py:208} INFO - Processing /opt/airflow/dags/Sesion5/DAG_Ejecucion_JAR.py took 0.072 seconds
[2025-06-04T03:37:42.874+0000] {processor.py:186} INFO - Started process (PID=34538) to work on /opt/airflow/dags/Sesion5/DAG_Ejecucion_JAR.py
[2025-06-04T03:37:42.875+0000] {processor.py:914} INFO - Processing file /opt/airflow/dags/Sesion5/DAG_Ejecucion_JAR.py for tasks to queue
[2025-06-04T03:37:42.876+0000] {logging_mixin.py:190} INFO - [2025-06-04T03:37:42.875+0000] {dagbag.py:588} INFO - Filling up the DagBag from /opt/airflow/dags/Sesion5/DAG_Ejecucion_JAR.py
[2025-06-04T03:37:42.882+0000] {processor.py:925} INFO - DAG(s) 'dag_run_java_jar' retrieved from /opt/airflow/dags/Sesion5/DAG_Ejecucion_JAR.py
[2025-06-04T03:37:42.900+0000] {logging_mixin.py:190} INFO - [2025-06-04T03:37:42.899+0000] {dag.py:3239} INFO - Sync 1 DAGs
[2025-06-04T03:37:42.920+0000] {logging_mixin.py:190} INFO - [2025-06-04T03:37:42.920+0000] {dag.py:4180} INFO - Setting next_dagrun for dag_run_java_jar to 2024-10-01 00:00:00+00:00, run_after=2024-10-02 00:00:00+00:00
[2025-06-04T03:37:42.934+0000] {processor.py:208} INFO - Processing /opt/airflow/dags/Sesion5/DAG_Ejecucion_JAR.py took 0.066 seconds
[2025-06-04T03:38:13.017+0000] {processor.py:186} INFO - Started process (PID=34653) to work on /opt/airflow/dags/Sesion5/DAG_Ejecucion_JAR.py
[2025-06-04T03:38:13.018+0000] {processor.py:914} INFO - Processing file /opt/airflow/dags/Sesion5/DAG_Ejecucion_JAR.py for tasks to queue
[2025-06-04T03:38:13.019+0000] {logging_mixin.py:190} INFO - [2025-06-04T03:38:13.019+0000] {dagbag.py:588} INFO - Filling up the DagBag from /opt/airflow/dags/Sesion5/DAG_Ejecucion_JAR.py
[2025-06-04T03:38:13.026+0000] {processor.py:925} INFO - DAG(s) 'dag_run_java_jar' retrieved from /opt/airflow/dags/Sesion5/DAG_Ejecucion_JAR.py
[2025-06-04T03:38:13.042+0000] {logging_mixin.py:190} INFO - [2025-06-04T03:38:13.042+0000] {dag.py:3239} INFO - Sync 1 DAGs
[2025-06-04T03:38:13.062+0000] {logging_mixin.py:190} INFO - [2025-06-04T03:38:13.061+0000] {dag.py:4180} INFO - Setting next_dagrun for dag_run_java_jar to 2024-10-01 00:00:00+00:00, run_after=2024-10-02 00:00:00+00:00
[2025-06-04T03:38:13.076+0000] {processor.py:208} INFO - Processing /opt/airflow/dags/Sesion5/DAG_Ejecucion_JAR.py took 0.064 seconds
[2025-06-04T03:38:43.461+0000] {processor.py:186} INFO - Started process (PID=34768) to work on /opt/airflow/dags/Sesion5/DAG_Ejecucion_JAR.py
[2025-06-04T03:38:43.462+0000] {processor.py:914} INFO - Processing file /opt/airflow/dags/Sesion5/DAG_Ejecucion_JAR.py for tasks to queue
[2025-06-04T03:38:43.463+0000] {logging_mixin.py:190} INFO - [2025-06-04T03:38:43.463+0000] {dagbag.py:588} INFO - Filling up the DagBag from /opt/airflow/dags/Sesion5/DAG_Ejecucion_JAR.py
[2025-06-04T03:38:43.470+0000] {processor.py:925} INFO - DAG(s) 'dag_run_java_jar' retrieved from /opt/airflow/dags/Sesion5/DAG_Ejecucion_JAR.py
[2025-06-04T03:38:43.487+0000] {logging_mixin.py:190} INFO - [2025-06-04T03:38:43.486+0000] {dag.py:3239} INFO - Sync 1 DAGs
[2025-06-04T03:38:43.506+0000] {logging_mixin.py:190} INFO - [2025-06-04T03:38:43.506+0000] {dag.py:4180} INFO - Setting next_dagrun for dag_run_java_jar to 2024-10-01 00:00:00+00:00, run_after=2024-10-02 00:00:00+00:00
[2025-06-04T03:38:43.520+0000] {processor.py:208} INFO - Processing /opt/airflow/dags/Sesion5/DAG_Ejecucion_JAR.py took 0.064 seconds
[2025-06-04T03:39:14.126+0000] {processor.py:186} INFO - Started process (PID=34883) to work on /opt/airflow/dags/Sesion5/DAG_Ejecucion_JAR.py
[2025-06-04T03:39:14.127+0000] {processor.py:914} INFO - Processing file /opt/airflow/dags/Sesion5/DAG_Ejecucion_JAR.py for tasks to queue
[2025-06-04T03:39:14.129+0000] {logging_mixin.py:190} INFO - [2025-06-04T03:39:14.129+0000] {dagbag.py:588} INFO - Filling up the DagBag from /opt/airflow/dags/Sesion5/DAG_Ejecucion_JAR.py
[2025-06-04T03:39:14.140+0000] {processor.py:925} INFO - DAG(s) 'dag_run_java_jar' retrieved from /opt/airflow/dags/Sesion5/DAG_Ejecucion_JAR.py
[2025-06-04T03:39:14.165+0000] {logging_mixin.py:190} INFO - [2025-06-04T03:39:14.164+0000] {dag.py:3239} INFO - Sync 1 DAGs
[2025-06-04T03:39:14.197+0000] {logging_mixin.py:190} INFO - [2025-06-04T03:39:14.197+0000] {dag.py:4180} INFO - Setting next_dagrun for dag_run_java_jar to 2024-10-01 00:00:00+00:00, run_after=2024-10-02 00:00:00+00:00
[2025-06-04T03:39:14.222+0000] {processor.py:208} INFO - Processing /opt/airflow/dags/Sesion5/DAG_Ejecucion_JAR.py took 0.102 seconds
[2025-06-04T03:39:44.785+0000] {processor.py:186} INFO - Started process (PID=34998) to work on /opt/airflow/dags/Sesion5/DAG_Ejecucion_JAR.py
[2025-06-04T03:39:44.786+0000] {processor.py:914} INFO - Processing file /opt/airflow/dags/Sesion5/DAG_Ejecucion_JAR.py for tasks to queue
[2025-06-04T03:39:44.787+0000] {logging_mixin.py:190} INFO - [2025-06-04T03:39:44.787+0000] {dagbag.py:588} INFO - Filling up the DagBag from /opt/airflow/dags/Sesion5/DAG_Ejecucion_JAR.py
[2025-06-04T03:39:44.794+0000] {processor.py:925} INFO - DAG(s) 'dag_run_java_jar' retrieved from /opt/airflow/dags/Sesion5/DAG_Ejecucion_JAR.py
[2025-06-04T03:39:44.811+0000] {logging_mixin.py:190} INFO - [2025-06-04T03:39:44.811+0000] {dag.py:3239} INFO - Sync 1 DAGs
[2025-06-04T03:39:44.831+0000] {logging_mixin.py:190} INFO - [2025-06-04T03:39:44.831+0000] {dag.py:4180} INFO - Setting next_dagrun for dag_run_java_jar to 2024-10-01 00:00:00+00:00, run_after=2024-10-02 00:00:00+00:00
[2025-06-04T03:39:44.845+0000] {processor.py:208} INFO - Processing /opt/airflow/dags/Sesion5/DAG_Ejecucion_JAR.py took 0.065 seconds
[2025-06-04T03:40:15.458+0000] {processor.py:186} INFO - Started process (PID=35113) to work on /opt/airflow/dags/Sesion5/DAG_Ejecucion_JAR.py
[2025-06-04T03:40:15.459+0000] {processor.py:914} INFO - Processing file /opt/airflow/dags/Sesion5/DAG_Ejecucion_JAR.py for tasks to queue
[2025-06-04T03:40:15.460+0000] {logging_mixin.py:190} INFO - [2025-06-04T03:40:15.460+0000] {dagbag.py:588} INFO - Filling up the DagBag from /opt/airflow/dags/Sesion5/DAG_Ejecucion_JAR.py
[2025-06-04T03:40:15.467+0000] {processor.py:925} INFO - DAG(s) 'dag_run_java_jar' retrieved from /opt/airflow/dags/Sesion5/DAG_Ejecucion_JAR.py
[2025-06-04T03:40:15.484+0000] {logging_mixin.py:190} INFO - [2025-06-04T03:40:15.483+0000] {dag.py:3239} INFO - Sync 1 DAGs
[2025-06-04T03:40:15.505+0000] {logging_mixin.py:190} INFO - [2025-06-04T03:40:15.504+0000] {dag.py:4180} INFO - Setting next_dagrun for dag_run_java_jar to 2024-10-01 00:00:00+00:00, run_after=2024-10-02 00:00:00+00:00
[2025-06-04T03:40:15.521+0000] {processor.py:208} INFO - Processing /opt/airflow/dags/Sesion5/DAG_Ejecucion_JAR.py took 0.068 seconds
