[2025-06-04T00:33:05.559+0000] {local_task_job_runner.py:123} INFO - ::group::Pre task execution logs
[2025-06-04T00:33:05.574+0000] {taskinstance.py:2612} INFO - Dependencies all met for dep_context=non-requeueable deps ti=<TaskInstance: producer_dag_s5.produce_data_s5 manual__2025-06-04T00:33:05.222440+00:00 [queued]>
[2025-06-04T00:33:05.581+0000] {taskinstance.py:2612} INFO - Dependencies all met for dep_context=requeueable deps ti=<TaskInstance: producer_dag_s5.produce_data_s5 manual__2025-06-04T00:33:05.222440+00:00 [queued]>
[2025-06-04T00:33:05.582+0000] {taskinstance.py:2865} INFO - Starting attempt 1 of 1
[2025-06-04T00:33:05.594+0000] {taskinstance.py:2888} INFO - Executing <Task(PythonOperator): produce_data_s5> on 2025-06-04 00:33:05.222440+00:00
[2025-06-04T00:33:05.603+0000] {logging_mixin.py:190} WARNING - /home/***/.local/lib/python3.12/site-packages/***/task/task_runner/standard_task_runner.py:70 DeprecationWarning: This process (pid=2241) is multi-threaded, use of fork() may lead to deadlocks in the child.
[2025-06-04T00:33:05.604+0000] {standard_task_runner.py:72} INFO - Started process 2242 to run task
[2025-06-04T00:33:05.603+0000] {standard_task_runner.py:104} INFO - Running: ['***', 'tasks', 'run', 'producer_dag_s5', 'produce_data_s5', 'manual__2025-06-04T00:33:05.222440+00:00', '--job-id', '243', '--raw', '--subdir', 'DAGS_FOLDER/Sesion5/producer_dag_dataset.py', '--cfg-path', '/tmp/tmp1n1_gkx7']
[2025-06-04T00:33:05.606+0000] {standard_task_runner.py:105} INFO - Job 243: Subtask produce_data_s5
[2025-06-04T00:33:05.621+0000] {logging_mixin.py:190} WARNING - /home/***/.local/lib/python3.12/site-packages/***/settings.py:209 DeprecationWarning: The sql_alchemy_conn option in [core] has been moved to the sql_alchemy_conn option in [database] - the old setting has been used, but please update your config.
[2025-06-04T00:33:05.649+0000] {task_command.py:467} INFO - Running <TaskInstance: producer_dag_s5.produce_data_s5 manual__2025-06-04T00:33:05.222440+00:00 [running]> on host 31d54648d280
[2025-06-04T00:33:05.732+0000] {taskinstance.py:3131} INFO - Exporting env vars: AIRFLOW_CTX_DAG_OWNER='***' AIRFLOW_CTX_DAG_ID='producer_dag_s5' AIRFLOW_CTX_TASK_ID='produce_data_s5' AIRFLOW_CTX_EXECUTION_DATE='2025-06-04T00:33:05.222440+00:00' AIRFLOW_CTX_TRY_NUMBER='1' AIRFLOW_CTX_DAG_RUN_ID='manual__2025-06-04T00:33:05.222440+00:00'
[2025-06-04T00:33:05.734+0000] {taskinstance.py:731} INFO - ::endgroup::
[2025-06-04T00:33:05.753+0000] {producer_dag_dataset.py:12} INFO - Dataset producido desde producer_dag_s5.
[2025-06-04T00:33:05.754+0000] {python.py:240} INFO - Done. Returned value was: None
[2025-06-04T00:33:05.782+0000] {taskinstance.py:340} INFO - ::group::Post task execution logs
[2025-06-04T00:33:05.782+0000] {taskinstance.py:352} INFO - Marking task as SUCCESS. dag_id=producer_dag_s5, task_id=produce_data_s5, run_id=manual__2025-06-04T00:33:05.222440+00:00, execution_date=20250604T003305, start_date=20250604T003305, end_date=20250604T003305
[2025-06-04T00:33:05.821+0000] {local_task_job_runner.py:266} INFO - Task exited with return code 0
[2025-06-04T00:33:05.835+0000] {taskinstance.py:3900} INFO - 0 downstream tasks scheduled from follow-on schedule check
[2025-06-04T00:33:05.836+0000] {local_task_job_runner.py:245} INFO - ::endgroup::
